A!SUBCLASS!RECORD_TAG!REFDES!COMP_PACKAGE!COMP_PART_NUMBER!SYM_NAME!SYM_X!SYM_Y!SYM_ROTATE!SYM_MIRROR!GRAPHIC_DATA_NAME!GRAPHIC_DATA_1!GRAPHIC_DATA_2!GRAPHIC_DATA_3!GRAPHIC_DATA_4!GRAPHIC_DATA_5!GRAPHIC_DATA_6!GRAPHIC_DATA_7!GRAPHIC_DATA_8!GRAPHIC_DATA_9!GRAPHIC_DATA_10!PACKAGE_HEIGHT_MIN!PACKAGE_HEIGHT_MAX!SYM_HAS_PIN_EDIT!SYM_DFA_DEV_CLASS!COMP_PACKAGE_HEIGHT_MIN!COMP_PACKAGE_HEIGHT_MAX!EMBEDDED_STATUS!BOM_IGNORE!SYM_ZONE_NAME!PLACEMENT_LAYER!
J!C:/Users/useroot/DOCUMENTS/GITHUB/DOSTI/DEVELOPMENTPROJECTS/MPS V3/SCH&BRD/allegro/mps-3.brd!Sat Jan 20 23:21:02 2024!-4.2820!-4.2820!257.3472!180.7728!0.0001!millimeters!MPS-3!65.392126 mil!2!UP TO DATE!
S!ASSEMBLY_TOP!336 1!!!!!!!!!TEXT!124.4600!111.1250!0.000!NO!LEFT!1 0 0.6350 0.4064 0.000 0.1524 0.7874 0.0000!Molganov A.A, 24.12.2023!!!!!!!!!!!!!!
S!ASSEMBLY_TOP!337 1!!!!!!!!!TEXT!124.4600!109.2200!0.000!NO!LEFT!1 0 0.6350 0.4064 0.000 0.1524 0.7874 0.0000!DOSTI!!!!!!!!!!!!!!
S!ASSEMBLY_TOP!338 1!!!!!!!!!TEXT!104.1400!82.5500!0.000!NO!LEFT!1 0 0.6350 0.4064 0.000 0.1524 0.7874 0.0000!WorldSkills Kazakhstan!!!!!!!!!!!!!!
S!PLACE_BOUND_TOP!342 1!Q2!SOT96P237X111-3N!!SOT96P237X111-3N!162.5600!113.0300!0.000!NO!LINE!160.6350!114.8000!164.4850!114.8000!0.0500!!!!!NOTCONNECT!!!NO!!!!!!!!
S!PLACE_BOUND_TOP!343 1!Q2!SOT96P237X111-3N!!SOT96P237X111-3N!162.5600!113.0300!0.000!NO!LINE!164.4850!114.8000!164.4850!111.2600!0.0500!!!!!NOTCONNECT!!!NO!!!!!!!!
S!PLACE_BOUND_TOP!344 1!Q2!SOT96P237X111-3N!!SOT96P237X111-3N!162.5600!113.0300!0.000!NO!LINE!164.4850!111.2600!160.6350!111.2600!0.0500!!!!!NOTCONNECT!!!NO!!!!!!!!
S!PLACE_BOUND_TOP!345 1!Q2!SOT96P237X111-3N!!SOT96P237X111-3N!162.5600!113.0300!0.000!NO!LINE!160.6350!111.2600!160.6350!114.8000!0.0500!!!!!NOTCONNECT!!!NO!!!!!!!!
S!ASSEMBLY_TOP!346 1!Q2!SOT96P237X111-3N!!SOT96P237X111-3N!162.5600!113.0300!0.000!NO!LINE!161.9100!114.4900!163.2100!114.4900!0.1000!!!!!NOTCONNECT!!!NO!!!!!!!!
S!ASSEMBLY_TOP!347 1!Q2!SOT96P237X111-3N!!SOT96P237X111-3N!162.5600!113.0300!0.000!NO!LINE!163.2100!114.4900!163.2100!111.5700!0.1000!!!!!NOTCONNECT!!!NO!!!!!!!!
S!ASSEMBLY_TOP!348 1!Q2!SOT96P237X111-3N!!SOT96P237X111-3N!162.5600!113.0300!0.000!NO!LINE!163.2100!111.5700!161.9100!111.5700!0.1000!!!!!NOTCONNECT!!!NO!!!!!!!!
S!ASSEMBLY_TOP!349 1!Q2!SOT96P237X111-3N!!SOT96P237X111-3N!162.5600!113.0300!0.000!NO!LINE!161.9100!111.5700!161.9100!114.4900!0.1000!!!!!NOTCONNECT!!!NO!!!!!!!!
S!ASSEMBLY_TOP!350 1!Q2!SOT96P237X111-3N!!SOT96P237X111-3N!162.5600!113.0300!0.000!NO!LINE!161.9100!113.5350!162.8650!114.4900!0.1000!!!!!NOTCONNECT!!!NO!!!!!!!!
S!PLACE_BOUND_TOP!356 1!Q2!SOT96P237X111-3N!!SOT96P237X111-3N!162.5600!113.0300!0.000!NO!RECTANGLE!160.6100!111.2350!164.5100!114.8250!1!!!!!!!!NO!!!!!!!!
S!ASSEMBLY_TOP!358 1!Y1!ABS07!!ABS07!99.0600!100.3300!90.000!NO!LINE!99.5800!98.7300!99.5800!101.9300!0.2000!!!!!NOTCONNECT!!!NO!!!!!!!!
S!ASSEMBLY_TOP!359 1!Y1!ABS07!!ABS07!99.0600!100.3300!90.000!NO!LINE!99.5800!101.9300!101.0800!101.9300!0.2000!!!!!NOTCONNECT!!!NO!!!!!!!!
S!ASSEMBLY_TOP!360 1!Y1!ABS07!!ABS07!99.0600!100.3300!90.000!NO!LINE!101.0800!101.9300!101.0800!98.7300!0.2000!!!!!NOTCONNECT!!!NO!!!!!!!!
S!ASSEMBLY_TOP!361 1!Y1!ABS07!!ABS07!99.0600!100.3300!90.000!NO!LINE!101.0800!98.7300!99.5800!98.7300!0.2000!!!!!NOTCONNECT!!!NO!!!!!!!!
S!PLACE_BOUND_TOP!364 1 0!Y1!ABS07!!ABS07!99.0600!100.3300!90.000!NO!LINE!101.0100!97.5300!101.0100!103.1300!0.0000!!!!!SHAPE!!0.9 MM!NO!!!!!!!!
S!PLACE_BOUND_TOP!364 2 0!Y1!ABS07!!ABS07!99.0600!100.3300!90.000!NO!LINE!101.0100!103.1300!97.1100!103.1300!0.0000!!!!!SHAPE!!0.9 MM!NO!!!!!!!!
S!PLACE_BOUND_TOP!364 3 0!Y1!ABS07!!ABS07!99.0600!100.3300!90.000!NO!LINE!97.1100!103.1300!97.1100!97.5300!0.0000!!!!!SHAPE!!0.9 MM!NO!!!!!!!!
S!PLACE_BOUND_TOP!364 4 0!Y1!ABS07!!ABS07!99.0600!100.3300!90.000!NO!LINE!97.1100!97.5300!101.0100!97.5300!0.0000!!!!!SHAPE!!0.9 MM!NO!!!!!!!!
S!ASSEMBLY_TOP!367 1!S1!95C06A3RAT!!95C06A3RAT!114.3000!118.1100!0.000!NO!LINE!114.1000!119.6100!121.5000!119.6100!0.2000!!!!!NOTCONNECT!!!NO!!!!!!!!
S!ASSEMBLY_TOP!368 1!S1!95C06A3RAT!!95C06A3RAT!114.3000!118.1100!0.000!NO!LINE!121.5000!119.6100!121.5000!113.0600!0.2000!!!!!NOTCONNECT!!!NO!!!!!!!!
S!ASSEMBLY_TOP!369 1!S1!95C06A3RAT!!95C06A3RAT!114.3000!118.1100!0.000!NO!LINE!121.5000!113.0600!114.1000!113.0600!0.2000!!!!!NOTCONNECT!!!NO!!!!!!!!
S!ASSEMBLY_TOP!370 1!S1!95C06A3RAT!!95C06A3RAT!114.3000!118.1100!0.000!NO!LINE!114.1000!113.0600!114.1000!119.6100!0.2000!!!!!NOTCONNECT!!!NO!!!!!!!!
S!PLACE_BOUND_TOP!371 1!S1!95C06A3RAT!!95C06A3RAT!114.3000!118.1100!0.000!NO!LINE!111.7500!120.6100!123.0870!120.6100!0.1000!!!!!NOTCONNECT!!!NO!!!!!!!!
S!PLACE_BOUND_TOP!372 1!S1!95C06A3RAT!!95C06A3RAT!114.3000!118.1100!0.000!NO!LINE!123.0870!120.6100!123.0870!112.0600!0.1000!!!!!NOTCONNECT!!!NO!!!!!!!!
S!PLACE_BOUND_TOP!373 1!S1!95C06A3RAT!!95C06A3RAT!114.3000!118.1100!0.000!NO!LINE!123.0870!112.0600!111.7500!112.0600!0.1000!!!!!NOTCONNECT!!!NO!!!!!!!!
S!PLACE_BOUND_TOP!374 1!S1!95C06A3RAT!!95C06A3RAT!114.3000!118.1100!0.000!NO!LINE!111.7500!112.0600!111.7500!120.6100!0.1000!!!!!NOTCONNECT!!!NO!!!!!!!!
S!PLACE_BOUND_TOP!382 1!S1!95C06A3RAT!!95C06A3RAT!114.3000!118.1100!0.000!NO!RECTANGLE!111.7000!112.0100!123.1370!120.6600!1!!!!!!!!NO!!!!!!!!
S!PLACE_BOUND_TOP!384 1!R7!RESC3116X65N!!RESC3116X65N!151.1300!113.0300!0.000!NO!LINE!148.9050!114.1800!153.3550!114.1800!0.0500!!!!!NOTCONNECT!!!NO!!!!!!!!
S!PLACE_BOUND_TOP!385 1!R7!RESC3116X65N!!RESC3116X65N!151.1300!113.0300!0.000!NO!LINE!153.3550!114.1800!153.3550!111.8800!0.0500!!!!!NOTCONNECT!!!NO!!!!!!!!
S!PLACE_BOUND_TOP!386 1!R7!RESC3116X65N!!RESC3116X65N!151.1300!113.0300!0.000!NO!LINE!153.3550!111.8800!148.9050!111.8800!0.0500!!!!!NOTCONNECT!!!NO!!!!!!!!
S!PLACE_BOUND_TOP!387 1!R7!RESC3116X65N!!RESC3116X65N!151.1300!113.0300!0.000!NO!LINE!148.9050!111.8800!148.9050!114.1800!0.0500!!!!!NOTCONNECT!!!NO!!!!!!!!
S!ASSEMBLY_TOP!388 1!R7!RESC3116X65N!!RESC3116X65N!151.1300!113.0300!0.000!NO!LINE!149.5800!113.8180!152.6800!113.8180!0.1000!!!!!NOTCONNECT!!!NO!!!!!!!!
S!ASSEMBLY_TOP!389 1!R7!RESC3116X65N!!RESC3116X65N!151.1300!113.0300!0.000!NO!LINE!152.6800!113.8180!152.6800!112.2420!0.1000!!!!!NOTCONNECT!!!NO!!!!!!!!
S!ASSEMBLY_TOP!390 1!R7!RESC3116X65N!!RESC3116X65N!151.1300!113.0300!0.000!NO!LINE!152.6800!112.2420!149.5800!112.2420!0.1000!!!!!NOTCONNECT!!!NO!!!!!!!!
S!ASSEMBLY_TOP!391 1!R7!RESC3116X65N!!RESC3116X65N!151.1300!113.0300!0.000!NO!LINE!149.5800!112.2420!149.5800!113.8180!0.1000!!!!!NOTCONNECT!!!NO!!!!!!!!
S!PLACE_BOUND_TOP!393 1!R7!RESC3116X65N!!RESC3116X65N!151.1300!113.0300!0.000!NO!RECTANGLE!148.8800!111.8550!153.3800!114.2050!1!!!!!!!!NO!!!!!!!!
S!PLACE_BOUND_TOP!395 1!R6!RESC3116X65N!!RESC3116X65N!156.2100!113.0300!0.000!NO!LINE!153.9850!114.1800!158.4350!114.1800!0.0500!!!!!NOTCONNECT!!!NO!!!!!!!!
S!PLACE_BOUND_TOP!396 1!R6!RESC3116X65N!!RESC3116X65N!156.2100!113.0300!0.000!NO!LINE!158.4350!114.1800!158.4350!111.8800!0.0500!!!!!NOTCONNECT!!!NO!!!!!!!!
S!PLACE_BOUND_TOP!397 1!R6!RESC3116X65N!!RESC3116X65N!156.2100!113.0300!0.000!NO!LINE!158.4350!111.8800!153.9850!111.8800!0.0500!!!!!NOTCONNECT!!!NO!!!!!!!!
S!PLACE_BOUND_TOP!398 1!R6!RESC3116X65N!!RESC3116X65N!156.2100!113.0300!0.000!NO!LINE!153.9850!111.8800!153.9850!114.1800!0.0500!!!!!NOTCONNECT!!!NO!!!!!!!!
S!ASSEMBLY_TOP!399 1!R6!RESC3116X65N!!RESC3116X65N!156.2100!113.0300!0.000!NO!LINE!154.6600!113.8180!157.7600!113.8180!0.1000!!!!!NOTCONNECT!!!NO!!!!!!!!
S!ASSEMBLY_TOP!400 1!R6!RESC3116X65N!!RESC3116X65N!156.2100!113.0300!0.000!NO!LINE!157.7600!113.8180!157.7600!112.2420!0.1000!!!!!NOTCONNECT!!!NO!!!!!!!!
S!ASSEMBLY_TOP!401 1!R6!RESC3116X65N!!RESC3116X65N!156.2100!113.0300!0.000!NO!LINE!157.7600!112.2420!154.6600!112.2420!0.1000!!!!!NOTCONNECT!!!NO!!!!!!!!
S!ASSEMBLY_TOP!402 1!R6!RESC3116X65N!!RESC3116X65N!156.2100!113.0300!0.000!NO!LINE!154.6600!112.2420!154.6600!113.8180!0.1000!!!!!NOTCONNECT!!!NO!!!!!!!!
S!PLACE_BOUND_TOP!404 1!R6!RESC3116X65N!!RESC3116X65N!156.2100!113.0300!0.000!NO!RECTANGLE!153.9600!111.8550!158.4600!114.2050!1!!!!!!!!NO!!!!!!!!
S!PLACE_BOUND_TOP!406 1!R3!RESC3116X65N!!RESC3116X65N!144.7800!83.8200!0.000!NO!LINE!142.5550!84.9700!147.0050!84.9700!0.0500!!!!!NOTCONNECT!!!NO!!!!!!!!
S!PLACE_BOUND_TOP!407 1!R3!RESC3116X65N!!RESC3116X65N!144.7800!83.8200!0.000!NO!LINE!147.0050!84.9700!147.0050!82.6700!0.0500!!!!!NOTCONNECT!!!NO!!!!!!!!
S!PLACE_BOUND_TOP!408 1!R3!RESC3116X65N!!RESC3116X65N!144.7800!83.8200!0.000!NO!LINE!147.0050!82.6700!142.5550!82.6700!0.0500!!!!!NOTCONNECT!!!NO!!!!!!!!
S!PLACE_BOUND_TOP!409 1!R3!RESC3116X65N!!RESC3116X65N!144.7800!83.8200!0.000!NO!LINE!142.5550!82.6700!142.5550!84.9700!0.0500!!!!!NOTCONNECT!!!NO!!!!!!!!
S!ASSEMBLY_TOP!410 1!R3!RESC3116X65N!!RESC3116X65N!144.7800!83.8200!0.000!NO!LINE!143.2300!84.6080!146.3300!84.6080!0.1000!!!!!NOTCONNECT!!!NO!!!!!!!!
S!ASSEMBLY_TOP!411 1!R3!RESC3116X65N!!RESC3116X65N!144.7800!83.8200!0.000!NO!LINE!146.3300!84.6080!146.3300!83.0320!0.1000!!!!!NOTCONNECT!!!NO!!!!!!!!
S!ASSEMBLY_TOP!412 1!R3!RESC3116X65N!!RESC3116X65N!144.7800!83.8200!0.000!NO!LINE!146.3300!83.0320!143.2300!83.0320!0.1000!!!!!NOTCONNECT!!!NO!!!!!!!!
S!ASSEMBLY_TOP!413 1!R3!RESC3116X65N!!RESC3116X65N!144.7800!83.8200!0.000!NO!LINE!143.2300!83.0320!143.2300!84.6080!0.1000!!!!!NOTCONNECT!!!NO!!!!!!!!
S!PLACE_BOUND_TOP!415 1!R3!RESC3116X65N!!RESC3116X65N!144.7800!83.8200!0.000!NO!RECTANGLE!142.5300!82.6450!147.0300!84.9950!1!!!!!!!!NO!!!!!!!!
S!PLACE_BOUND_TOP!417 1!R2!RESC3116X65N!!RESC3116X65N!138.4300!83.8200!0.000!NO!LINE!136.2050!84.9700!140.6550!84.9700!0.0500!!!!!NOTCONNECT!!!NO!!!!!!!!
S!PLACE_BOUND_TOP!418 1!R2!RESC3116X65N!!RESC3116X65N!138.4300!83.8200!0.000!NO!LINE!140.6550!84.9700!140.6550!82.6700!0.0500!!!!!NOTCONNECT!!!NO!!!!!!!!
S!PLACE_BOUND_TOP!419 1!R2!RESC3116X65N!!RESC3116X65N!138.4300!83.8200!0.000!NO!LINE!140.6550!82.6700!136.2050!82.6700!0.0500!!!!!NOTCONNECT!!!NO!!!!!!!!
S!PLACE_BOUND_TOP!420 1!R2!RESC3116X65N!!RESC3116X65N!138.4300!83.8200!0.000!NO!LINE!136.2050!82.6700!136.2050!84.9700!0.0500!!!!!NOTCONNECT!!!NO!!!!!!!!
S!ASSEMBLY_TOP!421 1!R2!RESC3116X65N!!RESC3116X65N!138.4300!83.8200!0.000!NO!LINE!136.8800!84.6080!139.9800!84.6080!0.1000!!!!!NOTCONNECT!!!NO!!!!!!!!
S!ASSEMBLY_TOP!422 1!R2!RESC3116X65N!!RESC3116X65N!138.4300!83.8200!0.000!NO!LINE!139.9800!84.6080!139.9800!83.0320!0.1000!!!!!NOTCONNECT!!!NO!!!!!!!!
S!ASSEMBLY_TOP!423 1!R2!RESC3116X65N!!RESC3116X65N!138.4300!83.8200!0.000!NO!LINE!139.9800!83.0320!136.8800!83.0320!0.1000!!!!!NOTCONNECT!!!NO!!!!!!!!
S!ASSEMBLY_TOP!424 1!R2!RESC3116X65N!!RESC3116X65N!138.4300!83.8200!0.000!NO!LINE!136.8800!83.0320!136.8800!84.6080!0.1000!!!!!NOTCONNECT!!!NO!!!!!!!!
S!PLACE_BOUND_TOP!426 1!R2!RESC3116X65N!!RESC3116X65N!138.4300!83.8200!0.000!NO!RECTANGLE!136.1800!82.6450!140.6800!84.9950!1!!!!!!!!NO!!!!!!!!
S!PLACE_BOUND_TOP!428 1!R1!RESC3116X65N!!RESC3116X65N!109.2200!110.4900!180.000!NO!LINE!111.4450!109.3400!106.9950!109.3400!0.0500!!!!!NOTCONNECT!!!NO!!!!!!!!
S!PLACE_BOUND_TOP!429 1!R1!RESC3116X65N!!RESC3116X65N!109.2200!110.4900!180.000!NO!LINE!106.9950!109.3400!106.9950!111.6400!0.0500!!!!!NOTCONNECT!!!NO!!!!!!!!
S!PLACE_BOUND_TOP!430 1!R1!RESC3116X65N!!RESC3116X65N!109.2200!110.4900!180.000!NO!LINE!106.9950!111.6400!111.4450!111.6400!0.0500!!!!!NOTCONNECT!!!NO!!!!!!!!
S!PLACE_BOUND_TOP!431 1!R1!RESC3116X65N!!RESC3116X65N!109.2200!110.4900!180.000!NO!LINE!111.4450!111.6400!111.4450!109.3400!0.0500!!!!!NOTCONNECT!!!NO!!!!!!!!
S!ASSEMBLY_TOP!432 1!R1!RESC3116X65N!!RESC3116X65N!109.2200!110.4900!180.000!NO!LINE!110.7700!109.7020!107.6700!109.7020!0.1000!!!!!NOTCONNECT!!!NO!!!!!!!!
S!ASSEMBLY_TOP!433 1!R1!RESC3116X65N!!RESC3116X65N!109.2200!110.4900!180.000!NO!LINE!107.6700!109.7020!107.6700!111.2780!0.1000!!!!!NOTCONNECT!!!NO!!!!!!!!
S!ASSEMBLY_TOP!434 1!R1!RESC3116X65N!!RESC3116X65N!109.2200!110.4900!180.000!NO!LINE!107.6700!111.2780!110.7700!111.2780!0.1000!!!!!NOTCONNECT!!!NO!!!!!!!!
S!ASSEMBLY_TOP!435 1!R1!RESC3116X65N!!RESC3116X65N!109.2200!110.4900!180.000!NO!LINE!110.7700!111.2780!110.7700!109.7020!0.1000!!!!!NOTCONNECT!!!NO!!!!!!!!
S!ASSEMBLY_TOP!437 1!J8-J6!559172010!!559172010!137.1600!104.1400!0.000!NO!LINE!134.4600!105.9400!157.8600!105.9400!0.2000!!!!!NOTCONNECT!!!NO!!!!!!!!
S!ASSEMBLY_TOP!438 1!J8-J6!559172010!!559172010!137.1600!104.1400!0.000!NO!LINE!157.8600!105.9400!157.8600!94.4400!0.2000!!!!!NOTCONNECT!!!NO!!!!!!!!
S!ASSEMBLY_TOP!439 1!J8-J6!559172010!!559172010!137.1600!104.1400!0.000!NO!LINE!157.8600!94.4400!134.4600!94.4400!0.2000!!!!!NOTCONNECT!!!NO!!!!!!!!
S!ASSEMBLY_TOP!440 1!J8-J6!559172010!!559172010!137.1600!104.1400!0.000!NO!LINE!134.4600!94.4400!134.4600!105.9400!0.2000!!!!!NOTCONNECT!!!NO!!!!!!!!
S!PLACE_BOUND_TOP!441 1!J8-J6!559172010!!559172010!137.1600!104.1400!0.000!NO!LINE!133.4600!107.4400!158.8600!107.4400!0.1000!!!!!NOTCONNECT!!!NO!!!!!!!!
S!PLACE_BOUND_TOP!442 1!J8-J6!559172010!!559172010!137.1600!104.1400!0.000!NO!LINE!158.8600!107.4400!158.8600!93.4400!0.1000!!!!!NOTCONNECT!!!NO!!!!!!!!
S!PLACE_BOUND_TOP!443 1!J8-J6!559172010!!559172010!137.1600!104.1400!0.000!NO!LINE!158.8600!93.4400!133.4600!93.4400!0.1000!!!!!NOTCONNECT!!!NO!!!!!!!!
S!PLACE_BOUND_TOP!444 1!J8-J6!559172010!!559172010!137.1600!104.1400!0.000!NO!LINE!133.4600!93.4400!133.4600!107.4400!0.1000!!!!!NOTCONNECT!!!NO!!!!!!!!
S!PLACE_BOUND_TOP!451 1!J8-J6!559172010!!559172010!137.1600!104.1400!0.000!NO!RECTANGLE!133.4100!93.3900!158.9100!107.4900!1!!!!!!!!NO!!!!!!!!
S!PLACE_BOUND_TOP!453 1!J3&J4!HDRV16W87P0X254_1X16_4039X236X1170P!!HDRV16W87P0X254_1X16_4039X236X1170P!130.8100!120.6500!0.000!NO!LINE!129.2750!119.2200!129.2750!122.0800!0.0500!!!!!NOTCONNECT!!!NO!!!!!!!!
S!PLACE_BOUND_TOP!454 1!J3&J4!HDRV16W87P0X254_1X16_4039X236X1170P!!HDRV16W87P0X254_1X16_4039X236X1170P!130.8100!120.6500!0.000!NO!LINE!129.2750!122.0800!170.4450!122.0800!0.0500!!!!!NOTCONNECT!!!NO!!!!!!!!
S!PLACE_BOUND_TOP!455 1!J3&J4!HDRV16W87P0X254_1X16_4039X236X1170P!!HDRV16W87P0X254_1X16_4039X236X1170P!130.8100!120.6500!0.000!NO!LINE!170.4450!122.0800!170.4450!119.2200!0.0500!!!!!NOTCONNECT!!!NO!!!!!!!!
S!PLACE_BOUND_TOP!456 1!J3&J4!HDRV16W87P0X254_1X16_4039X236X1170P!!HDRV16W87P0X254_1X16_4039X236X1170P!130.8100!120.6500!0.000!NO!LINE!170.4450!119.2200!129.2750!119.2200!0.0500!!!!!NOTCONNECT!!!NO!!!!!!!!
S!ASSEMBLY_TOP!457 1!J3&J4!HDRV16W87P0X254_1X16_4039X236X1170P!!HDRV16W87P0X254_1X16_4039X236X1170P!130.8100!120.6500!0.000!NO!LINE!129.5250!119.4700!129.5250!121.8300!0.1000!!!!!NOTCONNECT!!!NO!!!!!!!!
S!ASSEMBLY_TOP!458 1!J3&J4!HDRV16W87P0X254_1X16_4039X236X1170P!!HDRV16W87P0X254_1X16_4039X236X1170P!130.8100!120.6500!0.000!NO!LINE!129.5250!121.8300!170.1950!121.8300!0.1000!!!!!NOTCONNECT!!!NO!!!!!!!!
S!ASSEMBLY_TOP!459 1!J3&J4!HDRV16W87P0X254_1X16_4039X236X1170P!!HDRV16W87P0X254_1X16_4039X236X1170P!130.8100!120.6500!0.000!NO!LINE!170.1950!121.8300!170.1950!119.4700!0.1000!!!!!NOTCONNECT!!!NO!!!!!!!!
S!ASSEMBLY_TOP!460 1!J3&J4!HDRV16W87P0X254_1X16_4039X236X1170P!!HDRV16W87P0X254_1X16_4039X236X1170P!130.8100!120.6500!0.000!NO!LINE!170.1950!119.4700!129.5250!119.4700!0.1000!!!!!NOTCONNECT!!!NO!!!!!!!!
S!PLACE_BOUND_TOP!465 1!J3&J4!HDRV16W87P0X254_1X16_4039X236X1170P!!HDRV16W87P0X254_1X16_4039X236X1170P!130.8100!120.6500!0.000!NO!RECTANGLE!129.2500!119.1950!170.4700!122.1050!1!!!!!!!!NO!!!!!!!!
S!ASSEMBLY_TOP!467 1!J10!UJCHPLG5MSMTTR!!UJCHPLG5MSMTTR!113.0300!73.6600!0.000!NO!LINE!109.3600!66.3600!117.7000!66.3600!0.1000!!!!!NOTCONNECT!!!NO!!!!!!!!
S!ASSEMBLY_TOP!468 1!J10!UJCHPLG5MSMTTR!!UJCHPLG5MSMTTR!113.0300!73.6600!0.000!NO!LINE!117.7000!66.3600!117.7000!73.1600!0.1000!!!!!NOTCONNECT!!!NO!!!!!!!!
S!ASSEMBLY_TOP!469 1!J10!UJCHPLG5MSMTTR!!UJCHPLG5MSMTTR!113.0300!73.6600!0.000!NO!LINE!117.7000!73.1600!109.3600!73.1600!0.1000!!!!!NOTCONNECT!!!NO!!!!!!!!
S!ASSEMBLY_TOP!470 1!J10!UJCHPLG5MSMTTR!!UJCHPLG5MSMTTR!113.0300!73.6600!0.000!NO!LINE!109.3600!73.1600!109.3600!66.3600!0.1000!!!!!NOTCONNECT!!!NO!!!!!!!!
S!PLACE_BOUND_TOP!480 1!J10!UJCHPLG5MSMTTR!!UJCHPLG5MSMTTR!113.0300!73.6600!0.000!NO!RECTANGLE!105.5300!65.3600!121.5300!75.2100!1!!!!!!!2.6 MM!NO!!!!!!!!
S!PLACE_BOUND_TOP!483 1!J9!SHDR2W87P0X254_1X2_493X635X1105P!!SHDR2W87P0X254_1X2_493X635X1105P!148.5900!83.8200!0.000!NO!LINE!147.1500!80.3200!147.1500!87.1700!0.0500!!!!!NOTCONNECT!!!NO!!!!!!!!
S!PLACE_BOUND_TOP!484 1!J9!SHDR2W87P0X254_1X2_493X635X1105P!!SHDR2W87P0X254_1X2_493X635X1105P!148.5900!83.8200!0.000!NO!LINE!147.1500!87.1700!152.5800!87.1700!0.0500!!!!!NOTCONNECT!!!NO!!!!!!!!
S!PLACE_BOUND_TOP!485 1!J9!SHDR2W87P0X254_1X2_493X635X1105P!!SHDR2W87P0X254_1X2_493X635X1105P!148.5900!83.8200!0.000!NO!LINE!152.5800!87.1700!152.5800!80.3200!0.0500!!!!!NOTCONNECT!!!NO!!!!!!!!
S!PLACE_BOUND_TOP!486 1!J9!SHDR2W87P0X254_1X2_493X635X1105P!!SHDR2W87P0X254_1X2_493X635X1105P!148.5900!83.8200!0.000!NO!LINE!152.5800!80.3200!147.1500!80.3200!0.0500!!!!!NOTCONNECT!!!NO!!!!!!!!
S!ASSEMBLY_TOP!487 1!J9!SHDR2W87P0X254_1X2_493X635X1105P!!SHDR2W87P0X254_1X2_493X635X1105P!148.5900!83.8200!0.000!NO!LINE!147.4000!80.5700!147.4000!86.9200!0.1000!!!!!NOTCONNECT!!!NO!!!!!!!!
S!ASSEMBLY_TOP!488 1!J9!SHDR2W87P0X254_1X2_493X635X1105P!!SHDR2W87P0X254_1X2_493X635X1105P!148.5900!83.8200!0.000!NO!LINE!147.4000!86.9200!152.3300!86.9200!0.1000!!!!!NOTCONNECT!!!NO!!!!!!!!
S!ASSEMBLY_TOP!489 1!J9!SHDR2W87P0X254_1X2_493X635X1105P!!SHDR2W87P0X254_1X2_493X635X1105P!148.5900!83.8200!0.000!NO!LINE!152.3300!86.9200!152.3300!80.5700!0.1000!!!!!NOTCONNECT!!!NO!!!!!!!!
S!ASSEMBLY_TOP!490 1!J9!SHDR2W87P0X254_1X2_493X635X1105P!!SHDR2W87P0X254_1X2_493X635X1105P!148.5900!83.8200!0.000!NO!LINE!152.3300!80.5700!147.4000!80.5700!0.1000!!!!!NOTCONNECT!!!NO!!!!!!!!
S!PLACE_BOUND_TOP!495 1!J9!SHDR2W87P0X254_1X2_493X635X1105P!!SHDR2W87P0X254_1X2_493X635X1105P!148.5900!83.8200!0.000!NO!RECTANGLE!147.1250!80.2950!152.6050!87.1950!1!!!!!!!!NO!!!!!!!!
S!PLACE_BOUND_TOP!497 1!J7!SHDR3W155P0X396_1X3_1173X1001X1536P!!SHDR3W155P0X396_1X3_1173X1001X1536P!163.8300!85.0900!0.000!NO!LINE!165.9900!79.7300!153.7600!79.7300!0.0500!!!!!NOTCONNECT!!!NO!!!!!!!!
S!PLACE_BOUND_TOP!498 1!J7!SHDR3W155P0X396_1X3_1173X1001X1536P!!SHDR3W155P0X396_1X3_1173X1001X1536P!163.8300!85.0900!0.000!NO!LINE!153.7600!79.7300!153.7600!90.7500!0.0500!!!!!NOTCONNECT!!!NO!!!!!!!!
S!PLACE_BOUND_TOP!499 1!J7!SHDR3W155P0X396_1X3_1173X1001X1536P!!SHDR3W155P0X396_1X3_1173X1001X1536P!163.8300!85.0900!0.000!NO!LINE!153.7600!90.7500!165.9900!90.7500!0.0500!!!!!NOTCONNECT!!!NO!!!!!!!!
S!PLACE_BOUND_TOP!500 1!J7!SHDR3W155P0X396_1X3_1173X1001X1536P!!SHDR3W155P0X396_1X3_1173X1001X1536P!163.8300!85.0900!0.000!NO!LINE!165.9900!90.7500!165.9900!79.7300!0.0500!!!!!NOTCONNECT!!!NO!!!!!!!!
S!ASSEMBLY_TOP!501 1!J7!SHDR3W155P0X396_1X3_1173X1001X1536P!!SHDR3W155P0X396_1X3_1173X1001X1536P!163.8300!85.0900!0.000!NO!LINE!165.7400!79.9800!154.0100!79.9800!0.1000!!!!!NOTCONNECT!!!NO!!!!!!!!
S!ASSEMBLY_TOP!502 1!J7!SHDR3W155P0X396_1X3_1173X1001X1536P!!SHDR3W155P0X396_1X3_1173X1001X1536P!163.8300!85.0900!0.000!NO!LINE!154.0100!79.9800!154.0100!90.5000!0.1000!!!!!NOTCONNECT!!!NO!!!!!!!!
S!ASSEMBLY_TOP!503 1!J7!SHDR3W155P0X396_1X3_1173X1001X1536P!!SHDR3W155P0X396_1X3_1173X1001X1536P!163.8300!85.0900!0.000!NO!LINE!154.0100!90.5000!165.7400!90.5000!0.1000!!!!!NOTCONNECT!!!NO!!!!!!!!
S!ASSEMBLY_TOP!504 1!J7!SHDR3W155P0X396_1X3_1173X1001X1536P!!SHDR3W155P0X396_1X3_1173X1001X1536P!163.8300!85.0900!0.000!NO!LINE!165.7400!90.5000!165.7400!79.9800!0.1000!!!!!NOTCONNECT!!!NO!!!!!!!!
S!PLACE_BOUND_TOP!509 1!J7!SHDR3W155P0X396_1X3_1173X1001X1536P!!SHDR3W155P0X396_1X3_1173X1001X1536P!163.8300!85.0900!0.000!NO!RECTANGLE!153.7350!79.7050!166.0150!90.7750!1!!!!!!!!NO!!!!!!!!
S!PLACE_BOUND_TOP!511 1!J5!SHDR3W155P0X396_1X3_1173X1001X1536P!!SHDR3W155P0X396_1X3_1173X1001X1536P!90.1700!81.2800!0.000!NO!LINE!92.3300!75.9200!80.1000!75.9200!0.0500!!!!!NOTCONNECT!!!NO!!!!!!!!
S!PLACE_BOUND_TOP!512 1!J5!SHDR3W155P0X396_1X3_1173X1001X1536P!!SHDR3W155P0X396_1X3_1173X1001X1536P!90.1700!81.2800!0.000!NO!LINE!80.1000!75.9200!80.1000!86.9400!0.0500!!!!!NOTCONNECT!!!NO!!!!!!!!
S!PLACE_BOUND_TOP!513 1!J5!SHDR3W155P0X396_1X3_1173X1001X1536P!!SHDR3W155P0X396_1X3_1173X1001X1536P!90.1700!81.2800!0.000!NO!LINE!80.1000!86.9400!92.3300!86.9400!0.0500!!!!!NOTCONNECT!!!NO!!!!!!!!
S!PLACE_BOUND_TOP!514 1!J5!SHDR3W155P0X396_1X3_1173X1001X1536P!!SHDR3W155P0X396_1X3_1173X1001X1536P!90.1700!81.2800!0.000!NO!LINE!92.3300!86.9400!92.3300!75.9200!0.0500!!!!!NOTCONNECT!!!NO!!!!!!!!
S!ASSEMBLY_TOP!515 1!J5!SHDR3W155P0X396_1X3_1173X1001X1536P!!SHDR3W155P0X396_1X3_1173X1001X1536P!90.1700!81.2800!0.000!NO!LINE!92.0800!76.1700!80.3500!76.1700!0.1000!!!!!NOTCONNECT!!!NO!!!!!!!!
S!ASSEMBLY_TOP!516 1!J5!SHDR3W155P0X396_1X3_1173X1001X1536P!!SHDR3W155P0X396_1X3_1173X1001X1536P!90.1700!81.2800!0.000!NO!LINE!80.3500!76.1700!80.3500!86.6900!0.1000!!!!!NOTCONNECT!!!NO!!!!!!!!
S!ASSEMBLY_TOP!517 1!J5!SHDR3W155P0X396_1X3_1173X1001X1536P!!SHDR3W155P0X396_1X3_1173X1001X1536P!90.1700!81.2800!0.000!NO!LINE!80.3500!86.6900!92.0800!86.6900!0.1000!!!!!NOTCONNECT!!!NO!!!!!!!!
S!ASSEMBLY_TOP!518 1!J5!SHDR3W155P0X396_1X3_1173X1001X1536P!!SHDR3W155P0X396_1X3_1173X1001X1536P!90.1700!81.2800!0.000!NO!LINE!92.0800!86.6900!92.0800!76.1700!0.1000!!!!!NOTCONNECT!!!NO!!!!!!!!
S!PLACE_BOUND_TOP!523 1!J5!SHDR3W155P0X396_1X3_1173X1001X1536P!!SHDR3W155P0X396_1X3_1173X1001X1536P!90.1700!81.2800!0.000!NO!RECTANGLE!80.0750!75.8950!92.3550!86.9650!1!!!!!!!!NO!!!!!!!!
S!PLACE_BOUND_TOP!525 1!J1!SHDR3W155P0X396_1X3_1173X1001X1536P!!SHDR3W155P0X396_1X3_1173X1001X1536P!100.3300!114.3000!90.000!NO!LINE!105.6900!116.4600!105.6900!104.2300!0.0500!!!!!NOTCONNECT!!!NO!!!!!!!!
S!PLACE_BOUND_TOP!526 1!J1!SHDR3W155P0X396_1X3_1173X1001X1536P!!SHDR3W155P0X396_1X3_1173X1001X1536P!100.3300!114.3000!90.000!NO!LINE!105.6900!104.2300!94.6700!104.2300!0.0500!!!!!NOTCONNECT!!!NO!!!!!!!!
S!PLACE_BOUND_TOP!527 1!J1!SHDR3W155P0X396_1X3_1173X1001X1536P!!SHDR3W155P0X396_1X3_1173X1001X1536P!100.3300!114.3000!90.000!NO!LINE!94.6700!104.2300!94.6700!116.4600!0.0500!!!!!NOTCONNECT!!!NO!!!!!!!!
S!PLACE_BOUND_TOP!528 1!J1!SHDR3W155P0X396_1X3_1173X1001X1536P!!SHDR3W155P0X396_1X3_1173X1001X1536P!100.3300!114.3000!90.000!NO!LINE!94.6700!116.4600!105.6900!116.4600!0.0500!!!!!NOTCONNECT!!!NO!!!!!!!!
S!ASSEMBLY_TOP!529 1!J1!SHDR3W155P0X396_1X3_1173X1001X1536P!!SHDR3W155P0X396_1X3_1173X1001X1536P!100.3300!114.3000!90.000!NO!LINE!105.4400!116.2100!105.4400!104.4800!0.1000!!!!!NOTCONNECT!!!NO!!!!!!!!
S!ASSEMBLY_TOP!530 1!J1!SHDR3W155P0X396_1X3_1173X1001X1536P!!SHDR3W155P0X396_1X3_1173X1001X1536P!100.3300!114.3000!90.000!NO!LINE!105.4400!104.4800!94.9200!104.4800!0.1000!!!!!NOTCONNECT!!!NO!!!!!!!!
S!ASSEMBLY_TOP!531 1!J1!SHDR3W155P0X396_1X3_1173X1001X1536P!!SHDR3W155P0X396_1X3_1173X1001X1536P!100.3300!114.3000!90.000!NO!LINE!94.9200!104.4800!94.9200!116.2100!0.1000!!!!!NOTCONNECT!!!NO!!!!!!!!
S!ASSEMBLY_TOP!532 1!J1!SHDR3W155P0X396_1X3_1173X1001X1536P!!SHDR3W155P0X396_1X3_1173X1001X1536P!100.3300!114.3000!90.000!NO!LINE!94.9200!116.2100!105.4400!116.2100!0.1000!!!!!NOTCONNECT!!!NO!!!!!!!!
S!PLACE_BOUND_TOP!537 1 0!J1!SHDR3W155P0X396_1X3_1173X1001X1536P!!SHDR3W155P0X396_1X3_1173X1001X1536P!100.3300!114.3000!90.000!NO!LINE!105.7150!104.2050!105.7150!116.4850!0.0000!!!!!SHAPE!!!NO!!!!!!!!
S!PLACE_BOUND_TOP!537 2 0!J1!SHDR3W155P0X396_1X3_1173X1001X1536P!!SHDR3W155P0X396_1X3_1173X1001X1536P!100.3300!114.3000!90.000!NO!LINE!105.7150!116.4850!94.6450!116.4850!0.0000!!!!!SHAPE!!!NO!!!!!!!!
S!PLACE_BOUND_TOP!537 3 0!J1!SHDR3W155P0X396_1X3_1173X1001X1536P!!SHDR3W155P0X396_1X3_1173X1001X1536P!100.3300!114.3000!90.000!NO!LINE!94.6450!116.4850!94.6450!104.2050!0.0000!!!!!SHAPE!!!NO!!!!!!!!
S!PLACE_BOUND_TOP!537 4 0!J1!SHDR3W155P0X396_1X3_1173X1001X1536P!!SHDR3W155P0X396_1X3_1173X1001X1536P!100.3300!114.3000!90.000!NO!LINE!94.6450!104.2050!105.7150!104.2050!0.0000!!!!!SHAPE!!!NO!!!!!!!!
S!PLACE_BOUND_TOP!539 1!IC2!SOT229P700X180-4N!!SOT229P700X180-4N!93.9800!92.7100!0.000!NO!LINE!89.7300!96.3150!98.2300!96.3150!0.0500!!!!!NOTCONNECT!!!NO!!!!!!!!
S!PLACE_BOUND_TOP!540 1!IC2!SOT229P700X180-4N!!SOT229P700X180-4N!93.9800!92.7100!0.000!NO!LINE!98.2300!96.3150!98.2300!89.1050!0.0500!!!!!NOTCONNECT!!!NO!!!!!!!!
S!PLACE_BOUND_TOP!541 1!IC2!SOT229P700X180-4N!!SOT229P700X180-4N!93.9800!92.7100!0.000!NO!LINE!98.2300!89.1050!89.7300!89.1050!0.0500!!!!!NOTCONNECT!!!NO!!!!!!!!
S!PLACE_BOUND_TOP!542 1!IC2!SOT229P700X180-4N!!SOT229P700X180-4N!93.9800!92.7100!0.000!NO!LINE!89.7300!89.1050!89.7300!96.3150!0.0500!!!!!NOTCONNECT!!!NO!!!!!!!!
S!ASSEMBLY_TOP!543 1!IC2!SOT229P700X180-4N!!SOT229P700X180-4N!93.9800!92.7100!0.000!NO!LINE!92.2280!95.9620!95.7320!95.9620!0.1000!!!!!NOTCONNECT!!!NO!!!!!!!!
S!ASSEMBLY_TOP!544 1!IC2!SOT229P700X180-4N!!SOT229P700X180-4N!93.9800!92.7100!0.000!NO!LINE!95.7320!95.9620!95.7320!89.4580!0.1000!!!!!NOTCONNECT!!!NO!!!!!!!!
S!ASSEMBLY_TOP!545 1!IC2!SOT229P700X180-4N!!SOT229P700X180-4N!93.9800!92.7100!0.000!NO!LINE!95.7320!89.4580!92.2280!89.4580!0.1000!!!!!NOTCONNECT!!!NO!!!!!!!!
S!ASSEMBLY_TOP!546 1!IC2!SOT229P700X180-4N!!SOT229P700X180-4N!93.9800!92.7100!0.000!NO!LINE!92.2280!89.4580!92.2280!95.9620!0.1000!!!!!NOTCONNECT!!!NO!!!!!!!!
S!ASSEMBLY_TOP!547 1!IC2!SOT229P700X180-4N!!SOT229P700X180-4N!93.9800!92.7100!0.000!NO!LINE!92.2280!93.6720!94.5180!95.9620!0.1000!!!!!NOTCONNECT!!!NO!!!!!!!!
S!PLACE_BOUND_TOP!553 1!IC2!SOT229P700X180-4N!!SOT229P700X180-4N!93.9800!92.7100!0.000!NO!RECTANGLE!89.7050!89.0800!98.2550!96.3400!1!!!!!!!!NO!!!!!!!!
S!PLACE_BOUND_TOP!555 1!IC1!QFP80P900X900X160-32N!!QFP80P900X900X160-32N!117.4000!99.5000!0.000!NO!LINE!112.1750!104.7250!122.6250!104.7250!0.0500!!!!!NOTCONNECT!!!NO!!!!!!!!
S!PLACE_BOUND_TOP!556 1!IC1!QFP80P900X900X160-32N!!QFP80P900X900X160-32N!117.4000!99.5000!0.000!NO!LINE!122.6250!104.7250!122.6250!94.2750!0.0500!!!!!NOTCONNECT!!!NO!!!!!!!!
S!PLACE_BOUND_TOP!557 1!IC1!QFP80P900X900X160-32N!!QFP80P900X900X160-32N!117.4000!99.5000!0.000!NO!LINE!122.6250!94.2750!112.1750!94.2750!0.0500!!!!!NOTCONNECT!!!NO!!!!!!!!
S!PLACE_BOUND_TOP!558 1!IC1!QFP80P900X900X160-32N!!QFP80P900X900X160-32N!117.4000!99.5000!0.000!NO!LINE!112.1750!94.2750!112.1750!104.7250!0.0500!!!!!NOTCONNECT!!!NO!!!!!!!!
S!ASSEMBLY_TOP!559 1!IC1!QFP80P900X900X160-32N!!QFP80P900X900X160-32N!117.4000!99.5000!0.000!NO!LINE!113.9000!103.0000!120.9000!103.0000!0.1000!!!!!NOTCONNECT!!!NO!!!!!!!!
S!ASSEMBLY_TOP!560 1!IC1!QFP80P900X900X160-32N!!QFP80P900X900X160-32N!117.4000!99.5000!0.000!NO!LINE!120.9000!103.0000!120.9000!96.0000!0.1000!!!!!NOTCONNECT!!!NO!!!!!!!!
S!ASSEMBLY_TOP!561 1!IC1!QFP80P900X900X160-32N!!QFP80P900X900X160-32N!117.4000!99.5000!0.000!NO!LINE!120.9000!96.0000!113.9000!96.0000!0.1000!!!!!NOTCONNECT!!!NO!!!!!!!!
S!ASSEMBLY_TOP!562 1!IC1!QFP80P900X900X160-32N!!QFP80P900X900X160-32N!117.4000!99.5000!0.000!NO!LINE!113.9000!96.0000!113.9000!103.0000!0.1000!!!!!NOTCONNECT!!!NO!!!!!!!!
S!ASSEMBLY_TOP!563 1!IC1!QFP80P900X900X160-32N!!QFP80P900X900X160-32N!117.4000!99.5000!0.000!NO!LINE!113.9000!102.2000!114.7000!103.0000!0.1000!!!!!NOTCONNECT!!!NO!!!!!!!!
S!PLACE_BOUND_TOP!569 1!IC1!QFP80P900X900X160-32N!!QFP80P900X900X160-32N!117.4000!99.5000!0.000!NO!RECTANGLE!112.1500!94.2500!122.6500!104.7500!1!!!!!!!!NO!!!!!!!!
S!ASSEMBLY_TOP!571 1!D1!WS2812!!WS2812!95.2500!120.6500!180.000!NO!LINE!97.7500!118.1500!92.7500!118.1500!0.1000!!!!!NOTCONNECT!!!NO!!!!!!!!
S!ASSEMBLY_TOP!572 1!D1!WS2812!!WS2812!95.2500!120.6500!180.000!NO!LINE!92.7500!118.1500!92.7500!123.1500!0.1000!!!!!NOTCONNECT!!!NO!!!!!!!!
S!ASSEMBLY_TOP!573 1!D1!WS2812!!WS2812!95.2500!120.6500!180.000!NO!LINE!92.7500!123.1500!97.7500!123.1500!0.1000!!!!!NOTCONNECT!!!NO!!!!!!!!
S!ASSEMBLY_TOP!574 1!D1!WS2812!!WS2812!95.2500!120.6500!180.000!NO!LINE!97.7500!123.1500!97.7500!118.1500!0.1000!!!!!NOTCONNECT!!!NO!!!!!!!!
S!PLACE_BOUND_TOP!577 1 0!D1!WS2812!!WS2812!95.2500!120.6500!180.000!NO!LINE!98.4500!123.2000!91.8930!123.2000!0.0000!!!!!SHAPE!!!NO!!!!!!!!
S!PLACE_BOUND_TOP!577 2 0!D1!WS2812!!WS2812!95.2500!120.6500!180.000!NO!LINE!91.8930!123.2000!91.8930!118.1000!0.0000!!!!!SHAPE!!!NO!!!!!!!!
S!PLACE_BOUND_TOP!577 3 0!D1!WS2812!!WS2812!95.2500!120.6500!180.000!NO!LINE!91.8930!118.1000!98.4500!118.1000!0.0000!!!!!SHAPE!!!NO!!!!!!!!
S!PLACE_BOUND_TOP!577 4 0!D1!WS2812!!WS2812!95.2500!120.6500!180.000!NO!LINE!98.4500!118.1000!98.4500!123.2000!0.0000!!!!!SHAPE!!!NO!!!!!!!!
S!PLACE_BOUND_TOP!579 1!C10!CAPC3216X95N!!CAPC3216X95N!83.8200!100.3300!270.000!NO!LINE!84.8600!102.3700!84.8600!98.2900!0.0500!!!!!NOTCONNECT!!!NO!!!!!!!!
S!PLACE_BOUND_TOP!580 1!C10!CAPC3216X95N!!CAPC3216X95N!83.8200!100.3300!270.000!NO!LINE!84.8600!98.2900!82.7800!98.2900!0.0500!!!!!NOTCONNECT!!!NO!!!!!!!!
S!PLACE_BOUND_TOP!581 1!C10!CAPC3216X95N!!CAPC3216X95N!83.8200!100.3300!270.000!NO!LINE!82.7800!98.2900!82.7800!102.3700!0.0500!!!!!NOTCONNECT!!!NO!!!!!!!!
S!PLACE_BOUND_TOP!582 1!C10!CAPC3216X95N!!CAPC3216X95N!83.8200!100.3300!270.000!NO!LINE!82.7800!102.3700!84.8600!102.3700!0.0500!!!!!NOTCONNECT!!!NO!!!!!!!!
S!ASSEMBLY_TOP!583 1!C10!CAPC3216X95N!!CAPC3216X95N!83.8200!100.3300!270.000!NO!LINE!84.6200!101.9300!84.6200!98.7300!0.1000!!!!!NOTCONNECT!!!NO!!!!!!!!
S!ASSEMBLY_TOP!584 1!C10!CAPC3216X95N!!CAPC3216X95N!83.8200!100.3300!270.000!NO!LINE!84.6200!98.7300!83.0200!98.7300!0.1000!!!!!NOTCONNECT!!!NO!!!!!!!!
S!ASSEMBLY_TOP!585 1!C10!CAPC3216X95N!!CAPC3216X95N!83.8200!100.3300!270.000!NO!LINE!83.0200!98.7300!83.0200!101.9300!0.1000!!!!!NOTCONNECT!!!NO!!!!!!!!
S!ASSEMBLY_TOP!586 1!C10!CAPC3216X95N!!CAPC3216X95N!83.8200!100.3300!270.000!NO!LINE!83.0200!101.9300!84.6200!101.9300!0.1000!!!!!NOTCONNECT!!!NO!!!!!!!!
S!PLACE_BOUND_TOP!588 1 0!C10!CAPC3216X95N!!CAPC3216X95N!83.8200!100.3300!270.000!NO!LINE!82.7550!102.3950!82.7550!98.2650!0.0000!!!!!SHAPE!!!NO!!!!!!!!
S!PLACE_BOUND_TOP!588 2 0!C10!CAPC3216X95N!!CAPC3216X95N!83.8200!100.3300!270.000!NO!LINE!82.7550!98.2650!84.8850!98.2650!0.0000!!!!!SHAPE!!!NO!!!!!!!!
S!PLACE_BOUND_TOP!588 3 0!C10!CAPC3216X95N!!CAPC3216X95N!83.8200!100.3300!270.000!NO!LINE!84.8850!98.2650!84.8850!102.3950!0.0000!!!!!SHAPE!!!NO!!!!!!!!
S!PLACE_BOUND_TOP!588 4 0!C10!CAPC3216X95N!!CAPC3216X95N!83.8200!100.3300!270.000!NO!LINE!84.8850!102.3950!82.7550!102.3950!0.0000!!!!!SHAPE!!!NO!!!!!!!!
S!PLACE_BOUND_TOP!590 1!C9!CAPC3216X95N!!CAPC3216X95N!86.3600!90.1700!90.000!NO!LINE!85.3200!88.1300!85.3200!92.2100!0.0500!!!!!NOTCONNECT!!!NO!!!!!!!!
S!PLACE_BOUND_TOP!591 1!C9!CAPC3216X95N!!CAPC3216X95N!86.3600!90.1700!90.000!NO!LINE!85.3200!92.2100!87.4000!92.2100!0.0500!!!!!NOTCONNECT!!!NO!!!!!!!!
S!PLACE_BOUND_TOP!592 1!C9!CAPC3216X95N!!CAPC3216X95N!86.3600!90.1700!90.000!NO!LINE!87.4000!92.2100!87.4000!88.1300!0.0500!!!!!NOTCONNECT!!!NO!!!!!!!!
S!PLACE_BOUND_TOP!593 1!C9!CAPC3216X95N!!CAPC3216X95N!86.3600!90.1700!90.000!NO!LINE!87.4000!88.1300!85.3200!88.1300!0.0500!!!!!NOTCONNECT!!!NO!!!!!!!!
S!ASSEMBLY_TOP!594 1!C9!CAPC3216X95N!!CAPC3216X95N!86.3600!90.1700!90.000!NO!LINE!85.5600!88.5700!85.5600!91.7700!0.1000!!!!!NOTCONNECT!!!NO!!!!!!!!
S!ASSEMBLY_TOP!595 1!C9!CAPC3216X95N!!CAPC3216X95N!86.3600!90.1700!90.000!NO!LINE!85.5600!91.7700!87.1600!91.7700!0.1000!!!!!NOTCONNECT!!!NO!!!!!!!!
S!ASSEMBLY_TOP!596 1!C9!CAPC3216X95N!!CAPC3216X95N!86.3600!90.1700!90.000!NO!LINE!87.1600!91.7700!87.1600!88.5700!0.1000!!!!!NOTCONNECT!!!NO!!!!!!!!
S!ASSEMBLY_TOP!597 1!C9!CAPC3216X95N!!CAPC3216X95N!86.3600!90.1700!90.000!NO!LINE!87.1600!88.5700!85.5600!88.5700!0.1000!!!!!NOTCONNECT!!!NO!!!!!!!!
S!PLACE_BOUND_TOP!599 1 0!C9!CAPC3216X95N!!CAPC3216X95N!86.3600!90.1700!90.000!NO!LINE!87.4250!88.1050!87.4250!92.2350!0.0000!!!!!SHAPE!!!NO!!!!!!!!
S!PLACE_BOUND_TOP!599 2 0!C9!CAPC3216X95N!!CAPC3216X95N!86.3600!90.1700!90.000!NO!LINE!87.4250!92.2350!85.2950!92.2350!0.0000!!!!!SHAPE!!!NO!!!!!!!!
S!PLACE_BOUND_TOP!599 3 0!C9!CAPC3216X95N!!CAPC3216X95N!86.3600!90.1700!90.000!NO!LINE!85.2950!92.2350!85.2950!88.1050!0.0000!!!!!SHAPE!!!NO!!!!!!!!
S!PLACE_BOUND_TOP!599 4 0!C9!CAPC3216X95N!!CAPC3216X95N!86.3600!90.1700!90.000!NO!LINE!85.2950!88.1050!87.4250!88.1050!0.0000!!!!!SHAPE!!!NO!!!!!!!!
S!PLACE_BOUND_TOP!601 1!C8!CAPC3216X95N!!CAPC3216X95N!101.6000!120.6500!90.000!NO!LINE!100.5600!118.6100!100.5600!122.6900!0.0500!!!!!NOTCONNECT!!!NO!!!!!!!!
S!PLACE_BOUND_TOP!602 1!C8!CAPC3216X95N!!CAPC3216X95N!101.6000!120.6500!90.000!NO!LINE!100.5600!122.6900!102.6400!122.6900!0.0500!!!!!NOTCONNECT!!!NO!!!!!!!!
S!PLACE_BOUND_TOP!603 1!C8!CAPC3216X95N!!CAPC3216X95N!101.6000!120.6500!90.000!NO!LINE!102.6400!122.6900!102.6400!118.6100!0.0500!!!!!NOTCONNECT!!!NO!!!!!!!!
S!PLACE_BOUND_TOP!604 1!C8!CAPC3216X95N!!CAPC3216X95N!101.6000!120.6500!90.000!NO!LINE!102.6400!118.6100!100.5600!118.6100!0.0500!!!!!NOTCONNECT!!!NO!!!!!!!!
S!ASSEMBLY_TOP!605 1!C8!CAPC3216X95N!!CAPC3216X95N!101.6000!120.6500!90.000!NO!LINE!100.8000!119.0500!100.8000!122.2500!0.1000!!!!!NOTCONNECT!!!NO!!!!!!!!
S!ASSEMBLY_TOP!606 1!C8!CAPC3216X95N!!CAPC3216X95N!101.6000!120.6500!90.000!NO!LINE!100.8000!122.2500!102.4000!122.2500!0.1000!!!!!NOTCONNECT!!!NO!!!!!!!!
S!ASSEMBLY_TOP!607 1!C8!CAPC3216X95N!!CAPC3216X95N!101.6000!120.6500!90.000!NO!LINE!102.4000!122.2500!102.4000!119.0500!0.1000!!!!!NOTCONNECT!!!NO!!!!!!!!
S!ASSEMBLY_TOP!608 1!C8!CAPC3216X95N!!CAPC3216X95N!101.6000!120.6500!90.000!NO!LINE!102.4000!119.0500!100.8000!119.0500!0.1000!!!!!NOTCONNECT!!!NO!!!!!!!!
S!PLACE_BOUND_TOP!610 1 0!C8!CAPC3216X95N!!CAPC3216X95N!101.6000!120.6500!90.000!NO!LINE!102.6650!118.5850!102.6650!122.7150!0.0000!!!!!SHAPE!!!NO!!!!!!!!
S!PLACE_BOUND_TOP!610 2 0!C8!CAPC3216X95N!!CAPC3216X95N!101.6000!120.6500!90.000!NO!LINE!102.6650!122.7150!100.5350!122.7150!0.0000!!!!!SHAPE!!!NO!!!!!!!!
S!PLACE_BOUND_TOP!610 3 0!C8!CAPC3216X95N!!CAPC3216X95N!101.6000!120.6500!90.000!NO!LINE!100.5350!122.7150!100.5350!118.5850!0.0000!!!!!SHAPE!!!NO!!!!!!!!
S!PLACE_BOUND_TOP!610 4 0!C8!CAPC3216X95N!!CAPC3216X95N!101.6000!120.6500!90.000!NO!LINE!100.5350!118.5850!102.6650!118.5850!0.0000!!!!!SHAPE!!!NO!!!!!!!!
S!PLACE_BOUND_TOP!612 1!C7!CAPC3216X95N!!CAPC3216X95N!88.9000!101.6000!180.000!NO!LINE!90.9400!100.5600!86.8600!100.5600!0.0500!!!!!NOTCONNECT!!!NO!!!!!!!!
S!PLACE_BOUND_TOP!613 1!C7!CAPC3216X95N!!CAPC3216X95N!88.9000!101.6000!180.000!NO!LINE!86.8600!100.5600!86.8600!102.6400!0.0500!!!!!NOTCONNECT!!!NO!!!!!!!!
S!PLACE_BOUND_TOP!614 1!C7!CAPC3216X95N!!CAPC3216X95N!88.9000!101.6000!180.000!NO!LINE!86.8600!102.6400!90.9400!102.6400!0.0500!!!!!NOTCONNECT!!!NO!!!!!!!!
S!PLACE_BOUND_TOP!615 1!C7!CAPC3216X95N!!CAPC3216X95N!88.9000!101.6000!180.000!NO!LINE!90.9400!102.6400!90.9400!100.5600!0.0500!!!!!NOTCONNECT!!!NO!!!!!!!!
S!ASSEMBLY_TOP!616 1!C7!CAPC3216X95N!!CAPC3216X95N!88.9000!101.6000!180.000!NO!LINE!90.5000!100.8000!87.3000!100.8000!0.1000!!!!!NOTCONNECT!!!NO!!!!!!!!
S!ASSEMBLY_TOP!617 1!C7!CAPC3216X95N!!CAPC3216X95N!88.9000!101.6000!180.000!NO!LINE!87.3000!100.8000!87.3000!102.4000!0.1000!!!!!NOTCONNECT!!!NO!!!!!!!!
S!ASSEMBLY_TOP!618 1!C7!CAPC3216X95N!!CAPC3216X95N!88.9000!101.6000!180.000!NO!LINE!87.3000!102.4000!90.5000!102.4000!0.1000!!!!!NOTCONNECT!!!NO!!!!!!!!
S!ASSEMBLY_TOP!619 1!C7!CAPC3216X95N!!CAPC3216X95N!88.9000!101.6000!180.000!NO!LINE!90.5000!102.4000!90.5000!100.8000!0.1000!!!!!NOTCONNECT!!!NO!!!!!!!!
S!PLACE_BOUND_TOP!621 1 0!C7!CAPC3216X95N!!CAPC3216X95N!88.9000!101.6000!180.000!NO!LINE!90.9650!102.6650!86.8350!102.6650!0.0000!!!!!SHAPE!!!NO!!!!!!!!
S!PLACE_BOUND_TOP!621 2 0!C7!CAPC3216X95N!!CAPC3216X95N!88.9000!101.6000!180.000!NO!LINE!86.8350!102.6650!86.8350!100.5350!0.0000!!!!!SHAPE!!!NO!!!!!!!!
S!PLACE_BOUND_TOP!621 3 0!C7!CAPC3216X95N!!CAPC3216X95N!88.9000!101.6000!180.000!NO!LINE!86.8350!100.5350!90.9650!100.5350!0.0000!!!!!SHAPE!!!NO!!!!!!!!
S!PLACE_BOUND_TOP!621 4 0!C7!CAPC3216X95N!!CAPC3216X95N!88.9000!101.6000!180.000!NO!LINE!90.9650!100.5350!90.9650!102.6650!0.0000!!!!!SHAPE!!!NO!!!!!!!!
S!PLACE_BOUND_TOP!623 1!C6!CAPC3216X95N!!CAPC3216X95N!88.9000!99.0600!180.000!NO!LINE!90.9400!98.0200!86.8600!98.0200!0.0500!!!!!NOTCONNECT!!!NO!!!!!!!!
S!PLACE_BOUND_TOP!624 1!C6!CAPC3216X95N!!CAPC3216X95N!88.9000!99.0600!180.000!NO!LINE!86.8600!98.0200!86.8600!100.1000!0.0500!!!!!NOTCONNECT!!!NO!!!!!!!!
S!PLACE_BOUND_TOP!625 1!C6!CAPC3216X95N!!CAPC3216X95N!88.9000!99.0600!180.000!NO!LINE!86.8600!100.1000!90.9400!100.1000!0.0500!!!!!NOTCONNECT!!!NO!!!!!!!!
S!PLACE_BOUND_TOP!626 1!C6!CAPC3216X95N!!CAPC3216X95N!88.9000!99.0600!180.000!NO!LINE!90.9400!100.1000!90.9400!98.0200!0.0500!!!!!NOTCONNECT!!!NO!!!!!!!!
S!ASSEMBLY_TOP!627 1!C6!CAPC3216X95N!!CAPC3216X95N!88.9000!99.0600!180.000!NO!LINE!90.5000!98.2600!87.3000!98.2600!0.1000!!!!!NOTCONNECT!!!NO!!!!!!!!
S!ASSEMBLY_TOP!628 1!C6!CAPC3216X95N!!CAPC3216X95N!88.9000!99.0600!180.000!NO!LINE!87.3000!98.2600!87.3000!99.8600!0.1000!!!!!NOTCONNECT!!!NO!!!!!!!!
S!ASSEMBLY_TOP!629 1!C6!CAPC3216X95N!!CAPC3216X95N!88.9000!99.0600!180.000!NO!LINE!87.3000!99.8600!90.5000!99.8600!0.1000!!!!!NOTCONNECT!!!NO!!!!!!!!
S!ASSEMBLY_TOP!630 1!C6!CAPC3216X95N!!CAPC3216X95N!88.9000!99.0600!180.000!NO!LINE!90.5000!99.8600!90.5000!98.2600!0.1000!!!!!NOTCONNECT!!!NO!!!!!!!!
S!PLACE_BOUND_TOP!632 1 0!C6!CAPC3216X95N!!CAPC3216X95N!88.9000!99.0600!180.000!NO!LINE!90.9650!100.1250!86.8350!100.1250!0.0000!!!!!SHAPE!!!NO!!!!!!!!
S!PLACE_BOUND_TOP!632 2 0!C6!CAPC3216X95N!!CAPC3216X95N!88.9000!99.0600!180.000!NO!LINE!86.8350!100.1250!86.8350!97.9950!0.0000!!!!!SHAPE!!!NO!!!!!!!!
S!PLACE_BOUND_TOP!632 3 0!C6!CAPC3216X95N!!CAPC3216X95N!88.9000!99.0600!180.000!NO!LINE!86.8350!97.9950!90.9650!97.9950!0.0000!!!!!SHAPE!!!NO!!!!!!!!
S!PLACE_BOUND_TOP!632 4 0!C6!CAPC3216X95N!!CAPC3216X95N!88.9000!99.0600!180.000!NO!LINE!90.9650!97.9950!90.9650!100.1250!0.0000!!!!!SHAPE!!!NO!!!!!!!!
S!PLACE_BOUND_TOP!634 1!C5!CAPC3216X95N!!CAPC3216X95N!88.9000!107.9500!0.000!NO!LINE!86.8600!108.9900!90.9400!108.9900!0.0500!!!!!NOTCONNECT!!!NO!!!!!!!!
S!PLACE_BOUND_TOP!635 1!C5!CAPC3216X95N!!CAPC3216X95N!88.9000!107.9500!0.000!NO!LINE!90.9400!108.9900!90.9400!106.9100!0.0500!!!!!NOTCONNECT!!!NO!!!!!!!!
S!PLACE_BOUND_TOP!636 1!C5!CAPC3216X95N!!CAPC3216X95N!88.9000!107.9500!0.000!NO!LINE!90.9400!106.9100!86.8600!106.9100!0.0500!!!!!NOTCONNECT!!!NO!!!!!!!!
S!PLACE_BOUND_TOP!637 1!C5!CAPC3216X95N!!CAPC3216X95N!88.9000!107.9500!0.000!NO!LINE!86.8600!106.9100!86.8600!108.9900!0.0500!!!!!NOTCONNECT!!!NO!!!!!!!!
S!ASSEMBLY_TOP!638 1!C5!CAPC3216X95N!!CAPC3216X95N!88.9000!107.9500!0.000!NO!LINE!87.3000!108.7500!90.5000!108.7500!0.1000!!!!!NOTCONNECT!!!NO!!!!!!!!
S!ASSEMBLY_TOP!639 1!C5!CAPC3216X95N!!CAPC3216X95N!88.9000!107.9500!0.000!NO!LINE!90.5000!108.7500!90.5000!107.1500!0.1000!!!!!NOTCONNECT!!!NO!!!!!!!!
S!ASSEMBLY_TOP!640 1!C5!CAPC3216X95N!!CAPC3216X95N!88.9000!107.9500!0.000!NO!LINE!90.5000!107.1500!87.3000!107.1500!0.1000!!!!!NOTCONNECT!!!NO!!!!!!!!
S!ASSEMBLY_TOP!641 1!C5!CAPC3216X95N!!CAPC3216X95N!88.9000!107.9500!0.000!NO!LINE!87.3000!107.1500!87.3000!108.7500!0.1000!!!!!NOTCONNECT!!!NO!!!!!!!!
S!PLACE_BOUND_TOP!643 1!C5!CAPC3216X95N!!CAPC3216X95N!88.9000!107.9500!0.000!NO!RECTANGLE!86.8350!106.8850!90.9650!109.0150!1!!!!!!!!NO!!!!!!!!
S!PLACE_BOUND_TOP!645 1!C4!CAPC3216X95N!!CAPC3216X95N!88.9000!110.4900!0.000!NO!LINE!86.8600!111.5300!90.9400!111.5300!0.0500!!!!!NOTCONNECT!!!NO!!!!!!!!
S!PLACE_BOUND_TOP!646 1!C4!CAPC3216X95N!!CAPC3216X95N!88.9000!110.4900!0.000!NO!LINE!90.9400!111.5300!90.9400!109.4500!0.0500!!!!!NOTCONNECT!!!NO!!!!!!!!
S!PLACE_BOUND_TOP!647 1!C4!CAPC3216X95N!!CAPC3216X95N!88.9000!110.4900!0.000!NO!LINE!90.9400!109.4500!86.8600!109.4500!0.0500!!!!!NOTCONNECT!!!NO!!!!!!!!
S!PLACE_BOUND_TOP!648 1!C4!CAPC3216X95N!!CAPC3216X95N!88.9000!110.4900!0.000!NO!LINE!86.8600!109.4500!86.8600!111.5300!0.0500!!!!!NOTCONNECT!!!NO!!!!!!!!
S!ASSEMBLY_TOP!649 1!C4!CAPC3216X95N!!CAPC3216X95N!88.9000!110.4900!0.000!NO!LINE!87.3000!111.2900!90.5000!111.2900!0.1000!!!!!NOTCONNECT!!!NO!!!!!!!!
S!ASSEMBLY_TOP!650 1!C4!CAPC3216X95N!!CAPC3216X95N!88.9000!110.4900!0.000!NO!LINE!90.5000!111.2900!90.5000!109.6900!0.1000!!!!!NOTCONNECT!!!NO!!!!!!!!
S!ASSEMBLY_TOP!651 1!C4!CAPC3216X95N!!CAPC3216X95N!88.9000!110.4900!0.000!NO!LINE!90.5000!109.6900!87.3000!109.6900!0.1000!!!!!NOTCONNECT!!!NO!!!!!!!!
S!ASSEMBLY_TOP!652 1!C4!CAPC3216X95N!!CAPC3216X95N!88.9000!110.4900!0.000!NO!LINE!87.3000!109.6900!87.3000!111.2900!0.1000!!!!!NOTCONNECT!!!NO!!!!!!!!
S!PLACE_BOUND_TOP!654 1!C4!CAPC3216X95N!!CAPC3216X95N!88.9000!110.4900!0.000!NO!RECTANGLE!86.8350!109.4250!90.9650!111.5550!1!!!!!!!!NO!!!!!!!!
S!PLACE_BOUND_TOP!656 1!C3!CAPC3216X95N!!CAPC3216X95N!88.9000!113.0300!0.000!NO!LINE!86.8600!114.0700!90.9400!114.0700!0.0500!!!!!NOTCONNECT!!!NO!!!!!!!!
S!PLACE_BOUND_TOP!657 1!C3!CAPC3216X95N!!CAPC3216X95N!88.9000!113.0300!0.000!NO!LINE!90.9400!114.0700!90.9400!111.9900!0.0500!!!!!NOTCONNECT!!!NO!!!!!!!!
S!PLACE_BOUND_TOP!658 1!C3!CAPC3216X95N!!CAPC3216X95N!88.9000!113.0300!0.000!NO!LINE!90.9400!111.9900!86.8600!111.9900!0.0500!!!!!NOTCONNECT!!!NO!!!!!!!!
S!PLACE_BOUND_TOP!659 1!C3!CAPC3216X95N!!CAPC3216X95N!88.9000!113.0300!0.000!NO!LINE!86.8600!111.9900!86.8600!114.0700!0.0500!!!!!NOTCONNECT!!!NO!!!!!!!!
S!ASSEMBLY_TOP!660 1!C3!CAPC3216X95N!!CAPC3216X95N!88.9000!113.0300!0.000!NO!LINE!87.3000!113.8300!90.5000!113.8300!0.1000!!!!!NOTCONNECT!!!NO!!!!!!!!
S!ASSEMBLY_TOP!661 1!C3!CAPC3216X95N!!CAPC3216X95N!88.9000!113.0300!0.000!NO!LINE!90.5000!113.8300!90.5000!112.2300!0.1000!!!!!NOTCONNECT!!!NO!!!!!!!!
S!ASSEMBLY_TOP!662 1!C3!CAPC3216X95N!!CAPC3216X95N!88.9000!113.0300!0.000!NO!LINE!90.5000!112.2300!87.3000!112.2300!0.1000!!!!!NOTCONNECT!!!NO!!!!!!!!
S!ASSEMBLY_TOP!663 1!C3!CAPC3216X95N!!CAPC3216X95N!88.9000!113.0300!0.000!NO!LINE!87.3000!112.2300!87.3000!113.8300!0.1000!!!!!NOTCONNECT!!!NO!!!!!!!!
S!PLACE_BOUND_TOP!665 1!C3!CAPC3216X95N!!CAPC3216X95N!88.9000!113.0300!0.000!NO!RECTANGLE!86.8350!111.9650!90.9650!114.0950!1!!!!!!!!NO!!!!!!!!
S!PLACE_BOUND_TOP!667 1!C2!CAPC3216X95N!!CAPC3216X95N!88.9000!115.5700!0.000!NO!LINE!86.8600!116.6100!90.9400!116.6100!0.0500!!!!!NOTCONNECT!!!NO!!!!!!!!
S!PLACE_BOUND_TOP!668 1!C2!CAPC3216X95N!!CAPC3216X95N!88.9000!115.5700!0.000!NO!LINE!90.9400!116.6100!90.9400!114.5300!0.0500!!!!!NOTCONNECT!!!NO!!!!!!!!
S!PLACE_BOUND_TOP!669 1!C2!CAPC3216X95N!!CAPC3216X95N!88.9000!115.5700!0.000!NO!LINE!90.9400!114.5300!86.8600!114.5300!0.0500!!!!!NOTCONNECT!!!NO!!!!!!!!
S!PLACE_BOUND_TOP!670 1!C2!CAPC3216X95N!!CAPC3216X95N!88.9000!115.5700!0.000!NO!LINE!86.8600!114.5300!86.8600!116.6100!0.0500!!!!!NOTCONNECT!!!NO!!!!!!!!
S!ASSEMBLY_TOP!671 1!C2!CAPC3216X95N!!CAPC3216X95N!88.9000!115.5700!0.000!NO!LINE!87.3000!116.3700!90.5000!116.3700!0.1000!!!!!NOTCONNECT!!!NO!!!!!!!!
S!ASSEMBLY_TOP!672 1!C2!CAPC3216X95N!!CAPC3216X95N!88.9000!115.5700!0.000!NO!LINE!90.5000!116.3700!90.5000!114.7700!0.1000!!!!!NOTCONNECT!!!NO!!!!!!!!
S!ASSEMBLY_TOP!673 1!C2!CAPC3216X95N!!CAPC3216X95N!88.9000!115.5700!0.000!NO!LINE!90.5000!114.7700!87.3000!114.7700!0.1000!!!!!NOTCONNECT!!!NO!!!!!!!!
S!ASSEMBLY_TOP!674 1!C2!CAPC3216X95N!!CAPC3216X95N!88.9000!115.5700!0.000!NO!LINE!87.3000!114.7700!87.3000!116.3700!0.1000!!!!!NOTCONNECT!!!NO!!!!!!!!
S!PLACE_BOUND_TOP!676 1!C2!CAPC3216X95N!!CAPC3216X95N!88.9000!115.5700!0.000!NO!RECTANGLE!86.8350!114.5050!90.9650!116.6350!1!!!!!!!!NO!!!!!!!!
S!PLACE_BOUND_TOP!678 1!C1!CAPC3216X95N!!CAPC3216X95N!88.9000!118.1100!0.000!NO!LINE!86.8600!119.1500!90.9400!119.1500!0.0500!!!!!NOTCONNECT!!!NO!!!!!!!!
S!PLACE_BOUND_TOP!679 1!C1!CAPC3216X95N!!CAPC3216X95N!88.9000!118.1100!0.000!NO!LINE!90.9400!119.1500!90.9400!117.0700!0.0500!!!!!NOTCONNECT!!!NO!!!!!!!!
S!PLACE_BOUND_TOP!680 1!C1!CAPC3216X95N!!CAPC3216X95N!88.9000!118.1100!0.000!NO!LINE!90.9400!117.0700!86.8600!117.0700!0.0500!!!!!NOTCONNECT!!!NO!!!!!!!!
S!PLACE_BOUND_TOP!681 1!C1!CAPC3216X95N!!CAPC3216X95N!88.9000!118.1100!0.000!NO!LINE!86.8600!117.0700!86.8600!119.1500!0.0500!!!!!NOTCONNECT!!!NO!!!!!!!!
S!ASSEMBLY_TOP!682 1!C1!CAPC3216X95N!!CAPC3216X95N!88.9000!118.1100!0.000!NO!LINE!87.3000!118.9100!90.5000!118.9100!0.1000!!!!!NOTCONNECT!!!NO!!!!!!!!
S!ASSEMBLY_TOP!683 1!C1!CAPC3216X95N!!CAPC3216X95N!88.9000!118.1100!0.000!NO!LINE!90.5000!118.9100!90.5000!117.3100!0.1000!!!!!NOTCONNECT!!!NO!!!!!!!!
S!ASSEMBLY_TOP!684 1!C1!CAPC3216X95N!!CAPC3216X95N!88.9000!118.1100!0.000!NO!LINE!90.5000!117.3100!87.3000!117.3100!0.1000!!!!!NOTCONNECT!!!NO!!!!!!!!
S!ASSEMBLY_TOP!685 1!C1!CAPC3216X95N!!CAPC3216X95N!88.9000!118.1100!0.000!NO!LINE!87.3000!117.3100!87.3000!118.9100!0.1000!!!!!NOTCONNECT!!!NO!!!!!!!!
S!PLACE_BOUND_TOP!687 1!C1!CAPC3216X95N!!CAPC3216X95N!88.9000!118.1100!0.000!NO!RECTANGLE!86.8350!117.0450!90.9650!119.1750!1!!!!!!!!NO!!!!!!!!
