A!PAD_NAME!REC_NUMBER!LAYER!FIXFLAG!VIAFLAG!PADSHAPE1!PADWIDTH!PADHGHT!PADXOFF!PADYOFF!PADFLASH!PADSHAPENAME!TRELSHAPE1!TRELWIDTH!TRELHGHT!TRELXOFF!TRELYOFF!TRELFLASH!TRELSHAPENAME!APADSHAPE1!APADWIDTH!APADHGHT!APADXOFF!APADYOFF!APADFLASH!APADSHAPENAME!
J!C:/Users/useroot/DOCUMENTS/GITHUB/DOSTI/DEVELOPMENTPROJECTS/MPS V3/SCH&BRD/allegro/mps-3.brd!Sat Jan 20 23:21:02 2024!-4.2820!-4.2820!257.3472!180.7728!0.0001!millimeters!MPS-3!65.392126 mil!2!UP TO DATE!
S!C217_5_H145!00001!TOP!o!!CIRCLE!2.1750!2.1750!0.0000!0.0000!!!!0.0000!0.0000!0.0000!0.0000!!!!0.0000!0.0000!0.0000!0.0000!!!
S!C217_5_H145!00002!internal_pad_def!o!!CIRCLE!2.1750!2.1750!0.0000!0.0000!!!!0.0000!0.0000!0.0000!0.0000!!!!0.0000!0.0000!0.0000!0.0000!!!
S!C217_5_H145!00003!BOTTOM!o!!CIRCLE!2.1750!2.1750!0.0000!0.0000!!!!0.0000!0.0000!0.0000!0.0000!!!!0.0000!0.0000!0.0000!0.0000!!!
S!C217_5_H145!00004!~TSM!o!!!0.0000!0.0000!0.0000!0.0000!!!!!!!!!!!!!!!!!
S!C217_5_H145!00005!~BSM!o!!!0.0000!0.0000!0.0000!0.0000!!!!!!!!!!!!!!!!!
S!C217_5_H145!00006!~TPM!o!!!0.0000!0.0000!0.0000!0.0000!!!!!!!!!!!!!!!!!
S!C217_5_H145!00007!~BPM!o!!!0.0000!0.0000!0.0000!0.0000!!!!!!!!!!!!!!!!!
S!C217_5_H145!00008!~TFM!o!!!0.0000!0.0000!0.0000!0.0000!!!!!!!!!!!!!!!!!
S!C217_5_H145!00009!~BFM!o!!!0.0000!0.0000!0.0000!0.0000!!!!!!!!!!!!!!!!!
S!C217_5_H145!00010!~ALV!o!!!0.0000!0.0000!0.0000!0.0000!!!!!!!!!!!!!!!!!
S!C217_5_H145!00011!~DRILL!o!!1.4500!1.4500!1.4500!0.0000!0.0000!DIAMOND!P!A!n!!!!!!CIRCLE_DRILL!!0.0000!0.0000!!!!
S!S217_5_H145!00001!TOP!o!!SQUARE!2.1750!2.1750!0.0000!0.0000!!!!0.0000!0.0000!0.0000!0.0000!!!!0.0000!0.0000!0.0000!0.0000!!!
S!S217_5_H145!00002!internal_pad_def!o!!CIRCLE!2.1750!2.1750!0.0000!0.0000!!!!0.0000!0.0000!0.0000!0.0000!!!!0.0000!0.0000!0.0000!0.0000!!!
S!S217_5_H145!00003!BOTTOM!o!!SQUARE!2.1750!2.1750!0.0000!0.0000!!!!0.0000!0.0000!0.0000!0.0000!!!!0.0000!0.0000!0.0000!0.0000!!!
S!S217_5_H145!00004!~TSM!o!!!0.0000!0.0000!0.0000!0.0000!!!!!!!!!!!!!!!!!
S!S217_5_H145!00005!~BSM!o!!!0.0000!0.0000!0.0000!0.0000!!!!!!!!!!!!!!!!!
S!S217_5_H145!00006!~TPM!o!!!0.0000!0.0000!0.0000!0.0000!!!!!!!!!!!!!!!!!
S!S217_5_H145!00007!~BPM!o!!!0.0000!0.0000!0.0000!0.0000!!!!!!!!!!!!!!!!!
S!S217_5_H145!00008!~TFM!o!!!0.0000!0.0000!0.0000!0.0000!!!!!!!!!!!!!!!!!
S!S217_5_H145!00009!~BFM!o!!!0.0000!0.0000!0.0000!0.0000!!!!!!!!!!!!!!!!!
S!S217_5_H145!00010!~ALV!o!!!0.0000!0.0000!0.0000!0.0000!!!!!!!!!!!!!!!!!
S!S217_5_H145!00011!~DRILL!o!!1.4500!1.4500!1.4500!0.0000!0.0000!DIAMOND!P!B!n!!!!!!CIRCLE_DRILL!!0.0000!0.0000!!!!
S!R125_60!00001!TOP!o!v!RECTANGLE!0.6000!1.2500!0.0000!0.0000!!!!0.0000!0.0000!0.0000!0.0000!!!!0.0000!0.0000!0.0000!0.0000!!!
S!R125_60!00002!internal_pad_def!o!v!!0.0000!0.0000!0.0000!0.0000!!!!0.0000!0.0000!0.0000!0.0000!!!!0.0000!0.0000!0.0000!0.0000!!!
S!R125_60!00003!BOTTOM!o!v!!0.0000!0.0000!0.0000!0.0000!!!!0.0000!0.0000!0.0000!0.0000!!!!0.0000!0.0000!0.0000!0.0000!!!
S!R125_60!00004!~TSM!o!v!!0.0000!0.0000!0.0000!0.0000!!!!!!!!!!!!!!!!!
S!R125_60!00005!~BSM!o!v!!0.0000!0.0000!0.0000!0.0000!!!!!!!!!!!!!!!!!
S!R125_60!00006!~TPM!o!v!!0.0000!0.0000!0.0000!0.0000!!!!!!!!!!!!!!!!!
S!R125_60!00007!~BPM!o!v!!0.0000!0.0000!0.0000!0.0000!!!!!!!!!!!!!!!!!
S!R125_60!00008!~TFM!o!v!!0.0000!0.0000!0.0000!0.0000!!!!!!!!!!!!!!!!!
S!R125_60!00009!~BFM!o!v!!0.0000!0.0000!0.0000!0.0000!!!!!!!!!!!!!!!!!
S!R125_60!00010!~ALV!o!v!!0.0000!0.0000!0.0000!0.0000!!!!!!!!!!!!!!!!!
S!R125_60!00011!~DRILL!o!v!0.0000!0.0000!0.0000!0.0000!0.0000!!P!!n!!!!!!NONE!!0.0000!0.0000!!!!
S!VIA!00001!TOP!o!!CIRCLE!0.6096!0.6096!0.0000!0.0000!!!FLASH!0.1270!0.1270!0.0000!0.0000!AB00!!CIRCLE!0.7620!0.7620!0.0000!0.0000!!!
S!VIA!00002!internal_pad_def!o!!CIRCLE!0.6096!0.6096!0.0000!0.0000!!!FLASH!0.1270!0.1270!0.0000!0.0000!AB00!!CIRCLE!0.7620!0.7620!0.0000!0.0000!!!
S!VIA!00003!BOTTOM!o!!CIRCLE!0.6096!0.6096!0.0000!0.0000!!!FLASH!0.1270!0.1270!0.0000!0.0000!AB00!!CIRCLE!0.7620!0.7620!0.0000!0.0000!!!
S!VIA!00004!~TSM!o!!CIRCLE!1.1176!1.1176!0.0000!0.0000!!!!!!!!!!!!!!!!!
S!VIA!00005!~BSM!o!!CIRCLE!1.1176!1.1176!0.0000!0.0000!!!!!!!!!!!!!!!!!
S!VIA!00006!~TPM!o!!!0.0000!0.0000!0.0000!0.0000!!!!!!!!!!!!!!!!!
S!VIA!00007!~BPM!o!!!0.0000!0.0000!0.0000!0.0000!!!!!!!!!!!!!!!!!
S!VIA!00008!~TFM!o!!!0.0000!0.0000!0.0000!0.0000!!!!!!!!!!!!!!!!!
S!VIA!00009!~BFM!o!!!0.0000!0.0000!0.0000!0.0000!!!!!!!!!!!!!!!!!
S!VIA!00010!~ALV!o!!!0.0000!0.0000!0.0000!0.0000!!!!!!!!!!!!!!!!!
S!VIA!00011!~DRILL!o!!0.3302!1.2700!1.2700!0.0000!0.0000!CIRCLE!P!+!n!!!!!!CIRCLE_DRILL!!0.0000!0.0000!!!!
S!XPINBOTTOMMM4!00001!TOP!o!v!!0.0000!0.0000!0.0000!0.0000!!!!0.0000!0.0000!0.0000!0.0000!!!!0.0000!0.0000!0.0000!0.0000!!!
S!XPINBOTTOMMM4!00002!internal_pad_def!o!v!!0.0000!0.0000!0.0000!0.0000!!!!0.0000!0.0000!0.0000!0.0000!!!!0.0000!0.0000!0.0000!0.0000!!!
S!XPINBOTTOMMM4!00003!BOTTOM!o!v!CIRCLE!0.0008!0.0008!0.0000!0.0000!!!!0.0000!0.0000!0.0000!0.0000!!!!0.0000!0.0000!0.0000!0.0000!!!
S!XPINBOTTOMMM4!00004!~TSM!o!v!!0.0000!0.0000!0.0000!0.0000!!!!!!!!!!!!!!!!!
S!XPINBOTTOMMM4!00005!~BSM!o!v!!0.0000!0.0000!0.0000!0.0000!!!!!!!!!!!!!!!!!
S!XPINBOTTOMMM4!00006!~TPM!o!v!!0.0000!0.0000!0.0000!0.0000!!!!!!!!!!!!!!!!!
S!XPINBOTTOMMM4!00007!~BPM!o!v!!0.0000!0.0000!0.0000!0.0000!!!!!!!!!!!!!!!!!
S!XPINBOTTOMMM4!00008!~TFM!o!v!!0.0000!0.0000!0.0000!0.0000!!!!!!!!!!!!!!!!!
S!XPINBOTTOMMM4!00009!~BFM!o!v!!0.0000!0.0000!0.0000!0.0000!!!!!!!!!!!!!!!!!
S!XPINBOTTOMMM4!00010!~ALV!o!v!!0.0000!0.0000!0.0000!0.0000!!!!!!!!!!!!!!!!!
S!XPINBOTTOMMM4!00011!~DRILL!o!v!0.0000!0.0000!0.0000!0.0000!0.0000!!P!!n!!!!!!NONE!!0.0000!0.0000!!!!
S!XPINTOPMM4!00001!TOP!o!v!CIRCLE!0.0008!0.0008!0.0000!0.0000!!!!0.0000!0.0000!0.0000!0.0000!!!!0.0000!0.0000!0.0000!0.0000!!!
S!XPINTOPMM4!00002!internal_pad_def!o!v!!0.0000!0.0000!0.0000!0.0000!!!!0.0000!0.0000!0.0000!0.0000!!!!0.0000!0.0000!0.0000!0.0000!!!
S!XPINTOPMM4!00003!BOTTOM!o!v!!0.0000!0.0000!0.0000!0.0000!!!!0.0000!0.0000!0.0000!0.0000!!!!0.0000!0.0000!0.0000!0.0000!!!
S!XPINTOPMM4!00004!~TSM!o!v!!0.0000!0.0000!0.0000!0.0000!!!!!!!!!!!!!!!!!
S!XPINTOPMM4!00005!~BSM!o!v!!0.0000!0.0000!0.0000!0.0000!!!!!!!!!!!!!!!!!
S!XPINTOPMM4!00006!~TPM!o!v!!0.0000!0.0000!0.0000!0.0000!!!!!!!!!!!!!!!!!
S!XPINTOPMM4!00007!~BPM!o!v!!0.0000!0.0000!0.0000!0.0000!!!!!!!!!!!!!!!!!
S!XPINTOPMM4!00008!~TFM!o!v!!0.0000!0.0000!0.0000!0.0000!!!!!!!!!!!!!!!!!
S!XPINTOPMM4!00009!~BFM!o!v!!0.0000!0.0000!0.0000!0.0000!!!!!!!!!!!!!!!!!
S!XPINTOPMM4!00010!~ALV!o!v!!0.0000!0.0000!0.0000!0.0000!!!!!!!!!!!!!!!!!
S!XPINTOPMM4!00011!~DRILL!o!v!0.0000!0.0000!0.0000!0.0000!0.0000!!P!!n!!!!!!NONE!!0.0000!0.0000!!!!
S!R190_110!00001!TOP!o!v!RECTANGLE!1.1001!1.8999!0.0000!0.0000!!!!0.0000!0.0000!0.0000!0.0000!!!!0.0000!0.0000!0.0000!0.0000!!!
S!R190_110!00002!internal_pad_def!o!v!!0.0000!0.0000!0.0000!0.0000!!!!0.0000!0.0000!0.0000!0.0000!!!!0.0000!0.0000!0.0000!0.0000!!!
S!R190_110!00003!BOTTOM!o!v!!0.0000!0.0000!0.0000!0.0000!!!!0.0000!0.0000!0.0000!0.0000!!!!0.0000!0.0000!0.0000!0.0000!!!
S!R190_110!00004!~TSM!o!v!RECTANGLE!1.1001!1.8999!0.0000!0.0000!!!!!!!!!!!!!!!!!
S!R190_110!00005!~BSM!o!v!!0.0000!0.0000!0.0000!0.0000!!!!!!!!!!!!!!!!!
S!R190_110!00006!~TPM!o!v!RECTANGLE!1.1001!1.8999!0.0000!0.0000!!!!!!!!!!!!!!!!!
S!R190_110!00007!~BPM!o!v!!0.0000!0.0000!0.0000!0.0000!!!!!!!!!!!!!!!!!
S!R190_110!00008!~TFM!o!v!!0.0000!0.0000!0.0000!0.0000!!!!!!!!!!!!!!!!!
S!R190_110!00009!~BFM!o!v!!0.0000!0.0000!0.0000!0.0000!!!!!!!!!!!!!!!!!
S!R190_110!00010!~ALV!o!v!!0.0000!0.0000!0.0000!0.0000!!!!!!!!!!!!!!!!!
S!R190_110!00011!~DRILL!o!v!0.0000!0.0000!0.0000!0.0000!0.0000!!P!!n!!!!!!NONE!!0.0000!0.0000!!!!
S!R175_105!00001!TOP!o!v!RECTANGLE!1.0500!1.7501!0.0000!0.0000!!!!0.0000!0.0000!0.0000!0.0000!!!!0.0000!0.0000!0.0000!0.0000!!!
S!R175_105!00002!internal_pad_def!o!v!!0.0000!0.0000!0.0000!0.0000!!!!0.0000!0.0000!0.0000!0.0000!!!!0.0000!0.0000!0.0000!0.0000!!!
S!R175_105!00003!BOTTOM!o!v!!0.0000!0.0000!0.0000!0.0000!!!!0.0000!0.0000!0.0000!0.0000!!!!0.0000!0.0000!0.0000!0.0000!!!
S!R175_105!00004!~TSM!o!v!!0.0000!0.0000!0.0000!0.0000!!!!!!!!!!!!!!!!!
S!R175_105!00005!~BSM!o!v!!0.0000!0.0000!0.0000!0.0000!!!!!!!!!!!!!!!!!
S!R175_105!00006!~TPM!o!v!!0.0000!0.0000!0.0000!0.0000!!!!!!!!!!!!!!!!!
S!R175_105!00007!~BPM!o!v!!0.0000!0.0000!0.0000!0.0000!!!!!!!!!!!!!!!!!
S!R175_105!00008!~TFM!o!v!!0.0000!0.0000!0.0000!0.0000!!!!!!!!!!!!!!!!!
S!R175_105!00009!~BFM!o!v!!0.0000!0.0000!0.0000!0.0000!!!!!!!!!!!!!!!!!
S!R175_105!00010!~ALV!o!v!!0.0000!0.0000!0.0000!0.0000!!!!!!!!!!!!!!!!!
S!R175_105!00011!~DRILL!o!v!0.0000!0.0000!0.0000!0.0000!0.0000!!P!!n!!!!!!NONE!!0.0000!0.0000!!!!
S!R47_5_30!00001!TOP!o!v!RECTANGLE!0.3000!0.4750!0.0000!0.0000!!!!0.0000!0.0000!0.0000!0.0000!!!!0.0000!0.0000!0.0000!0.0000!!!
S!R47_5_30!00002!internal_pad_def!o!v!!0.0000!0.0000!0.0000!0.0000!!!!0.0000!0.0000!0.0000!0.0000!!!!0.0000!0.0000!0.0000!0.0000!!!
S!R47_5_30!00003!BOTTOM!o!v!!0.0000!0.0000!0.0000!0.0000!!!!0.0000!0.0000!0.0000!0.0000!!!!0.0000!0.0000!0.0000!0.0000!!!
S!R47_5_30!00004!~TSM!o!v!!0.0000!0.0000!0.0000!0.0000!!!!!!!!!!!!!!!!!
S!R47_5_30!00005!~BSM!o!v!!0.0000!0.0000!0.0000!0.0000!!!!!!!!!!!!!!!!!
S!R47_5_30!00006!~TPM!o!v!!0.0000!0.0000!0.0000!0.0000!!!!!!!!!!!!!!!!!
S!R47_5_30!00007!~BPM!o!v!!0.0000!0.0000!0.0000!0.0000!!!!!!!!!!!!!!!!!
S!R47_5_30!00008!~TFM!o!v!!0.0000!0.0000!0.0000!0.0000!!!!!!!!!!!!!!!!!
S!R47_5_30!00009!~BFM!o!v!!0.0000!0.0000!0.0000!0.0000!!!!!!!!!!!!!!!!!
S!R47_5_30!00010!~ALV!o!v!!0.0000!0.0000!0.0000!0.0000!!!!!!!!!!!!!!!!!
S!R47_5_30!00011!~DRILL!o!v!0.0000!0.0000!0.0000!0.0000!0.0000!!P!!n!!!!!!NONE!!0.0000!0.0000!!!!
S!C60_H120!00001!TOP!o!!!0.0000!0.0000!0.0000!0.0000!!!!0.0000!0.0000!0.0000!0.0000!!!CIRCLE!1.1999!1.1999!0.0000!0.0000!!!
S!C60_H120!00002!internal_pad_def!o!!!0.0000!0.0000!0.0000!0.0000!!!!0.0000!0.0000!0.0000!0.0000!!!CIRCLE!1.1999!1.1999!0.0000!0.0000!!!
S!C60_H120!00003!BOTTOM!o!!!0.0000!0.0000!0.0000!0.0000!!!!0.0000!0.0000!0.0000!0.0000!!!CIRCLE!1.1999!1.1999!0.0000!0.0000!!!
S!C60_H120!00004!~TSM!o!!!0.0000!0.0000!0.0000!0.0000!!!!!!!!!!!!!!!!!
S!C60_H120!00005!~BSM!o!!!0.0000!0.0000!0.0000!0.0000!!!!!!!!!!!!!!!!!
S!C60_H120!00006!~TPM!o!!!0.0000!0.0000!0.0000!0.0000!!!!!!!!!!!!!!!!!
S!C60_H120!00007!~BPM!o!!!0.0000!0.0000!0.0000!0.0000!!!!!!!!!!!!!!!!!
S!C60_H120!00008!~TFM!o!!!0.0000!0.0000!0.0000!0.0000!!!!!!!!!!!!!!!!!
S!C60_H120!00009!~BFM!o!!!0.0000!0.0000!0.0000!0.0000!!!!!!!!!!!!!!!!!
S!C60_H120!00010!~ALV!o!!!0.0000!0.0000!0.0000!0.0000!!!!!!!!!!!!!!!!!
S!C60_H120!00011!~DRILL!o!!1.1999!1.1999!1.1999!0.0000!0.0000!DIAMOND!N!B!n!!!!!!CIRCLE_DRILL!!0.0000!0.0000!!!!
S!C138_1_H85!00001!TOP!o!!CIRCLE!1.3810!1.3810!0.0000!0.0000!!!!0.0000!0.0000!0.0000!0.0000!!!!0.0000!0.0000!0.0000!0.0000!!!
S!C138_1_H85!00002!internal_pad_def!o!!CIRCLE!1.3810!1.3810!0.0000!0.0000!!!!0.0000!0.0000!0.0000!0.0000!!!!0.0000!0.0000!0.0000!0.0000!!!
S!C138_1_H85!00003!BOTTOM!o!!CIRCLE!1.3810!1.3810!0.0000!0.0000!!!!0.0000!0.0000!0.0000!0.0000!!!!0.0000!0.0000!0.0000!0.0000!!!
S!C138_1_H85!00004!~TSM!o!!!0.0000!0.0000!0.0000!0.0000!!!!!!!!!!!!!!!!!
S!C138_1_H85!00005!~BSM!o!!!0.0000!0.0000!0.0000!0.0000!!!!!!!!!!!!!!!!!
S!C138_1_H85!00006!~TPM!o!!!0.0000!0.0000!0.0000!0.0000!!!!!!!!!!!!!!!!!
S!C138_1_H85!00007!~BPM!o!!!0.0000!0.0000!0.0000!0.0000!!!!!!!!!!!!!!!!!
S!C138_1_H85!00008!~TFM!o!!!0.0000!0.0000!0.0000!0.0000!!!!!!!!!!!!!!!!!
S!C138_1_H85!00009!~BFM!o!!!0.0000!0.0000!0.0000!0.0000!!!!!!!!!!!!!!!!!
S!C138_1_H85!00010!~ALV!o!!!0.0000!0.0000!0.0000!0.0000!!!!!!!!!!!!!!!!!
S!C138_1_H85!00011!~DRILL!o!!0.8499!0.8499!0.8499!0.0000!0.0000!DIAMOND!P!A!n!!!!!!CIRCLE_DRILL!!0.0000!0.0000!!!!
S!C157_5_H105!00001!TOP!o!!CIRCLE!1.5751!1.5751!0.0000!0.0000!!!!0.0000!0.0000!0.0000!0.0000!!!!0.0000!0.0000!0.0000!0.0000!!!
S!C157_5_H105!00002!internal_pad_def!o!!CIRCLE!1.5751!1.5751!0.0000!0.0000!!!!0.0000!0.0000!0.0000!0.0000!!!!0.0000!0.0000!0.0000!0.0000!!!
S!C157_5_H105!00003!BOTTOM!o!!CIRCLE!1.5751!1.5751!0.0000!0.0000!!!!0.0000!0.0000!0.0000!0.0000!!!!0.0000!0.0000!0.0000!0.0000!!!
S!C157_5_H105!00004!~TSM!o!!!0.0000!0.0000!0.0000!0.0000!!!!!!!!!!!!!!!!!
S!C157_5_H105!00005!~BSM!o!!!0.0000!0.0000!0.0000!0.0000!!!!!!!!!!!!!!!!!
S!C157_5_H105!00006!~TPM!o!!!0.0000!0.0000!0.0000!0.0000!!!!!!!!!!!!!!!!!
S!C157_5_H105!00007!~BPM!o!!!0.0000!0.0000!0.0000!0.0000!!!!!!!!!!!!!!!!!
S!C157_5_H105!00008!~TFM!o!!!0.0000!0.0000!0.0000!0.0000!!!!!!!!!!!!!!!!!
S!C157_5_H105!00009!~BFM!o!!!0.0000!0.0000!0.0000!0.0000!!!!!!!!!!!!!!!!!
S!C157_5_H105!00010!~ALV!o!!!0.0000!0.0000!0.0000!0.0000!!!!!!!!!!!!!!!!!
S!C157_5_H105!00011!~DRILL!o!!1.0500!1.0500!1.0500!0.0000!0.0000!DIAMOND!P!A!n!!!!!!CIRCLE_DRILL!!0.0000!0.0000!!!!
S!S157_5_H105!00001!TOP!o!!SQUARE!1.5751!1.5751!0.0000!0.0000!!!!0.0000!0.0000!0.0000!0.0000!!!!0.0000!0.0000!0.0000!0.0000!!!
S!S157_5_H105!00002!internal_pad_def!o!!CIRCLE!1.5751!1.5751!0.0000!0.0000!!!!0.0000!0.0000!0.0000!0.0000!!!!0.0000!0.0000!0.0000!0.0000!!!
S!S157_5_H105!00003!BOTTOM!o!!SQUARE!1.5751!1.5751!0.0000!0.0000!!!!0.0000!0.0000!0.0000!0.0000!!!!0.0000!0.0000!0.0000!0.0000!!!
S!S157_5_H105!00004!~TSM!o!!!0.0000!0.0000!0.0000!0.0000!!!!!!!!!!!!!!!!!
S!S157_5_H105!00005!~BSM!o!!!0.0000!0.0000!0.0000!0.0000!!!!!!!!!!!!!!!!!
S!S157_5_H105!00006!~TPM!o!!!0.0000!0.0000!0.0000!0.0000!!!!!!!!!!!!!!!!!
S!S157_5_H105!00007!~BPM!o!!!0.0000!0.0000!0.0000!0.0000!!!!!!!!!!!!!!!!!
S!S157_5_H105!00008!~TFM!o!!!0.0000!0.0000!0.0000!0.0000!!!!!!!!!!!!!!!!!
S!S157_5_H105!00009!~BFM!o!!!0.0000!0.0000!0.0000!0.0000!!!!!!!!!!!!!!!!!
S!S157_5_H105!00010!~ALV!o!!!0.0000!0.0000!0.0000!0.0000!!!!!!!!!!!!!!!!!
S!S157_5_H105!00011!~DRILL!o!!1.0500!1.0500!1.0500!0.0000!0.0000!DIAMOND!P!B!n!!!!!!CIRCLE_DRILL!!0.0000!0.0000!!!!
S!C285_H190!00001!TOP!o!!CIRCLE!2.8499!2.8499!0.0000!0.0000!!!!0.0000!0.0000!0.0000!0.0000!!!!0.0000!0.0000!0.0000!0.0000!!!
S!C285_H190!00002!internal_pad_def!o!!CIRCLE!2.8499!2.8499!0.0000!0.0000!!!!0.0000!0.0000!0.0000!0.0000!!!!0.0000!0.0000!0.0000!0.0000!!!
S!C285_H190!00003!BOTTOM!o!!CIRCLE!2.8499!2.8499!0.0000!0.0000!!!!0.0000!0.0000!0.0000!0.0000!!!!0.0000!0.0000!0.0000!0.0000!!!
S!C285_H190!00004!~TSM!o!!CIRCLE!2.8499!2.8499!0.0000!0.0000!!!!!!!!!!!!!!!!!
S!C285_H190!00005!~BSM!o!!CIRCLE!2.8499!2.8499!0.0000!0.0000!!!!!!!!!!!!!!!!!
S!C285_H190!00006!~TPM!o!!!0.0000!0.0000!0.0000!0.0000!!!!!!!!!!!!!!!!!
S!C285_H190!00007!~BPM!o!!!0.0000!0.0000!0.0000!0.0000!!!!!!!!!!!!!!!!!
S!C285_H190!00008!~TFM!o!!!0.0000!0.0000!0.0000!0.0000!!!!!!!!!!!!!!!!!
S!C285_H190!00009!~BFM!o!!!0.0000!0.0000!0.0000!0.0000!!!!!!!!!!!!!!!!!
S!C285_H190!00010!~ALV!o!!!0.0000!0.0000!0.0000!0.0000!!!!!!!!!!!!!!!!!
S!C285_H190!00011!~DRILL!o!!1.8999!1.8999!1.8999!0.0000!0.0000!DIAMOND!P!B!n!!!!!!CIRCLE_DRILL!!0.0000!0.0000!!!!
S!C228_H152!00001!TOP!o!!CIRCLE!2.2799!2.2799!0.0000!0.0000!!!!0.0000!0.0000!0.0000!0.0000!!!!0.0000!0.0000!0.0000!0.0000!!!
S!C228_H152!00002!internal_pad_def!o!!CIRCLE!2.2799!2.2799!0.0000!0.0000!!!!0.0000!0.0000!0.0000!0.0000!!!!0.0000!0.0000!0.0000!0.0000!!!
S!C228_H152!00003!BOTTOM!o!!CIRCLE!2.2799!2.2799!0.0000!0.0000!!!!0.0000!0.0000!0.0000!0.0000!!!!0.0000!0.0000!0.0000!0.0000!!!
S!C228_H152!00004!~TSM!o!!CIRCLE!2.2799!2.2799!0.0000!0.0000!!!!!!!!!!!!!!!!!
S!C228_H152!00005!~BSM!o!!CIRCLE!2.2799!2.2799!0.0000!0.0000!!!!!!!!!!!!!!!!!
S!C228_H152!00006!~TPM!o!!!0.0000!0.0000!0.0000!0.0000!!!!!!!!!!!!!!!!!
S!C228_H152!00007!~BPM!o!!!0.0000!0.0000!0.0000!0.0000!!!!!!!!!!!!!!!!!
S!C228_H152!00008!~TFM!o!!!0.0000!0.0000!0.0000!0.0000!!!!!!!!!!!!!!!!!
S!C228_H152!00009!~BFM!o!!!0.0000!0.0000!0.0000!0.0000!!!!!!!!!!!!!!!!!
S!C228_H152!00010!~ALV!o!!!0.0000!0.0000!0.0000!0.0000!!!!!!!!!!!!!!!!!
S!C228_H152!00011!~DRILL!o!!1.5199!1.5199!1.5199!0.0000!0.0000!DIAMOND!P!A!n!!!!!!CIRCLE_DRILL!!0.0000!0.0000!!!!
S!R110_80!00001!TOP!o!v!RECTANGLE!0.8001!1.1001!0.0000!0.0000!!!!0.0000!0.0000!0.0000!0.0000!!!!0.0000!0.0000!0.0000!0.0000!!!
S!R110_80!00002!internal_pad_def!o!v!!0.0000!0.0000!0.0000!0.0000!!!!0.0000!0.0000!0.0000!0.0000!!!!0.0000!0.0000!0.0000!0.0000!!!
S!R110_80!00003!BOTTOM!o!v!!0.0000!0.0000!0.0000!0.0000!!!!0.0000!0.0000!0.0000!0.0000!!!!0.0000!0.0000!0.0000!0.0000!!!
S!R110_80!00004!~TSM!o!v!RECTANGLE!0.8001!1.1001!0.0000!0.0000!!!!!!!!!!!!!!!!!
S!R110_80!00005!~BSM!o!v!!0.0000!0.0000!0.0000!0.0000!!!!!!!!!!!!!!!!!
S!R110_80!00006!~TPM!o!v!RECTANGLE!0.8001!1.1001!0.0000!0.0000!!!!!!!!!!!!!!!!!
S!R110_80!00007!~BPM!o!v!!0.0000!0.0000!0.0000!0.0000!!!!!!!!!!!!!!!!!
S!R110_80!00008!~TFM!o!v!!0.0000!0.0000!0.0000!0.0000!!!!!!!!!!!!!!!!!
S!R110_80!00009!~BFM!o!v!!0.0000!0.0000!0.0000!0.0000!!!!!!!!!!!!!!!!!
S!R110_80!00010!~ALV!o!v!!0.0000!0.0000!0.0000!0.0000!!!!!!!!!!!!!!!!!
S!R110_80!00011!~DRILL!o!v!0.0000!0.0000!0.0000!0.0000!0.0000!!P!!n!!!!!!NONE!!0.0000!0.0000!!!!
S!R110_76!00001!TOP!o!v!RECTANGLE!0.7600!1.1001!0.0000!0.0000!!!!0.0000!0.0000!0.0000!0.0000!!!!0.0000!0.0000!0.0000!0.0000!!!
S!R110_76!00002!internal_pad_def!o!v!!0.0000!0.0000!0.0000!0.0000!!!!0.0000!0.0000!0.0000!0.0000!!!!0.0000!0.0000!0.0000!0.0000!!!
S!R110_76!00003!BOTTOM!o!v!!0.0000!0.0000!0.0000!0.0000!!!!0.0000!0.0000!0.0000!0.0000!!!!0.0000!0.0000!0.0000!0.0000!!!
S!R110_76!00004!~TSM!o!v!RECTANGLE!0.7600!1.1001!0.0000!0.0000!!!!!!!!!!!!!!!!!
S!R110_76!00005!~BSM!o!v!!0.0000!0.0000!0.0000!0.0000!!!!!!!!!!!!!!!!!
S!R110_76!00006!~TPM!o!v!RECTANGLE!0.7600!1.1001!0.0000!0.0000!!!!!!!!!!!!!!!!!
S!R110_76!00007!~BPM!o!v!!0.0000!0.0000!0.0000!0.0000!!!!!!!!!!!!!!!!!
S!R110_76!00008!~TFM!o!v!!0.0000!0.0000!0.0000!0.0000!!!!!!!!!!!!!!!!!
S!R110_76!00009!~BFM!o!v!!0.0000!0.0000!0.0000!0.0000!!!!!!!!!!!!!!!!!
S!R110_76!00010!~ALV!o!v!!0.0000!0.0000!0.0000!0.0000!!!!!!!!!!!!!!!!!
S!R110_76!00011!~DRILL!o!v!0.0000!0.0000!0.0000!0.0000!0.0000!!P!!n!!!!!!NONE!!0.0000!0.0000!!!!
S!R110_70!00001!TOP!o!v!RECTANGLE!0.7000!1.1001!0.0000!0.0000!!!!0.0000!0.0000!0.0000!0.0000!!!!0.0000!0.0000!0.0000!0.0000!!!
S!R110_70!00002!internal_pad_def!o!v!!0.0000!0.0000!0.0000!0.0000!!!!0.0000!0.0000!0.0000!0.0000!!!!0.0000!0.0000!0.0000!0.0000!!!
S!R110_70!00003!BOTTOM!o!v!!0.0000!0.0000!0.0000!0.0000!!!!0.0000!0.0000!0.0000!0.0000!!!!0.0000!0.0000!0.0000!0.0000!!!
S!R110_70!00004!~TSM!o!v!RECTANGLE!0.7000!1.1001!0.0000!0.0000!!!!!!!!!!!!!!!!!
S!R110_70!00005!~BSM!o!v!!0.0000!0.0000!0.0000!0.0000!!!!!!!!!!!!!!!!!
S!R110_70!00006!~TPM!o!v!RECTANGLE!0.7000!1.1001!0.0000!0.0000!!!!!!!!!!!!!!!!!
S!R110_70!00007!~BPM!o!v!!0.0000!0.0000!0.0000!0.0000!!!!!!!!!!!!!!!!!
S!R110_70!00008!~TFM!o!v!!0.0000!0.0000!0.0000!0.0000!!!!!!!!!!!!!!!!!
S!R110_70!00009!~BFM!o!v!!0.0000!0.0000!0.0000!0.0000!!!!!!!!!!!!!!!!!
S!R110_70!00010!~ALV!o!v!!0.0000!0.0000!0.0000!0.0000!!!!!!!!!!!!!!!!!
S!R110_70!00011!~DRILL!o!v!0.0000!0.0000!0.0000!0.0000!0.0000!!P!!n!!!!!!NONE!!0.0000!0.0000!!!!
S!C262_5_H175!00001!TOP!o!!CIRCLE!2.6251!2.6251!0.0000!0.0000!!!!0.0000!0.0000!0.0000!0.0000!!!!0.0000!0.0000!0.0000!0.0000!!!
S!C262_5_H175!00002!internal_pad_def!o!!CIRCLE!2.6251!2.6251!0.0000!0.0000!!!!0.0000!0.0000!0.0000!0.0000!!!!0.0000!0.0000!0.0000!0.0000!!!
S!C262_5_H175!00003!BOTTOM!o!!CIRCLE!2.6251!2.6251!0.0000!0.0000!!!!0.0000!0.0000!0.0000!0.0000!!!!0.0000!0.0000!0.0000!0.0000!!!
S!C262_5_H175!00004!~TSM!o!!!0.0000!0.0000!0.0000!0.0000!!!!!!!!!!!!!!!!!
S!C262_5_H175!00005!~BSM!o!!!0.0000!0.0000!0.0000!0.0000!!!!!!!!!!!!!!!!!
S!C262_5_H175!00006!~TPM!o!!!0.0000!0.0000!0.0000!0.0000!!!!!!!!!!!!!!!!!
S!C262_5_H175!00007!~BPM!o!!!0.0000!0.0000!0.0000!0.0000!!!!!!!!!!!!!!!!!
S!C262_5_H175!00008!~TFM!o!!!0.0000!0.0000!0.0000!0.0000!!!!!!!!!!!!!!!!!
S!C262_5_H175!00009!~BFM!o!!!0.0000!0.0000!0.0000!0.0000!!!!!!!!!!!!!!!!!
S!C262_5_H175!00010!~ALV!o!!!0.0000!0.0000!0.0000!0.0000!!!!!!!!!!!!!!!!!
S!C262_5_H175!00011!~DRILL!o!!1.7501!1.7501!1.7501!0.0000!0.0000!DIAMOND!P!A!n!!!!!!CIRCLE_DRILL!!0.0000!0.0000!!!!
S!S262_5_H175!00001!TOP!o!!SQUARE!2.6251!2.6251!0.0000!0.0000!!!!0.0000!0.0000!0.0000!0.0000!!!!0.0000!0.0000!0.0000!0.0000!!!
S!S262_5_H175!00002!internal_pad_def!o!!CIRCLE!2.6251!2.6251!0.0000!0.0000!!!!0.0000!0.0000!0.0000!0.0000!!!!0.0000!0.0000!0.0000!0.0000!!!
S!S262_5_H175!00003!BOTTOM!o!!SQUARE!2.6251!2.6251!0.0000!0.0000!!!!0.0000!0.0000!0.0000!0.0000!!!!0.0000!0.0000!0.0000!0.0000!!!
S!S262_5_H175!00004!~TSM!o!!!0.0000!0.0000!0.0000!0.0000!!!!!!!!!!!!!!!!!
S!S262_5_H175!00005!~BSM!o!!!0.0000!0.0000!0.0000!0.0000!!!!!!!!!!!!!!!!!
S!S262_5_H175!00006!~TPM!o!!!0.0000!0.0000!0.0000!0.0000!!!!!!!!!!!!!!!!!
S!S262_5_H175!00007!~BPM!o!!!0.0000!0.0000!0.0000!0.0000!!!!!!!!!!!!!!!!!
S!S262_5_H175!00008!~TFM!o!!!0.0000!0.0000!0.0000!0.0000!!!!!!!!!!!!!!!!!
S!S262_5_H175!00009!~BFM!o!!!0.0000!0.0000!0.0000!0.0000!!!!!!!!!!!!!!!!!
S!S262_5_H175!00010!~ALV!o!!!0.0000!0.0000!0.0000!0.0000!!!!!!!!!!!!!!!!!
S!S262_5_H175!00011!~DRILL!o!!1.7501!1.7501!1.7501!0.0000!0.0000!DIAMOND!P!B!n!!!!!!CIRCLE_DRILL!!0.0000!0.0000!!!!
S!R325_130!00001!TOP!o!v!RECTANGLE!1.3000!3.2499!0.0000!0.0000!!!!0.0000!0.0000!0.0000!0.0000!!!!0.0000!0.0000!0.0000!0.0000!!!
S!R325_130!00002!internal_pad_def!o!v!!0.0000!0.0000!0.0000!0.0000!!!!0.0000!0.0000!0.0000!0.0000!!!!0.0000!0.0000!0.0000!0.0000!!!
S!R325_130!00003!BOTTOM!o!v!!0.0000!0.0000!0.0000!0.0000!!!!0.0000!0.0000!0.0000!0.0000!!!!0.0000!0.0000!0.0000!0.0000!!!
S!R325_130!00004!~TSM!o!v!!0.0000!0.0000!0.0000!0.0000!!!!!!!!!!!!!!!!!
S!R325_130!00005!~BSM!o!v!!0.0000!0.0000!0.0000!0.0000!!!!!!!!!!!!!!!!!
S!R325_130!00006!~TPM!o!v!!0.0000!0.0000!0.0000!0.0000!!!!!!!!!!!!!!!!!
S!R325_130!00007!~BPM!o!v!!0.0000!0.0000!0.0000!0.0000!!!!!!!!!!!!!!!!!
S!R325_130!00008!~TFM!o!v!!0.0000!0.0000!0.0000!0.0000!!!!!!!!!!!!!!!!!
S!R325_130!00009!~BFM!o!v!!0.0000!0.0000!0.0000!0.0000!!!!!!!!!!!!!!!!!
S!R325_130!00010!~ALV!o!v!!0.0000!0.0000!0.0000!0.0000!!!!!!!!!!!!!!!!!
S!R325_130!00011!~DRILL!o!v!0.0000!0.0000!0.0000!0.0000!0.0000!!P!!n!!!!!!NONE!!0.0000!0.0000!!!!
S!R130_95!00001!TOP!o!v!RECTANGLE!0.9500!1.3000!0.0000!0.0000!!!!0.0000!0.0000!0.0000!0.0000!!!!0.0000!0.0000!0.0000!0.0000!!!
S!R130_95!00002!internal_pad_def!o!v!!0.0000!0.0000!0.0000!0.0000!!!!0.0000!0.0000!0.0000!0.0000!!!!0.0000!0.0000!0.0000!0.0000!!!
S!R130_95!00003!BOTTOM!o!v!!0.0000!0.0000!0.0000!0.0000!!!!0.0000!0.0000!0.0000!0.0000!!!!0.0000!0.0000!0.0000!0.0000!!!
S!R130_95!00004!~TSM!o!v!!0.0000!0.0000!0.0000!0.0000!!!!!!!!!!!!!!!!!
S!R130_95!00005!~BSM!o!v!!0.0000!0.0000!0.0000!0.0000!!!!!!!!!!!!!!!!!
S!R130_95!00006!~TPM!o!v!!0.0000!0.0000!0.0000!0.0000!!!!!!!!!!!!!!!!!
S!R130_95!00007!~BPM!o!v!!0.0000!0.0000!0.0000!0.0000!!!!!!!!!!!!!!!!!
S!R130_95!00008!~TFM!o!v!!0.0000!0.0000!0.0000!0.0000!!!!!!!!!!!!!!!!!
S!R130_95!00009!~BFM!o!v!!0.0000!0.0000!0.0000!0.0000!!!!!!!!!!!!!!!!!
S!R130_95!00010!~ALV!o!v!!0.0000!0.0000!0.0000!0.0000!!!!!!!!!!!!!!!!!
S!R130_95!00011!~DRILL!o!v!0.0000!0.0000!0.0000!0.0000!0.0000!!P!!n!!!!!!NONE!!0.0000!0.0000!!!!
S!R147_5_60!00001!TOP!o!v!RECTANGLE!0.5999!1.4750!0.0000!0.0000!!!!0.0000!0.0000!0.0000!0.0000!!!!0.0000!0.0000!0.0000!0.0000!!!
S!R147_5_60!00002!internal_pad_def!o!v!!0.0000!0.0000!0.0000!0.0000!!!!0.0000!0.0000!0.0000!0.0000!!!!0.0000!0.0000!0.0000!0.0000!!!
S!R147_5_60!00003!BOTTOM!o!v!!0.0000!0.0000!0.0000!0.0000!!!!0.0000!0.0000!0.0000!0.0000!!!!0.0000!0.0000!0.0000!0.0000!!!
S!R147_5_60!00004!~TSM!o!v!!0.0000!0.0000!0.0000!0.0000!!!!!!!!!!!!!!!!!
S!R147_5_60!00005!~BSM!o!v!!0.0000!0.0000!0.0000!0.0000!!!!!!!!!!!!!!!!!
S!R147_5_60!00006!~TPM!o!v!!0.0000!0.0000!0.0000!0.0000!!!!!!!!!!!!!!!!!
S!R147_5_60!00007!~BPM!o!v!!0.0000!0.0000!0.0000!0.0000!!!!!!!!!!!!!!!!!
S!R147_5_60!00008!~TFM!o!v!!0.0000!0.0000!0.0000!0.0000!!!!!!!!!!!!!!!!!
S!R147_5_60!00009!~BFM!o!v!!0.0000!0.0000!0.0000!0.0000!!!!!!!!!!!!!!!!!
S!R147_5_60!00010!~ALV!o!v!!0.0000!0.0000!0.0000!0.0000!!!!!!!!!!!!!!!!!
S!R147_5_60!00011!~DRILL!o!v!0.0000!0.0000!0.0000!0.0000!0.0000!!P!!n!!!!!!NONE!!0.0000!0.0000!!!!
S!R150_100!00001!TOP!o!v!RECTANGLE!1.0000!1.5001!0.0000!0.0000!!!!0.0000!0.0000!0.0000!0.0000!!!!0.0000!0.0000!0.0000!0.0000!!!
S!R150_100!00002!internal_pad_def!o!v!!0.0000!0.0000!0.0000!0.0000!!!!0.0000!0.0000!0.0000!0.0000!!!!0.0000!0.0000!0.0000!0.0000!!!
S!R150_100!00003!BOTTOM!o!v!!0.0000!0.0000!0.0000!0.0000!!!!0.0000!0.0000!0.0000!0.0000!!!!0.0000!0.0000!0.0000!0.0000!!!
S!R150_100!00004!~TSM!o!v!!0.0000!0.0000!0.0000!0.0000!!!!!!!!!!!!!!!!!
S!R150_100!00005!~BSM!o!v!!0.0000!0.0000!0.0000!0.0000!!!!!!!!!!!!!!!!!
S!R150_100!00006!~TPM!o!v!!0.0000!0.0000!0.0000!0.0000!!!!!!!!!!!!!!!!!
S!R150_100!00007!~BPM!o!v!!0.0000!0.0000!0.0000!0.0000!!!!!!!!!!!!!!!!!
S!R150_100!00008!~TFM!o!v!!0.0000!0.0000!0.0000!0.0000!!!!!!!!!!!!!!!!!
S!R150_100!00009!~BFM!o!v!!0.0000!0.0000!0.0000!0.0000!!!!!!!!!!!!!!!!!
S!R150_100!00010!~ALV!o!v!!0.0000!0.0000!0.0000!0.0000!!!!!!!!!!!!!!!!!
S!R150_100!00011!~DRILL!o!v!0.0000!0.0000!0.0000!0.0000!0.0000!!P!!n!!!!!!NONE!!0.0000!0.0000!!!!
S!R178_104!00001!TOP!o!v!RECTANGLE!1.0399!1.7800!0.0000!0.0000!!!!0.0000!0.0000!0.0000!0.0000!!!!0.0000!0.0000!0.0000!0.0000!!!
S!R178_104!00002!internal_pad_def!o!v!!0.0000!0.0000!0.0000!0.0000!!!!0.0000!0.0000!0.0000!0.0000!!!!0.0000!0.0000!0.0000!0.0000!!!
S!R178_104!00003!BOTTOM!o!v!!0.0000!0.0000!0.0000!0.0000!!!!0.0000!0.0000!0.0000!0.0000!!!!0.0000!0.0000!0.0000!0.0000!!!
S!R178_104!00004!~TSM!o!v!!0.0000!0.0000!0.0000!0.0000!!!!!!!!!!!!!!!!!
S!R178_104!00005!~BSM!o!v!!0.0000!0.0000!0.0000!0.0000!!!!!!!!!!!!!!!!!
S!R178_104!00006!~TPM!o!v!!0.0000!0.0000!0.0000!0.0000!!!!!!!!!!!!!!!!!
S!R178_104!00007!~BPM!o!v!!0.0000!0.0000!0.0000!0.0000!!!!!!!!!!!!!!!!!
S!R178_104!00008!~TFM!o!v!!0.0000!0.0000!0.0000!0.0000!!!!!!!!!!!!!!!!!
S!R178_104!00009!~BFM!o!v!!0.0000!0.0000!0.0000!0.0000!!!!!!!!!!!!!!!!!
S!R178_104!00010!~ALV!o!v!!0.0000!0.0000!0.0000!0.0000!!!!!!!!!!!!!!!!!
S!R178_104!00011!~DRILL!o!v!0.0000!0.0000!0.0000!0.0000!0.0000!!P!!n!!!!!!NONE!!0.0000!0.0000!!!!
