(---------------------------------------------------------------------)
(                                                                     )
(    Allegro Netrev Import Logic                                      )
(                                                                     )
(    Drawing          : ne555_led.brd                                 )
(    Software Version : unreleased                                    )
(    Date/Time        : Sun Mar 19 19:11:24 2023                      )
(                                                                     )
(---------------------------------------------------------------------)


------ Directives ------------

Ripup etch:                  No
Ripup delete first segment:  No
Ripup retain bondwire:       No
Ripup symbols:               Always
Missing symbol has error:    No
DRC update:                  Yes
Schematic directory:         'D:\.workshop\Programming\lowlevel\pcb\NE555\allegro'
Design Directory:            'D:/.workshop/Programming/lowlevel/pcb/NE555/allegro'
Old design name:             'D:/.workshop/Programming/lowlevel/pcb/NE555/allegro/ne555_led.brd'
New design name:             'D:/.workshop/Programming/lowlevel/pcb/NE555/allegro/ne555_led.brd'

CmdLine: netrev.exe -y 1 -n -i D:\.workshop\Programming\lowlevel\pcb\NE555\allegro D:/.workshop/Programming/lowlevel/pcb/NE555/allegro/ne555_led.brd D:/.workshop/Programming/lowlevel/pcb/NE555/allegro/ne555_led.brd

------ Preparing to read pst files ------

Starting to read D:/.workshop/Programming/lowlevel/pcb/NE555/allegro/pstchip.dat 
   Finished reading D:/.workshop/Programming/lowlevel/pcb/NE555/allegro/pstchip.dat (00:00:00.06)
Starting to read D:/.workshop/Programming/lowlevel/pcb/NE555/allegro/pstxprt.dat 
   Finished reading D:/.workshop/Programming/lowlevel/pcb/NE555/allegro/pstxprt.dat (00:00:00.00)
Starting to read D:/.workshop/Programming/lowlevel/pcb/NE555/allegro/pstxnet.dat 
   Finished reading D:/.workshop/Programming/lowlevel/pcb/NE555/allegro/pstxnet.dat (00:00:00.00)

------ Oversights/Warnings/Errors ------


#1   WARNING(SPMHNI-192): Device/Symbol check warning detected. [help]

WARNING(SPMHNI-194): Symbol 'DIP254P762X533-8N' used by RefDes U2 for device '555B_DIP254P762X533-8N_555B' not found. 
The symbol either does not exist in the library path (PSMPATH) or is an old symbol from a previous release.  

Set the correct library path if not set or use dbdoctor to migrate old

    Alternatively, the JEDEC_TYPE is not defined for the device in the pstchip.dat.

------ Library Paths ------
MODULEPATH =  . 
           C:/Cadence/SPB_17.4/share/local/pcb/modules 

PSMPATH =  . 
           symbols 
           .. 
           ../symbols 
           C:/Cadence/SPB_17.4/share/local/pcb/symbols 
           C:/Cadence/SPB_17.4/share/pcb/pcb_lib/symbols 
           C:/Cadence/SPB_17.4/share/pcb/allegrolib/symbols 

PADPATH =  . 
           symbols 
           .. 
           ../symbols 
           C:/Cadence/SPB_17.4/share/local/pcb/padstacks 
           C:/Cadence/SPB_17.4/share/pcb/pcb_lib/symbols 
           C:/Cadence/SPB_17.4/share/pcb/allegrolib/symbols 


------ Summary Statistics ------


netrev run on Mar 19 19:11:24 2023
   DESIGN NAME : 'NE555_LED'
   PACKAGING ON Oct  7 2019 04:16:49

   COMPILE 'logic'
   CHECK_PIN_NAMES OFF
   CROSS_REFERENCE OFF
   FEEDBACK OFF
   INCREMENTAL OFF
   INTERFACE_TYPE PHYSICAL
   MAX_ERRORS 500
   MERGE_MINIMUM 5
   NET_NAME_CHARS '#%&()*+-./:=>?@[]^_`|'
   NET_NAME_LENGTH 24
   OVERSIGHTS ON
   REPLACE_CHECK OFF
   SINGLE_NODE_NETS ON
   SPLIT_MINIMUM 0
   SUPPRESS   20
   WARNINGS ON

 No error detected
 No oversight detected
  1 warnings detected

cpu time      0:04:16
elapsed time  0:00:02

