Sat Jan 20 22:36:40 2024				Page     1


 
Update Symbols/Modules Logfile
	Sat Jan 20 22:36:40 2024

------ Module Refresh Messages ------

SUMMARY:    Updated 0 out of 0 modules

------ End Module Messages     ------



(---------------------------------------------------------------------)
(                                                                     )
(    Refresh Symbol                                                   )
(                                                                     )
(    Drawing          : mps-3.brd                                     )
(    Software Version : 23.1P001                                      )
(    Date/Time        : Sat Jan 20 22:36:40 2024                      )
(                                                                     )
(---------------------------------------------------------------------)


Sat Jan 20 22:36:40 2024				Page     1


------ Symbol Refresh Directives ------

Input design  = 'C:/USERS/USEROOT/DOCUMENTS/GITHUB/DOSTI/DEVELOPMENTPROJECTS/MPS V3/SCH&BRD/allegro/mps-3.brd'
Output design = ''

Update STEP mapping data only          = 'YES'
Update mechanical symbols              = 'NO'
Update format symbols                  = 'NO'
Update package symbols                 = 'YES'
Update shape/flash symbols             = 'NO'
Update symbol padstacks                = 'NO'
Preserve padstacks replaced on pins    = 'NO'
Reset symbol text and size locations   = 'NO'
Reset Pin Escapes (fanouts)            = 'NO'
Ripup Etch                             = 'NO'
Reset custom drill data                = 'NO'


------ Library Paths ------
PSMPATH =  . 
           symbols 
           .. 
           ../symbols 
           c:/cadence/spb_23.1/share/local/pcb/symbols 
           c:/cadence/spb_23.1/share/pcb/pcb_lib/symbols 
           c:/cadence/spb_23.1/share/pcb/allegrolib/symbols 

PADPATH =  . 
           symbols 
           .. 
           ../symbols 
           c:/cadence/spb_23.1/share/local/pcb/padstacks 
           c:/cadence/spb_23.1/share/pcb/pcb_lib/symbols 
           c:/cadence/spb_23.1/share/pcb/allegrolib/symbols 


------ Symbol Refresh Messages ------



----- Symbol Update Summary ----

Updated symbols: 13 out 13
    Design updated.

