2024-05-13 14:21:58,243 [INFO] Activator:176 - 


2024-05-13 14:21:58,252 [INFO] Activator:177 - !SESSION log4j initialized
2024-05-13 14:22:02,866 [INFO] LogOutputStream:77 - [STDOUT_REDIRECT] 
2024-05-13 14:22:12,754 [INFO] ApplicationProperties:184 - Using Application install path: C:\ST\STM32CubeIDE_1.12.0\STM32CubeIDE\plugins\com.st.stm32cube.common.mx_6.11.1.202404110753
2024-05-13 14:22:12,805 [INFO] DbMcusXml:78 - Set database path to: C:\ST\STM32CubeIDE_1.12.0\STM32CubeIDE\plugins\com.st.stm32cube.common.mx_6.11.1.202404110753\\db\/mcu/
2024-05-13 14:22:12,806 [INFO] ApiDb:274 - Set plugin database path to: C:\ST\STM32CubeIDE_1.12.0\STM32CubeIDE\plugins\com.st.stm32cube.common.mx_6.11.1.202404110753\\db\/plugins/boardmanager/
2024-05-13 14:22:12,807 [WARN] ApiDb:259 - Overriding images path with different value:  => C:\ST\STM32CubeIDE_1.12.0\STM32CubeIDE\plugins\com.st.stm32cube.common.mx_6.11.1.202404110753\\db\/plugins/mcufinder/images/
2024-05-13 14:22:12,844 [INFO] ApiDb:250 - Set database path to: C:\Users\Prometheus\.stmcufinder\plugins\mcufinder//mcu/
2024-05-13 14:22:12,846 [INFO] DbMcusAds:125 - Set database path to: C:\Users\Prometheus\.stmcufinder\plugins\mcufinder//mcu/
2024-05-13 14:22:12,852 [INFO] CrossReferenceDbSqlite:203 - Set database path to: C:\Users\Prometheus\.stmcufinder\plugins\mcufinder//mcu/cs/
2024-05-13 14:22:13,111 [INFO] RulesReader:64 - Compatibility file has been processed (297 Rules)
2024-05-13 14:22:13,317 [INFO] DbMcusXml:78 - Set database path to: C:\ST\STM32CubeIDE_1.12.0\STM32CubeIDE\plugins\com.st.stm32cube.common.mx_6.11.1.202404110753\\db\/mcu/
2024-05-13 14:22:13,317 [INFO] ApiDb:274 - Set plugin database path to: C:\ST\STM32CubeIDE_1.12.0\STM32CubeIDE\plugins\com.st.stm32cube.common.mx_6.11.1.202404110753\\db\/plugins/boardmanager/
2024-05-13 14:22:13,317 [INFO] ApiDb:261 - Set plugin images path to: C:\ST\STM32CubeIDE_1.12.0\STM32CubeIDE\plugins\com.st.stm32cube.common.mx_6.11.1.202404110753\\db\/plugins/mcufinder/images/
2024-05-13 14:22:13,318 [WARN] DbFile:41 - Overriding database path with different value: C:\Users\Prometheus\.stmcufinder\plugins\mcufinder/ => C:\Users\Prometheus\.stmcufinder\plugins\mcufinder
2024-05-13 14:22:13,318 [INFO] ApiDb:250 - Set database path to: C:\Users\Prometheus\.stmcufinder\plugins\mcufinder//mcu/
2024-05-13 14:22:13,318 [WARN] DbFile:41 - Overriding database path with different value: C:\Users\Prometheus\.stmcufinder\plugins\mcufinder/ => C:\Users\Prometheus\.stmcufinder\plugins\mcufinder
2024-05-13 14:22:13,318 [INFO] DbMcusAds:125 - Set database path to: C:\Users\Prometheus\.stmcufinder\plugins\mcufinder//mcu/
2024-05-13 14:22:13,319 [WARN] DbFile:41 - Overriding database path with different value: C:\Users\Prometheus\.stmcufinder\plugins\mcufinder/ => C:\Users\Prometheus\.stmcufinder\plugins\mcufinder
2024-05-13 14:22:13,319 [WARN] DbFile:41 - Overriding database path with different value: C:\Users\Prometheus\.stmcufinder\plugins\mcufinder/ => C:\Users\Prometheus\.stmcufinder\plugins\mcufinder
2024-05-13 14:22:13,319 [INFO] CrossReferenceDbSqlite:203 - Set database path to: C:\Users\Prometheus\.stmcufinder\plugins\mcufinder//mcu/cs/
2024-05-13 14:22:13,520 [INFO] MainPanel:264 - HeapMemory: 268435456
2024-05-13 14:22:13,768 [INFO] DbMcusXml:78 - Set database path to: C:\ST\STM32CubeIDE_1.12.0\STM32CubeIDE\plugins\com.st.stm32cube.common.mx_6.11.1.202404110753\\db\/mcu/
2024-05-13 14:22:13,768 [INFO] ApiDb:274 - Set plugin database path to: C:\ST\STM32CubeIDE_1.12.0\STM32CubeIDE\plugins\com.st.stm32cube.common.mx_6.11.1.202404110753\\db\/plugins/boardmanager/
2024-05-13 14:22:13,769 [INFO] ApiDb:261 - Set plugin images path to: C:\ST\STM32CubeIDE_1.12.0\STM32CubeIDE\plugins\com.st.stm32cube.common.mx_6.11.1.202404110753\\db\/plugins/mcufinder/images/
2024-05-13 14:22:13,770 [WARN] DbFile:41 - Overriding database path with different value: C:\Users\Prometheus\.stmcufinder\plugins\mcufinder/ => C:\Users\Prometheus\.stmcufinder\plugins\mcufinder
2024-05-13 14:22:13,770 [INFO] ApiDb:250 - Set database path to: C:\Users\Prometheus\.stmcufinder\plugins\mcufinder//mcu/
2024-05-13 14:22:13,770 [WARN] DbFile:41 - Overriding database path with different value: C:\Users\Prometheus\.stmcufinder\plugins\mcufinder/ => C:\Users\Prometheus\.stmcufinder\plugins\mcufinder
2024-05-13 14:22:13,770 [INFO] DbMcusAds:125 - Set database path to: C:\Users\Prometheus\.stmcufinder\plugins\mcufinder//mcu/
2024-05-13 14:22:13,771 [WARN] DbFile:41 - Overriding database path with different value: C:\Users\Prometheus\.stmcufinder\plugins\mcufinder/ => C:\Users\Prometheus\.stmcufinder\plugins\mcufinder
2024-05-13 14:22:13,771 [WARN] DbFile:41 - Overriding database path with different value: C:\Users\Prometheus\.stmcufinder\plugins\mcufinder/ => C:\Users\Prometheus\.stmcufinder\plugins\mcufinder
2024-05-13 14:22:13,789 [INFO] CrossReferenceDbSqlite:203 - Set database path to: C:\Users\Prometheus\.stmcufinder\plugins\mcufinder//mcu/cs/
2024-05-13 14:22:13,838 [INFO] ApplicationProperties:184 - Using Application install path: C:\ST\STM32CubeIDE_1.12.0\STM32CubeIDE\plugins\com.st.stm32cube.common.mx_6.11.1.202404110753
2024-05-13 14:22:13,843 [INFO] PluginManage:196 - Search for loadable plugins [exclusion list=, ]
2024-05-13 14:22:13,847 [INFO] PluginManage:310 - Check plugin analytics
2024-05-13 14:22:18,812 [INFO] AnalyticsPlugin:253 - Accepted Software Licenses: 
2024-05-13 14:22:18,814 [INFO] AnalyticsPlugin:255 - Accepted CMSIS Pack Licenses: 
2024-05-13 14:22:18,814 [INFO] AnalyticsPlugin:257 - Accepted Firmware Licenses: 
2024-05-13 14:22:18,819 [INFO] PluginManage:359 - Loaded plugin analytics (category:tool,tabindex:-1)
2024-05-13 14:22:18,820 [INFO] PluginManage:310 - Check plugin cadmodel
2024-05-13 14:22:19,101 [INFO] CADModel:105 - Init CAD model plugin
2024-05-13 14:22:19,101 [INFO] PluginManage:359 - Loaded plugin cadmodel (category:power,tabindex:5)
2024-05-13 14:22:19,102 [INFO] PluginManage:310 - Check plugin clock
2024-05-13 14:22:19,174 [INFO] PluginManage:359 - Loaded plugin clock (category:base,tabindex:2)
2024-05-13 14:22:19,174 [INFO] PluginManage:310 - Check plugin ddr
2024-05-13 14:22:19,182 [INFO] PluginManage:359 - Loaded plugin ddr (category:tool,tabindex:6)
2024-05-13 14:22:19,182 [INFO] PluginManage:310 - Check plugin filemanager
2024-05-13 14:22:19,526 [INFO] PluginManage:359 - Loaded plugin filemanager (category:base,tabindex:10)
2024-05-13 14:22:19,526 [INFO] PluginManage:310 - Check plugin ipmanager
2024-05-13 14:22:19,540 [INFO] PluginManage:359 - Loaded plugin ipmanager (category:base,tabindex:5)
2024-05-13 14:22:19,540 [INFO] PluginManage:310 - Check plugin lpbam
2024-05-13 14:22:19,567 [INFO] PluginManage:359 - Loaded plugin lpbam (category:base,tabindex:0)
2024-05-13 14:22:19,567 [INFO] PluginManage:310 - Check plugin memorymap
2024-05-13 14:22:19,630 [INFO] PluginManage:359 - Loaded plugin memorymap (category:base,tabindex:4)
2024-05-13 14:22:19,630 [INFO] PluginManage:310 - Check plugin pinoutandconfiguration
2024-05-13 14:22:19,657 [INFO] PluginManage:359 - Loaded plugin pinoutandconfiguration (category:base,tabindex:1)
2024-05-13 14:22:19,657 [INFO] PluginManage:310 - Check plugin pinoutconfig
2024-05-13 14:22:19,885 [WARN] SupportedApi:132 - Cannot load RTOS API schema: s4s-elt-must-match.1: The content of 'definitions' must match (annotation?, (simpleType | complexType)?, (unique | key | keyref)*)). A problem was found starting at: attribute.
2024-05-13 14:22:20,134 [INFO] PluginManage:359 - Loaded plugin pinoutconfig (category:base,tabindex:0)
2024-05-13 14:22:20,134 [INFO] PluginManage:310 - Check plugin power
2024-05-13 14:22:20,168 [INFO] PluginManage:359 - Loaded plugin power (category:power,tabindex:4)
2024-05-13 14:22:20,168 [INFO] PluginManage:310 - Check plugin projectmanager
2024-05-13 14:22:20,196 [INFO] PluginManage:359 - Loaded plugin projectmanager (category:projectmanager,tabindex:3)
2024-05-13 14:22:20,196 [INFO] PluginManage:310 - Check plugin thirdparty
2024-05-13 14:22:20,670 [INFO] PluginManage:359 - Loaded plugin thirdparty (category:base,tabindex:-1)
2024-05-13 14:22:20,670 [WARN] IntegrityCheckThread:84 - waiting for thirdparty lock release [integrity check]
2024-05-13 14:22:20,670 [INFO] PluginManage:310 - Check plugin tools
2024-05-13 14:22:20,671 [INFO] IntegrityCheckThread:86 - entering critical section [integrity check]
2024-05-13 14:22:20,672 [INFO] ThirdPartyUpdaterWithRetryManager:70 - Updater plugin not ready yet. [1/15]
2024-05-13 14:22:20,723 [INFO] PluginManage:359 - Loaded plugin tools (category:base,tabindex:7)
2024-05-13 14:22:20,723 [INFO] PluginManage:310 - Check plugin tutovideos
2024-05-13 14:22:21,199 [INFO] PluginManage:359 - Loaded plugin tutovideos (category:base,tabindex:-1)
2024-05-13 14:22:21,199 [INFO] PluginManage:310 - Check plugin updater
2024-05-13 14:22:21,224 [INFO] PluginManage:359 - Loaded plugin updater (category:base,tabindex:12)
2024-05-13 14:22:21,224 [INFO] PluginManage:310 - Check plugin userauth
2024-05-13 14:22:21,236 [INFO] UserAuth:114 - Init User Auth plugin
2024-05-13 14:22:21,236 [INFO] PluginManage:359 - Loaded plugin userauth (category:base,tabindex:14)
2024-05-13 14:22:21,237 [INFO] PluginManage:283 - PluginManage : Loaded plugins [17]
2024-05-13 14:22:21,701 [INFO] PinOutPanel:1561 - setPackage(No Configuration,No Configuration)
2024-05-13 14:22:21,829 [INFO] CADModel:165 - CPN selected for project level
2024-05-13 14:22:21,829 [INFO] CADModel:114 - Register for checkConnection events
2024-05-13 14:22:21,887 [INFO] IPUIPlugin:80 - create IPUIPlugin
2024-05-13 14:22:21,887 [INFO] PluginManager:220 - loadIPPluginJar : add adc
2024-05-13 14:22:21,966 [INFO] IPUIPlugin:80 - create IPUIPlugin
2024-05-13 14:22:21,966 [INFO] PluginManager:220 - loadIPPluginJar : add aes
2024-05-13 14:22:22,064 [INFO] IPUIPlugin:80 - create IPUIPlugin
2024-05-13 14:22:22,065 [INFO] PluginManager:220 - loadIPPluginJar : add can
2024-05-13 14:22:22,115 [INFO] IPUIPlugin:80 - create IPUIPlugin
2024-05-13 14:22:22,115 [INFO] PluginManager:220 - loadIPPluginJar : add comp
2024-05-13 14:22:22,165 [INFO] IPUIPlugin:80 - create IPUIPlugin
2024-05-13 14:22:22,165 [INFO] PluginManager:220 - loadIPPluginJar : add cryp
2024-05-13 14:22:22,209 [INFO] IPUIPlugin:80 - create IPUIPlugin
2024-05-13 14:22:22,209 [INFO] PluginManager:220 - loadIPPluginJar : add dfsdm
2024-05-13 14:22:22,234 [INFO] IPUIPlugin:80 - create IPUIPlugin
2024-05-13 14:22:22,236 [INFO] PluginManager:220 - loadIPPluginJar : add dma
2024-05-13 14:22:22,316 [INFO] IPUIPlugin:80 - create IPUIPlugin
2024-05-13 14:22:22,316 [INFO] PluginManager:220 - loadIPPluginJar : add dma3
2024-05-13 14:22:22,381 [INFO] IPUIPlugin:80 - create IPUIPlugin
2024-05-13 14:22:22,381 [INFO] PluginManager:220 - loadIPPluginJar : add extmemmanager
2024-05-13 14:22:22,412 [INFO] IPUIPlugin:80 - create IPUIPlugin
2024-05-13 14:22:22,412 [INFO] PluginManager:220 - loadIPPluginJar : add fatfs
2024-05-13 14:22:22,481 [INFO] IPUIPlugin:80 - create IPUIPlugin
2024-05-13 14:22:22,481 [INFO] PluginManager:220 - loadIPPluginJar : add fmc
2024-05-13 14:22:22,504 [INFO] IPUIPlugin:80 - create IPUIPlugin
2024-05-13 14:22:22,505 [INFO] PluginManager:220 - loadIPPluginJar : add freertos
2024-05-13 14:22:22,537 [INFO] IPUIPlugin:80 - create IPUIPlugin
2024-05-13 14:22:22,537 [INFO] PluginManager:220 - loadIPPluginJar : add genericplugin
2024-05-13 14:22:22,679 [INFO] IPUIPlugin:80 - create IPUIPlugin
2024-05-13 14:22:22,680 [INFO] PluginManager:220 - loadIPPluginJar : add gfxmmu
2024-05-13 14:22:22,878 [INFO] IPUIPlugin:80 - create IPUIPlugin
2024-05-13 14:22:22,878 [INFO] PluginManager:220 - loadIPPluginJar : add gic
2024-05-13 14:22:22,964 [INFO] IPUIPlugin:80 - create IPUIPlugin
2024-05-13 14:22:22,965 [INFO] PluginManager:220 - loadIPPluginJar : add gpio
2024-05-13 14:22:23,138 [INFO] IPUIPlugin:80 - create IPUIPlugin
2024-05-13 14:22:23,138 [INFO] PluginManager:220 - loadIPPluginJar : add gtzc
2024-05-13 14:22:23,245 [INFO] IPUIPlugin:80 - create IPUIPlugin
2024-05-13 14:22:23,245 [INFO] PluginManager:220 - loadIPPluginJar : add hash
2024-05-13 14:22:23,327 [INFO] IPUIPlugin:80 - create IPUIPlugin
2024-05-13 14:22:23,328 [INFO] PluginManager:220 - loadIPPluginJar : add i2c
2024-05-13 14:22:23,389 [INFO] IPUIPlugin:80 - create IPUIPlugin
2024-05-13 14:22:23,389 [INFO] PluginManager:220 - loadIPPluginJar : add i2s
2024-05-13 14:22:23,451 [INFO] IPUIPlugin:80 - create IPUIPlugin
2024-05-13 14:22:23,451 [INFO] PluginManager:220 - loadIPPluginJar : add i3c
2024-05-13 14:22:23,672 [INFO] ThirdPartyUpdaterWithRetryManager:70 - Updater plugin not ready yet. [2/15]
2024-05-13 14:22:23,673 [INFO] IPUIPlugin:80 - create IPUIPlugin
2024-05-13 14:22:23,673 [INFO] PluginManager:220 - loadIPPluginJar : add ipddr
2024-05-13 14:22:23,886 [INFO] IPUIPlugin:80 - create IPUIPlugin
2024-05-13 14:22:23,886 [INFO] PluginManager:220 - loadIPPluginJar : add linkedlist
2024-05-13 14:22:23,960 [INFO] IPUIPlugin:80 - create IPUIPlugin
2024-05-13 14:22:23,960 [INFO] PluginManager:220 - loadIPPluginJar : add lorawan
2024-05-13 14:22:24,017 [INFO] IPUIPlugin:80 - create IPUIPlugin
2024-05-13 14:22:24,018 [INFO] PluginManager:220 - loadIPPluginJar : add ltdc
2024-05-13 14:22:24,060 [INFO] IPUIPlugin:80 - create IPUIPlugin
2024-05-13 14:22:24,061 [INFO] PluginManager:220 - loadIPPluginJar : add mdma
2024-05-13 14:22:24,098 [INFO] IPUIPlugin:80 - create IPUIPlugin
2024-05-13 14:22:24,098 [INFO] PluginManager:220 - loadIPPluginJar : add nvic
2024-05-13 14:22:24,181 [INFO] IPUIPlugin:80 - create IPUIPlugin
2024-05-13 14:22:24,181 [INFO] PluginManager:220 - loadIPPluginJar : add opamp
2024-05-13 14:22:24,291 [INFO] IPUIPlugin:80 - create IPUIPlugin
2024-05-13 14:22:24,291 [INFO] PluginManager:220 - loadIPPluginJar : add openamp
2024-05-13 14:22:24,448 [INFO] IPUIPlugin:80 - create IPUIPlugin
2024-05-13 14:22:24,448 [INFO] PluginManager:220 - loadIPPluginJar : add pdm2pcm
2024-05-13 14:22:24,485 [INFO] IPUIPlugin:80 - create IPUIPlugin
2024-05-13 14:22:24,488 [INFO] PluginManager:220 - loadIPPluginJar : add plateformsettings
2024-05-13 14:22:24,521 [INFO] IPUIPlugin:80 - create IPUIPlugin
2024-05-13 14:22:24,521 [INFO] PluginManager:220 - loadIPPluginJar : add quadspi
2024-05-13 14:22:24,562 [INFO] IPUIPlugin:80 - create IPUIPlugin
2024-05-13 14:22:24,563 [INFO] PluginManager:220 - loadIPPluginJar : add resmgrutility
2024-05-13 14:22:24,656 [INFO] IPUIPlugin:80 - create IPUIPlugin
2024-05-13 14:22:24,657 [INFO] PluginManager:220 - loadIPPluginJar : add sai
2024-05-13 14:22:24,732 [INFO] IPUIPlugin:80 - create IPUIPlugin
2024-05-13 14:22:24,733 [INFO] PluginManager:220 - loadIPPluginJar : add spi
2024-05-13 14:22:24,843 [INFO] IPUIPlugin:80 - create IPUIPlugin
2024-05-13 14:22:24,844 [INFO] PluginManager:220 - loadIPPluginJar : add stm32_wpan
2024-05-13 14:22:24,974 [INFO] IPUIPlugin:80 - create IPUIPlugin
2024-05-13 14:22:24,974 [INFO] PluginManager:220 - loadIPPluginJar : add tim
2024-05-13 14:22:25,091 [INFO] IPUIPlugin:80 - create IPUIPlugin
2024-05-13 14:22:25,091 [INFO] PluginManager:220 - loadIPPluginJar : add touchsensing
2024-05-13 14:22:25,137 [INFO] IPUIPlugin:80 - create IPUIPlugin
2024-05-13 14:22:25,138 [INFO] PluginManager:220 - loadIPPluginJar : add tracer_emb
2024-05-13 14:22:25,183 [INFO] IPUIPlugin:80 - create IPUIPlugin
2024-05-13 14:22:25,183 [INFO] PluginManager:220 - loadIPPluginJar : add ts
2024-05-13 14:22:25,217 [INFO] IPUIPlugin:80 - create IPUIPlugin
2024-05-13 14:22:25,217 [INFO] PluginManager:220 - loadIPPluginJar : add tsc
2024-05-13 14:22:25,249 [INFO] IPUIPlugin:80 - create IPUIPlugin
2024-05-13 14:22:25,249 [INFO] PluginManager:220 - loadIPPluginJar : add ucpd
2024-05-13 14:22:25,319 [INFO] IPUIPlugin:80 - create IPUIPlugin
2024-05-13 14:22:25,319 [INFO] PluginManager:220 - loadIPPluginJar : add usart
2024-05-13 14:22:25,383 [INFO] IPUIPlugin:80 - create IPUIPlugin
2024-05-13 14:22:25,384 [INFO] PluginManager:220 - loadIPPluginJar : add usbx
2024-05-13 14:22:25,586 [INFO] CADModel:165 - CPN selected for project level
2024-05-13 14:22:25,586 [INFO] CADModel:114 - Register for checkConnection events
2024-05-13 14:22:25,587 [FATAL] Updater:308 - Updater called before beeing initialized
2024-05-13 14:22:25,587 [ERROR] CADModel:125 - Updater not yet initialized, retry later 
2024-05-13 14:22:26,076 [INFO] CADModel:165 - CPN selected for project level
2024-05-13 14:22:26,076 [INFO] CADModel:114 - Register for checkConnection events
2024-05-13 14:22:26,076 [FATAL] Updater:308 - Updater called before beeing initialized
2024-05-13 14:22:26,076 [ERROR] CADModel:125 - Updater not yet initialized, retry later 
2024-05-13 14:22:26,081 [FATAL] Updater:308 - Updater called before beeing initialized
2024-05-13 14:22:26,279 [FATAL] Updater:308 - Updater called before beeing initialized
2024-05-13 14:22:26,294 [INFO] DbMcusAds:53 - JSON generation date=Wed Nov 29 15:52:27 ORAT 2023 (1701255147349)
2024-05-13 14:22:26,294 [FATAL] Updater:308 - Updater called before beeing initialized
2024-05-13 14:22:26,464 [WARN] DetailPanel:346 - Failed to get advertising image, set to default
2024-05-13 14:22:26,621 [FATAL] Updater:308 - Updater called before beeing initialized
2024-05-13 14:22:26,628 [FATAL] Updater:308 - Updater called before beeing initialized
2024-05-13 14:22:26,628 [FATAL] Updater:308 - Updater called before beeing initialized
2024-05-13 14:22:26,628 [WARN] DetailPanel:346 - Failed to get advertising image, set to default
2024-05-13 14:22:26,629 [FATAL] Updater:308 - Updater called before beeing initialized
2024-05-13 14:22:26,673 [INFO] ThirdPartyUpdaterWithRetryManager:70 - Updater plugin not ready yet. [3/15]
2024-05-13 14:22:26,742 [ERROR] Updater:1120 - MainUpdater not yet initialized. External WinMGr cannot be set.
2024-05-13 14:22:26,757 [INFO] Updater:1056 - Updater Version found : 6.11.1
2024-05-13 14:22:26,788 [INFO] ApplicationProperties:184 - Using Application install path: C:\ST\STM32CubeIDE_1.12.0\STM32CubeIDE\plugins\com.st.stm32cube.common.mx_6.11.1.202404110753
2024-05-13 14:22:28,185 [INFO] MainUpdater:2873 - connection check result : 10
2024-05-13 14:22:28,186 [INFO] MainUpdater:3567 - Updater definition file requires update
2024-05-13 14:22:28,188 [INFO] MainUpdater:290 - Updater Check For Update Now.
2024-05-13 14:22:28,189 [INFO] MicroXplorer:498 - Change Database Version : DB.6.0.111
2024-05-13 14:22:28,254 [INFO] McuFinderGlobals:63 - Set McuFinder mode to 2 (CubeIDE integrated)
2024-05-13 14:22:28,273 [INFO] UserAuth:415 - Internet connection configuration mode: 1
2024-05-13 14:22:28,337 [INFO] JxBrowserEngine:152 - Initiate JxBrowser Engine with user profile folder
2024-05-13 14:22:28,587 [INFO] ServerAccessManage:473 - Download File updaters.zip
2024-05-13 14:22:28,835 [INFO] FileExtend:240 - Unzip File : updaters.zip
2024-05-13 14:22:28,836 [INFO] FileExtend:255 - Standard Zip Deflate
2024-05-13 14:22:29,596 [INFO] ServerAccessManage:473 - Download File PacksControlFlags.xml
2024-05-13 14:22:29,674 [WARN] MainUpdater:1194 - Updater busy. Cannot search thirdparties
2024-05-13 14:22:29,675 [INFO] ThirdPartyUpdaterWithRetryManager:96 - Updater plugin is busy. [1/15]
2024-05-13 14:22:29,792 [INFO] ServerAccessManage:473 - Download File cubemx.pidx
2024-05-13 14:22:31,355 [INFO] ServerAccessManage:473 - Download File STMicroelectronics.X-CUBE-ALGOBUILD.pdsc
2024-05-13 14:22:32,676 [WARN] MainUpdater:1194 - Updater busy. Cannot search thirdparties
2024-05-13 14:22:32,676 [INFO] ThirdPartyUpdaterWithRetryManager:96 - Updater plugin is busy. [2/15]
2024-05-13 14:22:34,658 [INFO] ServerAccessManage:473 - Download File Cesanta.I-CUBE-Mongoose.pdsc
2024-05-13 14:22:35,484 [ERROR] ServerAccessManage:1089 - Problem, file not found on Server
2024-05-13 14:22:35,638 [WARN] PackLoader:240 - Cannot read IP mode file for STMicroelectronics.X-CUBE-ALGOBUILD.1.4.0
2024-05-13 14:22:35,650 [WARN] PackLoader:240 - Cannot read IP mode file for Cesanta.I-CUBE-Mongoose.7.13.0
2024-05-13 14:22:35,651 [INFO] PopulateThirdPartyThread:66 - Ending populate Thread
2024-05-13 14:22:35,654 [INFO] ThirdParty:1030 - CMSIS Pack Vendor :Cesanta I-CUBE-Mongoose 7.13.0
2024-05-13 14:22:35,654 [INFO] ThirdParty:1030 - CMSIS Pack Vendor :STMicroelectronics X-CUBE-ALGOBUILD 1.4.0
2024-05-13 14:22:35,655 [INFO] LoadServerUpdatesThread:375 - End of LoadServerUpdate Thread
2024-05-13 14:22:35,678 [WARN] MainUpdater:1194 - Updater busy. Cannot search thirdparties
2024-05-13 14:22:35,678 [INFO] ThirdPartyUpdaterWithRetryManager:96 - Updater plugin is busy. [3/15]
2024-05-13 14:22:35,751 [INFO] CheckServerUpdateThread:120 - End of CheckServer Thread
2024-05-13 14:22:38,923 [WARN] PackLoader:240 - Cannot read IP mode file for STMicroelectronics.FP-SNS-MOTENVWB1.1.4.0
2024-05-13 14:22:38,951 [WARN] PackLoader:240 - Cannot read IP mode file for STMicroelectronics.X-CUBE-SMBUS.2.1.0
2024-05-13 14:22:38,972 [WARN] PackLoader:240 - Cannot read IP mode file for STMicroelectronics.X-CUBE-TOUCHGFX.4.23.1
2024-05-13 14:22:38,999 [WARN] PackLoader:240 - Cannot read IP mode file for STMicroelectronics.X-CUBE-TOUCHGFX.4.23.0
2024-05-13 14:22:39,015 [WARN] PackLoader:240 - Cannot read IP mode file for STMicroelectronics.X-CUBE-TOUCHGFX.4.23.2
2024-05-13 14:22:39,063 [INFO] WebApp:161 - Instantiating new browser for Auth
2024-05-13 14:22:39,083 [WARN] PackLoader:240 - Cannot read IP mode file for STMicroelectronics.X-CUBE-AZRTOS-F7.1.1.0
2024-05-13 14:22:39,160 [WARN] PackLoader:240 - Cannot read IP mode file for STMicroelectronics.FP-SNS-MOTENV1.4.3.2
2024-05-13 14:22:39,177 [WARN] PackLoader:240 - Cannot read IP mode file for STMicroelectronics.FP-SNS-FLIGHT1.5.0.2
2024-05-13 14:22:39,202 [WARN] PackLoader:240 - Cannot read IP mode file for STMicroelectronics.X-CUBE-DISPLAY.3.0.0
2024-05-13 14:22:39,241 [WARN] PackLoader:240 - Cannot read IP mode file for STMicroelectronics.X-CUBE-BLE1.7.0.0
2024-05-13 14:22:39,263 [WARN] PackLoader:240 - Cannot read IP mode file for emotas.I-CUBE-CANOPEN.1.3.0
2024-05-13 14:22:39,294 [WARN] PackLoader:240 - Cannot read IP mode file for STMicroelectronics.X-CUBE-BLEMGR.3.1.0
2024-05-13 14:22:39,316 [WARN] PackLoader:240 - Cannot read IP mode file for STMicroelectronics.FP-SNS-SMARTAG2.1.2.0
2024-05-13 14:22:39,365 [INFO] LogOutputStream:77 - [STDOUT_REDIRECT] 1 : Invalid condition id : UX_CORESTACK_Condition cause : null
2024-05-13 14:22:39,365 [INFO] LogOutputStream:77 - [STDOUT_REDIRECT] 1 : Invalid condition id : UX_CORESTACK_Condition cause : null
2024-05-13 14:22:39,367 [INFO] LogOutputStream:77 - [STDOUT_REDIRECT] 1 : Invalid condition id : UX_CORESTACK_Condition cause : null
2024-05-13 14:22:39,369 [INFO] LogOutputStream:77 - [STDOUT_REDIRECT] 1 : Invalid condition id : UX_CORESTACK_Condition cause : null
2024-05-13 14:22:39,371 [INFO] LogOutputStream:77 - [STDOUT_REDIRECT] 1 : Invalid condition id : UX_CORESTACK_Condition cause : null
2024-05-13 14:22:39,375 [WARN] PackLoader:240 - Cannot read IP mode file for STMicroelectronics.X-CUBE-AZRTOS-WL.2.0.0
2024-05-13 14:22:39,396 [WARN] PackLoader:240 - Cannot read IP mode file for STMicroelectronics.FP-SNS-MOTENV1.5.0.0
2024-05-13 14:22:39,428 [WARN] PackLoader:240 - Cannot read IP mode file for WES.I-CUBE-Cesium.1.3.0
2024-05-13 14:22:39,447 [WARN] PackLoader:240 - Cannot read IP mode file for STMicroelectronics.X-CUBE-BLE2.3.3.0
2024-05-13 14:22:39,464 [WARN] PackLoader:240 - Cannot read IP mode file for STMicroelectronics.X-CUBE-TCPP.4.1.0
2024-05-13 14:22:39,490 [WARN] PackLoader:240 - Cannot read IP mode file for STMicroelectronics.X-CUBE-ALGOBUILD.1.3.0
2024-05-13 14:22:39,546 [WARN] PackLoader:240 - Cannot read IP mode file for STMicroelectronics.X-CUBE-AZRTOS-G0.1.1.0
2024-05-13 14:22:39,577 [WARN] PackLoader:240 - Cannot read IP mode file for STMicroelectronics.X-CUBE-SAFEA1.1.2.2
2024-05-13 14:22:39,596 [WARN] PackLoader:240 - Cannot read IP mode file for STMicroelectronics.X-CUBE-NFC4.3.0.0
2024-05-13 14:22:39,605 [WARN] PackLoader:240 - Cannot read IP mode file for STMicroelectronics.FP-ATR-SIGFOX1.3.2.0
2024-05-13 14:22:39,625 [WARN] PackLoader:240 - Cannot read IP mode file for STMicroelectronics.X-CUBE-EEPRMA1.5.1.0
2024-05-13 14:22:39,680 [WARN] PackLoader:240 - Cannot read IP mode file for SEGGER.I-CUBE-embOS.1.3.1
2024-05-13 14:22:39,740 [WARN] PackLoader:240 - Cannot read IP mode file for STMicroelectronics.X-CUBE-ALGOBUILD.1.4.0
2024-05-13 14:22:39,758 [WARN] PackLoader:240 - Cannot read IP mode file for STMicroelectronics.X-CUBE-GNSS1.6.0.0
2024-05-13 14:22:39,812 [WARN] PackLoader:240 - Cannot read IP mode file for STMicroelectronics.X-CUBE-AZRTOS-F4.1.1.0
2024-05-13 14:22:39,831 [WARN] PackLoader:240 - Cannot read IP mode file for STMicroelectronics.X-CUBE-FREERTOS.1.2.0
2024-05-13 14:22:39,849 [WARN] PackLoader:240 - Cannot read IP mode file for wolfSSL.I-CUBE-wolfSSL.5.6.6
2024-05-13 14:22:39,895 [WARN] PackLoader:240 - Cannot read IP mode file for STMicroelectronics.X-CUBE-AZRTOS-L5.2.0.0
2024-05-13 14:22:39,920 [WARN] PackLoader:240 - Cannot read IP mode file for STMicroelectronics.X-CUBE-NFC6.3.1.0
2024-05-13 14:22:39,945 [WARN] PackLoader:240 - Cannot read IP mode file for ITTIA_DB.I-CUBE-ITTIADB.8.8.0
2024-05-13 14:22:39,962 [WARN] PackLoader:240 - Cannot read IP mode file for STMicroelectronics.X-CUBE-AI.9.0.0
2024-05-13 14:22:39,980 [WARN] PackLoader:240 - Cannot read IP mode file for STMicroelectronics.X-CUBE-NFC7.1.0.1
2024-05-13 14:22:39,999 [WARN] PackLoader:240 - Cannot read IP mode file for STMicroelectronics.X-CUBE-NFC6.3.0.0
2024-05-13 14:22:40,020 [WARN] PackLoader:240 - Cannot read IP mode file for STMicroelectronics.X-CUBE-AI.8.1.0
2024-05-13 14:22:40,099 [WARN] ConditionMgr:438 - getConditionDescription Invalid condition id : LAN8742 Phy interface Condition cause : null
2024-05-13 14:22:40,100 [WARN] PackLoader:240 - Cannot read IP mode file for STMicroelectronics.X-CUBE-AZRTOS-L4.2.0.0
2024-05-13 14:22:40,102 [WARN] ConditionMgr:1039 - genDependencies : Invalid condition id : LAN8742 Phy interface Condition cause : null
2024-05-13 14:22:40,102 [WARN] ConditionMgr:1039 - genDependencies : Invalid condition id : LAN8742 Phy interface Condition cause : null
2024-05-13 14:22:40,103 [WARN] ConditionMgr:1039 - genDependencies : Invalid condition id : LAN8742 Phy interface Condition cause : null
2024-05-13 14:22:40,126 [WARN] PackLoader:240 - Cannot read IP mode file for STMicroelectronics.X-CUBE-SFXS2LP1.4.0.0
2024-05-13 14:22:40,197 [WARN] ConditionMgr:438 - getConditionDescription Invalid condition id : UX DEVICE CLASS RTOS Condition cause : null
2024-05-13 14:22:40,198 [WARN] ConditionMgr:438 - getConditionDescription Invalid condition id : UX DEVICE CLASS RTOS Condition cause : null
2024-05-13 14:22:40,202 [WARN] PackLoader:240 - Cannot read IP mode file for STMicroelectronics.X-CUBE-AZRTOS-WB.2.0.0
2024-05-13 14:22:40,203 [WARN] ConditionMgr:1039 - genDependencies : Invalid condition id : UX DEVICE CLASS RTOS Condition cause : null
2024-05-13 14:22:40,204 [WARN] ConditionMgr:1039 - genDependencies : Invalid condition id : UX DEVICE CLASS RTOS Condition cause : null
2024-05-13 14:22:40,204 [WARN] ConditionMgr:1039 - genDependencies : Invalid condition id : UX DEVICE CLASS RTOS Condition cause : null
2024-05-13 14:22:40,205 [WARN] ConditionMgr:1039 - genDependencies : Invalid condition id : UX DEVICE CLASS RTOS Condition cause : null
2024-05-13 14:22:40,205 [WARN] ConditionMgr:1039 - genDependencies : Invalid condition id : UX DEVICE CLASS RTOS Condition cause : null
2024-05-13 14:22:40,236 [WARN] PackLoader:240 - Cannot read IP mode file for STMicroelectronics.X-CUBE-SUBG2.5.0.0
2024-05-13 14:22:40,299 [WARN] PackLoader:240 - Cannot read IP mode file for STMicroelectronics.X-CUBE-AZRTOS-G4.2.0.0
2024-05-13 14:22:40,334 [WARN] PackLoader:240 - Cannot read IP mode file for Infineon.AIROC-Wi-Fi-Bluetooth-STM32.1.5.1
2024-05-13 14:22:40,356 [WARN] PackLoader:240 - Cannot read IP mode file for STMicroelectronics.FP-SNS-MOTENVWB1.1.3.1
2024-05-13 14:22:40,372 [WARN] PackLoader:240 - Cannot read IP mode file for STMicroelectronics.X-CUBE-ISPU.2.0.0
2024-05-13 14:22:40,433 [WARN] PackLoader:240 - Cannot read IP mode file for STMicroelectronics.X-CUBE-MEMS1.10.0.0
2024-05-13 14:22:40,578 [WARN] PackLoader:240 - Cannot read IP mode file for STMicroelectronics.X-CUBE-FREERTOS.1.1.0
2024-05-13 14:22:40,602 [WARN] PackLoader:240 - Cannot read IP mode file for portGmbH.I-Cube-SoM-uGOAL.1.1.0
2024-05-13 14:22:40,624 [WARN] PackLoader:240 - Cannot read IP mode file for STMicroelectronics.X-CUBE-ALS.1.0.1
2024-05-13 14:22:40,668 [WARN] PackLoader:240 - Cannot read IP mode file for STMicroelectronics.X-CUBE-AZRTOS-H7RS.1.0.0
2024-05-13 14:22:40,677 [WARN] PackLoader:240 - Cannot read IP mode file for STMicroelectronics.FP-ATR-ASTRA1.2.0.0
2024-05-13 14:22:40,694 [INFO] WebApp:779 - Register for checkConnection events
2024-05-13 14:22:40,694 [INFO] WebApp:414 - Apply proxy settings
2024-05-13 14:22:40,694 [INFO] WebApp:499 - Chromium requires no authentication
2024-05-13 14:22:40,706 [WARN] PackLoader:240 - Cannot read IP mode file for STMicroelectronics.X-CUBE-TOF1.3.4.1
2024-05-13 14:22:40,714 [INFO] WebApp:442 - Direct internet connection detected
2024-05-13 14:22:40,761 [WARN] PackLoader:240 - Cannot read IP mode file for STMicroelectronics.X-CUBE-AZRTOS-H7.3.2.0
2024-05-13 14:22:40,765 [INFO] ThirdParty:978 - Integrity check success = true
2024-05-13 14:22:40,765 [INFO] IntegrityCheckThread:100 - exiting critical section [integrity check]
2024-05-13 14:22:40,766 [INFO] IntegrityCheckThread:103 - End integrity checks thread
2024-05-13 14:22:41,217 [INFO] WebApp:192 - Starting web application
2024-05-13 14:22:41,218 [INFO] WebApp:544 - Web application path used C:\ST\STM32CubeIDE_1.12.0\STM32CubeIDE\plugins\com.st.stm32cube.common.mx_6.11.1.202404110753\db\plugins\mcufinder\reactClient1\index.html
2024-05-13 14:26:50,125 [ERROR] LogOutputStream:75 - [STDERR_REDIRECT] 
