2024-04-03 18:30:53,860 [INFO] Activator:176 - 


2024-04-03 18:30:53,863 [INFO] Activator:177 - !SESSION log4j initialized
2024-04-03 18:31:00,116 [INFO] LogOutputStream:77 - [STDOUT_REDIRECT] 
2024-04-03 18:31:07,673 [INFO] ApplicationProperties:184 - Using Application install path: C:\ST\STM32CubeIDE_1.12.0\STM32CubeIDE\plugins\com.st.stm32cube.common.mx_6.11.0.202403141607
2024-04-03 18:31:07,708 [INFO] DbMcusXml:78 - Set database path to: C:\ST\STM32CubeIDE_1.12.0\STM32CubeIDE\plugins\com.st.stm32cube.common.mx_6.11.0.202403141607\\db\/mcu/
2024-04-03 18:31:07,709 [INFO] ApiDb:274 - Set plugin database path to: C:\ST\STM32CubeIDE_1.12.0\STM32CubeIDE\plugins\com.st.stm32cube.common.mx_6.11.0.202403141607\\db\/plugins/boardmanager/
2024-04-03 18:31:07,710 [WARN] ApiDb:259 - Overriding images path with different value:  => C:\ST\STM32CubeIDE_1.12.0\STM32CubeIDE\plugins\com.st.stm32cube.common.mx_6.11.0.202403141607\\db\/plugins/mcufinder/images/
2024-04-03 18:31:07,731 [INFO] ApiDb:250 - Set database path to: C:\Users\Prometheus\.stmcufinder\plugins\mcufinder//mcu/
2024-04-03 18:31:07,733 [INFO] DbMcusAds:125 - Set database path to: C:\Users\Prometheus\.stmcufinder\plugins\mcufinder//mcu/
2024-04-03 18:31:07,737 [INFO] CrossReferenceDbSqlite:203 - Set database path to: C:\Users\Prometheus\.stmcufinder\plugins\mcufinder//mcu/cs/
2024-04-03 18:31:08,090 [INFO] RulesReader:64 - Compatibility file has been processed (297 Rules)
2024-04-03 18:31:08,355 [INFO] DbMcusXml:78 - Set database path to: C:\ST\STM32CubeIDE_1.12.0\STM32CubeIDE\plugins\com.st.stm32cube.common.mx_6.11.0.202403141607\\db\/mcu/
2024-04-03 18:31:08,356 [INFO] ApiDb:274 - Set plugin database path to: C:\ST\STM32CubeIDE_1.12.0\STM32CubeIDE\plugins\com.st.stm32cube.common.mx_6.11.0.202403141607\\db\/plugins/boardmanager/
2024-04-03 18:31:08,356 [INFO] ApiDb:261 - Set plugin images path to: C:\ST\STM32CubeIDE_1.12.0\STM32CubeIDE\plugins\com.st.stm32cube.common.mx_6.11.0.202403141607\\db\/plugins/mcufinder/images/
2024-04-03 18:31:08,356 [WARN] DbFile:41 - Overriding database path with different value: C:\Users\Prometheus\.stmcufinder\plugins\mcufinder/ => C:\Users\Prometheus\.stmcufinder\plugins\mcufinder
2024-04-03 18:31:08,357 [INFO] ApiDb:250 - Set database path to: C:\Users\Prometheus\.stmcufinder\plugins\mcufinder//mcu/
2024-04-03 18:31:08,357 [WARN] DbFile:41 - Overriding database path with different value: C:\Users\Prometheus\.stmcufinder\plugins\mcufinder/ => C:\Users\Prometheus\.stmcufinder\plugins\mcufinder
2024-04-03 18:31:08,357 [INFO] DbMcusAds:125 - Set database path to: C:\Users\Prometheus\.stmcufinder\plugins\mcufinder//mcu/
2024-04-03 18:31:08,357 [WARN] DbFile:41 - Overriding database path with different value: C:\Users\Prometheus\.stmcufinder\plugins\mcufinder/ => C:\Users\Prometheus\.stmcufinder\plugins\mcufinder
2024-04-03 18:31:08,358 [WARN] DbFile:41 - Overriding database path with different value: C:\Users\Prometheus\.stmcufinder\plugins\mcufinder/ => C:\Users\Prometheus\.stmcufinder\plugins\mcufinder
2024-04-03 18:31:08,358 [INFO] CrossReferenceDbSqlite:203 - Set database path to: C:\Users\Prometheus\.stmcufinder\plugins\mcufinder//mcu/cs/
2024-04-03 18:31:08,615 [INFO] MainPanel:264 - HeapMemory: 268435456
2024-04-03 18:31:08,922 [INFO] DbMcusXml:78 - Set database path to: C:\ST\STM32CubeIDE_1.12.0\STM32CubeIDE\plugins\com.st.stm32cube.common.mx_6.11.0.202403141607\\db\/mcu/
2024-04-03 18:31:08,923 [INFO] ApiDb:274 - Set plugin database path to: C:\ST\STM32CubeIDE_1.12.0\STM32CubeIDE\plugins\com.st.stm32cube.common.mx_6.11.0.202403141607\\db\/plugins/boardmanager/
2024-04-03 18:31:08,924 [INFO] ApiDb:261 - Set plugin images path to: C:\ST\STM32CubeIDE_1.12.0\STM32CubeIDE\plugins\com.st.stm32cube.common.mx_6.11.0.202403141607\\db\/plugins/mcufinder/images/
2024-04-03 18:31:08,925 [WARN] DbFile:41 - Overriding database path with different value: C:\Users\Prometheus\.stmcufinder\plugins\mcufinder/ => C:\Users\Prometheus\.stmcufinder\plugins\mcufinder
2024-04-03 18:31:08,925 [INFO] ApiDb:250 - Set database path to: C:\Users\Prometheus\.stmcufinder\plugins\mcufinder//mcu/
2024-04-03 18:31:08,925 [WARN] DbFile:41 - Overriding database path with different value: C:\Users\Prometheus\.stmcufinder\plugins\mcufinder/ => C:\Users\Prometheus\.stmcufinder\plugins\mcufinder
2024-04-03 18:31:08,926 [INFO] DbMcusAds:125 - Set database path to: C:\Users\Prometheus\.stmcufinder\plugins\mcufinder//mcu/
2024-04-03 18:31:08,926 [WARN] DbFile:41 - Overriding database path with different value: C:\Users\Prometheus\.stmcufinder\plugins\mcufinder/ => C:\Users\Prometheus\.stmcufinder\plugins\mcufinder
2024-04-03 18:31:08,926 [WARN] DbFile:41 - Overriding database path with different value: C:\Users\Prometheus\.stmcufinder\plugins\mcufinder/ => C:\Users\Prometheus\.stmcufinder\plugins\mcufinder
2024-04-03 18:31:08,927 [INFO] CrossReferenceDbSqlite:203 - Set database path to: C:\Users\Prometheus\.stmcufinder\plugins\mcufinder//mcu/cs/
2024-04-03 18:31:08,983 [INFO] ApplicationProperties:184 - Using Application install path: C:\ST\STM32CubeIDE_1.12.0\STM32CubeIDE\plugins\com.st.stm32cube.common.mx_6.11.0.202403141607
2024-04-03 18:31:08,987 [INFO] PluginManage:196 - Search for loadable plugins [exclusion list=, ]
2024-04-03 18:31:08,990 [INFO] PluginManage:310 - Check plugin analytics
2024-04-03 18:31:09,480 [INFO] AnalyticsPlugin:253 - Accepted Software Licenses: 
2024-04-03 18:31:09,480 [INFO] AnalyticsPlugin:255 - Accepted CMSIS Pack Licenses: 
2024-04-03 18:31:09,480 [INFO] AnalyticsPlugin:257 - Accepted Firmware Licenses: 
2024-04-03 18:31:09,484 [INFO] PluginManage:359 - Loaded plugin analytics (category:tool,tabindex:-1)
2024-04-03 18:31:09,485 [INFO] PluginManage:310 - Check plugin cadmodel
2024-04-03 18:31:09,510 [INFO] CADModel:105 - Init CAD model plugin
2024-04-03 18:31:09,510 [INFO] PluginManage:359 - Loaded plugin cadmodel (category:power,tabindex:5)
2024-04-03 18:31:09,510 [INFO] PluginManage:310 - Check plugin clock
2024-04-03 18:31:09,549 [INFO] PluginManage:359 - Loaded plugin clock (category:base,tabindex:2)
2024-04-03 18:31:09,549 [INFO] PluginManage:310 - Check plugin ddr
2024-04-03 18:31:09,554 [INFO] PluginManage:359 - Loaded plugin ddr (category:tool,tabindex:6)
2024-04-03 18:31:09,554 [INFO] PluginManage:310 - Check plugin filemanager
2024-04-03 18:31:09,885 [INFO] PluginManage:359 - Loaded plugin filemanager (category:base,tabindex:10)
2024-04-03 18:31:09,885 [INFO] PluginManage:310 - Check plugin ipmanager
2024-04-03 18:31:09,901 [INFO] PluginManage:359 - Loaded plugin ipmanager (category:base,tabindex:5)
2024-04-03 18:31:09,901 [INFO] PluginManage:310 - Check plugin lpbam
2024-04-03 18:31:09,931 [INFO] PluginManage:359 - Loaded plugin lpbam (category:base,tabindex:0)
2024-04-03 18:31:09,932 [INFO] PluginManage:310 - Check plugin memorymap
2024-04-03 18:31:09,973 [INFO] PluginManage:359 - Loaded plugin memorymap (category:base,tabindex:4)
2024-04-03 18:31:09,973 [INFO] PluginManage:310 - Check plugin pinoutandconfiguration
2024-04-03 18:31:10,008 [INFO] PluginManage:359 - Loaded plugin pinoutandconfiguration (category:base,tabindex:1)
2024-04-03 18:31:10,009 [INFO] PluginManage:310 - Check plugin pinoutconfig
2024-04-03 18:31:10,228 [WARN] SupportedApi:132 - Cannot load RTOS API schema: s4s-elt-must-match.1: The content of 'definitions' must match (annotation?, (simpleType | complexType)?, (unique | key | keyref)*)). A problem was found starting at: attribute.
2024-04-03 18:31:10,560 [INFO] PluginManage:359 - Loaded plugin pinoutconfig (category:base,tabindex:0)
2024-04-03 18:31:10,561 [INFO] PluginManage:310 - Check plugin power
2024-04-03 18:31:10,601 [INFO] PluginManage:359 - Loaded plugin power (category:power,tabindex:4)
2024-04-03 18:31:10,601 [INFO] PluginManage:310 - Check plugin projectmanager
2024-04-03 18:31:10,641 [INFO] PluginManage:359 - Loaded plugin projectmanager (category:projectmanager,tabindex:3)
2024-04-03 18:31:10,642 [INFO] PluginManage:310 - Check plugin thirdparty
2024-04-03 18:31:11,239 [INFO] PluginManage:359 - Loaded plugin thirdparty (category:base,tabindex:-1)
2024-04-03 18:31:11,238 [WARN] IntegrityCheckThread:84 - waiting for thirdparty lock release [integrity check]
2024-04-03 18:31:11,239 [INFO] PluginManage:310 - Check plugin tools
2024-04-03 18:31:11,239 [INFO] IntegrityCheckThread:86 - entering critical section [integrity check]
2024-04-03 18:31:11,241 [INFO] ThirdPartyUpdaterWithRetryManager:70 - Updater plugin not ready yet. [1/15]
2024-04-03 18:31:11,312 [INFO] PluginManage:359 - Loaded plugin tools (category:base,tabindex:7)
2024-04-03 18:31:11,313 [INFO] PluginManage:310 - Check plugin tutovideos
2024-04-03 18:31:11,734 [INFO] PluginManage:359 - Loaded plugin tutovideos (category:base,tabindex:-1)
2024-04-03 18:31:11,734 [INFO] PluginManage:310 - Check plugin updater
2024-04-03 18:31:11,756 [INFO] PluginManage:359 - Loaded plugin updater (category:base,tabindex:12)
2024-04-03 18:31:11,756 [INFO] PluginManage:310 - Check plugin userauth
2024-04-03 18:31:11,768 [INFO] UserAuth:114 - Init User Auth plugin
2024-04-03 18:31:11,768 [INFO] PluginManage:359 - Loaded plugin userauth (category:base,tabindex:14)
2024-04-03 18:31:11,769 [INFO] PluginManage:283 - PluginManage : Loaded plugins [17]
2024-04-03 18:31:12,339 [INFO] PinOutPanel:1561 - setPackage(No Configuration,No Configuration)
2024-04-03 18:31:12,516 [INFO] CADModel:165 - CPN selected for project level
2024-04-03 18:31:12,516 [INFO] CADModel:114 - Register for checkConnection events
2024-04-03 18:31:12,564 [INFO] IPUIPlugin:80 - create IPUIPlugin
2024-04-03 18:31:12,564 [INFO] PluginManager:220 - loadIPPluginJar : add adc
2024-04-03 18:31:12,648 [INFO] IPUIPlugin:80 - create IPUIPlugin
2024-04-03 18:31:12,648 [INFO] PluginManager:220 - loadIPPluginJar : add aes
2024-04-03 18:31:12,743 [INFO] IPUIPlugin:80 - create IPUIPlugin
2024-04-03 18:31:12,744 [INFO] PluginManager:220 - loadIPPluginJar : add can
2024-04-03 18:31:12,796 [INFO] IPUIPlugin:80 - create IPUIPlugin
2024-04-03 18:31:12,797 [INFO] PluginManager:220 - loadIPPluginJar : add comp
2024-04-03 18:31:12,872 [INFO] IPUIPlugin:80 - create IPUIPlugin
2024-04-03 18:31:12,872 [INFO] PluginManager:220 - loadIPPluginJar : add cryp
2024-04-03 18:31:12,941 [INFO] IPUIPlugin:80 - create IPUIPlugin
2024-04-03 18:31:12,941 [INFO] PluginManager:220 - loadIPPluginJar : add dfsdm
2024-04-03 18:31:12,972 [INFO] IPUIPlugin:80 - create IPUIPlugin
2024-04-03 18:31:12,973 [INFO] PluginManager:220 - loadIPPluginJar : add dma
2024-04-03 18:31:13,069 [INFO] IPUIPlugin:80 - create IPUIPlugin
2024-04-03 18:31:13,069 [INFO] PluginManager:220 - loadIPPluginJar : add dma3
2024-04-03 18:31:13,168 [INFO] IPUIPlugin:80 - create IPUIPlugin
2024-04-03 18:31:13,168 [INFO] PluginManager:220 - loadIPPluginJar : add extmemmanager
2024-04-03 18:31:13,215 [INFO] IPUIPlugin:80 - create IPUIPlugin
2024-04-03 18:31:13,215 [INFO] PluginManager:220 - loadIPPluginJar : add fatfs
2024-04-03 18:31:13,335 [INFO] IPUIPlugin:80 - create IPUIPlugin
2024-04-03 18:31:13,335 [INFO] PluginManager:220 - loadIPPluginJar : add fmc
2024-04-03 18:31:13,368 [INFO] IPUIPlugin:80 - create IPUIPlugin
2024-04-03 18:31:13,369 [INFO] PluginManager:220 - loadIPPluginJar : add freertos
2024-04-03 18:31:13,420 [INFO] IPUIPlugin:80 - create IPUIPlugin
2024-04-03 18:31:13,420 [INFO] PluginManager:220 - loadIPPluginJar : add genericplugin
2024-04-03 18:31:13,625 [INFO] IPUIPlugin:80 - create IPUIPlugin
2024-04-03 18:31:13,626 [INFO] PluginManager:220 - loadIPPluginJar : add gfxmmu
2024-04-03 18:31:13,908 [INFO] IPUIPlugin:80 - create IPUIPlugin
2024-04-03 18:31:13,908 [INFO] PluginManager:220 - loadIPPluginJar : add gic
2024-04-03 18:31:13,939 [INFO] IPUIPlugin:80 - create IPUIPlugin
2024-04-03 18:31:13,939 [INFO] PluginManager:220 - loadIPPluginJar : add gpio
2024-04-03 18:31:14,152 [INFO] IPUIPlugin:80 - create IPUIPlugin
2024-04-03 18:31:14,152 [INFO] PluginManager:220 - loadIPPluginJar : add gtzc
2024-04-03 18:31:14,220 [INFO] IPUIPlugin:80 - create IPUIPlugin
2024-04-03 18:31:14,220 [INFO] PluginManager:220 - loadIPPluginJar : add hash
2024-04-03 18:31:14,241 [INFO] ThirdPartyUpdaterWithRetryManager:70 - Updater plugin not ready yet. [2/15]
2024-04-03 18:31:14,346 [INFO] IPUIPlugin:80 - create IPUIPlugin
2024-04-03 18:31:14,347 [INFO] PluginManager:220 - loadIPPluginJar : add i2c
2024-04-03 18:31:14,429 [INFO] IPUIPlugin:80 - create IPUIPlugin
2024-04-03 18:31:14,429 [INFO] PluginManager:220 - loadIPPluginJar : add i2s
2024-04-03 18:31:14,520 [INFO] IPUIPlugin:80 - create IPUIPlugin
2024-04-03 18:31:14,520 [INFO] PluginManager:220 - loadIPPluginJar : add i3c
2024-04-03 18:31:14,733 [INFO] IPUIPlugin:80 - create IPUIPlugin
2024-04-03 18:31:14,734 [INFO] PluginManager:220 - loadIPPluginJar : add ipddr
2024-04-03 18:31:14,943 [INFO] IPUIPlugin:80 - create IPUIPlugin
2024-04-03 18:31:14,944 [INFO] PluginManager:220 - loadIPPluginJar : add linkedlist
2024-04-03 18:31:15,027 [INFO] IPUIPlugin:80 - create IPUIPlugin
2024-04-03 18:31:15,028 [INFO] PluginManager:220 - loadIPPluginJar : add lorawan
2024-04-03 18:31:15,115 [INFO] IPUIPlugin:80 - create IPUIPlugin
2024-04-03 18:31:15,115 [INFO] PluginManager:220 - loadIPPluginJar : add ltdc
2024-04-03 18:31:15,145 [INFO] IPUIPlugin:80 - create IPUIPlugin
2024-04-03 18:31:15,145 [INFO] PluginManager:220 - loadIPPluginJar : add mdma
2024-04-03 18:31:15,169 [INFO] IPUIPlugin:80 - create IPUIPlugin
2024-04-03 18:31:15,170 [INFO] PluginManager:220 - loadIPPluginJar : add nvic
2024-04-03 18:31:15,242 [INFO] IPUIPlugin:80 - create IPUIPlugin
2024-04-03 18:31:15,243 [INFO] PluginManager:220 - loadIPPluginJar : add opamp
2024-04-03 18:31:15,393 [INFO] IPUIPlugin:80 - create IPUIPlugin
2024-04-03 18:31:15,394 [INFO] PluginManager:220 - loadIPPluginJar : add openamp
2024-04-03 18:31:15,530 [INFO] IPUIPlugin:80 - create IPUIPlugin
2024-04-03 18:31:15,531 [INFO] PluginManager:220 - loadIPPluginJar : add pdm2pcm
2024-04-03 18:31:15,563 [INFO] IPUIPlugin:80 - create IPUIPlugin
2024-04-03 18:31:15,571 [INFO] PluginManager:220 - loadIPPluginJar : add plateformsettings
2024-04-03 18:31:15,619 [INFO] IPUIPlugin:80 - create IPUIPlugin
2024-04-03 18:31:15,619 [INFO] PluginManager:220 - loadIPPluginJar : add quadspi
2024-04-03 18:31:15,641 [INFO] IPUIPlugin:80 - create IPUIPlugin
2024-04-03 18:31:15,641 [INFO] PluginManager:220 - loadIPPluginJar : add resmgrutility
2024-04-03 18:31:15,748 [INFO] IPUIPlugin:80 - create IPUIPlugin
2024-04-03 18:31:15,749 [INFO] PluginManager:220 - loadIPPluginJar : add sai
2024-04-03 18:31:15,825 [INFO] IPUIPlugin:80 - create IPUIPlugin
2024-04-03 18:31:15,826 [INFO] PluginManager:220 - loadIPPluginJar : add spi
2024-04-03 18:31:15,984 [INFO] IPUIPlugin:80 - create IPUIPlugin
2024-04-03 18:31:15,985 [INFO] PluginManager:220 - loadIPPluginJar : add stm32_wpan
2024-04-03 18:31:16,073 [INFO] IPUIPlugin:80 - create IPUIPlugin
2024-04-03 18:31:16,073 [INFO] PluginManager:220 - loadIPPluginJar : add tim
2024-04-03 18:31:16,226 [INFO] IPUIPlugin:80 - create IPUIPlugin
2024-04-03 18:31:16,226 [INFO] PluginManager:220 - loadIPPluginJar : add touchsensing
2024-04-03 18:31:16,286 [INFO] IPUIPlugin:80 - create IPUIPlugin
2024-04-03 18:31:16,286 [INFO] PluginManager:220 - loadIPPluginJar : add tracer_emb
2024-04-03 18:31:16,355 [INFO] IPUIPlugin:80 - create IPUIPlugin
2024-04-03 18:31:16,356 [INFO] PluginManager:220 - loadIPPluginJar : add ts
2024-04-03 18:31:16,410 [INFO] IPUIPlugin:80 - create IPUIPlugin
2024-04-03 18:31:16,410 [INFO] PluginManager:220 - loadIPPluginJar : add tsc
2024-04-03 18:31:16,460 [INFO] IPUIPlugin:80 - create IPUIPlugin
2024-04-03 18:31:16,460 [INFO] PluginManager:220 - loadIPPluginJar : add ucpd
2024-04-03 18:31:16,556 [INFO] IPUIPlugin:80 - create IPUIPlugin
2024-04-03 18:31:16,556 [INFO] PluginManager:220 - loadIPPluginJar : add usart
2024-04-03 18:31:16,644 [INFO] IPUIPlugin:80 - create IPUIPlugin
2024-04-03 18:31:16,644 [INFO] PluginManager:220 - loadIPPluginJar : add usbx
2024-04-03 18:31:16,884 [INFO] CADModel:165 - CPN selected for project level
2024-04-03 18:31:16,885 [INFO] CADModel:114 - Register for checkConnection events
2024-04-03 18:31:16,886 [FATAL] Updater:308 - Updater called before beeing initialized
2024-04-03 18:31:16,886 [ERROR] CADModel:125 - Updater not yet initialized, retry later 
2024-04-03 18:31:17,242 [INFO] ThirdPartyUpdaterWithRetryManager:70 - Updater plugin not ready yet. [3/15]
2024-04-03 18:31:17,445 [INFO] CADModel:165 - CPN selected for project level
2024-04-03 18:31:17,445 [INFO] CADModel:114 - Register for checkConnection events
2024-04-03 18:31:17,445 [FATAL] Updater:308 - Updater called before beeing initialized
2024-04-03 18:31:17,445 [ERROR] CADModel:125 - Updater not yet initialized, retry later 
2024-04-03 18:31:17,454 [FATAL] Updater:308 - Updater called before beeing initialized
2024-04-03 18:31:17,737 [FATAL] Updater:308 - Updater called before beeing initialized
2024-04-03 18:31:17,757 [INFO] DbMcusAds:53 - JSON generation date=Wed Nov 29 15:52:27 ORAT 2023 (1701255147349)
2024-04-03 18:31:17,757 [FATAL] Updater:308 - Updater called before beeing initialized
2024-04-03 18:31:17,929 [WARN] DetailPanel:346 - Failed to get advertising image, set to default
2024-04-03 18:31:18,214 [FATAL] Updater:308 - Updater called before beeing initialized
2024-04-03 18:31:18,218 [FATAL] Updater:308 - Updater called before beeing initialized
2024-04-03 18:31:18,218 [FATAL] Updater:308 - Updater called before beeing initialized
2024-04-03 18:31:18,218 [WARN] DetailPanel:346 - Failed to get advertising image, set to default
2024-04-03 18:31:18,220 [FATAL] Updater:308 - Updater called before beeing initialized
2024-04-03 18:31:18,383 [ERROR] Updater:1120 - MainUpdater not yet initialized. External WinMGr cannot be set.
2024-04-03 18:31:18,403 [INFO] Updater:1056 - Updater Version found : 6.11.0
2024-04-03 18:31:18,444 [INFO] ApplicationProperties:184 - Using Application install path: C:\ST\STM32CubeIDE_1.12.0\STM32CubeIDE\plugins\com.st.stm32cube.common.mx_6.11.0.202403141607
2024-04-03 18:31:19,786 [INFO] MainUpdater:2873 - connection check result : 10
2024-04-03 18:31:19,787 [INFO] MainUpdater:3567 - Updater definition file requires update
2024-04-03 18:31:19,789 [INFO] MainUpdater:290 - Updater Check For Update Now.
2024-04-03 18:31:19,790 [INFO] MicroXplorer:498 - Change Database Version : DB.6.0.110
2024-04-03 18:31:19,823 [INFO] McuFinderGlobals:63 - Set McuFinder mode to 2 (CubeIDE integrated)
2024-04-03 18:31:19,855 [INFO] UserAuth:415 - Internet connection configuration mode: 1
2024-04-03 18:31:19,908 [INFO] JxBrowserEngine:152 - Initiate JxBrowser Engine with user profile folder
2024-04-03 18:31:20,243 [WARN] MainUpdater:1194 - Updater busy. Cannot search thirdparties
2024-04-03 18:31:20,244 [INFO] ThirdPartyUpdaterWithRetryManager:96 - Updater plugin is busy. [1/15]
2024-04-03 18:31:20,380 [INFO] ServerAccessManage:473 - Download File updaters.zip
2024-04-03 18:31:20,556 [INFO] FileExtend:240 - Unzip File : updaters.zip
2024-04-03 18:31:20,556 [INFO] FileExtend:255 - Standard Zip Deflate
2024-04-03 18:31:21,491 [INFO] ServerAccessManage:473 - Download File PacksControlFlags.xml
2024-04-03 18:31:21,769 [INFO] ServerAccessManage:473 - Download File cubemx.pidx
2024-04-03 18:31:23,245 [WARN] MainUpdater:1194 - Updater busy. Cannot search thirdparties
2024-04-03 18:31:23,245 [INFO] ThirdPartyUpdaterWithRetryManager:96 - Updater plugin is busy. [2/15]
2024-04-03 18:31:23,854 [INFO] ServerAccessManage:473 - Download File STMicroelectronics.X-CUBE-TOUCHGFX.pdsc
2024-04-03 18:31:26,247 [WARN] MainUpdater:1194 - Updater busy. Cannot search thirdparties
2024-04-03 18:31:26,247 [INFO] ThirdPartyUpdaterWithRetryManager:96 - Updater plugin is busy. [3/15]
2024-04-03 18:31:28,998 [WARN] PackLoader:240 - Cannot read IP mode file for STMicroelectronics.X-CUBE-TOUCHGFX.4.23.2
2024-04-03 18:31:29,000 [INFO] PopulateThirdPartyThread:66 - Ending populate Thread
2024-04-03 18:31:29,003 [INFO] ThirdParty:1030 - CMSIS Pack Vendor :STMicroelectronics X-CUBE-TOUCHGFX 4.23.2
2024-04-03 18:31:29,004 [INFO] LoadServerUpdatesThread:375 - End of LoadServerUpdate Thread
2024-04-03 18:31:29,153 [INFO] CheckServerUpdateThread:120 - End of CheckServer Thread
2024-04-03 18:31:29,681 [WARN] PackLoader:240 - Cannot read IP mode file for STMicroelectronics.X-CUBE-SMBUS.2.1.0
2024-04-03 18:31:29,706 [WARN] PackLoader:240 - Cannot read IP mode file for STMicroelectronics.X-CUBE-TOUCHGFX.4.23.1
2024-04-03 18:31:29,727 [WARN] PackLoader:240 - Cannot read IP mode file for STMicroelectronics.X-CUBE-TOUCHGFX.4.23.0
2024-04-03 18:31:29,733 [WARN] PackLoader:240 - Cannot read IP mode file for STMicroelectronics.X-CUBE-TOUCHGFX.4.23.2
2024-04-03 18:31:29,844 [WARN] PackLoader:240 - Cannot read IP mode file for STMicroelectronics.X-CUBE-AZRTOS-F7.1.1.0
2024-04-03 18:31:29,877 [WARN] PackLoader:240 - Cannot read IP mode file for STMicroelectronics.FP-SNS-MOTENV1.4.3.2
2024-04-03 18:31:29,894 [WARN] PackLoader:240 - Cannot read IP mode file for STMicroelectronics.FP-SNS-FLIGHT1.5.0.2
2024-04-03 18:31:29,937 [WARN] PackLoader:240 - Cannot read IP mode file for STMicroelectronics.X-CUBE-DISPLAY.3.0.0
2024-04-03 18:31:29,986 [WARN] PackLoader:240 - Cannot read IP mode file for STMicroelectronics.X-CUBE-BLE1.7.0.0
2024-04-03 18:31:30,014 [WARN] PackLoader:240 - Cannot read IP mode file for emotas.I-CUBE-CANOPEN.1.3.0
2024-04-03 18:31:30,063 [WARN] PackLoader:240 - Cannot read IP mode file for STMicroelectronics.X-CUBE-BLEMGR.3.1.0
2024-04-03 18:31:30,105 [WARN] PackLoader:240 - Cannot read IP mode file for STMicroelectronics.FP-SNS-SMARTAG2.1.2.0
2024-04-03 18:31:30,163 [INFO] LogOutputStream:77 - [STDOUT_REDIRECT] 1 : Invalid condition id : UX_CORESTACK_Condition cause : null
2024-04-03 18:31:30,164 [INFO] LogOutputStream:77 - [STDOUT_REDIRECT] 1 : Invalid condition id : UX_CORESTACK_Condition cause : null
2024-04-03 18:31:30,167 [INFO] LogOutputStream:77 - [STDOUT_REDIRECT] 1 : Invalid condition id : UX_CORESTACK_Condition cause : null
2024-04-03 18:31:30,171 [INFO] LogOutputStream:77 - [STDOUT_REDIRECT] 1 : Invalid condition id : UX_CORESTACK_Condition cause : null
2024-04-03 18:31:30,173 [INFO] LogOutputStream:77 - [STDOUT_REDIRECT] 1 : Invalid condition id : UX_CORESTACK_Condition cause : null
2024-04-03 18:31:30,182 [WARN] PackLoader:240 - Cannot read IP mode file for STMicroelectronics.X-CUBE-AZRTOS-WL.2.0.0
2024-04-03 18:31:30,206 [WARN] PackLoader:240 - Cannot read IP mode file for STMicroelectronics.FP-SNS-MOTENV1.5.0.0
2024-04-03 18:31:30,237 [WARN] PackLoader:240 - Cannot read IP mode file for WES.I-CUBE-Cesium.1.3.0
2024-04-03 18:31:30,265 [WARN] PackLoader:240 - Cannot read IP mode file for STMicroelectronics.X-CUBE-BLE2.3.3.0
2024-04-03 18:31:30,292 [WARN] PackLoader:240 - Cannot read IP mode file for STMicroelectronics.X-CUBE-ALGOBUILD.1.3.0
2024-04-03 18:31:30,361 [WARN] PackLoader:240 - Cannot read IP mode file for STMicroelectronics.X-CUBE-AZRTOS-G0.1.1.0
2024-04-03 18:31:30,402 [WARN] PackLoader:240 - Cannot read IP mode file for STMicroelectronics.X-CUBE-SAFEA1.1.2.2
2024-04-03 18:31:30,431 [WARN] PackLoader:240 - Cannot read IP mode file for STMicroelectronics.X-CUBE-NFC4.3.0.0
2024-04-03 18:31:30,442 [WARN] PackLoader:240 - Cannot read IP mode file for STMicroelectronics.FP-ATR-SIGFOX1.3.2.0
2024-04-03 18:31:30,474 [WARN] PackLoader:240 - Cannot read IP mode file for STMicroelectronics.X-CUBE-EEPRMA1.5.1.0
2024-04-03 18:31:30,560 [WARN] PackLoader:240 - Cannot read IP mode file for SEGGER.I-CUBE-embOS.1.3.1
2024-04-03 18:31:30,702 [WARN] PackLoader:240 - Cannot read IP mode file for STMicroelectronics.X-CUBE-GNSS1.6.0.0
2024-04-03 18:31:30,824 [WARN] PackLoader:240 - Cannot read IP mode file for STMicroelectronics.X-CUBE-AZRTOS-F4.1.1.0
2024-04-03 18:31:30,862 [WARN] PackLoader:240 - Cannot read IP mode file for wolfSSL.I-CUBE-wolfSSL.5.6.6
2024-04-03 18:31:30,943 [WARN] PackLoader:240 - Cannot read IP mode file for STMicroelectronics.X-CUBE-AZRTOS-L5.2.0.0
2024-04-03 18:31:30,983 [WARN] PackLoader:240 - Cannot read IP mode file for STMicroelectronics.X-CUBE-NFC6.3.1.0
2024-04-03 18:31:31,011 [WARN] PackLoader:240 - Cannot read IP mode file for ITTIA_DB.I-CUBE-ITTIADB.8.8.0
2024-04-03 18:31:31,036 [WARN] PackLoader:240 - Cannot read IP mode file for STMicroelectronics.X-CUBE-NFC7.1.0.1
2024-04-03 18:31:31,067 [WARN] PackLoader:240 - Cannot read IP mode file for STMicroelectronics.X-CUBE-NFC6.3.0.0
2024-04-03 18:31:31,096 [WARN] PackLoader:240 - Cannot read IP mode file for STMicroelectronics.X-CUBE-AI.8.1.0
2024-04-03 18:31:31,169 [WARN] ConditionMgr:438 - getConditionDescription Invalid condition id : LAN8742 Phy interface Condition cause : null
2024-04-03 18:31:31,171 [WARN] PackLoader:240 - Cannot read IP mode file for STMicroelectronics.X-CUBE-AZRTOS-L4.2.0.0
2024-04-03 18:31:31,175 [WARN] ConditionMgr:1039 - genDependencies : Invalid condition id : LAN8742 Phy interface Condition cause : null
2024-04-03 18:31:31,175 [WARN] ConditionMgr:1039 - genDependencies : Invalid condition id : LAN8742 Phy interface Condition cause : null
2024-04-03 18:31:31,177 [WARN] ConditionMgr:1039 - genDependencies : Invalid condition id : LAN8742 Phy interface Condition cause : null
2024-04-03 18:31:31,207 [WARN] PackLoader:240 - Cannot read IP mode file for STMicroelectronics.X-CUBE-SFXS2LP1.4.0.0
2024-04-03 18:31:31,263 [INFO] WebApp:161 - Instantiating new browser for Auth
2024-04-03 18:31:31,294 [WARN] ConditionMgr:438 - getConditionDescription Invalid condition id : UX DEVICE CLASS RTOS Condition cause : null
2024-04-03 18:31:31,294 [WARN] ConditionMgr:438 - getConditionDescription Invalid condition id : UX DEVICE CLASS RTOS Condition cause : null
2024-04-03 18:31:31,300 [WARN] PackLoader:240 - Cannot read IP mode file for STMicroelectronics.X-CUBE-AZRTOS-WB.2.0.0
2024-04-03 18:31:31,302 [WARN] ConditionMgr:1039 - genDependencies : Invalid condition id : UX DEVICE CLASS RTOS Condition cause : null
2024-04-03 18:31:31,303 [WARN] ConditionMgr:1039 - genDependencies : Invalid condition id : UX DEVICE CLASS RTOS Condition cause : null
2024-04-03 18:31:31,304 [WARN] ConditionMgr:1039 - genDependencies : Invalid condition id : UX DEVICE CLASS RTOS Condition cause : null
2024-04-03 18:31:31,305 [WARN] ConditionMgr:1039 - genDependencies : Invalid condition id : UX DEVICE CLASS RTOS Condition cause : null
2024-04-03 18:31:31,305 [WARN] ConditionMgr:1039 - genDependencies : Invalid condition id : UX DEVICE CLASS RTOS Condition cause : null
2024-04-03 18:31:31,366 [WARN] PackLoader:240 - Cannot read IP mode file for STMicroelectronics.X-CUBE-SUBG2.5.0.0
2024-04-03 18:31:31,425 [WARN] PackLoader:240 - Cannot read IP mode file for STMicroelectronics.X-CUBE-AZRTOS-G4.2.0.0
2024-04-03 18:31:31,470 [WARN] PackLoader:240 - Cannot read IP mode file for Infineon.AIROC-Wi-Fi-Bluetooth-STM32.1.5.1
2024-04-03 18:31:31,503 [WARN] PackLoader:240 - Cannot read IP mode file for STMicroelectronics.FP-SNS-MOTENVWB1.1.3.1
2024-04-03 18:31:31,527 [WARN] PackLoader:240 - Cannot read IP mode file for STMicroelectronics.X-CUBE-ISPU.2.0.0
2024-04-03 18:31:31,632 [WARN] PackLoader:240 - Cannot read IP mode file for STMicroelectronics.X-CUBE-MEMS1.10.0.0
2024-04-03 18:31:31,879 [WARN] PackLoader:240 - Cannot read IP mode file for STMicroelectronics.X-CUBE-FREERTOS.1.1.0
2024-04-03 18:31:31,900 [WARN] PackLoader:240 - Cannot read IP mode file for portGmbH.I-Cube-SoM-uGOAL.1.1.0
2024-04-03 18:31:31,921 [WARN] PackLoader:240 - Cannot read IP mode file for STMicroelectronics.X-CUBE-ALS.1.0.1
2024-04-03 18:31:31,929 [WARN] PackLoader:240 - Cannot read IP mode file for STMicroelectronics.FP-ATR-ASTRA1.2.0.0
2024-04-03 18:31:31,968 [WARN] PackLoader:240 - Cannot read IP mode file for STMicroelectronics.X-CUBE-TOF1.3.4.1
2024-04-03 18:31:32,048 [WARN] PackLoader:240 - Cannot read IP mode file for STMicroelectronics.X-CUBE-AZRTOS-H7.3.2.0
2024-04-03 18:31:32,053 [INFO] ThirdParty:978 - Integrity check success = true
2024-04-03 18:31:32,053 [INFO] IntegrityCheckThread:100 - exiting critical section [integrity check]
2024-04-03 18:31:32,053 [INFO] IntegrityCheckThread:103 - End integrity checks thread
2024-04-03 18:31:32,631 [INFO] WebApp:779 - Register for checkConnection events
2024-04-03 18:31:32,632 [INFO] WebApp:414 - Apply proxy settings
2024-04-03 18:31:32,632 [INFO] WebApp:499 - Chromium requires no authentication
2024-04-03 18:31:32,649 [INFO] WebApp:442 - Direct internet connection detected
2024-04-03 18:31:33,126 [INFO] WebApp:192 - Starting web application
2024-04-03 18:31:33,126 [INFO] WebApp:544 - Web application path used C:\ST\STM32CubeIDE_1.12.0\STM32CubeIDE\plugins\com.st.stm32cube.common.mx_6.11.0.202403141607\db\plugins\mcufinder\reactClient1\index.html
2024-04-03 18:38:21,979 [ERROR] LogOutputStream:75 - [STDERR_REDIRECT] 
