2024-04-17 13:17:29,152 [INFO] Activator:176 - 


2024-04-17 13:17:29,165 [INFO] Activator:177 - !SESSION log4j initialized
2024-04-17 13:17:35,848 [INFO] LogOutputStream:77 - [STDOUT_REDIRECT] 
2024-04-17 13:17:46,861 [INFO] ApplicationProperties:184 - Using Application install path: C:\ST\STM32CubeIDE_1.12.0\STM32CubeIDE\plugins\com.st.stm32cube.common.mx_6.11.0.202403141607
2024-04-17 13:17:46,897 [INFO] DbMcusXml:78 - Set database path to: C:\ST\STM32CubeIDE_1.12.0\STM32CubeIDE\plugins\com.st.stm32cube.common.mx_6.11.0.202403141607\\db\/mcu/
2024-04-17 13:17:46,897 [INFO] ApiDb:274 - Set plugin database path to: C:\ST\STM32CubeIDE_1.12.0\STM32CubeIDE\plugins\com.st.stm32cube.common.mx_6.11.0.202403141607\\db\/plugins/boardmanager/
2024-04-17 13:17:46,898 [WARN] ApiDb:259 - Overriding images path with different value:  => C:\ST\STM32CubeIDE_1.12.0\STM32CubeIDE\plugins\com.st.stm32cube.common.mx_6.11.0.202403141607\\db\/plugins/mcufinder/images/
2024-04-17 13:17:46,916 [INFO] ApiDb:250 - Set database path to: C:\Users\Prometheus\.stmcufinder\plugins\mcufinder//mcu/
2024-04-17 13:17:46,918 [INFO] DbMcusAds:125 - Set database path to: C:\Users\Prometheus\.stmcufinder\plugins\mcufinder//mcu/
2024-04-17 13:17:46,926 [INFO] CrossReferenceDbSqlite:203 - Set database path to: C:\Users\Prometheus\.stmcufinder\plugins\mcufinder//mcu/cs/
2024-04-17 13:17:47,191 [INFO] RulesReader:64 - Compatibility file has been processed (297 Rules)
2024-04-17 13:17:47,382 [INFO] DbMcusXml:78 - Set database path to: C:\ST\STM32CubeIDE_1.12.0\STM32CubeIDE\plugins\com.st.stm32cube.common.mx_6.11.0.202403141607\\db\/mcu/
2024-04-17 13:17:47,382 [INFO] ApiDb:274 - Set plugin database path to: C:\ST\STM32CubeIDE_1.12.0\STM32CubeIDE\plugins\com.st.stm32cube.common.mx_6.11.0.202403141607\\db\/plugins/boardmanager/
2024-04-17 13:17:47,383 [INFO] ApiDb:261 - Set plugin images path to: C:\ST\STM32CubeIDE_1.12.0\STM32CubeIDE\plugins\com.st.stm32cube.common.mx_6.11.0.202403141607\\db\/plugins/mcufinder/images/
2024-04-17 13:17:47,383 [WARN] DbFile:41 - Overriding database path with different value: C:\Users\Prometheus\.stmcufinder\plugins\mcufinder/ => C:\Users\Prometheus\.stmcufinder\plugins\mcufinder
2024-04-17 13:17:47,384 [INFO] ApiDb:250 - Set database path to: C:\Users\Prometheus\.stmcufinder\plugins\mcufinder//mcu/
2024-04-17 13:17:47,384 [WARN] DbFile:41 - Overriding database path with different value: C:\Users\Prometheus\.stmcufinder\plugins\mcufinder/ => C:\Users\Prometheus\.stmcufinder\plugins\mcufinder
2024-04-17 13:17:47,384 [INFO] DbMcusAds:125 - Set database path to: C:\Users\Prometheus\.stmcufinder\plugins\mcufinder//mcu/
2024-04-17 13:17:47,384 [WARN] DbFile:41 - Overriding database path with different value: C:\Users\Prometheus\.stmcufinder\plugins\mcufinder/ => C:\Users\Prometheus\.stmcufinder\plugins\mcufinder
2024-04-17 13:17:47,384 [WARN] DbFile:41 - Overriding database path with different value: C:\Users\Prometheus\.stmcufinder\plugins\mcufinder/ => C:\Users\Prometheus\.stmcufinder\plugins\mcufinder
2024-04-17 13:17:47,385 [INFO] CrossReferenceDbSqlite:203 - Set database path to: C:\Users\Prometheus\.stmcufinder\plugins\mcufinder//mcu/cs/
2024-04-17 13:17:47,553 [INFO] MainPanel:264 - HeapMemory: 268435456
2024-04-17 13:17:47,734 [INFO] DbMcusXml:78 - Set database path to: C:\ST\STM32CubeIDE_1.12.0\STM32CubeIDE\plugins\com.st.stm32cube.common.mx_6.11.0.202403141607\\db\/mcu/
2024-04-17 13:17:47,734 [INFO] ApiDb:274 - Set plugin database path to: C:\ST\STM32CubeIDE_1.12.0\STM32CubeIDE\plugins\com.st.stm32cube.common.mx_6.11.0.202403141607\\db\/plugins/boardmanager/
2024-04-17 13:17:47,734 [INFO] ApiDb:261 - Set plugin images path to: C:\ST\STM32CubeIDE_1.12.0\STM32CubeIDE\plugins\com.st.stm32cube.common.mx_6.11.0.202403141607\\db\/plugins/mcufinder/images/
2024-04-17 13:17:47,735 [WARN] DbFile:41 - Overriding database path with different value: C:\Users\Prometheus\.stmcufinder\plugins\mcufinder/ => C:\Users\Prometheus\.stmcufinder\plugins\mcufinder
2024-04-17 13:17:47,736 [INFO] ApiDb:250 - Set database path to: C:\Users\Prometheus\.stmcufinder\plugins\mcufinder//mcu/
2024-04-17 13:17:47,736 [WARN] DbFile:41 - Overriding database path with different value: C:\Users\Prometheus\.stmcufinder\plugins\mcufinder/ => C:\Users\Prometheus\.stmcufinder\plugins\mcufinder
2024-04-17 13:17:47,736 [INFO] DbMcusAds:125 - Set database path to: C:\Users\Prometheus\.stmcufinder\plugins\mcufinder//mcu/
2024-04-17 13:17:47,736 [WARN] DbFile:41 - Overriding database path with different value: C:\Users\Prometheus\.stmcufinder\plugins\mcufinder/ => C:\Users\Prometheus\.stmcufinder\plugins\mcufinder
2024-04-17 13:17:47,737 [WARN] DbFile:41 - Overriding database path with different value: C:\Users\Prometheus\.stmcufinder\plugins\mcufinder/ => C:\Users\Prometheus\.stmcufinder\plugins\mcufinder
2024-04-17 13:17:47,737 [INFO] CrossReferenceDbSqlite:203 - Set database path to: C:\Users\Prometheus\.stmcufinder\plugins\mcufinder//mcu/cs/
2024-04-17 13:17:47,779 [INFO] ApplicationProperties:184 - Using Application install path: C:\ST\STM32CubeIDE_1.12.0\STM32CubeIDE\plugins\com.st.stm32cube.common.mx_6.11.0.202403141607
2024-04-17 13:17:47,782 [INFO] PluginManage:196 - Search for loadable plugins [exclusion list=, ]
2024-04-17 13:17:47,786 [INFO] PluginManage:310 - Check plugin analytics
2024-04-17 13:17:52,880 [INFO] AnalyticsPlugin:253 - Accepted Software Licenses: 
2024-04-17 13:17:52,881 [INFO] AnalyticsPlugin:255 - Accepted CMSIS Pack Licenses: 
2024-04-17 13:17:52,881 [INFO] AnalyticsPlugin:257 - Accepted Firmware Licenses: 
2024-04-17 13:17:52,886 [INFO] PluginManage:359 - Loaded plugin analytics (category:tool,tabindex:-1)
2024-04-17 13:17:52,887 [INFO] PluginManage:310 - Check plugin cadmodel
2024-04-17 13:17:52,911 [INFO] CADModel:105 - Init CAD model plugin
2024-04-17 13:17:52,911 [INFO] PluginManage:359 - Loaded plugin cadmodel (category:power,tabindex:5)
2024-04-17 13:17:52,911 [INFO] PluginManage:310 - Check plugin clock
2024-04-17 13:17:52,951 [INFO] PluginManage:359 - Loaded plugin clock (category:base,tabindex:2)
2024-04-17 13:17:52,952 [INFO] PluginManage:310 - Check plugin ddr
2024-04-17 13:17:52,963 [INFO] PluginManage:359 - Loaded plugin ddr (category:tool,tabindex:6)
2024-04-17 13:17:52,964 [INFO] PluginManage:310 - Check plugin filemanager
2024-04-17 13:17:53,244 [INFO] PluginManage:359 - Loaded plugin filemanager (category:base,tabindex:10)
2024-04-17 13:17:53,244 [INFO] PluginManage:310 - Check plugin ipmanager
2024-04-17 13:17:53,258 [INFO] PluginManage:359 - Loaded plugin ipmanager (category:base,tabindex:5)
2024-04-17 13:17:53,259 [INFO] PluginManage:310 - Check plugin lpbam
2024-04-17 13:17:53,289 [INFO] PluginManage:359 - Loaded plugin lpbam (category:base,tabindex:0)
2024-04-17 13:17:53,290 [INFO] PluginManage:310 - Check plugin memorymap
2024-04-17 13:17:53,335 [INFO] PluginManage:359 - Loaded plugin memorymap (category:base,tabindex:4)
2024-04-17 13:17:53,335 [INFO] PluginManage:310 - Check plugin pinoutandconfiguration
2024-04-17 13:17:53,388 [INFO] PluginManage:359 - Loaded plugin pinoutandconfiguration (category:base,tabindex:1)
2024-04-17 13:17:53,389 [INFO] PluginManage:310 - Check plugin pinoutconfig
2024-04-17 13:17:53,752 [WARN] SupportedApi:132 - Cannot load RTOS API schema: s4s-elt-must-match.1: The content of 'definitions' must match (annotation?, (simpleType | complexType)?, (unique | key | keyref)*)). A problem was found starting at: attribute.
2024-04-17 13:17:54,148 [INFO] PluginManage:359 - Loaded plugin pinoutconfig (category:base,tabindex:0)
2024-04-17 13:17:54,149 [INFO] PluginManage:310 - Check plugin power
2024-04-17 13:17:54,190 [INFO] PluginManage:359 - Loaded plugin power (category:power,tabindex:4)
2024-04-17 13:17:54,190 [INFO] PluginManage:310 - Check plugin projectmanager
2024-04-17 13:17:54,225 [INFO] PluginManage:359 - Loaded plugin projectmanager (category:projectmanager,tabindex:3)
2024-04-17 13:17:54,226 [INFO] PluginManage:310 - Check plugin thirdparty
2024-04-17 13:17:54,780 [INFO] PluginManage:359 - Loaded plugin thirdparty (category:base,tabindex:-1)
2024-04-17 13:17:54,780 [WARN] IntegrityCheckThread:84 - waiting for thirdparty lock release [integrity check]
2024-04-17 13:17:54,780 [INFO] IntegrityCheckThread:86 - entering critical section [integrity check]
2024-04-17 13:17:54,780 [INFO] PluginManage:310 - Check plugin tools
2024-04-17 13:17:54,782 [INFO] ThirdPartyUpdaterWithRetryManager:70 - Updater plugin not ready yet. [1/15]
2024-04-17 13:17:54,837 [INFO] PluginManage:359 - Loaded plugin tools (category:base,tabindex:7)
2024-04-17 13:17:54,837 [INFO] PluginManage:310 - Check plugin tutovideos
2024-04-17 13:17:55,289 [INFO] PluginManage:359 - Loaded plugin tutovideos (category:base,tabindex:-1)
2024-04-17 13:17:55,289 [INFO] PluginManage:310 - Check plugin updater
2024-04-17 13:17:55,320 [INFO] PluginManage:359 - Loaded plugin updater (category:base,tabindex:12)
2024-04-17 13:17:55,321 [INFO] PluginManage:310 - Check plugin userauth
2024-04-17 13:17:55,334 [INFO] UserAuth:114 - Init User Auth plugin
2024-04-17 13:17:55,335 [INFO] PluginManage:359 - Loaded plugin userauth (category:base,tabindex:14)
2024-04-17 13:17:55,336 [INFO] PluginManage:283 - PluginManage : Loaded plugins [17]
2024-04-17 13:17:55,902 [INFO] PinOutPanel:1561 - setPackage(No Configuration,No Configuration)
2024-04-17 13:17:56,077 [INFO] CADModel:165 - CPN selected for project level
2024-04-17 13:17:56,078 [INFO] CADModel:114 - Register for checkConnection events
2024-04-17 13:17:56,136 [INFO] IPUIPlugin:80 - create IPUIPlugin
2024-04-17 13:17:56,136 [INFO] PluginManager:220 - loadIPPluginJar : add adc
2024-04-17 13:17:56,207 [INFO] IPUIPlugin:80 - create IPUIPlugin
2024-04-17 13:17:56,208 [INFO] PluginManager:220 - loadIPPluginJar : add aes
2024-04-17 13:17:56,293 [INFO] IPUIPlugin:80 - create IPUIPlugin
2024-04-17 13:17:56,293 [INFO] PluginManager:220 - loadIPPluginJar : add can
2024-04-17 13:17:56,342 [INFO] IPUIPlugin:80 - create IPUIPlugin
2024-04-17 13:17:56,343 [INFO] PluginManager:220 - loadIPPluginJar : add comp
2024-04-17 13:17:56,414 [INFO] IPUIPlugin:80 - create IPUIPlugin
2024-04-17 13:17:56,415 [INFO] PluginManager:220 - loadIPPluginJar : add cryp
2024-04-17 13:17:56,476 [INFO] IPUIPlugin:80 - create IPUIPlugin
2024-04-17 13:17:56,476 [INFO] PluginManager:220 - loadIPPluginJar : add dfsdm
2024-04-17 13:17:56,500 [INFO] IPUIPlugin:80 - create IPUIPlugin
2024-04-17 13:17:56,501 [INFO] PluginManager:220 - loadIPPluginJar : add dma
2024-04-17 13:17:56,594 [INFO] IPUIPlugin:80 - create IPUIPlugin
2024-04-17 13:17:56,594 [INFO] PluginManager:220 - loadIPPluginJar : add dma3
2024-04-17 13:17:56,695 [INFO] IPUIPlugin:80 - create IPUIPlugin
2024-04-17 13:17:56,695 [INFO] PluginManager:220 - loadIPPluginJar : add extmemmanager
2024-04-17 13:17:56,735 [INFO] IPUIPlugin:80 - create IPUIPlugin
2024-04-17 13:17:56,736 [INFO] PluginManager:220 - loadIPPluginJar : add fatfs
2024-04-17 13:17:56,842 [INFO] IPUIPlugin:80 - create IPUIPlugin
2024-04-17 13:17:56,842 [INFO] PluginManager:220 - loadIPPluginJar : add fmc
2024-04-17 13:17:56,867 [INFO] IPUIPlugin:80 - create IPUIPlugin
2024-04-17 13:17:56,868 [INFO] PluginManager:220 - loadIPPluginJar : add freertos
2024-04-17 13:17:56,907 [INFO] IPUIPlugin:80 - create IPUIPlugin
2024-04-17 13:17:56,908 [INFO] PluginManager:220 - loadIPPluginJar : add genericplugin
2024-04-17 13:17:57,112 [INFO] IPUIPlugin:80 - create IPUIPlugin
2024-04-17 13:17:57,113 [INFO] PluginManager:220 - loadIPPluginJar : add gfxmmu
2024-04-17 13:17:57,391 [INFO] IPUIPlugin:80 - create IPUIPlugin
2024-04-17 13:17:57,391 [INFO] PluginManager:220 - loadIPPluginJar : add gic
2024-04-17 13:17:57,414 [INFO] IPUIPlugin:80 - create IPUIPlugin
2024-04-17 13:17:57,415 [INFO] PluginManager:220 - loadIPPluginJar : add gpio
2024-04-17 13:17:57,620 [INFO] IPUIPlugin:80 - create IPUIPlugin
2024-04-17 13:17:57,620 [INFO] PluginManager:220 - loadIPPluginJar : add gtzc
2024-04-17 13:17:57,730 [INFO] IPUIPlugin:80 - create IPUIPlugin
2024-04-17 13:17:57,731 [INFO] PluginManager:220 - loadIPPluginJar : add hash
2024-04-17 13:17:57,783 [INFO] ThirdPartyUpdaterWithRetryManager:70 - Updater plugin not ready yet. [2/15]
2024-04-17 13:17:57,840 [INFO] IPUIPlugin:80 - create IPUIPlugin
2024-04-17 13:17:57,840 [INFO] PluginManager:220 - loadIPPluginJar : add i2c
2024-04-17 13:17:57,925 [INFO] IPUIPlugin:80 - create IPUIPlugin
2024-04-17 13:17:57,925 [INFO] PluginManager:220 - loadIPPluginJar : add i2s
2024-04-17 13:17:58,023 [INFO] IPUIPlugin:80 - create IPUIPlugin
2024-04-17 13:17:58,023 [INFO] PluginManager:220 - loadIPPluginJar : add i3c
2024-04-17 13:17:58,287 [INFO] IPUIPlugin:80 - create IPUIPlugin
2024-04-17 13:17:58,287 [INFO] PluginManager:220 - loadIPPluginJar : add ipddr
2024-04-17 13:17:58,487 [INFO] IPUIPlugin:80 - create IPUIPlugin
2024-04-17 13:17:58,487 [INFO] PluginManager:220 - loadIPPluginJar : add linkedlist
2024-04-17 13:17:58,565 [INFO] IPUIPlugin:80 - create IPUIPlugin
2024-04-17 13:17:58,565 [INFO] PluginManager:220 - loadIPPluginJar : add lorawan
2024-04-17 13:17:58,649 [INFO] IPUIPlugin:80 - create IPUIPlugin
2024-04-17 13:17:58,649 [INFO] PluginManager:220 - loadIPPluginJar : add ltdc
2024-04-17 13:17:58,675 [INFO] IPUIPlugin:80 - create IPUIPlugin
2024-04-17 13:17:58,675 [INFO] PluginManager:220 - loadIPPluginJar : add mdma
2024-04-17 13:17:58,696 [INFO] IPUIPlugin:80 - create IPUIPlugin
2024-04-17 13:17:58,696 [INFO] PluginManager:220 - loadIPPluginJar : add nvic
2024-04-17 13:17:58,775 [INFO] IPUIPlugin:80 - create IPUIPlugin
2024-04-17 13:17:58,776 [INFO] PluginManager:220 - loadIPPluginJar : add opamp
2024-04-17 13:17:58,918 [INFO] IPUIPlugin:80 - create IPUIPlugin
2024-04-17 13:17:58,918 [INFO] PluginManager:220 - loadIPPluginJar : add openamp
2024-04-17 13:17:59,018 [INFO] IPUIPlugin:80 - create IPUIPlugin
2024-04-17 13:17:59,018 [INFO] PluginManager:220 - loadIPPluginJar : add pdm2pcm
2024-04-17 13:17:59,047 [INFO] IPUIPlugin:80 - create IPUIPlugin
2024-04-17 13:17:59,053 [INFO] PluginManager:220 - loadIPPluginJar : add plateformsettings
2024-04-17 13:17:59,095 [INFO] IPUIPlugin:80 - create IPUIPlugin
2024-04-17 13:17:59,095 [INFO] PluginManager:220 - loadIPPluginJar : add quadspi
2024-04-17 13:17:59,119 [INFO] IPUIPlugin:80 - create IPUIPlugin
2024-04-17 13:17:59,119 [INFO] PluginManager:220 - loadIPPluginJar : add resmgrutility
2024-04-17 13:17:59,210 [INFO] IPUIPlugin:80 - create IPUIPlugin
2024-04-17 13:17:59,211 [INFO] PluginManager:220 - loadIPPluginJar : add sai
2024-04-17 13:17:59,302 [INFO] IPUIPlugin:80 - create IPUIPlugin
2024-04-17 13:17:59,303 [INFO] PluginManager:220 - loadIPPluginJar : add spi
2024-04-17 13:17:59,438 [INFO] IPUIPlugin:80 - create IPUIPlugin
2024-04-17 13:17:59,438 [INFO] PluginManager:220 - loadIPPluginJar : add stm32_wpan
2024-04-17 13:17:59,483 [INFO] IPUIPlugin:80 - create IPUIPlugin
2024-04-17 13:17:59,484 [INFO] PluginManager:220 - loadIPPluginJar : add tim
2024-04-17 13:17:59,601 [INFO] IPUIPlugin:80 - create IPUIPlugin
2024-04-17 13:17:59,602 [INFO] PluginManager:220 - loadIPPluginJar : add touchsensing
2024-04-17 13:17:59,653 [INFO] IPUIPlugin:80 - create IPUIPlugin
2024-04-17 13:17:59,654 [INFO] PluginManager:220 - loadIPPluginJar : add tracer_emb
2024-04-17 13:17:59,701 [INFO] IPUIPlugin:80 - create IPUIPlugin
2024-04-17 13:17:59,701 [INFO] PluginManager:220 - loadIPPluginJar : add ts
2024-04-17 13:17:59,745 [INFO] IPUIPlugin:80 - create IPUIPlugin
2024-04-17 13:17:59,746 [INFO] PluginManager:220 - loadIPPluginJar : add tsc
2024-04-17 13:17:59,803 [INFO] IPUIPlugin:80 - create IPUIPlugin
2024-04-17 13:17:59,803 [INFO] PluginManager:220 - loadIPPluginJar : add ucpd
2024-04-17 13:17:59,894 [INFO] IPUIPlugin:80 - create IPUIPlugin
2024-04-17 13:17:59,894 [INFO] PluginManager:220 - loadIPPluginJar : add usart
2024-04-17 13:17:59,992 [INFO] IPUIPlugin:80 - create IPUIPlugin
2024-04-17 13:17:59,993 [INFO] PluginManager:220 - loadIPPluginJar : add usbx
2024-04-17 13:18:00,211 [INFO] CADModel:165 - CPN selected for project level
2024-04-17 13:18:00,212 [INFO] CADModel:114 - Register for checkConnection events
2024-04-17 13:18:00,212 [FATAL] Updater:308 - Updater called before beeing initialized
2024-04-17 13:18:00,213 [ERROR] CADModel:125 - Updater not yet initialized, retry later 
2024-04-17 13:18:00,691 [INFO] CADModel:165 - CPN selected for project level
2024-04-17 13:18:00,691 [INFO] CADModel:114 - Register for checkConnection events
2024-04-17 13:18:00,691 [FATAL] Updater:308 - Updater called before beeing initialized
2024-04-17 13:18:00,692 [ERROR] CADModel:125 - Updater not yet initialized, retry later 
2024-04-17 13:18:00,698 [FATAL] Updater:308 - Updater called before beeing initialized
2024-04-17 13:18:00,784 [INFO] ThirdPartyUpdaterWithRetryManager:70 - Updater plugin not ready yet. [3/15]
2024-04-17 13:18:00,926 [FATAL] Updater:308 - Updater called before beeing initialized
2024-04-17 13:18:00,945 [INFO] DbMcusAds:53 - JSON generation date=Wed Nov 29 15:52:27 ORAT 2023 (1701255147349)
2024-04-17 13:18:00,945 [FATAL] Updater:308 - Updater called before beeing initialized
2024-04-17 13:18:01,148 [WARN] DetailPanel:346 - Failed to get advertising image, set to default
2024-04-17 13:18:01,397 [FATAL] Updater:308 - Updater called before beeing initialized
2024-04-17 13:18:01,400 [FATAL] Updater:308 - Updater called before beeing initialized
2024-04-17 13:18:01,400 [FATAL] Updater:308 - Updater called before beeing initialized
2024-04-17 13:18:01,400 [WARN] DetailPanel:346 - Failed to get advertising image, set to default
2024-04-17 13:18:01,402 [FATAL] Updater:308 - Updater called before beeing initialized
2024-04-17 13:18:01,546 [ERROR] Updater:1120 - MainUpdater not yet initialized. External WinMGr cannot be set.
2024-04-17 13:18:01,567 [INFO] Updater:1056 - Updater Version found : 6.11.0
2024-04-17 13:18:01,623 [INFO] ApplicationProperties:184 - Using Application install path: C:\ST\STM32CubeIDE_1.12.0\STM32CubeIDE\plugins\com.st.stm32cube.common.mx_6.11.0.202403141607
2024-04-17 13:18:02,990 [INFO] MainUpdater:2873 - connection check result : 10
2024-04-17 13:18:02,990 [INFO] MainUpdater:3567 - Updater definition file requires update
2024-04-17 13:18:02,993 [INFO] MainUpdater:290 - Updater Check For Update Now.
2024-04-17 13:18:02,994 [INFO] MicroXplorer:498 - Change Database Version : DB.6.0.110
2024-04-17 13:18:03,028 [INFO] McuFinderGlobals:63 - Set McuFinder mode to 2 (CubeIDE integrated)
2024-04-17 13:18:03,050 [INFO] UserAuth:415 - Internet connection configuration mode: 1
2024-04-17 13:18:03,104 [INFO] JxBrowserEngine:152 - Initiate JxBrowser Engine with user profile folder
2024-04-17 13:18:03,381 [INFO] ServerAccessManage:473 - Download File updaters.zip
2024-04-17 13:18:03,630 [INFO] FileExtend:240 - Unzip File : updaters.zip
2024-04-17 13:18:03,630 [INFO] FileExtend:255 - Standard Zip Deflate
2024-04-17 13:18:03,785 [WARN] MainUpdater:1194 - Updater busy. Cannot search thirdparties
2024-04-17 13:18:03,786 [INFO] ThirdPartyUpdaterWithRetryManager:96 - Updater plugin is busy. [1/15]
2024-04-17 13:18:04,476 [INFO] ServerAccessManage:473 - Download File PacksControlFlags.xml
2024-04-17 13:18:04,701 [INFO] ServerAccessManage:473 - Download File cubemx.pidx
2024-04-17 13:18:05,675 [INFO] ServerAccessManage:473 - Download File STMicroelectronics.FP-SNS-MOTENVWB1.pdsc
2024-04-17 13:18:06,464 [INFO] ServerAccessManage:473 - Download File STMicroelectronics.X-CUBE-AI.pdsc
2024-04-17 13:18:06,787 [WARN] MainUpdater:1194 - Updater busy. Cannot search thirdparties
2024-04-17 13:18:06,787 [INFO] ThirdPartyUpdaterWithRetryManager:96 - Updater plugin is busy. [2/15]
2024-04-17 13:18:09,790 [WARN] MainUpdater:1194 - Updater busy. Cannot search thirdparties
2024-04-17 13:18:09,790 [INFO] ThirdPartyUpdaterWithRetryManager:96 - Updater plugin is busy. [3/15]
2024-04-17 13:18:09,875 [INFO] ServerAccessManage:473 - Download File STMicroelectronics.X-CUBE-TCPP.pdsc
2024-04-17 13:18:10,476 [INFO] ServerAccessManage:473 - Download File STMicroelectronics.X-CUBE-AZRTOS-H7RS.pdsc
2024-04-17 13:18:11,919 [WARN] PackLoader:240 - Cannot read IP mode file for STMicroelectronics.FP-SNS-MOTENVWB1.1.4.0
2024-04-17 13:18:11,945 [WARN] PackLoader:240 - Cannot read IP mode file for STMicroelectronics.X-CUBE-AI.9.0.0
2024-04-17 13:18:11,969 [WARN] PackLoader:240 - Cannot read IP mode file for STMicroelectronics.X-CUBE-TCPP.4.1.0
2024-04-17 13:18:12,053 [WARN] PackLoader:240 - Cannot read IP mode file for STMicroelectronics.X-CUBE-AZRTOS-H7RS.1.0.0
2024-04-17 13:18:12,064 [INFO] PopulateThirdPartyThread:66 - Ending populate Thread
2024-04-17 13:18:12,066 [INFO] ThirdParty:1030 - CMSIS Pack Vendor :STMicroelectronics FP-SNS-MOTENVWB1 1.4.0
2024-04-17 13:18:12,066 [INFO] ThirdParty:1030 - CMSIS Pack Vendor :STMicroelectronics X-CUBE-AI 9.0.0
2024-04-17 13:18:12,067 [INFO] ThirdParty:1030 - CMSIS Pack Vendor :STMicroelectronics X-CUBE-TCPP 4.1.0
2024-04-17 13:18:12,067 [INFO] ThirdParty:1030 - CMSIS Pack Vendor :STMicroelectronics X-CUBE-AZRTOS-H7RS 1.0.0
2024-04-17 13:18:12,067 [INFO] LoadServerUpdatesThread:375 - End of LoadServerUpdate Thread
2024-04-17 13:18:12,090 [INFO] CheckServerUpdateThread:120 - End of CheckServer Thread
2024-04-17 13:18:13,177 [WARN] PackLoader:240 - Cannot read IP mode file for STMicroelectronics.FP-SNS-MOTENVWB1.1.4.0
2024-04-17 13:18:13,201 [WARN] PackLoader:240 - Cannot read IP mode file for STMicroelectronics.X-CUBE-SMBUS.2.1.0
2024-04-17 13:18:13,221 [WARN] PackLoader:240 - Cannot read IP mode file for STMicroelectronics.X-CUBE-TOUCHGFX.4.23.1
2024-04-17 13:18:13,242 [WARN] PackLoader:240 - Cannot read IP mode file for STMicroelectronics.X-CUBE-TOUCHGFX.4.23.0
2024-04-17 13:18:13,261 [WARN] PackLoader:240 - Cannot read IP mode file for STMicroelectronics.X-CUBE-TOUCHGFX.4.23.2
2024-04-17 13:18:13,373 [WARN] PackLoader:240 - Cannot read IP mode file for STMicroelectronics.X-CUBE-AZRTOS-F7.1.1.0
2024-04-17 13:18:13,409 [WARN] PackLoader:240 - Cannot read IP mode file for STMicroelectronics.FP-SNS-MOTENV1.4.3.2
2024-04-17 13:18:13,427 [WARN] PackLoader:240 - Cannot read IP mode file for STMicroelectronics.FP-SNS-FLIGHT1.5.0.2
2024-04-17 13:18:13,466 [WARN] PackLoader:240 - Cannot read IP mode file for STMicroelectronics.X-CUBE-DISPLAY.3.0.0
2024-04-17 13:18:13,510 [WARN] PackLoader:240 - Cannot read IP mode file for STMicroelectronics.X-CUBE-BLE1.7.0.0
2024-04-17 13:18:13,551 [WARN] PackLoader:240 - Cannot read IP mode file for emotas.I-CUBE-CANOPEN.1.3.0
2024-04-17 13:18:13,600 [WARN] PackLoader:240 - Cannot read IP mode file for STMicroelectronics.X-CUBE-BLEMGR.3.1.0
2024-04-17 13:18:13,632 [WARN] PackLoader:240 - Cannot read IP mode file for STMicroelectronics.FP-SNS-SMARTAG2.1.2.0
2024-04-17 13:18:13,704 [INFO] LogOutputStream:77 - [STDOUT_REDIRECT] 1 : Invalid condition id : UX_CORESTACK_Condition cause : null
2024-04-17 13:18:13,704 [INFO] LogOutputStream:77 - [STDOUT_REDIRECT] 1 : Invalid condition id : UX_CORESTACK_Condition cause : null
2024-04-17 13:18:13,707 [INFO] LogOutputStream:77 - [STDOUT_REDIRECT] 1 : Invalid condition id : UX_CORESTACK_Condition cause : null
2024-04-17 13:18:13,710 [INFO] LogOutputStream:77 - [STDOUT_REDIRECT] 1 : Invalid condition id : UX_CORESTACK_Condition cause : null
2024-04-17 13:18:13,712 [INFO] LogOutputStream:77 - [STDOUT_REDIRECT] 1 : Invalid condition id : UX_CORESTACK_Condition cause : null
2024-04-17 13:18:13,719 [WARN] PackLoader:240 - Cannot read IP mode file for STMicroelectronics.X-CUBE-AZRTOS-WL.2.0.0
2024-04-17 13:18:13,750 [WARN] PackLoader:240 - Cannot read IP mode file for STMicroelectronics.FP-SNS-MOTENV1.5.0.0
2024-04-17 13:18:13,837 [WARN] PackLoader:240 - Cannot read IP mode file for WES.I-CUBE-Cesium.1.3.0
2024-04-17 13:18:13,927 [WARN] PackLoader:240 - Cannot read IP mode file for STMicroelectronics.X-CUBE-BLE2.3.3.0
2024-04-17 13:18:13,939 [WARN] PackLoader:240 - Cannot read IP mode file for STMicroelectronics.X-CUBE-TCPP.4.1.0
2024-04-17 13:18:13,985 [WARN] PackLoader:240 - Cannot read IP mode file for STMicroelectronics.X-CUBE-ALGOBUILD.1.3.0
2024-04-17 13:18:14,074 [WARN] PackLoader:240 - Cannot read IP mode file for STMicroelectronics.X-CUBE-AZRTOS-G0.1.1.0
2024-04-17 13:18:14,113 [WARN] PackLoader:240 - Cannot read IP mode file for STMicroelectronics.X-CUBE-SAFEA1.1.2.2
2024-04-17 13:18:14,155 [WARN] PackLoader:240 - Cannot read IP mode file for STMicroelectronics.X-CUBE-NFC4.3.0.0
2024-04-17 13:18:14,173 [WARN] PackLoader:240 - Cannot read IP mode file for STMicroelectronics.FP-ATR-SIGFOX1.3.2.0
2024-04-17 13:18:14,209 [WARN] PackLoader:240 - Cannot read IP mode file for STMicroelectronics.X-CUBE-EEPRMA1.5.1.0
2024-04-17 13:18:14,374 [WARN] PackLoader:240 - Cannot read IP mode file for SEGGER.I-CUBE-embOS.1.3.1
2024-04-17 13:18:14,502 [WARN] PackLoader:240 - Cannot read IP mode file for STMicroelectronics.X-CUBE-GNSS1.6.0.0
2024-04-17 13:18:14,607 [WARN] PackLoader:240 - Cannot read IP mode file for STMicroelectronics.X-CUBE-AZRTOS-F4.1.1.0
2024-04-17 13:18:14,637 [WARN] PackLoader:240 - Cannot read IP mode file for wolfSSL.I-CUBE-wolfSSL.5.6.6
2024-04-17 13:18:14,738 [WARN] PackLoader:240 - Cannot read IP mode file for STMicroelectronics.X-CUBE-AZRTOS-L5.2.0.0
2024-04-17 13:18:14,765 [WARN] PackLoader:240 - Cannot read IP mode file for STMicroelectronics.X-CUBE-NFC6.3.1.0
2024-04-17 13:18:14,788 [WARN] PackLoader:240 - Cannot read IP mode file for ITTIA_DB.I-CUBE-ITTIADB.8.8.0
2024-04-17 13:18:14,794 [WARN] PackLoader:240 - Cannot read IP mode file for STMicroelectronics.X-CUBE-AI.9.0.0
2024-04-17 13:18:14,814 [WARN] PackLoader:240 - Cannot read IP mode file for STMicroelectronics.X-CUBE-NFC7.1.0.1
2024-04-17 13:18:14,847 [WARN] PackLoader:240 - Cannot read IP mode file for STMicroelectronics.X-CUBE-NFC6.3.0.0
2024-04-17 13:18:14,867 [WARN] PackLoader:240 - Cannot read IP mode file for STMicroelectronics.X-CUBE-AI.8.1.0
2024-04-17 13:18:14,874 [INFO] WebApp:161 - Instantiating new browser for Auth
2024-04-17 13:18:14,973 [WARN] ConditionMgr:438 - getConditionDescription Invalid condition id : LAN8742 Phy interface Condition cause : null
2024-04-17 13:18:14,974 [WARN] PackLoader:240 - Cannot read IP mode file for STMicroelectronics.X-CUBE-AZRTOS-L4.2.0.0
2024-04-17 13:18:14,977 [WARN] ConditionMgr:1039 - genDependencies : Invalid condition id : LAN8742 Phy interface Condition cause : null
2024-04-17 13:18:14,978 [WARN] ConditionMgr:1039 - genDependencies : Invalid condition id : LAN8742 Phy interface Condition cause : null
2024-04-17 13:18:14,979 [WARN] ConditionMgr:1039 - genDependencies : Invalid condition id : LAN8742 Phy interface Condition cause : null
2024-04-17 13:18:15,034 [WARN] PackLoader:240 - Cannot read IP mode file for STMicroelectronics.X-CUBE-SFXS2LP1.4.0.0
2024-04-17 13:18:15,132 [WARN] ConditionMgr:438 - getConditionDescription Invalid condition id : UX DEVICE CLASS RTOS Condition cause : null
2024-04-17 13:18:15,132 [WARN] ConditionMgr:438 - getConditionDescription Invalid condition id : UX DEVICE CLASS RTOS Condition cause : null
2024-04-17 13:18:15,138 [WARN] PackLoader:240 - Cannot read IP mode file for STMicroelectronics.X-CUBE-AZRTOS-WB.2.0.0
2024-04-17 13:18:15,139 [WARN] ConditionMgr:1039 - genDependencies : Invalid condition id : UX DEVICE CLASS RTOS Condition cause : null
2024-04-17 13:18:15,140 [WARN] ConditionMgr:1039 - genDependencies : Invalid condition id : UX DEVICE CLASS RTOS Condition cause : null
2024-04-17 13:18:15,141 [WARN] ConditionMgr:1039 - genDependencies : Invalid condition id : UX DEVICE CLASS RTOS Condition cause : null
2024-04-17 13:18:15,141 [WARN] ConditionMgr:1039 - genDependencies : Invalid condition id : UX DEVICE CLASS RTOS Condition cause : null
2024-04-17 13:18:15,141 [WARN] ConditionMgr:1039 - genDependencies : Invalid condition id : UX DEVICE CLASS RTOS Condition cause : null
2024-04-17 13:18:15,200 [WARN] PackLoader:240 - Cannot read IP mode file for STMicroelectronics.X-CUBE-SUBG2.5.0.0
2024-04-17 13:18:15,312 [WARN] PackLoader:240 - Cannot read IP mode file for STMicroelectronics.X-CUBE-AZRTOS-G4.2.0.0
2024-04-17 13:18:15,378 [WARN] PackLoader:240 - Cannot read IP mode file for Infineon.AIROC-Wi-Fi-Bluetooth-STM32.1.5.1
2024-04-17 13:18:15,403 [WARN] PackLoader:240 - Cannot read IP mode file for STMicroelectronics.FP-SNS-MOTENVWB1.1.3.1
2024-04-17 13:18:15,439 [WARN] PackLoader:240 - Cannot read IP mode file for STMicroelectronics.X-CUBE-ISPU.2.0.0
2024-04-17 13:18:15,581 [WARN] PackLoader:240 - Cannot read IP mode file for STMicroelectronics.X-CUBE-MEMS1.10.0.0
2024-04-17 13:18:15,854 [WARN] PackLoader:240 - Cannot read IP mode file for STMicroelectronics.X-CUBE-FREERTOS.1.1.0
2024-04-17 13:18:15,889 [WARN] PackLoader:240 - Cannot read IP mode file for portGmbH.I-Cube-SoM-uGOAL.1.1.0
2024-04-17 13:18:15,932 [WARN] PackLoader:240 - Cannot read IP mode file for STMicroelectronics.X-CUBE-ALS.1.0.1
2024-04-17 13:18:15,967 [WARN] PackLoader:240 - Cannot read IP mode file for STMicroelectronics.X-CUBE-AZRTOS-H7RS.1.0.0
2024-04-17 13:18:15,985 [WARN] PackLoader:240 - Cannot read IP mode file for STMicroelectronics.FP-ATR-ASTRA1.2.0.0
2024-04-17 13:18:16,036 [WARN] PackLoader:240 - Cannot read IP mode file for STMicroelectronics.X-CUBE-TOF1.3.4.1
2024-04-17 13:18:16,142 [WARN] PackLoader:240 - Cannot read IP mode file for STMicroelectronics.X-CUBE-AZRTOS-H7.3.2.0
2024-04-17 13:18:16,148 [INFO] ThirdParty:978 - Integrity check success = true
2024-04-17 13:18:16,148 [INFO] IntegrityCheckThread:100 - exiting critical section [integrity check]
2024-04-17 13:18:16,148 [INFO] IntegrityCheckThread:103 - End integrity checks thread
2024-04-17 13:18:16,489 [INFO] WebApp:779 - Register for checkConnection events
2024-04-17 13:18:16,489 [INFO] WebApp:414 - Apply proxy settings
2024-04-17 13:18:16,490 [INFO] WebApp:499 - Chromium requires no authentication
2024-04-17 13:18:16,509 [INFO] WebApp:442 - Direct internet connection detected
2024-04-17 13:18:17,060 [INFO] WebApp:192 - Starting web application
2024-04-17 13:18:17,060 [INFO] WebApp:544 - Web application path used C:\ST\STM32CubeIDE_1.12.0\STM32CubeIDE\plugins\com.st.stm32cube.common.mx_6.11.0.202403141607\db\plugins\mcufinder\reactClient1\index.html
2024-04-17 13:19:41,612 [ERROR] LogOutputStream:75 - [STDERR_REDIRECT] 
