2023-10-02 08:43:56,797 [INFO] Activator:176 - 


2023-10-02 08:43:56,800 [INFO] Activator:177 - !SESSION log4j initialized
2023-10-02 08:44:08,395 [INFO] LogOutputStream:77 - [STDOUT_REDIRECT] 
2023-10-02 08:44:17,809 [INFO] ApplicationProperties:184 - Using Application install path: C:\ST\STM32CubeIDE_1.12.0\STM32CubeIDE\plugins\com.st.stm32cube.common.mx_6.9.1.202307191849
2023-10-02 08:44:17,854 [INFO] DbMcusXml:78 - Set database path to: C:\ST\STM32CubeIDE_1.12.0\STM32CubeIDE\plugins\com.st.stm32cube.common.mx_6.9.1.202307191849\\db\/mcu/
2023-10-02 08:44:17,855 [INFO] ApiDb:274 - Set plugin database path to: C:\ST\STM32CubeIDE_1.12.0\STM32CubeIDE\plugins\com.st.stm32cube.common.mx_6.9.1.202307191849\\db\/plugins/boardmanager/
2023-10-02 08:44:17,856 [WARN] ApiDb:259 - Overriding images path with different value:  => C:\ST\STM32CubeIDE_1.12.0\STM32CubeIDE\plugins\com.st.stm32cube.common.mx_6.9.1.202307191849\\db\/plugins/mcufinder/images/
2023-10-02 08:44:21,386 [INFO] ApiDb:250 - Set database path to: C:\Users\InnovusSollertia\.stmcufinder\plugins\mcufinder//mcu/
2023-10-02 08:44:21,389 [INFO] DbMcusAds:125 - Set database path to: C:\Users\InnovusSollertia\.stmcufinder\plugins\mcufinder//mcu/
2023-10-02 08:44:21,401 [INFO] CrossReferenceDbSqlite:203 - Set database path to: C:\Users\InnovusSollertia\.stmcufinder\plugins\mcufinder//mcu/cs/
2023-10-02 08:44:21,705 [INFO] RulesReader:64 - Compatibility file has been processed (293 Rules)
2023-10-02 08:44:21,932 [INFO] DbMcusXml:78 - Set database path to: C:\ST\STM32CubeIDE_1.12.0\STM32CubeIDE\plugins\com.st.stm32cube.common.mx_6.9.1.202307191849\\db\/mcu/
2023-10-02 08:44:21,933 [INFO] ApiDb:274 - Set plugin database path to: C:\ST\STM32CubeIDE_1.12.0\STM32CubeIDE\plugins\com.st.stm32cube.common.mx_6.9.1.202307191849\\db\/plugins/boardmanager/
2023-10-02 08:44:21,933 [INFO] ApiDb:261 - Set plugin images path to: C:\ST\STM32CubeIDE_1.12.0\STM32CubeIDE\plugins\com.st.stm32cube.common.mx_6.9.1.202307191849\\db\/plugins/mcufinder/images/
2023-10-02 08:44:21,934 [WARN] DbFile:41 - Overriding database path with different value: C:\Users\InnovusSollertia\.stmcufinder\plugins\mcufinder/ => C:\Users\InnovusSollertia\.stmcufinder\plugins\mcufinder
2023-10-02 08:44:21,934 [INFO] ApiDb:250 - Set database path to: C:\Users\InnovusSollertia\.stmcufinder\plugins\mcufinder//mcu/
2023-10-02 08:44:21,934 [WARN] DbFile:41 - Overriding database path with different value: C:\Users\InnovusSollertia\.stmcufinder\plugins\mcufinder/ => C:\Users\InnovusSollertia\.stmcufinder\plugins\mcufinder
2023-10-02 08:44:21,934 [INFO] DbMcusAds:125 - Set database path to: C:\Users\InnovusSollertia\.stmcufinder\plugins\mcufinder//mcu/
2023-10-02 08:44:21,935 [WARN] DbFile:41 - Overriding database path with different value: C:\Users\InnovusSollertia\.stmcufinder\plugins\mcufinder/ => C:\Users\InnovusSollertia\.stmcufinder\plugins\mcufinder
2023-10-02 08:44:21,935 [WARN] DbFile:41 - Overriding database path with different value: C:\Users\InnovusSollertia\.stmcufinder\plugins\mcufinder/ => C:\Users\InnovusSollertia\.stmcufinder\plugins\mcufinder
2023-10-02 08:44:21,935 [INFO] CrossReferenceDbSqlite:203 - Set database path to: C:\Users\InnovusSollertia\.stmcufinder\plugins\mcufinder//mcu/cs/
2023-10-02 08:44:22,140 [INFO] MainPanel:262 - HeapMemory: 268435456
2023-10-02 08:44:22,376 [INFO] DbMcusXml:78 - Set database path to: C:\ST\STM32CubeIDE_1.12.0\STM32CubeIDE\plugins\com.st.stm32cube.common.mx_6.9.1.202307191849\\db\/mcu/
2023-10-02 08:44:22,376 [INFO] ApiDb:274 - Set plugin database path to: C:\ST\STM32CubeIDE_1.12.0\STM32CubeIDE\plugins\com.st.stm32cube.common.mx_6.9.1.202307191849\\db\/plugins/boardmanager/
2023-10-02 08:44:22,377 [INFO] ApiDb:261 - Set plugin images path to: C:\ST\STM32CubeIDE_1.12.0\STM32CubeIDE\plugins\com.st.stm32cube.common.mx_6.9.1.202307191849\\db\/plugins/mcufinder/images/
2023-10-02 08:44:22,378 [WARN] DbFile:41 - Overriding database path with different value: C:\Users\InnovusSollertia\.stmcufinder\plugins\mcufinder/ => C:\Users\InnovusSollertia\.stmcufinder\plugins\mcufinder
2023-10-02 08:44:22,378 [INFO] ApiDb:250 - Set database path to: C:\Users\InnovusSollertia\.stmcufinder\plugins\mcufinder//mcu/
2023-10-02 08:44:22,378 [WARN] DbFile:41 - Overriding database path with different value: C:\Users\InnovusSollertia\.stmcufinder\plugins\mcufinder/ => C:\Users\InnovusSollertia\.stmcufinder\plugins\mcufinder
2023-10-02 08:44:22,379 [INFO] DbMcusAds:125 - Set database path to: C:\Users\InnovusSollertia\.stmcufinder\plugins\mcufinder//mcu/
2023-10-02 08:44:22,379 [WARN] DbFile:41 - Overriding database path with different value: C:\Users\InnovusSollertia\.stmcufinder\plugins\mcufinder/ => C:\Users\InnovusSollertia\.stmcufinder\plugins\mcufinder
2023-10-02 08:44:22,379 [WARN] DbFile:41 - Overriding database path with different value: C:\Users\InnovusSollertia\.stmcufinder\plugins\mcufinder/ => C:\Users\InnovusSollertia\.stmcufinder\plugins\mcufinder
2023-10-02 08:44:22,380 [INFO] CrossReferenceDbSqlite:203 - Set database path to: C:\Users\InnovusSollertia\.stmcufinder\plugins\mcufinder//mcu/cs/
2023-10-02 08:44:22,427 [INFO] ApplicationProperties:184 - Using Application install path: C:\ST\STM32CubeIDE_1.12.0\STM32CubeIDE\plugins\com.st.stm32cube.common.mx_6.9.1.202307191849
2023-10-02 08:44:22,430 [INFO] PluginManage:196 - Search for loadable plugins [exclusion list=, ]
2023-10-02 08:44:22,434 [INFO] PluginManage:310 - Check plugin analytics
2023-10-02 08:44:22,936 [INFO] AnalyticsPlugin:253 - Accepted Software Licenses: 
2023-10-02 08:44:22,936 [INFO] AnalyticsPlugin:255 - Accepted CMSIS Pack Licenses: 
2023-10-02 08:44:22,937 [INFO] AnalyticsPlugin:257 - Accepted Firmware Licenses: 
2023-10-02 08:44:22,942 [INFO] PluginManage:359 - Loaded plugin analytics (category:tool,tabindex:-1)
2023-10-02 08:44:22,943 [INFO] PluginManage:310 - Check plugin cadmodel
2023-10-02 08:44:23,000 [INFO] CADModel:105 - Init CAD model plugin
2023-10-02 08:44:23,001 [INFO] PluginManage:359 - Loaded plugin cadmodel (category:power,tabindex:5)
2023-10-02 08:44:23,001 [INFO] PluginManage:310 - Check plugin clock
2023-10-02 08:44:23,047 [INFO] PluginManage:359 - Loaded plugin clock (category:base,tabindex:2)
2023-10-02 08:44:23,047 [INFO] PluginManage:310 - Check plugin ddr
2023-10-02 08:44:23,053 [INFO] PluginManage:359 - Loaded plugin ddr (category:tool,tabindex:6)
2023-10-02 08:44:23,053 [INFO] PluginManage:310 - Check plugin filemanager
2023-10-02 08:44:23,442 [INFO] PluginManage:359 - Loaded plugin filemanager (category:base,tabindex:10)
2023-10-02 08:44:23,443 [INFO] PluginManage:310 - Check plugin ipmanager
2023-10-02 08:44:23,461 [INFO] PluginManage:359 - Loaded plugin ipmanager (category:base,tabindex:5)
2023-10-02 08:44:23,461 [INFO] PluginManage:310 - Check plugin lpbam
2023-10-02 08:44:23,504 [INFO] PluginManage:359 - Loaded plugin lpbam (category:base,tabindex:0)
2023-10-02 08:44:23,504 [INFO] PluginManage:310 - Check plugin memorymap
2023-10-02 08:44:23,582 [INFO] PluginManage:359 - Loaded plugin memorymap (category:base,tabindex:4)
2023-10-02 08:44:23,582 [INFO] PluginManage:310 - Check plugin pinoutandconfiguration
2023-10-02 08:44:23,798 [INFO] PluginManage:359 - Loaded plugin pinoutandconfiguration (category:base,tabindex:1)
2023-10-02 08:44:23,800 [INFO] PluginManage:310 - Check plugin pinoutconfig
2023-10-02 08:44:24,093 [WARN] SupportedApi:132 - Cannot load RTOS API schema: s4s-elt-must-match.1: The content of 'definitions' must match (annotation?, (simpleType | complexType)?, (unique | key | keyref)*)). A problem was found starting at: attribute.
2023-10-02 08:44:24,457 [INFO] PluginManage:359 - Loaded plugin pinoutconfig (category:base,tabindex:0)
2023-10-02 08:44:24,458 [INFO] PluginManage:310 - Check plugin power
2023-10-02 08:44:24,507 [INFO] PluginManage:359 - Loaded plugin power (category:power,tabindex:4)
2023-10-02 08:44:24,508 [INFO] PluginManage:310 - Check plugin projectmanager
2023-10-02 08:44:24,557 [INFO] PluginManage:359 - Loaded plugin projectmanager (category:projectmanager,tabindex:3)
2023-10-02 08:44:24,557 [INFO] PluginManage:310 - Check plugin thirdparty
2023-10-02 08:44:25,351 [INFO] PluginManage:359 - Loaded plugin thirdparty (category:base,tabindex:-1)
2023-10-02 08:44:25,351 [INFO] PluginManage:310 - Check plugin tools
2023-10-02 08:44:25,351 [WARN] IntegrityCheckThread:84 - waiting for thirdparty lock release [integrity check]
2023-10-02 08:44:25,358 [INFO] IntegrityCheckThread:86 - entering critical section [integrity check]
2023-10-02 08:44:25,359 [INFO] ThirdPartyUpdaterWithRetryManager:70 - Updater plugin not ready yet. [1/15]
2023-10-02 08:44:25,439 [INFO] PluginManage:359 - Loaded plugin tools (category:base,tabindex:7)
2023-10-02 08:44:25,440 [INFO] PluginManage:310 - Check plugin tutovideos
2023-10-02 08:44:25,949 [INFO] PluginManage:359 - Loaded plugin tutovideos (category:base,tabindex:-1)
2023-10-02 08:44:25,949 [INFO] PluginManage:310 - Check plugin updater
2023-10-02 08:44:25,977 [INFO] PluginManage:359 - Loaded plugin updater (category:base,tabindex:12)
2023-10-02 08:44:25,977 [INFO] PluginManage:310 - Check plugin userauth
2023-10-02 08:44:25,988 [INFO] UserAuth:113 - Init User Auth plugin
2023-10-02 08:44:25,988 [INFO] PluginManage:359 - Loaded plugin userauth (category:base,tabindex:14)
2023-10-02 08:44:25,989 [INFO] PluginManage:283 - PluginManage : Loaded plugins [17]
2023-10-02 08:44:26,601 [INFO] PinOutPanel:1499 - setPackage(No Configuration,No Configuration)
2023-10-02 08:44:26,864 [INFO] CADModel:165 - CPN selected for project level
2023-10-02 08:44:26,865 [INFO] CADModel:114 - Register for checkConnection events
2023-10-02 08:44:26,921 [INFO] IPUIPlugin:80 - create IPUIPlugin
2023-10-02 08:44:26,921 [INFO] PluginManager:220 - loadIPPluginJar : add adc
2023-10-02 08:44:27,007 [INFO] IPUIPlugin:80 - create IPUIPlugin
2023-10-02 08:44:27,008 [INFO] PluginManager:220 - loadIPPluginJar : add aes
2023-10-02 08:44:27,104 [INFO] IPUIPlugin:80 - create IPUIPlugin
2023-10-02 08:44:27,105 [INFO] PluginManager:220 - loadIPPluginJar : add can
2023-10-02 08:44:27,163 [INFO] IPUIPlugin:80 - create IPUIPlugin
2023-10-02 08:44:27,164 [INFO] PluginManager:220 - loadIPPluginJar : add comp
2023-10-02 08:44:27,248 [INFO] IPUIPlugin:80 - create IPUIPlugin
2023-10-02 08:44:27,248 [INFO] PluginManager:220 - loadIPPluginJar : add cryp
2023-10-02 08:44:27,325 [INFO] IPUIPlugin:80 - create IPUIPlugin
2023-10-02 08:44:27,325 [INFO] PluginManager:220 - loadIPPluginJar : add dfsdm
2023-10-02 08:44:27,356 [INFO] IPUIPlugin:80 - create IPUIPlugin
2023-10-02 08:44:27,357 [INFO] PluginManager:220 - loadIPPluginJar : add dma
2023-10-02 08:44:27,460 [INFO] IPUIPlugin:80 - create IPUIPlugin
2023-10-02 08:44:27,460 [INFO] PluginManager:220 - loadIPPluginJar : add dma3
2023-10-02 08:44:27,509 [INFO] IPUIPlugin:80 - create IPUIPlugin
2023-10-02 08:44:27,509 [INFO] PluginManager:220 - loadIPPluginJar : add fatfs
2023-10-02 08:44:27,624 [INFO] IPUIPlugin:80 - create IPUIPlugin
2023-10-02 08:44:27,625 [INFO] PluginManager:220 - loadIPPluginJar : add fmc
2023-10-02 08:44:27,657 [INFO] IPUIPlugin:80 - create IPUIPlugin
2023-10-02 08:44:27,658 [INFO] PluginManager:220 - loadIPPluginJar : add freertos
2023-10-02 08:44:27,703 [INFO] IPUIPlugin:80 - create IPUIPlugin
2023-10-02 08:44:27,704 [INFO] PluginManager:220 - loadIPPluginJar : add genericplugin
2023-10-02 08:44:27,934 [INFO] IPUIPlugin:80 - create IPUIPlugin
2023-10-02 08:44:27,934 [INFO] PluginManager:220 - loadIPPluginJar : add gfxmmu
2023-10-02 08:44:28,277 [INFO] IPUIPlugin:80 - create IPUIPlugin
2023-10-02 08:44:28,278 [INFO] PluginManager:220 - loadIPPluginJar : add gic
2023-10-02 08:44:28,316 [INFO] IPUIPlugin:80 - create IPUIPlugin
2023-10-02 08:44:28,317 [INFO] PluginManager:220 - loadIPPluginJar : add gpio
2023-10-02 08:44:28,381 [INFO] ThirdPartyUpdaterWithRetryManager:70 - Updater plugin not ready yet. [2/15]
2023-10-02 08:44:28,538 [INFO] IPUIPlugin:80 - create IPUIPlugin
2023-10-02 08:44:28,538 [INFO] PluginManager:220 - loadIPPluginJar : add gtzc
2023-10-02 08:44:28,588 [INFO] IPUIPlugin:80 - create IPUIPlugin
2023-10-02 08:44:28,589 [INFO] PluginManager:220 - loadIPPluginJar : add hash
2023-10-02 08:44:28,675 [INFO] IPUIPlugin:80 - create IPUIPlugin
2023-10-02 08:44:28,675 [INFO] PluginManager:220 - loadIPPluginJar : add i2c
2023-10-02 08:44:28,751 [INFO] IPUIPlugin:80 - create IPUIPlugin
2023-10-02 08:44:28,751 [INFO] PluginManager:220 - loadIPPluginJar : add i2s
2023-10-02 08:44:28,838 [INFO] IPUIPlugin:80 - create IPUIPlugin
2023-10-02 08:44:28,839 [INFO] PluginManager:220 - loadIPPluginJar : add i3c
2023-10-02 08:44:29,071 [INFO] IPUIPlugin:80 - create IPUIPlugin
2023-10-02 08:44:29,071 [INFO] PluginManager:220 - loadIPPluginJar : add ipddr
2023-10-02 08:44:29,318 [INFO] IPUIPlugin:80 - create IPUIPlugin
2023-10-02 08:44:29,318 [INFO] PluginManager:220 - loadIPPluginJar : add linkedlist
2023-10-02 08:44:29,403 [INFO] IPUIPlugin:80 - create IPUIPlugin
2023-10-02 08:44:29,403 [INFO] PluginManager:220 - loadIPPluginJar : add lorawan
2023-10-02 08:44:29,474 [INFO] IPUIPlugin:80 - create IPUIPlugin
2023-10-02 08:44:29,475 [INFO] PluginManager:220 - loadIPPluginJar : add ltdc
2023-10-02 08:44:29,509 [INFO] IPUIPlugin:80 - create IPUIPlugin
2023-10-02 08:44:29,510 [INFO] PluginManager:220 - loadIPPluginJar : add mdma
2023-10-02 08:44:29,554 [INFO] IPUIPlugin:80 - create IPUIPlugin
2023-10-02 08:44:29,554 [INFO] PluginManager:220 - loadIPPluginJar : add nvic
2023-10-02 08:44:29,658 [INFO] IPUIPlugin:80 - create IPUIPlugin
2023-10-02 08:44:29,659 [INFO] PluginManager:220 - loadIPPluginJar : add opamp
2023-10-02 08:44:29,827 [INFO] IPUIPlugin:80 - create IPUIPlugin
2023-10-02 08:44:29,827 [INFO] PluginManager:220 - loadIPPluginJar : add openamp
2023-10-02 08:44:29,944 [INFO] IPUIPlugin:80 - create IPUIPlugin
2023-10-02 08:44:29,945 [INFO] PluginManager:220 - loadIPPluginJar : add pdm2pcm
2023-10-02 08:44:29,976 [INFO] IPUIPlugin:80 - create IPUIPlugin
2023-10-02 08:44:29,982 [INFO] PluginManager:220 - loadIPPluginJar : add plateformsettings
2023-10-02 08:44:30,038 [INFO] IPUIPlugin:80 - create IPUIPlugin
2023-10-02 08:44:30,038 [INFO] PluginManager:220 - loadIPPluginJar : add quadspi
2023-10-02 08:44:30,074 [INFO] IPUIPlugin:80 - create IPUIPlugin
2023-10-02 08:44:30,074 [INFO] PluginManager:220 - loadIPPluginJar : add resmgrutility
2023-10-02 08:44:30,227 [INFO] IPUIPlugin:80 - create IPUIPlugin
2023-10-02 08:44:30,227 [INFO] PluginManager:220 - loadIPPluginJar : add sai
2023-10-02 08:44:30,322 [INFO] IPUIPlugin:80 - create IPUIPlugin
2023-10-02 08:44:30,322 [INFO] PluginManager:220 - loadIPPluginJar : add spi
2023-10-02 08:44:30,489 [INFO] IPUIPlugin:80 - create IPUIPlugin
2023-10-02 08:44:30,489 [INFO] PluginManager:220 - loadIPPluginJar : add stm32_wpan
2023-10-02 08:44:30,537 [INFO] IPUIPlugin:80 - create IPUIPlugin
2023-10-02 08:44:30,537 [INFO] PluginManager:220 - loadIPPluginJar : add tim
2023-10-02 08:44:30,636 [INFO] IPUIPlugin:80 - create IPUIPlugin
2023-10-02 08:44:30,637 [INFO] PluginManager:220 - loadIPPluginJar : add touchsensing
2023-10-02 08:44:30,680 [INFO] IPUIPlugin:80 - create IPUIPlugin
2023-10-02 08:44:30,680 [INFO] PluginManager:220 - loadIPPluginJar : add tracer_emb
2023-10-02 08:44:30,717 [INFO] IPUIPlugin:80 - create IPUIPlugin
2023-10-02 08:44:30,717 [INFO] PluginManager:220 - loadIPPluginJar : add ts
2023-10-02 08:44:30,750 [INFO] IPUIPlugin:80 - create IPUIPlugin
2023-10-02 08:44:30,750 [INFO] PluginManager:220 - loadIPPluginJar : add tsc
2023-10-02 08:44:30,791 [INFO] IPUIPlugin:80 - create IPUIPlugin
2023-10-02 08:44:30,791 [INFO] PluginManager:220 - loadIPPluginJar : add ucpd
2023-10-02 08:44:30,880 [INFO] IPUIPlugin:80 - create IPUIPlugin
2023-10-02 08:44:30,880 [INFO] PluginManager:220 - loadIPPluginJar : add usart
2023-10-02 08:44:30,959 [INFO] IPUIPlugin:80 - create IPUIPlugin
2023-10-02 08:44:30,959 [INFO] PluginManager:220 - loadIPPluginJar : add usbx
2023-10-02 08:44:31,168 [INFO] CADModel:165 - CPN selected for project level
2023-10-02 08:44:31,168 [INFO] CADModel:114 - Register for checkConnection events
2023-10-02 08:44:31,169 [FATAL] Updater:308 - Updater called before beeing initialized
2023-10-02 08:44:31,169 [ERROR] CADModel:125 - Updater not yet initialized, retry later 
2023-10-02 08:44:31,384 [INFO] ThirdPartyUpdaterWithRetryManager:70 - Updater plugin not ready yet. [3/15]
2023-10-02 08:44:31,553 [INFO] CADModel:165 - CPN selected for project level
2023-10-02 08:44:31,554 [INFO] CADModel:114 - Register for checkConnection events
2023-10-02 08:44:31,554 [FATAL] Updater:308 - Updater called before beeing initialized
2023-10-02 08:44:31,554 [ERROR] CADModel:125 - Updater not yet initialized, retry later 
2023-10-02 08:44:31,562 [FATAL] Updater:308 - Updater called before beeing initialized
2023-10-02 08:44:32,331 [FATAL] Updater:308 - Updater called before beeing initialized
2023-10-02 08:44:32,412 [INFO] DbMcusAds:53 - JSON generation date=Thu Sep 30 12:55:09 ALMT 2021 (1632984909247)
2023-10-02 08:44:32,413 [FATAL] Updater:308 - Updater called before beeing initialized
2023-10-02 08:44:32,655 [WARN] DetailPanel:346 - Failed to get advertising image, set to default
2023-10-02 08:44:32,957 [FATAL] Updater:308 - Updater called before beeing initialized
2023-10-02 08:44:32,964 [FATAL] Updater:308 - Updater called before beeing initialized
2023-10-02 08:44:32,964 [FATAL] Updater:308 - Updater called before beeing initialized
2023-10-02 08:44:32,964 [WARN] DetailPanel:346 - Failed to get advertising image, set to default
2023-10-02 08:44:32,966 [FATAL] Updater:308 - Updater called before beeing initialized
2023-10-02 08:44:33,244 [ERROR] Updater:1120 - MainUpdater not yet initialized. External WinMGr cannot be set.
2023-10-02 08:44:33,266 [INFO] Updater:1056 - Updater Version found : 6.9.1
2023-10-02 08:44:33,309 [INFO] ApplicationProperties:184 - Using Application install path: C:\ST\STM32CubeIDE_1.12.0\STM32CubeIDE\plugins\com.st.stm32cube.common.mx_6.9.1.202307191849
2023-10-02 08:44:33,569 [INFO] MainUpdater:521 - Copy updater definitions from MX database
2023-10-02 08:44:34,100 [INFO] MainUpdater:2868 - connection check result : 10
2023-10-02 08:44:34,100 [INFO] MainUpdater:3562 - Updater definition file requires update
2023-10-02 08:44:34,103 [INFO] MainUpdater:285 - Updater Check For Update Now.
2023-10-02 08:44:34,104 [INFO] MicroXplorer:498 - Change Database Version : DB.6.0.91
2023-10-02 08:44:34,138 [INFO] McuFinderGlobals:63 - Set McuFinder mode to 2 (CubeIDE integrated)
2023-10-02 08:44:34,139 [INFO] UserAuth:179 - activating auth plugin
2023-10-02 08:44:34,138 [INFO] McuFinderGlobals:63 - Set McuFinder mode to 2 (CubeIDE integrated)
2023-10-02 08:44:34,141 [INFO] UserAuth:179 - activating auth plugin
2023-10-02 08:44:34,183 [INFO] UserAuth:393 - Internet connection configuration mode: 1
2023-10-02 08:44:34,183 [INFO] UserAuth:393 - Internet connection configuration mode: 1
2023-10-02 08:44:34,221 [INFO] JxBrowserEngine:151 - Initiate JxBrowser Engine with user profile folder
2023-10-02 08:44:34,295 [INFO] ServerAccessManage:473 - Download File updaters.zip
2023-10-02 08:44:34,526 [WARN] MainUpdater:1189 - Updater busy. Cannot search thirdparties
2023-10-02 08:44:34,528 [INFO] ThirdPartyUpdaterWithRetryManager:96 - Updater plugin is busy. [1/15]
2023-10-02 08:44:35,077 [INFO] FileExtend:240 - Unzip File : updaters.zip
2023-10-02 08:44:35,077 [INFO] FileExtend:255 - Standard Zip Deflate
2023-10-02 08:44:36,471 [INFO] ServerAccessManage:473 - Download File PacksControlFlags.xml
2023-10-02 08:44:37,006 [INFO] ServerAccessManage:473 - Download File cubemx.pidx
2023-10-02 08:44:37,592 [WARN] MainUpdater:1189 - Updater busy. Cannot search thirdparties
2023-10-02 08:44:37,592 [INFO] ThirdPartyUpdaterWithRetryManager:96 - Updater plugin is busy. [2/15]
2023-10-02 08:44:38,353 [INFO] ServerAccessManage:473 - Download File STMicroelectronics.FP-SNS-FLIGHT1.pdsc
2023-10-02 08:44:39,263 [INFO] ServerAccessManage:473 - Download File STMicroelectronics.FP-SNS-SMARTAG2.pdsc
2023-10-02 08:44:39,978 [INFO] ServerAccessManage:473 - Download File STMicroelectronics.X-CUBE-AI.pdsc
2023-10-02 08:44:40,613 [WARN] MainUpdater:1189 - Updater busy. Cannot search thirdparties
2023-10-02 08:44:40,613 [INFO] ThirdPartyUpdaterWithRetryManager:96 - Updater plugin is busy. [3/15]
2023-10-02 08:44:43,629 [WARN] MainUpdater:1189 - Updater busy. Cannot search thirdparties
2023-10-02 08:44:43,629 [INFO] ThirdPartyUpdaterWithRetryManager:96 - Updater plugin is busy. [4/15]
2023-10-02 08:44:44,394 [INFO] ServerAccessManage:473 - Download File STMicroelectronics.X-CUBE-BLE1.pdsc
2023-10-02 08:44:46,631 [WARN] MainUpdater:1189 - Updater busy. Cannot search thirdparties
2023-10-02 08:44:46,631 [INFO] ThirdPartyUpdaterWithRetryManager:96 - Updater plugin is busy. [5/15]
2023-10-02 08:44:47,630 [ERROR] ServerAccessManage:1089 - Problem, file not found on Server
2023-10-02 08:44:48,140 [INFO] ServerAccessManage:473 - Download File STMicroelectronics.X-CUBE-FREERTOS.pdsc
2023-10-02 08:44:49,716 [WARN] MainUpdater:1189 - Updater busy. Cannot search thirdparties
2023-10-02 08:44:49,717 [INFO] ThirdPartyUpdaterWithRetryManager:96 - Updater plugin is busy. [6/15]
2023-10-02 08:44:50,009 [INFO] ServerAccessManage:473 - Download File STMicroelectronics.X-CUBE-NFC6.pdsc
2023-10-02 08:44:50,850 [INFO] ServerAccessManage:473 - Download File STMicroelectronics.X-CUBE-TOF1.pdsc
2023-10-02 08:44:51,993 [INFO] WebApp:157 - Instantiating new browser for Auth
2023-10-02 08:44:52,722 [WARN] MainUpdater:1189 - Updater busy. Cannot search thirdparties
2023-10-02 08:44:52,725 [INFO] ThirdPartyUpdaterWithRetryManager:96 - Updater plugin is busy. [7/15]
2023-10-02 08:44:52,777 [ERROR] ServerAccessManage:1089 - Problem, file not found on Server
2023-10-02 08:44:53,993 [INFO] WebApp:753 - Register for checkConnection events
2023-10-02 08:44:53,994 [INFO] WebApp:390 - Apply proxy settings
2023-10-02 08:44:53,994 [INFO] WebApp:475 - Chromium requires no authentication
2023-10-02 08:44:54,012 [INFO] WebApp:418 - Direct internet connection detected
2023-10-02 08:44:54,020 [INFO] ServerAccessManage:473 - Download File STMicroelectronics.X-CUBE-AZRTOS-L5.pdsc
2023-10-02 08:44:54,599 [INFO] WebApp:188 - Starting web application
2023-10-02 08:44:54,599 [INFO] WebApp:520 - Web application path used C:\ST\STM32CubeIDE_1.12.0\STM32CubeIDE\plugins\com.st.stm32cube.common.mx_6.9.1.202307191849\db\plugins\mcufinder\reactClient1\index.html
2023-10-02 08:44:55,901 [WARN] MainUpdater:1189 - Updater busy. Cannot search thirdparties
2023-10-02 08:44:55,901 [INFO] ThirdPartyUpdaterWithRetryManager:96 - Updater plugin is busy. [8/15]
2023-10-02 08:44:56,296 [INFO] ServerAccessManage:473 - Download File STMicroelectronics.X-CUBE-AZRTOS-WB.pdsc
2023-10-02 08:44:57,893 [ERROR] ServerAccessManage:1096 - Problem, Http access forbiden
2023-10-02 08:44:57,894 [ERROR] ServerAccessManage:651 - Problem, Http access forbiden : RoweBots.I-CUBE-UNISONRTOS.pdsc.
2023-10-02 08:44:58,246 [WARN] PackLoader:240 - Cannot read IP mode file for STMicroelectronics.FP-SNS-FLIGHT1.5.0.2
2023-10-02 08:44:58,266 [WARN] PackLoader:240 - Cannot read IP mode file for STMicroelectronics.FP-SNS-SMARTAG2.1.2.0
2023-10-02 08:44:58,280 [WARN] PackLoader:240 - Cannot read IP mode file for STMicroelectronics.X-CUBE-AI.8.1.0
2023-10-02 08:44:58,298 [WARN] PackLoader:240 - Cannot read IP mode file for STMicroelectronics.X-CUBE-BLE1.7.0.0
2023-10-02 08:44:58,333 [WARN] PackLoader:240 - Cannot read IP mode file for STMicroelectronics.X-CUBE-FREERTOS.1.1.0
2023-10-02 08:44:58,360 [WARN] PackLoader:240 - Cannot read IP mode file for STMicroelectronics.X-CUBE-NFC6.3.0.0
2023-10-02 08:44:58,396 [WARN] PackLoader:240 - Cannot read IP mode file for STMicroelectronics.X-CUBE-TOF1.3.3.1
2023-10-02 08:44:58,517 [WARN] PackLoader:240 - Cannot read IP mode file for STMicroelectronics.X-CUBE-AZRTOS-L5.2.0.0
2023-10-02 08:44:58,580 [WARN] ConditionMgr:438 - getConditionDescription Invalid condition id : UX DEVICE CLASS RTOS Condition cause : null
2023-10-02 08:44:58,580 [WARN] ConditionMgr:438 - getConditionDescription Invalid condition id : UX DEVICE CLASS RTOS Condition cause : null
2023-10-02 08:44:58,592 [WARN] PackLoader:240 - Cannot read IP mode file for STMicroelectronics.X-CUBE-AZRTOS-WB.2.0.0
2023-10-02 08:44:58,594 [WARN] ConditionMgr:1039 - genDependencies : Invalid condition id : UX DEVICE CLASS RTOS Condition cause : null
2023-10-02 08:44:58,594 [WARN] ConditionMgr:1039 - genDependencies : Invalid condition id : UX DEVICE CLASS RTOS Condition cause : null
2023-10-02 08:44:58,596 [WARN] ConditionMgr:1039 - genDependencies : Invalid condition id : UX DEVICE CLASS RTOS Condition cause : null
2023-10-02 08:44:58,597 [WARN] ConditionMgr:1039 - genDependencies : Invalid condition id : UX DEVICE CLASS RTOS Condition cause : null
2023-10-02 08:44:58,597 [WARN] ConditionMgr:1039 - genDependencies : Invalid condition id : UX DEVICE CLASS RTOS Condition cause : null
2023-10-02 08:44:58,603 [INFO] PopulateThirdPartyThread:66 - Ending populate Thread
2023-10-02 08:44:58,605 [INFO] ThirdParty:1030 - CMSIS Pack Vendor :STMicroelectronics X-CUBE-AZRTOS-WB 2.0.0
2023-10-02 08:44:58,605 [INFO] ThirdParty:1030 - CMSIS Pack Vendor :STMicroelectronics FP-SNS-SMARTAG2 1.2.0
2023-10-02 08:44:58,610 [INFO] ThirdParty:1030 - CMSIS Pack Vendor :STMicroelectronics X-CUBE-FREERTOS 1.1.0
2023-10-02 08:44:58,610 [INFO] ThirdParty:1030 - CMSIS Pack Vendor :STMicroelectronics FP-SNS-FLIGHT1 5.0.2
2023-10-02 08:44:58,610 [INFO] ThirdParty:1030 - CMSIS Pack Vendor :STMicroelectronics X-CUBE-BLE1 7.0.0
2023-10-02 08:44:58,611 [INFO] ThirdParty:1030 - CMSIS Pack Vendor :STMicroelectronics X-CUBE-TOF1 3.3.1
2023-10-02 08:44:58,611 [INFO] ThirdParty:1030 - CMSIS Pack Vendor :STMicroelectronics X-CUBE-AZRTOS-L5 2.0.0
2023-10-02 08:44:58,611 [INFO] ThirdParty:1030 - CMSIS Pack Vendor :STMicroelectronics X-CUBE-NFC6 3.0.0
2023-10-02 08:44:58,611 [INFO] ThirdParty:1030 - CMSIS Pack Vendor :STMicroelectronics X-CUBE-AI 8.1.0
2023-10-02 08:44:58,612 [INFO] LoadServerUpdatesThread:373 - End of LoadServerUpdate Thread
2023-10-02 08:44:58,902 [WARN] MainUpdater:1189 - Updater busy. Cannot search thirdparties
2023-10-02 08:44:58,903 [INFO] ThirdPartyUpdaterWithRetryManager:96 - Updater plugin is busy. [9/15]
2023-10-02 08:44:59,221 [INFO] CheckServerUpdateThread:120 - End of CheckServer Thread
2023-10-02 08:45:02,401 [WARN] PackLoader:240 - Cannot read IP mode file for STMicroelectronics.X-CUBE-SMBUS.2.1.0
2023-10-02 08:45:02,474 [WARN] PackLoader:240 - Cannot read IP mode file for STMicroelectronics.X-CUBE-AZRTOS-F7.1.1.0
2023-10-02 08:45:02,567 [WARN] PackLoader:240 - Cannot read IP mode file for STMicroelectronics.FP-SNS-MOTENV1.4.3.2
2023-10-02 08:45:02,606 [ERROR] RealEvaluatedCondition:428 - Found unsupported composite condition: CLASS='Data Exchange' GROUP='STM32_MetaDataManager'
2023-10-02 08:45:02,606 [ERROR] RealEvaluatedCondition:428 - Found unsupported composite condition: CLASS='Data Exchange' GROUP='STM32_MetaDataManager'
2023-10-02 08:45:02,611 [WARN] PackLoader:240 - Cannot read IP mode file for STMicroelectronics.FP-SNS-MOTENV1.4.3.1
2023-10-02 08:45:02,626 [WARN] PackLoader:240 - Cannot read IP mode file for STMicroelectronics.FP-SNS-FLIGHT1.5.0.1
2023-10-02 08:45:02,666 [WARN] PackLoader:240 - Cannot read IP mode file for STMicroelectronics.X-CUBE-BLE1.6.2.4
2023-10-02 08:45:02,676 [WARN] PackLoader:240 - Cannot read IP mode file for STMicroelectronics.FP-SNS-FLIGHT1.5.0.2
2023-10-02 08:45:02,720 [WARN] PackLoader:240 - Cannot read IP mode file for STMicroelectronics.X-CUBE-DISPLAY.3.0.0
2023-10-02 08:45:02,770 [WARN] PackLoader:240 - Cannot read IP mode file for STMicroelectronics.X-CUBE-BLE1.7.0.0
2023-10-02 08:45:02,801 [WARN] PackLoader:240 - Cannot read IP mode file for STMicroelectronics.X-CUBE-TOUCHGFX.4.22.0
2023-10-02 08:45:02,875 [WARN] PackLoader:240 - Cannot read IP mode file for STMicroelectronics.FP-SNS-SMARTAG2.1.2.0
2023-10-02 08:45:02,921 [WARN] PackLoader:240 - Cannot read IP mode file for WES.I-CUBE-Cesium.1.3.0
2023-10-02 08:45:02,950 [WARN] PackLoader:240 - Cannot read IP mode file for STMicroelectronics.X-CUBE-BLE2.3.3.0
2023-10-02 08:45:02,991 [WARN] PackLoader:240 - Cannot read IP mode file for STMicroelectronics.X-CUBE-TOUCHGFX.4.21.3
2023-10-02 08:45:03,077 [WARN] PackLoader:240 - Cannot read IP mode file for STMicroelectronics.X-CUBE-TOUCHGFX.4.21.4
2023-10-02 08:45:03,133 [WARN] PackLoader:240 - Cannot read IP mode file for STMicroelectronics.X-CUBE-ALGOBUILD.1.3.0
2023-10-02 08:45:03,223 [WARN] PackLoader:240 - Cannot read IP mode file for STMicroelectronics.X-CUBE-AZRTOS-G0.1.1.0
2023-10-02 08:45:03,375 [WARN] PackLoader:240 - Cannot read IP mode file for STMicroelectronics.X-CUBE-NFC4.3.0.0
2023-10-02 08:45:03,390 [WARN] PackLoader:240 - Cannot read IP mode file for STMicroelectronics.FP-ATR-SIGFOX1.3.2.0
2023-10-02 08:45:03,697 [WARN] PackLoader:240 - Cannot read IP mode file for SEGGER.I-CUBE-embOS.1.3.1
2023-10-02 08:45:03,996 [WARN] PackLoader:240 - Cannot read IP mode file for STMicroelectronics.X-CUBE-GNSS1.6.0.0
2023-10-02 08:45:04,139 [WARN] PackLoader:240 - Cannot read IP mode file for STMicroelectronics.X-CUBE-AZRTOS-F4.1.1.0
2023-10-02 08:45:04,263 [WARN] PackLoader:240 - Cannot read IP mode file for wolfSSL.I-CUBE-wolfSSL.5.6.0
2023-10-02 08:45:04,576 [WARN] PackLoader:240 - Cannot read IP mode file for STMicroelectronics.X-CUBE-AZRTOS-L5.2.0.0
2023-10-02 08:45:04,852 [WARN] PackLoader:240 - Cannot read IP mode file for STMicroelectronics.X-CUBE-MEMS1.9.6.0
2023-10-02 08:45:05,228 [WARN] PackLoader:240 - Cannot read IP mode file for emotas.I-CUBE-CANOPEN.1.1.3
2023-10-02 08:45:05,260 [WARN] PackLoader:240 - Cannot read IP mode file for STMicroelectronics.X-CUBE-BLEMGR.2.0.0
2023-10-02 08:45:05,341 [WARN] ConditionMgr:438 - getConditionDescription Invalid condition id : UX DEVICE CLASS RTOS Condition cause : null
2023-10-02 08:45:05,342 [WARN] ConditionMgr:438 - getConditionDescription Invalid condition id : UX DEVICE CLASS RTOS Condition cause : null
2023-10-02 08:45:05,349 [WARN] PackLoader:240 - Cannot read IP mode file for STMicroelectronics.X-CUBE-AZRTOS-H7.3.1.0
2023-10-02 08:45:05,350 [WARN] ConditionMgr:1039 - genDependencies : Invalid condition id : UX DEVICE CLASS RTOS Condition cause : null
2023-10-02 08:45:05,357 [WARN] ConditionMgr:1039 - genDependencies : Invalid condition id : UX DEVICE CLASS RTOS Condition cause : null
2023-10-02 08:45:05,365 [WARN] ConditionMgr:1039 - genDependencies : Invalid condition id : UX DEVICE CLASS RTOS Condition cause : null
2023-10-02 08:45:05,366 [WARN] ConditionMgr:1039 - genDependencies : Invalid condition id : UX DEVICE CLASS RTOS Condition cause : null
2023-10-02 08:45:05,366 [WARN] ConditionMgr:1039 - genDependencies : Invalid condition id : UX DEVICE CLASS RTOS Condition cause : null
2023-10-02 08:45:05,394 [WARN] PackLoader:240 - Cannot read IP mode file for STMicroelectronics.X-CUBE-NFC7.1.0.1
2023-10-02 08:45:05,416 [WARN] PackLoader:240 - Cannot read IP mode file for STMicroelectronics.X-CUBE-NFC7.1.0.0
2023-10-02 08:45:05,465 [WARN] PackLoader:240 - Cannot read IP mode file for STMicroelectronics.X-CUBE-NFC6.3.0.0
2023-10-02 08:45:05,494 [WARN] PackLoader:240 - Cannot read IP mode file for STMicroelectronics.X-CUBE-EEPRMA1.4.1.0
2023-10-02 08:45:05,503 [WARN] PackLoader:240 - Cannot read IP mode file for STMicroelectronics.X-CUBE-AI.8.1.0
2023-10-02 08:45:05,584 [WARN] ConditionMgr:438 - getConditionDescription Invalid condition id : LAN8742 Phy interface Condition cause : null
2023-10-02 08:45:05,594 [WARN] PackLoader:240 - Cannot read IP mode file for STMicroelectronics.X-CUBE-AZRTOS-L4.2.0.0
2023-10-02 08:45:05,597 [WARN] ConditionMgr:1039 - genDependencies : Invalid condition id : LAN8742 Phy interface Condition cause : null
2023-10-02 08:45:05,598 [WARN] ConditionMgr:1039 - genDependencies : Invalid condition id : LAN8742 Phy interface Condition cause : null
2023-10-02 08:45:05,599 [WARN] ConditionMgr:1039 - genDependencies : Invalid condition id : LAN8742 Phy interface Condition cause : null
2023-10-02 08:45:05,674 [WARN] PackLoader:240 - Cannot read IP mode file for STMicroelectronics.X-CUBE-SFXS2LP1.4.0.0
2023-10-02 08:45:05,757 [WARN] PackLoader:240 - Cannot read IP mode file for STMicroelectronics.X-CUBE-ISPU.1.1.0
2023-10-02 08:45:05,805 [WARN] PackLoader:240 - Cannot read IP mode file for STMicroelectronics.X-CUBE-AI.8.0.0
2023-10-02 08:45:05,887 [WARN] ConditionMgr:438 - getConditionDescription Invalid condition id : UX DEVICE CLASS RTOS Condition cause : null
2023-10-02 08:45:05,888 [WARN] ConditionMgr:438 - getConditionDescription Invalid condition id : UX DEVICE CLASS RTOS Condition cause : null
2023-10-02 08:45:05,893 [WARN] PackLoader:240 - Cannot read IP mode file for STMicroelectronics.X-CUBE-AZRTOS-WB.2.0.0
2023-10-02 08:45:05,894 [WARN] ConditionMgr:1039 - genDependencies : Invalid condition id : UX DEVICE CLASS RTOS Condition cause : null
2023-10-02 08:45:05,894 [WARN] ConditionMgr:1039 - genDependencies : Invalid condition id : UX DEVICE CLASS RTOS Condition cause : null
2023-10-02 08:45:05,895 [WARN] ConditionMgr:1039 - genDependencies : Invalid condition id : UX DEVICE CLASS RTOS Condition cause : null
2023-10-02 08:45:05,896 [WARN] ConditionMgr:1039 - genDependencies : Invalid condition id : UX DEVICE CLASS RTOS Condition cause : null
2023-10-02 08:45:05,896 [WARN] ConditionMgr:1039 - genDependencies : Invalid condition id : UX DEVICE CLASS RTOS Condition cause : null
2023-10-02 08:45:05,920 [WARN] PackLoader:240 - Cannot read IP mode file for STMicroelectronics.X-CUBE-FREERTOS.1.0.1
2023-10-02 08:45:05,987 [WARN] PackLoader:240 - Cannot read IP mode file for STMicroelectronics.X-CUBE-AZRTOS-L5.1.1.0
2023-10-02 08:45:06,057 [WARN] PackLoader:240 - Cannot read IP mode file for STMicroelectronics.X-CUBE-AI.8.0.1
2023-10-02 08:45:06,129 [WARN] PackLoader:240 - Cannot read IP mode file for STMicroelectronics.X-CUBE-SUBG2.5.0.0
2023-10-02 08:45:06,171 [WARN] PackLoader:240 - Cannot read IP mode file for STMicroelectronics.X-CUBE-TOF1.3.3.1
2023-10-02 08:45:06,244 [WARN] PackLoader:240 - Cannot read IP mode file for STMicroelectronics.X-CUBE-AZRTOS-G4.2.0.0
2023-10-02 08:45:06,290 [WARN] PackLoader:240 - Cannot read IP mode file for STMicroelectronics.X-CUBE-TOF1.3.3.0
2023-10-02 08:45:06,366 [WARN] PackLoader:240 - Cannot read IP mode file for STMicroelectronics.X-CUBE-AZRTOS-L4.1.0.0
2023-10-02 08:45:06,414 [WARN] PackLoader:240 - Cannot read IP mode file for STMicroelectronics.X-CUBE-FREERTOS.1.1.0
2023-10-02 08:45:06,465 [WARN] PackLoader:240 - Cannot read IP mode file for STMicroelectronics.X-CUBE-AZRTOS-WL.1.0.0
2023-10-02 08:45:06,492 [WARN] PackLoader:240 - Cannot read IP mode file for portGmbH.I-Cube-SoM-uGOAL.1.1.0
2023-10-02 08:45:06,518 [WARN] PackLoader:240 - Cannot read IP mode file for STMicroelectronics.X-CUBE-ALS.1.0.1
2023-10-02 08:45:06,565 [WARN] PackLoader:240 - Cannot read IP mode file for STMicroelectronics.X-CUBE-AZRTOS-WB.1.1.0
2023-10-02 08:45:06,577 [WARN] PackLoader:240 - Cannot read IP mode file for STMicroelectronics.FP-ATR-ASTRA1.2.0.0
2023-10-02 08:45:06,579 [INFO] ThirdParty:978 - Integrity check success = true
2023-10-02 08:45:06,579 [INFO] IntegrityCheckThread:100 - exiting critical section [integrity check]
2023-10-02 08:45:06,579 [INFO] IntegrityCheckThread:103 - End integrity checks thread
2023-10-02 08:45:18,634 [ERROR] LogOutputStream:75 - [STDERR_REDIRECT] SLF4J: Failed to load class "org.slf4j.impl.StaticLoggerBinder".
2023-10-02 08:45:18,657 [ERROR] LogOutputStream:75 - [STDERR_REDIRECT] SLF4J: Defaulting to no-operation (NOP) logger implementation
2023-10-02 08:45:18,664 [ERROR] LogOutputStream:75 - [STDERR_REDIRECT] SLF4J: See http://www.slf4j.org/codes.html#StaticLoggerBinder for further details.
2023-10-02 08:58:13,063 [ERROR] LogOutputStream:75 - [STDERR_REDIRECT] 
