A!REFDES!PART_NUMBER!IDX_OBJID!RFBLOCK!PART_NAME!VALUE!
J!C:/Users/useroot/DOCUMENTS/GITHUB/DOSTI/DEVELOPMENTPROJECTS/MPS V3/SCH&BRD/allegro/mps-3.brd!Sat Jan 20 23:21:02 2024!-4.2820!-4.2820!257.3472!180.7728!0.0001!millimeters!MPS-3!65.392126 mil!2!UP TO DATE!
S!C1!!ALG:Comp28!mps-3/sch!GRM319R71E473JA01D!100nF!
S!C10!!ALG:Comp19!mps-3/sch!GRM319R71E473JA01D!100nF!
S!C2!!ALG:Comp27!mps-3/sch!GRM319R71E473JA01D!100nF!
S!C4!!ALG:Comp25!mps-3/sch!GRM319R71E473JA01D!100nF!
S!C8!!ALG:Comp21!mps-3/sch!GRM319R71E473JA01D!100nF!
S!C3!!ALG:Comp26!mps-3/sch!GRM319R71E473JA01D!10uF!
S!C5!!ALG:Comp24!mps-3/sch!GRM319R71E473JA01D!10uF!
S!C6!!ALG:Comp23!mps-3/sch!GRM319R71E473JA01D!1.2pF!
S!C7!!ALG:Comp22!mps-3/sch!GRM319R71E473JA01D!1.2pF!
S!C9!!ALG:Comp20!mps-3/sch!GRM319R71E473JA01D!1uF!
S!IC1!!ALG:Comp17!mps-3/sch!STM32L052K8T6!STM32L052K8T6!
S!IC2!!ALG:Comp16!mps-3/sch!AMS1117-3.3!AMS1117-3.3!
S!J1!!ALG:Comp15!mps-3/sch!26-60-4030!BOOT0!
S!J10!!ALG:Comp11!mps-3/sch!UJC-HP-L-G-5-MSMT-TR!UJC-HP-L-G-5-MSMT-TR!
S!J3&J4!!ALG:Comp10!mps-3/sch!22-03-2161!22-03-2161!
S!J5!!ALG:Comp14!mps-3/sch!26-60-4030!VIN!
S!J7!!ALG:Comp13!mps-3/sch!26-60-4030!M02LOCK!
S!J9!!ALG:Comp12!mps-3/sch!0022232021!VSS!
S!Q2!!ALG:Comp1!!BVSS138LT1G!BVSS138LT1G!
S!S1!!ALG:Comp3!mps-3/sch!95C06A3RAT!95C06A3RAT!
S!Y1!!ALG:Comp2!mps-3/sch!ABS07-32.768KHZ-4P-1-T!32.768KHZ!
S!D1!!ALG:Comp18!mps-3/sch!WS2812!WS2812!
S!J8-J6!!ALG:Comp9!mps-3/sch!55917-2010!55917-2010!
S!R1!!ALG:Comp8!mps-3/sch!CRGH1206F4K64!10k!
S!R2!!ALG:Comp7!mps-3/sch!CRGH1206F4K64!10k!
S!R3!!ALG:Comp6!mps-3/sch!CRGH1206F4K64!10k!
S!R6!!ALG:Comp5!mps-3/sch!CRGH1206F4K64!160!
S!R7!!ALG:Comp4!mps-3/sch!CRGH1206F4K64!100k!
