(---------------------------------------------------------------------)
(                                                                     )
(    DBDOCTOR                                                         )
(                                                                     )
(    Drawing          : mps-3.brd                                     )
(    Software Version : 23.1P001                                      )
(    Date/Time        : Sat Jan 20 22:26:23 2024                      )
(                                                                     )
(---------------------------------------------------------------------)


WARNING Deleted redundant via at (149.8600 123.1900) on net NRST.
WARNING Deleted redundant via at (146.0500 123.1900) on net NRST.
WARNING Deleted redundant via at (161.2900 120.6500) on net VSS.
WARNING Deleted redundant via at (119.3800 83.8200) on net PA4_NSS.
WARNING Deleted redundant via at (125.7300 90.1700) on net PA2.

Number of Xnets before update: 0        after update: 0
Number of Diff Pairs before update: 0   after update: 0

Regenerating DRC
  Original DRC errors:   0
  Updated DRC errors:    6
  DRC elapsed time:      00:00:01

5 warnings, 0 errors detected, 0 errors  fixed.
