NAME!usage!drillToolSize!holeCounterType!holeCounterDiameter!holeCounterDepth!holeCounterTolerance!holeCounterAngle!drillNonStandard
R125_60!Smd!!nil!0.0!0.0!0.0 0.0!0!nil!
R190_110!Smd!!nil!0.0!0.0!0.0 0.0!0!nil!
R175_105!Smd!!nil!0.0!0.0!0.0 0.0!0!nil!
C138_1_H85!Through!!nil!0.0!0.0!0.0 0.0!0!nil!
C60_H120!Mechanical_hole!!nil!0.0!0.0!0.0 0.0!0!nil!
R110_70!Smd!!nil!0.0!0.0!0.0 0.0!0!nil!
R110_76!Smd!!nil!0.0!0.0!0.0 0.0!0!nil!
R110_80!Smd!!nil!0.0!0.0!0.0 0.0!0!nil!
C228_H152!Through!!nil!0.0!0.0!0.0 0.0!0!nil!
C285_H190!Through!!nil!0.0!0.0!0.0 0.0!0!nil!
S157_5_H105!Through!!nil!0.0!0.0!0.0 0.0!0!nil!
C157_5_H105!Through!!nil!0.0!0.0!0.0 0.0!0!nil!
S262_5_H175!Through!!nil!0.0!0.0!0.0 0.0!0!nil!
C262_5_H175!Through!!nil!0.0!0.0!0.0 0.0!0!nil!
R130_95!Smd!!nil!0.0!0.0!0.0 0.0!0!nil!
R325_130!Smd!!nil!0.0!0.0!0.0 0.0!0!nil!
R147_5_60!Smd!!nil!0.0!0.0!0.0 0.0!0!nil!
R150_100!Smd!!nil!0.0!0.0!0.0 0.0!0!nil!
R178_104!Smd!!nil!0.0!0.0!0.0 0.0!0!nil!
VIA!Through!!nil!0.0!0.0!0.0 0.0!0!nil!
