A!NET_NAME_SORT!NET_NAME!NET_PHYSICAL_TYPE!NET_SPACING_TYPE!ELECTRICAL_CONSTRAINT_SET!NET_DIFFERENTIAL_PAIR!NET_STUB_LENGTH!NET_MAX_VIA_COUNT!NET_MIN_LINE_WIDTH!NET_MAX_PARALLEL!NET_IMPEDANCE_AVERAGE!NO_TEST!NET_IMPEDANCE_MINIMUM!NET_IMPEDANCE_MAXIMUM!
J!C:/Users/useroot/DOCUMENTS/GITHUB/DOSTI/DEVELOPMENTPROJECTS/MPS V3/SCH&BRD/allegro/mps-3.brd!Sat Jan 20 23:10:59 2024!-4.2820!-4.2820!257.3472!180.7728!0.0001!millimeters!MPS-3!65.392126 mil!2!UP TO DATE!
S!RFETCHSHAPENET!RFETCHSHAPENET!!!!!!!!!0.00 ohms!!100000000000000005366162204393472.00 ohms!0.00 ohms!
S!C6TOPC 00000015!C6TOPC15!!!!!!!!!194.78 ohms!!180.46 ohms!209.79 ohms!
S!C7TOPC 00000014!C7TOPC14!!!!!!!!!197.51 ohms!!180.46 ohms!209.79 ohms!
S!J5TOVIN!J5TOVIN!!!!!!!!!187.28 ohms!!180.46 ohms!209.79 ohms!
S!VIN!VIN!!!!!!!!!209.79 ohms!!209.79 ohms!209.79 ohms!
S!VBUS!VBUS!!!!!!!!!179.11 ohms!!162.33 ohms!180.46 ohms!
S!VSS_ 00000001!VSS_1!!!!!!!!!0.00 ohms!!100000000000000005366162204393472.00 ohms!0.00 ohms!
S!VSS_ 00000002!VSS_2!!!!!!!!!0.00 ohms!!100000000000000005366162204393472.00 ohms!0.00 ohms!
S!N 00001236!N01236!!!!!!!!!209.79 ohms!!209.79 ohms!209.79 ohms!
S!USB_DP!USB_DP!!!!!!!!!198.87 ohms!!191.74 ohms!209.79 ohms!
S!USB_DM!USB_DM!!!!!!!!!196.48 ohms!!191.74 ohms!209.79 ohms!
S!N 00001312!N01312!!!!!!!!!209.79 ohms!!209.79 ohms!209.79 ohms!
S!BOOT 00000000!BOOT0!!!!!!!!!209.79 ohms!!209.79 ohms!209.79 ohms!
S!GND!GND!!!!!!!!!8.28 ohms!!8.21 ohms!209.79 ohms!
S!NRST!NRST!!!!!!!!!164.24 ohms!!162.33 ohms!191.74 ohms!
S!VDD!VDD!!!!!!!!!157.44 ohms!!138.56 ohms!209.79 ohms!
S!VSS!VSS!!!!!!!!!157.48 ohms!!138.56 ohms!209.79 ohms!
S!VDDA!VDDA!!!!!!!!!145.97 ohms!!138.56 ohms!180.46 ohms!
S!WS2812_DOUT!WS2812_DOUT!!!!!!!!!193.83 ohms!!191.74 ohms!209.79 ohms!
S!MOSFET_BASE!MOSFET_BASE!!!!!!!!!180.46 ohms!!180.46 ohms!180.46 ohms!
S!VDD_ 00000002!VDD_2!!!!!!!!!0.00 ohms!!100000000000000005366162204393472.00 ohms!0.00 ohms!
S!PA8_MOS_G!PA8_MOS_G!!!!!!!!!207.88 ohms!!191.74 ohms!209.79 ohms!
S!PA9_WS2812_DIN!PA9_WS2812_DIN!!!!!!!!!195.20 ohms!!191.74 ohms!209.79 ohms!
S!SWDIO!SWDIO!!!!!!!!!208.35 ohms!!191.74 ohms!209.79 ohms!
S!SWCLK!SWCLK!!!!!!!!!205.95 ohms!!191.74 ohms!209.79 ohms!
S!PB1_VBUS_DET!PB1_VBUS_DET!!!!!!!!!177.45 ohms!!162.33 ohms!209.79 ohms!
S!FROMJ8TOJ 00000007!FROMJ8TOJ7!!!!!!!!!209.79 ohms!!209.79 ohms!209.79 ohms!
S!PA7_MOSI!PA7_MOSI!!!!!!!!!206.22 ohms!!191.74 ohms!209.79 ohms!
S!PA6_MISO!PA6_MISO!!!!!!!!!206.89 ohms!!191.74 ohms!209.79 ohms!
S!PA5_SCLK!PA5_SCLK!!!!!!!!!200.05 ohms!!191.74 ohms!209.79 ohms!
S!PA4_NSS!PA4_NSS!!!!!!!!!200.27 ohms!!191.74 ohms!209.79 ohms!
S!PA 00000003!PA3!!!!!!!!!203.49 ohms!!191.74 ohms!209.79 ohms!
S!PA 00000002!PA2!!!!!!!!!202.06 ohms!!191.74 ohms!209.79 ohms!
S!PA 00000001!PA1!!!!!!!!!200.03 ohms!!191.74 ohms!209.79 ohms!
S!PA 00000000!PA0!!!!!!!!!195.50 ohms!!191.74 ohms!209.79 ohms!
S!PB7_RX 00000001!PB7_RX1!!!!!!!!!200.75 ohms!!191.74 ohms!209.79 ohms!
S!PB6_TX 00000001!PB6_TX1!!!!!!!!!202.62 ohms!!191.74 ohms!209.79 ohms!
S!PB5_MOSI!PB5_MOSI!!!!!!!!!201.50 ohms!!191.74 ohms!209.79 ohms!
S!PB4_MISO!PB4_MISO!!!!!!!!!199.35 ohms!!191.74 ohms!209.79 ohms!
S!PB3_SCK!PB3_SCK!!!!!!!!!207.53 ohms!!191.74 ohms!209.79 ohms!
S!PB 00000000!PB0!!!!!!!!!194.13 ohms!!191.74 ohms!209.79 ohms!
S!PA15_NSS!PA15_NSS!!!!!!!!!197.01 ohms!!191.74 ohms!209.79 ohms!
S!PA 00000010!PA10!!!!!!!!!196.34 ohms!!191.74 ohms!209.79 ohms!
S!MOSFET!MOSFET!!!!!!!!!197.77 ohms!!191.74 ohms!209.79 ohms!
