A!CLASS!REFDES!PIN_NUMBER!PAD_STACK_NAME!START_LAYER_NAME!END_LAYER_NAME!NET_NAME!PIN_X!PIN_Y!VIA_X!VIA_Y!DRILL_HOLE_TYPE!SLOT_SIZE_MAJOR!SLOT_SIZE_MINOR!SLOT_X!SLOT_Y!SLOT_ROTATION!SLOT_PLATING!DRILL_FIGURE_CHAR!DRILL_FIGURE_SHAPE!DRILL_FIGURE_WIDTH!DRILL_FIGURE_HEIGHT!DRILL_FIGURE_ROTATION!GRAPHIC_DATA_NAME!GRAPHIC_DATA_1!GRAPHIC_DATA_2!GRAPHIC_DATA_3!GRAPHIC_DATA_4!PIN_NUMBER_SORT!DRILL_ARRAY_LOCATIONS!COMP_PACKAGE!DRILL_HOLE_POSTOL!DRILL_HOLE_NEGTOL!BACKDRILL_TOP_LAYER!BACKDRILL_BOTTOM_LAYER!BACKDRILL_TOP_FROM!BACKDRILL_BOTTOM_FROM!EMBEDDED_LAYER!EMBEDDED_STATUS!BACKDRILL_SIZE!DRILL_TOP_NAME!DRILL_BOTTOM_NAME!NET_SHORT!TEST_POINT!PROBE_FIGURE!
J!C:/Users/useroot/DOCUMENTS/GITHUB/DOSTI/DEVELOPMENTPROJECTS/MPS V3/SCH&BRD/allegro/mps-3.brd!Sat Jan 20 23:10:59 2024!-4.2820!-4.2820!257.3472!180.7728!0.0001!millimeters!MPS-3!65.392126 mil!2!UP TO DATE!
S!PIN!Q2!1!R125_60!TOP!TOP!MOSFET_BASE!161.5100!113.9850!!!!!!!!!!!!!!!FIG_RECTANGLE!161.5100!113.9850!1.2500!0.6000! 00000001!!SOT96P237X111-3N!!!!!!!!!0.0000!!!!!!
S!PIN!Q2!2!R125_60!TOP!TOP!VSS!161.5100!112.0750!!!!!!!!!!!!!!!FIG_RECTANGLE!161.5100!112.0750!1.2500!0.6000! 00000002!!SOT96P237X111-3N!!!!!!!!!0.0000!!!!!!
S!PIN!Q2!3!R125_60!TOP!TOP!MOSFET!163.6100!113.0300!!!!!!!!!!!!!!!FIG_RECTANGLE!163.6100!113.0300!1.2500!0.6000! 00000003!!SOT96P237X111-3N!!!!!!!!!0.0000!!!!!!
S!PIN!Y1!1!R190_110!TOP!TOP!C6TOPC15!99.0600!99.0800!!!!!!!!!!!!!!!FIG_RECTANGLE!99.0600!99.0800!1.8999!1.1001! 00000001!!ABS07!!!!!!!!!0.0000!!!!!!
S!PIN!Y1!2!R190_110!TOP!TOP!C7TOPC14!99.0600!101.5800!!!!!!!!!!!!!!!FIG_RECTANGLE!99.0600!101.5800!1.8999!1.1001! 00000002!!ABS07!!!!!!!!!0.0000!!!!!!
S!PIN!S1!F1!C157_5_H105!TOP!BOTTOM!NRST!114.3000!118.1100!!!CIRCLE_DRILL!1.0500!1.0500!114.3000!118.1100!0.000!PLATED!A!DIAMOND!1.0500!1.0500!0.000!CIRCLE!114.3000!118.1100!1.5751!1.5751!F 00000001!!95C06A3RAT!0.0000!0.0000!!!!!!!0.0000!!!!!!
S!PIN!S1!F2!C157_5_H105!TOP!BOTTOM!!121.3000!118.1100!!!CIRCLE_DRILL!1.0500!1.0500!121.3000!118.1100!0.000!PLATED!A!DIAMOND!1.0500!1.0500!0.000!CIRCLE!121.3000!118.1100!1.5751!1.5751!F 00000002!!95C06A3RAT!0.0000!0.0000!!!!!!!0.0000!!!!!!
S!PIN!S1!T1!C157_5_H105!TOP!BOTTOM!!115.5500!115.6100!!!CIRCLE_DRILL!1.0500!1.0500!115.5500!115.6100!0.000!PLATED!A!DIAMOND!1.0500!1.0500!0.000!CIRCLE!115.5500!115.6100!1.5751!1.5751!T 00000001!!95C06A3RAT!0.0000!0.0000!!!!!!!0.0000!!!!!!
S!PIN!S1!T2!C157_5_H105!TOP!BOTTOM!N01312!120.0500!115.6100!!!CIRCLE_DRILL!1.0500!1.0500!120.0500!115.6100!0.000!PLATED!A!DIAMOND!1.0500!1.0500!0.000!CIRCLE!120.0500!115.6100!1.5751!1.5751!T 00000002!!95C06A3RAT!0.0000!0.0000!!!!!!!0.0000!!!!!!
S!PIN!R7!1!R175_105!TOP!TOP!VSS!149.6800!113.0300!!!!!!!!!!!!!!!FIG_RECTANGLE!149.6800!113.0300!1.0500!1.7501! 00000001!!RESC3116X65N!!!!!!!!!0.0000!!!!!!
S!PIN!R7!2!R175_105!TOP!TOP!MOSFET_BASE!152.5800!113.0300!!!!!!!!!!!!!!!FIG_RECTANGLE!152.5800!113.0300!1.0500!1.7501! 00000002!!RESC3116X65N!!!!!!!!!0.0000!!!!!!
S!PIN!R6!1!R175_105!TOP!TOP!MOSFET_BASE!154.7600!113.0300!!!!!!!!!!!!!!!FIG_RECTANGLE!154.7600!113.0300!1.0500!1.7501! 00000001!!RESC3116X65N!!!!!!!!!0.0000!!!!!!
S!PIN!R6!2!R175_105!TOP!TOP!PA8_MOS_G!157.6600!113.0300!!!!!!!!!!!!!!!FIG_RECTANGLE!157.6600!113.0300!1.0500!1.7501! 00000002!!RESC3116X65N!!!!!!!!!0.0000!!!!!!
S!PIN!R3!1!R175_105!TOP!TOP!PB1_VBUS_DET!143.3300!83.8200!!!!!!!!!!!!!!!FIG_RECTANGLE!143.3300!83.8200!1.0500!1.7501! 00000001!!RESC3116X65N!!!!!!!!!0.0000!!!!!!
S!PIN!R3!2!R175_105!TOP!TOP!VSS!146.2300!83.8200!!!!!!!!!!!!!!!FIG_RECTANGLE!146.2300!83.8200!1.0500!1.7501! 00000002!!RESC3116X65N!!!!!!!!!0.0000!!!!!!
S!PIN!R2!1!R175_105!TOP!TOP!VBUS!136.9800!83.8200!!!!!!!!!!!!!!!FIG_RECTANGLE!136.9800!83.8200!1.0500!1.7501! 00000001!!RESC3116X65N!!!!!!!!!0.0000!!!!!!
S!PIN!R2!2!R175_105!TOP!TOP!PB1_VBUS_DET!139.8800!83.8200!!!!!!!!!!!!!!!FIG_RECTANGLE!139.8800!83.8200!1.0500!1.7501! 00000002!!RESC3116X65N!!!!!!!!!0.0000!!!!!!
S!PIN!R1!1!R175_105!TOP!TOP!BOOT0!110.6700!110.4900!!!!!!!!!!!!!!!FIG_RECTANGLE!110.6700!110.4900!1.0500!1.7501! 00000001!!RESC3116X65N!!!!!!!!!0.0000!!!!!!
S!PIN!R1!2!R175_105!TOP!TOP!N01236!107.7700!110.4900!!!!!!!!!!!!!!!FIG_RECTANGLE!107.7700!110.4900!1.0500!1.7501! 00000002!!RESC3116X65N!!!!!!!!!0.0000!!!!!!
S!PIN!J8-J6!1!C138_1_H85!TOP!BOTTOM!WS2812_DOUT!137.1600!104.1400!!!CIRCLE_DRILL!0.8499!0.8499!137.1600!104.1400!0.000!PLATED!A!DIAMOND!0.8499!0.8499!0.000!CIRCLE!137.1600!104.1400!1.3810!1.3810! 00000001!!559172010!0.0000!0.0000!!!!!!!0.0000!!!!!!
S!PIN!J8-J6!2!C138_1_H85!TOP!BOTTOM!MOSFET!137.1600!99.1400!!!CIRCLE_DRILL!0.8499!0.8499!137.1600!99.1400!0.000!PLATED!A!DIAMOND!0.8499!0.8499!0.000!CIRCLE!137.1600!99.1400!1.3810!1.3810! 00000002!!559172010!0.0000!0.0000!!!!!!!0.0000!!!!!!
S!PIN!J8-J6!3!C138_1_H85!TOP!BOTTOM!PA10!139.1600!104.1400!!!CIRCLE_DRILL!0.8499!0.8499!139.1600!104.1400!0.000!PLATED!A!DIAMOND!0.8499!0.8499!0.000!CIRCLE!139.1600!104.1400!1.3810!1.3810! 00000003!!559172010!0.0000!0.0000!!!!!!!0.0000!!!!!!
S!PIN!J8-J6!4!C138_1_H85!TOP!BOTTOM!PA15_NSS!139.1600!99.1400!!!CIRCLE_DRILL!0.8499!0.8499!139.1600!99.1400!0.000!PLATED!A!DIAMOND!0.8499!0.8499!0.000!CIRCLE!139.1600!99.1400!1.3810!1.3810! 00000004!!559172010!0.0000!0.0000!!!!!!!0.0000!!!!!!
S!PIN!J8-J6!5!C138_1_H85!TOP!BOTTOM!PB0!141.1600!104.1400!!!CIRCLE_DRILL!0.8499!0.8499!141.1600!104.1400!0.000!PLATED!A!DIAMOND!0.8499!0.8499!0.000!CIRCLE!141.1600!104.1400!1.3810!1.3810! 00000005!!559172010!0.0000!0.0000!!!!!!!0.0000!!!!!!
S!PIN!J8-J6!6!C138_1_H85!TOP!BOTTOM!PB3_SCK!141.1600!99.1400!!!CIRCLE_DRILL!0.8499!0.8499!141.1600!99.1400!0.000!PLATED!A!DIAMOND!0.8499!0.8499!0.000!CIRCLE!141.1600!99.1400!1.3810!1.3810! 00000006!!559172010!0.0000!0.0000!!!!!!!0.0000!!!!!!
S!PIN!J8-J6!7!C138_1_H85!TOP!BOTTOM!PB4_MISO!143.1600!104.1400!!!CIRCLE_DRILL!0.8499!0.8499!143.1600!104.1400!0.000!PLATED!A!DIAMOND!0.8499!0.8499!0.000!CIRCLE!143.1600!104.1400!1.3810!1.3810! 00000007!!559172010!0.0000!0.0000!!!!!!!0.0000!!!!!!
S!PIN!J8-J6!8!C138_1_H85!TOP!BOTTOM!PB5_MOSI!143.1600!99.1400!!!CIRCLE_DRILL!0.8499!0.8499!143.1600!99.1400!0.000!PLATED!A!DIAMOND!0.8499!0.8499!0.000!CIRCLE!143.1600!99.1400!1.3810!1.3810! 00000008!!559172010!0.0000!0.0000!!!!!!!0.0000!!!!!!
S!PIN!J8-J6!9!C138_1_H85!TOP!BOTTOM!PB6_TX1!145.1600!104.1400!!!CIRCLE_DRILL!0.8499!0.8499!145.1600!104.1400!0.000!PLATED!A!DIAMOND!0.8499!0.8499!0.000!CIRCLE!145.1600!104.1400!1.3810!1.3810! 00000009!!559172010!0.0000!0.0000!!!!!!!0.0000!!!!!!
S!PIN!J8-J6!10!C138_1_H85!TOP!BOTTOM!PB7_RX1!145.1600!99.1400!!!CIRCLE_DRILL!0.8499!0.8499!145.1600!99.1400!0.000!PLATED!A!DIAMOND!0.8499!0.8499!0.000!CIRCLE!145.1600!99.1400!1.3810!1.3810! 00000010!!559172010!0.0000!0.0000!!!!!!!0.0000!!!!!!
S!PIN!J8-J6!11!C138_1_H85!TOP!BOTTOM!NRST!147.1600!104.1400!!!CIRCLE_DRILL!0.8499!0.8499!147.1600!104.1400!0.000!PLATED!A!DIAMOND!0.8499!0.8499!0.000!CIRCLE!147.1600!104.1400!1.3810!1.3810! 00000011!!559172010!0.0000!0.0000!!!!!!!0.0000!!!!!!
S!PIN!J8-J6!12!C138_1_H85!TOP!BOTTOM!PA0!147.1600!99.1400!!!CIRCLE_DRILL!0.8499!0.8499!147.1600!99.1400!0.000!PLATED!A!DIAMOND!0.8499!0.8499!0.000!CIRCLE!147.1600!99.1400!1.3810!1.3810! 00000012!!559172010!0.0000!0.0000!!!!!!!0.0000!!!!!!
S!PIN!J8-J6!13!C138_1_H85!TOP!BOTTOM!PA1!149.1600!104.1400!!!CIRCLE_DRILL!0.8499!0.8499!149.1600!104.1400!0.000!PLATED!A!DIAMOND!0.8499!0.8499!0.000!CIRCLE!149.1600!104.1400!1.3810!1.3810! 00000013!!559172010!0.0000!0.0000!!!!!!!0.0000!!!!!!
S!PIN!J8-J6!14!C138_1_H85!TOP!BOTTOM!PA2!149.1600!99.1400!!!CIRCLE_DRILL!0.8499!0.8499!149.1600!99.1400!0.000!PLATED!A!DIAMOND!0.8499!0.8499!0.000!CIRCLE!149.1600!99.1400!1.3810!1.3810! 00000014!!559172010!0.0000!0.0000!!!!!!!0.0000!!!!!!
S!PIN!J8-J6!15!C138_1_H85!TOP!BOTTOM!PA3!151.1600!104.1400!!!CIRCLE_DRILL!0.8499!0.8499!151.1600!104.1400!0.000!PLATED!A!DIAMOND!0.8499!0.8499!0.000!CIRCLE!151.1600!104.1400!1.3810!1.3810! 00000015!!559172010!0.0000!0.0000!!!!!!!0.0000!!!!!!
S!PIN!J8-J6!16!C138_1_H85!TOP!BOTTOM!PA4_NSS!151.1600!99.1400!!!CIRCLE_DRILL!0.8499!0.8499!151.1600!99.1400!0.000!PLATED!A!DIAMOND!0.8499!0.8499!0.000!CIRCLE!151.1600!99.1400!1.3810!1.3810! 00000016!!559172010!0.0000!0.0000!!!!!!!0.0000!!!!!!
S!PIN!J8-J6!17!C138_1_H85!TOP!BOTTOM!PA5_SCLK!153.1600!104.1400!!!CIRCLE_DRILL!0.8499!0.8499!153.1600!104.1400!0.000!PLATED!A!DIAMOND!0.8499!0.8499!0.000!CIRCLE!153.1600!104.1400!1.3810!1.3810! 00000017!!559172010!0.0000!0.0000!!!!!!!0.0000!!!!!!
S!PIN!J8-J6!18!C138_1_H85!TOP!BOTTOM!PA6_MISO!153.1600!99.1400!!!CIRCLE_DRILL!0.8499!0.8499!153.1600!99.1400!0.000!PLATED!A!DIAMOND!0.8499!0.8499!0.000!CIRCLE!153.1600!99.1400!1.3810!1.3810! 00000018!!559172010!0.0000!0.0000!!!!!!!0.0000!!!!!!
S!PIN!J8-J6!19!C138_1_H85!TOP!BOTTOM!PA7_MOSI!155.1600!104.1400!!!CIRCLE_DRILL!0.8499!0.8499!155.1600!104.1400!0.000!PLATED!A!DIAMOND!0.8499!0.8499!0.000!CIRCLE!155.1600!104.1400!1.3810!1.3810! 00000019!!559172010!0.0000!0.0000!!!!!!!0.0000!!!!!!
S!PIN!J8-J6!20!C138_1_H85!TOP!BOTTOM!FROMJ8TOJ7!155.1600!99.1400!!!CIRCLE_DRILL!0.8499!0.8499!155.1600!99.1400!0.000!PLATED!A!DIAMOND!0.8499!0.8499!0.000!CIRCLE!155.1600!99.1400!1.3810!1.3810! 00000020!!559172010!0.0000!0.0000!!!!!!!0.0000!!!!!!
S!PIN!J8-J6!!C60_H120!TOP!BOTTOM!!135.1600!105.8400!!!CIRCLE_DRILL!1.1999!1.1999!135.1600!105.8400!0.000!NON_PLATED!B!DIAMOND!1.1999!1.1999!0.000!CIRCLE!135.1600!105.8400!1.1999!1.1999!!!559172010!0.0000!0.0000!!!!!!!0.0000!!!!!!
S!PIN!J3&J4!1!S157_5_H105!TOP!BOTTOM!NRST!130.8100!120.6500!!!CIRCLE_DRILL!1.0500!1.0500!130.8100!120.6500!0.000!PLATED!B!DIAMOND!1.0500!1.0500!0.000!FIG_RECTANGLE!130.8100!120.6500!1.5751!1.5751! 00000001!!HDRV16W87P0X254_1X16_4039X236X1170P!0.0000!0.0000!!!!!!!0.0000!!!!!!
S!PIN!J3&J4!2!C157_5_H105!TOP!BOTTOM!PB7_RX1!133.3500!120.6500!!!CIRCLE_DRILL!1.0500!1.0500!133.3500!120.6500!0.000!PLATED!A!DIAMOND!1.0500!1.0500!0.000!CIRCLE!133.3500!120.6500!1.5751!1.5751! 00000002!!HDRV16W87P0X254_1X16_4039X236X1170P!0.0000!0.0000!!!!!!!0.0000!!!!!!
S!PIN!J3&J4!3!C157_5_H105!TOP!BOTTOM!PB6_TX1!135.8900!120.6500!!!CIRCLE_DRILL!1.0500!1.0500!135.8900!120.6500!0.000!PLATED!A!DIAMOND!1.0500!1.0500!0.000!CIRCLE!135.8900!120.6500!1.5751!1.5751! 00000003!!HDRV16W87P0X254_1X16_4039X236X1170P!0.0000!0.0000!!!!!!!0.0000!!!!!!
S!PIN!J3&J4!4!C157_5_H105!TOP!BOTTOM!VDD!138.4300!120.6500!!!CIRCLE_DRILL!1.0500!1.0500!138.4300!120.6500!0.000!PLATED!A!DIAMOND!1.0500!1.0500!0.000!CIRCLE!138.4300!120.6500!1.5751!1.5751! 00000004!!HDRV16W87P0X254_1X16_4039X236X1170P!0.0000!0.0000!!!!!!!0.0000!!!!!!
S!PIN!J3&J4!5!C157_5_H105!TOP!BOTTOM!VSS!140.9700!120.6500!!!CIRCLE_DRILL!1.0500!1.0500!140.9700!120.6500!0.000!PLATED!A!DIAMOND!1.0500!1.0500!0.000!CIRCLE!140.9700!120.6500!1.5751!1.5751! 00000005!!HDRV16W87P0X254_1X16_4039X236X1170P!0.0000!0.0000!!!!!!!0.0000!!!!!!
S!PIN!J3&J4!6!C157_5_H105!TOP!BOTTOM!!143.5100!120.6500!!!CIRCLE_DRILL!1.0500!1.0500!143.5100!120.6500!0.000!PLATED!A!DIAMOND!1.0500!1.0500!0.000!CIRCLE!143.5100!120.6500!1.5751!1.5751! 00000006!!HDRV16W87P0X254_1X16_4039X236X1170P!0.0000!0.0000!!!!!!!0.0000!!!!!!
S!PIN!J3&J4!7!C157_5_H105!TOP!BOTTOM!!146.0500!120.6500!!!CIRCLE_DRILL!1.0500!1.0500!146.0500!120.6500!0.000!PLATED!A!DIAMOND!1.0500!1.0500!0.000!CIRCLE!146.0500!120.6500!1.5751!1.5751! 00000007!!HDRV16W87P0X254_1X16_4039X236X1170P!0.0000!0.0000!!!!!!!0.0000!!!!!!
S!PIN!J3&J4!8!C157_5_H105!TOP!BOTTOM!!148.5900!120.6500!!!CIRCLE_DRILL!1.0500!1.0500!148.5900!120.6500!0.000!PLATED!A!DIAMOND!1.0500!1.0500!0.000!CIRCLE!148.5900!120.6500!1.5751!1.5751! 00000008!!HDRV16W87P0X254_1X16_4039X236X1170P!0.0000!0.0000!!!!!!!0.0000!!!!!!
S!PIN!J3&J4!9!C157_5_H105!TOP!BOTTOM!!151.1300!120.6500!!!CIRCLE_DRILL!1.0500!1.0500!151.1300!120.6500!0.000!PLATED!A!DIAMOND!1.0500!1.0500!0.000!CIRCLE!151.1300!120.6500!1.5751!1.5751! 00000009!!HDRV16W87P0X254_1X16_4039X236X1170P!0.0000!0.0000!!!!!!!0.0000!!!!!!
S!PIN!J3&J4!10!C157_5_H105!TOP!BOTTOM!!153.6700!120.6500!!!CIRCLE_DRILL!1.0500!1.0500!153.6700!120.6500!0.000!PLATED!A!DIAMOND!1.0500!1.0500!0.000!CIRCLE!153.6700!120.6500!1.5751!1.5751! 00000010!!HDRV16W87P0X254_1X16_4039X236X1170P!0.0000!0.0000!!!!!!!0.0000!!!!!!
S!PIN!J3&J4!11!C157_5_H105!TOP!BOTTOM!!156.2100!120.6500!!!CIRCLE_DRILL!1.0500!1.0500!156.2100!120.6500!0.000!PLATED!A!DIAMOND!1.0500!1.0500!0.000!CIRCLE!156.2100!120.6500!1.5751!1.5751! 00000011!!HDRV16W87P0X254_1X16_4039X236X1170P!0.0000!0.0000!!!!!!!0.0000!!!!!!
S!PIN!J3&J4!12!C157_5_H105!TOP!BOTTOM!SWDIO!158.7500!120.6500!!!CIRCLE_DRILL!1.0500!1.0500!158.7500!120.6500!0.000!PLATED!A!DIAMOND!1.0500!1.0500!0.000!CIRCLE!158.7500!120.6500!1.5751!1.5751! 00000012!!HDRV16W87P0X254_1X16_4039X236X1170P!0.0000!0.0000!!!!!!!0.0000!!!!!!
S!PIN!J3&J4!13!C157_5_H105!TOP!BOTTOM!VSS!161.2900!120.6500!!!CIRCLE_DRILL!1.0500!1.0500!161.2900!120.6500!0.000!PLATED!A!DIAMOND!1.0500!1.0500!0.000!CIRCLE!161.2900!120.6500!1.5751!1.5751! 00000013!!HDRV16W87P0X254_1X16_4039X236X1170P!0.0000!0.0000!!!!!!!0.0000!!!!!!
S!PIN!J3&J4!14!C157_5_H105!TOP!BOTTOM!NRST!163.8300!120.6500!!!CIRCLE_DRILL!1.0500!1.0500!163.8300!120.6500!0.000!PLATED!A!DIAMOND!1.0500!1.0500!0.000!CIRCLE!163.8300!120.6500!1.5751!1.5751! 00000014!!HDRV16W87P0X254_1X16_4039X236X1170P!0.0000!0.0000!!!!!!!0.0000!!!!!!
S!PIN!J3&J4!15!C157_5_H105!TOP!BOTTOM!SWCLK!166.3700!120.6500!!!CIRCLE_DRILL!1.0500!1.0500!166.3700!120.6500!0.000!PLATED!A!DIAMOND!1.0500!1.0500!0.000!CIRCLE!166.3700!120.6500!1.5751!1.5751! 00000015!!HDRV16W87P0X254_1X16_4039X236X1170P!0.0000!0.0000!!!!!!!0.0000!!!!!!
S!PIN!J3&J4!16!C157_5_H105!TOP!BOTTOM!VDD!168.9100!120.6500!!!CIRCLE_DRILL!1.0500!1.0500!168.9100!120.6500!0.000!PLATED!A!DIAMOND!1.0500!1.0500!0.000!CIRCLE!168.9100!120.6500!1.5751!1.5751! 00000016!!HDRV16W87P0X254_1X16_4039X236X1170P!0.0000!0.0000!!!!!!!0.0000!!!!!!
S!PIN!J10!A5!R110_70!TOP!TOP!USB_DP!113.0300!73.6600!!!!!!!!!!!!!!!FIG_RECTANGLE!113.0300!73.6600!0.7000!1.1001!A 00000005!!UJCHPLG5MSMTTR!!!!!!!!!0.0000!!!!!!
S!PIN!J10!A9!R110_76!TOP!TOP!VBUS!115.0500!73.6600!!!!!!!!!!!!!!!FIG_RECTANGLE!115.0500!73.6600!0.7600!1.1001!A 00000009!!UJCHPLG5MSMTTR!!!!!!!!!0.0000!!!!!!
S!PIN!J10!A12!R110_80!TOP!TOP!GND!116.2800!73.6600!!!!!!!!!!!!!!!FIG_RECTANGLE!116.2800!73.6600!0.8001!1.1001!A 00000012!!UJCHPLG5MSMTTR!!!!!!!!!0.0000!!!!!!
S!PIN!J10!B5!R110_70!TOP!TOP!USB_DM!114.0300!73.6600!!!!!!!!!!!!!!!FIG_RECTANGLE!114.0300!73.6600!0.7000!1.1001!B 00000005!!UJCHPLG5MSMTTR!!!!!!!!!0.0000!!!!!!
S!PIN!J10!B9!R110_76!TOP!TOP!!112.0100!73.6600!!!!!!!!!!!!!!!FIG_RECTANGLE!112.0100!73.6600!0.7600!1.1001!B 00000009!!UJCHPLG5MSMTTR!!!!!!!!!0.0000!!!!!!
S!PIN!J10!B12!R110_80!TOP!TOP!!110.7800!73.6600!!!!!!!!!!!!!!!FIG_RECTANGLE!110.7800!73.6600!0.8001!1.1001!B 00000012!!UJCHPLG5MSMTTR!!!!!!!!!0.0000!!!!!!
S!PIN!J10!MH1!C228_H152!TOP!BOTTOM!GND!119.1050!72.7600!!!CIRCLE_DRILL!1.5199!1.5199!119.1050!72.7600!0.000!PLATED!A!DIAMOND!1.5199!1.5199!0.000!CIRCLE!119.1050!72.7600!2.2799!2.2799!MH 00000001!!UJCHPLG5MSMTTR!0.0000!0.0000!!!!!!!0.0000!!!!!!
S!PIN!J10!MH2!C228_H152!TOP!BOTTOM!GND!107.9550!72.7600!!!CIRCLE_DRILL!1.5199!1.5199!107.9550!72.7600!0.000!PLATED!A!DIAMOND!1.5199!1.5199!0.000!CIRCLE!107.9550!72.7600!2.2799!2.2799!MH 00000002!!UJCHPLG5MSMTTR!0.0000!0.0000!!!!!!!0.0000!!!!!!
S!PIN!J10!MH3!C285_H190!TOP!BOTTOM!GND!119.1050!69.1600!!!CIRCLE_DRILL!1.8999!1.8999!119.1050!69.1600!0.000!PLATED!B!DIAMOND!1.8999!1.8999!0.000!CIRCLE!119.1050!69.1600!2.8499!2.8499!MH 00000003!!UJCHPLG5MSMTTR!0.0000!0.0000!!!!!!!0.0000!!!!!!
S!PIN!J10!MH4!C285_H190!TOP!BOTTOM!GND!107.9550!69.1600!!!CIRCLE_DRILL!1.8999!1.8999!107.9550!69.1600!0.000!PLATED!B!DIAMOND!1.8999!1.8999!0.000!CIRCLE!107.9550!69.1600!2.8499!2.8499!MH 00000004!!UJCHPLG5MSMTTR!0.0000!0.0000!!!!!!!0.0000!!!!!!
S!PIN!J9!1!S157_5_H105!TOP!BOTTOM!VSS!148.5900!83.8200!!!CIRCLE_DRILL!1.0500!1.0500!148.5900!83.8200!0.000!PLATED!B!DIAMOND!1.0500!1.0500!0.000!FIG_RECTANGLE!148.5900!83.8200!1.5751!1.5751! 00000001!!SHDR2W87P0X254_1X2_493X635X1105P!0.0000!0.0000!!!!!!!0.0000!!!!!!
S!PIN!J9!2!C157_5_H105!TOP!BOTTOM!VSS!151.1300!83.8200!!!CIRCLE_DRILL!1.0500!1.0500!151.1300!83.8200!0.000!PLATED!A!DIAMOND!1.0500!1.0500!0.000!CIRCLE!151.1300!83.8200!1.5751!1.5751! 00000002!!SHDR2W87P0X254_1X2_493X635X1105P!0.0000!0.0000!!!!!!!0.0000!!!!!!
S!PIN!J7!1!S262_5_H175!TOP!BOTTOM!VIN!163.8300!85.0900!!!CIRCLE_DRILL!1.7501!1.7501!163.8300!85.0900!0.000!PLATED!B!DIAMOND!1.7501!1.7501!0.000!FIG_RECTANGLE!163.8300!85.0900!2.6251!2.6251! 00000001!!SHDR3W155P0X396_1X3_1173X1001X1536P!0.0000!0.0000!!!!!!!0.0000!!!!!!
S!PIN!J7!2!C262_5_H175!TOP!BOTTOM!VDD!159.8700!85.0900!!!CIRCLE_DRILL!1.7501!1.7501!159.8700!85.0900!0.000!PLATED!A!DIAMOND!1.7501!1.7501!0.000!CIRCLE!159.8700!85.0900!2.6251!2.6251! 00000002!!SHDR3W155P0X396_1X3_1173X1001X1536P!0.0000!0.0000!!!!!!!0.0000!!!!!!
S!PIN!J7!3!C262_5_H175!TOP!BOTTOM!FROMJ8TOJ7!155.9100!85.0900!!!CIRCLE_DRILL!1.7501!1.7501!155.9100!85.0900!0.000!PLATED!A!DIAMOND!1.7501!1.7501!0.000!CIRCLE!155.9100!85.0900!2.6251!2.6251! 00000003!!SHDR3W155P0X396_1X3_1173X1001X1536P!0.0000!0.0000!!!!!!!0.0000!!!!!!
S!PIN!J5!1!S262_5_H175!TOP!BOTTOM!VIN!90.1700!81.2800!!!CIRCLE_DRILL!1.7501!1.7501!90.1700!81.2800!0.000!PLATED!B!DIAMOND!1.7501!1.7501!0.000!FIG_RECTANGLE!90.1700!81.2800!2.6251!2.6251! 00000001!!SHDR3W155P0X396_1X3_1173X1001X1536P!0.0000!0.0000!!!!!!!0.0000!!!!!!
S!PIN!J5!2!C262_5_H175!TOP!BOTTOM!J5TOVIN!86.2100!81.2800!!!CIRCLE_DRILL!1.7501!1.7501!86.2100!81.2800!0.000!PLATED!A!DIAMOND!1.7501!1.7501!0.000!CIRCLE!86.2100!81.2800!2.6251!2.6251! 00000002!!SHDR3W155P0X396_1X3_1173X1001X1536P!0.0000!0.0000!!!!!!!0.0000!!!!!!
S!PIN!J5!3!C262_5_H175!TOP!BOTTOM!VBUS!82.2500!81.2800!!!CIRCLE_DRILL!1.7501!1.7501!82.2500!81.2800!0.000!PLATED!A!DIAMOND!1.7501!1.7501!0.000!CIRCLE!82.2500!81.2800!2.6251!2.6251! 00000003!!SHDR3W155P0X396_1X3_1173X1001X1536P!0.0000!0.0000!!!!!!!0.0000!!!!!!
S!PIN!J1!1!S262_5_H175!TOP!BOTTOM!VDD!100.3300!114.3000!!!CIRCLE_DRILL!1.7501!1.7501!100.3300!114.3000!0.000!PLATED!B!DIAMOND!1.7501!1.7501!0.000!FIG_RECTANGLE!100.3300!114.3000!2.6251!2.6251! 00000001!!SHDR3W155P0X396_1X3_1173X1001X1536P!0.0000!0.0000!!!!!!!0.0000!!!!!!
S!PIN!J1!2!C262_5_H175!TOP!BOTTOM!N01236!100.3300!110.3400!!!CIRCLE_DRILL!1.7501!1.7501!100.3300!110.3400!0.000!PLATED!A!DIAMOND!1.7501!1.7501!0.000!CIRCLE!100.3300!110.3400!2.6251!2.6251! 00000002!!SHDR3W155P0X396_1X3_1173X1001X1536P!0.0000!0.0000!!!!!!!0.0000!!!!!!
S!PIN!J1!3!C262_5_H175!TOP!BOTTOM!N01312!100.3300!106.3800!!!CIRCLE_DRILL!1.7501!1.7501!100.3300!106.3800!0.000!PLATED!A!DIAMOND!1.7501!1.7501!0.000!CIRCLE!100.3300!106.3800!2.6251!2.6251! 00000003!!SHDR3W155P0X396_1X3_1173X1001X1536P!0.0000!0.0000!!!!!!!0.0000!!!!!!
S!PIN!IC2!1!R130_95!TOP!TOP!VSS!90.6300!95.0000!!!!!!!!!!!!!!!FIG_RECTANGLE!90.6300!95.0000!1.3000!0.9500! 00000001!!SOT229P700X180-4N!!!!!!!!!0.0000!!!!!!
S!PIN!IC2!2!R130_95!TOP!TOP!VDD!90.6300!92.7100!!!!!!!!!!!!!!!FIG_RECTANGLE!90.6300!92.7100!1.3000!0.9500! 00000002!!SOT229P700X180-4N!!!!!!!!!0.0000!!!!!!
S!PIN!IC2!3!R130_95!TOP!TOP!J5TOVIN!90.6300!90.4200!!!!!!!!!!!!!!!FIG_RECTANGLE!90.6300!90.4200!1.3000!0.9500! 00000003!!SOT229P700X180-4N!!!!!!!!!0.0000!!!!!!
S!PIN!IC2!4!R325_130!TOP!TOP!!97.3300!92.7100!!!!!!!!!!!!!!!FIG_RECTANGLE!97.3300!92.7100!1.3000!3.2499! 00000004!!SOT229P700X180-4N!!!!!!!!!0.0000!!!!!!
S!PIN!IC1!1!R147_5_60!TOP!TOP!VDD!113.1620!102.3000!!!!!!!!!!!!!!!FIG_RECTANGLE!113.1620!102.3000!1.4750!0.5999! 00000001!!QFP80P900X900X160-32N!!!!!!!!!0.0000!!!!!!
S!PIN!IC1!2!R147_5_60!TOP!TOP!C7TOPC14!113.1620!101.5000!!!!!!!!!!!!!!!FIG_RECTANGLE!113.1620!101.5000!1.4750!0.5999! 00000002!!QFP80P900X900X160-32N!!!!!!!!!0.0000!!!!!!
S!PIN!IC1!3!R147_5_60!TOP!TOP!C6TOPC15!113.1620!100.7000!!!!!!!!!!!!!!!FIG_RECTANGLE!113.1620!100.7000!1.4750!0.5999! 00000003!!QFP80P900X900X160-32N!!!!!!!!!0.0000!!!!!!
S!PIN!IC1!4!R147_5_60!TOP!TOP!NRST!113.1620!99.9000!!!!!!!!!!!!!!!FIG_RECTANGLE!113.1620!99.9000!1.4750!0.5999! 00000004!!QFP80P900X900X160-32N!!!!!!!!!0.0000!!!!!!
S!PIN!IC1!5!R147_5_60!TOP!TOP!VDDA!113.1620!99.1000!!!!!!!!!!!!!!!FIG_RECTANGLE!113.1620!99.1000!1.4750!0.5999! 00000005!!QFP80P900X900X160-32N!!!!!!!!!0.0000!!!!!!
S!PIN!IC1!6!R147_5_60!TOP!TOP!PA0!113.1620!98.3000!!!!!!!!!!!!!!!FIG_RECTANGLE!113.1620!98.3000!1.4750!0.5999! 00000006!!QFP80P900X900X160-32N!!!!!!!!!0.0000!!!!!!
S!PIN!IC1!7!R147_5_60!TOP!TOP!PA1!113.1620!97.5000!!!!!!!!!!!!!!!FIG_RECTANGLE!113.1620!97.5000!1.4750!0.5999! 00000007!!QFP80P900X900X160-32N!!!!!!!!!0.0000!!!!!!
S!PIN!IC1!8!R147_5_60!TOP!TOP!PA2!113.1620!96.7000!!!!!!!!!!!!!!!FIG_RECTANGLE!113.1620!96.7000!1.4750!0.5999! 00000008!!QFP80P900X900X160-32N!!!!!!!!!0.0000!!!!!!
S!PIN!IC1!9!R147_5_60!TOP!TOP!PA3!114.6000!95.2620!!!!!!!!!!!!!!!FIG_RECTANGLE!114.6000!95.2620!0.5999!1.4750! 00000009!!QFP80P900X900X160-32N!!!!!!!!!0.0000!!!!!!
S!PIN!IC1!10!R147_5_60!TOP!TOP!PA4_NSS!115.4000!95.2620!!!!!!!!!!!!!!!FIG_RECTANGLE!115.4000!95.2620!0.5999!1.4750! 00000010!!QFP80P900X900X160-32N!!!!!!!!!0.0000!!!!!!
S!PIN!IC1!11!R147_5_60!TOP!TOP!PA5_SCLK!116.2000!95.2620!!!!!!!!!!!!!!!FIG_RECTANGLE!116.2000!95.2620!0.5999!1.4750! 00000011!!QFP80P900X900X160-32N!!!!!!!!!0.0000!!!!!!
S!PIN!IC1!12!R147_5_60!TOP!TOP!PA6_MISO!117.0000!95.2620!!!!!!!!!!!!!!!FIG_RECTANGLE!117.0000!95.2620!0.5999!1.4750! 00000012!!QFP80P900X900X160-32N!!!!!!!!!0.0000!!!!!!
S!PIN!IC1!13!R147_5_60!TOP!TOP!PA7_MOSI!117.8000!95.2620!!!!!!!!!!!!!!!FIG_RECTANGLE!117.8000!95.2620!0.5999!1.4750! 00000013!!QFP80P900X900X160-32N!!!!!!!!!0.0000!!!!!!
S!PIN!IC1!14!R147_5_60!TOP!TOP!PB0!118.6000!95.2620!!!!!!!!!!!!!!!FIG_RECTANGLE!118.6000!95.2620!0.5999!1.4750! 00000014!!QFP80P900X900X160-32N!!!!!!!!!0.0000!!!!!!
S!PIN!IC1!15!R147_5_60!TOP!TOP!PB1_VBUS_DET!119.4000!95.2620!!!!!!!!!!!!!!!FIG_RECTANGLE!119.4000!95.2620!0.5999!1.4750! 00000015!!QFP80P900X900X160-32N!!!!!!!!!0.0000!!!!!!
S!PIN!IC1!16!R147_5_60!TOP!TOP!VSS_1!120.2000!95.2620!!!!!!!!!!!!!!!FIG_RECTANGLE!120.2000!95.2620!0.5999!1.4750! 00000016!!QFP80P900X900X160-32N!!!!!!!!!0.0000!!!!!!
S!PIN!IC1!17!R147_5_60!TOP!TOP!VDD_2!121.6380!96.7000!!!!!!!!!!!!!!!FIG_RECTANGLE!121.6380!96.7000!1.4750!0.5999! 00000017!!QFP80P900X900X160-32N!!!!!!!!!0.0000!!!!!!
S!PIN!IC1!18!R147_5_60!TOP!TOP!PA8_MOS_G!121.6380!97.5000!!!!!!!!!!!!!!!FIG_RECTANGLE!121.6380!97.5000!1.4750!0.5999! 00000018!!QFP80P900X900X160-32N!!!!!!!!!0.0000!!!!!!
S!PIN!IC1!19!R147_5_60!TOP!TOP!PA9_WS2812_DIN!121.6380!98.3000!!!!!!!!!!!!!!!FIG_RECTANGLE!121.6380!98.3000!1.4750!0.5999! 00000019!!QFP80P900X900X160-32N!!!!!!!!!0.0000!!!!!!
S!PIN!IC1!20!R147_5_60!TOP!TOP!PA10!121.6380!99.1000!!!!!!!!!!!!!!!FIG_RECTANGLE!121.6380!99.1000!1.4750!0.5999! 00000020!!QFP80P900X900X160-32N!!!!!!!!!0.0000!!!!!!
S!PIN!IC1!21!R147_5_60!TOP!TOP!USB_DM!121.6380!99.9000!!!!!!!!!!!!!!!FIG_RECTANGLE!121.6380!99.9000!1.4750!0.5999! 00000021!!QFP80P900X900X160-32N!!!!!!!!!0.0000!!!!!!
S!PIN!IC1!22!R147_5_60!TOP!TOP!USB_DP!121.6380!100.7000!!!!!!!!!!!!!!!FIG_RECTANGLE!121.6380!100.7000!1.4750!0.5999! 00000022!!QFP80P900X900X160-32N!!!!!!!!!0.0000!!!!!!
S!PIN!IC1!23!R147_5_60!TOP!TOP!SWDIO!121.6380!101.5000!!!!!!!!!!!!!!!FIG_RECTANGLE!121.6380!101.5000!1.4750!0.5999! 00000023!!QFP80P900X900X160-32N!!!!!!!!!0.0000!!!!!!
S!PIN!IC1!24!R147_5_60!TOP!TOP!SWCLK!121.6380!102.3000!!!!!!!!!!!!!!!FIG_RECTANGLE!121.6380!102.3000!1.4750!0.5999! 00000024!!QFP80P900X900X160-32N!!!!!!!!!0.0000!!!!!!
S!PIN!IC1!25!R147_5_60!TOP!TOP!PA15_NSS!120.2000!103.7380!!!!!!!!!!!!!!!FIG_RECTANGLE!120.2000!103.7380!0.5999!1.4750! 00000025!!QFP80P900X900X160-32N!!!!!!!!!0.0000!!!!!!
S!PIN!IC1!26!R147_5_60!TOP!TOP!PB3_SCK!119.4000!103.7380!!!!!!!!!!!!!!!FIG_RECTANGLE!119.4000!103.7380!0.5999!1.4750! 00000026!!QFP80P900X900X160-32N!!!!!!!!!0.0000!!!!!!
S!PIN!IC1!27!R147_5_60!TOP!TOP!PB4_MISO!118.6000!103.7380!!!!!!!!!!!!!!!FIG_RECTANGLE!118.6000!103.7380!0.5999!1.4750! 00000027!!QFP80P900X900X160-32N!!!!!!!!!0.0000!!!!!!
S!PIN!IC1!28!R147_5_60!TOP!TOP!PB5_MOSI!117.8000!103.7380!!!!!!!!!!!!!!!FIG_RECTANGLE!117.8000!103.7380!0.5999!1.4750! 00000028!!QFP80P900X900X160-32N!!!!!!!!!0.0000!!!!!!
S!PIN!IC1!29!R147_5_60!TOP!TOP!PB6_TX1!117.0000!103.7380!!!!!!!!!!!!!!!FIG_RECTANGLE!117.0000!103.7380!0.5999!1.4750! 00000029!!QFP80P900X900X160-32N!!!!!!!!!0.0000!!!!!!
S!PIN!IC1!30!R147_5_60!TOP!TOP!PB7_RX1!116.2000!103.7380!!!!!!!!!!!!!!!FIG_RECTANGLE!116.2000!103.7380!0.5999!1.4750! 00000030!!QFP80P900X900X160-32N!!!!!!!!!0.0000!!!!!!
S!PIN!IC1!31!R147_5_60!TOP!TOP!BOOT0!115.4000!103.7380!!!!!!!!!!!!!!!FIG_RECTANGLE!115.4000!103.7380!0.5999!1.4750! 00000031!!QFP80P900X900X160-32N!!!!!!!!!0.0000!!!!!!
S!PIN!IC1!32!R147_5_60!TOP!TOP!VSS_2!114.6000!103.7380!!!!!!!!!!!!!!!FIG_RECTANGLE!114.6000!103.7380!0.5999!1.4750! 00000032!!QFP80P900X900X160-32N!!!!!!!!!0.0000!!!!!!
S!PIN!D1!1!R150_100!TOP!TOP!WS2812_DOUT!92.8000!122.2500!!!!!!!!!!!!!!!FIG_RECTANGLE!92.8000!122.2500!1.5001!1.0000! 00000001!!WS2812!!!!!!!!!0.0000!!!!!!
S!PIN!D1!2!R150_100!TOP!TOP!PA9_WS2812_DIN!92.8000!120.6500!!!!!!!!!!!!!!!FIG_RECTANGLE!92.8000!120.6500!1.5001!1.0000! 00000002!!WS2812!!!!!!!!!0.0000!!!!!!
S!PIN!D1!3!R150_100!TOP!TOP!!92.8000!119.0500!!!!!!!!!!!!!!!FIG_RECTANGLE!92.8000!119.0500!1.5001!1.0000! 00000003!!WS2812!!!!!!!!!0.0000!!!!!!
S!PIN!D1!4!R150_100!TOP!TOP!!97.7000!119.0500!!!!!!!!!!!!!!!FIG_RECTANGLE!97.7000!119.0500!1.5001!1.0000! 00000004!!WS2812!!!!!!!!!0.0000!!!!!!
S!PIN!D1!5!R150_100!TOP!TOP!VDD!97.7000!120.6500!!!!!!!!!!!!!!!FIG_RECTANGLE!97.7000!120.6500!1.5001!1.0000! 00000005!!WS2812!!!!!!!!!0.0000!!!!!!
S!PIN!D1!6!R150_100!TOP!TOP!VSS!97.7000!122.2500!!!!!!!!!!!!!!!FIG_RECTANGLE!97.7000!122.2500!1.5001!1.0000! 00000006!!WS2812!!!!!!!!!0.0000!!!!!!
S!PIN!C10!1!R178_104!TOP!TOP!VDD!83.8200!101.7000!!!!!!!!!!!!!!!FIG_RECTANGLE!83.8200!101.7000!1.7800!1.0399! 00000001!!CAPC3216X95N!!!!!!!!!0.0000!!!!!!
S!PIN!C10!2!R178_104!TOP!TOP!VSS!83.8200!98.9600!!!!!!!!!!!!!!!FIG_RECTANGLE!83.8200!98.9600!1.7800!1.0399! 00000002!!CAPC3216X95N!!!!!!!!!0.0000!!!!!!
S!PIN!C9!1!R178_104!TOP!TOP!J5TOVIN!86.3600!88.8000!!!!!!!!!!!!!!!FIG_RECTANGLE!86.3600!88.8000!1.7800!1.0399! 00000001!!CAPC3216X95N!!!!!!!!!0.0000!!!!!!
S!PIN!C9!2!R178_104!TOP!TOP!VSS!86.3600!91.5400!!!!!!!!!!!!!!!FIG_RECTANGLE!86.3600!91.5400!1.7800!1.0399! 00000002!!CAPC3216X95N!!!!!!!!!0.0000!!!!!!
S!PIN!C8!1!R178_104!TOP!TOP!VDD!101.6000!119.2800!!!!!!!!!!!!!!!FIG_RECTANGLE!101.6000!119.2800!1.7800!1.0399! 00000001!!CAPC3216X95N!!!!!!!!!0.0000!!!!!!
S!PIN!C8!2!R178_104!TOP!TOP!VSS!101.6000!122.0200!!!!!!!!!!!!!!!FIG_RECTANGLE!101.6000!122.0200!1.7800!1.0399! 00000002!!CAPC3216X95N!!!!!!!!!0.0000!!!!!!
S!PIN!C7!1!R178_104!TOP!TOP!C7TOPC14!90.2700!101.6000!!!!!!!!!!!!!!!FIG_RECTANGLE!90.2700!101.6000!1.0399!1.7800! 00000001!!CAPC3216X95N!!!!!!!!!0.0000!!!!!!
S!PIN!C7!2!R178_104!TOP!TOP!VSS!87.5300!101.6000!!!!!!!!!!!!!!!FIG_RECTANGLE!87.5300!101.6000!1.0399!1.7800! 00000002!!CAPC3216X95N!!!!!!!!!0.0000!!!!!!
S!PIN!C6!1!R178_104!TOP!TOP!C6TOPC15!90.2700!99.0600!!!!!!!!!!!!!!!FIG_RECTANGLE!90.2700!99.0600!1.0399!1.7800! 00000001!!CAPC3216X95N!!!!!!!!!0.0000!!!!!!
S!PIN!C6!2!R178_104!TOP!TOP!VSS!87.5300!99.0600!!!!!!!!!!!!!!!FIG_RECTANGLE!87.5300!99.0600!1.0399!1.7800! 00000002!!CAPC3216X95N!!!!!!!!!0.0000!!!!!!
S!PIN!C5!1!R178_104!TOP!TOP!VSS!87.5300!107.9500!!!!!!!!!!!!!!!FIG_RECTANGLE!87.5300!107.9500!1.0399!1.7800! 00000001!!CAPC3216X95N!!!!!!!!!0.0000!!!!!!
S!PIN!C5!2!R178_104!TOP!TOP!VDDA!90.2700!107.9500!!!!!!!!!!!!!!!FIG_RECTANGLE!90.2700!107.9500!1.0399!1.7800! 00000002!!CAPC3216X95N!!!!!!!!!0.0000!!!!!!
S!PIN!C4!1!R178_104!TOP!TOP!VSS!87.5300!110.4900!!!!!!!!!!!!!!!FIG_RECTANGLE!87.5300!110.4900!1.0399!1.7800! 00000001!!CAPC3216X95N!!!!!!!!!0.0000!!!!!!
S!PIN!C4!2!R178_104!TOP!TOP!VDDA!90.2700!110.4900!!!!!!!!!!!!!!!FIG_RECTANGLE!90.2700!110.4900!1.0399!1.7800! 00000002!!CAPC3216X95N!!!!!!!!!0.0000!!!!!!
S!PIN!C3!1!R178_104!TOP!TOP!VSS!87.5300!113.0300!!!!!!!!!!!!!!!FIG_RECTANGLE!87.5300!113.0300!1.0399!1.7800! 00000001!!CAPC3216X95N!!!!!!!!!0.0000!!!!!!
S!PIN!C3!2!R178_104!TOP!TOP!VDD!90.2700!113.0300!!!!!!!!!!!!!!!FIG_RECTANGLE!90.2700!113.0300!1.0399!1.7800! 00000002!!CAPC3216X95N!!!!!!!!!0.0000!!!!!!
S!PIN!C2!1!R178_104!TOP!TOP!VSS!87.5300!115.5700!!!!!!!!!!!!!!!FIG_RECTANGLE!87.5300!115.5700!1.0399!1.7800! 00000001!!CAPC3216X95N!!!!!!!!!0.0000!!!!!!
S!PIN!C2!2!R178_104!TOP!TOP!VDD!90.2700!115.5700!!!!!!!!!!!!!!!FIG_RECTANGLE!90.2700!115.5700!1.0399!1.7800! 00000002!!CAPC3216X95N!!!!!!!!!0.0000!!!!!!
S!PIN!C1!1!R178_104!TOP!TOP!VSS!87.5300!118.1100!!!!!!!!!!!!!!!FIG_RECTANGLE!87.5300!118.1100!1.0399!1.7800! 00000001!!CAPC3216X95N!!!!!!!!!0.0000!!!!!!
S!PIN!C1!2!R178_104!TOP!TOP!VDD!90.2700!118.1100!!!!!!!!!!!!!!!FIG_RECTANGLE!90.2700!118.1100!1.0399!1.7800! 00000002!!CAPC3216X95N!!!!!!!!!0.0000!!!!!!
S!VIA CLASS!!!VIA!TOP!BOTTOM!VBUS!!!125.7300!82.5500!CIRCLE_DRILL!0.3302!0.3302!125.7300!82.5500!0.000!PLATED!+!CIRCLE!1.2700!1.2700!0.000!FIG_RECTANGLE!125.7300!82.5500!1.1176!1.1176!!!!0.0000!0.0000!!!!!!!0.0000!!!!!!
S!VIA CLASS!!!VIA!TOP!BOTTOM!VBUS!!!121.9200!78.7400!CIRCLE_DRILL!0.3302!0.3302!121.9200!78.7400!0.000!PLATED!+!CIRCLE!1.2700!1.2700!0.000!FIG_RECTANGLE!121.9200!78.7400!1.1176!1.1176!!!!0.0000!0.0000!!!!!!!0.0000!!!!!!
S!VIA CLASS!!!VIA!TOP!BOTTOM!USB_DP!!!119.3800!78.7400!CIRCLE_DRILL!0.3302!0.3302!119.3800!78.7400!0.000!PLATED!+!CIRCLE!1.2700!1.2700!0.000!FIG_RECTANGLE!119.3800!78.7400!1.1176!1.1176!!!!0.0000!0.0000!!!!!!!0.0000!!!!!!
S!VIA CLASS!!!VIA!TOP!BOTTOM!USB_DP!!!129.5400!100.3300!CIRCLE_DRILL!0.3302!0.3302!129.5400!100.3300!0.000!PLATED!+!CIRCLE!1.2700!1.2700!0.000!FIG_RECTANGLE!129.5400!100.3300!1.1176!1.1176!!!!0.0000!0.0000!!!!!!!0.0000!!!!!!
S!VIA CLASS!!!VIA!TOP!BOTTOM!USB_DM!!!129.5400!99.0600!CIRCLE_DRILL!0.3302!0.3302!129.5400!99.0600!0.000!PLATED!+!CIRCLE!1.2700!1.2700!0.000!FIG_RECTANGLE!129.5400!99.0600!1.1176!1.1176!!!!0.0000!0.0000!!!!!!!0.0000!!!!!!
S!VIA CLASS!!!VIA!TOP!BOTTOM!USB_DM!!!114.3000!76.2000!CIRCLE_DRILL!0.3302!0.3302!114.3000!76.2000!0.000!PLATED!+!CIRCLE!1.2700!1.2700!0.000!FIG_RECTANGLE!114.3000!76.2000!1.1176!1.1176!!!!0.0000!0.0000!!!!!!!0.0000!!!!!!
S!VIA CLASS!!!VIA!TOP!BOTTOM!NRST!!!149.8600!123.1900!CIRCLE_DRILL!0.3302!0.3302!149.8600!123.1900!0.000!PLATED!+!CIRCLE!1.2700!1.2700!0.000!FIG_RECTANGLE!149.8600!123.1900!1.1176!1.1176!!!!0.0000!0.0000!!!!!!!0.0000!!!!!!
S!VIA CLASS!!!VIA!TOP!BOTTOM!NRST!!!146.0500!123.1900!CIRCLE_DRILL!0.3302!0.3302!146.0500!123.1900!0.000!PLATED!+!CIRCLE!1.2700!1.2700!0.000!FIG_RECTANGLE!146.0500!123.1900!1.1176!1.1176!!!!0.0000!0.0000!!!!!!!0.0000!!!!!!
S!VIA CLASS!!!VIA!TOP!BOTTOM!NRST!!!106.6800!105.4100!CIRCLE_DRILL!0.3302!0.3302!106.6800!105.4100!0.000!PLATED!+!CIRCLE!1.2700!1.2700!0.000!FIG_RECTANGLE!106.6800!105.4100!1.1176!1.1176!!!!0.0000!0.0000!!!!!!!0.0000!!!!!!
S!VIA CLASS!!!VIA!TOP!BOTTOM!NRST!!!106.6800!102.8700!CIRCLE_DRILL!0.3302!0.3302!106.6800!102.8700!0.000!PLATED!+!CIRCLE!1.2700!1.2700!0.000!FIG_RECTANGLE!106.6800!102.8700!1.1176!1.1176!!!!0.0000!0.0000!!!!!!!0.0000!!!!!!
S!VIA CLASS!!!VIA!TOP!BOTTOM!NRST!!!106.6800!99.9000!CIRCLE_DRILL!0.3302!0.3302!106.6800!99.9000!0.000!PLATED!+!CIRCLE!1.2700!1.2700!0.000!FIG_RECTANGLE!106.6800!99.9000!1.1176!1.1176!!!!0.0000!0.0000!!!!!!!0.0000!!!!!!
S!VIA CLASS!!!VIA!TOP!BOTTOM!VDD!!!85.7250!105.4100!CIRCLE_DRILL!0.3302!0.3302!85.7250!105.4100!0.000!PLATED!+!CIRCLE!1.2700!1.2700!0.000!FIG_RECTANGLE!85.7250!105.4100!1.1176!1.1176!!!!0.0000!0.0000!!!!!!!0.0000!!!!!!
S!VIA CLASS!!!VIA!TOP!BOTTOM!VDD!!!93.3450!109.8550!CIRCLE_DRILL!0.3302!0.3302!93.3450!109.8550!0.000!PLATED!+!CIRCLE!1.2700!1.2700!0.000!FIG_RECTANGLE!93.3450!109.8550!1.1176!1.1176!!!!0.0000!0.0000!!!!!!!0.0000!!!!!!
S!VIA CLASS!!!VIA!TOP!BOTTOM!VDD!!!107.9500!107.9500!CIRCLE_DRILL!0.3302!0.3302!107.9500!107.9500!0.000!PLATED!+!CIRCLE!1.2700!1.2700!0.000!FIG_RECTANGLE!107.9500!107.9500!1.1176!1.1176!!!!0.0000!0.0000!!!!!!!0.0000!!!!!!
S!VIA CLASS!!!VIA!TOP!BOTTOM!VDD!!!107.9500!113.0300!CIRCLE_DRILL!0.3302!0.3302!107.9500!113.0300!0.000!PLATED!+!CIRCLE!1.2700!1.2700!0.000!FIG_RECTANGLE!107.9500!113.0300!1.1176!1.1176!!!!0.0000!0.0000!!!!!!!0.0000!!!!!!
S!VIA CLASS!!!VIA!TOP!BOTTOM!VSS!!!156.2100!110.4900!CIRCLE_DRILL!0.3302!0.3302!156.2100!110.4900!0.000!PLATED!+!CIRCLE!1.2700!1.2700!0.000!FIG_RECTANGLE!156.2100!110.4900!1.1176!1.1176!!!!0.0000!0.0000!!!!!!!0.0000!!!!!!
S!VIA CLASS!!!VIA!TOP!BOTTOM!VSS!!!158.7500!110.4900!CIRCLE_DRILL!0.3302!0.3302!158.7500!110.4900!0.000!PLATED!+!CIRCLE!1.2700!1.2700!0.000!FIG_RECTANGLE!158.7500!110.4900!1.1176!1.1176!!!!0.0000!0.0000!!!!!!!0.0000!!!!!!
S!VIA CLASS!!!VIA!TOP!BOTTOM!VSS!!!101.6000!125.7300!CIRCLE_DRILL!0.3302!0.3302!101.6000!125.7300!0.000!PLATED!+!CIRCLE!1.2700!1.2700!0.000!FIG_RECTANGLE!101.6000!125.7300!1.1176!1.1176!!!!0.0000!0.0000!!!!!!!0.0000!!!!!!
S!VIA CLASS!!!VIA!TOP!BOTTOM!VSS!!!140.9700!124.4600!CIRCLE_DRILL!0.3302!0.3302!140.9700!124.4600!0.000!PLATED!+!CIRCLE!1.2700!1.2700!0.000!FIG_RECTANGLE!140.9700!124.4600!1.1176!1.1176!!!!0.0000!0.0000!!!!!!!0.0000!!!!!!
S!VIA CLASS!!!VIA!TOP!BOTTOM!VDDA!!!92.7100!104.1400!CIRCLE_DRILL!0.3302!0.3302!92.7100!104.1400!0.000!PLATED!+!CIRCLE!1.2700!1.2700!0.000!FIG_RECTANGLE!92.7100!104.1400!1.1176!1.1176!!!!0.0000!0.0000!!!!!!!0.0000!!!!!!
S!VIA CLASS!!!VIA!TOP!BOTTOM!VDDA!!!109.2600!99.1000!CIRCLE_DRILL!0.3302!0.3302!109.2600!99.1000!0.000!PLATED!+!CIRCLE!1.2700!1.2700!0.000!FIG_RECTANGLE!109.2600!99.1000!1.1176!1.1176!!!!0.0000!0.0000!!!!!!!0.0000!!!!!!
S!VIA CLASS!!!VIA!TOP!BOTTOM!WS2812_DOUT!!!109.2200!105.4100!CIRCLE_DRILL!0.3302!0.3302!109.2200!105.4100!0.000!PLATED!+!CIRCLE!1.2700!1.2700!0.000!FIG_RECTANGLE!109.2200!105.4100!1.1176!1.1176!!!!0.0000!0.0000!!!!!!!0.0000!!!!!!
S!VIA CLASS!!!VIA!TOP!BOTTOM!WS2812_DOUT!!!109.2200!107.9500!CIRCLE_DRILL!0.3302!0.3302!109.2200!107.9500!0.000!PLATED!+!CIRCLE!1.2700!1.2700!0.000!FIG_RECTANGLE!109.2200!107.9500!1.1176!1.1176!!!!0.0000!0.0000!!!!!!!0.0000!!!!!!
S!VIA CLASS!!!VIA!TOP!BOTTOM!WS2812_DOUT!!!88.9000!120.6500!CIRCLE_DRILL!0.3302!0.3302!88.9000!120.6500!0.000!PLATED!+!CIRCLE!1.2700!1.2700!0.000!FIG_RECTANGLE!88.9000!120.6500!1.1176!1.1176!!!!0.0000!0.0000!!!!!!!0.0000!!!!!!
S!VIA CLASS!!!VIA!TOP!BOTTOM!PA8_MOS_G!!!149.8600!101.6000!CIRCLE_DRILL!0.3302!0.3302!149.8600!101.6000!0.000!PLATED!+!CIRCLE!1.2700!1.2700!0.000!FIG_RECTANGLE!149.8600!101.6000!1.1176!1.1176!!!!0.0000!0.0000!!!!!!!0.0000!!!!!!
S!VIA CLASS!!!VIA!TOP!BOTTOM!PA8_MOS_G!!!154.9400!101.6000!CIRCLE_DRILL!0.3302!0.3302!154.9400!101.6000!0.000!PLATED!+!CIRCLE!1.2700!1.2700!0.000!FIG_RECTANGLE!154.9400!101.6000!1.1176!1.1176!!!!0.0000!0.0000!!!!!!!0.0000!!!!!!
S!VIA CLASS!!!VIA!TOP!BOTTOM!PA9_WS2812_DIN!!!124.4600!98.4250!CIRCLE_DRILL!0.3302!0.3302!124.4600!98.4250!0.000!PLATED!+!CIRCLE!1.2700!1.2700!0.000!FIG_RECTANGLE!124.4600!98.4250!1.1176!1.1176!!!!0.0000!0.0000!!!!!!!0.0000!!!!!!
S!VIA CLASS!!!VIA!TOP!BOTTOM!PA9_WS2812_DIN!!!93.9800!115.5700!CIRCLE_DRILL!0.3302!0.3302!93.9800!115.5700!0.000!PLATED!+!CIRCLE!1.2700!1.2700!0.000!FIG_RECTANGLE!93.9800!115.5700!1.1176!1.1176!!!!0.0000!0.0000!!!!!!!0.0000!!!!!!
S!VIA CLASS!!!VIA!TOP!BOTTOM!SWDIO!!!140.9700!119.3800!CIRCLE_DRILL!0.3302!0.3302!140.9700!119.3800!0.000!PLATED!+!CIRCLE!1.2700!1.2700!0.000!FIG_RECTANGLE!140.9700!119.3800!1.1176!1.1176!!!!0.0000!0.0000!!!!!!!0.0000!!!!!!
S!VIA CLASS!!!VIA!TOP!BOTTOM!SWDIO!!!144.7800!118.1100!CIRCLE_DRILL!0.3302!0.3302!144.7800!118.1100!0.000!PLATED!+!CIRCLE!1.2700!1.2700!0.000!FIG_RECTANGLE!144.7800!118.1100!1.1176!1.1176!!!!0.0000!0.0000!!!!!!!0.0000!!!!!!
S!VIA CLASS!!!VIA!TOP!BOTTOM!SWCLK!!!158.7500!109.2200!CIRCLE_DRILL!0.3302!0.3302!158.7500!109.2200!0.000!PLATED!+!CIRCLE!1.2700!1.2700!0.000!FIG_RECTANGLE!158.7500!109.2200!1.1176!1.1176!!!!0.0000!0.0000!!!!!!!0.0000!!!!!!
S!VIA CLASS!!!VIA!TOP!BOTTOM!SWCLK!!!149.8600!109.2200!CIRCLE_DRILL!0.3302!0.3302!149.8600!109.2200!0.000!PLATED!+!CIRCLE!1.2700!1.2700!0.000!FIG_RECTANGLE!149.8600!109.2200!1.1176!1.1176!!!!0.0000!0.0000!!!!!!!0.0000!!!!!!
S!VIA CLASS!!!VIA!TOP!BOTTOM!SWCLK!!!139.7000!109.2200!CIRCLE_DRILL!0.3302!0.3302!139.7000!109.2200!0.000!PLATED!+!CIRCLE!1.2700!1.2700!0.000!FIG_RECTANGLE!139.7000!109.2200!1.1176!1.1176!!!!0.0000!0.0000!!!!!!!0.0000!!!!!!
S!VIA CLASS!!!VIA!TOP!BOTTOM!SWCLK!!!135.8900!109.2200!CIRCLE_DRILL!0.3302!0.3302!135.8900!109.2200!0.000!PLATED!+!CIRCLE!1.2700!1.2700!0.000!FIG_RECTANGLE!135.8900!109.2200!1.1176!1.1176!!!!0.0000!0.0000!!!!!!!0.0000!!!!!!
S!VIA CLASS!!!VIA!TOP!BOTTOM!PB1_VBUS_DET!!!119.3800!93.9800!CIRCLE_DRILL!0.3302!0.3302!119.3800!93.9800!0.000!PLATED!+!CIRCLE!1.2700!1.2700!0.000!FIG_RECTANGLE!119.3800!93.9800!1.1176!1.1176!!!!0.0000!0.0000!!!!!!!0.0000!!!!!!
S!VIA CLASS!!!VIA!TOP!BOTTOM!PB1_VBUS_DET!!!119.3800!87.6300!CIRCLE_DRILL!0.3302!0.3302!119.3800!87.6300!0.000!PLATED!+!CIRCLE!1.2700!1.2700!0.000!FIG_RECTANGLE!119.3800!87.6300!1.1176!1.1176!!!!0.0000!0.0000!!!!!!!0.0000!!!!!!
S!VIA CLASS!!!VIA!TOP!BOTTOM!PA7_MOSI!!!149.8600!106.7067!CIRCLE_DRILL!0.3302!0.3302!149.8600!106.7067!0.000!PLATED!+!CIRCLE!1.2700!1.2700!0.000!FIG_RECTANGLE!149.8600!106.7067!1.1176!1.1176!!!!0.0000!0.0000!!!!!!!0.0000!!!!!!
S!VIA CLASS!!!VIA!TOP!BOTTOM!PA7_MOSI!!!133.3500!102.8700!CIRCLE_DRILL!0.3302!0.3302!133.3500!102.8700!0.000!PLATED!+!CIRCLE!1.2700!1.2700!0.000!FIG_RECTANGLE!133.3500!102.8700!1.1176!1.1176!!!!0.0000!0.0000!!!!!!!0.0000!!!!!!
S!VIA CLASS!!!VIA!TOP!BOTTOM!PA7_MOSI!!!133.3500!100.3300!CIRCLE_DRILL!0.3302!0.3302!133.3500!100.3300!0.000!PLATED!+!CIRCLE!1.2700!1.2700!0.000!FIG_RECTANGLE!133.3500!100.3300!1.1176!1.1176!!!!0.0000!0.0000!!!!!!!0.0000!!!!!!
S!VIA CLASS!!!VIA!TOP!BOTTOM!PA6_MISO!!!152.4000!102.8700!CIRCLE_DRILL!0.3302!0.3302!152.4000!102.8700!0.000!PLATED!+!CIRCLE!1.2700!1.2700!0.000!FIG_RECTANGLE!152.4000!102.8700!1.1176!1.1176!!!!0.0000!0.0000!!!!!!!0.0000!!!!!!
S!VIA CLASS!!!VIA!TOP!BOTTOM!PA6_MISO!!!148.5900!105.4100!CIRCLE_DRILL!0.3302!0.3302!148.5900!105.4100!0.000!PLATED!+!CIRCLE!1.2700!1.2700!0.000!FIG_RECTANGLE!148.5900!105.4100!1.1176!1.1176!!!!0.0000!0.0000!!!!!!!0.0000!!!!!!
S!VIA CLASS!!!VIA!TOP!BOTTOM!PA6_MISO!!!134.6200!102.8700!CIRCLE_DRILL!0.3302!0.3302!134.6200!102.8700!0.000!PLATED!+!CIRCLE!1.2700!1.2700!0.000!FIG_RECTANGLE!134.6200!102.8700!1.1176!1.1176!!!!0.0000!0.0000!!!!!!!0.0000!!!!!!
S!VIA CLASS!!!VIA!TOP!BOTTOM!PA6_MISO!!!134.6200!100.3300!CIRCLE_DRILL!0.3302!0.3302!134.6200!100.3300!0.000!PLATED!+!CIRCLE!1.2700!1.2700!0.000!FIG_RECTANGLE!134.6200!100.3300!1.1176!1.1176!!!!0.0000!0.0000!!!!!!!0.0000!!!!!!
S!VIA CLASS!!!VIA!TOP!BOTTOM!PA5_SCLK!!!157.4800!101.6000!CIRCLE_DRILL!0.3302!0.3302!157.4800!101.6000!0.000!PLATED!+!CIRCLE!1.2700!1.2700!0.000!FIG_RECTANGLE!157.4800!101.6000!1.1176!1.1176!!!!0.0000!0.0000!!!!!!!0.0000!!!!!!
S!VIA CLASS!!!VIA!TOP!BOTTOM!PA5_SCLK!!!157.4800!99.0600!CIRCLE_DRILL!0.3302!0.3302!157.4800!99.0600!0.000!PLATED!+!CIRCLE!1.2700!1.2700!0.000!FIG_RECTANGLE!157.4800!99.0600!1.1176!1.1176!!!!0.0000!0.0000!!!!!!!0.0000!!!!!!
S!VIA CLASS!!!VIA!TOP!BOTTOM!PA5_SCLK!!!148.5900!90.1700!CIRCLE_DRILL!0.3302!0.3302!148.5900!90.1700!0.000!PLATED!+!CIRCLE!1.2700!1.2700!0.000!FIG_RECTANGLE!148.5900!90.1700!1.1176!1.1176!!!!0.0000!0.0000!!!!!!!0.0000!!!!!!
S!VIA CLASS!!!VIA!TOP!BOTTOM!PA5_SCLK!!!142.2400!85.0900!CIRCLE_DRILL!0.3302!0.3302!142.2400!85.0900!0.000!PLATED!+!CIRCLE!1.2700!1.2700!0.000!FIG_RECTANGLE!142.2400!85.0900!1.1176!1.1176!!!!0.0000!0.0000!!!!!!!0.0000!!!!!!
S!VIA CLASS!!!VIA!TOP!BOTTOM!PA5_SCLK!!!129.5400!81.9150!CIRCLE_DRILL!0.3302!0.3302!129.5400!81.9150!0.000!PLATED!+!CIRCLE!1.2700!1.2700!0.000!FIG_RECTANGLE!129.5400!81.9150!1.1176!1.1176!!!!0.0000!0.0000!!!!!!!0.0000!!!!!!
S!VIA CLASS!!!VIA!TOP!BOTTOM!PA5_SCLK!!!114.3000!88.9000!CIRCLE_DRILL!0.3302!0.3302!114.3000!88.9000!0.000!PLATED!+!CIRCLE!1.2700!1.2700!0.000!FIG_RECTANGLE!114.3000!88.9000!1.1176!1.1176!!!!0.0000!0.0000!!!!!!!0.0000!!!!!!
S!VIA CLASS!!!VIA!TOP!BOTTOM!PA5_SCLK!!!116.2050!90.1700!CIRCLE_DRILL!0.3302!0.3302!116.2050!90.1700!0.000!PLATED!+!CIRCLE!1.2700!1.2700!0.000!FIG_RECTANGLE!116.2050!90.1700!1.1176!1.1176!!!!0.0000!0.0000!!!!!!!0.0000!!!!!!
S!VIA CLASS!!!VIA!TOP!BOTTOM!PA4_NSS!!!119.3800!83.8200!CIRCLE_DRILL!0.3302!0.3302!119.3800!83.8200!0.000!PLATED!+!CIRCLE!1.2700!1.2700!0.000!FIG_RECTANGLE!119.3800!83.8200!1.1176!1.1176!!!!0.0000!0.0000!!!!!!!0.0000!!!!!!
S!VIA CLASS!!!VIA!TOP!BOTTOM!PA4_NSS!!!125.7300!83.8200!CIRCLE_DRILL!0.3302!0.3302!125.7300!83.8200!0.000!PLATED!+!CIRCLE!1.2700!1.2700!0.000!FIG_RECTANGLE!125.7300!83.8200!1.1176!1.1176!!!!0.0000!0.0000!!!!!!!0.0000!!!!!!
S!VIA CLASS!!!VIA!TOP!BOTTOM!PA4_NSS!!!134.6200!87.6300!CIRCLE_DRILL!0.3302!0.3302!134.6200!87.6300!0.000!PLATED!+!CIRCLE!1.2700!1.2700!0.000!FIG_RECTANGLE!134.6200!87.6300!1.1176!1.1176!!!!0.0000!0.0000!!!!!!!0.0000!!!!!!
S!VIA CLASS!!!VIA!TOP!BOTTOM!PA4_NSS!!!139.7000!87.6300!CIRCLE_DRILL!0.3302!0.3302!139.7000!87.6300!0.000!PLATED!+!CIRCLE!1.2700!1.2700!0.000!FIG_RECTANGLE!139.7000!87.6300!1.1176!1.1176!!!!0.0000!0.0000!!!!!!!0.0000!!!!!!
S!VIA CLASS!!!VIA!TOP!BOTTOM!PA4_NSS!!!151.1600!96.5500!CIRCLE_DRILL!0.3302!0.3302!151.1600!96.5500!0.000!PLATED!+!CIRCLE!1.2700!1.2700!0.000!FIG_RECTANGLE!151.1600!96.5500!1.1176!1.1176!!!!0.0000!0.0000!!!!!!!0.0000!!!!!!
S!VIA CLASS!!!VIA!TOP!BOTTOM!PA3!!!148.5900!100.3300!CIRCLE_DRILL!0.3302!0.3302!148.5900!100.3300!0.000!PLATED!+!CIRCLE!1.2700!1.2700!0.000!FIG_RECTANGLE!148.5900!100.3300!1.1176!1.1176!!!!0.0000!0.0000!!!!!!!0.0000!!!!!!
S!VIA CLASS!!!VIA!TOP!BOTTOM!PA3!!!142.2400!101.6000!CIRCLE_DRILL!0.3302!0.3302!142.2400!101.6000!0.000!PLATED!+!CIRCLE!1.2700!1.2700!0.000!FIG_RECTANGLE!142.2400!101.6000!1.1176!1.1176!!!!0.0000!0.0000!!!!!!!0.0000!!!!!!
S!VIA CLASS!!!VIA!TOP!BOTTOM!PA3!!!142.2400!97.7900!CIRCLE_DRILL!0.3302!0.3302!142.2400!97.7900!0.000!PLATED!+!CIRCLE!1.2700!1.2700!0.000!FIG_RECTANGLE!142.2400!97.7900!1.1176!1.1176!!!!0.0000!0.0000!!!!!!!0.0000!!!!!!
S!VIA CLASS!!!VIA!TOP!BOTTOM!PA3!!!128.2700!91.4400!CIRCLE_DRILL!0.3302!0.3302!128.2700!91.4400!0.000!PLATED!+!CIRCLE!1.2700!1.2700!0.000!FIG_RECTANGLE!128.2700!91.4400!1.1176!1.1176!!!!0.0000!0.0000!!!!!!!0.0000!!!!!!
S!VIA CLASS!!!VIA!TOP!BOTTOM!PA3!!!124.4600!88.9000!CIRCLE_DRILL!0.3302!0.3302!124.4600!88.9000!0.000!PLATED!+!CIRCLE!1.2700!1.2700!0.000!FIG_RECTANGLE!124.4600!88.9000!1.1176!1.1176!!!!0.0000!0.0000!!!!!!!0.0000!!!!!!
S!VIA CLASS!!!VIA!TOP!BOTTOM!PA3!!!118.1100!86.3600!CIRCLE_DRILL!0.3302!0.3302!118.1100!86.3600!0.000!PLATED!+!CIRCLE!1.2700!1.2700!0.000!FIG_RECTANGLE!118.1100!86.3600!1.1176!1.1176!!!!0.0000!0.0000!!!!!!!0.0000!!!!!!
S!VIA CLASS!!!VIA!TOP!BOTTOM!PA3!!!117.4750!88.9000!CIRCLE_DRILL!0.3302!0.3302!117.4750!88.9000!0.000!PLATED!+!CIRCLE!1.2700!1.2700!0.000!FIG_RECTANGLE!117.4750!88.9000!1.1176!1.1176!!!!0.0000!0.0000!!!!!!!0.0000!!!!!!
S!VIA CLASS!!!VIA!TOP!BOTTOM!PA3!!!117.4750!90.8050!CIRCLE_DRILL!0.3302!0.3302!117.4750!90.8050!0.000!PLATED!+!CIRCLE!1.2700!1.2700!0.000!FIG_RECTANGLE!117.4750!90.8050!1.1176!1.1176!!!!0.0000!0.0000!!!!!!!0.0000!!!!!!
S!VIA CLASS!!!VIA!TOP!BOTTOM!PA3!!!113.6650!90.8050!CIRCLE_DRILL!0.3302!0.3302!113.6650!90.8050!0.000!PLATED!+!CIRCLE!1.2700!1.2700!0.000!FIG_RECTANGLE!113.6650!90.8050!1.1176!1.1176!!!!0.0000!0.0000!!!!!!!0.0000!!!!!!
S!VIA CLASS!!!VIA!TOP!BOTTOM!PA2!!!148.5900!102.8700!CIRCLE_DRILL!0.3302!0.3302!148.5900!102.8700!0.000!PLATED!+!CIRCLE!1.2700!1.2700!0.000!FIG_RECTANGLE!148.5900!102.8700!1.1176!1.1176!!!!0.0000!0.0000!!!!!!!0.0000!!!!!!
S!VIA CLASS!!!VIA!TOP!BOTTOM!PA2!!!144.7800!102.8700!CIRCLE_DRILL!0.3302!0.3302!144.7800!102.8700!0.000!PLATED!+!CIRCLE!1.2700!1.2700!0.000!FIG_RECTANGLE!144.7800!102.8700!1.1176!1.1176!!!!0.0000!0.0000!!!!!!!0.0000!!!!!!
S!VIA CLASS!!!VIA!TOP!BOTTOM!PA2!!!143.5100!96.5200!CIRCLE_DRILL!0.3302!0.3302!143.5100!96.5200!0.000!PLATED!+!CIRCLE!1.2700!1.2700!0.000!FIG_RECTANGLE!143.5100!96.5200!1.1176!1.1176!!!!0.0000!0.0000!!!!!!!0.0000!!!!!!
S!VIA CLASS!!!VIA!TOP!BOTTOM!PA2!!!125.7300!90.1700!CIRCLE_DRILL!0.3302!0.3302!125.7300!90.1700!0.000!PLATED!+!CIRCLE!1.2700!1.2700!0.000!FIG_RECTANGLE!125.7300!90.1700!1.1176!1.1176!!!!0.0000!0.0000!!!!!!!0.0000!!!!!!
S!VIA CLASS!!!VIA!TOP!BOTTOM!PA2!!!116.8400!87.6300!CIRCLE_DRILL!0.3302!0.3302!116.8400!87.6300!0.000!PLATED!+!CIRCLE!1.2700!1.2700!0.000!FIG_RECTANGLE!116.8400!87.6300!1.1176!1.1176!!!!0.0000!0.0000!!!!!!!0.0000!!!!!!
S!VIA CLASS!!!VIA!TOP!BOTTOM!PA2!!!106.6800!95.2500!CIRCLE_DRILL!0.3302!0.3302!106.6800!95.2500!0.000!PLATED!+!CIRCLE!1.2700!1.2700!0.000!FIG_RECTANGLE!106.6800!95.2500!1.1176!1.1176!!!!0.0000!0.0000!!!!!!!0.0000!!!!!!
S!VIA CLASS!!!VIA!TOP!BOTTOM!PA1!!!146.0500!97.7900!CIRCLE_DRILL!0.3302!0.3302!146.0500!97.7900!0.000!PLATED!+!CIRCLE!1.2700!1.2700!0.000!FIG_RECTANGLE!146.0500!97.7900!1.1176!1.1176!!!!0.0000!0.0000!!!!!!!0.0000!!!!!!
S!VIA CLASS!!!VIA!TOP!BOTTOM!PA1!!!124.4600!87.6300!CIRCLE_DRILL!0.3302!0.3302!124.4600!87.6300!0.000!PLATED!+!CIRCLE!1.2700!1.2700!0.000!FIG_RECTANGLE!124.4600!87.6300!1.1176!1.1176!!!!0.0000!0.0000!!!!!!!0.0000!!!!!!
S!VIA CLASS!!!VIA!TOP!BOTTOM!PA1!!!106.6800!96.5200!CIRCLE_DRILL!0.3302!0.3302!106.6800!96.5200!0.000!PLATED!+!CIRCLE!1.2700!1.2700!0.000!FIG_RECTANGLE!106.6800!96.5200!1.1176!1.1176!!!!0.0000!0.0000!!!!!!!0.0000!!!!!!
S!VIA CLASS!!!VIA!TOP!BOTTOM!PA0!!!128.2700!85.0900!CIRCLE_DRILL!0.3302!0.3302!128.2700!85.0900!0.000!PLATED!+!CIRCLE!1.2700!1.2700!0.000!FIG_RECTANGLE!128.2700!85.0900!1.1176!1.1176!!!!0.0000!0.0000!!!!!!!0.0000!!!!!!
S!VIA CLASS!!!VIA!TOP!BOTTOM!PA0!!!120.6500!85.0900!CIRCLE_DRILL!0.3302!0.3302!120.6500!85.0900!0.000!PLATED!+!CIRCLE!1.2700!1.2700!0.000!FIG_RECTANGLE!120.6500!85.0900!1.1176!1.1176!!!!0.0000!0.0000!!!!!!!0.0000!!!!!!
S!VIA CLASS!!!VIA!TOP!BOTTOM!PA0!!!106.6800!97.7900!CIRCLE_DRILL!0.3302!0.3302!106.6800!97.7900!0.000!PLATED!+!CIRCLE!1.2700!1.2700!0.000!FIG_RECTANGLE!106.6800!97.7900!1.1176!1.1176!!!!0.0000!0.0000!!!!!!!0.0000!!!!!!
S!VIA CLASS!!!VIA!TOP!BOTTOM!PB7_RX1!!!134.6200!118.1100!CIRCLE_DRILL!0.3302!0.3302!134.6200!118.1100!0.000!PLATED!+!CIRCLE!1.2700!1.2700!0.000!FIG_RECTANGLE!134.6200!118.1100!1.1176!1.1176!!!!0.0000!0.0000!!!!!!!0.0000!!!!!!
S!VIA CLASS!!!VIA!TOP!BOTTOM!PB6_TX1!!!135.6360!115.8240!CIRCLE_DRILL!0.3302!0.3302!135.6360!115.8240!0.000!PLATED!+!CIRCLE!1.2700!1.2700!0.000!FIG_RECTANGLE!135.6360!115.8240!1.1176!1.1176!!!!0.0000!0.0000!!!!!!!0.0000!!!!!!
S!VIA CLASS!!!VIA!TOP!BOTTOM!PB5_MOSI!!!137.1600!110.4900!CIRCLE_DRILL!0.3302!0.3302!137.1600!110.4900!0.000!PLATED!+!CIRCLE!1.2700!1.2700!0.000!FIG_RECTANGLE!137.1600!110.4900!1.1176!1.1176!!!!0.0000!0.0000!!!!!!!0.0000!!!!!!
S!VIA CLASS!!!VIA!TOP!BOTTOM!PB4_MISO!!!129.5400!107.9500!CIRCLE_DRILL!0.3302!0.3302!129.5400!107.9500!0.000!PLATED!+!CIRCLE!1.2700!1.2700!0.000!FIG_RECTANGLE!129.5400!107.9500!1.1176!1.1176!!!!0.0000!0.0000!!!!!!!0.0000!!!!!!
S!VIA CLASS!!!VIA!TOP!BOTTOM!PB3_SCK!!!130.8100!95.2500!CIRCLE_DRILL!0.3302!0.3302!130.8100!95.2500!0.000!PLATED!+!CIRCLE!1.2700!1.2700!0.000!FIG_RECTANGLE!130.8100!95.2500!1.1176!1.1176!!!!0.0000!0.0000!!!!!!!0.0000!!!!!!
S!VIA CLASS!!!VIA!TOP!BOTTOM!PB3_SCK!!!127.0000!95.2500!CIRCLE_DRILL!0.3302!0.3302!127.0000!95.2500!0.000!PLATED!+!CIRCLE!1.2700!1.2700!0.000!FIG_RECTANGLE!127.0000!95.2500!1.1176!1.1176!!!!0.0000!0.0000!!!!!!!0.0000!!!!!!
S!VIA CLASS!!!VIA!TOP!BOTTOM!PB0!!!120.6500!92.7100!CIRCLE_DRILL!0.3302!0.3302!120.6500!92.7100!0.000!PLATED!+!CIRCLE!1.2700!1.2700!0.000!FIG_RECTANGLE!120.6500!92.7100!1.1176!1.1176!!!!0.0000!0.0000!!!!!!!0.0000!!!!!!
S!VIA CLASS!!!VIA!TOP!BOTTOM!PA15_NSS!!!123.1900!106.6800!CIRCLE_DRILL!0.3302!0.3302!123.1900!106.6800!0.000!PLATED!+!CIRCLE!1.2700!1.2700!0.000!FIG_RECTANGLE!123.1900!106.6800!1.1176!1.1176!!!!0.0000!0.0000!!!!!!!0.0000!!!!!!
S!VIA CLASS!!!VIA!TOP!BOTTOM!PA15_NSS!!!132.0800!105.4100!CIRCLE_DRILL!0.3302!0.3302!132.0800!105.4100!0.000!PLATED!+!CIRCLE!1.2700!1.2700!0.000!FIG_RECTANGLE!132.0800!105.4100!1.1176!1.1176!!!!0.0000!0.0000!!!!!!!0.0000!!!!!!
S!VIA CLASS!!!VIA!TOP!BOTTOM!PA15_NSS!!!132.0800!101.6000!CIRCLE_DRILL!0.3302!0.3302!132.0800!101.6000!0.000!PLATED!+!CIRCLE!1.2700!1.2700!0.000!FIG_RECTANGLE!132.0800!101.6000!1.1176!1.1176!!!!0.0000!0.0000!!!!!!!0.0000!!!!!!
S!VIA CLASS!!!VIA!TOP!BOTTOM!PA10!!!127.0000!99.0600!CIRCLE_DRILL!0.3302!0.3302!127.0000!99.0600!0.000!PLATED!+!CIRCLE!1.2700!1.2700!0.000!FIG_RECTANGLE!127.0000!99.0600!1.1176!1.1176!!!!0.0000!0.0000!!!!!!!0.0000!!!!!!
S!VIA CLASS!!!VIA!TOP!BOTTOM!MOSFET!!!147.3200!100.3300!CIRCLE_DRILL!0.3302!0.3302!147.3200!100.3300!0.000!PLATED!+!CIRCLE!1.2700!1.2700!0.000!FIG_RECTANGLE!147.3200!100.3300!1.1176!1.1176!!!!0.0000!0.0000!!!!!!!0.0000!!!!!!
S!VIA CLASS!!!VIA!TOP!BOTTOM!MOSFET!!!162.5600!110.4900!CIRCLE_DRILL!0.3302!0.3302!162.5600!110.4900!0.000!PLATED!+!CIRCLE!1.2700!1.2700!0.000!FIG_RECTANGLE!162.5600!110.4900!1.1176!1.1176!!!!0.0000!0.0000!!!!!!!0.0000!!!!!!
S!VIA CLASS!!!VIA!TOP!BOTTOM!!!!139.1600!99.1400!CIRCLE_DRILL!0.3302!0.3302!139.1600!99.1400!0.000!PLATED!+!CIRCLE!1.2700!1.2700!0.000!FIG_RECTANGLE!139.1600!99.1400!1.1176!1.1176!!!!0.0000!0.0000!!!!!!!0.0000!!!!!!
S!VIA CLASS!!!VIA!TOP!BOTTOM!!!!161.2900!120.6500!CIRCLE_DRILL!0.3302!0.3302!161.2900!120.6500!0.000!PLATED!+!CIRCLE!1.2700!1.2700!0.000!FIG_RECTANGLE!161.2900!120.6500!1.1176!1.1176!!!!0.0000!0.0000!!!!!!!0.0000!!!!!!
