2023-04-21 17:38:54,928 [INFO] Activator:176 - 


2023-04-21 17:38:54,940 [INFO] Activator:177 - !SESSION log4j initialized
2023-04-21 17:39:10,504 [INFO] LogOutputStream:77 - [STDOUT_REDIRECT] 
2023-04-21 17:39:27,963 [ERROR] LogOutputStream:75 - [STDERR_REDIRECT] SLF4J: Failed to load class "org.slf4j.impl.StaticLoggerBinder".
2023-04-21 17:39:27,964 [ERROR] LogOutputStream:75 - [STDERR_REDIRECT] SLF4J: Defaulting to no-operation (NOP) logger implementation
2023-04-21 17:39:27,968 [ERROR] LogOutputStream:75 - [STDERR_REDIRECT] SLF4J: See http://www.slf4j.org/codes.html#StaticLoggerBinder for further details.
2023-04-21 17:46:04,877 [INFO] ApplicationProperties:184 - Using Application install path: C:\ST\STM32CubeIDE_1.10.0\STM32CubeIDE\plugins\com.st.stm32cube.common.mx_6.8.0.202302231600
2023-04-21 17:46:04,908 [INFO] DbMcusXml:78 - Set database path to: C:\ST\STM32CubeIDE_1.10.0\STM32CubeIDE\plugins\com.st.stm32cube.common.mx_6.8.0.202302231600\\db\/mcu/
2023-04-21 17:46:04,909 [INFO] ApiDb:274 - Set plugin database path to: C:\ST\STM32CubeIDE_1.10.0\STM32CubeIDE\plugins\com.st.stm32cube.common.mx_6.8.0.202302231600\\db\/plugins/boardmanager/
2023-04-21 17:46:04,913 [WARN] ApiDb:259 - Overriding images path with different value:  => C:\ST\STM32CubeIDE_1.10.0\STM32CubeIDE\plugins\com.st.stm32cube.common.mx_6.8.0.202302231600\\db\/plugins/mcufinder/images/
2023-04-21 17:46:04,962 [INFO] ApiDb:250 - Set database path to: C:\Users\User\.stmcufinder\plugins\mcufinder//mcu/
2023-04-21 17:46:04,962 [INFO] DbMcusAds:125 - Set database path to: C:\Users\User\.stmcufinder\plugins\mcufinder//mcu/
2023-04-21 17:46:05,046 [INFO] CrossReferenceDbSqlite:203 - Set database path to: C:\Users\User\.stmcufinder\plugins\mcufinder//mcu/cs/
2023-04-21 17:46:05,231 [INFO] DbMcusXml:78 - Set database path to: C:\ST\STM32CubeIDE_1.10.0\STM32CubeIDE\plugins\com.st.stm32cube.common.mx_6.8.0.202302231600\\db\/mcu/
2023-04-21 17:46:05,231 [INFO] ApiDb:274 - Set plugin database path to: C:\ST\STM32CubeIDE_1.10.0\STM32CubeIDE\plugins\com.st.stm32cube.common.mx_6.8.0.202302231600\\db\/plugins/boardmanager/
2023-04-21 17:46:05,232 [INFO] ApiDb:261 - Set plugin images path to: C:\ST\STM32CubeIDE_1.10.0\STM32CubeIDE\plugins\com.st.stm32cube.common.mx_6.8.0.202302231600\\db\/plugins/mcufinder/images/
2023-04-21 17:46:05,233 [WARN] DbFile:41 - Overriding database path with different value: C:\Users\User\.stmcufinder\plugins\mcufinder/ => C:\Users\User\.stmcufinder\plugins\mcufinder
2023-04-21 17:46:05,233 [INFO] ApiDb:250 - Set database path to: C:\Users\User\.stmcufinder\plugins\mcufinder//mcu/
2023-04-21 17:46:05,233 [WARN] DbFile:41 - Overriding database path with different value: C:\Users\User\.stmcufinder\plugins\mcufinder/ => C:\Users\User\.stmcufinder\plugins\mcufinder
2023-04-21 17:46:05,233 [INFO] DbMcusAds:125 - Set database path to: C:\Users\User\.stmcufinder\plugins\mcufinder//mcu/
2023-04-21 17:46:05,233 [WARN] DbFile:41 - Overriding database path with different value: C:\Users\User\.stmcufinder\plugins\mcufinder/ => C:\Users\User\.stmcufinder\plugins\mcufinder
2023-04-21 17:46:05,234 [WARN] DbFile:41 - Overriding database path with different value: C:\Users\User\.stmcufinder\plugins\mcufinder/ => C:\Users\User\.stmcufinder\plugins\mcufinder
2023-04-21 17:46:05,234 [INFO] CrossReferenceDbSqlite:203 - Set database path to: C:\Users\User\.stmcufinder\plugins\mcufinder//mcu/cs/
2023-04-21 17:46:05,408 [INFO] MainPanel:253 - HeapMemory: 530579456
2023-04-21 17:46:05,633 [INFO] DbMcusXml:78 - Set database path to: C:\ST\STM32CubeIDE_1.10.0\STM32CubeIDE\plugins\com.st.stm32cube.common.mx_6.8.0.202302231600\\db\/mcu/
2023-04-21 17:46:05,633 [INFO] ApiDb:274 - Set plugin database path to: C:\ST\STM32CubeIDE_1.10.0\STM32CubeIDE\plugins\com.st.stm32cube.common.mx_6.8.0.202302231600\\db\/plugins/boardmanager/
2023-04-21 17:46:05,633 [INFO] ApiDb:261 - Set plugin images path to: C:\ST\STM32CubeIDE_1.10.0\STM32CubeIDE\plugins\com.st.stm32cube.common.mx_6.8.0.202302231600\\db\/plugins/mcufinder/images/
2023-04-21 17:46:05,634 [WARN] DbFile:41 - Overriding database path with different value: C:\Users\User\.stmcufinder\plugins\mcufinder/ => C:\Users\User\.stmcufinder\plugins\mcufinder
2023-04-21 17:46:05,634 [INFO] ApiDb:250 - Set database path to: C:\Users\User\.stmcufinder\plugins\mcufinder//mcu/
2023-04-21 17:46:05,634 [WARN] DbFile:41 - Overriding database path with different value: C:\Users\User\.stmcufinder\plugins\mcufinder/ => C:\Users\User\.stmcufinder\plugins\mcufinder
2023-04-21 17:46:05,634 [INFO] DbMcusAds:125 - Set database path to: C:\Users\User\.stmcufinder\plugins\mcufinder//mcu/
2023-04-21 17:46:05,634 [WARN] DbFile:41 - Overriding database path with different value: C:\Users\User\.stmcufinder\plugins\mcufinder/ => C:\Users\User\.stmcufinder\plugins\mcufinder
2023-04-21 17:46:05,635 [WARN] DbFile:41 - Overriding database path with different value: C:\Users\User\.stmcufinder\plugins\mcufinder/ => C:\Users\User\.stmcufinder\plugins\mcufinder
2023-04-21 17:46:05,635 [INFO] CrossReferenceDbSqlite:203 - Set database path to: C:\Users\User\.stmcufinder\plugins\mcufinder//mcu/cs/
2023-04-21 17:46:05,670 [INFO] ApplicationProperties:184 - Using Application install path: C:\ST\STM32CubeIDE_1.10.0\STM32CubeIDE\plugins\com.st.stm32cube.common.mx_6.8.0.202302231600
2023-04-21 17:46:05,677 [INFO] PluginManage:196 - Search for loadable plugins [exclusion list=, ]
2023-04-21 17:46:05,677 [INFO] PluginManage:310 - Check plugin analytics
2023-04-21 17:46:06,102 [INFO] AnalyticsPlugin:253 - Accepted Software Licenses: 
2023-04-21 17:46:06,103 [INFO] AnalyticsPlugin:255 - Accepted CMSIS Pack Licenses: STMicroelectronics.X-CUBE-TOUCHGFX.4.18.1,wolfSSL.I-CUBE-wolfSSL.5.1.1,STMicroelectronics.X-CUBE-AI.7.1.0,STMicroelectronics.X-CUBE-AZRTOS-F4.1.0.0,STMicroelectronics.X-CUBE-AZRTOS-H7.2.0.0,STMicroelectronics.X-CUBE-AZRTOS-H7.2.1.0
2023-04-21 17:46:06,104 [INFO] AnalyticsPlugin:257 - Accepted Firmware Licenses: FW.F4.1.27.0,FW.H7.1.10.0
2023-04-21 17:46:06,125 [INFO] PluginManage:359 - Loaded plugin analytics (category:tool,tabindex:-1)
2023-04-21 17:46:06,126 [INFO] PluginManage:310 - Check plugin cadmodel
2023-04-21 17:46:06,158 [INFO] CADModel:105 - Init CAD model plugin
2023-04-21 17:46:06,158 [INFO] PluginManage:359 - Loaded plugin cadmodel (category:power,tabindex:5)
2023-04-21 17:46:06,158 [INFO] PluginManage:310 - Check plugin clock
2023-04-21 17:46:06,208 [INFO] PluginManage:359 - Loaded plugin clock (category:base,tabindex:2)
2023-04-21 17:46:06,209 [INFO] PluginManage:310 - Check plugin ddr
2023-04-21 17:46:06,216 [INFO] PluginManage:359 - Loaded plugin ddr (category:tool,tabindex:6)
2023-04-21 17:46:06,217 [INFO] PluginManage:310 - Check plugin filemanager
2023-04-21 17:46:06,608 [INFO] PluginManage:359 - Loaded plugin filemanager (category:base,tabindex:10)
2023-04-21 17:46:06,608 [INFO] PluginManage:310 - Check plugin ipmanager
2023-04-21 17:46:06,634 [INFO] PluginManage:359 - Loaded plugin ipmanager (category:base,tabindex:5)
2023-04-21 17:46:06,634 [INFO] PluginManage:310 - Check plugin lpbam
2023-04-21 17:46:06,679 [INFO] PluginManage:359 - Loaded plugin lpbam (category:base,tabindex:0)
2023-04-21 17:46:06,679 [INFO] PluginManage:310 - Check plugin pinoutandconfiguration
2023-04-21 17:46:06,709 [INFO] PluginManage:359 - Loaded plugin pinoutandconfiguration (category:base,tabindex:1)
2023-04-21 17:46:06,709 [INFO] PluginManage:310 - Check plugin pinoutconfig
2023-04-21 17:46:06,899 [WARN] SupportedApi:132 - Cannot load RTOS API schema: s4s-elt-must-match.1: The content of 'definitions' must match (annotation?, (simpleType | complexType)?, (unique | key | keyref)*)). A problem was found starting at: attribute.
2023-04-21 17:46:07,208 [INFO] PluginManage:359 - Loaded plugin pinoutconfig (category:base,tabindex:0)
2023-04-21 17:46:07,208 [INFO] PluginManage:310 - Check plugin power
2023-04-21 17:46:07,248 [INFO] PluginManage:359 - Loaded plugin power (category:power,tabindex:4)
2023-04-21 17:46:07,248 [INFO] PluginManage:310 - Check plugin projectmanager
2023-04-21 17:46:07,302 [INFO] PluginManage:359 - Loaded plugin projectmanager (category:projectmanager,tabindex:3)
2023-04-21 17:46:07,303 [INFO] PluginManage:310 - Check plugin thirdparty
2023-04-21 17:46:07,758 [WARN] IntegrityCheckThread:84 - waiting for thirdparty lock release [integrity check]
2023-04-21 17:46:07,769 [INFO] PluginManage:359 - Loaded plugin thirdparty (category:base,tabindex:-1)
2023-04-21 17:46:07,769 [INFO] IntegrityCheckThread:86 - entering critical section [integrity check]
2023-04-21 17:46:07,769 [INFO] PluginManage:310 - Check plugin tools
2023-04-21 17:46:07,773 [INFO] ThirdPartyUpdaterWithRetryManager:70 - Updater plugin not ready yet. [1/15]
2023-04-21 17:46:07,818 [INFO] PluginManage:359 - Loaded plugin tools (category:base,tabindex:7)
2023-04-21 17:46:07,818 [INFO] PluginManage:310 - Check plugin tutovideos
2023-04-21 17:46:08,310 [INFO] PluginManage:359 - Loaded plugin tutovideos (category:base,tabindex:-1)
2023-04-21 17:46:08,320 [INFO] PluginManage:310 - Check plugin updater
2023-04-21 17:46:08,380 [INFO] PluginManage:359 - Loaded plugin updater (category:base,tabindex:12)
2023-04-21 17:46:08,381 [INFO] PluginManage:283 - PluginManage : Loaded plugins [15]
2023-04-21 17:46:09,275 [INFO] PinOutPanel:1499 - setPackage(No Configuration,No Configuration)
2023-04-21 17:46:09,451 [INFO] CADModel:165 - CPN selected for project level
2023-04-21 17:46:09,451 [INFO] CADModel:114 - Register for checkConnection events
2023-04-21 17:46:09,521 [INFO] IPUIPlugin:80 - create IPUIPlugin
2023-04-21 17:46:09,525 [INFO] PluginManager:220 - loadIPPluginJar : add adc
2023-04-21 17:46:09,588 [INFO] IPUIPlugin:80 - create IPUIPlugin
2023-04-21 17:46:09,588 [INFO] PluginManager:220 - loadIPPluginJar : add aes
2023-04-21 17:46:09,671 [INFO] IPUIPlugin:80 - create IPUIPlugin
2023-04-21 17:46:09,671 [INFO] PluginManager:220 - loadIPPluginJar : add can
2023-04-21 17:46:09,720 [INFO] IPUIPlugin:80 - create IPUIPlugin
2023-04-21 17:46:09,721 [INFO] PluginManager:220 - loadIPPluginJar : add comp
2023-04-21 17:46:09,825 [INFO] IPUIPlugin:80 - create IPUIPlugin
2023-04-21 17:46:09,825 [INFO] PluginManager:220 - loadIPPluginJar : add cryp
2023-04-21 17:46:09,874 [INFO] IPUIPlugin:80 - create IPUIPlugin
2023-04-21 17:46:09,874 [INFO] PluginManager:220 - loadIPPluginJar : add dfsdm
2023-04-21 17:46:09,903 [INFO] IPUIPlugin:80 - create IPUIPlugin
2023-04-21 17:46:09,903 [INFO] PluginManager:220 - loadIPPluginJar : add dma
2023-04-21 17:46:09,986 [INFO] IPUIPlugin:80 - create IPUIPlugin
2023-04-21 17:46:09,986 [INFO] PluginManager:220 - loadIPPluginJar : add dma3
2023-04-21 17:46:10,032 [INFO] IPUIPlugin:80 - create IPUIPlugin
2023-04-21 17:46:10,032 [INFO] PluginManager:220 - loadIPPluginJar : add fatfs
2023-04-21 17:46:10,120 [INFO] IPUIPlugin:80 - create IPUIPlugin
2023-04-21 17:46:10,130 [INFO] PluginManager:220 - loadIPPluginJar : add fmc
2023-04-21 17:46:10,165 [INFO] IPUIPlugin:80 - create IPUIPlugin
2023-04-21 17:46:10,165 [INFO] PluginManager:220 - loadIPPluginJar : add freertos
2023-04-21 17:46:10,204 [INFO] IPUIPlugin:80 - create IPUIPlugin
2023-04-21 17:46:10,204 [INFO] PluginManager:220 - loadIPPluginJar : add genericplugin
2023-04-21 17:46:10,381 [INFO] IPUIPlugin:80 - create IPUIPlugin
2023-04-21 17:46:10,381 [INFO] PluginManager:220 - loadIPPluginJar : add gfxmmu
2023-04-21 17:46:10,629 [INFO] IPUIPlugin:80 - create IPUIPlugin
2023-04-21 17:46:10,629 [INFO] PluginManager:220 - loadIPPluginJar : add gic
2023-04-21 17:46:10,653 [INFO] IPUIPlugin:80 - create IPUIPlugin
2023-04-21 17:46:10,653 [INFO] PluginManager:220 - loadIPPluginJar : add gpio
2023-04-21 17:46:10,780 [INFO] ThirdPartyUpdaterWithRetryManager:70 - Updater plugin not ready yet. [2/15]
2023-04-21 17:46:10,802 [INFO] IPUIPlugin:80 - create IPUIPlugin
2023-04-21 17:46:10,802 [INFO] PluginManager:220 - loadIPPluginJar : add gtzc
2023-04-21 17:46:10,853 [INFO] IPUIPlugin:80 - create IPUIPlugin
2023-04-21 17:46:10,853 [INFO] PluginManager:220 - loadIPPluginJar : add hash
2023-04-21 17:46:10,951 [INFO] IPUIPlugin:80 - create IPUIPlugin
2023-04-21 17:46:10,951 [INFO] PluginManager:220 - loadIPPluginJar : add i2c
2023-04-21 17:46:11,018 [INFO] IPUIPlugin:80 - create IPUIPlugin
2023-04-21 17:46:11,018 [INFO] PluginManager:220 - loadIPPluginJar : add i2s
2023-04-21 17:46:11,069 [INFO] IPUIPlugin:80 - create IPUIPlugin
2023-04-21 17:46:11,069 [INFO] PluginManager:220 - loadIPPluginJar : add i3c
2023-04-21 17:46:11,245 [INFO] IPUIPlugin:80 - create IPUIPlugin
2023-04-21 17:46:11,245 [INFO] PluginManager:220 - loadIPPluginJar : add ipddr
2023-04-21 17:46:11,400 [INFO] IPUIPlugin:80 - create IPUIPlugin
2023-04-21 17:46:11,400 [INFO] PluginManager:220 - loadIPPluginJar : add linkedlist
2023-04-21 17:46:11,450 [INFO] IPUIPlugin:80 - create IPUIPlugin
2023-04-21 17:46:11,450 [INFO] PluginManager:220 - loadIPPluginJar : add lorawan
2023-04-21 17:46:11,501 [INFO] IPUIPlugin:80 - create IPUIPlugin
2023-04-21 17:46:11,501 [INFO] PluginManager:220 - loadIPPluginJar : add ltdc
2023-04-21 17:46:11,535 [INFO] IPUIPlugin:80 - create IPUIPlugin
2023-04-21 17:46:11,535 [INFO] PluginManager:220 - loadIPPluginJar : add mdma
2023-04-21 17:46:11,559 [INFO] IPUIPlugin:80 - create IPUIPlugin
2023-04-21 17:46:11,567 [INFO] PluginManager:220 - loadIPPluginJar : add nvic
2023-04-21 17:46:11,634 [INFO] IPUIPlugin:80 - create IPUIPlugin
2023-04-21 17:46:11,634 [INFO] PluginManager:220 - loadIPPluginJar : add opamp
2023-04-21 17:46:11,761 [INFO] IPUIPlugin:80 - create IPUIPlugin
2023-04-21 17:46:11,766 [INFO] PluginManager:220 - loadIPPluginJar : add openamp
2023-04-21 17:46:11,851 [INFO] IPUIPlugin:80 - create IPUIPlugin
2023-04-21 17:46:11,851 [INFO] PluginManager:220 - loadIPPluginJar : add pdm2pcm
2023-04-21 17:46:11,883 [INFO] IPUIPlugin:80 - create IPUIPlugin
2023-04-21 17:46:11,893 [INFO] PluginManager:220 - loadIPPluginJar : add plateformsettings
2023-04-21 17:46:11,934 [INFO] IPUIPlugin:80 - create IPUIPlugin
2023-04-21 17:46:11,935 [INFO] PluginManager:220 - loadIPPluginJar : add quadspi
2023-04-21 17:46:11,951 [INFO] IPUIPlugin:80 - create IPUIPlugin
2023-04-21 17:46:11,951 [INFO] PluginManager:220 - loadIPPluginJar : add resmgrutility
2023-04-21 17:46:12,047 [INFO] IPUIPlugin:80 - create IPUIPlugin
2023-04-21 17:46:12,048 [INFO] PluginManager:220 - loadIPPluginJar : add sai
2023-04-21 17:46:12,116 [INFO] IPUIPlugin:80 - create IPUIPlugin
2023-04-21 17:46:12,116 [INFO] PluginManager:220 - loadIPPluginJar : add spi
2023-04-21 17:46:12,194 [INFO] IPUIPlugin:80 - create IPUIPlugin
2023-04-21 17:46:12,199 [INFO] PluginManager:220 - loadIPPluginJar : add stm32_wpan
2023-04-21 17:46:12,227 [INFO] IPUIPlugin:80 - create IPUIPlugin
2023-04-21 17:46:12,227 [INFO] PluginManager:220 - loadIPPluginJar : add tim
2023-04-21 17:46:12,311 [INFO] IPUIPlugin:80 - create IPUIPlugin
2023-04-21 17:46:12,311 [INFO] PluginManager:220 - loadIPPluginJar : add touchsensing
2023-04-21 17:46:12,349 [INFO] IPUIPlugin:80 - create IPUIPlugin
2023-04-21 17:46:12,350 [INFO] PluginManager:220 - loadIPPluginJar : add tracer_emb
2023-04-21 17:46:12,377 [INFO] IPUIPlugin:80 - create IPUIPlugin
2023-04-21 17:46:12,377 [INFO] PluginManager:220 - loadIPPluginJar : add ts
2023-04-21 17:46:12,410 [INFO] IPUIPlugin:80 - create IPUIPlugin
2023-04-21 17:46:12,410 [INFO] PluginManager:220 - loadIPPluginJar : add tsc
2023-04-21 17:46:12,443 [INFO] IPUIPlugin:80 - create IPUIPlugin
2023-04-21 17:46:12,443 [INFO] PluginManager:220 - loadIPPluginJar : add ucpd
2023-04-21 17:46:12,516 [INFO] IPUIPlugin:80 - create IPUIPlugin
2023-04-21 17:46:12,516 [INFO] PluginManager:220 - loadIPPluginJar : add usart
2023-04-21 17:46:12,577 [INFO] IPUIPlugin:80 - create IPUIPlugin
2023-04-21 17:46:12,577 [INFO] PluginManager:220 - loadIPPluginJar : add usbx
2023-04-21 17:46:12,789 [INFO] CADModel:165 - CPN selected for project level
2023-04-21 17:46:12,789 [INFO] CADModel:114 - Register for checkConnection events
2023-04-21 17:46:12,789 [FATAL] Updater:308 - Updater called before beeing initialized
2023-04-21 17:46:12,790 [ERROR] CADModel:125 - Updater not yet initialized, retry later 
2023-04-21 17:46:13,097 [INFO] CADModel:165 - CPN selected for project level
2023-04-21 17:46:13,098 [INFO] CADModel:114 - Register for checkConnection events
2023-04-21 17:46:13,098 [FATAL] Updater:308 - Updater called before beeing initialized
2023-04-21 17:46:13,098 [ERROR] CADModel:125 - Updater not yet initialized, retry later 
2023-04-21 17:46:13,098 [FATAL] Updater:308 - Updater called before beeing initialized
2023-04-21 17:46:13,431 [FATAL] Updater:308 - Updater called before beeing initialized
2023-04-21 17:46:13,458 [INFO] DbMcusAds:53 - JSON generation date=Tue Mar 07 14:50:55 ALMT 2023 (1678179055114)
2023-04-21 17:46:13,458 [FATAL] Updater:308 - Updater called before beeing initialized
2023-04-21 17:46:13,612 [WARN] DetailPanel:346 - Failed to get advertising image, set to default
2023-04-21 17:46:13,790 [INFO] ThirdPartyUpdaterWithRetryManager:70 - Updater plugin not ready yet. [3/15]
2023-04-21 17:46:13,831 [FATAL] Updater:308 - Updater called before beeing initialized
2023-04-21 17:46:13,831 [FATAL] Updater:308 - Updater called before beeing initialized
2023-04-21 17:46:13,831 [FATAL] Updater:308 - Updater called before beeing initialized
2023-04-21 17:46:13,831 [WARN] DetailPanel:346 - Failed to get advertising image, set to default
2023-04-21 17:46:13,831 [FATAL] Updater:308 - Updater called before beeing initialized
2023-04-21 17:46:13,963 [ERROR] Updater:1120 - MainUpdater not yet initialized. External WinMGr cannot be set.
2023-04-21 17:46:13,979 [INFO] Updater:1056 - Updater Version found : 6.8.0
2023-04-21 17:46:14,013 [INFO] ApplicationProperties:184 - Using Application install path: C:\ST\STM32CubeIDE_1.10.0\STM32CubeIDE\plugins\com.st.stm32cube.common.mx_6.8.0.202302231600
2023-04-21 17:46:14,830 [INFO] MainUpdater:2854 - connection check result : 10
2023-04-21 17:46:14,831 [INFO] MainUpdater:3548 - Updater definition file requires update
2023-04-21 17:46:14,833 [INFO] MainUpdater:283 - Updater Check For Update Now.
2023-04-21 17:46:14,838 [INFO] MicroXplorer:498 - Change Database Version : DB.6.0.80
2023-04-21 17:46:15,744 [INFO] ServerAccessManage:473 - Download File updaters.zip
2023-04-21 17:46:16,294 [INFO] FileExtend:240 - Unzip File : updaters.zip
2023-04-21 17:46:16,294 [INFO] FileExtend:255 - Standard Zip Deflate
2023-04-21 17:46:16,826 [WARN] MainUpdater:1187 - Updater busy. Cannot search thirdparties
2023-04-21 17:46:16,834 [INFO] ThirdPartyUpdaterWithRetryManager:96 - Updater plugin is busy. [1/15]
2023-04-21 17:46:17,390 [INFO] ServerAccessManage:473 - Download File PacksControlFlags.xml
2023-04-21 17:46:17,614 [INFO] ServerAccessManage:473 - Download File cubemx.pidx
2023-04-21 17:46:18,758 [INFO] ServerAccessManage:473 - Download File STMicroelectronics.FP-ATR-ASTRA1.pdsc
2023-04-21 17:46:19,887 [WARN] MainUpdater:1187 - Updater busy. Cannot search thirdparties
2023-04-21 17:46:19,887 [INFO] ThirdPartyUpdaterWithRetryManager:96 - Updater plugin is busy. [2/15]
2023-04-21 17:46:20,250 [INFO] ServerAccessManage:473 - Download File STMicroelectronics.X-CUBE-FREERTOS.pdsc
2023-04-21 17:46:21,441 [INFO] ServerAccessManage:473 - Download File STMicroelectronics.X-CUBE-SMBUS.pdsc
2023-04-21 17:46:21,805 [ERROR] ServerAccessManage:1089 - Problem, file not found on Server
2023-04-21 17:46:22,234 [INFO] ServerAccessManage:473 - Download File STMicroelectronics.X-CUBE-AZRTOS-H7.pdsc
2023-04-21 17:46:22,893 [WARN] MainUpdater:1187 - Updater busy. Cannot search thirdparties
2023-04-21 17:46:22,893 [INFO] ThirdPartyUpdaterWithRetryManager:96 - Updater plugin is busy. [3/15]
2023-04-21 17:46:23,917 [WARN] PackLoader:240 - Cannot read IP mode file for STMicroelectronics.FP-ATR-ASTRA1.2.0.0
2023-04-21 17:46:23,938 [WARN] PackLoader:240 - Cannot read IP mode file for STMicroelectronics.X-CUBE-FREERTOS.1.0.1
2023-04-21 17:46:23,960 [WARN] PackLoader:240 - Cannot read IP mode file for STMicroelectronics.X-CUBE-SMBUS.2.1.0
2023-04-21 17:46:24,051 [WARN] ConditionMgr:438 - getConditionDescription Invalid condition id : UX DEVICE CLASS RTOS Condition cause : null
2023-04-21 17:46:24,051 [WARN] ConditionMgr:438 - getConditionDescription Invalid condition id : UX DEVICE CLASS RTOS Condition cause : null
2023-04-21 17:46:24,077 [WARN] PackLoader:240 - Cannot read IP mode file for STMicroelectronics.X-CUBE-AZRTOS-H7.3.1.0
2023-04-21 17:46:24,114 [WARN] ConditionMgr:1039 - genDependencies : Invalid condition id : UX DEVICE CLASS RTOS Condition cause : null
2023-04-21 17:46:24,114 [WARN] ConditionMgr:1039 - genDependencies : Invalid condition id : UX DEVICE CLASS RTOS Condition cause : null
2023-04-21 17:46:24,124 [WARN] ConditionMgr:1039 - genDependencies : Invalid condition id : UX DEVICE CLASS RTOS Condition cause : null
2023-04-21 17:46:24,124 [WARN] ConditionMgr:1039 - genDependencies : Invalid condition id : UX DEVICE CLASS RTOS Condition cause : null
2023-04-21 17:46:24,124 [WARN] ConditionMgr:1039 - genDependencies : Invalid condition id : UX DEVICE CLASS RTOS Condition cause : null
2023-04-21 17:46:24,133 [INFO] PopulateThirdPartyThread:66 - Ending populate Thread
2023-04-21 17:46:24,143 [INFO] ThirdParty:1030 - CMSIS Pack Vendor :STMicroelectronics FP-ATR-ASTRA1 2.0.0
2023-04-21 17:46:24,143 [INFO] ThirdParty:1030 - CMSIS Pack Vendor :STMicroelectronics X-CUBE-FREERTOS 1.0.1
2023-04-21 17:46:24,143 [INFO] ThirdParty:1030 - CMSIS Pack Vendor :STMicroelectronics X-CUBE-SMBUS 2.1.0
2023-04-21 17:46:24,143 [INFO] ThirdParty:1030 - CMSIS Pack Vendor :STMicroelectronics X-CUBE-AZRTOS-H7 3.1.0
2023-04-21 17:46:24,143 [INFO] LoadServerUpdatesThread:373 - End of LoadServerUpdate Thread
2023-04-21 17:46:24,155 [INFO] CheckServerUpdateThread:120 - End of CheckServer Thread
2023-04-21 17:46:24,275 [INFO] MainUpdater:2854 - connection check result : 10
2023-04-21 17:46:24,284 [INFO] MainUpdater:2854 - connection check result : 10
2023-04-21 17:46:24,620 [INFO] MicroXplorer:468 - Change Database Path : 
2023-04-21 17:46:24,620 [INFO] MicroXplorer:498 - Change Database Version : DB.6.0.80
2023-04-21 17:46:24,625 [WARN] ThirdParty:871 - waiting for thirdparty lock release [close project]
2023-04-21 17:46:26,282 [WARN] PackLoader:240 - Cannot read IP mode file for STMicroelectronics.X-CUBE-GNSS1.6.0.0
2023-04-21 17:46:26,348 [WARN] PackLoader:240 - Cannot read IP mode file for STMicroelectronics.X-CUBE-AZRTOS-F4.1.1.0
2023-04-21 17:46:26,380 [WARN] PackLoader:240 - Cannot read IP mode file for STMicroelectronics.X-CUBE-SMBUS.2.1.0
2023-04-21 17:46:26,444 [WARN] PackLoader:240 - Cannot read IP mode file for STMicroelectronics.X-CUBE-AZRTOS-F7.1.1.0
2023-04-21 17:46:26,486 [WARN] PackLoader:240 - Cannot read IP mode file for STMicroelectronics.X-CUBE-BLE1.6.2.4
2023-04-21 17:46:26,523 [WARN] PackLoader:240 - Cannot read IP mode file for emotas.I-CUBE-CANOPEN.1.1.3
2023-04-21 17:46:26,558 [WARN] PackLoader:240 - Cannot read IP mode file for STMicroelectronics.X-CUBE-BLEMGR.2.0.0
2023-04-21 17:46:26,596 [WARN] PackLoader:240 - Cannot read IP mode file for STMicroelectronics.X-CUBE-NFC4.2.0.5
2023-04-21 17:46:26,641 [WARN] ConditionMgr:438 - getConditionDescription Invalid condition id : UX DEVICE CLASS RTOS Condition cause : null
2023-04-21 17:46:26,642 [WARN] ConditionMgr:438 - getConditionDescription Invalid condition id : UX DEVICE CLASS RTOS Condition cause : null
2023-04-21 17:46:26,651 [WARN] PackLoader:240 - Cannot read IP mode file for STMicroelectronics.X-CUBE-AZRTOS-H7.3.1.0
2023-04-21 17:46:26,654 [WARN] ConditionMgr:1039 - genDependencies : Invalid condition id : UX DEVICE CLASS RTOS Condition cause : null
2023-04-21 17:46:26,654 [WARN] ConditionMgr:1039 - genDependencies : Invalid condition id : UX DEVICE CLASS RTOS Condition cause : null
2023-04-21 17:46:26,655 [WARN] ConditionMgr:1039 - genDependencies : Invalid condition id : UX DEVICE CLASS RTOS Condition cause : null
2023-04-21 17:46:26,656 [WARN] ConditionMgr:1039 - genDependencies : Invalid condition id : UX DEVICE CLASS RTOS Condition cause : null
2023-04-21 17:46:26,657 [WARN] ConditionMgr:1039 - genDependencies : Invalid condition id : UX DEVICE CLASS RTOS Condition cause : null
2023-04-21 17:46:26,709 [WARN] PackLoader:240 - Cannot read IP mode file for wolfSSL.I-CUBE-wolfSSL.5.1.1
2023-04-21 17:46:26,904 [WARN] PackLoader:240 - Cannot read IP mode file for STMicroelectronics.X-CUBE-DISPLAY.3.0.0
2023-04-21 17:46:27,012 [WARN] PackLoader:240 - Cannot read IP mode file for wolfSSL.I-CUBE-wolfSSL.5.5.3
2023-04-21 17:46:27,244 [WARN] PackLoader:240 - Cannot read IP mode file for STMicroelectronics.X-CUBE-NFC7.1.0.0
2023-04-21 17:46:27,270 [WARN] PackLoader:240 - Cannot read IP mode file for STMicroelectronics.X-CUBE-EEPRMA1.4.1.0
2023-04-21 17:46:27,304 [WARN] PackLoader:240 - Cannot read IP mode file for WES.I-CUBE-Cesium.1.3.0
2023-04-21 17:46:27,345 [WARN] PackLoader:240 - Cannot read IP mode file for STMicroelectronics.X-CUBE-SFXS2LP1.4.0.0
2023-04-21 17:46:27,462 [WARN] PackLoader:240 - Cannot read IP mode file for STMicroelectronics.X-CUBE-BLE2.3.3.0
2023-04-21 17:46:27,501 [WARN] PackLoader:240 - Cannot read IP mode file for STMicroelectronics.X-CUBE-DISPLAY.2.2.0
2023-04-21 17:46:27,615 [WARN] PackLoader:240 - Cannot read IP mode file for STMicroelectronics.X-CUBE-TOF1.3.2.0
2023-04-21 17:46:27,770 [WARN] PackLoader:240 - Cannot read IP mode file for STMicroelectronics.X-CUBE-AZRTOS-H7.3.0.0
2023-04-21 17:46:27,846 [WARN] PackLoader:240 - Cannot read IP mode file for STMicroelectronics.X-CUBE-ISPU.1.1.0
2023-04-21 17:46:27,922 [WARN] PackLoader:240 - Cannot read IP mode file for RoweBots.I-CUBE-UNISONRTOS.5.5.0-4
2023-04-21 17:46:27,993 [WARN] PackLoader:240 - Cannot read IP mode file for STMicroelectronics.X-CUBE-AI.8.0.0
2023-04-21 17:46:28,075 [WARN] PackLoader:240 - Cannot read IP mode file for STMicroelectronics.X-CUBE-FREERTOS.1.0.0
2023-04-21 17:46:28,085 [WARN] PackLoader:240 - Cannot read IP mode file for STMicroelectronics.X-CUBE-FREERTOS.1.0.1
2023-04-21 17:46:28,142 [WARN] PackLoader:240 - Cannot read IP mode file for STMicroelectronics.X-CUBE-TOUCHGFX.4.21.1
2023-04-21 17:46:28,202 [WARN] PackLoader:240 - Cannot read IP mode file for STMicroelectronics.X-CUBE-TOUCHGFX.4.21.0
2023-04-21 17:46:28,301 [WARN] PackLoader:240 - Cannot read IP mode file for STMicroelectronics.X-CUBE-TOUCHGFX.4.21.3
2023-04-21 17:46:28,545 [WARN] PackLoader:240 - Cannot read IP mode file for STMicroelectronics.X-CUBE-MEMS1.9.4.0
2023-04-21 17:46:29,000 [WARN] PackLoader:240 - Cannot read IP mode file for STMicroelectronics.X-CUBE-AI.7.3.0
2023-04-21 17:46:29,069 [WARN] PackLoader:240 - Cannot read IP mode file for STMicroelectronics.X-CUBE-ALGOBUILD.1.3.0
2023-04-21 17:46:29,120 [WARN] PackLoader:240 - Cannot read IP mode file for STMicroelectronics.X-CUBE-AZRTOS-L5.1.1.0
2023-04-21 17:46:29,222 [WARN] PackLoader:240 - Cannot read IP mode file for STMicroelectronics.X-CUBE-AZRTOS-G0.1.1.0
2023-04-21 17:46:29,280 [WARN] PackLoader:240 - Cannot read IP mode file for STMicroelectronics.X-CUBE-SUBG2.5.0.0
2023-04-21 17:46:29,328 [WARN] PackLoader:240 - Cannot read IP mode file for STMicroelectronics.X-CUBE-NFC4.3.0.0
2023-04-21 17:46:29,422 [WARN] PackLoader:240 - Cannot read IP mode file for STMicroelectronics.X-CUBE-TOF1.3.3.0
2023-04-21 17:46:29,470 [WARN] PackLoader:240 - Cannot read IP mode file for STMicroelectronics.FP-ATR-ASTRA1.1.1.1
2023-04-21 17:46:29,494 [WARN] PackLoader:240 - Cannot read IP mode file for STMicroelectronics.X-CUBE-BLEMGR.1.3.0
2023-04-21 17:46:29,566 [WARN] PackLoader:240 - Cannot read IP mode file for STMicroelectronics.X-CUBE-AZRTOS-G4.1.0.0
2023-04-21 17:46:29,581 [WARN] PackLoader:240 - Cannot read IP mode file for STMicroelectronics.FP-ATR-SIGFOX1.3.2.0
2023-04-21 17:46:29,651 [WARN] PackLoader:240 - Cannot read IP mode file for STMicroelectronics.X-CUBE-AZRTOS-L4.1.0.0
2023-04-21 17:46:29,713 [WARN] PackLoader:240 - Cannot read IP mode file for STMicroelectronics.X-CUBE-AZRTOS-WL.1.0.0
2023-04-21 17:46:29,738 [WARN] PackLoader:240 - Cannot read IP mode file for portGmbH.I-Cube-SoM-uGOAL.1.1.0
2023-04-21 17:46:29,762 [WARN] PackLoader:240 - Cannot read IP mode file for STMicroelectronics.X-CUBE-ALS.1.0.1
2023-04-21 17:46:29,908 [WARN] PackLoader:240 - Cannot read IP mode file for STMicroelectronics.X-CUBE-MEMS1.9.5.0
2023-04-21 17:46:30,240 [WARN] PackLoader:240 - Cannot read IP mode file for STMicroelectronics.X-CUBE-AZRTOS-WB.1.1.0
2023-04-21 17:46:30,322 [WARN] PackLoader:240 - Cannot read IP mode file for SEGGER.I-CUBE-embOS.1.3.1
2023-04-21 17:46:30,600 [WARN] PackLoader:240 - Cannot read IP mode file for SEGGER.I-CUBE-embOS.1.3.0
2023-04-21 17:46:30,692 [WARN] PackLoader:240 - Cannot read IP mode file for STMicroelectronics.FP-ATR-ASTRA1.2.0.0
2023-04-21 17:46:30,696 [INFO] ThirdParty:978 - Integrity check success = true
2023-04-21 17:46:30,696 [INFO] IntegrityCheckThread:100 - exiting critical section [integrity check]
2023-04-21 17:46:30,696 [INFO] IntegrityCheckThread:103 - End integrity checks thread
2023-04-21 17:46:30,696 [INFO] ThirdParty:873 - entering critical section [close project]
2023-04-21 17:46:30,699 [INFO] ThirdParty:883 - exiting critical section [close project]
2023-04-21 17:46:30,706 [INFO] PinOutPanel:1499 - setPackage(No Configuration,No Configuration)
2023-04-21 17:46:30,718 [INFO] UtilMem:75 - Begin LoadConfig() Used Memory: 495108784 Bytes (630194176)
2023-04-21 17:46:33,972 [INFO] MicroXplorer:468 - Change Database Path : 
2023-04-21 17:46:33,972 [INFO] MicroXplorer:498 - Change Database Version : DB.6.0.80
2023-04-21 17:46:33,973 [INFO] OpenFileManager:308 - Change cursor
2023-04-21 17:46:34,161 [INFO] Mcu:1937 - Initializing MCU STM32F103C(8-B)Tx STM32F103C8Tx STM32F103C8T6
2023-04-21 17:46:36,499 [INFO] Context:659 - Trying to add GPIOservice into a context  which must be forbidden
2023-04-21 17:46:38,005 [INFO] RtosManager:555 - Registered RTOS mode: class=CMSIS, group=RTOS, mode=CMSIS_V1, owner=FREERTOS
2023-04-21 17:46:38,005 [INFO] RtosManager:555 - Registered RTOS mode: class=CMSIS, group=RTOS2, mode=CMSIS_V2, owner=FREERTOS
2023-04-21 17:46:38,005 [INFO] RtosManager:555 - Registered RTOS mode: class=RTOS, group=Core, mode=CMSIS_V1, owner=FREERTOS
2023-04-21 17:46:38,005 [INFO] RtosManager:555 - Registered RTOS mode: class=RTOS, group=Core, mode=CMSIS_V2, owner=FREERTOS
2023-04-21 17:46:38,005 [WARN] ModelIntegratedComponent:184 - Missing modes for component STMicroelectronics:FreeRTOS:0.0.1:STMicroelectronics:RTOS:FreeRTOS:Core:::10.2.0:
2023-04-21 17:46:38,051 [WARN] ModelIntegratedComponent:63 - No mode defined for component null
2023-04-21 17:46:38,051 [WARN] ModelIntegratedComponent:63 - No mode defined for component null
2023-04-21 17:46:38,051 [WARN] ModelIntegratedComponent:63 - No mode defined for component null
2023-04-21 17:46:38,051 [WARN] ModelIntegratedComponent:63 - No mode defined for component null
2023-04-21 17:46:38,051 [WARN] ModelIntegratedComponent:63 - No mode defined for component null
2023-04-21 17:46:38,051 [WARN] ModelIntegratedComponent:63 - No mode defined for component null
2023-04-21 17:46:38,052 [WARN] ModelIntegratedComponent:63 - No mode defined for component null
2023-04-21 17:46:38,052 [WARN] ModelIntegratedComponent:63 - No mode defined for component null
2023-04-21 17:46:38,052 [WARN] ModelIntegratedComponent:63 - No mode defined for component null
2023-04-21 17:46:38,052 [WARN] ModelIntegratedComponent:63 - No mode defined for component null
2023-04-21 17:46:38,052 [WARN] ModelIntegratedComponent:63 - No mode defined for component null
2023-04-21 17:46:38,052 [WARN] ModelIntegratedComponent:63 - No mode defined for component null
2023-04-21 17:46:38,052 [WARN] ModelIntegratedComponent:63 - No mode defined for component null
2023-04-21 17:46:38,052 [WARN] ModelIntegratedComponent:63 - No mode defined for component null
2023-04-21 17:46:38,052 [WARN] ModelIntegratedComponent:63 - No mode defined for component null
2023-04-21 17:46:38,052 [WARN] ModelIntegratedComponent:63 - No mode defined for component null
2023-04-21 17:46:38,053 [WARN] ModelIntegratedComponent:63 - No mode defined for component null
2023-04-21 17:46:38,053 [WARN] ModelIntegratedComponent:63 - No mode defined for component null
2023-04-21 17:46:38,053 [WARN] ModelIntegratedComponent:63 - No mode defined for component null
2023-04-21 17:46:38,053 [WARN] ModelIntegratedComponent:63 - No mode defined for component null
2023-04-21 17:46:38,053 [WARN] ModelIntegratedComponent:63 - No mode defined for component null
2023-04-21 17:46:38,053 [WARN] ModelIntegratedComponent:63 - No mode defined for component null
2023-04-21 17:46:38,054 [WARN] ModelIntegratedComponent:63 - No mode defined for component null
2023-04-21 17:46:38,054 [WARN] ModelIntegratedComponent:63 - No mode defined for component null
2023-04-21 17:46:38,054 [WARN] ModelIntegratedComponent:63 - No mode defined for component null
2023-04-21 17:46:38,054 [WARN] ModelIntegratedComponent:63 - No mode defined for component null
2023-04-21 17:46:38,054 [WARN] ModelIntegratedComponent:63 - No mode defined for component null
2023-04-21 17:46:38,054 [WARN] ModelIntegratedComponent:63 - No mode defined for component null
2023-04-21 17:46:38,055 [WARN] ModelIntegratedComponent:63 - No mode defined for component null
2023-04-21 17:46:38,055 [WARN] ModelIntegratedComponent:63 - No mode defined for component null
2023-04-21 17:46:38,055 [WARN] ModelIntegratedComponent:63 - No mode defined for component null
2023-04-21 17:46:38,055 [WARN] ModelIntegratedComponent:63 - No mode defined for component null
2023-04-21 17:46:38,055 [WARN] ModelIntegratedComponent:63 - No mode defined for component null
2023-04-21 17:46:38,336 [INFO] ThirdPartyModel:298 - Start build external matchings
2023-04-21 17:46:39,216 [INFO] ThirdPartyModel:316 - End build external matchings
2023-04-21 17:46:39,252 [INFO] ImportTextPane:194 - (OptionalMessage_ERROR) IP (RCC) : Parameter (ADCFreqValue) has invalid value (36000000)
2023-04-21 17:46:39,253 [INFO] ImportTextPane:194 - (OptionalMessage_ERROR) IP (RCC) : Invalid parameter (FamilyName)
2023-04-21 17:46:39,253 [INFO] ImportTextPane:194 - (OptionalMessage_ERROR) IP (RCC) : Parameter (MCOFreq_Value) has invalid value (72000000)
2023-04-21 17:46:39,257 [INFO] ImportTextPane:194 - (OptionalMessage_ERROR) IP (RCC) : Parameter (USBFreq_Value) has invalid value (72000000)
2023-04-21 17:46:39,700 [INFO] UtilMem:75 - End LoadConfig() Used Memory: 522919272 Bytes (630194176)
2023-04-21 17:46:39,981 [INFO] ApiDb:581 - Connected to CubeFinder SQLite database (C:\Users\User\.stmcufinder\plugins\mcufinder\mcu\cube-finder-db.db)
2023-04-21 17:46:40,171 [INFO] ApiDb:668 - CubeFinder database Data Model version=2.1
2023-04-21 17:46:40,171 [INFO] ApiDb:669 - CubeFinder database Configuration version=3.0.35
2023-04-21 17:46:40,171 [INFO] ApiDb:670 - CubeFinder database generation date=2023-03-10 (1678456172)
2023-04-21 17:46:40,171 [INFO] ApiDb:671 - CubeFinder database FW Pack versions=[FP-ATR-ASTRA1_V1.1.1, STM32Cube_FW_C0_V1.0.1, STM32Cube_FW_F0_V1.11.4, STM32Cube_FW_F3_V1.11.4, STM32Cube_FW_F4_V1.27.1, STM32Cube_FW_F7_V1.17.0, STM32Cube_FW_G0_V1.6.1, STM32Cube_FW_G4_V1.5.1, STM32Cube_FW_H5_V0.5.1, STM32Cube_FW_H5_V1.0.0, STM32Cube_FW_H7_V1.11.0, STM32Cube_FW_L0_V1.12.2, STM32Cube_FW_L5_V1.5.0, STM32Cube_FW_U5_V1.2.0, STM32Cube_FW_WBA_V1.0.0, STM32Cube_FW_WBA_V1.0.0RC1, STM32Cube_FW_WBA_V1.0.0RC3, STM32Cube_FW_WB_V1.15.0RC1, STM32Cube_FW_WB_V1.16.0, STM32Cube_FW_WB_V1.16.0RC2, STM32Cube_FW_WL_V1.3.0, X-CUBE-ALGOBUILD_V1.3.0, X-CUBE-ALS_V1.0.1, X-CUBE-AZRTOS-F4_V1.1.0, X-CUBE-AZRTOS-F7_V1.1.0, X-CUBE-AZRTOS-G0_V1.1.0, X-CUBE-AZRTOS-G4_V1.0.0, X-CUBE-AZRTOS-H7_V3.0.0, X-CUBE-AZRTOS-L4_V1.0.0, X-CUBE-AZRTOS-L5_V1.1.0, X-CUBE-AZRTOS-WB_V1.1.0, X-CUBE-AZRTOS-WL_V1.0.0, X-CUBE-BLE1_V6.2.4, X-CUBE-BLE2_V3.3.0, X-CUBE-BLEMGR_V1.3.0, X-CUBE-EEPRMA1_V4.1.0, X-CUBE-GNSS1_V6.0.0, X-CUBE-MEMS1_V9.1.0, X-CUBE-MEMS1_V9.4.0, X-CUBE-MEMS1_V9.5.0, X-CUBE-NFC4_V3.0.0, X-CUBE-NFC7_V1.0.0, X-CUBE-SFXS2LP1_V4.0.0, X-CUBE-SUBG2_V5.0.0]
2023-04-21 17:46:45,164 [INFO] ApiDb:240 - Found 297 in-development CPN: [B-G473E-ZEST1S, B-WB1M-WPAN1, B-WL5M-SUBG1, NUCLEO-C031C6, NUCLEO-H503RB, NUCLEO-H563ZI, NUCLEO-U545RE-Q, NUCLEO-U5A5ZJ-Q, NUCLEO-WBA52CG, STEVAL-PROTEUS1, STEVAL-STWINBX1, STM320518-EVAL, STM32C0116-DK, STM32C011D6Y3TR, STM32C011D6Y6TR, STM32C011F4P3, STM32C011F4P6, STM32C011F4U3, STM32C011F4U6TR, STM32C011F6P3, STM32C011F6P6, STM32C011F6U3, STM32C011F6U6TR, STM32C011J4M3, STM32C011J4M6, STM32C011J6M3, STM32C011J6M6, STM32C0316-DK, STM32C031C4T3, STM32C031C4T6, STM32C031C4U3, STM32C031C4U6, STM32C031C6T3, STM32C031C6T6, STM32C031C6U3, STM32C031C6U6, STM32C031F4P3, STM32C031F4P6, STM32C031F6P3, STM32C031F6P6, STM32C031G4U3, STM32C031G4U6, STM32C031G6U3, STM32C031G6U6, STM32C031K4T3, STM32C031K4T6, STM32C031K4U3, STM32C031K4U6, STM32C031K6T3, STM32C031K6T6, STM32C031K6U3, STM32C031K6U6, STM32G071K8TXN, STM32G071K8UXN, STM32G081GBU6N, STM32G081KBT6N, STM32G081KBUXN, STM32G0B1CCT6N, STM32G0B1KCT6, STM32G0B1NEY6TR, STM32G0B1RCT6N, STM32G0C1CCT6, STM32G0C1CCT6N, STM32G0C1CCU6N, STM32G0C1CET6N, STM32G0C1CEU6N, STM32G0C1KCT6, STM32G0C1NEY6TR, STM32G0C1RCI6N, STM32G0C1RCT6N, STM32G0C1REI6N, STM32G0C1RET6N, STM32G0C1VCI6, STM32G0C1VEI6, STM32G471CCT6, STM32G471CCU6, STM32G471CET3, STM32G471CET6, STM32G471CEU3, STM32G471CEU6, STM32G471MCT6, STM32G471MET3, STM32G471MET6, STM32G471MEY6TR, STM32G471QCT6, STM32G471QET3, STM32G471RCT6, STM32G471RET3, STM32G471RET6, STM32G471VCH6, STM32G471VCI6, STM32G471VCT6, STM32G471VEH3, STM32G471VEH6, STM32G471VEI3, STM32G471VEI6, STM32G471VET3, STM32G471VET6, STM32G474CCT6, STM32H503CBT6, STM32H503CBU6, STM32H503EBY6TR, STM32H503KBU6, STM32H503RBT6, STM32H562AGI6, STM32H562AII6, STM32H562IGK6, STM32H562IGT6, STM32H562IIK6, STM32H562IIT6, STM32H562RGT6, STM32H562RGV6, STM32H562RIT6, STM32H562RIV6, STM32H562VGT6, STM32H562VIT6, STM32H562ZGT6, STM32H562ZIT6, STM32H563AGI6, STM32H563AII3Q, STM32H563AII6, STM32H563IGK6, STM32H563IGT6, STM32H563IIK3Q, STM32H563IIK6, STM32H563IIT3Q, STM32H563IIT6, STM32H563MIY3QTR, STM32H563RGT6, STM32H563RGV6, STM32H563RIT6, STM32H563RIV6, STM32H563VGT6, STM32H563VIT3Q, STM32H563VIT6, STM32H563ZGT6, STM32H563ZIT3Q, STM32H563ZIT6, STM32H573AII3Q, STM32H573AII6, STM32H573I-DK, STM32H573IIK3Q, STM32H573IIK6, STM32H573IIT3Q, STM32H573IIT6, STM32H573MIY3QTR, STM32H573RIT6, STM32H573RIV6, STM32H573VIT3Q, STM32H573VIT6, STM32H573ZIT3Q, STM32H573ZIT6, STM32L4R5QGI6STR, STM32MP131AAE3, STM32MP131AAF3, STM32MP131AAG3, STM32MP131CAE3, STM32MP131CAF3, STM32MP131CAG3, STM32MP131DAE7, STM32MP131DAF7, STM32MP131DAG7, STM32MP131FAE7, STM32MP131FAF7, STM32MP131FAG7, STM32MP133AAE3, STM32MP133AAF3, STM32MP133AAG3, STM32MP133CAE3, STM32MP133CAF3, STM32MP133CAG3, STM32MP133DAE7, STM32MP133DAF7, STM32MP133DAG7, STM32MP133FAE7, STM32MP133FAF7, STM32MP133FAG7, STM32MP135AAE3, STM32MP135AAF3, STM32MP135AAG3, STM32MP135CAE3, STM32MP135CAF3, STM32MP135CAG3, STM32MP135DAE7, STM32MP135DAF7, STM32MP135DAG7, STM32MP135F-DK, STM32MP135FAE7, STM32MP135FAF7, STM32MP135FAF7T, STM32MP135FAF7U, STM32MP135FAG7, STM32U535CBT6, STM32U535CBT6Q, STM32U535CBU6, STM32U535CBU6Q, STM32U535CCT6, STM32U535CCT6Q, STM32U535CCU6, STM32U535CCU6Q, STM32U535CET6, STM32U535CET6Q, STM32U535CEU6, STM32U535CEU6Q, STM32U535JEY6QTR, STM32U535NCY6QTR, STM32U535NEY6QTR, STM32U535RBI6, STM32U535RBI6Q, STM32U535RBT6, STM32U535RBT6Q, STM32U535RCI6, STM32U535RCI6Q, STM32U535RCT6, STM32U535RCT6Q, STM32U535REI6, STM32U535REI6Q, STM32U535RET6, STM32U535RET6Q, STM32U535VCI6, STM32U535VCI6Q, STM32U535VCT6, STM32U535VCT6Q, STM32U535VEI6, STM32U535VEI6Q, STM32U535VET6, STM32U535VET6Q, STM32U545CET6, STM32U545CET6Q, STM32U545CEU6, STM32U545CEU6Q, STM32U545JEY6QTR, STM32U545NEY6QTR, STM32U545REI6, STM32U545REI6Q, STM32U545RET6, STM32U545RET6Q, STM32U545VEI6, STM32U545VEI6Q, STM32U545VET6, STM32U545VET6Q, STM32U595AIH6, STM32U595AIH6Q, STM32U595AJH6, STM32U595AJH6Q, STM32U595QII6, STM32U595QII6Q, STM32U595QJI6, STM32U595QJI6Q, STM32U595RIT6, STM32U595RIT6Q, STM32U595RJT6, STM32U595RJT6Q, STM32U595VIT6, STM32U595VIT6Q, STM32U595VJT6, STM32U595VJT6Q, STM32U595ZIT6, STM32U595ZIT6Q, STM32U595ZIY6QTR, STM32U595ZJT6, STM32U595ZJT6Q, STM32U595ZJY6QTR, STM32U599BJY6QTR, STM32U599NIH6Q, STM32U599NJH6Q, STM32U599VIT6Q, STM32U599VJT6, STM32U599VJT6Q, STM32U599ZIT6Q, STM32U599ZIY6QTR, STM32U599ZJT6Q, STM32U599ZJY6QTR, STM32U5A5AJH6, STM32U5A5AJH6Q, STM32U5A5QJI6, STM32U5A5QJI6Q, STM32U5A5RJT6, STM32U5A5RJT6Q, STM32U5A5VJT6, STM32U5A5VJT6Q, STM32U5A5ZJT6, STM32U5A5ZJT6Q, STM32U5A5ZJY6QTR, STM32U5A9BJY6QTR, STM32U5A9J-DK, STM32U5A9NJH6Q, STM32U5A9VJT6Q, STM32U5A9ZJT6Q, STM32U5A9ZJY6QTR, STM32WB1MMCH6, STM32WBA52CEU6, STM32WBA52CEU6T, STM32WBA52CGU6, STM32WBA52CGU6T, STM32WL5MOCH6, STM32WL5MOCH6TR]
2023-04-21 17:46:45,164 [INFO] DbMcus:216 - Found 3775 MCUs, 3775 are supported
2023-04-21 17:46:45,177 [INFO] ApiDb:423 - Load user favorites file C:\Users\User/.stm32cubeide/favorites.mcus.txt: 0 item(s)
2023-04-21 17:46:45,178 [INFO] ApiDb:427 - User favorites MCUs=[]
2023-04-21 17:46:45,178 [INFO] DbMcus:222 - Set 0 / 0 favorites MCUs
2023-04-21 17:46:46,058 [WARN] ThirdParty:833 - waiting for thirdparty lock release [change project]
2023-04-21 17:46:46,059 [INFO] ThirdParty:835 - entering critical section [change project]
2023-04-21 17:46:46,059 [INFO] ThirdParty:1030 - CMSIS Pack Vendor :STMicroelectronics X-CUBE-ISPU 1.1.0
2023-04-21 17:46:46,059 [INFO] ThirdParty:1030 - CMSIS Pack Vendor :RoweBots I-CUBE-UNISONRTOS 5.5.0-4
2023-04-21 17:46:46,059 [INFO] ThirdParty:1030 - CMSIS Pack Vendor :STMicroelectronics X-CUBE-GNSS1 6.0.0
2023-04-21 17:46:46,059 [INFO] ThirdParty:1030 - CMSIS Pack Vendor :STMicroelectronics USB_HOST 2.0.0
2023-04-21 17:46:46,059 [INFO] ThirdParty:1030 - CMSIS Pack Vendor :STMicroelectronics X-CUBE-AZRTOS-F4 1.1.0
2023-04-21 17:46:46,059 [INFO] ThirdParty:1030 - CMSIS Pack Vendor :STMicroelectronics LIBJPEG 8.0.0
2023-04-21 17:46:46,059 [INFO] ThirdParty:1030 - CMSIS Pack Vendor :STMicroelectronics X-CUBE-SMBUS 2.1.0
2023-04-21 17:46:46,059 [INFO] ThirdParty:1030 - CMSIS Pack Vendor :STMicroelectronics USB_DEVICE 3.0.0
2023-04-21 17:46:46,059 [INFO] ThirdParty:1030 - CMSIS Pack Vendor :STMicroelectronics X-CUBE-AI 8.0.0
2023-04-21 17:46:46,059 [INFO] ThirdParty:1030 - CMSIS Pack Vendor :STMicroelectronics X-CUBE-FREERTOS 1.0.0
2023-04-21 17:46:46,059 [INFO] ThirdParty:1030 - CMSIS Pack Vendor :STMicroelectronics X-CUBE-FREERTOS 1.0.1
2023-04-21 17:46:46,060 [INFO] ThirdParty:1030 - CMSIS Pack Vendor :STMicroelectronics X-CUBE-TOUCHGFX 4.21.1
2023-04-21 17:46:46,060 [INFO] ThirdParty:1030 - CMSIS Pack Vendor :STMicroelectronics X-CUBE-TOUCHGFX 4.21.0
2023-04-21 17:46:46,060 [INFO] ThirdParty:1030 - CMSIS Pack Vendor :STMicroelectronics X-CUBE-TOUCHGFX 4.21.3
2023-04-21 17:46:46,060 [INFO] ThirdParty:1030 - CMSIS Pack Vendor :STMicroelectronics X-CUBE-AZRTOS-F7 1.1.0
2023-04-21 17:46:46,060 [INFO] ThirdParty:1030 - CMSIS Pack Vendor :STMicroelectronics X-CUBE-MEMS1 9.4.0
2023-04-21 17:46:46,060 [INFO] ThirdParty:1030 - CMSIS Pack Vendor :STMicroelectronics USB_DEVICE 2.0.0
2023-04-21 17:46:46,060 [INFO] ThirdParty:1030 - CMSIS Pack Vendor :STMicroelectronics X-CUBE-AI 7.3.0
2023-04-21 17:46:46,060 [INFO] ThirdParty:1030 - CMSIS Pack Vendor :STMicroelectronics X-CUBE-ALGOBUILD 1.3.0
2023-04-21 17:46:46,060 [INFO] ThirdParty:1030 - CMSIS Pack Vendor :STMicroelectronics X-CUBE-BLE1 6.2.4
2023-04-21 17:46:46,060 [INFO] ThirdParty:1030 - CMSIS Pack Vendor :STMicroelectronics X-CUBE-AZRTOS-L5 1.1.0
2023-04-21 17:46:46,060 [INFO] ThirdParty:1030 - CMSIS Pack Vendor :STMicroelectronics FreeRTOS 0.0.1
2023-04-21 17:46:46,060 [INFO] ThirdParty:1030 - CMSIS Pack Vendor :emotas I-CUBE-CANOPEN 1.1.3
2023-04-21 17:46:46,061 [INFO] ThirdParty:1030 - CMSIS Pack Vendor :STMicroelectronics X-CUBE-AZRTOS-G0 1.1.0
2023-04-21 17:46:46,061 [INFO] ThirdParty:1030 - CMSIS Pack Vendor :STMicroelectronics X-CUBE-BLEMGR 2.0.0
2023-04-21 17:46:46,062 [INFO] ThirdParty:1030 - CMSIS Pack Vendor :STMicroelectronics X-CUBE-SUBG2 5.0.0
2023-04-21 17:46:46,062 [INFO] ThirdParty:1030 - CMSIS Pack Vendor :STMicroelectronics X-CUBE-NFC4 3.0.0
2023-04-21 17:46:46,062 [INFO] ThirdParty:1030 - CMSIS Pack Vendor :STMicroelectronics STM32_WPAN 1.0.0
2023-04-21 17:46:46,062 [INFO] ThirdParty:1030 - CMSIS Pack Vendor :STMicroelectronics lwIP 2.0.3
2023-04-21 17:46:46,062 [INFO] ThirdParty:1030 - CMSIS Pack Vendor :STMicroelectronics X-CUBE-NFC4 2.0.5
2023-04-21 17:46:46,062 [INFO] ThirdParty:1030 - CMSIS Pack Vendor :STMicroelectronics USB_HOST 1.0.0
2023-04-21 17:46:46,062 [INFO] ThirdParty:1030 - CMSIS Pack Vendor :STMicroelectronics PDM2PCM 3.1.0
2023-04-21 17:46:46,062 [INFO] ThirdParty:1030 - CMSIS Pack Vendor :STMicroelectronics X-CUBE-AZRTOS-H7 3.1.0
2023-04-21 17:46:46,062 [INFO] ThirdParty:1030 - CMSIS Pack Vendor :STMicroelectronics X-CUBE-TOF1 3.3.0
2023-04-21 17:46:46,062 [INFO] ThirdParty:1030 - CMSIS Pack Vendor :STMicroelectronics FP-ATR-ASTRA1 1.1.1
2023-04-21 17:46:46,062 [INFO] ThirdParty:1030 - CMSIS Pack Vendor :STMicroelectronics PDM2PCM 3.3.0
2023-04-21 17:46:46,062 [INFO] ThirdParty:1030 - CMSIS Pack Vendor :wolfSSL I-CUBE-wolfSSL 5.1.1
2023-04-21 17:46:46,062 [INFO] ThirdParty:1030 - CMSIS Pack Vendor :STMicroelectronics X-CUBE-DISPLAY 3.0.0
2023-04-21 17:46:46,062 [INFO] ThirdParty:1030 - CMSIS Pack Vendor :STMicroelectronics X-CUBE-BLEMGR 1.3.0
2023-04-21 17:46:46,062 [INFO] ThirdParty:1030 - CMSIS Pack Vendor :wolfSSL I-CUBE-wolfSSL 5.5.3
2023-04-21 17:46:46,062 [INFO] ThirdParty:1030 - CMSIS Pack Vendor :STMicroelectronics X-CUBE-AZRTOS-G4 1.0.0
2023-04-21 17:46:46,062 [INFO] ThirdParty:1030 - CMSIS Pack Vendor :STMicroelectronics FP-ATR-SIGFOX1 3.2.0
2023-04-21 17:46:46,062 [INFO] ThirdParty:1030 - CMSIS Pack Vendor :STMicroelectronics X-CUBE-AZRTOS-L4 1.0.0
2023-04-21 17:46:46,062 [INFO] ThirdParty:1030 - CMSIS Pack Vendor :STMicroelectronics HAL Drivers 0.0.0
2023-04-21 17:46:46,062 [INFO] ThirdParty:1030 - CMSIS Pack Vendor :STMicroelectronics MBEDTLS 2.16.2
2023-04-21 17:46:46,062 [INFO] ThirdParty:1030 - CMSIS Pack Vendor :STMicroelectronics MBEDTLS 2.14.1
2023-04-21 17:46:46,062 [INFO] ThirdParty:1030 - CMSIS Pack Vendor :STMicroelectronics X-CUBE-NFC7 1.0.0
2023-04-21 17:46:46,062 [INFO] ThirdParty:1030 - CMSIS Pack Vendor :STMicroelectronics X-CUBE-AZRTOS-WL 1.0.0
2023-04-21 17:46:46,062 [INFO] ThirdParty:1030 - CMSIS Pack Vendor :STMicroelectronics X-CUBE-EEPRMA1 4.1.0
2023-04-21 17:46:46,062 [INFO] ThirdParty:1030 - CMSIS Pack Vendor :portGmbH I-Cube-SoM-uGOAL 1.1.0
2023-04-21 17:46:46,062 [INFO] ThirdParty:1030 - CMSIS Pack Vendor :STMicroelectronics X-CUBE-ALS 1.0.1
2023-04-21 17:46:46,062 [INFO] ThirdParty:1030 - CMSIS Pack Vendor :STMicroelectronics X-CUBE-MEMS1 9.5.0
2023-04-21 17:46:46,062 [INFO] ThirdParty:1030 - CMSIS Pack Vendor :STMicroelectronics ThreadX 1.0.0
2023-04-21 17:46:46,062 [INFO] ThirdParty:1030 - CMSIS Pack Vendor :STMicroelectronics X-CUBE-AZRTOS-WB 1.1.0
2023-04-21 17:46:46,062 [INFO] ThirdParty:1030 - CMSIS Pack Vendor :SEGGER I-CUBE-embOS 1.3.1
2023-04-21 17:46:46,062 [INFO] ThirdParty:1030 - CMSIS Pack Vendor :STMicroelectronics USB_DEVICE 1.0.0
2023-04-21 17:46:46,062 [INFO] ThirdParty:1030 - CMSIS Pack Vendor :SEGGER I-CUBE-embOS 1.3.0
2023-04-21 17:46:46,062 [INFO] ThirdParty:1030 - CMSIS Pack Vendor :STMicroelectronics ThreadX 0.0.2
2023-04-21 17:46:46,062 [INFO] ThirdParty:1030 - CMSIS Pack Vendor :WES I-CUBE-Cesium 1.3.0
2023-04-21 17:46:46,062 [INFO] ThirdParty:1030 - CMSIS Pack Vendor :STMicroelectronics FP-ATR-ASTRA1 2.0.0
2023-04-21 17:46:46,062 [INFO] ThirdParty:1030 - CMSIS Pack Vendor :STMicroelectronics lwIP 2.1.2
2023-04-21 17:46:46,062 [INFO] ThirdParty:1030 - CMSIS Pack Vendor :STMicroelectronics X-CUBE-SFXS2LP1 4.0.0
2023-04-21 17:46:46,062 [INFO] ThirdParty:1030 - CMSIS Pack Vendor :STMicroelectronics X-CUBE-BLE2 3.3.0
2023-04-21 17:46:46,062 [INFO] ThirdParty:1030 - CMSIS Pack Vendor :STMicroelectronics X-CUBE-DISPLAY 2.2.0
2023-04-21 17:46:46,062 [INFO] ThirdParty:1030 - CMSIS Pack Vendor :STMicroelectronics X-CUBE-TOF1 3.2.0
2023-04-21 17:46:46,062 [INFO] ThirdParty:1030 - CMSIS Pack Vendor :STMicroelectronics PDM2PCM 3.2.0
2023-04-21 17:46:46,062 [INFO] ThirdParty:1030 - CMSIS Pack Vendor :STMicroelectronics X-CUBE-AZRTOS-H7 3.0.0
2023-04-21 17:46:46,062 [INFO] ThirdParty:841 - exiting critical section [change project]
2023-04-21 17:46:46,918 [INFO] PinOutPanel:1499 - setPackage(No Configuration,No Configuration)
2023-04-21 17:46:46,919 [INFO] PinOutPanel:1499 - setPackage(STM32F103C8Tx,LQFP48)
2023-04-21 17:46:50,072 [INFO] UtilMem:75 - Before build in PCC Used Memory: 542198272 Bytes (630194176)
2023-04-21 17:46:52,637 [INFO] UtilMem:75 - After build in PCC Used Memory: 538684992 Bytes (630194176)
2023-04-21 17:46:52,800 [INFO] IPUIPlugin:80 - create IPUIPlugin
2023-04-21 17:46:52,800 [INFO] IPUIPlugin:80 - create IPUIPlugin
2023-04-21 17:46:52,801 [INFO] IPUIPlugin:80 - create IPUIPlugin
2023-04-21 17:46:52,801 [INFO] IPUIPlugin:80 - create IPUIPlugin
2023-04-21 17:46:52,801 [INFO] IPUIPlugin:80 - create IPUIPlugin
2023-04-21 17:46:52,801 [INFO] IPUIPlugin:80 - create IPUIPlugin
2023-04-21 17:46:52,801 [INFO] IPUIPlugin:80 - create IPUIPlugin
2023-04-21 17:46:52,802 [INFO] IPUIPlugin:80 - create IPUIPlugin
2023-04-21 17:46:52,802 [INFO] IPUIPlugin:80 - create IPUIPlugin
2023-04-21 17:46:52,802 [INFO] IPUIPlugin:80 - create IPUIPlugin
2023-04-21 17:46:52,803 [INFO] IPUIPlugin:80 - create IPUIPlugin
2023-04-21 17:46:52,803 [INFO] IPUIPlugin:80 - create IPUIPlugin
2023-04-21 17:46:52,804 [INFO] IPUIPlugin:80 - create IPUIPlugin
2023-04-21 17:46:52,804 [INFO] IPUIPlugin:80 - create IPUIPlugin
2023-04-21 17:46:52,805 [INFO] IPUIPlugin:80 - create IPUIPlugin
2023-04-21 17:46:52,805 [INFO] IPUIPlugin:80 - create IPUIPlugin
2023-04-21 17:46:52,805 [INFO] IPUIPlugin:80 - create IPUIPlugin
2023-04-21 17:46:52,806 [INFO] IPUIPlugin:80 - create IPUIPlugin
2023-04-21 17:46:52,806 [INFO] IPUIPlugin:80 - create IPUIPlugin
2023-04-21 17:46:52,807 [INFO] IPUIPlugin:80 - create IPUIPlugin
2023-04-21 17:46:52,807 [INFO] IPUIPlugin:80 - create IPUIPlugin
2023-04-21 17:46:52,808 [INFO] IPUIPlugin:80 - create IPUIPlugin
2023-04-21 17:46:52,808 [INFO] IPUIPlugin:80 - create IPUIPlugin
2023-04-21 17:46:52,809 [INFO] IPUIPlugin:80 - create IPUIPlugin
2023-04-21 17:46:52,809 [INFO] IPUIPlugin:80 - create IPUIPlugin
2023-04-21 17:46:52,810 [INFO] IPUIPlugin:80 - create IPUIPlugin
2023-04-21 17:46:52,811 [INFO] IPUIPlugin:80 - create IPUIPlugin
2023-04-21 17:46:53,865 [INFO] CADModel:165 - CPN selected for project levelSTM32F103C8T6
2023-04-21 17:46:53,865 [INFO] CADModel:114 - Register for checkConnection events
2023-04-21 17:46:53,969 [INFO] OpenFileManager:328 - Restore cursor
2023-04-21 17:49:22,545 [INFO] Gpio:273 - dependency for GPIO [RCC, SYS]
2023-04-21 17:49:25,574 [INFO] NvicIntPanel:101 - NVIC parent = com.st.microxplorer.plugins.ip.nvic.MultiNvicIntPanel[,0,0,0x0,invalid,layout=javax.swing.BoxLayout,alignmentX=0.0,alignmentY=0.0,border=,flags=9,maximumSize=,minimumSize=,preferredSize=]
2023-04-21 17:50:07,197 [INFO] NvicIntPanel:101 - NVIC parent = com.st.microxplorer.plugins.ip.nvic.MultiNvicIntPanel[,0,0,0x0,invalid,layout=javax.swing.BoxLayout,alignmentX=0.0,alignmentY=0.0,border=,flags=9,maximumSize=,minimumSize=,preferredSize=]
2023-04-21 17:51:01,160 [INFO] NvicIntPanel:101 - NVIC parent = com.st.microxplorer.plugins.ip.nvic.MultiNvicIntPanel[,0,0,0x0,invalid,layout=javax.swing.BoxLayout,alignmentX=0.0,alignmentY=0.0,border=,flags=9,maximumSize=,minimumSize=,preferredSize=]
2023-04-21 17:51:17,811 [INFO] NvicIntPanel:101 - NVIC parent = com.st.microxplorer.plugins.ip.nvic.MultiNvicIntPanel[,0,0,0x0,invalid,layout=javax.swing.BoxLayout,alignmentX=0.0,alignmentY=0.0,border=,flags=9,maximumSize=,minimumSize=,preferredSize=]
2023-04-21 17:53:50,399 [INFO] Gpio:273 - dependency for GPIO [RCC, SYS]
2023-04-21 17:59:20,194 [INFO] UtilMem:75 - End SaveConfig() Used Memory: 595385192 Bytes (652214272)
2023-04-21 17:59:20,368 [INFO] UtilMem:75 - End SaveConfig() Used Memory: 607976056 Bytes (652214272)
2023-04-21 17:59:21,915 [INFO] UtilMem:75 - End SaveConfig() Used Memory: 598800832 Bytes (657457152)
2023-04-21 17:59:23,337 [INFO] BlockDiagram:2759 - set Specific Code input for plugin: NVIC
2023-04-21 17:59:23,337 [INFO] BlockDiagram:2759 - set Specific Code input for plugin: SYS
2023-04-21 17:59:23,337 [INFO] BlockDiagram:2759 - set Specific Code input for plugin: GPIO
2023-04-21 17:59:23,337 [INFO] BlockDiagram:2759 - set Specific Code input for plugin: RCC
2023-04-21 17:59:23,337 [INFO] CodeGenerator:793 - code generatio: config db path: C:\ST\STM32CubeIDE_1.10.0\STM32CubeIDE\plugins\com.st.stm32cube.common.mx_6.8.0.202302231600\\db\
2023-04-21 17:59:24,232 [INFO] CodeEngine:255 - oldGeneratedFile, D:\.workshop\Programming\projects\MPS2-BUTTON\MXTmpFiles\license.tmp_save
2023-04-21 17:59:25,177 [INFO] CodeEngine:279 - Generated code: D:\.workshop\Programming\projects\MPS2-BUTTON\MXTmpFiles\license.tmp
2023-04-21 17:59:25,463 [INFO] CodeEngine:255 - oldGeneratedFile, D:\.workshop\Programming\projects\MPS2-BUTTON\MXTmpFiles\gpio.tmp_save
2023-04-21 17:59:25,880 [INFO] CodeEngine:279 - Generated code: D:\.workshop\Programming\projects\MPS2-BUTTON\MXTmpFiles\gpio.tmp
2023-04-21 17:59:26,052 [INFO] CodeEngine:255 - oldGeneratedFile, D:\.workshop\Programming\projects\MPS2-BUTTON\Core\Src\stm32f1xx_it.c_save
2023-04-21 17:59:26,452 [INFO] CodeEngine:279 - Generated code: D:\.workshop\Programming\projects\MPS2-BUTTON\Core\Src\stm32f1xx_it.c
2023-04-21 17:59:26,479 [INFO] CodeEngine:255 - oldGeneratedFile, D:\.workshop\Programming\projects\MPS2-BUTTON\Core\Inc\stm32f1xx_it.h_save
2023-04-21 17:59:26,756 [INFO] CodeEngine:279 - Generated code: D:\.workshop\Programming\projects\MPS2-BUTTON\Core\Inc\stm32f1xx_it.h
2023-04-21 17:59:26,848 [INFO] CodeEngine:255 - oldGeneratedFile, D:\.workshop\Programming\projects\MPS2-BUTTON\Core\Src\stm32f1xx_hal_msp.c_save
2023-04-21 17:59:27,269 [INFO] CodeEngine:279 - Generated code: D:\.workshop\Programming\projects\MPS2-BUTTON\Core\Src\stm32f1xx_hal_msp.c
2023-04-21 17:59:27,285 [INFO] CodeEngine:255 - oldGeneratedFile, D:\.workshop\Programming\projects\MPS2-BUTTON\MXTmpFiles\system.tmp_save
2023-04-21 17:59:27,515 [INFO] CodeEngine:279 - Generated code: D:\.workshop\Programming\projects\MPS2-BUTTON\MXTmpFiles\system.tmp
2023-04-21 17:59:27,559 [INFO] CodeEngine:311 - oldGeneratedFile, D:\.workshop\Programming\projects\MPS2-BUTTON\Core\Inc\stm32f1xx_hal_conf.h_save
2023-04-21 17:59:27,980 [INFO] CodeEngine:335 - Generated code: D:\.workshop\Programming\projects\MPS2-BUTTON\Core\Inc\stm32f1xx_hal_conf.h
2023-04-21 17:59:28,165 [INFO] CodeEngine:255 - oldGeneratedFile, D:\.workshop\Programming\projects\MPS2-BUTTON\Core\Inc\main.h_save
2023-04-21 17:59:28,518 [INFO] CodeEngine:279 - Generated code: D:\.workshop\Programming\projects\MPS2-BUTTON\Core\Inc\main.h
2023-04-21 17:59:28,569 [INFO] CodeEngine:255 - oldGeneratedFile, D:\.workshop\Programming\projects\MPS2-BUTTON\Core\Src\main.c_save
2023-04-21 17:59:29,312 [INFO] CodeEngine:279 - Generated code: D:\.workshop\Programming\projects\MPS2-BUTTON\Core\Src\main.c
2023-04-21 17:59:31,670 [INFO] ProjectBuilder:2996 - Time for Copy HAL[1] : 599mS.
2023-04-21 17:59:31,702 [INFO] ProjectBuilder:4304 - Project Generator version: 3.19.2
2023-04-21 17:59:32,801 [INFO] ConfigFileManager:1483 - The Die is : DIE410
2023-04-21 17:59:32,845 [INFO] ApiDbMcu:507 - Load IP Config File for FATFS
2023-04-21 17:59:32,916 [INFO] ApiDbMcu:507 - Load IP Config File for FREERTOS
2023-04-21 17:59:33,063 [INFO] ApiDbMcu:507 - Load IP Config File for USB_DEVICE
2023-04-21 17:59:36,187 [INFO] LogOutputStream:77 - [STDOUT_REDIRECT] 
2023-04-21 17:59:39,750 [INFO] ToolchainGenerator:476 - stack trace : java.lang.reflect.InvocationTargetException
	at java.base/jdk.internal.reflect.NativeMethodAccessorImpl.invoke0(Native Method)
	at java.base/jdk.internal.reflect.NativeMethodAccessorImpl.invoke(NativeMethodAccessorImpl.java:62)
	at java.base/jdk.internal.reflect.DelegatingMethodAccessorImpl.invoke(DelegatingMethodAccessorImpl.java:43)
	at java.base/java.lang.reflect.Method.invoke(Method.java:566)
	at com.st.microxplorer.plugins.projectmanager.model.ToolchainGenerator.CallMethod(ToolchainGenerator.java:276)
	at com.st.microxplorer.plugins.projectmanager.model.ToolchainGenerator.update(ToolchainGenerator.java:470)
	at com.st.microxplorer.plugins.projectmanager.engine.ProjectBuilder.createToolChainFolders(ProjectBuilder.java:4461)
	at com.st.microxplorer.plugins.projectmanager.engine.ProjectBuilder.createProject(ProjectBuilder.java:976)
	at com.st.microxplorer.plugins.projectmanager.engine.ProjectBuilder.createProject(ProjectBuilder.java:612)
	at com.st.microxplorer.plugins.projectmanager.engine.MainProjectManager.startGenerateCode(MainProjectManager.java:1261)
	at com.st.microxplorer.plugins.projectmanager.engine.MainProjectManager$3.onCommandEntered(MainProjectManager.java:234)
	at com.st.components.util.CommandLineManager$3.run(CommandLineManager.java:175)
	at java.desktop/java.awt.event.InvocationEvent.dispatch(InvocationEvent.java:303)
	at java.desktop/java.awt.EventQueue.dispatchEventImpl(EventQueue.java:770)
	at java.desktop/java.awt.EventQueue$4.run(EventQueue.java:721)
	at java.desktop/java.awt.EventQueue$4.run(EventQueue.java:715)
	at java.base/java.security.AccessController.doPrivileged(Native Method)
	at java.base/java.security.ProtectionDomain$JavaSecurityAccessImpl.doIntersectionPrivilege(ProtectionDomain.java:85)
	at java.desktop/java.awt.EventQueue.dispatchEvent(EventQueue.java:740)
	at java.desktop/java.awt.EventDispatchThread.pumpOneEventForFilters(EventDispatchThread.java:203)
	at java.desktop/java.awt.EventDispatchThread.pumpEventsForFilter(EventDispatchThread.java:124)
	at java.desktop/java.awt.EventDispatchThread.pumpEventsForHierarchy(EventDispatchThread.java:113)
	at java.desktop/java.awt.EventDispatchThread.pumpEvents(EventDispatchThread.java:109)
	at java.desktop/java.awt.EventDispatchThread.pumpEvents(EventDispatchThread.java:101)
	at java.desktop/java.awt.EventDispatchThread.run(EventDispatchThread.java:90)
Caused by: java.lang.NoClassDefFoundError: Could not initialize class javax.xml.bind.DatatypeConverterImpl
	at javax.xml.bind.DatatypeConverter.initConverter(DatatypeConverter.java:125)
	at javax.xml.bind.DatatypeConverter.printHexBinary(DatatypeConverter.java:610)
	at com.st.stm32cube.common.utils.files.FileUtils.getMd5(FileUtils.java:338)
	at com.st.stm32cube.common.utils.files.FileUtils.getStringMd5(FileUtils.java:327)
	at com.st.stm32cube.common.utils.metadata.ProjectMetadataUtils.getProjectMetaData(ProjectMetadataUtils.java:114)
	at com.st.stm32cube.ide.mcu.linker.core.engine.MxULinkScriptGeneratorAbstract.getLinkScriptProjectMetadata(MxULinkScriptGeneratorAbstract.java:306)
	at com.st.stm32cube.ide.mcu.linker.core.engine.MxULinkScriptGeneratorAbstract.isCubeManagedLinkerScript(MxULinkScriptGeneratorAbstract.java:363)
	at com.st.stm32cube.ide.mcu.linker.core.engine.MxULinkScriptGeneratorAbstract.update(MxULinkScriptGeneratorAbstract.java:243)
	at com.st.stm32cube.ide.common.services.linkscript.LinkScriptUpdateService._doLinkScriptUpdate(LinkScriptUpdateService.java:137)
	at com.st.stm32cube.ide.common.services.linkscript.LinkScriptUpdateService.doLinkScriptUpdate(LinkScriptUpdateService.java:67)
	at com.st.stm32cube.ide.common.services.adapted.core.linkscript.LinkScriptUpdateRcpServiceProcess.doLinkUpdate(LinkScriptUpdateRcpServiceProcess.java:215)
	at com.st.stm32cube.ide.common.services.adapted.core.linkscript.LinkScriptUpdateRcpServiceProcess.doLinkUpdate(LinkScriptUpdateRcpServiceProcess.java:149)
	at com.st.stm32cube.ide.common.services.adapted.core.linkscript.LinkScriptUpdateRcpServiceProcess.run(LinkScriptUpdateRcpServiceProcess.java:122)
	at com.st.stm32cube.ide.common.services.mx.core.linkscript.LinkScriptUpdateRcpService.doLinkUpdate(LinkScriptUpdateRcpService.java:230)
	at com.st.stm32cube.ide.common.services.mx.core.linkscript.LinkScriptUpdateRcpService.run(LinkScriptUpdateRcpService.java:224)
	at com.st.stm32cube.ide.common.services.mx.update.MxUpdateProjectRcpService.run(MxUpdateProjectRcpService.java:134)
	at com.st.stm32cube.ide.mcu.ide.process.MxIdePlugInProjectGeneratorAbstract.doExecute(MxIdePlugInProjectGeneratorAbstract.java:379)
	at com.st.stm32cube.ide.mcu.ide.process.MxIdePlugInProjectGeneratorAbstract.doUpdate(MxIdePlugInProjectGeneratorAbstract.java:246)
	at com.st.stm32cube.ide.mcu.ide.process.MxIdePlugInProjectGeneratorAbstract.update(MxIdePlugInProjectGeneratorAbstract.java:92)
	... 25 more

2023-04-21 17:59:39,750 [INFO] ToolchainGenerator:477 - [Project Generator] Problem in the update of the project
2023-04-21 17:59:39,750 [INFO] ProjectBuilder:4505 - Time for Generating toolchain IDE Files: 8049mS.
2023-04-21 17:59:39,750 [ERROR] ProjectBuilder:4511 - Error in Project Generation
2023-04-21 17:59:39,750 [ERROR] ProjectBuilder:1001 - Error in Project Generation
2023-04-21 17:59:39,790 [INFO] ProjectBuilder:1345 - javax.swing.JPanel[,0,0,0x0,invalid,layout=java.awt.FlowLayout,alignmentX=0.0,alignmentY=0.0,border=,flags=9,maximumSize=,minimumSize=,preferredSize=]
2023-04-21 17:59:40,843 [INFO] MainUpdater:2854 - connection check result : 10
2023-04-21 17:59:40,844 [INFO] MainUpdater:2854 - connection check result : 10
2023-04-21 17:59:40,864 [INFO] MicroXplorer:468 - Change Database Path : 
2023-04-21 17:59:40,864 [INFO] MicroXplorer:498 - Change Database Version : DB.6.0.80
2023-04-21 17:59:40,935 [WARN] ThirdParty:871 - waiting for thirdparty lock release [close project]
2023-04-21 17:59:40,935 [INFO] ThirdParty:873 - entering critical section [close project]
2023-04-21 17:59:40,935 [INFO] ThirdParty:883 - exiting critical section [close project]
2023-04-21 17:59:40,941 [INFO] PinOutPanel:1499 - setPackage(No Configuration,No Configuration)
2023-04-21 17:59:41,026 [INFO] UtilMem:75 - Begin LoadConfig() Used Memory: 238952104 Bytes (674234368)
2023-04-21 17:59:41,028 [INFO] MicroXplorer:468 - Change Database Path : 
2023-04-21 17:59:41,028 [INFO] MicroXplorer:498 - Change Database Version : DB.6.0.80
2023-04-21 17:59:41,028 [INFO] OpenFileManager:308 - Change cursor
2023-04-21 17:59:41,202 [INFO] RulesReader:64 - Compatibility file has been processed (293 Rules)
2023-04-21 17:59:41,681 [INFO] Mcu:1937 - Initializing MCU STM32H750VBTx STM32H750VBTx STM32H750VBT6
2023-04-21 17:59:51,122 [INFO] Context:659 - Trying to add GPIOservice into a context  which must be forbidden
2023-04-21 17:59:56,165 [INFO] RtosManager:555 - Registered RTOS mode: class=CMSIS, group=RTOS, mode=CMSIS_V1, owner=FREERTOS
2023-04-21 17:59:56,167 [INFO] RtosManager:555 - Registered RTOS mode: class=CMSIS, group=RTOS2, mode=CMSIS_V2, owner=FREERTOS
2023-04-21 17:59:56,168 [INFO] RtosManager:555 - Registered RTOS mode: class=RTOS, group=Core, mode=CMSIS_V1, owner=FREERTOS
2023-04-21 17:59:56,168 [INFO] RtosManager:555 - Registered RTOS mode: class=RTOS, group=Core, mode=CMSIS_V2, owner=FREERTOS
2023-04-21 17:59:56,168 [WARN] ModelIntegratedComponent:184 - Missing modes for component STMicroelectronics:FreeRTOS:0.0.1:STMicroelectronics:RTOS:FreeRTOS:Core:::10.2.0:
2023-04-21 17:59:56,193 [WARN] ModelIntegratedComponent:63 - No mode defined for component null
2023-04-21 17:59:56,193 [WARN] ModelIntegratedComponent:63 - No mode defined for component null
2023-04-21 17:59:56,193 [WARN] ModelIntegratedComponent:63 - No mode defined for component null
2023-04-21 17:59:56,193 [WARN] ModelIntegratedComponent:63 - No mode defined for component null
2023-04-21 17:59:56,193 [WARN] ModelIntegratedComponent:63 - No mode defined for component null
2023-04-21 17:59:56,193 [WARN] ModelIntegratedComponent:63 - No mode defined for component null
2023-04-21 17:59:56,193 [WARN] ModelIntegratedComponent:63 - No mode defined for component null
2023-04-21 17:59:56,193 [WARN] ModelIntegratedComponent:63 - No mode defined for component null
2023-04-21 17:59:56,193 [WARN] ModelIntegratedComponent:63 - No mode defined for component null
2023-04-21 17:59:56,193 [WARN] ModelIntegratedComponent:63 - No mode defined for component null
2023-04-21 17:59:56,194 [WARN] ModelIntegratedComponent:63 - No mode defined for component null
2023-04-21 17:59:56,194 [WARN] ModelIntegratedComponent:63 - No mode defined for component null
2023-04-21 17:59:56,194 [WARN] ModelIntegratedComponent:63 - No mode defined for component null
2023-04-21 17:59:56,194 [WARN] ModelIntegratedComponent:63 - No mode defined for component null
2023-04-21 17:59:56,194 [WARN] ModelIntegratedComponent:63 - No mode defined for component null
2023-04-21 17:59:56,194 [WARN] ModelIntegratedComponent:63 - No mode defined for component null
2023-04-21 17:59:56,194 [WARN] ModelIntegratedComponent:63 - No mode defined for component null
2023-04-21 17:59:56,195 [WARN] ModelIntegratedComponent:63 - No mode defined for component null
2023-04-21 17:59:56,195 [WARN] ModelIntegratedComponent:63 - No mode defined for component null
2023-04-21 17:59:56,195 [WARN] ModelIntegratedComponent:63 - No mode defined for component null
2023-04-21 17:59:56,195 [WARN] ModelIntegratedComponent:63 - No mode defined for component null
2023-04-21 17:59:56,195 [WARN] ModelIntegratedComponent:63 - No mode defined for component null
2023-04-21 17:59:56,195 [WARN] ModelIntegratedComponent:63 - No mode defined for component null
2023-04-21 17:59:56,196 [WARN] ModelIntegratedComponent:63 - No mode defined for component null
2023-04-21 17:59:56,196 [WARN] ModelIntegratedComponent:63 - No mode defined for component null
2023-04-21 17:59:56,197 [WARN] ModelIntegratedComponent:63 - No mode defined for component null
2023-04-21 17:59:56,197 [WARN] ModelIntegratedComponent:63 - No mode defined for component null
2023-04-21 17:59:56,197 [WARN] ModelIntegratedComponent:63 - No mode defined for component null
2023-04-21 17:59:56,197 [WARN] ModelIntegratedComponent:63 - No mode defined for component null
2023-04-21 17:59:56,197 [WARN] ModelIntegratedComponent:63 - No mode defined for component null
2023-04-21 17:59:56,197 [WARN] ModelIntegratedComponent:63 - No mode defined for component null
2023-04-21 17:59:56,197 [WARN] ModelIntegratedComponent:63 - No mode defined for component null
2023-04-21 17:59:56,197 [WARN] ModelIntegratedComponent:63 - No mode defined for component null
2023-04-21 17:59:56,419 [INFO] ThirdPartyModel:298 - Start build external matchings
2023-04-21 17:59:57,439 [INFO] ThirdPartyModel:316 - End build external matchings
2023-04-21 17:59:57,463 [INFO] ImportTextPane:194 - (OptionalMessage_ERROR) IP (RCC) : Parameter (ADCFreq_Value) has invalid value (96750000)
2023-04-21 17:59:57,463 [INFO] ImportTextPane:194 - (OptionalMessage_ERROR) IP (RCC) : Parameter (AHB12Freq_Value) has invalid value (240000000)
2023-04-21 17:59:57,463 [INFO] ImportTextPane:194 - (OptionalMessage_ERROR) IP (RCC) : Parameter (AHB4Freq_Value) has invalid value (240000000)
2023-04-21 17:59:57,463 [INFO] ImportTextPane:194 - (OptionalMessage_ERROR) IP (RCC) : Parameter (AXIClockFreq_Value) has invalid value (240000000)
2023-04-21 17:59:57,463 [INFO] ImportTextPane:194 - (OptionalMessage_ERROR) IP (RCC) : Parameter (CortexFreq_Value) has invalid value (480000000)
2023-04-21 17:59:57,473 [INFO] ImportTextPane:194 - (OptionalMessage_ERROR) IP (RCC) : Parameter (CpuClockFreq_Value) has invalid value (480000000)
2023-04-21 17:59:57,473 [INFO] ImportTextPane:194 - (OptionalMessage_ERROR) IP (RCC) : Parameter (D1CPREFreq_Value) has invalid value (480000000)
2023-04-21 17:59:57,473 [INFO] ImportTextPane:194 - (OptionalMessage_ERROR) IP (RCC) : Parameter (DFSDMACLkFreq_Value) has invalid value (480000000)
2023-04-21 17:59:57,473 [INFO] ImportTextPane:194 - (OptionalMessage_ERROR) IP (RCC) : Parameter (DFSDMFreq_Value) has invalid value (120000000)
2023-04-21 17:59:57,496 [INFO] ImportTextPane:194 - (OptionalMessage_ERROR) IP (RCC) : Parameter (FDCANFreq_Value) has invalid value (480000000)
2023-04-21 17:59:57,496 [INFO] ImportTextPane:194 - (OptionalMessage_ERROR) IP (RCC) : Parameter (FMCFreq_Value) has invalid value (240000000)
2023-04-21 17:59:57,496 [INFO] ImportTextPane:194 - (OptionalMessage_ERROR) IP (RCC) : Invalid parameter (FamilyName)
2023-04-21 17:59:57,496 [INFO] ImportTextPane:194 - (OptionalMessage_ERROR) IP (RCC) : Parameter (HCLK3ClockFreq_Value) has invalid value (240000000)
2023-04-21 17:59:57,496 [INFO] ImportTextPane:194 - (OptionalMessage_ERROR) IP (RCC) : Parameter (HCLKFreq_Value) has invalid value (240000000)
2023-04-21 17:59:57,496 [INFO] ImportTextPane:194 - (OptionalMessage_ERROR) IP (RCC) : Parameter (HRTIMFreq_Value) has invalid value (240000000)
2023-04-21 17:59:57,496 [INFO] ImportTextPane:194 - (OptionalMessage_ERROR) IP (RCC) : Parameter (I2C123Freq_Value) has invalid value (120000000)
2023-04-21 17:59:57,496 [INFO] ImportTextPane:194 - (OptionalMessage_ERROR) IP (RCC) : Parameter (I2C4Freq_Value) has invalid value (120000000)
2023-04-21 17:59:57,496 [INFO] ImportTextPane:194 - (OptionalMessage_ERROR) IP (RCC) : Parameter (LPTIM1Freq_Value) has invalid value (120000000)
2023-04-21 17:59:57,496 [INFO] ImportTextPane:194 - (OptionalMessage_ERROR) IP (RCC) : Parameter (LPTIM2Freq_Value) has invalid value (120000000)
2023-04-21 17:59:57,496 [INFO] ImportTextPane:194 - (OptionalMessage_ERROR) IP (RCC) : Parameter (LPTIM345Freq_Value) has invalid value (120000000)
2023-04-21 17:59:57,496 [INFO] ImportTextPane:194 - (OptionalMessage_ERROR) IP (RCC) : Parameter (LPUART1Freq_Value) has invalid value (120000000)
2023-04-21 17:59:57,496 [INFO] ImportTextPane:194 - (OptionalMessage_ERROR) IP (RCC) : Parameter (LTDCFreq_Value) has invalid value (96750000)
2023-04-21 17:59:57,496 [INFO] ImportTextPane:194 - (OptionalMessage_ERROR) IP (RCC) : Parameter (QSPIFreq_Value) has invalid value (240000000)
2023-04-21 17:59:57,496 [INFO] ImportTextPane:194 - (OptionalMessage_ERROR) IP (RCC) : Parameter (SAI1Freq_Value) has invalid value (480000000)
2023-04-21 17:59:57,496 [INFO] ImportTextPane:194 - (OptionalMessage_ERROR) IP (RCC) : Parameter (SAI23Freq_Value) has invalid value (480000000)
2023-04-21 17:59:57,496 [INFO] ImportTextPane:194 - (OptionalMessage_ERROR) IP (RCC) : Parameter (SAI4AFreq_Value) has invalid value (480000000)
2023-04-21 17:59:57,496 [INFO] ImportTextPane:194 - (OptionalMessage_ERROR) IP (RCC) : Parameter (SAI4BFreq_Value) has invalid value (480000000)
2023-04-21 17:59:57,496 [INFO] ImportTextPane:194 - (OptionalMessage_ERROR) IP (RCC) : Parameter (SDMMCFreq_Value) has invalid value (480000000)
2023-04-21 17:59:57,496 [INFO] ImportTextPane:194 - (OptionalMessage_ERROR) IP (RCC) : Parameter (SPDIFRXFreq_Value) has invalid value (480000000)
2023-04-21 17:59:57,496 [INFO] ImportTextPane:194 - (OptionalMessage_ERROR) IP (RCC) : Parameter (SPI123Freq_Value) has invalid value (480000000)
2023-04-21 17:59:57,502 [INFO] ImportTextPane:194 - (OptionalMessage_ERROR) IP (RCC) : Parameter (SPI45Freq_Value) has invalid value (120000000)
2023-04-21 17:59:57,502 [INFO] ImportTextPane:194 - (OptionalMessage_ERROR) IP (RCC) : Parameter (SPI6Freq_Value) has invalid value (120000000)
2023-04-21 17:59:57,502 [INFO] ImportTextPane:194 - (OptionalMessage_ERROR) IP (RCC) : Parameter (SWPMI1Freq_Value) has invalid value (120000000)
2023-04-21 17:59:57,502 [INFO] ImportTextPane:194 - (OptionalMessage_ERROR) IP (RCC) : Parameter (USART16Freq_Value) has invalid value (120000000)
2023-04-21 17:59:57,502 [INFO] ImportTextPane:194 - (OptionalMessage_ERROR) IP (RCC) : Parameter (USART234578Freq_Value) has invalid value (120000000)
2023-04-21 17:59:57,502 [INFO] ImportTextPane:194 - (OptionalMessage_ERROR) IP (RCC) : Parameter (USBFreq_Value) has invalid value (480000000)
2023-04-21 17:59:59,322 [INFO] UtilMem:75 - End LoadConfig() Used Memory: 288458352 Bytes (674234368)
2023-04-21 17:59:59,685 [WARN] ThirdParty:833 - waiting for thirdparty lock release [change project]
2023-04-21 17:59:59,685 [INFO] ThirdParty:835 - entering critical section [change project]
2023-04-21 17:59:59,685 [INFO] ThirdParty:1030 - CMSIS Pack Vendor :STMicroelectronics X-CUBE-ISPU 1.1.0
2023-04-21 17:59:59,685 [INFO] ThirdParty:1030 - CMSIS Pack Vendor :RoweBots I-CUBE-UNISONRTOS 5.5.0-4
2023-04-21 17:59:59,685 [INFO] ThirdParty:1030 - CMSIS Pack Vendor :STMicroelectronics X-CUBE-GNSS1 6.0.0
2023-04-21 17:59:59,685 [INFO] ThirdParty:1030 - CMSIS Pack Vendor :STMicroelectronics USB_HOST 2.0.0
2023-04-21 17:59:59,685 [INFO] ThirdParty:1030 - CMSIS Pack Vendor :STMicroelectronics X-CUBE-AZRTOS-F4 1.1.0
2023-04-21 17:59:59,685 [INFO] ThirdParty:1030 - CMSIS Pack Vendor :STMicroelectronics LIBJPEG 8.0.0
2023-04-21 17:59:59,685 [INFO] ThirdParty:1030 - CMSIS Pack Vendor :STMicroelectronics X-CUBE-SMBUS 2.1.0
2023-04-21 17:59:59,685 [INFO] ThirdParty:1030 - CMSIS Pack Vendor :STMicroelectronics USB_DEVICE 3.0.0
2023-04-21 17:59:59,685 [INFO] ThirdParty:1030 - CMSIS Pack Vendor :STMicroelectronics X-CUBE-AI 8.0.0
2023-04-21 17:59:59,685 [INFO] ThirdParty:1030 - CMSIS Pack Vendor :STMicroelectronics X-CUBE-FREERTOS 1.0.0
2023-04-21 17:59:59,685 [INFO] ThirdParty:1030 - CMSIS Pack Vendor :STMicroelectronics X-CUBE-FREERTOS 1.0.1
2023-04-21 17:59:59,685 [INFO] ThirdParty:1030 - CMSIS Pack Vendor :STMicroelectronics X-CUBE-TOUCHGFX 4.21.1
2023-04-21 17:59:59,685 [INFO] ThirdParty:1030 - CMSIS Pack Vendor :STMicroelectronics X-CUBE-TOUCHGFX 4.21.0
2023-04-21 17:59:59,685 [INFO] ThirdParty:1030 - CMSIS Pack Vendor :STMicroelectronics X-CUBE-TOUCHGFX 4.21.3
2023-04-21 17:59:59,685 [INFO] ThirdParty:1030 - CMSIS Pack Vendor :STMicroelectronics X-CUBE-AZRTOS-F7 1.1.0
2023-04-21 17:59:59,685 [INFO] ThirdParty:1030 - CMSIS Pack Vendor :STMicroelectronics X-CUBE-MEMS1 9.4.0
2023-04-21 17:59:59,685 [INFO] ThirdParty:1030 - CMSIS Pack Vendor :STMicroelectronics USB_DEVICE 2.0.0
2023-04-21 17:59:59,685 [INFO] ThirdParty:1030 - CMSIS Pack Vendor :STMicroelectronics X-CUBE-AI 7.3.0
2023-04-21 17:59:59,685 [INFO] ThirdParty:1030 - CMSIS Pack Vendor :STMicroelectronics X-CUBE-ALGOBUILD 1.3.0
2023-04-21 17:59:59,685 [INFO] ThirdParty:1030 - CMSIS Pack Vendor :STMicroelectronics X-CUBE-BLE1 6.2.4
2023-04-21 17:59:59,685 [INFO] ThirdParty:1030 - CMSIS Pack Vendor :STMicroelectronics X-CUBE-AZRTOS-L5 1.1.0
2023-04-21 17:59:59,685 [INFO] ThirdParty:1030 - CMSIS Pack Vendor :STMicroelectronics FreeRTOS 0.0.1
2023-04-21 17:59:59,685 [INFO] ThirdParty:1030 - CMSIS Pack Vendor :emotas I-CUBE-CANOPEN 1.1.3
2023-04-21 17:59:59,685 [INFO] ThirdParty:1030 - CMSIS Pack Vendor :STMicroelectronics X-CUBE-AZRTOS-G0 1.1.0
2023-04-21 17:59:59,691 [INFO] ThirdParty:1030 - CMSIS Pack Vendor :STMicroelectronics X-CUBE-BLEMGR 2.0.0
2023-04-21 17:59:59,691 [INFO] ThirdParty:1030 - CMSIS Pack Vendor :STMicroelectronics X-CUBE-SUBG2 5.0.0
2023-04-21 17:59:59,691 [INFO] ThirdParty:1030 - CMSIS Pack Vendor :STMicroelectronics X-CUBE-NFC4 3.0.0
2023-04-21 17:59:59,691 [INFO] ThirdParty:1030 - CMSIS Pack Vendor :STMicroelectronics STM32_WPAN 1.0.0
2023-04-21 17:59:59,691 [INFO] ThirdParty:1030 - CMSIS Pack Vendor :STMicroelectronics lwIP 2.0.3
2023-04-21 17:59:59,691 [INFO] ThirdParty:1030 - CMSIS Pack Vendor :STMicroelectronics X-CUBE-NFC4 2.0.5
2023-04-21 17:59:59,691 [INFO] ThirdParty:1030 - CMSIS Pack Vendor :STMicroelectronics USB_HOST 1.0.0
2023-04-21 17:59:59,691 [INFO] ThirdParty:1030 - CMSIS Pack Vendor :STMicroelectronics PDM2PCM 3.1.0
2023-04-21 17:59:59,691 [INFO] ThirdParty:1030 - CMSIS Pack Vendor :STMicroelectronics X-CUBE-AZRTOS-H7 3.1.0
2023-04-21 17:59:59,691 [INFO] ThirdParty:1030 - CMSIS Pack Vendor :STMicroelectronics X-CUBE-TOF1 3.3.0
2023-04-21 17:59:59,692 [INFO] ThirdParty:1030 - CMSIS Pack Vendor :STMicroelectronics FP-ATR-ASTRA1 1.1.1
2023-04-21 17:59:59,692 [INFO] ThirdParty:1030 - CMSIS Pack Vendor :STMicroelectronics PDM2PCM 3.3.0
2023-04-21 17:59:59,692 [INFO] ThirdParty:1030 - CMSIS Pack Vendor :wolfSSL I-CUBE-wolfSSL 5.1.1
2023-04-21 17:59:59,692 [INFO] ThirdParty:1030 - CMSIS Pack Vendor :STMicroelectronics X-CUBE-DISPLAY 3.0.0
2023-04-21 17:59:59,692 [INFO] ThirdParty:1030 - CMSIS Pack Vendor :STMicroelectronics X-CUBE-BLEMGR 1.3.0
2023-04-21 17:59:59,692 [INFO] ThirdParty:1030 - CMSIS Pack Vendor :wolfSSL I-CUBE-wolfSSL 5.5.3
2023-04-21 17:59:59,692 [INFO] ThirdParty:1030 - CMSIS Pack Vendor :STMicroelectronics X-CUBE-AZRTOS-G4 1.0.0
2023-04-21 17:59:59,692 [INFO] ThirdParty:1030 - CMSIS Pack Vendor :STMicroelectronics FP-ATR-SIGFOX1 3.2.0
2023-04-21 17:59:59,692 [INFO] ThirdParty:1030 - CMSIS Pack Vendor :STMicroelectronics X-CUBE-AZRTOS-L4 1.0.0
2023-04-21 17:59:59,692 [INFO] ThirdParty:1030 - CMSIS Pack Vendor :STMicroelectronics HAL Drivers 0.0.0
2023-04-21 17:59:59,692 [INFO] ThirdParty:1030 - CMSIS Pack Vendor :STMicroelectronics MBEDTLS 2.16.2
2023-04-21 17:59:59,692 [INFO] ThirdParty:1030 - CMSIS Pack Vendor :STMicroelectronics MBEDTLS 2.14.1
2023-04-21 17:59:59,692 [INFO] ThirdParty:1030 - CMSIS Pack Vendor :STMicroelectronics X-CUBE-NFC7 1.0.0
2023-04-21 17:59:59,692 [INFO] ThirdParty:1030 - CMSIS Pack Vendor :STMicroelectronics X-CUBE-AZRTOS-WL 1.0.0
2023-04-21 17:59:59,692 [INFO] ThirdParty:1030 - CMSIS Pack Vendor :STMicroelectronics X-CUBE-EEPRMA1 4.1.0
2023-04-21 17:59:59,692 [INFO] ThirdParty:1030 - CMSIS Pack Vendor :portGmbH I-Cube-SoM-uGOAL 1.1.0
2023-04-21 17:59:59,693 [INFO] ThirdParty:1030 - CMSIS Pack Vendor :STMicroelectronics X-CUBE-ALS 1.0.1
2023-04-21 17:59:59,693 [INFO] ThirdParty:1030 - CMSIS Pack Vendor :STMicroelectronics X-CUBE-MEMS1 9.5.0
2023-04-21 17:59:59,693 [INFO] ThirdParty:1030 - CMSIS Pack Vendor :STMicroelectronics ThreadX 1.0.0
2023-04-21 17:59:59,693 [INFO] ThirdParty:1030 - CMSIS Pack Vendor :STMicroelectronics X-CUBE-AZRTOS-WB 1.1.0
2023-04-21 17:59:59,693 [INFO] ThirdParty:1030 - CMSIS Pack Vendor :SEGGER I-CUBE-embOS 1.3.1
2023-04-21 17:59:59,693 [INFO] ThirdParty:1030 - CMSIS Pack Vendor :STMicroelectronics USB_DEVICE 1.0.0
2023-04-21 17:59:59,693 [INFO] ThirdParty:1030 - CMSIS Pack Vendor :SEGGER I-CUBE-embOS 1.3.0
2023-04-21 17:59:59,693 [INFO] ThirdParty:1030 - CMSIS Pack Vendor :STMicroelectronics ThreadX 0.0.2
2023-04-21 17:59:59,693 [INFO] ThirdParty:1030 - CMSIS Pack Vendor :WES I-CUBE-Cesium 1.3.0
2023-04-21 17:59:59,694 [INFO] ThirdParty:1030 - CMSIS Pack Vendor :STMicroelectronics FP-ATR-ASTRA1 2.0.0
2023-04-21 17:59:59,694 [INFO] ThirdParty:1030 - CMSIS Pack Vendor :STMicroelectronics lwIP 2.1.2
2023-04-21 17:59:59,694 [INFO] ThirdParty:1030 - CMSIS Pack Vendor :STMicroelectronics X-CUBE-SFXS2LP1 4.0.0
2023-04-21 17:59:59,694 [INFO] ThirdParty:1030 - CMSIS Pack Vendor :STMicroelectronics X-CUBE-BLE2 3.3.0
2023-04-21 17:59:59,694 [INFO] ThirdParty:1030 - CMSIS Pack Vendor :STMicroelectronics X-CUBE-DISPLAY 2.2.0
2023-04-21 17:59:59,694 [INFO] ThirdParty:1030 - CMSIS Pack Vendor :STMicroelectronics X-CUBE-TOF1 3.2.0
2023-04-21 17:59:59,694 [INFO] ThirdParty:1030 - CMSIS Pack Vendor :STMicroelectronics PDM2PCM 3.2.0
2023-04-21 17:59:59,694 [INFO] ThirdParty:1030 - CMSIS Pack Vendor :STMicroelectronics X-CUBE-AZRTOS-H7 3.0.0
2023-04-21 17:59:59,694 [INFO] ThirdParty:841 - exiting critical section [change project]
2023-04-21 18:00:00,579 [INFO] PinOutPanel:1499 - setPackage(No Configuration,No Configuration)
2023-04-21 18:00:00,580 [INFO] PinOutPanel:1499 - setPackage(STM32H750VBTx,LQFP100)
2023-04-21 18:00:00,903 [WARN] IP:2113 - PWR_Regulator_Voltage_Scale not found: check if there is a RefParameter without a condition.
2023-04-21 18:00:01,566 [WARN] IP:2113 - PWR_Regulator_Voltage_Scale not found: check if there is a RefParameter without a condition.
2023-04-21 18:00:01,924 [WARN] IP:2113 - PWR_Regulator_Voltage_Scale not found: check if there is a RefParameter without a condition.
2023-04-21 18:00:02,741 [WARN] IP:2113 - PWR_Regulator_Voltage_Scale not found: check if there is a RefParameter without a condition.
2023-04-21 18:00:02,881 [INFO] UtilMem:75 - Before build in PCC Used Memory: 506540704 Bytes (674234368)
2023-04-21 18:00:03,610 [INFO] UtilMem:75 - After build in PCC Used Memory: 568406704 Bytes (674234368)
2023-04-21 18:00:03,701 [INFO] IPUIPlugin:80 - create IPUIPlugin
2023-04-21 18:00:03,701 [INFO] IPUIPlugin:80 - create IPUIPlugin
2023-04-21 18:00:03,701 [INFO] IPUIPlugin:80 - create IPUIPlugin
2023-04-21 18:00:03,702 [INFO] IPUIPlugin:80 - create IPUIPlugin
2023-04-21 18:00:03,702 [INFO] IPUIPlugin:80 - create IPUIPlugin
2023-04-21 18:00:03,702 [INFO] IPUIPlugin:80 - create IPUIPlugin
2023-04-21 18:00:03,702 [INFO] IPUIPlugin:80 - create IPUIPlugin
2023-04-21 18:00:03,702 [INFO] IPUIPlugin:80 - create IPUIPlugin
2023-04-21 18:00:03,702 [INFO] IPUIPlugin:80 - create IPUIPlugin
2023-04-21 18:00:03,702 [INFO] IPUIPlugin:80 - create IPUIPlugin
2023-04-21 18:00:03,702 [INFO] IPUIPlugin:80 - create IPUIPlugin
2023-04-21 18:00:03,702 [INFO] IPUIPlugin:80 - create IPUIPlugin
2023-04-21 18:00:03,702 [INFO] IPUIPlugin:80 - create IPUIPlugin
2023-04-21 18:00:03,704 [INFO] IPUIPlugin:80 - create IPUIPlugin
2023-04-21 18:00:03,704 [INFO] IPUIPlugin:80 - create IPUIPlugin
2023-04-21 18:00:03,704 [INFO] IPUIPlugin:80 - create IPUIPlugin
2023-04-21 18:00:03,704 [INFO] IPUIPlugin:80 - create IPUIPlugin
2023-04-21 18:00:03,704 [INFO] IPUIPlugin:80 - create IPUIPlugin
2023-04-21 18:00:03,704 [INFO] IPUIPlugin:80 - create IPUIPlugin
2023-04-21 18:00:03,706 [INFO] IPUIPlugin:80 - create IPUIPlugin
2023-04-21 18:00:03,706 [INFO] IPUIPlugin:80 - create IPUIPlugin
2023-04-21 18:00:03,706 [INFO] IPUIPlugin:80 - create IPUIPlugin
2023-04-21 18:00:03,706 [INFO] IPUIPlugin:80 - create IPUIPlugin
2023-04-21 18:00:03,707 [INFO] IPUIPlugin:80 - create IPUIPlugin
2023-04-21 18:00:03,707 [INFO] IPUIPlugin:80 - create IPUIPlugin
2023-04-21 18:00:03,707 [INFO] IPUIPlugin:80 - create IPUIPlugin
2023-04-21 18:00:03,707 [INFO] IPUIPlugin:80 - create IPUIPlugin
2023-04-21 18:00:03,707 [INFO] IPUIPlugin:80 - create IPUIPlugin
2023-04-21 18:00:03,707 [INFO] IPUIPlugin:80 - create IPUIPlugin
2023-04-21 18:00:03,707 [INFO] IPUIPlugin:80 - create IPUIPlugin
2023-04-21 18:00:03,707 [INFO] IPUIPlugin:80 - create IPUIPlugin
2023-04-21 18:00:03,707 [INFO] IPUIPlugin:80 - create IPUIPlugin
2023-04-21 18:00:03,707 [INFO] IPUIPlugin:80 - create IPUIPlugin
2023-04-21 18:00:03,707 [INFO] IPUIPlugin:80 - create IPUIPlugin
2023-04-21 18:00:03,707 [INFO] IPUIPlugin:80 - create IPUIPlugin
2023-04-21 18:00:03,707 [INFO] IPUIPlugin:80 - create IPUIPlugin
2023-04-21 18:00:03,707 [INFO] IPUIPlugin:80 - create IPUIPlugin
2023-04-21 18:00:03,707 [INFO] IPUIPlugin:80 - create IPUIPlugin
2023-04-21 18:00:03,707 [INFO] IPUIPlugin:80 - create IPUIPlugin
2023-04-21 18:00:03,707 [INFO] IPUIPlugin:80 - create IPUIPlugin
2023-04-21 18:00:03,737 [INFO] IPUIPlugin:80 - create IPUIPlugin
2023-04-21 18:00:03,738 [INFO] IPUIPlugin:80 - create IPUIPlugin
2023-04-21 18:00:03,739 [INFO] IPUIPlugin:80 - create IPUIPlugin
2023-04-21 18:00:03,740 [INFO] IPUIPlugin:80 - create IPUIPlugin
2023-04-21 18:00:03,740 [INFO] IPUIPlugin:80 - create IPUIPlugin
2023-04-21 18:00:03,740 [INFO] IPUIPlugin:80 - create IPUIPlugin
2023-04-21 18:00:03,740 [INFO] IPUIPlugin:80 - create IPUIPlugin
2023-04-21 18:00:03,740 [INFO] IPUIPlugin:80 - create IPUIPlugin
2023-04-21 18:00:03,740 [INFO] IPUIPlugin:80 - create IPUIPlugin
2023-04-21 18:00:03,740 [INFO] IPUIPlugin:80 - create IPUIPlugin
2023-04-21 18:00:03,740 [INFO] IPUIPlugin:80 - create IPUIPlugin
2023-04-21 18:00:03,740 [INFO] IPUIPlugin:80 - create IPUIPlugin
2023-04-21 18:00:03,740 [INFO] IPUIPlugin:80 - create IPUIPlugin
2023-04-21 18:00:03,740 [INFO] IPUIPlugin:80 - create IPUIPlugin
2023-04-21 18:00:03,747 [INFO] IPUIPlugin:80 - create IPUIPlugin
2023-04-21 18:00:03,748 [INFO] IPUIPlugin:80 - create IPUIPlugin
2023-04-21 18:00:03,748 [INFO] IPUIPlugin:80 - create IPUIPlugin
2023-04-21 18:00:03,748 [INFO] IPUIPlugin:80 - create IPUIPlugin
2023-04-21 18:00:03,748 [INFO] IPUIPlugin:80 - create IPUIPlugin
2023-04-21 18:00:03,751 [INFO] IPUIPlugin:80 - create IPUIPlugin
2023-04-21 18:00:03,751 [INFO] IPUIPlugin:80 - create IPUIPlugin
2023-04-21 18:00:03,751 [INFO] IPUIPlugin:80 - create IPUIPlugin
2023-04-21 18:00:03,751 [INFO] IPUIPlugin:80 - create IPUIPlugin
2023-04-21 18:00:03,751 [INFO] IPUIPlugin:80 - create IPUIPlugin
2023-04-21 18:00:03,751 [INFO] IPUIPlugin:80 - create IPUIPlugin
2023-04-21 18:00:03,751 [INFO] IPUIPlugin:80 - create IPUIPlugin
2023-04-21 18:00:03,751 [INFO] IPUIPlugin:80 - create IPUIPlugin
2023-04-21 18:00:03,751 [INFO] IPUIPlugin:80 - create IPUIPlugin
2023-04-21 18:00:03,751 [INFO] IPUIPlugin:80 - create IPUIPlugin
2023-04-21 18:00:03,751 [INFO] IPUIPlugin:80 - create IPUIPlugin
2023-04-21 18:00:03,751 [INFO] IPUIPlugin:80 - create IPUIPlugin
2023-04-21 18:00:03,761 [INFO] IPUIPlugin:80 - create IPUIPlugin
2023-04-21 18:00:03,762 [INFO] IPUIPlugin:80 - create IPUIPlugin
2023-04-21 18:00:03,763 [INFO] IPUIPlugin:80 - create IPUIPlugin
2023-04-21 18:00:03,765 [INFO] IPUIPlugin:80 - create IPUIPlugin
2023-04-21 18:00:03,766 [INFO] IPUIPlugin:80 - create IPUIPlugin
2023-04-21 18:00:03,767 [INFO] IPUIPlugin:80 - create IPUIPlugin
2023-04-21 18:00:03,768 [INFO] IPUIPlugin:80 - create IPUIPlugin
2023-04-21 18:00:03,768 [INFO] IPUIPlugin:80 - create IPUIPlugin
2023-04-21 18:00:03,768 [INFO] IPUIPlugin:80 - create IPUIPlugin
2023-04-21 18:00:03,768 [INFO] IPUIPlugin:80 - create IPUIPlugin
2023-04-21 18:00:03,768 [INFO] IPUIPlugin:80 - create IPUIPlugin
2023-04-21 18:00:03,768 [INFO] IPUIPlugin:80 - create IPUIPlugin
2023-04-21 18:00:03,774 [INFO] IPUIPlugin:80 - create IPUIPlugin
2023-04-21 18:00:03,775 [INFO] IPUIPlugin:80 - create IPUIPlugin
2023-04-21 18:00:03,775 [INFO] IPUIPlugin:80 - create IPUIPlugin
2023-04-21 18:00:03,778 [INFO] IPUIPlugin:80 - create IPUIPlugin
2023-04-21 18:00:03,779 [INFO] IPUIPlugin:80 - create IPUIPlugin
2023-04-21 18:00:03,780 [INFO] IPUIPlugin:80 - create IPUIPlugin
2023-04-21 18:00:03,782 [INFO] IPUIPlugin:80 - create IPUIPlugin
2023-04-21 18:00:03,783 [INFO] IPUIPlugin:80 - create IPUIPlugin
2023-04-21 18:00:03,784 [INFO] IPUIPlugin:80 - create IPUIPlugin
2023-04-21 18:00:03,784 [INFO] IPUIPlugin:80 - create IPUIPlugin
2023-04-21 18:00:03,784 [INFO] IPUIPlugin:80 - create IPUIPlugin
2023-04-21 18:00:03,789 [INFO] IPUIPlugin:80 - create IPUIPlugin
2023-04-21 18:00:03,790 [INFO] IPUIPlugin:80 - create IPUIPlugin
2023-04-21 18:00:03,791 [INFO] IPUIPlugin:80 - create IPUIPlugin
2023-04-21 18:00:03,791 [INFO] IPUIPlugin:80 - create IPUIPlugin
2023-04-21 18:00:03,818 [INFO] ApiDbMcu:507 - Load IP Config File for PDM2PCM
2023-04-21 18:00:03,984 [INFO] CADModel:165 - CPN selected for project levelSTM32H750VBT6
2023-04-21 18:00:03,985 [INFO] CADModel:114 - Register for checkConnection events
2023-04-21 18:00:04,057 [INFO] OpenFileManager:328 - Restore cursor
2023-04-21 18:00:04,184 [WARN] IP:2113 - PWR_Regulator_Voltage_Scale not found: check if there is a RefParameter without a condition.
2023-04-21 18:00:04,327 [WARN] IP:2113 - PWR_Regulator_Voltage_Scale not found: check if there is a RefParameter without a condition.
2023-04-21 18:00:09,060 [WARN] IP:2113 - PWR_Regulator_Voltage_Scale not found: check if there is a RefParameter without a condition.
2023-04-21 18:00:10,851 [ERROR] LogOutputStream:75 - [STDERR_REDIRECT] Exception in thread "AWT-EventQueue-0" java.lang.ClassCastException: class sun.awt.windows.WEmbeddedFrame cannot be cast to class javax.swing.JFrame (sun.awt.windows.WEmbeddedFrame and javax.swing.JFrame are in module java.desktop of loader 'bootstrap')
2023-04-21 18:00:10,855 [ERROR] LogOutputStream:75 - [STDERR_REDIRECT] 	at com.st.microxplorer.plugins.clock.ClockConfigurationView.activatePlugin(ClockConfigurationView.java:425)
2023-04-21 18:00:10,855 [ERROR] LogOutputStream:75 - [STDERR_REDIRECT] 	at com.st.microxplorer.maingui.MainPanel$1.stateChanged(MainPanel.java:358)
2023-04-21 18:00:10,865 [ERROR] LogOutputStream:75 - [STDERR_REDIRECT] 	at java.desktop/javax.swing.JTabbedPane.fireStateChanged(JTabbedPane.java:418)
2023-04-21 18:00:10,877 [ERROR] LogOutputStream:75 - [STDERR_REDIRECT] 	at java.desktop/javax.swing.JTabbedPane$ModelListener.stateChanged(JTabbedPane.java:269)
2023-04-21 18:00:10,884 [ERROR] LogOutputStream:75 - [STDERR_REDIRECT] 	at java.desktop/javax.swing.DefaultSingleSelectionModel.fireStateChanged(DefaultSingleSelectionModel.java:143)
2023-04-21 18:00:10,889 [ERROR] LogOutputStream:75 - [STDERR_REDIRECT] 	at java.desktop/javax.swing.DefaultSingleSelectionModel.setSelectedIndex(DefaultSingleSelectionModel.java:74)
2023-04-21 18:00:10,895 [ERROR] LogOutputStream:75 - [STDERR_REDIRECT] 	at java.desktop/javax.swing.JTabbedPane.setSelectedIndexImpl(JTabbedPane.java:622)
2023-04-21 18:00:10,901 [ERROR] LogOutputStream:75 - [STDERR_REDIRECT] 	at java.desktop/javax.swing.JTabbedPane.setSelectedIndex(JTabbedPane.java:597)
2023-04-21 18:00:10,905 [ERROR] LogOutputStream:75 - [STDERR_REDIRECT] 	at java.desktop/javax.swing.plaf.basic.BasicTabbedPaneUI$Handler.mousePressed(BasicTabbedPaneUI.java:4090)
2023-04-21 18:00:10,910 [ERROR] LogOutputStream:75 - [STDERR_REDIRECT] 	at java.desktop/java.awt.Component.processMouseEvent(Component.java:6632)
2023-04-21 18:00:10,910 [ERROR] LogOutputStream:75 - [STDERR_REDIRECT] 	at java.desktop/javax.swing.JComponent.processMouseEvent(JComponent.java:3342)
2023-04-21 18:00:10,910 [ERROR] LogOutputStream:75 - [STDERR_REDIRECT] 	at java.desktop/java.awt.Component.processEvent(Component.java:6400)
2023-04-21 18:00:10,919 [ERROR] LogOutputStream:75 - [STDERR_REDIRECT] 	at java.desktop/java.awt.Container.processEvent(Container.java:2263)
2023-04-21 18:00:10,926 [ERROR] LogOutputStream:75 - [STDERR_REDIRECT] 	at java.desktop/java.awt.Component.dispatchEventImpl(Component.java:5011)
2023-04-21 18:00:10,932 [ERROR] LogOutputStream:75 - [STDERR_REDIRECT] 	at java.desktop/java.awt.Container.dispatchEventImpl(Container.java:2321)
2023-04-21 18:00:10,936 [ERROR] LogOutputStream:75 - [STDERR_REDIRECT] 	at java.desktop/java.awt.Component.dispatchEvent(Component.java:4843)
2023-04-21 18:00:10,942 [ERROR] LogOutputStream:75 - [STDERR_REDIRECT] 	at java.desktop/java.awt.LightweightDispatcher.retargetMouseEvent(Container.java:4918)
2023-04-21 18:00:10,942 [ERROR] LogOutputStream:75 - [STDERR_REDIRECT] 	at java.desktop/java.awt.LightweightDispatcher.processMouseEvent(Container.java:4544)
2023-04-21 18:00:10,946 [ERROR] LogOutputStream:75 - [STDERR_REDIRECT] 	at java.desktop/java.awt.LightweightDispatcher.dispatchEvent(Container.java:4488)
2023-04-21 18:00:10,946 [ERROR] LogOutputStream:75 - [STDERR_REDIRECT] 	at java.desktop/java.awt.Container.dispatchEventImpl(Container.java:2307)
2023-04-21 18:00:10,946 [ERROR] LogOutputStream:75 - [STDERR_REDIRECT] 	at java.desktop/java.awt.Component.dispatchEvent(Component.java:4843)
2023-04-21 18:00:10,957 [ERROR] LogOutputStream:75 - [STDERR_REDIRECT] 	at java.desktop/java.awt.EventQueue.dispatchEventImpl(EventQueue.java:772)
2023-04-21 18:00:10,957 [ERROR] LogOutputStream:75 - [STDERR_REDIRECT] 	at java.desktop/java.awt.EventQueue$4.run(EventQueue.java:721)
2023-04-21 18:00:10,957 [ERROR] LogOutputStream:75 - [STDERR_REDIRECT] 	at java.desktop/java.awt.EventQueue$4.run(EventQueue.java:715)
2023-04-21 18:00:10,967 [ERROR] LogOutputStream:75 - [STDERR_REDIRECT] 	at java.base/java.security.AccessController.doPrivileged(Native Method)
2023-04-21 18:00:10,967 [ERROR] LogOutputStream:75 - [STDERR_REDIRECT] 	at java.base/java.security.ProtectionDomain$JavaSecurityAccessImpl.doIntersectionPrivilege(ProtectionDomain.java:85)
2023-04-21 18:00:10,974 [ERROR] LogOutputStream:75 - [STDERR_REDIRECT] 	at java.base/java.security.ProtectionDomain$JavaSecurityAccessImpl.doIntersectionPrivilege(ProtectionDomain.java:95)
2023-04-21 18:00:10,974 [ERROR] LogOutputStream:75 - [STDERR_REDIRECT] 	at java.desktop/java.awt.EventQueue$5.run(EventQueue.java:745)
2023-04-21 18:00:10,974 [ERROR] LogOutputStream:75 - [STDERR_REDIRECT] 	at java.desktop/java.awt.EventQueue$5.run(EventQueue.java:743)
2023-04-21 18:00:10,985 [ERROR] LogOutputStream:75 - [STDERR_REDIRECT] 	at java.base/java.security.AccessController.doPrivileged(Native Method)
2023-04-21 18:00:10,985 [ERROR] LogOutputStream:75 - [STDERR_REDIRECT] 	at java.base/java.security.ProtectionDomain$JavaSecurityAccessImpl.doIntersectionPrivilege(ProtectionDomain.java:85)
2023-04-21 18:00:10,991 [ERROR] LogOutputStream:75 - [STDERR_REDIRECT] 	at java.desktop/java.awt.EventQueue.dispatchEvent(EventQueue.java:742)
2023-04-21 18:00:10,991 [ERROR] LogOutputStream:75 - [STDERR_REDIRECT] 	at java.desktop/java.awt.EventDispatchThread.pumpOneEventForFilters(EventDispatchThread.java:203)
2023-04-21 18:00:10,991 [ERROR] LogOutputStream:75 - [STDERR_REDIRECT] 	at java.desktop/java.awt.EventDispatchThread.pumpEventsForFilter(EventDispatchThread.java:124)
2023-04-21 18:00:10,991 [ERROR] LogOutputStream:75 - [STDERR_REDIRECT] 	at java.desktop/java.awt.EventDispatchThread.pumpEventsForHierarchy(EventDispatchThread.java:113)
2023-04-21 18:00:11,003 [ERROR] LogOutputStream:75 - [STDERR_REDIRECT] 	at java.desktop/java.awt.EventDispatchThread.pumpEvents(EventDispatchThread.java:109)
2023-04-21 18:00:11,003 [ERROR] LogOutputStream:75 - [STDERR_REDIRECT] 	at java.desktop/java.awt.EventDispatchThread.pumpEvents(EventDispatchThread.java:101)
2023-04-21 18:00:11,006 [ERROR] LogOutputStream:75 - [STDERR_REDIRECT] 	at java.desktop/java.awt.EventDispatchThread.run(EventDispatchThread.java:90)
2023-04-21 18:01:07,233 [WARN] IpParametersView:150 - Warning: This peripheral hasn't parameters
2023-04-21 18:02:40,543 [WARN] IP:2113 - PWR_Regulator_Voltage_Scale not found: check if there is a RefParameter without a condition.
2023-04-21 18:02:40,679 [INFO] NvicIntPanel:101 - NVIC parent = com.st.microxplorer.plugins.ip.nvic.MultiNvicIntPanel[,0,0,0x0,invalid,layout=javax.swing.BoxLayout,alignmentX=0.0,alignmentY=0.0,border=,flags=9,maximumSize=,minimumSize=,preferredSize=]
