2023-04-10 08:29:09,378 [INFO] Activator:176 - 


2023-04-10 08:29:09,391 [INFO] Activator:177 - !SESSION log4j initialized
2023-04-10 08:29:15,908 [INFO] LogOutputStream:77 - [STDOUT_REDIRECT] 
2023-04-10 08:29:34,645 [ERROR] LogOutputStream:75 - [STDERR_REDIRECT] SLF4J: Failed to load class "org.slf4j.impl.StaticLoggerBinder".
2023-04-10 08:29:34,645 [ERROR] LogOutputStream:75 - [STDERR_REDIRECT] SLF4J: Defaulting to no-operation (NOP) logger implementation
2023-04-10 08:29:34,657 [ERROR] LogOutputStream:75 - [STDERR_REDIRECT] SLF4J: See http://www.slf4j.org/codes.html#StaticLoggerBinder for further details.
2023-04-10 08:30:06,275 [INFO] ApplicationProperties:184 - Using Application install path: C:\ST\STM32CubeIDE_1.10.0\STM32CubeIDE\plugins\com.st.stm32cube.common.mx_6.8.0.202302231600
2023-04-10 08:30:06,333 [INFO] DbMcusXml:78 - Set database path to: C:\ST\STM32CubeIDE_1.10.0\STM32CubeIDE\plugins\com.st.stm32cube.common.mx_6.8.0.202302231600\\db\/mcu/
2023-04-10 08:30:06,335 [INFO] ApiDb:274 - Set plugin database path to: C:\ST\STM32CubeIDE_1.10.0\STM32CubeIDE\plugins\com.st.stm32cube.common.mx_6.8.0.202302231600\\db\/plugins/boardmanager/
2023-04-10 08:30:06,337 [WARN] ApiDb:259 - Overriding images path with different value:  => C:\ST\STM32CubeIDE_1.10.0\STM32CubeIDE\plugins\com.st.stm32cube.common.mx_6.8.0.202302231600\\db\/plugins/mcufinder/images/
2023-04-10 08:30:06,388 [INFO] ApiDb:250 - Set database path to: C:\Users\User\.stmcufinder\plugins\mcufinder//mcu/
2023-04-10 08:30:06,391 [INFO] DbMcusAds:125 - Set database path to: C:\Users\User\.stmcufinder\plugins\mcufinder//mcu/
2023-04-10 08:30:06,398 [INFO] CrossReferenceDbSqlite:203 - Set database path to: C:\Users\User\.stmcufinder\plugins\mcufinder//mcu/cs/
2023-04-10 08:30:06,685 [INFO] RulesReader:64 - Compatibility file has been processed (293 Rules)
2023-04-10 08:30:06,867 [INFO] DbMcusXml:78 - Set database path to: C:\ST\STM32CubeIDE_1.10.0\STM32CubeIDE\plugins\com.st.stm32cube.common.mx_6.8.0.202302231600\\db\/mcu/
2023-04-10 08:30:06,867 [INFO] ApiDb:274 - Set plugin database path to: C:\ST\STM32CubeIDE_1.10.0\STM32CubeIDE\plugins\com.st.stm32cube.common.mx_6.8.0.202302231600\\db\/plugins/boardmanager/
2023-04-10 08:30:06,868 [INFO] ApiDb:261 - Set plugin images path to: C:\ST\STM32CubeIDE_1.10.0\STM32CubeIDE\plugins\com.st.stm32cube.common.mx_6.8.0.202302231600\\db\/plugins/mcufinder/images/
2023-04-10 08:30:06,869 [WARN] DbFile:41 - Overriding database path with different value: C:\Users\User\.stmcufinder\plugins\mcufinder/ => C:\Users\User\.stmcufinder\plugins\mcufinder
2023-04-10 08:30:06,869 [INFO] ApiDb:250 - Set database path to: C:\Users\User\.stmcufinder\plugins\mcufinder//mcu/
2023-04-10 08:30:06,869 [WARN] DbFile:41 - Overriding database path with different value: C:\Users\User\.stmcufinder\plugins\mcufinder/ => C:\Users\User\.stmcufinder\plugins\mcufinder
2023-04-10 08:30:06,869 [INFO] DbMcusAds:125 - Set database path to: C:\Users\User\.stmcufinder\plugins\mcufinder//mcu/
2023-04-10 08:30:06,869 [WARN] DbFile:41 - Overriding database path with different value: C:\Users\User\.stmcufinder\plugins\mcufinder/ => C:\Users\User\.stmcufinder\plugins\mcufinder
2023-04-10 08:30:06,870 [WARN] DbFile:41 - Overriding database path with different value: C:\Users\User\.stmcufinder\plugins\mcufinder/ => C:\Users\User\.stmcufinder\plugins\mcufinder
2023-04-10 08:30:06,870 [INFO] CrossReferenceDbSqlite:203 - Set database path to: C:\Users\User\.stmcufinder\plugins\mcufinder//mcu/cs/
2023-04-10 08:30:07,057 [INFO] MainPanel:253 - HeapMemory: 268435456
2023-04-10 08:30:07,265 [INFO] DbMcusXml:78 - Set database path to: C:\ST\STM32CubeIDE_1.10.0\STM32CubeIDE\plugins\com.st.stm32cube.common.mx_6.8.0.202302231600\\db\/mcu/
2023-04-10 08:30:07,265 [INFO] ApiDb:274 - Set plugin database path to: C:\ST\STM32CubeIDE_1.10.0\STM32CubeIDE\plugins\com.st.stm32cube.common.mx_6.8.0.202302231600\\db\/plugins/boardmanager/
2023-04-10 08:30:07,265 [INFO] ApiDb:261 - Set plugin images path to: C:\ST\STM32CubeIDE_1.10.0\STM32CubeIDE\plugins\com.st.stm32cube.common.mx_6.8.0.202302231600\\db\/plugins/mcufinder/images/
2023-04-10 08:30:07,265 [WARN] DbFile:41 - Overriding database path with different value: C:\Users\User\.stmcufinder\plugins\mcufinder/ => C:\Users\User\.stmcufinder\plugins\mcufinder
2023-04-10 08:30:07,265 [INFO] ApiDb:250 - Set database path to: C:\Users\User\.stmcufinder\plugins\mcufinder//mcu/
2023-04-10 08:30:07,265 [WARN] DbFile:41 - Overriding database path with different value: C:\Users\User\.stmcufinder\plugins\mcufinder/ => C:\Users\User\.stmcufinder\plugins\mcufinder
2023-04-10 08:30:07,267 [INFO] DbMcusAds:125 - Set database path to: C:\Users\User\.stmcufinder\plugins\mcufinder//mcu/
2023-04-10 08:30:07,267 [WARN] DbFile:41 - Overriding database path with different value: C:\Users\User\.stmcufinder\plugins\mcufinder/ => C:\Users\User\.stmcufinder\plugins\mcufinder
2023-04-10 08:30:07,267 [WARN] DbFile:41 - Overriding database path with different value: C:\Users\User\.stmcufinder\plugins\mcufinder/ => C:\Users\User\.stmcufinder\plugins\mcufinder
2023-04-10 08:30:07,268 [INFO] CrossReferenceDbSqlite:203 - Set database path to: C:\Users\User\.stmcufinder\plugins\mcufinder//mcu/cs/
2023-04-10 08:30:07,305 [INFO] ApplicationProperties:184 - Using Application install path: C:\ST\STM32CubeIDE_1.10.0\STM32CubeIDE\plugins\com.st.stm32cube.common.mx_6.8.0.202302231600
2023-04-10 08:30:07,311 [INFO] PluginManage:196 - Search for loadable plugins [exclusion list=, ]
2023-04-10 08:30:07,311 [INFO] PluginManage:310 - Check plugin analytics
2023-04-10 08:30:07,681 [INFO] AnalyticsPlugin:253 - Accepted Software Licenses: 
2023-04-10 08:30:07,682 [INFO] AnalyticsPlugin:255 - Accepted CMSIS Pack Licenses: STMicroelectronics.X-CUBE-TOUCHGFX.4.18.1,wolfSSL.I-CUBE-wolfSSL.5.1.1,STMicroelectronics.X-CUBE-AI.7.1.0,STMicroelectronics.X-CUBE-AZRTOS-F4.1.0.0,STMicroelectronics.X-CUBE-AZRTOS-H7.2.0.0,STMicroelectronics.X-CUBE-AZRTOS-H7.2.1.0
2023-04-10 08:30:07,683 [INFO] AnalyticsPlugin:257 - Accepted Firmware Licenses: FW.F4.1.27.0,FW.H7.1.10.0
2023-04-10 08:30:07,701 [INFO] PluginManage:359 - Loaded plugin analytics (category:tool,tabindex:-1)
2023-04-10 08:30:07,701 [INFO] PluginManage:310 - Check plugin cadmodel
2023-04-10 08:30:07,734 [INFO] CADModel:105 - Init CAD model plugin
2023-04-10 08:30:07,735 [INFO] PluginManage:359 - Loaded plugin cadmodel (category:power,tabindex:5)
2023-04-10 08:30:07,735 [INFO] PluginManage:310 - Check plugin clock
2023-04-10 08:30:07,779 [INFO] PluginManage:359 - Loaded plugin clock (category:base,tabindex:2)
2023-04-10 08:30:07,780 [INFO] PluginManage:310 - Check plugin ddr
2023-04-10 08:30:07,788 [INFO] PluginManage:359 - Loaded plugin ddr (category:tool,tabindex:6)
2023-04-10 08:30:07,789 [INFO] PluginManage:310 - Check plugin filemanager
2023-04-10 08:30:08,110 [INFO] PluginManage:359 - Loaded plugin filemanager (category:base,tabindex:10)
2023-04-10 08:30:08,111 [INFO] PluginManage:310 - Check plugin ipmanager
2023-04-10 08:30:08,124 [INFO] PluginManage:359 - Loaded plugin ipmanager (category:base,tabindex:5)
2023-04-10 08:30:08,126 [INFO] PluginManage:310 - Check plugin lpbam
2023-04-10 08:30:08,175 [INFO] PluginManage:359 - Loaded plugin lpbam (category:base,tabindex:0)
2023-04-10 08:30:08,176 [INFO] PluginManage:310 - Check plugin pinoutandconfiguration
2023-04-10 08:30:08,222 [INFO] PluginManage:359 - Loaded plugin pinoutandconfiguration (category:base,tabindex:1)
2023-04-10 08:30:08,222 [INFO] PluginManage:310 - Check plugin pinoutconfig
2023-04-10 08:30:08,413 [WARN] SupportedApi:132 - Cannot load RTOS API schema: s4s-elt-must-match.1: The content of 'definitions' must match (annotation?, (simpleType | complexType)?, (unique | key | keyref)*)). A problem was found starting at: attribute.
2023-04-10 08:30:08,700 [INFO] PluginManage:359 - Loaded plugin pinoutconfig (category:base,tabindex:0)
2023-04-10 08:30:08,700 [INFO] PluginManage:310 - Check plugin power
2023-04-10 08:30:08,753 [INFO] PluginManage:359 - Loaded plugin power (category:power,tabindex:4)
2023-04-10 08:30:08,753 [INFO] PluginManage:310 - Check plugin projectmanager
2023-04-10 08:30:08,788 [INFO] PluginManage:359 - Loaded plugin projectmanager (category:projectmanager,tabindex:3)
2023-04-10 08:30:08,790 [INFO] PluginManage:310 - Check plugin thirdparty
2023-04-10 08:30:09,307 [INFO] PluginManage:359 - Loaded plugin thirdparty (category:base,tabindex:-1)
2023-04-10 08:30:09,307 [WARN] IntegrityCheckThread:84 - waiting for thirdparty lock release [integrity check]
2023-04-10 08:30:09,307 [INFO] IntegrityCheckThread:86 - entering critical section [integrity check]
2023-04-10 08:30:09,307 [INFO] PluginManage:310 - Check plugin tools
2023-04-10 08:30:09,314 [INFO] ThirdPartyUpdaterWithRetryManager:70 - Updater plugin not ready yet. [1/15]
2023-04-10 08:30:09,348 [INFO] PluginManage:359 - Loaded plugin tools (category:base,tabindex:7)
2023-04-10 08:30:09,348 [INFO] PluginManage:310 - Check plugin tutovideos
2023-04-10 08:30:09,747 [INFO] PluginManage:359 - Loaded plugin tutovideos (category:base,tabindex:-1)
2023-04-10 08:30:09,747 [INFO] PluginManage:310 - Check plugin updater
2023-04-10 08:30:09,787 [INFO] PluginManage:359 - Loaded plugin updater (category:base,tabindex:12)
2023-04-10 08:30:09,788 [INFO] PluginManage:283 - PluginManage : Loaded plugins [15]
2023-04-10 08:30:10,385 [INFO] PinOutPanel:1499 - setPackage(No Configuration,No Configuration)
2023-04-10 08:30:10,544 [INFO] CADModel:165 - CPN selected for project level
2023-04-10 08:30:10,544 [INFO] CADModel:114 - Register for checkConnection events
2023-04-10 08:30:10,598 [INFO] IPUIPlugin:80 - create IPUIPlugin
2023-04-10 08:30:10,598 [INFO] PluginManager:220 - loadIPPluginJar : add adc
2023-04-10 08:30:10,668 [INFO] IPUIPlugin:80 - create IPUIPlugin
2023-04-10 08:30:10,668 [INFO] PluginManager:220 - loadIPPluginJar : add aes
2023-04-10 08:30:10,724 [INFO] IPUIPlugin:80 - create IPUIPlugin
2023-04-10 08:30:10,724 [INFO] PluginManager:220 - loadIPPluginJar : add can
2023-04-10 08:30:10,754 [INFO] IPUIPlugin:80 - create IPUIPlugin
2023-04-10 08:30:10,754 [INFO] PluginManager:220 - loadIPPluginJar : add comp
2023-04-10 08:30:10,804 [INFO] IPUIPlugin:80 - create IPUIPlugin
2023-04-10 08:30:10,804 [INFO] PluginManager:220 - loadIPPluginJar : add cryp
2023-04-10 08:30:10,844 [INFO] IPUIPlugin:80 - create IPUIPlugin
2023-04-10 08:30:10,844 [INFO] PluginManager:220 - loadIPPluginJar : add dfsdm
2023-04-10 08:30:10,862 [INFO] IPUIPlugin:80 - create IPUIPlugin
2023-04-10 08:30:10,872 [INFO] PluginManager:220 - loadIPPluginJar : add dma
2023-04-10 08:30:10,933 [INFO] IPUIPlugin:80 - create IPUIPlugin
2023-04-10 08:30:10,933 [INFO] PluginManager:220 - loadIPPluginJar : add dma3
2023-04-10 08:30:10,963 [INFO] IPUIPlugin:80 - create IPUIPlugin
2023-04-10 08:30:10,963 [INFO] PluginManager:220 - loadIPPluginJar : add fatfs
2023-04-10 08:30:11,031 [INFO] IPUIPlugin:80 - create IPUIPlugin
2023-04-10 08:30:11,031 [INFO] PluginManager:220 - loadIPPluginJar : add fmc
2023-04-10 08:30:11,060 [INFO] IPUIPlugin:80 - create IPUIPlugin
2023-04-10 08:30:11,060 [INFO] PluginManager:220 - loadIPPluginJar : add freertos
2023-04-10 08:30:11,090 [INFO] IPUIPlugin:80 - create IPUIPlugin
2023-04-10 08:30:11,090 [INFO] PluginManager:220 - loadIPPluginJar : add genericplugin
2023-04-10 08:30:11,213 [INFO] IPUIPlugin:80 - create IPUIPlugin
2023-04-10 08:30:11,213 [INFO] PluginManager:220 - loadIPPluginJar : add gfxmmu
2023-04-10 08:30:11,384 [INFO] IPUIPlugin:80 - create IPUIPlugin
2023-04-10 08:30:11,384 [INFO] PluginManager:220 - loadIPPluginJar : add gic
2023-04-10 08:30:11,409 [INFO] IPUIPlugin:80 - create IPUIPlugin
2023-04-10 08:30:11,409 [INFO] PluginManager:220 - loadIPPluginJar : add gpio
2023-04-10 08:30:11,531 [INFO] IPUIPlugin:80 - create IPUIPlugin
2023-04-10 08:30:11,531 [INFO] PluginManager:220 - loadIPPluginJar : add gtzc
2023-04-10 08:30:11,571 [INFO] IPUIPlugin:80 - create IPUIPlugin
2023-04-10 08:30:11,571 [INFO] PluginManager:220 - loadIPPluginJar : add hash
2023-04-10 08:30:11,648 [INFO] IPUIPlugin:80 - create IPUIPlugin
2023-04-10 08:30:11,648 [INFO] PluginManager:220 - loadIPPluginJar : add i2c
2023-04-10 08:30:11,698 [INFO] IPUIPlugin:80 - create IPUIPlugin
2023-04-10 08:30:11,698 [INFO] PluginManager:220 - loadIPPluginJar : add i2s
2023-04-10 08:30:11,748 [INFO] IPUIPlugin:80 - create IPUIPlugin
2023-04-10 08:30:11,748 [INFO] PluginManager:220 - loadIPPluginJar : add i3c
2023-04-10 08:30:11,909 [INFO] IPUIPlugin:80 - create IPUIPlugin
2023-04-10 08:30:11,909 [INFO] PluginManager:220 - loadIPPluginJar : add ipddr
2023-04-10 08:30:12,050 [INFO] IPUIPlugin:80 - create IPUIPlugin
2023-04-10 08:30:12,050 [INFO] PluginManager:220 - loadIPPluginJar : add linkedlist
2023-04-10 08:30:12,100 [INFO] IPUIPlugin:80 - create IPUIPlugin
2023-04-10 08:30:12,100 [INFO] PluginManager:220 - loadIPPluginJar : add lorawan
2023-04-10 08:30:12,140 [INFO] IPUIPlugin:80 - create IPUIPlugin
2023-04-10 08:30:12,140 [INFO] PluginManager:220 - loadIPPluginJar : add ltdc
2023-04-10 08:30:12,170 [INFO] IPUIPlugin:80 - create IPUIPlugin
2023-04-10 08:30:12,170 [INFO] PluginManager:220 - loadIPPluginJar : add mdma
2023-04-10 08:30:12,191 [INFO] IPUIPlugin:80 - create IPUIPlugin
2023-04-10 08:30:12,191 [INFO] PluginManager:220 - loadIPPluginJar : add nvic
2023-04-10 08:30:12,252 [INFO] IPUIPlugin:80 - create IPUIPlugin
2023-04-10 08:30:12,252 [INFO] PluginManager:220 - loadIPPluginJar : add opamp
2023-04-10 08:30:12,322 [INFO] ThirdPartyUpdaterWithRetryManager:70 - Updater plugin not ready yet. [2/15]
2023-04-10 08:30:12,334 [INFO] IPUIPlugin:80 - create IPUIPlugin
2023-04-10 08:30:12,334 [INFO] PluginManager:220 - loadIPPluginJar : add openamp
2023-04-10 08:30:12,394 [INFO] IPUIPlugin:80 - create IPUIPlugin
2023-04-10 08:30:12,394 [INFO] PluginManager:220 - loadIPPluginJar : add pdm2pcm
2023-04-10 08:30:12,423 [INFO] IPUIPlugin:80 - create IPUIPlugin
2023-04-10 08:30:12,423 [INFO] PluginManager:220 - loadIPPluginJar : add plateformsettings
2023-04-10 08:30:12,453 [INFO] IPUIPlugin:80 - create IPUIPlugin
2023-04-10 08:30:12,453 [INFO] PluginManager:220 - loadIPPluginJar : add quadspi
2023-04-10 08:30:12,474 [INFO] IPUIPlugin:80 - create IPUIPlugin
2023-04-10 08:30:12,474 [INFO] PluginManager:220 - loadIPPluginJar : add resmgrutility
2023-04-10 08:30:12,546 [INFO] IPUIPlugin:80 - create IPUIPlugin
2023-04-10 08:30:12,546 [INFO] PluginManager:220 - loadIPPluginJar : add sai
2023-04-10 08:30:12,597 [INFO] IPUIPlugin:80 - create IPUIPlugin
2023-04-10 08:30:12,597 [INFO] PluginManager:220 - loadIPPluginJar : add spi
2023-04-10 08:30:12,678 [INFO] IPUIPlugin:80 - create IPUIPlugin
2023-04-10 08:30:12,678 [INFO] PluginManager:220 - loadIPPluginJar : add stm32_wpan
2023-04-10 08:30:12,708 [INFO] IPUIPlugin:80 - create IPUIPlugin
2023-04-10 08:30:12,708 [INFO] PluginManager:220 - loadIPPluginJar : add tim
2023-04-10 08:30:12,788 [INFO] IPUIPlugin:80 - create IPUIPlugin
2023-04-10 08:30:12,788 [INFO] PluginManager:220 - loadIPPluginJar : add touchsensing
2023-04-10 08:30:12,808 [INFO] IPUIPlugin:80 - create IPUIPlugin
2023-04-10 08:30:12,808 [INFO] PluginManager:220 - loadIPPluginJar : add tracer_emb
2023-04-10 08:30:12,849 [INFO] IPUIPlugin:80 - create IPUIPlugin
2023-04-10 08:30:12,849 [INFO] PluginManager:220 - loadIPPluginJar : add ts
2023-04-10 08:30:12,868 [INFO] IPUIPlugin:80 - create IPUIPlugin
2023-04-10 08:30:12,868 [INFO] PluginManager:220 - loadIPPluginJar : add tsc
2023-04-10 08:30:12,898 [INFO] IPUIPlugin:80 - create IPUIPlugin
2023-04-10 08:30:12,898 [INFO] PluginManager:220 - loadIPPluginJar : add ucpd
2023-04-10 08:30:12,948 [INFO] IPUIPlugin:80 - create IPUIPlugin
2023-04-10 08:30:12,948 [INFO] PluginManager:220 - loadIPPluginJar : add usart
2023-04-10 08:30:13,010 [INFO] IPUIPlugin:80 - create IPUIPlugin
2023-04-10 08:30:13,010 [INFO] PluginManager:220 - loadIPPluginJar : add usbx
2023-04-10 08:30:13,207 [INFO] CADModel:165 - CPN selected for project level
2023-04-10 08:30:13,207 [INFO] CADModel:114 - Register for checkConnection events
2023-04-10 08:30:13,208 [FATAL] Updater:308 - Updater called before beeing initialized
2023-04-10 08:30:13,208 [ERROR] CADModel:125 - Updater not yet initialized, retry later 
2023-04-10 08:30:13,511 [INFO] CADModel:165 - CPN selected for project level
2023-04-10 08:30:13,511 [INFO] CADModel:114 - Register for checkConnection events
2023-04-10 08:30:13,511 [FATAL] Updater:308 - Updater called before beeing initialized
2023-04-10 08:30:13,512 [ERROR] CADModel:125 - Updater not yet initialized, retry later 
2023-04-10 08:30:13,514 [FATAL] Updater:308 - Updater called before beeing initialized
2023-04-10 08:30:13,787 [FATAL] Updater:308 - Updater called before beeing initialized
2023-04-10 08:30:13,817 [INFO] DbMcusAds:53 - JSON generation date=Tue Mar 07 14:50:55 ALMT 2023 (1678179055114)
2023-04-10 08:30:13,818 [FATAL] Updater:308 - Updater called before beeing initialized
2023-04-10 08:30:13,979 [WARN] DetailPanel:346 - Failed to get advertising image, set to default
2023-04-10 08:30:14,281 [FATAL] Updater:308 - Updater called before beeing initialized
2023-04-10 08:30:14,285 [FATAL] Updater:308 - Updater called before beeing initialized
2023-04-10 08:30:14,285 [FATAL] Updater:308 - Updater called before beeing initialized
2023-04-10 08:30:14,285 [WARN] DetailPanel:346 - Failed to get advertising image, set to default
2023-04-10 08:30:14,288 [FATAL] Updater:308 - Updater called before beeing initialized
2023-04-10 08:30:14,399 [ERROR] Updater:1120 - MainUpdater not yet initialized. External WinMGr cannot be set.
2023-04-10 08:30:14,419 [INFO] Updater:1056 - Updater Version found : 6.8.0
2023-04-10 08:30:14,451 [INFO] ApplicationProperties:184 - Using Application install path: C:\ST\STM32CubeIDE_1.10.0\STM32CubeIDE\plugins\com.st.stm32cube.common.mx_6.8.0.202302231600
2023-04-10 08:30:14,735 [ERROR] ServerAccessManage:1146 - Warning during Server Connection :  Unknown host sw-center.st.com
2023-04-10 08:30:14,743 [INFO] MainUpdater:2854 - connection check result : 22
2023-04-10 08:30:14,745 [INFO] MainUpdater:283 - Updater Check For Update Now.
2023-04-10 08:30:14,746 [INFO] MicroXplorer:498 - Change Database Version : DB.6.0.80
2023-04-10 08:30:15,051 [INFO] CheckServerUpdateThread:120 - End of CheckServer Thread
2023-04-10 08:30:15,124 [ERROR] ServerAccessManage:1146 - Warning during Server Connection :  Unknown host sw-center.st.com
2023-04-10 08:30:15,125 [INFO] MainUpdater:2854 - connection check result : 22
2023-04-10 08:30:15,782 [WARN] PackLoader:240 - Cannot read IP mode file for STMicroelectronics.X-CUBE-GNSS1.6.0.0
2023-04-10 08:30:15,885 [WARN] PackLoader:240 - Cannot read IP mode file for STMicroelectronics.X-CUBE-AZRTOS-F4.1.1.0
2023-04-10 08:30:15,972 [WARN] PackLoader:240 - Cannot read IP mode file for STMicroelectronics.X-CUBE-AZRTOS-F7.1.1.0
2023-04-10 08:30:15,998 [WARN] PackLoader:240 - Cannot read IP mode file for STMicroelectronics.X-CUBE-BLE1.6.2.4
2023-04-10 08:30:16,046 [WARN] PackLoader:240 - Cannot read IP mode file for emotas.I-CUBE-CANOPEN.1.1.3
2023-04-10 08:30:16,079 [WARN] PackLoader:240 - Cannot read IP mode file for STMicroelectronics.X-CUBE-BLEMGR.2.0.0
2023-04-10 08:30:16,108 [WARN] PackLoader:240 - Cannot read IP mode file for STMicroelectronics.X-CUBE-NFC4.2.0.5
2023-04-10 08:30:16,140 [WARN] PackLoader:240 - Cannot read IP mode file for wolfSSL.I-CUBE-wolfSSL.5.1.1
2023-04-10 08:30:16,358 [WARN] PackLoader:240 - Cannot read IP mode file for STMicroelectronics.X-CUBE-DISPLAY.3.0.0
2023-04-10 08:30:16,391 [WARN] PackLoader:240 - Cannot read IP mode file for wolfSSL.I-CUBE-wolfSSL.5.5.3
2023-04-10 08:30:16,507 [WARN] PackLoader:240 - Cannot read IP mode file for STMicroelectronics.X-CUBE-NFC7.1.0.0
2023-04-10 08:30:16,547 [WARN] PackLoader:240 - Cannot read IP mode file for STMicroelectronics.X-CUBE-EEPRMA1.4.1.0
2023-04-10 08:30:16,588 [WARN] PackLoader:240 - Cannot read IP mode file for WES.I-CUBE-Cesium.1.3.0
2023-04-10 08:30:16,617 [WARN] PackLoader:240 - Cannot read IP mode file for STMicroelectronics.X-CUBE-SFXS2LP1.4.0.0
2023-04-10 08:30:16,644 [WARN] PackLoader:240 - Cannot read IP mode file for STMicroelectronics.X-CUBE-BLE2.3.3.0
2023-04-10 08:30:16,668 [WARN] PackLoader:240 - Cannot read IP mode file for STMicroelectronics.X-CUBE-DISPLAY.2.2.0
2023-04-10 08:30:16,707 [WARN] PackLoader:240 - Cannot read IP mode file for STMicroelectronics.X-CUBE-TOF1.3.2.0
2023-04-10 08:30:16,818 [WARN] PackLoader:240 - Cannot read IP mode file for STMicroelectronics.X-CUBE-AZRTOS-H7.3.0.0
2023-04-10 08:30:16,834 [WARN] PackLoader:240 - Cannot read IP mode file for STMicroelectronics.X-CUBE-ISPU.1.1.0
2023-04-10 08:30:16,869 [WARN] PackLoader:240 - Cannot read IP mode file for RoweBots.I-CUBE-UNISONRTOS.5.5.0-4
2023-04-10 08:30:16,927 [WARN] PackLoader:240 - Cannot read IP mode file for STMicroelectronics.X-CUBE-AI.8.0.0
2023-04-10 08:30:16,944 [WARN] PackLoader:240 - Cannot read IP mode file for STMicroelectronics.X-CUBE-FREERTOS.1.0.0
2023-04-10 08:30:16,970 [WARN] PackLoader:240 - Cannot read IP mode file for STMicroelectronics.X-CUBE-TOUCHGFX.4.21.1
2023-04-10 08:30:16,990 [WARN] PackLoader:240 - Cannot read IP mode file for STMicroelectronics.X-CUBE-TOUCHGFX.4.21.0
2023-04-10 08:30:17,009 [WARN] PackLoader:240 - Cannot read IP mode file for STMicroelectronics.X-CUBE-TOUCHGFX.4.21.3
2023-04-10 08:30:17,114 [WARN] PackLoader:240 - Cannot read IP mode file for STMicroelectronics.X-CUBE-MEMS1.9.4.0
2023-04-10 08:30:17,470 [WARN] PackLoader:240 - Cannot read IP mode file for STMicroelectronics.X-CUBE-AI.7.3.0
2023-04-10 08:30:17,492 [WARN] PackLoader:240 - Cannot read IP mode file for STMicroelectronics.X-CUBE-ALGOBUILD.1.3.0
2023-04-10 08:30:17,542 [WARN] PackLoader:240 - Cannot read IP mode file for STMicroelectronics.X-CUBE-AZRTOS-L5.1.1.0
2023-04-10 08:30:17,600 [WARN] PackLoader:240 - Cannot read IP mode file for STMicroelectronics.X-CUBE-AZRTOS-G0.1.1.0
2023-04-10 08:30:17,644 [WARN] PackLoader:240 - Cannot read IP mode file for STMicroelectronics.X-CUBE-SUBG2.5.0.0
2023-04-10 08:30:17,669 [WARN] PackLoader:240 - Cannot read IP mode file for STMicroelectronics.X-CUBE-NFC4.3.0.0
2023-04-10 08:30:17,734 [WARN] PackLoader:240 - Cannot read IP mode file for STMicroelectronics.X-CUBE-TOF1.3.3.0
2023-04-10 08:30:17,767 [WARN] PackLoader:240 - Cannot read IP mode file for STMicroelectronics.FP-ATR-ASTRA1.1.1.1
2023-04-10 08:30:17,789 [WARN] PackLoader:240 - Cannot read IP mode file for STMicroelectronics.X-CUBE-BLEMGR.1.3.0
2023-04-10 08:30:17,843 [WARN] PackLoader:240 - Cannot read IP mode file for STMicroelectronics.X-CUBE-AZRTOS-G4.1.0.0
2023-04-10 08:30:17,861 [WARN] PackLoader:240 - Cannot read IP mode file for STMicroelectronics.FP-ATR-SIGFOX1.3.2.0
2023-04-10 08:30:17,920 [WARN] PackLoader:240 - Cannot read IP mode file for STMicroelectronics.X-CUBE-AZRTOS-L4.1.0.0
2023-04-10 08:30:17,987 [WARN] PackLoader:240 - Cannot read IP mode file for STMicroelectronics.X-CUBE-AZRTOS-WL.1.0.0
2023-04-10 08:30:18,012 [WARN] PackLoader:240 - Cannot read IP mode file for portGmbH.I-Cube-SoM-uGOAL.1.1.0
2023-04-10 08:30:18,034 [WARN] PackLoader:240 - Cannot read IP mode file for STMicroelectronics.X-CUBE-ALS.1.0.1
2023-04-10 08:30:18,135 [WARN] PackLoader:240 - Cannot read IP mode file for STMicroelectronics.X-CUBE-MEMS1.9.5.0
2023-04-10 08:30:18,433 [WARN] PackLoader:240 - Cannot read IP mode file for STMicroelectronics.X-CUBE-AZRTOS-WB.1.1.0
2023-04-10 08:30:18,634 [WARN] PackLoader:240 - Cannot read IP mode file for SEGGER.I-CUBE-embOS.1.3.1
2023-04-10 08:30:18,792 [WARN] PackLoader:240 - Cannot read IP mode file for SEGGER.I-CUBE-embOS.1.3.0
2023-04-10 08:30:18,855 [INFO] ThirdParty:978 - Integrity check success = true
2023-04-10 08:30:18,855 [INFO] IntegrityCheckThread:100 - exiting critical section [integrity check]
2023-04-10 08:30:18,855 [INFO] IntegrityCheckThread:103 - End integrity checks thread
2023-04-10 08:30:22,964 [ERROR] ServerAccessManage:1146 - Warning during Server Connection :  Unknown host sw-center.st.com
2023-04-10 08:30:27,278 [INFO] MainUpdater:2854 - connection check result : 22
2023-04-10 08:30:37,507 [ERROR] ServerAccessManage:1146 - Warning during Server Connection :  Unknown host sw-center.st.com
2023-04-10 08:30:37,510 [INFO] MainUpdater:2854 - connection check result : 22
2023-04-10 08:30:39,903 [INFO] ApiDb:581 - Connected to CubeFinder SQLite database (C:\Users\User\.stmcufinder\plugins\mcufinder\mcu\cube-finder-db.db)
2023-04-10 08:30:40,149 [INFO] ApiDb:668 - CubeFinder database Data Model version=2.1
2023-04-10 08:30:40,149 [INFO] ApiDb:669 - CubeFinder database Configuration version=3.0.35
2023-04-10 08:30:40,150 [INFO] ApiDb:670 - CubeFinder database generation date=2023-03-10 (1678456172)
2023-04-10 08:30:40,150 [INFO] ApiDb:671 - CubeFinder database FW Pack versions=[FP-ATR-ASTRA1_V1.1.1, STM32Cube_FW_C0_V1.0.1, STM32Cube_FW_F0_V1.11.4, STM32Cube_FW_F3_V1.11.4, STM32Cube_FW_F4_V1.27.1, STM32Cube_FW_F7_V1.17.0, STM32Cube_FW_G0_V1.6.1, STM32Cube_FW_G4_V1.5.1, STM32Cube_FW_H5_V0.5.1, STM32Cube_FW_H5_V1.0.0, STM32Cube_FW_H7_V1.11.0, STM32Cube_FW_L0_V1.12.2, STM32Cube_FW_L5_V1.5.0, STM32Cube_FW_U5_V1.2.0, STM32Cube_FW_WBA_V1.0.0, STM32Cube_FW_WBA_V1.0.0RC1, STM32Cube_FW_WBA_V1.0.0RC3, STM32Cube_FW_WB_V1.15.0RC1, STM32Cube_FW_WB_V1.16.0, STM32Cube_FW_WB_V1.16.0RC2, STM32Cube_FW_WL_V1.3.0, X-CUBE-ALGOBUILD_V1.3.0, X-CUBE-ALS_V1.0.1, X-CUBE-AZRTOS-F4_V1.1.0, X-CUBE-AZRTOS-F7_V1.1.0, X-CUBE-AZRTOS-G0_V1.1.0, X-CUBE-AZRTOS-G4_V1.0.0, X-CUBE-AZRTOS-H7_V3.0.0, X-CUBE-AZRTOS-L4_V1.0.0, X-CUBE-AZRTOS-L5_V1.1.0, X-CUBE-AZRTOS-WB_V1.1.0, X-CUBE-AZRTOS-WL_V1.0.0, X-CUBE-BLE1_V6.2.4, X-CUBE-BLE2_V3.3.0, X-CUBE-BLEMGR_V1.3.0, X-CUBE-EEPRMA1_V4.1.0, X-CUBE-GNSS1_V6.0.0, X-CUBE-MEMS1_V9.1.0, X-CUBE-MEMS1_V9.4.0, X-CUBE-MEMS1_V9.5.0, X-CUBE-NFC4_V3.0.0, X-CUBE-NFC7_V1.0.0, X-CUBE-SFXS2LP1_V4.0.0, X-CUBE-SUBG2_V5.0.0]
2023-04-10 08:30:40,493 [INFO] DbBoardsSqlite:226 - include board P-NUCLEO-WB55-NUCLEO as a kit item of type 'Nucleo-64'
2023-04-10 08:30:40,493 [INFO] DbBoardsSqlite:226 - include board P-NUCLEO-WB55-USBDONGLE as a kit item of type 'Nucleo USB Dongle'
2023-04-10 08:30:40,498 [INFO] DbBoardsSqlite:226 - include board STEVAL-IDP005V1 as a kit item of type 'Evaluation Board'
2023-04-10 08:30:40,499 [INFO] DbBoardsSqlite:226 - include board STEVAL-IDP005V2 as a kit item of type 'Evaluation Board'
2023-04-10 08:30:41,646 [INFO] ApiDb:240 - Found 297 in-development CPN: [B-G473E-ZEST1S, B-WB1M-WPAN1, B-WL5M-SUBG1, NUCLEO-C031C6, NUCLEO-H503RB, NUCLEO-H563ZI, NUCLEO-U545RE-Q, NUCLEO-U5A5ZJ-Q, NUCLEO-WBA52CG, STEVAL-PROTEUS1, STEVAL-STWINBX1, STM320518-EVAL, STM32C0116-DK, STM32C011D6Y3TR, STM32C011D6Y6TR, STM32C011F4P3, STM32C011F4P6, STM32C011F4U3, STM32C011F4U6TR, STM32C011F6P3, STM32C011F6P6, STM32C011F6U3, STM32C011F6U6TR, STM32C011J4M3, STM32C011J4M6, STM32C011J6M3, STM32C011J6M6, STM32C0316-DK, STM32C031C4T3, STM32C031C4T6, STM32C031C4U3, STM32C031C4U6, STM32C031C6T3, STM32C031C6T6, STM32C031C6U3, STM32C031C6U6, STM32C031F4P3, STM32C031F4P6, STM32C031F6P3, STM32C031F6P6, STM32C031G4U3, STM32C031G4U6, STM32C031G6U3, STM32C031G6U6, STM32C031K4T3, STM32C031K4T6, STM32C031K4U3, STM32C031K4U6, STM32C031K6T3, STM32C031K6T6, STM32C031K6U3, STM32C031K6U6, STM32G071K8TXN, STM32G071K8UXN, STM32G081GBU6N, STM32G081KBT6N, STM32G081KBUXN, STM32G0B1CCT6N, STM32G0B1KCT6, STM32G0B1NEY6TR, STM32G0B1RCT6N, STM32G0C1CCT6, STM32G0C1CCT6N, STM32G0C1CCU6N, STM32G0C1CET6N, STM32G0C1CEU6N, STM32G0C1KCT6, STM32G0C1NEY6TR, STM32G0C1RCI6N, STM32G0C1RCT6N, STM32G0C1REI6N, STM32G0C1RET6N, STM32G0C1VCI6, STM32G0C1VEI6, STM32G471CCT6, STM32G471CCU6, STM32G471CET3, STM32G471CET6, STM32G471CEU3, STM32G471CEU6, STM32G471MCT6, STM32G471MET3, STM32G471MET6, STM32G471MEY6TR, STM32G471QCT6, STM32G471QET3, STM32G471RCT6, STM32G471RET3, STM32G471RET6, STM32G471VCH6, STM32G471VCI6, STM32G471VCT6, STM32G471VEH3, STM32G471VEH6, STM32G471VEI3, STM32G471VEI6, STM32G471VET3, STM32G471VET6, STM32G474CCT6, STM32H503CBT6, STM32H503CBU6, STM32H503EBY6TR, STM32H503KBU6, STM32H503RBT6, STM32H562AGI6, STM32H562AII6, STM32H562IGK6, STM32H562IGT6, STM32H562IIK6, STM32H562IIT6, STM32H562RGT6, STM32H562RGV6, STM32H562RIT6, STM32H562RIV6, STM32H562VGT6, STM32H562VIT6, STM32H562ZGT6, STM32H562ZIT6, STM32H563AGI6, STM32H563AII3Q, STM32H563AII6, STM32H563IGK6, STM32H563IGT6, STM32H563IIK3Q, STM32H563IIK6, STM32H563IIT3Q, STM32H563IIT6, STM32H563MIY3QTR, STM32H563RGT6, STM32H563RGV6, STM32H563RIT6, STM32H563RIV6, STM32H563VGT6, STM32H563VIT3Q, STM32H563VIT6, STM32H563ZGT6, STM32H563ZIT3Q, STM32H563ZIT6, STM32H573AII3Q, STM32H573AII6, STM32H573I-DK, STM32H573IIK3Q, STM32H573IIK6, STM32H573IIT3Q, STM32H573IIT6, STM32H573MIY3QTR, STM32H573RIT6, STM32H573RIV6, STM32H573VIT3Q, STM32H573VIT6, STM32H573ZIT3Q, STM32H573ZIT6, STM32L4R5QGI6STR, STM32MP131AAE3, STM32MP131AAF3, STM32MP131AAG3, STM32MP131CAE3, STM32MP131CAF3, STM32MP131CAG3, STM32MP131DAE7, STM32MP131DAF7, STM32MP131DAG7, STM32MP131FAE7, STM32MP131FAF7, STM32MP131FAG7, STM32MP133AAE3, STM32MP133AAF3, STM32MP133AAG3, STM32MP133CAE3, STM32MP133CAF3, STM32MP133CAG3, STM32MP133DAE7, STM32MP133DAF7, STM32MP133DAG7, STM32MP133FAE7, STM32MP133FAF7, STM32MP133FAG7, STM32MP135AAE3, STM32MP135AAF3, STM32MP135AAG3, STM32MP135CAE3, STM32MP135CAF3, STM32MP135CAG3, STM32MP135DAE7, STM32MP135DAF7, STM32MP135DAG7, STM32MP135F-DK, STM32MP135FAE7, STM32MP135FAF7, STM32MP135FAF7T, STM32MP135FAF7U, STM32MP135FAG7, STM32U535CBT6, STM32U535CBT6Q, STM32U535CBU6, STM32U535CBU6Q, STM32U535CCT6, STM32U535CCT6Q, STM32U535CCU6, STM32U535CCU6Q, STM32U535CET6, STM32U535CET6Q, STM32U535CEU6, STM32U535CEU6Q, STM32U535JEY6QTR, STM32U535NCY6QTR, STM32U535NEY6QTR, STM32U535RBI6, STM32U535RBI6Q, STM32U535RBT6, STM32U535RBT6Q, STM32U535RCI6, STM32U535RCI6Q, STM32U535RCT6, STM32U535RCT6Q, STM32U535REI6, STM32U535REI6Q, STM32U535RET6, STM32U535RET6Q, STM32U535VCI6, STM32U535VCI6Q, STM32U535VCT6, STM32U535VCT6Q, STM32U535VEI6, STM32U535VEI6Q, STM32U535VET6, STM32U535VET6Q, STM32U545CET6, STM32U545CET6Q, STM32U545CEU6, STM32U545CEU6Q, STM32U545JEY6QTR, STM32U545NEY6QTR, STM32U545REI6, STM32U545REI6Q, STM32U545RET6, STM32U545RET6Q, STM32U545VEI6, STM32U545VEI6Q, STM32U545VET6, STM32U545VET6Q, STM32U595AIH6, STM32U595AIH6Q, STM32U595AJH6, STM32U595AJH6Q, STM32U595QII6, STM32U595QII6Q, STM32U595QJI6, STM32U595QJI6Q, STM32U595RIT6, STM32U595RIT6Q, STM32U595RJT6, STM32U595RJT6Q, STM32U595VIT6, STM32U595VIT6Q, STM32U595VJT6, STM32U595VJT6Q, STM32U595ZIT6, STM32U595ZIT6Q, STM32U595ZIY6QTR, STM32U595ZJT6, STM32U595ZJT6Q, STM32U595ZJY6QTR, STM32U599BJY6QTR, STM32U599NIH6Q, STM32U599NJH6Q, STM32U599VIT6Q, STM32U599VJT6, STM32U599VJT6Q, STM32U599ZIT6Q, STM32U599ZIY6QTR, STM32U599ZJT6Q, STM32U599ZJY6QTR, STM32U5A5AJH6, STM32U5A5AJH6Q, STM32U5A5QJI6, STM32U5A5QJI6Q, STM32U5A5RJT6, STM32U5A5RJT6Q, STM32U5A5VJT6, STM32U5A5VJT6Q, STM32U5A5ZJT6, STM32U5A5ZJT6Q, STM32U5A5ZJY6QTR, STM32U5A9BJY6QTR, STM32U5A9J-DK, STM32U5A9NJH6Q, STM32U5A9VJT6Q, STM32U5A9ZJT6Q, STM32U5A9ZJY6QTR, STM32WB1MMCH6, STM32WBA52CEU6, STM32WBA52CEU6T, STM32WBA52CGU6, STM32WBA52CGU6T, STM32WL5MOCH6, STM32WL5MOCH6TR]
2023-04-10 08:30:41,876 [INFO] BoardInfo:880 - No configuration file found for board P-NUCLEO-WB55
2023-04-10 08:30:41,876 [INFO] DbBoards:157 - Kit is not supported: P-NUCLEO-WB55
2023-04-10 08:30:41,896 [INFO] BoardInfo:880 - No configuration file found for board STEVAL-BFA001V1B
2023-04-10 08:30:41,896 [INFO] DbBoards:157 - Kit is not supported: STEVAL-BFA001V1B
2023-04-10 08:30:41,896 [INFO] BoardInfo:880 - No configuration file found for board STEVAL-BFA001V2B
2023-04-10 08:30:41,896 [INFO] DbBoards:157 - Kit is not supported: STEVAL-BFA001V2B
2023-04-10 08:30:42,114 [INFO] DbBoards:161 - Found 187 boards, 184 are supported
2023-04-10 08:30:42,124 [INFO] ApiDb:668 - CubeFinder database Data Model version=2.1
2023-04-10 08:30:42,124 [INFO] ApiDb:669 - CubeFinder database Configuration version=3.0.35
2023-04-10 08:30:42,124 [INFO] ApiDb:670 - CubeFinder database generation date=2023-03-10 (1678456172)
2023-04-10 08:30:42,124 [INFO] ApiDb:671 - CubeFinder database FW Pack versions=[FP-ATR-ASTRA1_V1.1.1, STM32Cube_FW_C0_V1.0.1, STM32Cube_FW_F0_V1.11.4, STM32Cube_FW_F3_V1.11.4, STM32Cube_FW_F4_V1.27.1, STM32Cube_FW_F7_V1.17.0, STM32Cube_FW_G0_V1.6.1, STM32Cube_FW_G4_V1.5.1, STM32Cube_FW_H5_V0.5.1, STM32Cube_FW_H5_V1.0.0, STM32Cube_FW_H7_V1.11.0, STM32Cube_FW_L0_V1.12.2, STM32Cube_FW_L5_V1.5.0, STM32Cube_FW_U5_V1.2.0, STM32Cube_FW_WBA_V1.0.0, STM32Cube_FW_WBA_V1.0.0RC1, STM32Cube_FW_WBA_V1.0.0RC3, STM32Cube_FW_WB_V1.15.0RC1, STM32Cube_FW_WB_V1.16.0, STM32Cube_FW_WB_V1.16.0RC2, STM32Cube_FW_WL_V1.3.0, X-CUBE-ALGOBUILD_V1.3.0, X-CUBE-ALS_V1.0.1, X-CUBE-AZRTOS-F4_V1.1.0, X-CUBE-AZRTOS-F7_V1.1.0, X-CUBE-AZRTOS-G0_V1.1.0, X-CUBE-AZRTOS-G4_V1.0.0, X-CUBE-AZRTOS-H7_V3.0.0, X-CUBE-AZRTOS-L4_V1.0.0, X-CUBE-AZRTOS-L5_V1.1.0, X-CUBE-AZRTOS-WB_V1.1.0, X-CUBE-AZRTOS-WL_V1.0.0, X-CUBE-BLE1_V6.2.4, X-CUBE-BLE2_V3.3.0, X-CUBE-BLEMGR_V1.3.0, X-CUBE-EEPRMA1_V4.1.0, X-CUBE-GNSS1_V6.0.0, X-CUBE-MEMS1_V9.1.0, X-CUBE-MEMS1_V9.4.0, X-CUBE-MEMS1_V9.5.0, X-CUBE-NFC4_V3.0.0, X-CUBE-NFC7_V1.0.0, X-CUBE-SFXS2LP1_V4.0.0, X-CUBE-SUBG2_V5.0.0]
2023-04-10 08:30:45,170 [INFO] ApiDb:240 - Found 297 in-development CPN: [B-G473E-ZEST1S, B-WB1M-WPAN1, B-WL5M-SUBG1, NUCLEO-C031C6, NUCLEO-H503RB, NUCLEO-H563ZI, NUCLEO-U545RE-Q, NUCLEO-U5A5ZJ-Q, NUCLEO-WBA52CG, STEVAL-PROTEUS1, STEVAL-STWINBX1, STM320518-EVAL, STM32C0116-DK, STM32C011D6Y3TR, STM32C011D6Y6TR, STM32C011F4P3, STM32C011F4P6, STM32C011F4U3, STM32C011F4U6TR, STM32C011F6P3, STM32C011F6P6, STM32C011F6U3, STM32C011F6U6TR, STM32C011J4M3, STM32C011J4M6, STM32C011J6M3, STM32C011J6M6, STM32C0316-DK, STM32C031C4T3, STM32C031C4T6, STM32C031C4U3, STM32C031C4U6, STM32C031C6T3, STM32C031C6T6, STM32C031C6U3, STM32C031C6U6, STM32C031F4P3, STM32C031F4P6, STM32C031F6P3, STM32C031F6P6, STM32C031G4U3, STM32C031G4U6, STM32C031G6U3, STM32C031G6U6, STM32C031K4T3, STM32C031K4T6, STM32C031K4U3, STM32C031K4U6, STM32C031K6T3, STM32C031K6T6, STM32C031K6U3, STM32C031K6U6, STM32G071K8TXN, STM32G071K8UXN, STM32G081GBU6N, STM32G081KBT6N, STM32G081KBUXN, STM32G0B1CCT6N, STM32G0B1KCT6, STM32G0B1NEY6TR, STM32G0B1RCT6N, STM32G0C1CCT6, STM32G0C1CCT6N, STM32G0C1CCU6N, STM32G0C1CET6N, STM32G0C1CEU6N, STM32G0C1KCT6, STM32G0C1NEY6TR, STM32G0C1RCI6N, STM32G0C1RCT6N, STM32G0C1REI6N, STM32G0C1RET6N, STM32G0C1VCI6, STM32G0C1VEI6, STM32G471CCT6, STM32G471CCU6, STM32G471CET3, STM32G471CET6, STM32G471CEU3, STM32G471CEU6, STM32G471MCT6, STM32G471MET3, STM32G471MET6, STM32G471MEY6TR, STM32G471QCT6, STM32G471QET3, STM32G471RCT6, STM32G471RET3, STM32G471RET6, STM32G471VCH6, STM32G471VCI6, STM32G471VCT6, STM32G471VEH3, STM32G471VEH6, STM32G471VEI3, STM32G471VEI6, STM32G471VET3, STM32G471VET6, STM32G474CCT6, STM32H503CBT6, STM32H503CBU6, STM32H503EBY6TR, STM32H503KBU6, STM32H503RBT6, STM32H562AGI6, STM32H562AII6, STM32H562IGK6, STM32H562IGT6, STM32H562IIK6, STM32H562IIT6, STM32H562RGT6, STM32H562RGV6, STM32H562RIT6, STM32H562RIV6, STM32H562VGT6, STM32H562VIT6, STM32H562ZGT6, STM32H562ZIT6, STM32H563AGI6, STM32H563AII3Q, STM32H563AII6, STM32H563IGK6, STM32H563IGT6, STM32H563IIK3Q, STM32H563IIK6, STM32H563IIT3Q, STM32H563IIT6, STM32H563MIY3QTR, STM32H563RGT6, STM32H563RGV6, STM32H563RIT6, STM32H563RIV6, STM32H563VGT6, STM32H563VIT3Q, STM32H563VIT6, STM32H563ZGT6, STM32H563ZIT3Q, STM32H563ZIT6, STM32H573AII3Q, STM32H573AII6, STM32H573I-DK, STM32H573IIK3Q, STM32H573IIK6, STM32H573IIT3Q, STM32H573IIT6, STM32H573MIY3QTR, STM32H573RIT6, STM32H573RIV6, STM32H573VIT3Q, STM32H573VIT6, STM32H573ZIT3Q, STM32H573ZIT6, STM32L4R5QGI6STR, STM32MP131AAE3, STM32MP131AAF3, STM32MP131AAG3, STM32MP131CAE3, STM32MP131CAF3, STM32MP131CAG3, STM32MP131DAE7, STM32MP131DAF7, STM32MP131DAG7, STM32MP131FAE7, STM32MP131FAF7, STM32MP131FAG7, STM32MP133AAE3, STM32MP133AAF3, STM32MP133AAG3, STM32MP133CAE3, STM32MP133CAF3, STM32MP133CAG3, STM32MP133DAE7, STM32MP133DAF7, STM32MP133DAG7, STM32MP133FAE7, STM32MP133FAF7, STM32MP133FAG7, STM32MP135AAE3, STM32MP135AAF3, STM32MP135AAG3, STM32MP135CAE3, STM32MP135CAF3, STM32MP135CAG3, STM32MP135DAE7, STM32MP135DAF7, STM32MP135DAG7, STM32MP135F-DK, STM32MP135FAE7, STM32MP135FAF7, STM32MP135FAF7T, STM32MP135FAF7U, STM32MP135FAG7, STM32U535CBT6, STM32U535CBT6Q, STM32U535CBU6, STM32U535CBU6Q, STM32U535CCT6, STM32U535CCT6Q, STM32U535CCU6, STM32U535CCU6Q, STM32U535CET6, STM32U535CET6Q, STM32U535CEU6, STM32U535CEU6Q, STM32U535JEY6QTR, STM32U535NCY6QTR, STM32U535NEY6QTR, STM32U535RBI6, STM32U535RBI6Q, STM32U535RBT6, STM32U535RBT6Q, STM32U535RCI6, STM32U535RCI6Q, STM32U535RCT6, STM32U535RCT6Q, STM32U535REI6, STM32U535REI6Q, STM32U535RET6, STM32U535RET6Q, STM32U535VCI6, STM32U535VCI6Q, STM32U535VCT6, STM32U535VCT6Q, STM32U535VEI6, STM32U535VEI6Q, STM32U535VET6, STM32U535VET6Q, STM32U545CET6, STM32U545CET6Q, STM32U545CEU6, STM32U545CEU6Q, STM32U545JEY6QTR, STM32U545NEY6QTR, STM32U545REI6, STM32U545REI6Q, STM32U545RET6, STM32U545RET6Q, STM32U545VEI6, STM32U545VEI6Q, STM32U545VET6, STM32U545VET6Q, STM32U595AIH6, STM32U595AIH6Q, STM32U595AJH6, STM32U595AJH6Q, STM32U595QII6, STM32U595QII6Q, STM32U595QJI6, STM32U595QJI6Q, STM32U595RIT6, STM32U595RIT6Q, STM32U595RJT6, STM32U595RJT6Q, STM32U595VIT6, STM32U595VIT6Q, STM32U595VJT6, STM32U595VJT6Q, STM32U595ZIT6, STM32U595ZIT6Q, STM32U595ZIY6QTR, STM32U595ZJT6, STM32U595ZJT6Q, STM32U595ZJY6QTR, STM32U599BJY6QTR, STM32U599NIH6Q, STM32U599NJH6Q, STM32U599VIT6Q, STM32U599VJT6, STM32U599VJT6Q, STM32U599ZIT6Q, STM32U599ZIY6QTR, STM32U599ZJT6Q, STM32U599ZJY6QTR, STM32U5A5AJH6, STM32U5A5AJH6Q, STM32U5A5QJI6, STM32U5A5QJI6Q, STM32U5A5RJT6, STM32U5A5RJT6Q, STM32U5A5VJT6, STM32U5A5VJT6Q, STM32U5A5ZJT6, STM32U5A5ZJT6Q, STM32U5A5ZJY6QTR, STM32U5A9BJY6QTR, STM32U5A9J-DK, STM32U5A9NJH6Q, STM32U5A9VJT6Q, STM32U5A9ZJT6Q, STM32U5A9ZJY6QTR, STM32WB1MMCH6, STM32WBA52CEU6, STM32WBA52CEU6T, STM32WBA52CGU6, STM32WBA52CGU6T, STM32WL5MOCH6, STM32WL5MOCH6TR]
2023-04-10 08:30:45,179 [INFO] DbMcus:216 - Found 3775 MCUs, 3775 are supported
2023-04-10 08:30:45,187 [INFO] ApiDb:423 - Load user favorites file C:\Users\User/.stm32cubeide/favorites.mcus.txt: 0 item(s)
2023-04-10 08:30:45,187 [INFO] ApiDb:427 - User favorites MCUs=[]
2023-04-10 08:30:45,188 [INFO] DbMcus:222 - Set 0 / 0 favorites MCUs
2023-04-10 08:30:45,703 [INFO] ApiDb:423 - Load user favorites file C:\Users\User/.stm32cubeide/favorites.boards.txt: 0 item(s)
2023-04-10 08:30:45,703 [INFO] ApiDb:427 - User favorites Boards=[]
2023-04-10 08:30:45,703 [INFO] DbBoards:190 - Set 0 / 0 favorites Boards
2023-04-10 08:30:45,703 [INFO] McuFinderGlobals:66 - Set McuFinderConnectedMode to false
2023-04-10 08:30:45,717 [INFO] MultiScanPanel:200 - Auto-refresh data requested => check proxy status ongoing
2023-04-10 08:30:45,717 [INFO] MultiScanPanel:204 - Proxy status is invalid
2023-04-10 08:30:45,727 [INFO] FinderPluginLoader:95 - Searching for filters in installed packs
2023-04-10 08:30:48,472 [INFO] DetailPanel:341 - Set advertising image to C:/Users/User/STM32Cube/Repository/\en.prom-stm32h5-mcu-finder.jpg
2023-04-10 08:30:51,026 [INFO] ToolPreferences:110 - Table McuList, key=mcufinder_cubeide.mculist: column name not found=IO
2023-04-10 08:30:51,027 [INFO] ToolPreferences:110 - Table McuList, key=mcufinder_cubeide.mculist: column name not found=Freq.
2023-04-10 08:32:30,168 [ERROR] ServerAccessManage:1146 - Warning during Server Connection :  Unknown host sw-center.st.com
2023-04-10 08:32:30,169 [INFO] MainUpdater:2854 - connection check result : 22
2023-04-10 08:32:30,174 [ERROR] ServerAccessManage:1146 - Warning during Server Connection :  Unknown host sw-center.st.com
2023-04-10 08:32:30,177 [INFO] MainUpdater:2854 - connection check result : 22
2023-04-10 08:32:37,516 [ERROR] ServerAccessManage:1146 - Warning during Server Connection :  Unknown host sw-center.st.com
2023-04-10 08:32:37,518 [INFO] MainUpdater:2854 - connection check result : 22
2023-04-10 08:32:37,521 [ERROR] ServerAccessManage:1146 - Warning during Server Connection :  Unknown host sw-center.st.com
2023-04-10 08:32:37,524 [INFO] MainUpdater:2854 - connection check result : 22
2023-04-10 08:32:48,706 [INFO] MainUpdater:2854 - connection check result : 10
2023-04-10 08:32:50,403 [INFO] MainUpdater:2854 - connection check result : 10
2023-04-10 08:32:50,477 [INFO] MicroXplorer:468 - Change Database Path : 
2023-04-10 08:32:50,477 [INFO] MicroXplorer:498 - Change Database Version : DB.6.0.80
2023-04-10 08:32:50,479 [WARN] ThirdParty:871 - waiting for thirdparty lock release [close project]
2023-04-10 08:32:50,479 [INFO] ThirdParty:873 - entering critical section [close project]
2023-04-10 08:32:50,481 [INFO] ThirdParty:883 - exiting critical section [close project]
2023-04-10 08:32:50,496 [INFO] PinOutPanel:1499 - setPackage(No Configuration,No Configuration)
2023-04-10 08:32:50,510 [INFO] UtilMem:75 - Begin LoadConfig() Used Memory: 253526832 Bytes (349175808)
2023-04-10 08:32:50,517 [INFO] MicroXplorer:468 - Change Database Path : 
2023-04-10 08:32:50,517 [INFO] MicroXplorer:498 - Change Database Version : DB.6.0.80
2023-04-10 08:32:50,519 [INFO] OpenFileManager:308 - Change cursor
2023-04-10 08:32:51,055 [INFO] Mcu:1937 - Initializing MCU STM32F103C8Tx STM32F103C8Tx 
2023-04-10 08:32:51,055 [INFO] Mcu:1950 - No CPN specified => set CPN to STM32F103C8T6
2023-04-10 08:32:55,289 [INFO] Context:659 - Trying to add GPIOservice into a context  which must be forbidden
2023-04-10 08:32:55,908 [INFO] ImportTextPane:194 - (OptionalMessage_ERROR) Unable to find key (Mcu.ThirdPartyNb) in loaded IOC file
2023-04-10 08:32:55,909 [INFO] ImportTextPane:194 - (OptionalMessage_ERROR) Unable to find key (Mcu.PinsNb) in loaded IOC file
2023-04-10 08:32:55,909 [INFO] ImportTextPane:194 - (OptionalMessage_ERROR) Unable to find key (Mcu.IPNb) in loaded IOC file
2023-04-10 08:32:56,577 [INFO] RtosManager:555 - Registered RTOS mode: class=CMSIS, group=RTOS, mode=CMSIS_V1, owner=FREERTOS
2023-04-10 08:32:56,577 [INFO] RtosManager:555 - Registered RTOS mode: class=CMSIS, group=RTOS2, mode=CMSIS_V2, owner=FREERTOS
2023-04-10 08:32:56,577 [INFO] RtosManager:555 - Registered RTOS mode: class=RTOS, group=Core, mode=CMSIS_V1, owner=FREERTOS
2023-04-10 08:32:56,577 [INFO] RtosManager:555 - Registered RTOS mode: class=RTOS, group=Core, mode=CMSIS_V2, owner=FREERTOS
2023-04-10 08:32:56,577 [WARN] ModelIntegratedComponent:184 - Missing modes for component STMicroelectronics:FreeRTOS:0.0.1:STMicroelectronics:RTOS:FreeRTOS:Core:::10.2.0:
2023-04-10 08:32:56,627 [WARN] ModelIntegratedComponent:63 - No mode defined for component null
2023-04-10 08:32:56,627 [WARN] ModelIntegratedComponent:63 - No mode defined for component null
2023-04-10 08:32:56,627 [WARN] ModelIntegratedComponent:63 - No mode defined for component null
2023-04-10 08:32:56,627 [WARN] ModelIntegratedComponent:63 - No mode defined for component null
2023-04-10 08:32:56,627 [WARN] ModelIntegratedComponent:63 - No mode defined for component null
2023-04-10 08:32:56,627 [WARN] ModelIntegratedComponent:63 - No mode defined for component null
2023-04-10 08:32:56,627 [WARN] ModelIntegratedComponent:63 - No mode defined for component null
2023-04-10 08:32:56,627 [WARN] ModelIntegratedComponent:63 - No mode defined for component null
2023-04-10 08:32:56,627 [WARN] ModelIntegratedComponent:63 - No mode defined for component null
2023-04-10 08:32:56,627 [WARN] ModelIntegratedComponent:63 - No mode defined for component null
2023-04-10 08:32:56,627 [WARN] ModelIntegratedComponent:63 - No mode defined for component null
2023-04-10 08:32:56,627 [WARN] ModelIntegratedComponent:63 - No mode defined for component null
2023-04-10 08:32:56,627 [WARN] ModelIntegratedComponent:63 - No mode defined for component null
2023-04-10 08:32:56,627 [WARN] ModelIntegratedComponent:63 - No mode defined for component null
2023-04-10 08:32:56,627 [WARN] ModelIntegratedComponent:63 - No mode defined for component null
2023-04-10 08:32:56,627 [WARN] ModelIntegratedComponent:63 - No mode defined for component null
2023-04-10 08:32:56,627 [WARN] ModelIntegratedComponent:63 - No mode defined for component null
2023-04-10 08:32:56,627 [WARN] ModelIntegratedComponent:63 - No mode defined for component null
2023-04-10 08:32:56,627 [WARN] ModelIntegratedComponent:63 - No mode defined for component null
2023-04-10 08:32:56,627 [WARN] ModelIntegratedComponent:63 - No mode defined for component null
2023-04-10 08:32:56,627 [WARN] ModelIntegratedComponent:63 - No mode defined for component null
2023-04-10 08:32:56,627 [WARN] ModelIntegratedComponent:63 - No mode defined for component null
2023-04-10 08:32:56,627 [WARN] ModelIntegratedComponent:63 - No mode defined for component null
2023-04-10 08:32:56,627 [WARN] ModelIntegratedComponent:63 - No mode defined for component null
2023-04-10 08:32:56,627 [WARN] ModelIntegratedComponent:63 - No mode defined for component null
2023-04-10 08:32:56,627 [WARN] ModelIntegratedComponent:63 - No mode defined for component null
2023-04-10 08:32:56,627 [WARN] ModelIntegratedComponent:63 - No mode defined for component null
2023-04-10 08:32:56,627 [WARN] ModelIntegratedComponent:63 - No mode defined for component null
2023-04-10 08:32:56,627 [WARN] ModelIntegratedComponent:63 - No mode defined for component null
2023-04-10 08:32:56,627 [WARN] ModelIntegratedComponent:63 - No mode defined for component null
2023-04-10 08:32:56,627 [WARN] ModelIntegratedComponent:63 - No mode defined for component null
2023-04-10 08:32:56,627 [WARN] ModelIntegratedComponent:63 - No mode defined for component null
2023-04-10 08:32:56,627 [WARN] ModelIntegratedComponent:63 - No mode defined for component null
2023-04-10 08:32:57,088 [INFO] ThirdPartyModel:298 - Start build external matchings
2023-04-10 08:32:58,593 [INFO] ThirdPartyModel:316 - End build external matchings
2023-04-10 08:32:59,159 [INFO] UtilMem:75 - End LoadConfig() Used Memory: 295493824 Bytes (349175808)
2023-04-10 08:32:59,265 [WARN] ThirdParty:833 - waiting for thirdparty lock release [change project]
2023-04-10 08:32:59,266 [INFO] ThirdParty:835 - entering critical section [change project]
2023-04-10 08:32:59,269 [INFO] ThirdParty:1030 - CMSIS Pack Vendor :STMicroelectronics X-CUBE-ISPU 1.1.0
2023-04-10 08:32:59,269 [INFO] ThirdParty:1030 - CMSIS Pack Vendor :RoweBots I-CUBE-UNISONRTOS 5.5.0-4
2023-04-10 08:32:59,269 [INFO] ThirdParty:1030 - CMSIS Pack Vendor :STMicroelectronics X-CUBE-GNSS1 6.0.0
2023-04-10 08:32:59,269 [INFO] ThirdParty:1030 - CMSIS Pack Vendor :STMicroelectronics USB_HOST 2.0.0
2023-04-10 08:32:59,269 [INFO] ThirdParty:1030 - CMSIS Pack Vendor :STMicroelectronics X-CUBE-AZRTOS-F4 1.1.0
2023-04-10 08:32:59,269 [INFO] ThirdParty:1030 - CMSIS Pack Vendor :STMicroelectronics LIBJPEG 8.0.0
2023-04-10 08:32:59,269 [INFO] ThirdParty:1030 - CMSIS Pack Vendor :STMicroelectronics USB_DEVICE 3.0.0
2023-04-10 08:32:59,269 [INFO] ThirdParty:1030 - CMSIS Pack Vendor :STMicroelectronics X-CUBE-AI 8.0.0
2023-04-10 08:32:59,269 [INFO] ThirdParty:1030 - CMSIS Pack Vendor :STMicroelectronics X-CUBE-FREERTOS 1.0.0
2023-04-10 08:32:59,269 [INFO] ThirdParty:1030 - CMSIS Pack Vendor :STMicroelectronics X-CUBE-TOUCHGFX 4.21.1
2023-04-10 08:32:59,269 [INFO] ThirdParty:1030 - CMSIS Pack Vendor :STMicroelectronics X-CUBE-TOUCHGFX 4.21.0
2023-04-10 08:32:59,269 [INFO] ThirdParty:1030 - CMSIS Pack Vendor :STMicroelectronics X-CUBE-TOUCHGFX 4.21.3
2023-04-10 08:32:59,269 [INFO] ThirdParty:1030 - CMSIS Pack Vendor :STMicroelectronics X-CUBE-AZRTOS-F7 1.1.0
2023-04-10 08:32:59,269 [INFO] ThirdParty:1030 - CMSIS Pack Vendor :STMicroelectronics X-CUBE-MEMS1 9.4.0
2023-04-10 08:32:59,269 [INFO] ThirdParty:1030 - CMSIS Pack Vendor :STMicroelectronics USB_DEVICE 2.0.0
2023-04-10 08:32:59,269 [INFO] ThirdParty:1030 - CMSIS Pack Vendor :STMicroelectronics X-CUBE-AI 7.3.0
2023-04-10 08:32:59,269 [INFO] ThirdParty:1030 - CMSIS Pack Vendor :STMicroelectronics X-CUBE-ALGOBUILD 1.3.0
2023-04-10 08:32:59,269 [INFO] ThirdParty:1030 - CMSIS Pack Vendor :STMicroelectronics X-CUBE-BLE1 6.2.4
2023-04-10 08:32:59,269 [INFO] ThirdParty:1030 - CMSIS Pack Vendor :STMicroelectronics X-CUBE-AZRTOS-L5 1.1.0
2023-04-10 08:32:59,269 [INFO] ThirdParty:1030 - CMSIS Pack Vendor :STMicroelectronics FreeRTOS 0.0.1
2023-04-10 08:32:59,269 [INFO] ThirdParty:1030 - CMSIS Pack Vendor :emotas I-CUBE-CANOPEN 1.1.3
2023-04-10 08:32:59,269 [INFO] ThirdParty:1030 - CMSIS Pack Vendor :STMicroelectronics X-CUBE-AZRTOS-G0 1.1.0
2023-04-10 08:32:59,269 [INFO] ThirdParty:1030 - CMSIS Pack Vendor :STMicroelectronics X-CUBE-BLEMGR 2.0.0
2023-04-10 08:32:59,269 [INFO] ThirdParty:1030 - CMSIS Pack Vendor :STMicroelectronics X-CUBE-SUBG2 5.0.0
2023-04-10 08:32:59,269 [INFO] ThirdParty:1030 - CMSIS Pack Vendor :STMicroelectronics X-CUBE-NFC4 3.0.0
2023-04-10 08:32:59,269 [INFO] ThirdParty:1030 - CMSIS Pack Vendor :STMicroelectronics STM32_WPAN 1.0.0
2023-04-10 08:32:59,269 [INFO] ThirdParty:1030 - CMSIS Pack Vendor :STMicroelectronics lwIP 2.0.3
2023-04-10 08:32:59,269 [INFO] ThirdParty:1030 - CMSIS Pack Vendor :STMicroelectronics X-CUBE-NFC4 2.0.5
2023-04-10 08:32:59,269 [INFO] ThirdParty:1030 - CMSIS Pack Vendor :STMicroelectronics USB_HOST 1.0.0
2023-04-10 08:32:59,269 [INFO] ThirdParty:1030 - CMSIS Pack Vendor :STMicroelectronics PDM2PCM 3.1.0
2023-04-10 08:32:59,269 [INFO] ThirdParty:1030 - CMSIS Pack Vendor :STMicroelectronics X-CUBE-TOF1 3.3.0
2023-04-10 08:32:59,269 [INFO] ThirdParty:1030 - CMSIS Pack Vendor :STMicroelectronics FP-ATR-ASTRA1 1.1.1
2023-04-10 08:32:59,269 [INFO] ThirdParty:1030 - CMSIS Pack Vendor :STMicroelectronics PDM2PCM 3.3.0
2023-04-10 08:32:59,269 [INFO] ThirdParty:1030 - CMSIS Pack Vendor :wolfSSL I-CUBE-wolfSSL 5.1.1
2023-04-10 08:32:59,269 [INFO] ThirdParty:1030 - CMSIS Pack Vendor :STMicroelectronics X-CUBE-DISPLAY 3.0.0
2023-04-10 08:32:59,269 [INFO] ThirdParty:1030 - CMSIS Pack Vendor :STMicroelectronics X-CUBE-BLEMGR 1.3.0
2023-04-10 08:32:59,280 [INFO] ThirdParty:1030 - CMSIS Pack Vendor :wolfSSL I-CUBE-wolfSSL 5.5.3
2023-04-10 08:32:59,280 [INFO] ThirdParty:1030 - CMSIS Pack Vendor :STMicroelectronics X-CUBE-AZRTOS-G4 1.0.0
2023-04-10 08:32:59,289 [INFO] ThirdParty:1030 - CMSIS Pack Vendor :STMicroelectronics FP-ATR-SIGFOX1 3.2.0
2023-04-10 08:32:59,299 [INFO] ThirdParty:1030 - CMSIS Pack Vendor :STMicroelectronics X-CUBE-AZRTOS-L4 1.0.0
2023-04-10 08:32:59,299 [INFO] ThirdParty:1030 - CMSIS Pack Vendor :STMicroelectronics HAL Drivers 0.0.0
2023-04-10 08:32:59,299 [INFO] ThirdParty:1030 - CMSIS Pack Vendor :STMicroelectronics MBEDTLS 2.16.2
2023-04-10 08:32:59,299 [INFO] ThirdParty:1030 - CMSIS Pack Vendor :STMicroelectronics MBEDTLS 2.14.1
2023-04-10 08:32:59,299 [INFO] ThirdParty:1030 - CMSIS Pack Vendor :STMicroelectronics X-CUBE-NFC7 1.0.0
2023-04-10 08:32:59,299 [INFO] ThirdParty:1030 - CMSIS Pack Vendor :STMicroelectronics X-CUBE-AZRTOS-WL 1.0.0
2023-04-10 08:32:59,299 [INFO] ThirdParty:1030 - CMSIS Pack Vendor :STMicroelectronics X-CUBE-EEPRMA1 4.1.0
2023-04-10 08:32:59,299 [INFO] ThirdParty:1030 - CMSIS Pack Vendor :portGmbH I-Cube-SoM-uGOAL 1.1.0
2023-04-10 08:32:59,299 [INFO] ThirdParty:1030 - CMSIS Pack Vendor :STMicroelectronics X-CUBE-ALS 1.0.1
2023-04-10 08:32:59,299 [INFO] ThirdParty:1030 - CMSIS Pack Vendor :STMicroelectronics X-CUBE-MEMS1 9.5.0
2023-04-10 08:32:59,299 [INFO] ThirdParty:1030 - CMSIS Pack Vendor :STMicroelectronics ThreadX 1.0.0
2023-04-10 08:32:59,299 [INFO] ThirdParty:1030 - CMSIS Pack Vendor :STMicroelectronics X-CUBE-AZRTOS-WB 1.1.0
2023-04-10 08:32:59,299 [INFO] ThirdParty:1030 - CMSIS Pack Vendor :SEGGER I-CUBE-embOS 1.3.1
2023-04-10 08:32:59,299 [INFO] ThirdParty:1030 - CMSIS Pack Vendor :STMicroelectronics USB_DEVICE 1.0.0
2023-04-10 08:32:59,299 [INFO] ThirdParty:1030 - CMSIS Pack Vendor :SEGGER I-CUBE-embOS 1.3.0
2023-04-10 08:32:59,299 [INFO] ThirdParty:1030 - CMSIS Pack Vendor :STMicroelectronics ThreadX 0.0.2
2023-04-10 08:32:59,299 [INFO] ThirdParty:1030 - CMSIS Pack Vendor :WES I-CUBE-Cesium 1.3.0
2023-04-10 08:32:59,299 [INFO] ThirdParty:1030 - CMSIS Pack Vendor :STMicroelectronics lwIP 2.1.2
2023-04-10 08:32:59,299 [INFO] ThirdParty:1030 - CMSIS Pack Vendor :STMicroelectronics X-CUBE-SFXS2LP1 4.0.0
2023-04-10 08:32:59,299 [INFO] ThirdParty:1030 - CMSIS Pack Vendor :STMicroelectronics X-CUBE-BLE2 3.3.0
2023-04-10 08:32:59,299 [INFO] ThirdParty:1030 - CMSIS Pack Vendor :STMicroelectronics X-CUBE-DISPLAY 2.2.0
2023-04-10 08:32:59,299 [INFO] ThirdParty:1030 - CMSIS Pack Vendor :STMicroelectronics X-CUBE-TOF1 3.2.0
2023-04-10 08:32:59,302 [INFO] ThirdParty:1030 - CMSIS Pack Vendor :STMicroelectronics PDM2PCM 3.2.0
2023-04-10 08:32:59,302 [INFO] ThirdParty:1030 - CMSIS Pack Vendor :STMicroelectronics X-CUBE-AZRTOS-H7 3.0.0
2023-04-10 08:32:59,302 [INFO] ThirdParty:841 - exiting critical section [change project]
2023-04-10 08:32:59,988 [INFO] PinOutPanel:1499 - setPackage(No Configuration,No Configuration)
2023-04-10 08:32:59,991 [INFO] PinOutPanel:1499 - setPackage(STM32F103C8Tx,LQFP48)
2023-04-10 08:33:01,653 [INFO] UtilMem:75 - Before build in PCC Used Memory: 206446312 Bytes (349175808)
2023-04-10 08:33:03,475 [INFO] UtilMem:75 - After build in PCC Used Memory: 235044352 Bytes (349175808)
2023-04-10 08:33:03,530 [INFO] IPUIPlugin:80 - create IPUIPlugin
2023-04-10 08:33:03,530 [INFO] IPUIPlugin:80 - create IPUIPlugin
2023-04-10 08:33:03,530 [INFO] IPUIPlugin:80 - create IPUIPlugin
2023-04-10 08:33:03,530 [INFO] IPUIPlugin:80 - create IPUIPlugin
2023-04-10 08:33:03,530 [INFO] IPUIPlugin:80 - create IPUIPlugin
2023-04-10 08:33:03,530 [INFO] IPUIPlugin:80 - create IPUIPlugin
2023-04-10 08:33:03,530 [INFO] IPUIPlugin:80 - create IPUIPlugin
2023-04-10 08:33:03,530 [INFO] IPUIPlugin:80 - create IPUIPlugin
2023-04-10 08:33:03,530 [INFO] IPUIPlugin:80 - create IPUIPlugin
2023-04-10 08:33:03,530 [INFO] IPUIPlugin:80 - create IPUIPlugin
2023-04-10 08:33:03,537 [INFO] IPUIPlugin:80 - create IPUIPlugin
2023-04-10 08:33:03,538 [INFO] IPUIPlugin:80 - create IPUIPlugin
2023-04-10 08:33:03,538 [INFO] IPUIPlugin:80 - create IPUIPlugin
2023-04-10 08:33:03,538 [INFO] IPUIPlugin:80 - create IPUIPlugin
2023-04-10 08:33:03,538 [INFO] IPUIPlugin:80 - create IPUIPlugin
2023-04-10 08:33:03,538 [INFO] IPUIPlugin:80 - create IPUIPlugin
2023-04-10 08:33:03,538 [INFO] IPUIPlugin:80 - create IPUIPlugin
2023-04-10 08:33:03,538 [INFO] IPUIPlugin:80 - create IPUIPlugin
2023-04-10 08:33:03,538 [INFO] IPUIPlugin:80 - create IPUIPlugin
2023-04-10 08:33:03,538 [INFO] IPUIPlugin:80 - create IPUIPlugin
2023-04-10 08:33:03,548 [INFO] IPUIPlugin:80 - create IPUIPlugin
2023-04-10 08:33:03,548 [INFO] IPUIPlugin:80 - create IPUIPlugin
2023-04-10 08:33:03,548 [INFO] IPUIPlugin:80 - create IPUIPlugin
2023-04-10 08:33:03,548 [INFO] IPUIPlugin:80 - create IPUIPlugin
2023-04-10 08:33:03,548 [INFO] IPUIPlugin:80 - create IPUIPlugin
2023-04-10 08:33:03,575 [INFO] IPUIPlugin:80 - create IPUIPlugin
2023-04-10 08:33:03,575 [INFO] IPUIPlugin:80 - create IPUIPlugin
2023-04-10 08:33:04,036 [INFO] CADModel:165 - CPN selected for project levelSTM32F103C8T6
2023-04-10 08:33:04,036 [INFO] CADModel:114 - Register for checkConnection events
2023-04-10 08:33:04,092 [INFO] OpenFileManager:328 - Restore cursor
2023-04-10 08:33:08,383 [INFO] UtilMem:75 - End SaveConfig() Used Memory: 224082456 Bytes (349175808)
2023-04-10 08:33:08,518 [INFO] UtilMem:75 - End SaveConfig() Used Memory: 237141504 Bytes (349175808)
2023-04-10 08:33:09,849 [INFO] BlockDiagram:2759 - set Specific Code input for plugin: NVIC
2023-04-10 08:33:09,859 [INFO] BlockDiagram:2759 - set Specific Code input for plugin: RCC
2023-04-10 08:33:09,859 [INFO] CodeGenerator:793 - code generatio: config db path: C:\ST\STM32CubeIDE_1.10.0\STM32CubeIDE\plugins\com.st.stm32cube.common.mx_6.8.0.202302231600\\db\
2023-04-10 08:33:10,940 [INFO] CodeEngine:255 - oldGeneratedFile, D:\.workshop\Programming\projects\20230410\MXTmpFiles\license.tmp_save
2023-04-10 08:33:11,873 [INFO] CodeEngine:279 - Generated code: D:\.workshop\Programming\projects\20230410\MXTmpFiles\license.tmp
2023-04-10 08:33:11,913 [INFO] CodeEngine:255 - oldGeneratedFile, D:\.workshop\Programming\projects\20230410\Core\Src\stm32f1xx_it.c_save
2023-04-10 08:33:12,388 [INFO] CodeEngine:279 - Generated code: D:\.workshop\Programming\projects\20230410\Core\Src\stm32f1xx_it.c
2023-04-10 08:33:12,418 [INFO] CodeEngine:255 - oldGeneratedFile, D:\.workshop\Programming\projects\20230410\Core\Inc\stm32f1xx_it.h_save
2023-04-10 08:33:12,949 [INFO] CodeEngine:279 - Generated code: D:\.workshop\Programming\projects\20230410\Core\Inc\stm32f1xx_it.h
2023-04-10 08:33:13,317 [INFO] CodeEngine:255 - oldGeneratedFile, D:\.workshop\Programming\projects\20230410\Core\Src\stm32f1xx_hal_msp.c_save
2023-04-10 08:33:13,777 [INFO] CodeEngine:279 - Generated code: D:\.workshop\Programming\projects\20230410\Core\Src\stm32f1xx_hal_msp.c
2023-04-10 08:33:13,795 [INFO] CodeEngine:255 - oldGeneratedFile, D:\.workshop\Programming\projects\20230410\MXTmpFiles\system.tmp_save
2023-04-10 08:33:14,018 [INFO] CodeEngine:279 - Generated code: D:\.workshop\Programming\projects\20230410\MXTmpFiles\system.tmp
2023-04-10 08:33:14,045 [INFO] CodeEngine:311 - oldGeneratedFile, D:\.workshop\Programming\projects\20230410\Core\Inc\stm32f1xx_hal_conf.h_save
2023-04-10 08:33:14,412 [INFO] CodeEngine:335 - Generated code: D:\.workshop\Programming\projects\20230410\Core\Inc\stm32f1xx_hal_conf.h
2023-04-10 08:33:14,586 [INFO] CodeEngine:255 - oldGeneratedFile, D:\.workshop\Programming\projects\20230410\Core\Inc\main.h_save
2023-04-10 08:33:14,974 [INFO] CodeEngine:279 - Generated code: D:\.workshop\Programming\projects\20230410\Core\Inc\main.h
2023-04-10 08:33:14,996 [INFO] CodeEngine:255 - oldGeneratedFile, D:\.workshop\Programming\projects\20230410\Core\Src\main.c_save
2023-04-10 08:33:15,353 [INFO] CodeEngine:279 - Generated code: D:\.workshop\Programming\projects\20230410\Core\Src\main.c
2023-04-10 08:33:17,737 [INFO] ProjectBuilder:2996 - Time for Copy HAL[1] : 543mS.
2023-04-10 08:33:17,770 [INFO] ProjectBuilder:4304 - Project Generator version: 3.19.2
2023-04-10 08:33:18,766 [INFO] ConfigFileManager:1483 - The Die is : DIE410
2023-04-10 08:33:18,879 [INFO] ApiDbMcu:507 - Load IP Config File for FATFS
2023-04-10 08:33:19,036 [INFO] ApiDbMcu:507 - Load IP Config File for FREERTOS
2023-04-10 08:33:19,090 [INFO] ApiDbMcu:507 - Load IP Config File for USB_DEVICE
2023-04-10 08:33:21,706 [INFO] LogOutputStream:77 - [STDOUT_REDIRECT] 
2023-04-10 08:33:28,504 [INFO] ToolchainGenerator:418 - [Project Generator] Problem in the project generation: null
2023-04-10 08:33:28,504 [ERROR] ToolchainGenerator:419 - 
java.lang.reflect.InvocationTargetException: null
	at jdk.internal.reflect.NativeMethodAccessorImpl.invoke0(Native Method) ~[?:?]
	at jdk.internal.reflect.NativeMethodAccessorImpl.invoke(NativeMethodAccessorImpl.java:62) ~[?:?]
	at jdk.internal.reflect.DelegatingMethodAccessorImpl.invoke(DelegatingMethodAccessorImpl.java:43) ~[?:?]
	at java.lang.reflect.Method.invoke(Method.java:566) ~[?:?]
	at com.st.microxplorer.plugins.projectmanager.model.ToolchainGenerator.CallMethod(ToolchainGenerator.java:276) ~[filemanager.jar:?]
	at com.st.microxplorer.plugins.projectmanager.model.ToolchainGenerator.generate(ToolchainGenerator.java:394) ~[filemanager.jar:?]
	at com.st.microxplorer.plugins.projectmanager.engine.ProjectBuilder.createToolChainFolders(ProjectBuilder.java:4449) ~[filemanager.jar:?]
	at com.st.microxplorer.plugins.projectmanager.engine.ProjectBuilder.createProject(ProjectBuilder.java:976) ~[filemanager.jar:?]
	at com.st.microxplorer.plugins.projectmanager.engine.ProjectBuilder.createProject(ProjectBuilder.java:612) ~[filemanager.jar:?]
	at com.st.microxplorer.plugins.projectmanager.engine.MainProjectManager.startGenerateCode(MainProjectManager.java:1261) ~[filemanager.jar:?]
	at com.st.stm32cube.common.mx.editor.CubeMxEditor.doGenerate(CubeMxEditor.java:2543) ~[com.st.stm32cube.common.mx_6.8.0.202302231600/:?]
	at com.st.stm32cube.common.mx.editor.CubeMxEditor$22.run(CubeMxEditor.java:2263) ~[com.st.stm32cube.common.mx_6.8.0.202302231600/:?]
	at com.st.stm32cube.common.mx.oss.core.awtswtbridge.AwtEnvironment$2.run(AwtEnvironment.java:166) ~[com.st.stm32cube.common.mx.oss_6.8.0.202302231600/:?]
	at java.awt.event.InvocationEvent.dispatch(InvocationEvent.java:313) ~[?:?]
	at java.awt.EventQueue.dispatchEventImpl(EventQueue.java:770) ~[?:?]
	at java.awt.EventQueue$4.run(EventQueue.java:721) ~[?:?]
	at java.awt.EventQueue$4.run(EventQueue.java:715) ~[?:?]
	at java.security.AccessController.doPrivileged(Native Method) ~[?:?]
	at java.security.ProtectionDomain$JavaSecurityAccessImpl.doIntersectionPrivilege(ProtectionDomain.java:85) ~[?:?]
	at java.awt.EventQueue.dispatchEvent(EventQueue.java:740) ~[?:?]
	at java.awt.EventDispatchThread.pumpOneEventForFilters(EventDispatchThread.java:203) ~[?:?]
	at java.awt.EventDispatchThread.pumpEventsForFilter(EventDispatchThread.java:124) ~[?:?]
	at java.awt.EventDispatchThread.pumpEventsForHierarchy(EventDispatchThread.java:113) ~[?:?]
	at java.awt.EventDispatchThread.pumpEvents(EventDispatchThread.java:109) ~[?:?]
	at java.awt.EventDispatchThread.pumpEvents(EventDispatchThread.java:101) ~[?:?]
	at java.awt.EventDispatchThread.run(EventDispatchThread.java:90) ~[?:?]
Caused by: java.lang.Error: javax.xml.datatype.DatatypeConfigurationException: Provider org.apache.xerces.jaxp.datatype.DatatypeFactoryImpl not found
	at javax.xml.bind.DatatypeConverterImpl.<clinit>(DatatypeConverterImpl.java:877) ~[jakarta.xml.bind_2.3.3.v20201118-1818.jar:2.3.3]
	at javax.xml.bind.DatatypeConverter.initConverter(DatatypeConverter.java:125) ~[jakarta.xml.bind_2.3.3.v20201118-1818.jar:2.3.3]
	at javax.xml.bind.DatatypeConverter.printHexBinary(DatatypeConverter.java:610) ~[jakarta.xml.bind_2.3.3.v20201118-1818.jar:2.3.3]
	at com.st.stm32cube.common.utils.files.FileUtils.getMd5(FileUtils.java:338) ~[com.st.stm32cube.common.utils_2.0.200.202301161003/:?]
	at com.st.stm32cube.common.utils.files.FileUtils.getStringMd5(FileUtils.java:327) ~[com.st.stm32cube.common.utils_2.0.200.202301161003/:?]
	at com.st.stm32cube.ide.mcu.linker.core.engine.MxULinkScriptGeneratorAbstract.updateLinkScriptProjectMetadata(MxULinkScriptGeneratorAbstract.java:299) ~[?:?]
	at com.st.stm32cube.ide.mcu.linker.core.engine.MxULinkScriptGeneratorAbstract.generate(MxULinkScriptGeneratorAbstract.java:182) ~[?:?]
	at com.st.stm32cube.ide.common.services.linkscript.LinkScriptSetupService._doLinkScriptSetup(LinkScriptSetupService.java:76) ~[?:?]
	at com.st.stm32cube.ide.common.services.linkscript.LinkScriptSetupService.doLinkScriptSetup(LinkScriptSetupService.java:58) ~[?:?]
	at com.st.stm32cube.ide.common.services.adapted.core.linkscript.LinkScriptSetupRcpServiceProcess.doLinkSetup(LinkScriptSetupRcpServiceProcess.java:222) ~[?:?]
	at com.st.stm32cube.ide.common.services.adapted.core.linkscript.LinkScriptSetupRcpServiceProcess.doLinkSetup(LinkScriptSetupRcpServiceProcess.java:145) ~[?:?]
	at com.st.stm32cube.ide.common.services.adapted.core.linkscript.LinkScriptSetupRcpServiceProcess.run(LinkScriptSetupRcpServiceProcess.java:119) ~[?:?]
	at com.st.stm32cube.ide.common.services.mx.core.linkscript.LinkScriptSetupRcpService.doLinkSetup(LinkScriptSetupRcpService.java:170) ~[?:?]
	at com.st.stm32cube.ide.common.services.mx.core.linkscript.LinkScriptSetupRcpService.run(LinkScriptSetupRcpService.java:165) ~[?:?]
	at com.st.stm32cube.ide.common.services.mx.generate.MxGenerateProjectRcpService.run(MxGenerateProjectRcpService.java:142) ~[?:?]
	at com.st.stm32cube.ide.mcu.ide.process.MxIdePlugInProjectGeneratorAbstract.doExecute(MxIdePlugInProjectGeneratorAbstract.java:358) ~[?:?]
	at com.st.stm32cube.ide.mcu.ide.process.MxIdePlugInProjectGeneratorAbstract.doGenerate(MxIdePlugInProjectGeneratorAbstract.java:242) ~[?:?]
	at com.st.stm32cube.ide.mcu.ide.process.MxIdePlugInProjectGeneratorAbstract.generate(MxIdePlugInProjectGeneratorAbstract.java:87) ~[?:?]
	... 26 more
Caused by: javax.xml.datatype.DatatypeConfigurationException: Provider org.apache.xerces.jaxp.datatype.DatatypeFactoryImpl not found
	at javax.xml.datatype.DatatypeFactory.newInstance(Unknown Source) ~[javax.xml_1.3.4.v201005080400.jar:?]
	at javax.xml.bind.DatatypeConverterImpl.<clinit>(DatatypeConverterImpl.java:875) ~[jakarta.xml.bind_2.3.3.v20201118-1818.jar:2.3.3]
	at javax.xml.bind.DatatypeConverter.initConverter(DatatypeConverter.java:125) ~[jakarta.xml.bind_2.3.3.v20201118-1818.jar:2.3.3]
	at javax.xml.bind.DatatypeConverter.printHexBinary(DatatypeConverter.java:610) ~[jakarta.xml.bind_2.3.3.v20201118-1818.jar:2.3.3]
	at com.st.stm32cube.common.utils.files.FileUtils.getMd5(FileUtils.java:338) ~[com.st.stm32cube.common.utils_2.0.200.202301161003/:?]
	at com.st.stm32cube.common.utils.files.FileUtils.getStringMd5(FileUtils.java:327) ~[com.st.stm32cube.common.utils_2.0.200.202301161003/:?]
	at com.st.stm32cube.ide.mcu.linker.core.engine.MxULinkScriptGeneratorAbstract.updateLinkScriptProjectMetadata(MxULinkScriptGeneratorAbstract.java:299) ~[?:?]
	at com.st.stm32cube.ide.mcu.linker.core.engine.MxULinkScriptGeneratorAbstract.generate(MxULinkScriptGeneratorAbstract.java:182) ~[?:?]
	at com.st.stm32cube.ide.common.services.linkscript.LinkScriptSetupService._doLinkScriptSetup(LinkScriptSetupService.java:76) ~[?:?]
	at com.st.stm32cube.ide.common.services.linkscript.LinkScriptSetupService.doLinkScriptSetup(LinkScriptSetupService.java:58) ~[?:?]
	at com.st.stm32cube.ide.common.services.adapted.core.linkscript.LinkScriptSetupRcpServiceProcess.doLinkSetup(LinkScriptSetupRcpServiceProcess.java:222) ~[?:?]
	at com.st.stm32cube.ide.common.services.adapted.core.linkscript.LinkScriptSetupRcpServiceProcess.doLinkSetup(LinkScriptSetupRcpServiceProcess.java:145) ~[?:?]
	at com.st.stm32cube.ide.common.services.adapted.core.linkscript.LinkScriptSetupRcpServiceProcess.run(LinkScriptSetupRcpServiceProcess.java:119) ~[?:?]
	at com.st.stm32cube.ide.common.services.mx.core.linkscript.LinkScriptSetupRcpService.doLinkSetup(LinkScriptSetupRcpService.java:170) ~[?:?]
	at com.st.stm32cube.ide.common.services.mx.core.linkscript.LinkScriptSetupRcpService.run(LinkScriptSetupRcpService.java:165) ~[?:?]
	at com.st.stm32cube.ide.common.services.mx.generate.MxGenerateProjectRcpService.run(MxGenerateProjectRcpService.java:142) ~[?:?]
	at com.st.stm32cube.ide.mcu.ide.process.MxIdePlugInProjectGeneratorAbstract.doExecute(MxIdePlugInProjectGeneratorAbstract.java:358) ~[?:?]
	at com.st.stm32cube.ide.mcu.ide.process.MxIdePlugInProjectGeneratorAbstract.doGenerate(MxIdePlugInProjectGeneratorAbstract.java:242) ~[?:?]
	at com.st.stm32cube.ide.mcu.ide.process.MxIdePlugInProjectGeneratorAbstract.generate(MxIdePlugInProjectGeneratorAbstract.java:87) ~[?:?]
	... 26 more
Caused by: java.lang.ClassNotFoundException: org.apache.xerces.jaxp.datatype.DatatypeFactoryImpl
	at jdk.internal.loader.BuiltinClassLoader.loadClass(BuiltinClassLoader.java:581) ~[?:?]
	at jdk.internal.loader.ClassLoaders$AppClassLoader.loadClass(ClassLoaders.java:178) ~[?:?]
	at java.lang.ClassLoader.loadClass(ClassLoader.java:522) ~[?:?]
	at org.eclipse.osgi.internal.framework.ContextFinder.loadClass(ContextFinder.java:147) ~[org.eclipse.osgi_3.17.200.v20220215-2237.jar:?]
	at java.lang.ClassLoader.loadClass(ClassLoader.java:522) ~[?:?]
	at javax.xml.datatype.FactoryFinder.newInstance(Unknown Source) ~[javax.xml_1.3.4.v201005080400.jar:?]
	at javax.xml.datatype.FactoryFinder.find(Unknown Source) ~[javax.xml_1.3.4.v201005080400.jar:?]
	at javax.xml.datatype.DatatypeFactory.newInstance(Unknown Source) ~[javax.xml_1.3.4.v201005080400.jar:?]
	at javax.xml.bind.DatatypeConverterImpl.<clinit>(DatatypeConverterImpl.java:875) ~[jakarta.xml.bind_2.3.3.v20201118-1818.jar:2.3.3]
	at javax.xml.bind.DatatypeConverter.initConverter(DatatypeConverter.java:125) ~[jakarta.xml.bind_2.3.3.v20201118-1818.jar:2.3.3]
	at javax.xml.bind.DatatypeConverter.printHexBinary(DatatypeConverter.java:610) ~[jakarta.xml.bind_2.3.3.v20201118-1818.jar:2.3.3]
	at com.st.stm32cube.common.utils.files.FileUtils.getMd5(FileUtils.java:338) ~[com.st.stm32cube.common.utils_2.0.200.202301161003/:?]
	at com.st.stm32cube.common.utils.files.FileUtils.getStringMd5(FileUtils.java:327) ~[com.st.stm32cube.common.utils_2.0.200.202301161003/:?]
	at com.st.stm32cube.ide.mcu.linker.core.engine.MxULinkScriptGeneratorAbstract.updateLinkScriptProjectMetadata(MxULinkScriptGeneratorAbstract.java:299) ~[?:?]
	at com.st.stm32cube.ide.mcu.linker.core.engine.MxULinkScriptGeneratorAbstract.generate(MxULinkScriptGeneratorAbstract.java:182) ~[?:?]
	at com.st.stm32cube.ide.common.services.linkscript.LinkScriptSetupService._doLinkScriptSetup(LinkScriptSetupService.java:76) ~[?:?]
	at com.st.stm32cube.ide.common.services.linkscript.LinkScriptSetupService.doLinkScriptSetup(LinkScriptSetupService.java:58) ~[?:?]
	at com.st.stm32cube.ide.common.services.adapted.core.linkscript.LinkScriptSetupRcpServiceProcess.doLinkSetup(LinkScriptSetupRcpServiceProcess.java:222) ~[?:?]
	at com.st.stm32cube.ide.common.services.adapted.core.linkscript.LinkScriptSetupRcpServiceProcess.doLinkSetup(LinkScriptSetupRcpServiceProcess.java:145) ~[?:?]
	at com.st.stm32cube.ide.common.services.adapted.core.linkscript.LinkScriptSetupRcpServiceProcess.run(LinkScriptSetupRcpServiceProcess.java:119) ~[?:?]
	at com.st.stm32cube.ide.common.services.mx.core.linkscript.LinkScriptSetupRcpService.doLinkSetup(LinkScriptSetupRcpService.java:170) ~[?:?]
	at com.st.stm32cube.ide.common.services.mx.core.linkscript.LinkScriptSetupRcpService.run(LinkScriptSetupRcpService.java:165) ~[?:?]
	at com.st.stm32cube.ide.common.services.mx.generate.MxGenerateProjectRcpService.run(MxGenerateProjectRcpService.java:142) ~[?:?]
	at com.st.stm32cube.ide.mcu.ide.process.MxIdePlugInProjectGeneratorAbstract.doExecute(MxIdePlugInProjectGeneratorAbstract.java:358) ~[?:?]
	at com.st.stm32cube.ide.mcu.ide.process.MxIdePlugInProjectGeneratorAbstract.doGenerate(MxIdePlugInProjectGeneratorAbstract.java:242) ~[?:?]
	at com.st.stm32cube.ide.mcu.ide.process.MxIdePlugInProjectGeneratorAbstract.generate(MxIdePlugInProjectGeneratorAbstract.java:87) ~[?:?]
	... 26 more
2023-04-10 08:33:59,126 [INFO] ProjectBuilder:4505 - Time for Generating toolchain IDE Files: 41354mS.
2023-04-10 08:33:59,126 [ERROR] ProjectBuilder:4511 - Error in Project Generation
2023-04-10 08:33:59,129 [ERROR] ProjectBuilder:1001 - Error in Project Generation
2023-04-10 08:33:59,222 [INFO] ProjectBuilder:1345 - javax.swing.JPanel[,0,0,0x0,invalid,layout=java.awt.FlowLayout,alignmentX=0.0,alignmentY=0.0,border=,flags=9,maximumSize=,minimumSize=,preferredSize=]
2023-04-10 08:33:59,328 [ERROR] LogOutputStream:75 - [STDERR_REDIRECT] Exception in thread "AWT-EventQueue-0" java.lang.NoClassDefFoundError: Could not initialize class javax.xml.bind.DatatypeConverterImpl
2023-04-10 08:33:59,332 [ERROR] LogOutputStream:75 - [STDERR_REDIRECT] 	at javax.xml.bind.DatatypeConverter.initConverter(DatatypeConverter.java:125)
2023-04-10 08:33:59,332 [ERROR] LogOutputStream:75 - [STDERR_REDIRECT] 	at javax.xml.bind.DatatypeConverter.printHexBinary(DatatypeConverter.java:610)
2023-04-10 08:33:59,340 [ERROR] LogOutputStream:75 - [STDERR_REDIRECT] 	at com.st.stm32cube.common.utils.files.FileUtils.getMd5(FileUtils.java:338)
2023-04-10 08:33:59,342 [ERROR] LogOutputStream:75 - [STDERR_REDIRECT] 	at com.st.stm32cube.common.utils.files.FileUtils.getStringMd5(FileUtils.java:327)
2023-04-10 08:33:59,342 [ERROR] LogOutputStream:75 - [STDERR_REDIRECT] 	at com.st.stm32cube.common.utils.metadata.ProjectMetadataUtils.getProjectMetaData(ProjectMetadataUtils.java:114)
2023-04-10 08:33:59,353 [ERROR] LogOutputStream:75 - [STDERR_REDIRECT] 	at com.st.stm32cube.ide.mcu.ide.process.MxIdePlugInProjectGeneratorAbstract.doOnProcessCompletion(MxIdePlugInProjectGeneratorAbstract.java:416)
2023-04-10 08:33:59,354 [ERROR] LogOutputStream:75 - [STDERR_REDIRECT] 	at com.st.stm32cube.ide.mcu.ide.process.MxIdePlugInProjectGeneratorAbstract.runOnProcessCompletion(MxIdePlugInProjectGeneratorAbstract.java:128)
2023-04-10 08:33:59,364 [ERROR] LogOutputStream:75 - [STDERR_REDIRECT] 	at com.st.stm32cube.common.mx.editor.CubeMxEditor.doCallBackCheckEndCG(CubeMxEditor.java:2878)
2023-04-10 08:33:59,364 [ERROR] LogOutputStream:75 - [STDERR_REDIRECT] 	at com.st.microxplorer.plugins.projectmanager.engine.ProjectBuilder.createProject(ProjectBuilder.java:642)
2023-04-10 08:33:59,364 [ERROR] LogOutputStream:75 - [STDERR_REDIRECT] 	at com.st.microxplorer.plugins.projectmanager.engine.MainProjectManager.startGenerateCode(MainProjectManager.java:1261)
2023-04-10 08:33:59,375 [ERROR] LogOutputStream:75 - [STDERR_REDIRECT] 	at com.st.stm32cube.common.mx.editor.CubeMxEditor.doGenerate(CubeMxEditor.java:2543)
2023-04-10 08:33:59,381 [ERROR] LogOutputStream:75 - [STDERR_REDIRECT] 	at com.st.stm32cube.common.mx.editor.CubeMxEditor$22.run(CubeMxEditor.java:2263)
2023-04-10 08:33:59,382 [ERROR] LogOutputStream:75 - [STDERR_REDIRECT] 	at com.st.stm32cube.common.mx.oss.core.awtswtbridge.AwtEnvironment$2.run(AwtEnvironment.java:166)
2023-04-10 08:33:59,388 [ERROR] LogOutputStream:75 - [STDERR_REDIRECT] 	at java.desktop/java.awt.event.InvocationEvent.dispatch(InvocationEvent.java:313)
2023-04-10 08:33:59,389 [ERROR] LogOutputStream:75 - [STDERR_REDIRECT] 	at java.desktop/java.awt.EventQueue.dispatchEventImpl(EventQueue.java:770)
2023-04-10 08:33:59,389 [ERROR] LogOutputStream:75 - [STDERR_REDIRECT] 	at java.desktop/java.awt.EventQueue$4.run(EventQueue.java:721)
2023-04-10 08:33:59,389 [ERROR] LogOutputStream:75 - [STDERR_REDIRECT] 	at java.desktop/java.awt.EventQueue$4.run(EventQueue.java:715)
2023-04-10 08:33:59,399 [ERROR] LogOutputStream:75 - [STDERR_REDIRECT] 	at java.base/java.security.AccessController.doPrivileged(Native Method)
2023-04-10 08:33:59,399 [ERROR] LogOutputStream:75 - [STDERR_REDIRECT] 	at java.base/java.security.ProtectionDomain$JavaSecurityAccessImpl.doIntersectionPrivilege(ProtectionDomain.java:85)
2023-04-10 08:33:59,399 [ERROR] LogOutputStream:75 - [STDERR_REDIRECT] 	at java.desktop/java.awt.EventQueue.dispatchEvent(EventQueue.java:740)
2023-04-10 08:33:59,409 [ERROR] LogOutputStream:75 - [STDERR_REDIRECT] 	at java.desktop/java.awt.EventDispatchThread.pumpOneEventForFilters(EventDispatchThread.java:203)
2023-04-10 08:33:59,409 [ERROR] LogOutputStream:75 - [STDERR_REDIRECT] 	at java.desktop/java.awt.EventDispatchThread.pumpEventsForFilter(EventDispatchThread.java:124)
2023-04-10 08:33:59,419 [ERROR] LogOutputStream:75 - [STDERR_REDIRECT] 	at java.desktop/java.awt.EventDispatchThread.pumpEventsForHierarchy(EventDispatchThread.java:113)
2023-04-10 08:33:59,424 [ERROR] LogOutputStream:75 - [STDERR_REDIRECT] 	at java.desktop/java.awt.EventDispatchThread.pumpEvents(EventDispatchThread.java:109)
2023-04-10 08:33:59,424 [ERROR] LogOutputStream:75 - [STDERR_REDIRECT] 	at java.desktop/java.awt.EventDispatchThread.pumpEvents(EventDispatchThread.java:101)
2023-04-10 08:33:59,431 [ERROR] LogOutputStream:75 - [STDERR_REDIRECT] 	at java.desktop/java.awt.EventDispatchThread.run(EventDispatchThread.java:90)
2023-04-10 08:34:00,123 [INFO] McuFinderGlobals:66 - Set McuFinderConnectedMode to true
2023-04-10 08:34:00,123 [INFO] ApiDb:448 - Save user favorites file C:\Users\User/.stm32cubeide/favorites.mcus.txt: 0 item(s)
2023-04-10 08:34:00,130 [INFO] ApiDb:452 - User favorites MCUs=[]
2023-04-10 08:34:31,328 [INFO] NvicIntPanel:101 - NVIC parent = com.st.microxplorer.plugins.ip.nvic.MultiNvicIntPanel[,0,0,0x0,invalid,layout=javax.swing.BoxLayout,alignmentX=0.0,alignmentY=0.0,border=,flags=9,maximumSize=,minimumSize=,preferredSize=]
2023-04-10 08:34:33,679 [INFO] NvicIntPanel:101 - NVIC parent = com.st.microxplorer.plugins.ip.nvic.MultiNvicIntPanel[,0,0,0x0,invalid,layout=javax.swing.BoxLayout,alignmentX=0.0,alignmentY=0.0,border=,flags=9,maximumSize=,minimumSize=,preferredSize=]
2023-04-10 08:53:52,255 [INFO] NvicIntPanel:101 - NVIC parent = com.st.microxplorer.plugins.ip.nvic.MultiNvicIntPanel[,0,0,0x0,invalid,layout=javax.swing.BoxLayout,alignmentX=0.0,alignmentY=0.0,border=,flags=9,maximumSize=,minimumSize=,preferredSize=]
2023-04-10 08:54:02,054 [INFO] NvicIntPanel:101 - NVIC parent = com.st.microxplorer.plugins.ip.nvic.MultiNvicIntPanel[,0,0,0x0,invalid,layout=javax.swing.BoxLayout,alignmentX=0.0,alignmentY=0.0,border=,flags=9,maximumSize=,minimumSize=,preferredSize=]
2023-04-10 08:54:05,605 [INFO] NvicIntPanel:101 - NVIC parent = com.st.microxplorer.plugins.ip.nvic.MultiNvicIntPanel[,0,0,0x0,invalid,layout=javax.swing.BoxLayout,alignmentX=0.0,alignmentY=0.0,border=,flags=9,maximumSize=,minimumSize=,preferredSize=]
2023-04-10 08:54:07,409 [INFO] NvicIntPanel:101 - NVIC parent = com.st.microxplorer.plugins.ip.nvic.MultiNvicIntPanel[,0,0,0x0,invalid,layout=javax.swing.BoxLayout,alignmentX=0.0,alignmentY=0.0,border=,flags=9,maximumSize=,minimumSize=,preferredSize=]
2023-04-10 08:55:43,734 [INFO] UtilMem:75 - End SaveConfig() Used Memory: 656697352 Bytes (763363328)
2023-04-10 08:55:44,133 [INFO] UtilMem:75 - End SaveConfig() Used Memory: 452585080 Bytes (763363328)
2023-04-10 08:55:50,151 [INFO] UtilMem:75 - End SaveConfig() Used Memory: 441250160 Bytes (763363328)
2023-04-10 08:55:51,176 [INFO] BlockDiagram:2759 - set Specific Code input for plugin: NVIC
2023-04-10 08:55:51,176 [INFO] BlockDiagram:2759 - set Specific Code input for plugin: SYS
2023-04-10 08:55:51,176 [INFO] BlockDiagram:2759 - set Specific Code input for plugin: GPIO
2023-04-10 08:55:51,176 [INFO] BlockDiagram:2759 - set Specific Code input for plugin: RCC
2023-04-10 08:55:51,176 [INFO] CodeGenerator:793 - code generatio: config db path: C:\ST\STM32CubeIDE_1.10.0\STM32CubeIDE\plugins\com.st.stm32cube.common.mx_6.8.0.202302231600\\db\
2023-04-10 08:55:51,732 [INFO] CodeEngine:255 - oldGeneratedFile, D:\.workshop\Programming\projects\20230410\MXTmpFiles\license.tmp_save
2023-04-10 08:55:52,251 [INFO] CodeEngine:279 - Generated code: D:\.workshop\Programming\projects\20230410\MXTmpFiles\license.tmp
2023-04-10 08:55:52,369 [INFO] CodeEngine:255 - oldGeneratedFile, D:\.workshop\Programming\projects\20230410\MXTmpFiles\gpio.tmp_save
2023-04-10 08:55:52,806 [INFO] CodeEngine:279 - Generated code: D:\.workshop\Programming\projects\20230410\MXTmpFiles\gpio.tmp
2023-04-10 08:55:52,854 [INFO] CodeEngine:255 - oldGeneratedFile, D:\.workshop\Programming\projects\20230410\Core\Src\stm32f1xx_it.c_save
2023-04-10 08:55:53,416 [INFO] CodeEngine:279 - Generated code: D:\.workshop\Programming\projects\20230410\Core\Src\stm32f1xx_it.c
2023-04-10 08:55:53,426 [INFO] CodeEngine:255 - oldGeneratedFile, D:\.workshop\Programming\projects\20230410\Core\Inc\stm32f1xx_it.h_save
2023-04-10 08:55:53,587 [INFO] CodeEngine:279 - Generated code: D:\.workshop\Programming\projects\20230410\Core\Inc\stm32f1xx_it.h
2023-04-10 08:55:53,613 [INFO] CodeEngine:255 - oldGeneratedFile, D:\.workshop\Programming\projects\20230410\Core\Src\stm32f1xx_hal_msp.c_save
2023-04-10 08:55:53,958 [INFO] CodeEngine:279 - Generated code: D:\.workshop\Programming\projects\20230410\Core\Src\stm32f1xx_hal_msp.c
2023-04-10 08:55:53,967 [INFO] CodeEngine:255 - oldGeneratedFile, D:\.workshop\Programming\projects\20230410\MXTmpFiles\system.tmp_save
2023-04-10 08:55:54,117 [INFO] CodeEngine:279 - Generated code: D:\.workshop\Programming\projects\20230410\MXTmpFiles\system.tmp
2023-04-10 08:55:54,140 [INFO] CodeEngine:311 - oldGeneratedFile, D:\.workshop\Programming\projects\20230410\Core\Inc\stm32f1xx_hal_conf.h_save
2023-04-10 08:55:54,335 [INFO] CodeEngine:335 - Generated code: D:\.workshop\Programming\projects\20230410\Core\Inc\stm32f1xx_hal_conf.h
2023-04-10 08:55:54,417 [INFO] CodeEngine:255 - oldGeneratedFile, D:\.workshop\Programming\projects\20230410\Core\Inc\main.h_save
2023-04-10 08:55:54,650 [INFO] CodeEngine:279 - Generated code: D:\.workshop\Programming\projects\20230410\Core\Inc\main.h
2023-04-10 08:55:54,663 [INFO] CodeEngine:255 - oldGeneratedFile, D:\.workshop\Programming\projects\20230410\Core\Src\main.c_save
2023-04-10 08:55:55,091 [INFO] CodeEngine:279 - Generated code: D:\.workshop\Programming\projects\20230410\Core\Src\main.c
2023-04-10 08:55:56,143 [INFO] ProjectBuilder:2996 - Time for Copy HAL[1] : 343mS.
2023-04-10 08:55:56,156 [INFO] ProjectBuilder:4304 - Project Generator version: 3.19.2
2023-04-10 08:55:56,581 [INFO] ConfigFileManager:1483 - The Die is : DIE410
2023-04-10 08:56:01,096 [INFO] ToolchainGenerator:476 - stack trace : java.lang.reflect.InvocationTargetException
	at java.base/jdk.internal.reflect.NativeMethodAccessorImpl.invoke0(Native Method)
	at java.base/jdk.internal.reflect.NativeMethodAccessorImpl.invoke(NativeMethodAccessorImpl.java:62)
	at java.base/jdk.internal.reflect.DelegatingMethodAccessorImpl.invoke(DelegatingMethodAccessorImpl.java:43)
	at java.base/java.lang.reflect.Method.invoke(Method.java:566)
	at com.st.microxplorer.plugins.projectmanager.model.ToolchainGenerator.CallMethod(ToolchainGenerator.java:276)
	at com.st.microxplorer.plugins.projectmanager.model.ToolchainGenerator.update(ToolchainGenerator.java:470)
	at com.st.microxplorer.plugins.projectmanager.engine.ProjectBuilder.createToolChainFolders(ProjectBuilder.java:4461)
	at com.st.microxplorer.plugins.projectmanager.engine.ProjectBuilder.createProject(ProjectBuilder.java:976)
	at com.st.microxplorer.plugins.projectmanager.engine.ProjectBuilder.createProject(ProjectBuilder.java:612)
	at com.st.microxplorer.plugins.projectmanager.engine.MainProjectManager.startGenerateCode(MainProjectManager.java:1261)
	at com.st.microxplorer.plugins.projectmanager.engine.MainProjectManager$3.onCommandEntered(MainProjectManager.java:234)
	at com.st.components.util.CommandLineManager$3.run(CommandLineManager.java:175)
	at java.desktop/java.awt.event.InvocationEvent.dispatch(InvocationEvent.java:303)
	at java.desktop/java.awt.EventQueue.dispatchEventImpl(EventQueue.java:770)
	at java.desktop/java.awt.EventQueue$4.run(EventQueue.java:721)
	at java.desktop/java.awt.EventQueue$4.run(EventQueue.java:715)
	at java.base/java.security.AccessController.doPrivileged(Native Method)
	at java.base/java.security.ProtectionDomain$JavaSecurityAccessImpl.doIntersectionPrivilege(ProtectionDomain.java:85)
	at java.desktop/java.awt.EventQueue.dispatchEvent(EventQueue.java:740)
	at java.desktop/java.awt.EventDispatchThread.pumpOneEventForFilters(EventDispatchThread.java:203)
	at java.desktop/java.awt.EventDispatchThread.pumpEventsForFilter(EventDispatchThread.java:124)
	at java.desktop/java.awt.EventDispatchThread.pumpEventsForHierarchy(EventDispatchThread.java:113)
	at java.desktop/java.awt.EventDispatchThread.pumpEvents(EventDispatchThread.java:109)
	at java.desktop/java.awt.EventDispatchThread.pumpEvents(EventDispatchThread.java:101)
	at java.desktop/java.awt.EventDispatchThread.run(EventDispatchThread.java:90)
Caused by: java.lang.NoClassDefFoundError: Could not initialize class javax.xml.bind.DatatypeConverterImpl
	at javax.xml.bind.DatatypeConverter.initConverter(DatatypeConverter.java:125)
	at javax.xml.bind.DatatypeConverter.printHexBinary(DatatypeConverter.java:610)
	at com.st.stm32cube.common.utils.files.FileUtils.getMd5(FileUtils.java:338)
	at com.st.stm32cube.ide.mcu.resources.threadsafe.core.engine.MCUThreadSafeResourcesGenerator.update(MCUThreadSafeResourcesGenerator.java:105)
	at com.st.stm32cube.ide.common.services.threadsafe.ThreadSafeResourcesUpdateService.doThreadSafeResourcesUpdate(ThreadSafeResourcesUpdateService.java:34)
	at com.st.stm32cube.ide.common.services.adapted.core.threadsafe.ThreadSafeResourcesUpdateRcpServiceProcess.doThreadSafeUpdate(ThreadSafeResourcesUpdateRcpServiceProcess.java:175)
	at com.st.stm32cube.ide.common.services.adapted.core.threadsafe.ThreadSafeResourcesUpdateRcpServiceProcess.doThreadSafeUpdate(ThreadSafeResourcesUpdateRcpServiceProcess.java:142)
	at com.st.stm32cube.ide.common.services.adapted.core.threadsafe.ThreadSafeResourcesUpdateRcpServiceProcess.run(ThreadSafeResourcesUpdateRcpServiceProcess.java:116)
	at com.st.stm32cube.ide.common.services.mx.core.threadsafe.ThreadSafeResourcesUpdateRcpService.doThreadSafeStrategyUpdate(ThreadSafeResourcesUpdateRcpService.java:169)
	at com.st.stm32cube.ide.common.services.mx.core.threadsafe.ThreadSafeResourcesUpdateRcpService.run(ThreadSafeResourcesUpdateRcpService.java:164)
	at com.st.stm32cube.ide.common.services.mx.update.MxUpdateProjectRcpService.run(MxUpdateProjectRcpService.java:141)
	at com.st.stm32cube.ide.mcu.ide.process.MxIdePlugInProjectGeneratorAbstract.doExecute(MxIdePlugInProjectGeneratorAbstract.java:379)
	at com.st.stm32cube.ide.mcu.ide.process.MxIdePlugInProjectGeneratorAbstract.doUpdate(MxIdePlugInProjectGeneratorAbstract.java:246)
	at com.st.stm32cube.ide.mcu.ide.process.MxIdePlugInProjectGeneratorAbstract.update(MxIdePlugInProjectGeneratorAbstract.java:92)
	... 25 more

2023-04-10 08:56:01,096 [INFO] ToolchainGenerator:477 - [Project Generator] Problem in the update of the project
2023-04-10 08:56:01,096 [INFO] ProjectBuilder:4505 - Time for Generating toolchain IDE Files: 4940mS.
2023-04-10 08:56:01,096 [ERROR] ProjectBuilder:4511 - Error in Project Generation
2023-04-10 08:56:01,098 [ERROR] ProjectBuilder:1001 - Error in Project Generation
2023-04-10 08:56:01,121 [INFO] ProjectBuilder:1345 - javax.swing.JPanel[,0,0,0x0,invalid,layout=java.awt.FlowLayout,alignmentX=0.0,alignmentY=0.0,border=,flags=9,maximumSize=,minimumSize=,preferredSize=]
2023-04-10 08:56:01,236 [INFO] UtilMem:75 - End SaveConfig() Used Memory: 282905712 Bytes (826277888)
2023-04-10 08:56:04,535 [INFO] BlockDiagram:2759 - set Specific Code input for plugin: NVIC
2023-04-10 08:56:04,535 [INFO] BlockDiagram:2759 - set Specific Code input for plugin: SYS
2023-04-10 08:56:04,535 [INFO] BlockDiagram:2759 - set Specific Code input for plugin: GPIO
2023-04-10 08:56:04,535 [INFO] BlockDiagram:2759 - set Specific Code input for plugin: RCC
2023-04-10 08:56:04,535 [INFO] CodeGenerator:793 - code generatio: config db path: C:\ST\STM32CubeIDE_1.10.0\STM32CubeIDE\plugins\com.st.stm32cube.common.mx_6.8.0.202302231600\\db\
2023-04-10 08:56:04,994 [INFO] CodeEngine:255 - oldGeneratedFile, D:\.workshop\Programming\projects\20230410\MXTmpFiles\license.tmp_save
2023-04-10 08:56:05,313 [INFO] CodeEngine:279 - Generated code: D:\.workshop\Programming\projects\20230410\MXTmpFiles\license.tmp
2023-04-10 08:56:05,352 [INFO] CodeEngine:255 - oldGeneratedFile, D:\.workshop\Programming\projects\20230410\MXTmpFiles\gpio.tmp_save
2023-04-10 08:56:05,738 [INFO] CodeEngine:279 - Generated code: D:\.workshop\Programming\projects\20230410\MXTmpFiles\gpio.tmp
2023-04-10 08:56:05,846 [INFO] CodeEngine:255 - oldGeneratedFile, D:\.workshop\Programming\projects\20230410\Core\Src\stm32f1xx_it.c_save
2023-04-10 08:56:06,222 [INFO] CodeEngine:279 - Generated code: D:\.workshop\Programming\projects\20230410\Core\Src\stm32f1xx_it.c
2023-04-10 08:56:06,232 [INFO] CodeEngine:255 - oldGeneratedFile, D:\.workshop\Programming\projects\20230410\Core\Inc\stm32f1xx_it.h_save
2023-04-10 08:56:06,439 [INFO] CodeEngine:279 - Generated code: D:\.workshop\Programming\projects\20230410\Core\Inc\stm32f1xx_it.h
2023-04-10 08:56:06,476 [INFO] CodeEngine:255 - oldGeneratedFile, D:\.workshop\Programming\projects\20230410\Core\Src\stm32f1xx_hal_msp.c_save
2023-04-10 08:56:06,773 [INFO] CodeEngine:279 - Generated code: D:\.workshop\Programming\projects\20230410\Core\Src\stm32f1xx_hal_msp.c
2023-04-10 08:56:06,773 [INFO] CodeEngine:255 - oldGeneratedFile, D:\.workshop\Programming\projects\20230410\MXTmpFiles\system.tmp_save
2023-04-10 08:56:06,983 [INFO] CodeEngine:279 - Generated code: D:\.workshop\Programming\projects\20230410\MXTmpFiles\system.tmp
2023-04-10 08:56:06,998 [INFO] CodeEngine:311 - oldGeneratedFile, D:\.workshop\Programming\projects\20230410\Core\Inc\stm32f1xx_hal_conf.h_save
2023-04-10 08:56:07,223 [INFO] CodeEngine:335 - Generated code: D:\.workshop\Programming\projects\20230410\Core\Inc\stm32f1xx_hal_conf.h
2023-04-10 08:56:07,292 [INFO] CodeEngine:255 - oldGeneratedFile, D:\.workshop\Programming\projects\20230410\Core\Inc\main.h_save
2023-04-10 08:56:07,522 [INFO] CodeEngine:279 - Generated code: D:\.workshop\Programming\projects\20230410\Core\Inc\main.h
2023-04-10 08:56:07,541 [INFO] CodeEngine:255 - oldGeneratedFile, D:\.workshop\Programming\projects\20230410\Core\Src\main.c_save
2023-04-10 08:56:07,783 [INFO] CodeEngine:279 - Generated code: D:\.workshop\Programming\projects\20230410\Core\Src\main.c
2023-04-10 08:56:09,271 [INFO] ProjectBuilder:2996 - Time for Copy HAL[1] : 429mS.
2023-04-10 08:56:09,271 [INFO] ProjectBuilder:4304 - Project Generator version: 3.19.2
2023-04-10 08:56:10,146 [INFO] ConfigFileManager:1483 - The Die is : DIE410
2023-04-10 08:56:13,353 [INFO] ToolchainGenerator:476 - stack trace : java.lang.reflect.InvocationTargetException
	at java.base/jdk.internal.reflect.NativeMethodAccessorImpl.invoke0(Native Method)
	at java.base/jdk.internal.reflect.NativeMethodAccessorImpl.invoke(NativeMethodAccessorImpl.java:62)
	at java.base/jdk.internal.reflect.DelegatingMethodAccessorImpl.invoke(DelegatingMethodAccessorImpl.java:43)
	at java.base/java.lang.reflect.Method.invoke(Method.java:566)
	at com.st.microxplorer.plugins.projectmanager.model.ToolchainGenerator.CallMethod(ToolchainGenerator.java:276)
	at com.st.microxplorer.plugins.projectmanager.model.ToolchainGenerator.update(ToolchainGenerator.java:470)
	at com.st.microxplorer.plugins.projectmanager.engine.ProjectBuilder.createToolChainFolders(ProjectBuilder.java:4461)
	at com.st.microxplorer.plugins.projectmanager.engine.ProjectBuilder.createProject(ProjectBuilder.java:976)
	at com.st.microxplorer.plugins.projectmanager.engine.ProjectBuilder.createProject(ProjectBuilder.java:612)
	at com.st.microxplorer.plugins.projectmanager.engine.MainProjectManager.startGenerateCode(MainProjectManager.java:1261)
	at com.st.microxplorer.plugins.projectmanager.engine.MainProjectManager$3.onCommandEntered(MainProjectManager.java:234)
	at com.st.components.util.CommandLineManager.onCommandEntered(CommandLineManager.java:180)
	at com.st.components.util.CommandLineManager.runCommand(CommandLineManager.java:198)
	at com.st.components.util.CommandLineManager.runCommand(CommandLineManager.java:214)
	at com.st.components.util.CommandLineManager.runCommand(CommandLineManager.java:381)
	at com.st.stm32cube.common.mx.editor.CubeMxEditor$24.run(CubeMxEditor.java:2412)
	at org.eclipse.core.internal.jobs.Worker.run(Worker.java:63)
Caused by: java.lang.NoClassDefFoundError: Could not initialize class javax.xml.bind.DatatypeConverterImpl
	at javax.xml.bind.DatatypeConverter.initConverter(DatatypeConverter.java:125)
	at javax.xml.bind.DatatypeConverter.printHexBinary(DatatypeConverter.java:610)
	at com.st.stm32cube.common.utils.files.FileUtils.getMd5(FileUtils.java:338)
	at com.st.stm32cube.ide.mcu.resources.threadsafe.core.engine.MCUThreadSafeResourcesGenerator.update(MCUThreadSafeResourcesGenerator.java:105)
	at com.st.stm32cube.ide.common.services.threadsafe.ThreadSafeResourcesUpdateService.doThreadSafeResourcesUpdate(ThreadSafeResourcesUpdateService.java:34)
	at com.st.stm32cube.ide.common.services.adapted.core.threadsafe.ThreadSafeResourcesUpdateRcpServiceProcess.doThreadSafeUpdate(ThreadSafeResourcesUpdateRcpServiceProcess.java:175)
	at com.st.stm32cube.ide.common.services.adapted.core.threadsafe.ThreadSafeResourcesUpdateRcpServiceProcess.doThreadSafeUpdate(ThreadSafeResourcesUpdateRcpServiceProcess.java:142)
	at com.st.stm32cube.ide.common.services.adapted.core.threadsafe.ThreadSafeResourcesUpdateRcpServiceProcess.run(ThreadSafeResourcesUpdateRcpServiceProcess.java:116)
	at com.st.stm32cube.ide.common.services.mx.core.threadsafe.ThreadSafeResourcesUpdateRcpService.doThreadSafeStrategyUpdate(ThreadSafeResourcesUpdateRcpService.java:169)
	at com.st.stm32cube.ide.common.services.mx.core.threadsafe.ThreadSafeResourcesUpdateRcpService.run(ThreadSafeResourcesUpdateRcpService.java:164)
	at com.st.stm32cube.ide.common.services.mx.update.MxUpdateProjectRcpService.run(MxUpdateProjectRcpService.java:141)
	at com.st.stm32cube.ide.mcu.ide.process.MxIdePlugInProjectGeneratorAbstract.doExecute(MxIdePlugInProjectGeneratorAbstract.java:379)
	at com.st.stm32cube.ide.mcu.ide.process.MxIdePlugInProjectGeneratorAbstract.doUpdate(MxIdePlugInProjectGeneratorAbstract.java:246)
	at com.st.stm32cube.ide.mcu.ide.process.MxIdePlugInProjectGeneratorAbstract.update(MxIdePlugInProjectGeneratorAbstract.java:92)
	... 17 more

2023-04-10 08:56:13,353 [INFO] ToolchainGenerator:477 - [Project Generator] Problem in the update of the project
2023-04-10 08:56:13,353 [INFO] ProjectBuilder:4505 - Time for Generating toolchain IDE Files: 4082mS.
2023-04-10 08:56:13,353 [ERROR] ProjectBuilder:4511 - Error in Project Generation
2023-04-10 08:56:13,353 [ERROR] ProjectBuilder:1001 - Error in Project Generation
2023-04-10 08:56:13,539 [INFO] ProjectBuilder:1345 - javax.swing.JPanel[,0,0,0x0,invalid,layout=java.awt.FlowLayout,alignmentX=0.0,alignmentY=0.0,border=,flags=9,maximumSize=,minimumSize=,preferredSize=]
