2024-11-28 19:42:35,365 [INFO] Activator:176 - 


2024-11-28 19:42:35,371 [INFO] Activator:177 - !SESSION log4j initialized
2024-11-28 19:42:42,207 [INFO] LogOutputStream:77 - [STDOUT_REDIRECT] 
2024-11-28 19:42:51,644 [INFO] ApplicationProperties:184 - Using Application install path: C:\ST\STM32CubeIDE_1.16.1\STM32CubeIDE\plugins\com.st.stm32cube.common.mx_6.12.1.202409122256
2024-11-28 19:42:51,684 [INFO] DbMcusXml:78 - Set database path to: C:\ST\STM32CubeIDE_1.16.1\STM32CubeIDE\plugins\com.st.stm32cube.common.mx_6.12.1.202409122256\\db\/mcu/
2024-11-28 19:42:51,684 [INFO] ApiDb:274 - Set plugin database path to: C:\ST\STM32CubeIDE_1.16.1\STM32CubeIDE\plugins\com.st.stm32cube.common.mx_6.12.1.202409122256\\db\/plugins/boardmanager/
2024-11-28 19:42:51,685 [WARN] ApiDb:259 - Overriding images path with different value:  => C:\ST\STM32CubeIDE_1.16.1\STM32CubeIDE\plugins\com.st.stm32cube.common.mx_6.12.1.202409122256\\db\/plugins/mcufinder/images/
2024-11-28 19:42:51,701 [INFO] ApiDb:250 - Set database path to: C:\Users\Prometheus\.stmcufinder\plugins\mcufinder//mcu/
2024-11-28 19:42:51,703 [INFO] DbMcusAds:125 - Set database path to: C:\Users\Prometheus\.stmcufinder\plugins\mcufinder//mcu/
2024-11-28 19:42:51,707 [INFO] CrossReferenceDbSqlite:203 - Set database path to: C:\Users\Prometheus\.stmcufinder\plugins\mcufinder//mcu/cs/
2024-11-28 19:42:51,928 [INFO] RulesReader:64 - Compatibility file has been processed (297 Rules)
2024-11-28 19:42:52,105 [INFO] DbMcusXml:78 - Set database path to: C:\ST\STM32CubeIDE_1.16.1\STM32CubeIDE\plugins\com.st.stm32cube.common.mx_6.12.1.202409122256\\db\/mcu/
2024-11-28 19:42:52,106 [INFO] ApiDb:274 - Set plugin database path to: C:\ST\STM32CubeIDE_1.16.1\STM32CubeIDE\plugins\com.st.stm32cube.common.mx_6.12.1.202409122256\\db\/plugins/boardmanager/
2024-11-28 19:42:52,106 [INFO] ApiDb:261 - Set plugin images path to: C:\ST\STM32CubeIDE_1.16.1\STM32CubeIDE\plugins\com.st.stm32cube.common.mx_6.12.1.202409122256\\db\/plugins/mcufinder/images/
2024-11-28 19:42:52,107 [WARN] DbFile:41 - Overriding database path with different value: C:\Users\Prometheus\.stmcufinder\plugins\mcufinder/ => C:\Users\Prometheus\.stmcufinder\plugins\mcufinder
2024-11-28 19:42:52,107 [INFO] ApiDb:250 - Set database path to: C:\Users\Prometheus\.stmcufinder\plugins\mcufinder//mcu/
2024-11-28 19:42:52,107 [WARN] DbFile:41 - Overriding database path with different value: C:\Users\Prometheus\.stmcufinder\plugins\mcufinder/ => C:\Users\Prometheus\.stmcufinder\plugins\mcufinder
2024-11-28 19:42:52,107 [INFO] DbMcusAds:125 - Set database path to: C:\Users\Prometheus\.stmcufinder\plugins\mcufinder//mcu/
2024-11-28 19:42:52,107 [WARN] DbFile:41 - Overriding database path with different value: C:\Users\Prometheus\.stmcufinder\plugins\mcufinder/ => C:\Users\Prometheus\.stmcufinder\plugins\mcufinder
2024-11-28 19:42:52,107 [WARN] DbFile:41 - Overriding database path with different value: C:\Users\Prometheus\.stmcufinder\plugins\mcufinder/ => C:\Users\Prometheus\.stmcufinder\plugins\mcufinder
2024-11-28 19:42:52,108 [INFO] CrossReferenceDbSqlite:203 - Set database path to: C:\Users\Prometheus\.stmcufinder\plugins\mcufinder//mcu/cs/
2024-11-28 19:42:52,311 [INFO] MainPanel:268 - HeapMemory: 268435456
2024-11-28 19:42:52,590 [INFO] DbMcusXml:78 - Set database path to: C:\ST\STM32CubeIDE_1.16.1\STM32CubeIDE\plugins\com.st.stm32cube.common.mx_6.12.1.202409122256\\db\/mcu/
2024-11-28 19:42:52,590 [INFO] ApiDb:274 - Set plugin database path to: C:\ST\STM32CubeIDE_1.16.1\STM32CubeIDE\plugins\com.st.stm32cube.common.mx_6.12.1.202409122256\\db\/plugins/boardmanager/
2024-11-28 19:42:52,591 [INFO] ApiDb:261 - Set plugin images path to: C:\ST\STM32CubeIDE_1.16.1\STM32CubeIDE\plugins\com.st.stm32cube.common.mx_6.12.1.202409122256\\db\/plugins/mcufinder/images/
2024-11-28 19:42:52,592 [WARN] DbFile:41 - Overriding database path with different value: C:\Users\Prometheus\.stmcufinder\plugins\mcufinder/ => C:\Users\Prometheus\.stmcufinder\plugins\mcufinder
2024-11-28 19:42:52,592 [INFO] ApiDb:250 - Set database path to: C:\Users\Prometheus\.stmcufinder\plugins\mcufinder//mcu/
2024-11-28 19:42:52,592 [WARN] DbFile:41 - Overriding database path with different value: C:\Users\Prometheus\.stmcufinder\plugins\mcufinder/ => C:\Users\Prometheus\.stmcufinder\plugins\mcufinder
2024-11-28 19:42:52,593 [INFO] DbMcusAds:125 - Set database path to: C:\Users\Prometheus\.stmcufinder\plugins\mcufinder//mcu/
2024-11-28 19:42:52,593 [WARN] DbFile:41 - Overriding database path with different value: C:\Users\Prometheus\.stmcufinder\plugins\mcufinder/ => C:\Users\Prometheus\.stmcufinder\plugins\mcufinder
2024-11-28 19:42:52,594 [WARN] DbFile:41 - Overriding database path with different value: C:\Users\Prometheus\.stmcufinder\plugins\mcufinder/ => C:\Users\Prometheus\.stmcufinder\plugins\mcufinder
2024-11-28 19:42:52,594 [INFO] CrossReferenceDbSqlite:203 - Set database path to: C:\Users\Prometheus\.stmcufinder\plugins\mcufinder//mcu/cs/
2024-11-28 19:42:52,639 [INFO] ApplicationProperties:184 - Using Application install path: C:\ST\STM32CubeIDE_1.16.1\STM32CubeIDE\plugins\com.st.stm32cube.common.mx_6.12.1.202409122256
2024-11-28 19:42:52,643 [INFO] PluginManage:196 - Search for loadable plugins [exclusion list=, ]
2024-11-28 19:42:52,647 [INFO] PluginManage:310 - Check plugin analytics
2024-11-28 19:42:57,638 [INFO] AnalyticsPlugin:253 - Accepted Software Licenses: 
2024-11-28 19:42:57,639 [INFO] AnalyticsPlugin:255 - Accepted CMSIS Pack Licenses: STMicroelectronics.X-CUBE-TOUCHGFX.4.22.1
2024-11-28 19:42:57,639 [INFO] AnalyticsPlugin:257 - Accepted Firmware Licenses: FW.F7.1.17.0
2024-11-28 19:42:57,639 [INFO] PluginManage:359 - Loaded plugin analytics (category:tool,tabindex:-1)
2024-11-28 19:42:57,640 [INFO] PluginManage:310 - Check plugin cadmodel
2024-11-28 19:42:57,667 [INFO] CADModel:105 - Init CAD model plugin
2024-11-28 19:42:57,668 [INFO] PluginManage:359 - Loaded plugin cadmodel (category:power,tabindex:5)
2024-11-28 19:42:57,668 [INFO] PluginManage:310 - Check plugin clock
2024-11-28 19:42:57,701 [INFO] PluginManage:359 - Loaded plugin clock (category:base,tabindex:2)
2024-11-28 19:42:57,702 [INFO] PluginManage:310 - Check plugin ddr
2024-11-28 19:42:57,705 [INFO] PluginManage:359 - Loaded plugin ddr (category:tool,tabindex:6)
2024-11-28 19:42:57,705 [INFO] PluginManage:310 - Check plugin filemanager
2024-11-28 19:42:57,993 [INFO] PluginManage:359 - Loaded plugin filemanager (category:base,tabindex:10)
2024-11-28 19:42:57,994 [INFO] PluginManage:310 - Check plugin ipmanager
2024-11-28 19:42:58,007 [INFO] PluginManage:359 - Loaded plugin ipmanager (category:base,tabindex:5)
2024-11-28 19:42:58,007 [INFO] PluginManage:310 - Check plugin lpbam
2024-11-28 19:42:58,058 [INFO] PluginManage:359 - Loaded plugin lpbam (category:base,tabindex:0)
2024-11-28 19:42:58,058 [INFO] PluginManage:310 - Check plugin memorymap
2024-11-28 19:42:58,120 [INFO] PluginManage:359 - Loaded plugin memorymap (category:base,tabindex:4)
2024-11-28 19:42:58,121 [INFO] PluginManage:310 - Check plugin pinoutandconfiguration
2024-11-28 19:42:58,170 [INFO] PluginManage:359 - Loaded plugin pinoutandconfiguration (category:base,tabindex:1)
2024-11-28 19:42:58,171 [INFO] PluginManage:310 - Check plugin pinoutconfig
2024-11-28 19:42:58,389 [WARN] SupportedApi:132 - Cannot load RTOS API schema: s4s-elt-must-match.1: The content of 'definitions' must match (annotation?, (simpleType | complexType)?, (unique | key | keyref)*)). A problem was found starting at: attribute.
2024-11-28 19:42:58,698 [INFO] PluginManage:359 - Loaded plugin pinoutconfig (category:base,tabindex:0)
2024-11-28 19:42:58,699 [INFO] PluginManage:310 - Check plugin power
2024-11-28 19:42:58,738 [INFO] PluginManage:359 - Loaded plugin power (category:power,tabindex:4)
2024-11-28 19:42:58,739 [INFO] PluginManage:310 - Check plugin projectmanager
2024-11-28 19:42:58,767 [INFO] PluginManage:359 - Loaded plugin projectmanager (category:projectmanager,tabindex:4)
2024-11-28 19:42:58,767 [INFO] PluginManage:310 - Check plugin rif
2024-11-28 19:42:58,797 [INFO] PluginManage:359 - Loaded plugin rif (category:base,tabindex:3)
2024-11-28 19:42:58,797 [INFO] PluginManage:310 - Check plugin thirdparty
2024-11-28 19:42:59,347 [INFO] PluginManage:359 - Loaded plugin thirdparty (category:base,tabindex:-1)
2024-11-28 19:42:59,347 [WARN] IntegrityCheckThread:84 - waiting for thirdparty lock release [integrity check]
2024-11-28 19:42:59,348 [INFO] IntegrityCheckThread:86 - entering critical section [integrity check]
2024-11-28 19:42:59,348 [INFO] PluginManage:310 - Check plugin tools
2024-11-28 19:42:59,348 [INFO] ThirdPartyUpdaterWithRetryManager:70 - Updater plugin not ready yet. [1/15]
2024-11-28 19:42:59,413 [INFO] PluginManage:359 - Loaded plugin tools (category:base,tabindex:7)
2024-11-28 19:42:59,414 [INFO] PluginManage:310 - Check plugin tutovideos
2024-11-28 19:42:59,792 [INFO] PluginManage:359 - Loaded plugin tutovideos (category:base,tabindex:-1)
2024-11-28 19:42:59,793 [INFO] PluginManage:310 - Check plugin updater
2024-11-28 19:42:59,821 [INFO] PluginManage:359 - Loaded plugin updater (category:base,tabindex:12)
2024-11-28 19:42:59,821 [INFO] PluginManage:310 - Check plugin userauth
2024-11-28 19:42:59,830 [INFO] UserAuth:113 - Init User Auth plugin
2024-11-28 19:42:59,831 [INFO] PluginManage:359 - Loaded plugin userauth (category:base,tabindex:14)
2024-11-28 19:42:59,831 [INFO] PluginManage:283 - PluginManage : Loaded plugins [18]
2024-11-28 19:43:00,214 [INFO] PinOutPanel:1561 - setPackage(No Configuration,No Configuration)
2024-11-28 19:43:00,362 [INFO] CADModel:165 - CPN selected for project level
2024-11-28 19:43:00,363 [INFO] CADModel:114 - Register for checkConnection events
2024-11-28 19:43:00,410 [INFO] IPUIPlugin:80 - create IPUIPlugin
2024-11-28 19:43:00,410 [INFO] PluginManager:220 - loadIPPluginJar : add adc
2024-11-28 19:43:00,487 [INFO] IPUIPlugin:80 - create IPUIPlugin
2024-11-28 19:43:00,487 [INFO] PluginManager:220 - loadIPPluginJar : add aes
2024-11-28 19:43:00,563 [INFO] IPUIPlugin:80 - create IPUIPlugin
2024-11-28 19:43:00,563 [INFO] PluginManager:220 - loadIPPluginJar : add can
2024-11-28 19:43:00,617 [INFO] IPUIPlugin:80 - create IPUIPlugin
2024-11-28 19:43:00,617 [INFO] PluginManager:220 - loadIPPluginJar : add comp
2024-11-28 19:43:00,690 [INFO] IPUIPlugin:80 - create IPUIPlugin
2024-11-28 19:43:00,690 [INFO] PluginManager:220 - loadIPPluginJar : add cryp
2024-11-28 19:43:00,716 [INFO] IPUIPlugin:80 - create IPUIPlugin
2024-11-28 19:43:00,716 [INFO] PluginManager:220 - loadIPPluginJar : add ddr_ctrl_phy
2024-11-28 19:43:00,780 [INFO] IPUIPlugin:80 - create IPUIPlugin
2024-11-28 19:43:00,780 [INFO] PluginManager:220 - loadIPPluginJar : add dfsdm
2024-11-28 19:43:00,806 [INFO] IPUIPlugin:80 - create IPUIPlugin
2024-11-28 19:43:00,807 [INFO] PluginManager:220 - loadIPPluginJar : add dma
2024-11-28 19:43:00,900 [INFO] IPUIPlugin:80 - create IPUIPlugin
2024-11-28 19:43:00,900 [INFO] PluginManager:220 - loadIPPluginJar : add dma3
2024-11-28 19:43:00,991 [INFO] IPUIPlugin:80 - create IPUIPlugin
2024-11-28 19:43:00,991 [INFO] PluginManager:220 - loadIPPluginJar : add extmemmanager
2024-11-28 19:43:01,032 [INFO] IPUIPlugin:80 - create IPUIPlugin
2024-11-28 19:43:01,032 [INFO] PluginManager:220 - loadIPPluginJar : add fatfs
2024-11-28 19:43:01,123 [INFO] IPUIPlugin:80 - create IPUIPlugin
2024-11-28 19:43:01,124 [INFO] PluginManager:220 - loadIPPluginJar : add fmc
2024-11-28 19:43:01,149 [INFO] IPUIPlugin:80 - create IPUIPlugin
2024-11-28 19:43:01,149 [INFO] PluginManager:220 - loadIPPluginJar : add freertos
2024-11-28 19:43:01,191 [INFO] IPUIPlugin:80 - create IPUIPlugin
2024-11-28 19:43:01,191 [INFO] PluginManager:220 - loadIPPluginJar : add genericplugin
2024-11-28 19:43:01,377 [INFO] IPUIPlugin:80 - create IPUIPlugin
2024-11-28 19:43:01,377 [INFO] PluginManager:220 - loadIPPluginJar : add gfxmmu
2024-11-28 19:43:01,709 [INFO] IPUIPlugin:80 - create IPUIPlugin
2024-11-28 19:43:01,709 [INFO] PluginManager:220 - loadIPPluginJar : add gic
2024-11-28 19:43:01,773 [INFO] IPUIPlugin:80 - create IPUIPlugin
2024-11-28 19:43:01,774 [INFO] PluginManager:220 - loadIPPluginJar : add gpio
2024-11-28 19:43:01,952 [INFO] IPUIPlugin:80 - create IPUIPlugin
2024-11-28 19:43:01,952 [INFO] PluginManager:220 - loadIPPluginJar : add gtzc
2024-11-28 19:43:02,082 [INFO] IPUIPlugin:80 - create IPUIPlugin
2024-11-28 19:43:02,082 [INFO] PluginManager:220 - loadIPPluginJar : add hash
2024-11-28 19:43:02,218 [INFO] IPUIPlugin:80 - create IPUIPlugin
2024-11-28 19:43:02,218 [INFO] PluginManager:220 - loadIPPluginJar : add i2c
2024-11-28 19:43:02,350 [INFO] ThirdPartyUpdaterWithRetryManager:70 - Updater plugin not ready yet. [2/15]
2024-11-28 19:43:02,352 [INFO] IPUIPlugin:80 - create IPUIPlugin
2024-11-28 19:43:02,352 [INFO] PluginManager:220 - loadIPPluginJar : add i2s
2024-11-28 19:43:02,471 [INFO] IPUIPlugin:80 - create IPUIPlugin
2024-11-28 19:43:02,471 [INFO] PluginManager:220 - loadIPPluginJar : add i3c
2024-11-28 19:43:02,814 [INFO] IPUIPlugin:80 - create IPUIPlugin
2024-11-28 19:43:02,814 [INFO] PluginManager:220 - loadIPPluginJar : add ipddr
2024-11-28 19:43:03,089 [INFO] IPUIPlugin:80 - create IPUIPlugin
2024-11-28 19:43:03,089 [INFO] PluginManager:220 - loadIPPluginJar : add linkedlist
2024-11-28 19:43:03,208 [INFO] IPUIPlugin:80 - create IPUIPlugin
2024-11-28 19:43:03,208 [INFO] PluginManager:220 - loadIPPluginJar : add lorawan
2024-11-28 19:43:03,314 [INFO] IPUIPlugin:80 - create IPUIPlugin
2024-11-28 19:43:03,315 [INFO] PluginManager:220 - loadIPPluginJar : add ltdc
2024-11-28 19:43:03,344 [INFO] IPUIPlugin:80 - create IPUIPlugin
2024-11-28 19:43:03,344 [INFO] PluginManager:220 - loadIPPluginJar : add mdma
2024-11-28 19:43:03,371 [INFO] IPUIPlugin:80 - create IPUIPlugin
2024-11-28 19:43:03,371 [INFO] PluginManager:220 - loadIPPluginJar : add nvic
2024-11-28 19:43:03,442 [INFO] IPUIPlugin:80 - create IPUIPlugin
2024-11-28 19:43:03,443 [INFO] PluginManager:220 - loadIPPluginJar : add opamp
2024-11-28 19:43:03,585 [INFO] IPUIPlugin:80 - create IPUIPlugin
2024-11-28 19:43:03,586 [INFO] PluginManager:220 - loadIPPluginJar : add openamp
2024-11-28 19:43:03,749 [INFO] IPUIPlugin:80 - create IPUIPlugin
2024-11-28 19:43:03,749 [INFO] PluginManager:220 - loadIPPluginJar : add pdm2pcm
2024-11-28 19:43:03,785 [INFO] IPUIPlugin:80 - create IPUIPlugin
2024-11-28 19:43:03,788 [INFO] PluginManager:220 - loadIPPluginJar : add plateformsettings
2024-11-28 19:43:03,846 [INFO] IPUIPlugin:80 - create IPUIPlugin
2024-11-28 19:43:03,846 [INFO] PluginManager:220 - loadIPPluginJar : add quadspi
2024-11-28 19:43:03,910 [INFO] IPUIPlugin:80 - create IPUIPlugin
2024-11-28 19:43:03,911 [INFO] PluginManager:220 - loadIPPluginJar : add radio
2024-11-28 19:43:03,940 [INFO] IPUIPlugin:80 - create IPUIPlugin
2024-11-28 19:43:03,940 [INFO] PluginManager:220 - loadIPPluginJar : add resmgrutility
2024-11-28 19:43:04,046 [INFO] IPUIPlugin:80 - create IPUIPlugin
2024-11-28 19:43:04,047 [INFO] PluginManager:220 - loadIPPluginJar : add sai
2024-11-28 19:43:04,121 [INFO] IPUIPlugin:80 - create IPUIPlugin
2024-11-28 19:43:04,122 [INFO] PluginManager:220 - loadIPPluginJar : add spi
2024-11-28 19:43:04,244 [INFO] IPUIPlugin:80 - create IPUIPlugin
2024-11-28 19:43:04,244 [INFO] PluginManager:220 - loadIPPluginJar : add stm32_wpan
2024-11-28 19:43:04,387 [INFO] IPUIPlugin:80 - create IPUIPlugin
2024-11-28 19:43:04,387 [INFO] PluginManager:220 - loadIPPluginJar : add tim
2024-11-28 19:43:04,589 [INFO] IPUIPlugin:80 - create IPUIPlugin
2024-11-28 19:43:04,589 [INFO] PluginManager:220 - loadIPPluginJar : add touchsensing
2024-11-28 19:43:04,657 [INFO] IPUIPlugin:80 - create IPUIPlugin
2024-11-28 19:43:04,657 [INFO] PluginManager:220 - loadIPPluginJar : add tracer_emb
2024-11-28 19:43:04,744 [INFO] IPUIPlugin:80 - create IPUIPlugin
2024-11-28 19:43:04,745 [INFO] PluginManager:220 - loadIPPluginJar : add ts
2024-11-28 19:43:04,796 [INFO] IPUIPlugin:80 - create IPUIPlugin
2024-11-28 19:43:04,796 [INFO] PluginManager:220 - loadIPPluginJar : add tsc
2024-11-28 19:43:04,860 [INFO] IPUIPlugin:80 - create IPUIPlugin
2024-11-28 19:43:04,861 [INFO] PluginManager:220 - loadIPPluginJar : add ucpd
2024-11-28 19:43:04,974 [INFO] IPUIPlugin:80 - create IPUIPlugin
2024-11-28 19:43:04,974 [INFO] PluginManager:220 - loadIPPluginJar : add usart
2024-11-28 19:43:05,066 [INFO] IPUIPlugin:80 - create IPUIPlugin
2024-11-28 19:43:05,066 [INFO] PluginManager:220 - loadIPPluginJar : add usbx
2024-11-28 19:43:05,267 [INFO] CADModel:165 - CPN selected for project level
2024-11-28 19:43:05,267 [INFO] CADModel:114 - Register for checkConnection events
2024-11-28 19:43:05,267 [FATAL] Updater:334 - Updater called before beeing initialized
2024-11-28 19:43:05,268 [ERROR] CADModel:125 - Updater not yet initialized, retry later 
2024-11-28 19:43:05,352 [INFO] ThirdPartyUpdaterWithRetryManager:70 - Updater plugin not ready yet. [3/15]
2024-11-28 19:43:05,727 [INFO] CADModel:165 - CPN selected for project level
2024-11-28 19:43:05,728 [INFO] CADModel:114 - Register for checkConnection events
2024-11-28 19:43:05,728 [FATAL] Updater:334 - Updater called before beeing initialized
2024-11-28 19:43:05,728 [ERROR] CADModel:125 - Updater not yet initialized, retry later 
2024-11-28 19:43:05,738 [FATAL] Updater:334 - Updater called before beeing initialized
2024-11-28 19:43:05,915 [FATAL] Updater:334 - Updater called before beeing initialized
2024-11-28 19:43:05,932 [INFO] DbMcusAds:53 - JSON generation date=Fri Sep 20 18:04:38 QYZT 2024 (1726837478367)
2024-11-28 19:43:05,932 [FATAL] Updater:334 - Updater called before beeing initialized
2024-11-28 19:43:06,045 [WARN] DetailPanel:346 - Failed to get advertising image, set to default
2024-11-28 19:43:06,206 [FATAL] Updater:334 - Updater called before beeing initialized
2024-11-28 19:43:06,208 [FATAL] Updater:334 - Updater called before beeing initialized
2024-11-28 19:43:06,209 [FATAL] Updater:334 - Updater called before beeing initialized
2024-11-28 19:43:06,209 [WARN] DetailPanel:346 - Failed to get advertising image, set to default
2024-11-28 19:43:06,211 [FATAL] Updater:334 - Updater called before beeing initialized
2024-11-28 19:43:06,352 [ERROR] Updater:1164 - MainUpdater not yet initialized. External WinMGr cannot be set.
2024-11-28 19:43:06,371 [INFO] Updater:1100 - Updater Version found : 6.12.1
2024-11-28 19:43:06,401 [INFO] ApplicationProperties:184 - Using Application install path: C:\ST\STM32CubeIDE_1.16.1\STM32CubeIDE\plugins\com.st.stm32cube.common.mx_6.12.1.202409122256
2024-11-28 19:43:07,084 [INFO] MainUpdater:2873 - connection check result : 10
2024-11-28 19:43:07,085 [INFO] MainUpdater:3567 - Updater definition file requires update
2024-11-28 19:43:07,088 [INFO] MainUpdater:290 - Updater Check For Update Now.
2024-11-28 19:43:07,088 [INFO] MicroXplorer:498 - Change Database Version : DB.6.0.121
2024-11-28 19:43:07,129 [INFO] McuFinderGlobals:63 - Set McuFinder mode to 2 (CubeIDE integrated)
2024-11-28 19:43:07,145 [INFO] UserAuth:417 - Internet connection configuration mode: 1
2024-11-28 19:43:07,217 [INFO] JxBrowserEngine:152 - Initiate JxBrowser Engine with user profile folder
2024-11-28 19:43:07,247 [INFO] ServerAccessManage:473 - Download File updaters.zip
2024-11-28 19:43:07,439 [INFO] FileExtend:240 - Unzip File : updaters.zip
2024-11-28 19:43:07,440 [INFO] FileExtend:255 - Standard Zip Deflate
2024-11-28 19:43:08,353 [WARN] MainUpdater:1194 - Updater busy. Cannot search thirdparties
2024-11-28 19:43:08,354 [INFO] ThirdPartyUpdaterWithRetryManager:96 - Updater plugin is busy. [1/15]
2024-11-28 19:43:08,399 [INFO] ServerAccessManage:473 - Download File PacksControlFlags.xml
2024-11-28 19:43:08,680 [INFO] ServerAccessManage:473 - Download File cubemx.pidx
2024-11-28 19:43:08,917 [INFO] LoadServerUpdatesThread:375 - End of LoadServerUpdate Thread
2024-11-28 19:43:09,176 [INFO] CheckServerUpdateThread:120 - End of CheckServer Thread
2024-11-28 19:43:11,658 [WARN] PackLoader:240 - Cannot read IP mode file for STMicroelectronics.FP-SNS-MOTENVWB1.1.4.0
2024-11-28 19:43:11,680 [WARN] PackLoader:240 - Cannot read IP mode file for STMicroelectronics.FP-ATR-ASTRA1.2.0.1
2024-11-28 19:43:11,703 [WARN] PackLoader:240 - Cannot read IP mode file for STMicroelectronics.X-CUBE-SMBUS.2.1.0
2024-11-28 19:43:11,728 [WARN] PackLoader:240 - Cannot read IP mode file for STMicroelectronics.X-CUBE-WB05N.1.1.0
2024-11-28 19:43:11,786 [WARN] PackLoader:240 - Cannot read IP mode file for STMicroelectronics.X-CUBE-AZRTOS-F7.1.1.0
2024-11-28 19:43:11,905 [WARN] PackLoader:240 - Cannot read IP mode file for STMicroelectronics.X-CUBE-MEMS1.11.0.0
2024-11-28 19:43:12,079 [WARN] PackLoader:240 - Cannot read IP mode file for STMicroelectronics.FP-SNS-FLIGHT1.5.0.2
2024-11-28 19:43:12,098 [WARN] PackLoader:240 - Cannot read IP mode file for STMicroelectronics.X-CUBE-DISPLAY.3.0.0
2024-11-28 19:43:12,118 [WARN] PackLoader:240 - Cannot read IP mode file for STMicroelectronics.X-CUBE-BLE1.7.0.0
2024-11-28 19:43:12,138 [WARN] PackLoader:240 - Cannot read IP mode file for STMicroelectronics.X-CUBE-NFC10.1.0.0
2024-11-28 19:43:12,160 [WARN] PackLoader:240 - Cannot read IP mode file for emotas.I-CUBE-CANOPEN.1.3.0
2024-11-28 19:43:12,181 [WARN] PackLoader:240 - Cannot read IP mode file for STMicroelectronics.X-CUBE-TOUCHGFX.4.22.1
2024-11-28 19:43:12,333 [WARN] PackLoader:240 - Cannot read IP mode file for STMicroelectronics.X-CUBE-BLEMGR.3.1.0
2024-11-28 19:43:12,352 [WARN] PackLoader:240 - Cannot read IP mode file for STMicroelectronics.FP-SNS-SMARTAG2.1.2.0
2024-11-28 19:43:12,376 [INFO] LogOutputStream:77 - [STDOUT_REDIRECT] 1 : Invalid condition id : UX_CORESTACK_Condition cause : null
2024-11-28 19:43:12,377 [INFO] LogOutputStream:77 - [STDOUT_REDIRECT] 1 : Invalid condition id : UX_CORESTACK_Condition cause : null
2024-11-28 19:43:12,379 [INFO] LogOutputStream:77 - [STDOUT_REDIRECT] 1 : Invalid condition id : UX_CORESTACK_Condition cause : null
2024-11-28 19:43:12,381 [INFO] LogOutputStream:77 - [STDOUT_REDIRECT] 1 : Invalid condition id : UX_CORESTACK_Condition cause : null
2024-11-28 19:43:12,382 [INFO] LogOutputStream:77 - [STDOUT_REDIRECT] 1 : Invalid condition id : UX_CORESTACK_Condition cause : null
2024-11-28 19:43:12,385 [WARN] PackLoader:240 - Cannot read IP mode file for STMicroelectronics.X-CUBE-AZRTOS-WL.2.0.0
2024-11-28 19:43:12,403 [WARN] PackLoader:240 - Cannot read IP mode file for STMicroelectronics.FP-SNS-MOTENV1.5.0.0
2024-11-28 19:43:12,418 [WARN] PackLoader:240 - Cannot read IP mode file for wolfSSL.I-CUBE-wolfMQTT.1.19.0
2024-11-28 19:43:12,436 [WARN] PackLoader:240 - Cannot read IP mode file for WES.I-CUBE-Cesium.1.3.0
2024-11-28 19:43:12,452 [WARN] PackLoader:240 - Cannot read IP mode file for STMicroelectronics.X-CUBE-BLE2.3.3.0
2024-11-28 19:43:12,471 [WARN] PackLoader:240 - Cannot read IP mode file for STMicroelectronics.X-CUBE-NFC9.1.0.0
2024-11-28 19:43:12,491 [WARN] PackLoader:240 - Cannot read IP mode file for STMicroelectronics.X-CUBE-TCPP.4.1.0
2024-11-28 19:43:12,533 [WARN] PackLoader:240 - Cannot read IP mode file for STMicroelectronics.X-CUBE-AZRTOS-G0.1.1.0
2024-11-28 19:43:12,555 [WARN] PackLoader:240 - Cannot read IP mode file for STMicroelectronics.X-CUBE-SAFEA1.1.2.2
2024-11-28 19:43:12,578 [WARN] PackLoader:240 - Cannot read IP mode file for STMicroelectronics.X-CUBE-NFC4.3.0.0
2024-11-28 19:43:12,602 [WARN] PackLoader:240 - Cannot read IP mode file for EmbeddedOffice.I-CUBE-FS-RTOS.1.0.1
2024-11-28 19:43:12,603 [ERROR] ConditionMgr:805 - Attr not supported : Dmpu
2024-11-28 19:43:12,603 [ERROR] ConditionMgr:805 - Attr not supported : Dmpu
2024-11-28 19:43:12,604 [ERROR] ConditionMgr:805 - Attr not supported : Dmpu
2024-11-28 19:43:12,604 [ERROR] ConditionMgr:805 - Attr not supported : Dmpu
2024-11-28 19:43:12,604 [ERROR] ConditionMgr:805 - Attr not supported : Dmpu
2024-11-28 19:43:12,604 [ERROR] ConditionMgr:805 - Attr not supported : Dmpu
2024-11-28 19:43:12,604 [ERROR] ConditionMgr:805 - Attr not supported : Dmpu
2024-11-28 19:43:12,604 [ERROR] ConditionMgr:805 - Attr not supported : Dmpu
2024-11-28 19:43:12,604 [ERROR] ConditionMgr:805 - Attr not supported : Dmpu
2024-11-28 19:43:12,604 [ERROR] ConditionMgr:805 - Attr not supported : Dmpu
2024-11-28 19:43:12,605 [ERROR] ConditionMgr:805 - Attr not supported : Dmpu
2024-11-28 19:43:12,605 [ERROR] ConditionMgr:805 - Attr not supported : Dmpu
2024-11-28 19:43:12,605 [ERROR] ConditionMgr:805 - Attr not supported : Dmpu
2024-11-28 19:43:12,605 [ERROR] ConditionMgr:805 - Attr not supported : Dmpu
2024-11-28 19:43:12,605 [ERROR] ConditionMgr:805 - Attr not supported : Dmpu
2024-11-28 19:43:12,605 [ERROR] ConditionMgr:805 - Attr not supported : Dmpu
2024-11-28 19:43:12,605 [ERROR] ConditionMgr:805 - Attr not supported : Dmpu
2024-11-28 19:43:12,605 [ERROR] ConditionMgr:805 - Attr not supported : Dmpu
2024-11-28 19:43:12,607 [ERROR] ConditionMgr:805 - Attr not supported : Dmpu
2024-11-28 19:43:12,607 [ERROR] ConditionMgr:805 - Attr not supported : Dmpu
2024-11-28 19:43:12,607 [ERROR] ConditionMgr:805 - Attr not supported : Dmpu
2024-11-28 19:43:12,607 [ERROR] ConditionMgr:805 - Attr not supported : Dmpu
2024-11-28 19:43:12,607 [ERROR] ConditionMgr:805 - Attr not supported : Dmpu
2024-11-28 19:43:12,607 [ERROR] ConditionMgr:805 - Attr not supported : Dmpu
2024-11-28 19:43:12,607 [ERROR] ConditionMgr:805 - Attr not supported : Dmpu
2024-11-28 19:43:12,608 [ERROR] ConditionMgr:805 - Attr not supported : Dmpu
2024-11-28 19:43:12,608 [ERROR] ConditionMgr:805 - Attr not supported : Dmpu
2024-11-28 19:43:12,608 [ERROR] ConditionMgr:805 - Attr not supported : Dmpu
2024-11-28 19:43:12,608 [ERROR] ConditionMgr:805 - Attr not supported : Dmpu
2024-11-28 19:43:12,608 [ERROR] ConditionMgr:805 - Attr not supported : Dmpu
2024-11-28 19:43:12,608 [ERROR] ConditionMgr:805 - Attr not supported : Dmpu
2024-11-28 19:43:12,608 [ERROR] ConditionMgr:805 - Attr not supported : Dmpu
2024-11-28 19:43:12,608 [ERROR] ConditionMgr:805 - Attr not supported : Dmpu
2024-11-28 19:43:12,608 [ERROR] ConditionMgr:805 - Attr not supported : Dmpu
2024-11-28 19:43:12,608 [ERROR] ConditionMgr:805 - Attr not supported : Dmpu
2024-11-28 19:43:12,608 [ERROR] ConditionMgr:805 - Attr not supported : Dmpu
2024-11-28 19:43:12,609 [ERROR] ConditionMgr:805 - Attr not supported : Dmpu
2024-11-28 19:43:12,609 [ERROR] ConditionMgr:805 - Attr not supported : Dmpu
2024-11-28 19:43:12,609 [ERROR] ConditionMgr:805 - Attr not supported : Dmpu
2024-11-28 19:43:12,609 [ERROR] ConditionMgr:805 - Attr not supported : Dmpu
2024-11-28 19:43:12,609 [ERROR] ConditionMgr:805 - Attr not supported : Dmpu
2024-11-28 19:43:12,609 [ERROR] ConditionMgr:805 - Attr not supported : Dmpu
2024-11-28 19:43:12,609 [ERROR] ConditionMgr:805 - Attr not supported : Dmpu
2024-11-28 19:43:12,609 [ERROR] ConditionMgr:805 - Attr not supported : Dmpu
2024-11-28 19:43:12,609 [ERROR] ConditionMgr:805 - Attr not supported : Dmpu
2024-11-28 19:43:12,609 [ERROR] ConditionMgr:805 - Attr not supported : Dmpu
2024-11-28 19:43:12,609 [ERROR] ConditionMgr:805 - Attr not supported : Dmpu
2024-11-28 19:43:12,610 [ERROR] ConditionMgr:805 - Attr not supported : Dmpu
2024-11-28 19:43:12,610 [ERROR] ConditionMgr:805 - Attr not supported : Dmpu
2024-11-28 19:43:12,610 [ERROR] ConditionMgr:805 - Attr not supported : Dmpu
2024-11-28 19:43:12,610 [ERROR] ConditionMgr:805 - Attr not supported : Dmpu
2024-11-28 19:43:12,610 [ERROR] ConditionMgr:805 - Attr not supported : Dmpu
2024-11-28 19:43:12,610 [ERROR] ConditionMgr:805 - Attr not supported : Dmpu
2024-11-28 19:43:12,610 [ERROR] ConditionMgr:805 - Attr not supported : Dmpu
2024-11-28 19:43:12,610 [ERROR] ConditionMgr:805 - Attr not supported : Dmpu
2024-11-28 19:43:12,610 [ERROR] ConditionMgr:805 - Attr not supported : Dmpu
2024-11-28 19:43:12,610 [ERROR] ConditionMgr:805 - Attr not supported : Dmpu
2024-11-28 19:43:12,610 [ERROR] ConditionMgr:805 - Attr not supported : Dmpu
2024-11-28 19:43:12,610 [ERROR] ConditionMgr:805 - Attr not supported : Dmpu
2024-11-28 19:43:12,610 [ERROR] ConditionMgr:805 - Attr not supported : Dmpu
2024-11-28 19:43:12,610 [ERROR] ConditionMgr:805 - Attr not supported : Dmpu
2024-11-28 19:43:12,610 [ERROR] ConditionMgr:805 - Attr not supported : Dmpu
2024-11-28 19:43:12,610 [ERROR] ConditionMgr:805 - Attr not supported : Dmpu
2024-11-28 19:43:12,610 [ERROR] ConditionMgr:805 - Attr not supported : Dmpu
2024-11-28 19:43:12,631 [WARN] PackLoader:240 - Cannot read IP mode file for RealThread.X-CUBE-RT-Thread_Nano.4.1.1
2024-11-28 19:43:12,650 [WARN] PackLoader:240 - Cannot read IP mode file for STMicroelectronics.FP-ATR-SIGFOX1.3.2.0
2024-11-28 19:43:12,667 [WARN] ConditionMgr:438 - getConditionDescription Invalid condition id : Cortex-A Device cause : null
2024-11-28 19:43:12,693 [WARN] ConditionMgr:1039 - genDependencies : Invalid condition id : Cortex-A Device cause : null
2024-11-28 19:43:12,694 [WARN] ConditionMgr:1039 - genDependencies : Invalid condition id : Cortex-A Device cause : null
2024-11-28 19:43:12,694 [WARN] ConditionMgr:1039 - genDependencies : Invalid condition id : Cortex-A Device cause : null
2024-11-28 19:43:12,715 [WARN] PackLoader:240 - Cannot read IP mode file for STMicroelectronics.X-CUBE-EEPRMA1.5.1.0
2024-11-28 19:43:12,733 [WARN] PackLoader:240 - Cannot read IP mode file for wolfSSL.I-CUBE-wolfSSL.5.7.4
2024-11-28 19:43:12,753 [WARN] PackLoader:240 - Cannot read IP mode file for ITTIA_DB.I-CUBE-ITTIADB.8.9.0
2024-11-28 19:43:12,792 [WARN] PackLoader:240 - Cannot read IP mode file for SEGGER.I-CUBE-embOS.1.3.1
2024-11-28 19:43:12,838 [WARN] PackLoader:240 - Cannot read IP mode file for STMicroelectronics.X-CUBE-ALGOBUILD.1.4.0
2024-11-28 19:43:12,857 [WARN] PackLoader:240 - Cannot read IP mode file for STMicroelectronics.X-CUBE-AI.9.1.0
2024-11-28 19:43:12,889 [WARN] PackLoader:240 - Cannot read IP mode file for STMicroelectronics.X-CUBE-AZRTOS-F4.1.1.0
2024-11-28 19:43:12,909 [WARN] PackLoader:240 - Cannot read IP mode file for STMicroelectronics.X-CUBE-ISPU.2.1.0
2024-11-28 19:43:12,927 [WARN] PackLoader:240 - Cannot read IP mode file for STMicroelectronics.X-CUBE-FREERTOS.1.2.0
2024-11-28 19:43:12,962 [WARN] PackLoader:240 - Cannot read IP mode file for STMicroelectronics.X-CUBE-AZRTOS-L5.2.0.0
2024-11-28 19:43:12,983 [WARN] PackLoader:240 - Cannot read IP mode file for STMicroelectronics.X-CUBE-NFC6.3.1.0
2024-11-28 19:43:13,003 [WARN] PackLoader:240 - Cannot read IP mode file for STMicroelectronics.X-CUBE-DPower.1.2.0
2024-11-28 19:43:13,019 [WARN] PackLoader:240 - Cannot read IP mode file for STMicroelectronics.X-CUBE-NFC7.1.0.1
2024-11-28 19:43:13,050 [WARN] ConditionMgr:438 - getConditionDescription Invalid condition id : LAN8742 Phy interface Condition cause : null
2024-11-28 19:43:13,050 [WARN] PackLoader:240 - Cannot read IP mode file for STMicroelectronics.X-CUBE-AZRTOS-L4.2.0.0
2024-11-28 19:43:13,051 [WARN] ConditionMgr:1039 - genDependencies : Invalid condition id : LAN8742 Phy interface Condition cause : null
2024-11-28 19:43:13,052 [WARN] ConditionMgr:1039 - genDependencies : Invalid condition id : LAN8742 Phy interface Condition cause : null
2024-11-28 19:43:13,052 [WARN] ConditionMgr:1039 - genDependencies : Invalid condition id : LAN8742 Phy interface Condition cause : null
2024-11-28 19:43:13,069 [WARN] PackLoader:240 - Cannot read IP mode file for STMicroelectronics.X-CUBE-SFXS2LP1.4.0.0
2024-11-28 19:43:13,102 [WARN] PackLoader:240 - Cannot read IP mode file for STMicroelectronics.X-CUBE-AZRTOS-H7.3.3.0
2024-11-28 19:43:13,127 [WARN] PackLoader:240 - Cannot read IP mode file for STMicroelectronics.X-CUBE-IPS.3.0.0
2024-11-28 19:43:13,158 [WARN] ConditionMgr:438 - getConditionDescription Invalid condition id : UX DEVICE CLASS RTOS Condition cause : null
2024-11-28 19:43:13,158 [WARN] ConditionMgr:438 - getConditionDescription Invalid condition id : UX DEVICE CLASS RTOS Condition cause : null
2024-11-28 19:43:13,159 [WARN] PackLoader:240 - Cannot read IP mode file for STMicroelectronics.X-CUBE-AZRTOS-WB.2.0.0
2024-11-28 19:43:13,160 [WARN] ConditionMgr:1039 - genDependencies : Invalid condition id : UX DEVICE CLASS RTOS Condition cause : null
2024-11-28 19:43:13,160 [WARN] ConditionMgr:1039 - genDependencies : Invalid condition id : UX DEVICE CLASS RTOS Condition cause : null
2024-11-28 19:43:13,160 [WARN] ConditionMgr:1039 - genDependencies : Invalid condition id : UX DEVICE CLASS RTOS Condition cause : null
2024-11-28 19:43:13,161 [WARN] ConditionMgr:1039 - genDependencies : Invalid condition id : UX DEVICE CLASS RTOS Condition cause : null
2024-11-28 19:43:13,161 [WARN] ConditionMgr:1039 - genDependencies : Invalid condition id : UX DEVICE CLASS RTOS Condition cause : null
2024-11-28 19:43:13,184 [WARN] PackLoader:240 - Cannot read IP mode file for STMicroelectronics.X-CUBE-GNSS1.7.0.0
2024-11-28 19:43:13,203 [WARN] PackLoader:240 - Cannot read IP mode file for STMicroelectronics.FP-SNS-STBOX1.2.0.0
2024-11-28 19:43:13,226 [WARN] PackLoader:240 - Cannot read IP mode file for STMicroelectronics.X-CUBE-SUBG2.5.0.0
2024-11-28 19:43:13,245 [WARN] PackLoader:240 - Cannot read IP mode file for Cesanta.I-CUBE-Mongoose.7.13.0
2024-11-28 19:43:13,272 [WARN] PackLoader:240 - Cannot read IP mode file for STMicroelectronics.X-CUBE-AZRTOS-G4.2.0.0
2024-11-28 19:43:13,290 [WARN] PackLoader:240 - Cannot read IP mode file for STMicroelectronics.X-CUBE-ALS.1.0.2
2024-11-28 19:43:13,306 [WARN] PackLoader:240 - Cannot read IP mode file for STMicroelectronics.X-CUBE-TOUCHGFX.4.24.1
2024-11-28 19:43:13,321 [WARN] PackLoader:240 - Cannot read IP mode file for wolfSSL.I-CUBE-wolfTPM.3.4.0
2024-11-28 19:43:13,339 [WARN] PackLoader:240 - Cannot read IP mode file for portGmbH.I-Cube-SoM-uGOAL.1.1.0
2024-11-28 19:43:13,371 [WARN] PackLoader:240 - Cannot read IP mode file for STMicroelectronics.X-CUBE-AZRTOS-H7RS.1.0.0
2024-11-28 19:43:13,397 [WARN] PackLoader:240 - Cannot read IP mode file for STMicroelectronics.X-CUBE-TOF1.3.4.2
2024-11-28 19:43:13,443 [WARN] PackLoader:240 - Cannot read IP mode file for Infineon.AIROC-Wi-Fi-Bluetooth-STM32.1.6.1
2024-11-28 19:43:13,461 [WARN] PackLoader:240 - Cannot read IP mode file for wolfSSL.I-CUBE-wolfSSH.1.4.17
2024-11-28 19:43:13,462 [INFO] ThirdParty:978 - Integrity check success = true
2024-11-28 19:43:13,462 [INFO] IntegrityCheckThread:100 - exiting critical section [integrity check]
2024-11-28 19:43:13,462 [INFO] IntegrityCheckThread:103 - End integrity checks thread
2024-11-28 19:43:15,752 [INFO] WebApp:167 - Instantiating new browser for Auth
2024-11-28 19:43:16,770 [INFO] WebApp:448 - Apply proxy settings
2024-11-28 19:43:16,770 [INFO] WebApp:533 - Chromium requires no authentication
2024-11-28 19:43:16,794 [INFO] WebApp:476 - Direct internet connection detected
2024-11-28 19:43:16,836 [INFO] WebApp:869 - Register for checkConnection events
2024-11-28 19:43:16,837 [INFO] WebApp:448 - Apply proxy settings
2024-11-28 19:43:16,837 [INFO] WebApp:533 - Chromium requires no authentication
2024-11-28 19:43:16,837 [INFO] WebApp:476 - Direct internet connection detected
2024-11-28 19:43:17,083 [INFO] WebApp:186 - Connection restablished
2024-11-28 19:43:17,159 [INFO] WebApp:220 - Starting web application
2024-11-28 19:43:17,159 [INFO] WebApp:578 - Web application path used C:\ST\STM32CubeIDE_1.16.1\STM32CubeIDE\plugins\com.st.stm32cube.common.mx_6.12.1.202409122256\db\plugins\mcufinder\reactClient1\index.html
2024-11-28 19:43:17,360 [INFO] UserAuth:417 - Internet connection configuration mode: 1
2024-11-28 20:03:44,820 [ERROR] LogOutputStream:75 - [STDERR_REDIRECT] 
2024-11-28 20:03:56,772 [INFO] Activator:176 - 


2024-11-28 20:03:56,774 [INFO] Activator:177 - !SESSION log4j initialized
2024-11-28 20:04:01,764 [INFO] LogOutputStream:77 - [STDOUT_REDIRECT] 
2024-11-28 20:04:09,605 [INFO] ApplicationProperties:184 - Using Application install path: C:\ST\STM32CubeIDE_1.16.1\STM32CubeIDE\plugins\com.st.stm32cube.common.mx_6.13.0.202411220809
2024-11-28 20:04:09,627 [INFO] DbMcusXml:78 - Set database path to: C:\ST\STM32CubeIDE_1.16.1\STM32CubeIDE\plugins\com.st.stm32cube.common.mx_6.13.0.202411220809\\db\/mcu/
2024-11-28 20:04:09,627 [INFO] ApiDb:274 - Set plugin database path to: C:\ST\STM32CubeIDE_1.16.1\STM32CubeIDE\plugins\com.st.stm32cube.common.mx_6.13.0.202411220809\\db\/plugins/boardmanager/
2024-11-28 20:04:09,628 [WARN] ApiDb:259 - Overriding images path with different value:  => C:\ST\STM32CubeIDE_1.16.1\STM32CubeIDE\plugins\com.st.stm32cube.common.mx_6.13.0.202411220809\\db\/plugins/mcufinder/images/
2024-11-28 20:04:12,076 [INFO] ApiDb:250 - Set database path to: C:\Users\Prometheus\.stmcufinder\plugins\mcufinder//mcu/
2024-11-28 20:04:12,077 [INFO] DbMcusAds:125 - Set database path to: C:\Users\Prometheus\.stmcufinder\plugins\mcufinder//mcu/
2024-11-28 20:04:12,094 [INFO] CrossReferenceDbSqlite:203 - Set database path to: C:\Users\Prometheus\.stmcufinder\plugins\mcufinder//mcu/cs/
2024-11-28 20:04:12,245 [INFO] RulesReader:64 - Compatibility file has been processed (297 Rules)
2024-11-28 20:04:12,438 [INFO] DbMcusXml:78 - Set database path to: C:\ST\STM32CubeIDE_1.16.1\STM32CubeIDE\plugins\com.st.stm32cube.common.mx_6.13.0.202411220809\\db\/mcu/
2024-11-28 20:04:12,439 [INFO] ApiDb:274 - Set plugin database path to: C:\ST\STM32CubeIDE_1.16.1\STM32CubeIDE\plugins\com.st.stm32cube.common.mx_6.13.0.202411220809\\db\/plugins/boardmanager/
2024-11-28 20:04:12,439 [INFO] ApiDb:261 - Set plugin images path to: C:\ST\STM32CubeIDE_1.16.1\STM32CubeIDE\plugins\com.st.stm32cube.common.mx_6.13.0.202411220809\\db\/plugins/mcufinder/images/
2024-11-28 20:04:12,440 [WARN] DbFile:41 - Overriding database path with different value: C:\Users\Prometheus\.stmcufinder\plugins\mcufinder/ => C:\Users\Prometheus\.stmcufinder\plugins\mcufinder
2024-11-28 20:04:12,440 [INFO] ApiDb:250 - Set database path to: C:\Users\Prometheus\.stmcufinder\plugins\mcufinder//mcu/
2024-11-28 20:04:12,441 [WARN] DbFile:41 - Overriding database path with different value: C:\Users\Prometheus\.stmcufinder\plugins\mcufinder/ => C:\Users\Prometheus\.stmcufinder\plugins\mcufinder
2024-11-28 20:04:12,441 [INFO] DbMcusAds:125 - Set database path to: C:\Users\Prometheus\.stmcufinder\plugins\mcufinder//mcu/
2024-11-28 20:04:12,441 [WARN] DbFile:41 - Overriding database path with different value: C:\Users\Prometheus\.stmcufinder\plugins\mcufinder/ => C:\Users\Prometheus\.stmcufinder\plugins\mcufinder
2024-11-28 20:04:12,441 [WARN] DbFile:41 - Overriding database path with different value: C:\Users\Prometheus\.stmcufinder\plugins\mcufinder/ => C:\Users\Prometheus\.stmcufinder\plugins\mcufinder
2024-11-28 20:04:12,442 [INFO] CrossReferenceDbSqlite:203 - Set database path to: C:\Users\Prometheus\.stmcufinder\plugins\mcufinder//mcu/cs/
2024-11-28 20:04:12,601 [INFO] MainPanel:272 - HeapMemory: 268435456
2024-11-28 20:04:12,753 [INFO] DbMcusXml:78 - Set database path to: C:\ST\STM32CubeIDE_1.16.1\STM32CubeIDE\plugins\com.st.stm32cube.common.mx_6.13.0.202411220809\\db\/mcu/
2024-11-28 20:04:12,753 [INFO] ApiDb:274 - Set plugin database path to: C:\ST\STM32CubeIDE_1.16.1\STM32CubeIDE\plugins\com.st.stm32cube.common.mx_6.13.0.202411220809\\db\/plugins/boardmanager/
2024-11-28 20:04:12,753 [INFO] ApiDb:261 - Set plugin images path to: C:\ST\STM32CubeIDE_1.16.1\STM32CubeIDE\plugins\com.st.stm32cube.common.mx_6.13.0.202411220809\\db\/plugins/mcufinder/images/
2024-11-28 20:04:12,753 [WARN] DbFile:41 - Overriding database path with different value: C:\Users\Prometheus\.stmcufinder\plugins\mcufinder/ => C:\Users\Prometheus\.stmcufinder\plugins\mcufinder
2024-11-28 20:04:12,753 [INFO] ApiDb:250 - Set database path to: C:\Users\Prometheus\.stmcufinder\plugins\mcufinder//mcu/
2024-11-28 20:04:12,754 [WARN] DbFile:41 - Overriding database path with different value: C:\Users\Prometheus\.stmcufinder\plugins\mcufinder/ => C:\Users\Prometheus\.stmcufinder\plugins\mcufinder
2024-11-28 20:04:12,754 [INFO] DbMcusAds:125 - Set database path to: C:\Users\Prometheus\.stmcufinder\plugins\mcufinder//mcu/
2024-11-28 20:04:12,754 [WARN] DbFile:41 - Overriding database path with different value: C:\Users\Prometheus\.stmcufinder\plugins\mcufinder/ => C:\Users\Prometheus\.stmcufinder\plugins\mcufinder
2024-11-28 20:04:12,754 [WARN] DbFile:41 - Overriding database path with different value: C:\Users\Prometheus\.stmcufinder\plugins\mcufinder/ => C:\Users\Prometheus\.stmcufinder\plugins\mcufinder
2024-11-28 20:04:12,754 [INFO] CrossReferenceDbSqlite:203 - Set database path to: C:\Users\Prometheus\.stmcufinder\plugins\mcufinder//mcu/cs/
2024-11-28 20:04:12,819 [INFO] ApplicationProperties:184 - Using Application install path: C:\ST\STM32CubeIDE_1.16.1\STM32CubeIDE\plugins\com.st.stm32cube.common.mx_6.13.0.202411220809
2024-11-28 20:04:12,822 [INFO] PluginManage:196 - Search for loadable plugins [exclusion list=, ]
2024-11-28 20:04:12,825 [INFO] PluginManage:310 - Check plugin analytics
2024-11-28 20:04:17,679 [INFO] AnalyticsPlugin:253 - Accepted Software Licenses: 
2024-11-28 20:04:17,680 [INFO] AnalyticsPlugin:255 - Accepted CMSIS Pack Licenses: STMicroelectronics.X-CUBE-TOUCHGFX.4.22.1
2024-11-28 20:04:17,680 [INFO] AnalyticsPlugin:257 - Accepted Firmware Licenses: FW.F7.1.17.0
2024-11-28 20:04:17,685 [INFO] PluginManage:359 - Loaded plugin analytics (category:tool,tabindex:-1)
2024-11-28 20:04:17,685 [INFO] PluginManage:310 - Check plugin cadmodel
2024-11-28 20:04:17,690 [INFO] CADModel:105 - Init CAD model plugin
2024-11-28 20:04:17,690 [INFO] PluginManage:359 - Loaded plugin cadmodel (category:power,tabindex:5)
2024-11-28 20:04:17,691 [INFO] PluginManage:310 - Check plugin clock
2024-11-28 20:04:17,704 [INFO] PluginManage:359 - Loaded plugin clock (category:base,tabindex:2)
2024-11-28 20:04:17,705 [INFO] PluginManage:310 - Check plugin ddr
2024-11-28 20:04:17,707 [INFO] PluginManage:359 - Loaded plugin ddr (category:tool,tabindex:6)
2024-11-28 20:04:17,708 [INFO] PluginManage:310 - Check plugin filemanager
2024-11-28 20:04:17,878 [INFO] PluginManage:359 - Loaded plugin filemanager (category:base,tabindex:10)
2024-11-28 20:04:17,878 [INFO] PluginManage:310 - Check plugin ipmanager
2024-11-28 20:04:17,887 [INFO] PluginManage:359 - Loaded plugin ipmanager (category:base,tabindex:5)
2024-11-28 20:04:17,887 [INFO] PluginManage:310 - Check plugin lpbam
2024-11-28 20:04:17,900 [INFO] PluginManage:359 - Loaded plugin lpbam (category:base,tabindex:0)
2024-11-28 20:04:17,900 [INFO] PluginManage:310 - Check plugin memorymap
2024-11-28 20:04:17,910 [INFO] PluginManage:359 - Loaded plugin memorymap (category:base,tabindex:4)
2024-11-28 20:04:17,910 [INFO] PluginManage:310 - Check plugin pinoutandconfiguration
2024-11-28 20:04:17,919 [INFO] PluginManage:359 - Loaded plugin pinoutandconfiguration (category:base,tabindex:1)
2024-11-28 20:04:17,919 [INFO] PluginManage:310 - Check plugin pinoutconfig
2024-11-28 20:04:18,074 [WARN] SupportedApi:132 - Cannot load RTOS API schema: s4s-elt-must-match.1: The content of 'definitions' must match (annotation?, (simpleType | complexType)?, (unique | key | keyref)*)). A problem was found starting at: attribute.
2024-11-28 20:04:18,246 [INFO] PluginManage:359 - Loaded plugin pinoutconfig (category:base,tabindex:0)
2024-11-28 20:04:18,247 [INFO] PluginManage:310 - Check plugin power
2024-11-28 20:04:18,256 [INFO] PluginManage:359 - Loaded plugin power (category:power,tabindex:4)
2024-11-28 20:04:18,256 [INFO] PluginManage:310 - Check plugin projectmanager
2024-11-28 20:04:18,273 [INFO] PluginManage:359 - Loaded plugin projectmanager (category:projectmanager,tabindex:4)
2024-11-28 20:04:18,273 [INFO] PluginManage:310 - Check plugin rif
2024-11-28 20:04:18,279 [INFO] PluginManage:359 - Loaded plugin rif (category:base,tabindex:3)
2024-11-28 20:04:18,279 [INFO] PluginManage:310 - Check plugin thirdparty
2024-11-28 20:04:18,421 [INFO] PluginManage:359 - Loaded plugin thirdparty (category:base,tabindex:-1)
2024-11-28 20:04:18,421 [INFO] PluginManage:310 - Check plugin tools
2024-11-28 20:04:18,421 [WARN] IntegrityCheckThread:84 - waiting for thirdparty lock release [integrity check]
2024-11-28 20:04:18,422 [INFO] IntegrityCheckThread:86 - entering critical section [integrity check]
2024-11-28 20:04:18,422 [INFO] ThirdPartyUpdaterWithRetryManager:70 - Updater plugin not ready yet. [1/15]
2024-11-28 20:04:18,426 [INFO] PluginManage:359 - Loaded plugin tools (category:base,tabindex:7)
2024-11-28 20:04:18,426 [INFO] PluginManage:310 - Check plugin tutovideos
2024-11-28 20:04:18,607 [INFO] PluginManage:359 - Loaded plugin tutovideos (category:base,tabindex:-1)
2024-11-28 20:04:18,608 [INFO] PluginManage:310 - Check plugin updater
2024-11-28 20:04:18,637 [INFO] PluginManage:359 - Loaded plugin updater (category:base,tabindex:12)
2024-11-28 20:04:18,637 [INFO] PluginManage:310 - Check plugin userauth
2024-11-28 20:04:18,642 [INFO] UserAuth:118 - Init User Auth plugin
2024-11-28 20:04:18,644 [INFO] PluginManage:359 - Loaded plugin userauth (category:base,tabindex:14)
2024-11-28 20:04:18,645 [INFO] PluginManage:283 - PluginManage : Loaded plugins [18]
2024-11-28 20:04:18,956 [INFO] PinOutPanel:1589 - setPackage(No Configuration,No Configuration)
2024-11-28 20:04:19,064 [INFO] CADModel:165 - CPN selected for project level
2024-11-28 20:04:19,064 [INFO] CADModel:114 - Register for checkConnection events
2024-11-28 20:04:19,082 [INFO] IPUIPlugin:80 - create IPUIPlugin
2024-11-28 20:04:19,083 [INFO] PluginManager:220 - loadIPPluginJar : add adc
2024-11-28 20:04:19,087 [INFO] IPUIPlugin:80 - create IPUIPlugin
2024-11-28 20:04:19,087 [INFO] PluginManager:220 - loadIPPluginJar : add aes
2024-11-28 20:04:19,091 [INFO] IPUIPlugin:80 - create IPUIPlugin
2024-11-28 20:04:19,091 [INFO] PluginManager:220 - loadIPPluginJar : add can
2024-11-28 20:04:19,094 [INFO] IPUIPlugin:80 - create IPUIPlugin
2024-11-28 20:04:19,094 [INFO] PluginManager:220 - loadIPPluginJar : add comp
2024-11-28 20:04:19,097 [INFO] IPUIPlugin:80 - create IPUIPlugin
2024-11-28 20:04:19,097 [INFO] PluginManager:220 - loadIPPluginJar : add cryp
2024-11-28 20:04:19,100 [INFO] IPUIPlugin:80 - create IPUIPlugin
2024-11-28 20:04:19,100 [INFO] PluginManager:220 - loadIPPluginJar : add ddr_ctrl_phy
2024-11-28 20:04:19,104 [INFO] IPUIPlugin:80 - create IPUIPlugin
2024-11-28 20:04:19,104 [INFO] PluginManager:220 - loadIPPluginJar : add dfsdm
2024-11-28 20:04:19,112 [INFO] IPUIPlugin:80 - create IPUIPlugin
2024-11-28 20:04:19,113 [INFO] PluginManager:220 - loadIPPluginJar : add dma
2024-11-28 20:04:19,118 [INFO] IPUIPlugin:80 - create IPUIPlugin
2024-11-28 20:04:19,118 [INFO] PluginManager:220 - loadIPPluginJar : add dma3
2024-11-28 20:04:19,123 [INFO] IPUIPlugin:80 - create IPUIPlugin
2024-11-28 20:04:19,123 [INFO] PluginManager:220 - loadIPPluginJar : add extmemmanager
2024-11-28 20:04:19,126 [INFO] IPUIPlugin:80 - create IPUIPlugin
2024-11-28 20:04:19,126 [INFO] PluginManager:220 - loadIPPluginJar : add fatfs
2024-11-28 20:04:19,131 [INFO] IPUIPlugin:80 - create IPUIPlugin
2024-11-28 20:04:19,131 [INFO] PluginManager:220 - loadIPPluginJar : add fmc
2024-11-28 20:04:19,137 [INFO] IPUIPlugin:80 - create IPUIPlugin
2024-11-28 20:04:19,138 [INFO] PluginManager:220 - loadIPPluginJar : add freertos
2024-11-28 20:04:19,140 [INFO] IPUIPlugin:80 - create IPUIPlugin
2024-11-28 20:04:19,140 [INFO] PluginManager:220 - loadIPPluginJar : add genericplugin
2024-11-28 20:04:19,143 [INFO] IPUIPlugin:80 - create IPUIPlugin
2024-11-28 20:04:19,144 [INFO] PluginManager:220 - loadIPPluginJar : add gfxmmu
2024-11-28 20:04:19,150 [INFO] IPUIPlugin:80 - create IPUIPlugin
2024-11-28 20:04:19,150 [INFO] PluginManager:220 - loadIPPluginJar : add gic
2024-11-28 20:04:19,155 [INFO] IPUIPlugin:80 - create IPUIPlugin
2024-11-28 20:04:19,155 [INFO] PluginManager:220 - loadIPPluginJar : add gpio
2024-11-28 20:04:19,158 [INFO] IPUIPlugin:80 - create IPUIPlugin
2024-11-28 20:04:19,158 [INFO] PluginManager:220 - loadIPPluginJar : add gtzc
2024-11-28 20:04:19,162 [INFO] IPUIPlugin:80 - create IPUIPlugin
2024-11-28 20:04:19,162 [INFO] PluginManager:220 - loadIPPluginJar : add hash
2024-11-28 20:04:19,166 [INFO] IPUIPlugin:80 - create IPUIPlugin
2024-11-28 20:04:19,166 [INFO] PluginManager:220 - loadIPPluginJar : add i2c
2024-11-28 20:04:19,170 [INFO] IPUIPlugin:80 - create IPUIPlugin
2024-11-28 20:04:19,170 [INFO] PluginManager:220 - loadIPPluginJar : add i2s
2024-11-28 20:04:19,173 [INFO] IPUIPlugin:80 - create IPUIPlugin
2024-11-28 20:04:19,173 [INFO] PluginManager:220 - loadIPPluginJar : add i3c
2024-11-28 20:04:19,177 [INFO] IPUIPlugin:80 - create IPUIPlugin
2024-11-28 20:04:19,177 [INFO] PluginManager:220 - loadIPPluginJar : add ipddr
2024-11-28 20:04:19,184 [INFO] IPUIPlugin:80 - create IPUIPlugin
2024-11-28 20:04:19,185 [INFO] PluginManager:220 - loadIPPluginJar : add linkedlist
2024-11-28 20:04:19,189 [INFO] IPUIPlugin:80 - create IPUIPlugin
2024-11-28 20:04:19,189 [INFO] PluginManager:220 - loadIPPluginJar : add lorawan
2024-11-28 20:04:19,190 [INFO] IPUIPlugin:80 - create IPUIPlugin
2024-11-28 20:04:19,191 [INFO] PluginManager:220 - loadIPPluginJar : add ltdc
2024-11-28 20:04:19,197 [INFO] IPUIPlugin:80 - create IPUIPlugin
2024-11-28 20:04:19,198 [INFO] PluginManager:220 - loadIPPluginJar : add mdma
2024-11-28 20:04:19,203 [INFO] IPUIPlugin:80 - create IPUIPlugin
2024-11-28 20:04:19,204 [INFO] PluginManager:220 - loadIPPluginJar : add nvic
2024-11-28 20:04:19,207 [INFO] IPUIPlugin:80 - create IPUIPlugin
2024-11-28 20:04:19,207 [INFO] PluginManager:220 - loadIPPluginJar : add opamp
2024-11-28 20:04:19,211 [INFO] IPUIPlugin:80 - create IPUIPlugin
2024-11-28 20:04:19,211 [INFO] PluginManager:220 - loadIPPluginJar : add openamp
2024-11-28 20:04:19,215 [INFO] IPUIPlugin:80 - create IPUIPlugin
2024-11-28 20:04:19,215 [INFO] PluginManager:220 - loadIPPluginJar : add pdm2pcm
2024-11-28 20:04:19,222 [INFO] IPUIPlugin:80 - create IPUIPlugin
2024-11-28 20:04:19,226 [INFO] PluginManager:220 - loadIPPluginJar : add plateformsettings
2024-11-28 20:04:19,228 [INFO] IPUIPlugin:80 - create IPUIPlugin
2024-11-28 20:04:19,228 [INFO] PluginManager:220 - loadIPPluginJar : add quadspi
2024-11-28 20:04:19,231 [INFO] IPUIPlugin:80 - create IPUIPlugin
2024-11-28 20:04:19,233 [INFO] PluginManager:220 - loadIPPluginJar : add radio
2024-11-28 20:04:19,236 [INFO] IPUIPlugin:80 - create IPUIPlugin
2024-11-28 20:04:19,237 [INFO] PluginManager:220 - loadIPPluginJar : add resmgrutility
2024-11-28 20:04:19,241 [INFO] IPUIPlugin:80 - create IPUIPlugin
2024-11-28 20:04:19,241 [INFO] PluginManager:220 - loadIPPluginJar : add sai
2024-11-28 20:04:19,245 [INFO] IPUIPlugin:80 - create IPUIPlugin
2024-11-28 20:04:19,245 [INFO] PluginManager:220 - loadIPPluginJar : add spi
2024-11-28 20:04:19,252 [INFO] IPUIPlugin:80 - create IPUIPlugin
2024-11-28 20:04:19,252 [INFO] PluginManager:220 - loadIPPluginJar : add stm32_wpan
2024-11-28 20:04:19,254 [INFO] IPUIPlugin:80 - create IPUIPlugin
2024-11-28 20:04:19,255 [INFO] PluginManager:220 - loadIPPluginJar : add tim
2024-11-28 20:04:19,259 [INFO] IPUIPlugin:80 - create IPUIPlugin
2024-11-28 20:04:19,259 [INFO] PluginManager:220 - loadIPPluginJar : add touchsensing
2024-11-28 20:04:19,261 [INFO] IPUIPlugin:80 - create IPUIPlugin
2024-11-28 20:04:19,262 [INFO] PluginManager:220 - loadIPPluginJar : add tracer_emb
2024-11-28 20:04:19,264 [INFO] IPUIPlugin:80 - create IPUIPlugin
2024-11-28 20:04:19,264 [INFO] PluginManager:220 - loadIPPluginJar : add ts
2024-11-28 20:04:19,266 [INFO] IPUIPlugin:80 - create IPUIPlugin
2024-11-28 20:04:19,267 [INFO] PluginManager:220 - loadIPPluginJar : add tsc
2024-11-28 20:04:19,269 [INFO] IPUIPlugin:80 - create IPUIPlugin
2024-11-28 20:04:19,269 [INFO] PluginManager:220 - loadIPPluginJar : add ucpd
2024-11-28 20:04:19,273 [INFO] IPUIPlugin:80 - create IPUIPlugin
2024-11-28 20:04:19,273 [INFO] PluginManager:220 - loadIPPluginJar : add usart
2024-11-28 20:04:19,277 [INFO] IPUIPlugin:80 - create IPUIPlugin
2024-11-28 20:04:19,277 [INFO] PluginManager:220 - loadIPPluginJar : add usbx
2024-11-28 20:04:19,477 [FATAL] Updater:351 - Updater called before beeing initialized
2024-11-28 20:04:19,536 [INFO] RulesReader:64 - Compatibility file has been processed (297 Rules)
2024-11-28 20:04:19,554 [INFO] RulesReader:64 - Compatibility file has been processed (297 Rules)
2024-11-28 20:04:19,563 [INFO] CADModel:165 - CPN selected for project level
2024-11-28 20:04:19,564 [INFO] CADModel:114 - Register for checkConnection events
2024-11-28 20:04:19,564 [FATAL] Updater:351 - Updater called before beeing initialized
2024-11-28 20:04:19,564 [ERROR] CADModel:125 - Updater not yet initialized, retry later 
2024-11-28 20:04:19,795 [FATAL] Updater:351 - Updater called before beeing initialized
2024-11-28 20:04:19,797 [INFO] CADModel:165 - CPN selected for project level
2024-11-28 20:04:19,797 [INFO] CADModel:114 - Register for checkConnection events
2024-11-28 20:04:19,797 [FATAL] Updater:351 - Updater called before beeing initialized
2024-11-28 20:04:19,797 [ERROR] CADModel:125 - Updater not yet initialized, retry later 
2024-11-28 20:04:19,800 [FATAL] Updater:351 - Updater called before beeing initialized
2024-11-28 20:04:19,930 [FATAL] Updater:351 - Updater called before beeing initialized
2024-11-28 20:04:19,934 [INFO] DbMcusAds:53 - JSON generation date=Thu Sep 30 11:55:09 QYZT 2021 (1632984909247)
2024-11-28 20:04:19,934 [FATAL] Updater:351 - Updater called before beeing initialized
2024-11-28 20:04:19,979 [WARN] DetailPanel:346 - Failed to get advertising image, set to default
2024-11-28 20:04:20,267 [FATAL] Updater:351 - Updater called before beeing initialized
2024-11-28 20:04:20,269 [FATAL] Updater:351 - Updater called before beeing initialized
2024-11-28 20:04:20,270 [FATAL] Updater:351 - Updater called before beeing initialized
2024-11-28 20:04:20,270 [WARN] DetailPanel:346 - Failed to get advertising image, set to default
2024-11-28 20:04:20,271 [FATAL] Updater:351 - Updater called before beeing initialized
2024-11-28 20:04:20,346 [ERROR] Updater:1198 - MainUpdater not yet initialized. External WinMGr cannot be set.
2024-11-28 20:04:20,348 [INFO] Updater:1134 - Updater Version found : 6.13.0
2024-11-28 20:04:20,369 [INFO] ApplicationProperties:184 - Using Application install path: C:\ST\STM32CubeIDE_1.16.1\STM32CubeIDE\plugins\com.st.stm32cube.common.mx_6.13.0.202411220809
2024-11-28 20:04:20,438 [INFO] MainUpdater:525 - Copy updater definitions from MX database
2024-11-28 20:04:20,846 [INFO] MainUpdater:2872 - connection check result : 10
2024-11-28 20:04:20,846 [INFO] MainUpdater:3566 - Updater definition file requires update
2024-11-28 20:04:20,848 [INFO] MainUpdater:289 - Updater Check For Update Now.
2024-11-28 20:04:20,848 [INFO] MicroXplorer:498 - Change Database Version : DB.6.0.130
2024-11-28 20:04:20,859 [INFO] McuFinderGlobals:63 - Set McuFinder mode to 2 (CubeIDE integrated)
2024-11-28 20:04:20,878 [INFO] UserAuth:486 - Internet connection configuration mode: 1
2024-11-28 20:04:20,898 [INFO] JxBrowserEngine:152 - Initiate JxBrowser Engine with user profile folder
2024-11-28 20:04:20,908 [INFO] ServerAccessManage:473 - Download File updaters.zip
2024-11-28 20:04:21,083 [INFO] FileExtend:240 - Unzip File : updaters.zip
2024-11-28 20:04:21,084 [INFO] FileExtend:255 - Standard Zip Deflate
2024-11-28 20:04:21,426 [WARN] MainUpdater:1193 - Updater busy. Cannot search thirdparties
2024-11-28 20:04:21,428 [INFO] ThirdPartyUpdaterWithRetryManager:96 - Updater plugin is busy. [1/15]
2024-11-28 20:04:22,151 [INFO] ServerAccessManage:473 - Download File PacksControlFlags.xml
2024-11-28 20:04:22,371 [INFO] ServerAccessManage:473 - Download File cubemx.pidx
2024-11-28 20:04:22,663 [INFO] LoadServerUpdatesThread:375 - End of LoadServerUpdate Thread
2024-11-28 20:04:22,966 [INFO] CheckServerUpdateThread:120 - End of CheckServer Thread
2024-11-28 20:04:24,650 [WARN] PackLoader:240 - Cannot read IP mode file for STMicroelectronics.FP-SNS-MOTENVWB1.1.4.0
2024-11-28 20:04:24,662 [WARN] PackLoader:240 - Cannot read IP mode file for STMicroelectronics.FP-ATR-ASTRA1.2.0.1
2024-11-28 20:04:24,672 [WARN] PackLoader:240 - Cannot read IP mode file for STMicroelectronics.X-CUBE-SMBUS.2.1.0
2024-11-28 20:04:24,684 [WARN] PackLoader:240 - Cannot read IP mode file for STMicroelectronics.X-CUBE-WB05N.1.1.0
2024-11-28 20:04:24,730 [WARN] PackLoader:240 - Cannot read IP mode file for STMicroelectronics.X-CUBE-AZRTOS-F7.1.1.0
2024-11-28 20:04:24,808 [WARN] PackLoader:240 - Cannot read IP mode file for STMicroelectronics.X-CUBE-MEMS1.11.0.0
2024-11-28 20:04:24,998 [WARN] PackLoader:240 - Cannot read IP mode file for STMicroelectronics.FP-SNS-FLIGHT1.5.0.2
2024-11-28 20:04:25,010 [WARN] PackLoader:240 - Cannot read IP mode file for STMicroelectronics.X-CUBE-DISPLAY.3.0.0
2024-11-28 20:04:25,021 [WARN] PackLoader:240 - Cannot read IP mode file for STMicroelectronics.X-CUBE-BLE1.7.0.0
2024-11-28 20:04:25,029 [WARN] PackLoader:240 - Cannot read IP mode file for STMicroelectronics.X-CUBE-NFC10.1.0.0
2024-11-28 20:04:25,039 [WARN] PackLoader:240 - Cannot read IP mode file for emotas.I-CUBE-CANOPEN.1.3.0
2024-11-28 20:04:25,048 [WARN] PackLoader:240 - Cannot read IP mode file for STMicroelectronics.X-CUBE-TOUCHGFX.4.22.1
2024-11-28 20:04:25,225 [WARN] PackLoader:240 - Cannot read IP mode file for STMicroelectronics.X-CUBE-BLEMGR.3.1.0
2024-11-28 20:04:25,239 [WARN] PackLoader:240 - Cannot read IP mode file for STMicroelectronics.FP-SNS-SMARTAG2.1.2.0
2024-11-28 20:04:25,253 [INFO] LogOutputStream:77 - [STDOUT_REDIRECT] 1 : Invalid condition id : UX_CORESTACK_Condition cause : null
2024-11-28 20:04:25,255 [INFO] LogOutputStream:77 - [STDOUT_REDIRECT] 1 : Invalid condition id : UX_CORESTACK_Condition cause : null
2024-11-28 20:04:25,261 [INFO] LogOutputStream:77 - [STDOUT_REDIRECT] 1 : Invalid condition id : UX_CORESTACK_Condition cause : null
2024-11-28 20:04:25,276 [INFO] LogOutputStream:77 - [STDOUT_REDIRECT] 1 : Invalid condition id : UX_CORESTACK_Condition cause : null
2024-11-28 20:04:25,278 [INFO] LogOutputStream:77 - [STDOUT_REDIRECT] 1 : Invalid condition id : UX_CORESTACK_Condition cause : null
2024-11-28 20:04:25,282 [WARN] PackLoader:240 - Cannot read IP mode file for STMicroelectronics.X-CUBE-AZRTOS-WL.2.0.0
2024-11-28 20:04:25,292 [WARN] PackLoader:240 - Cannot read IP mode file for STMicroelectronics.FP-SNS-MOTENV1.5.0.0
2024-11-28 20:04:25,300 [WARN] PackLoader:240 - Cannot read IP mode file for wolfSSL.I-CUBE-wolfMQTT.1.19.0
2024-11-28 20:04:25,309 [WARN] PackLoader:240 - Cannot read IP mode file for WES.I-CUBE-Cesium.1.3.0
2024-11-28 20:04:25,315 [WARN] PackLoader:240 - Cannot read IP mode file for STMicroelectronics.X-CUBE-BLE2.3.3.0
2024-11-28 20:04:25,324 [WARN] PackLoader:240 - Cannot read IP mode file for STMicroelectronics.X-CUBE-NFC9.1.0.0
2024-11-28 20:04:25,333 [WARN] PackLoader:240 - Cannot read IP mode file for STMicroelectronics.X-CUBE-TCPP.4.1.0
2024-11-28 20:04:25,408 [WARN] PackLoader:240 - Cannot read IP mode file for STMicroelectronics.X-CUBE-AZRTOS-G0.1.1.0
2024-11-28 20:04:25,417 [WARN] PackLoader:240 - Cannot read IP mode file for STMicroelectronics.X-CUBE-SAFEA1.1.2.2
2024-11-28 20:04:25,424 [WARN] PackLoader:240 - Cannot read IP mode file for STMicroelectronics.X-CUBE-NFC4.3.0.0
2024-11-28 20:04:25,434 [WARN] PackLoader:240 - Cannot read IP mode file for EmbeddedOffice.I-CUBE-FS-RTOS.1.0.1
2024-11-28 20:04:25,438 [WARN] PackLoader:240 - Cannot read IP mode file for RealThread.X-CUBE-RT-Thread_Nano.4.1.1
2024-11-28 20:04:25,443 [WARN] PackLoader:240 - Cannot read IP mode file for STMicroelectronics.FP-ATR-SIGFOX1.3.2.0
2024-11-28 20:04:25,446 [WARN] ConditionMgr:438 - getConditionDescription Invalid condition id : Cortex-A Device cause : null
2024-11-28 20:04:25,469 [WARN] ConditionMgr:1044 - genDependencies : Invalid condition id : Cortex-A Device cause : null
2024-11-28 20:04:25,470 [WARN] ConditionMgr:1044 - genDependencies : Invalid condition id : Cortex-A Device cause : null
2024-11-28 20:04:25,470 [WARN] ConditionMgr:1044 - genDependencies : Invalid condition id : Cortex-A Device cause : null
2024-11-28 20:04:25,477 [WARN] PackLoader:240 - Cannot read IP mode file for STMicroelectronics.X-CUBE-EEPRMA1.5.1.0
2024-11-28 20:04:25,485 [WARN] PackLoader:240 - Cannot read IP mode file for wolfSSL.I-CUBE-wolfSSL.5.7.4
2024-11-28 20:04:25,494 [WARN] PackLoader:240 - Cannot read IP mode file for ITTIA_DB.I-CUBE-ITTIADB.8.9.0
2024-11-28 20:04:25,522 [WARN] PackLoader:240 - Cannot read IP mode file for SEGGER.I-CUBE-embOS.1.3.1
2024-11-28 20:04:25,565 [WARN] PackLoader:240 - Cannot read IP mode file for STMicroelectronics.X-CUBE-ALGOBUILD.1.4.0
2024-11-28 20:04:25,571 [WARN] PackLoader:240 - Cannot read IP mode file for STMicroelectronics.X-CUBE-AI.9.1.0
2024-11-28 20:04:25,601 [WARN] PackLoader:240 - Cannot read IP mode file for STMicroelectronics.X-CUBE-AZRTOS-F4.1.1.0
2024-11-28 20:04:25,612 [WARN] PackLoader:240 - Cannot read IP mode file for STMicroelectronics.X-CUBE-ISPU.2.1.0
2024-11-28 20:04:25,620 [WARN] PackLoader:240 - Cannot read IP mode file for STMicroelectronics.X-CUBE-FREERTOS.1.2.0
2024-11-28 20:04:25,642 [WARN] PackLoader:240 - Cannot read IP mode file for STMicroelectronics.X-CUBE-AZRTOS-L5.2.0.0
2024-11-28 20:04:25,654 [WARN] PackLoader:240 - Cannot read IP mode file for STMicroelectronics.X-CUBE-NFC6.3.1.0
2024-11-28 20:04:25,664 [WARN] PackLoader:240 - Cannot read IP mode file for STMicroelectronics.X-CUBE-DPower.1.2.0
2024-11-28 20:04:25,677 [WARN] PackLoader:240 - Cannot read IP mode file for STMicroelectronics.X-CUBE-NFC7.1.0.1
2024-11-28 20:04:25,711 [WARN] ConditionMgr:438 - getConditionDescription Invalid condition id : LAN8742 Phy interface Condition cause : null
2024-11-28 20:04:25,712 [WARN] PackLoader:240 - Cannot read IP mode file for STMicroelectronics.X-CUBE-AZRTOS-L4.2.0.0
2024-11-28 20:04:25,714 [WARN] ConditionMgr:1044 - genDependencies : Invalid condition id : LAN8742 Phy interface Condition cause : null
2024-11-28 20:04:25,714 [WARN] ConditionMgr:1044 - genDependencies : Invalid condition id : LAN8742 Phy interface Condition cause : null
2024-11-28 20:04:25,715 [WARN] ConditionMgr:1044 - genDependencies : Invalid condition id : LAN8742 Phy interface Condition cause : null
2024-11-28 20:04:25,726 [WARN] PackLoader:240 - Cannot read IP mode file for STMicroelectronics.X-CUBE-SFXS2LP1.4.0.0
2024-11-28 20:04:25,759 [WARN] PackLoader:240 - Cannot read IP mode file for STMicroelectronics.X-CUBE-AZRTOS-H7.3.3.0
2024-11-28 20:04:25,785 [WARN] PackLoader:240 - Cannot read IP mode file for STMicroelectronics.X-CUBE-IPS.3.0.0
2024-11-28 20:04:25,811 [WARN] ConditionMgr:438 - getConditionDescription Invalid condition id : UX DEVICE CLASS RTOS Condition cause : null
2024-11-28 20:04:25,811 [WARN] ConditionMgr:438 - getConditionDescription Invalid condition id : UX DEVICE CLASS RTOS Condition cause : null
2024-11-28 20:04:25,814 [WARN] PackLoader:240 - Cannot read IP mode file for STMicroelectronics.X-CUBE-AZRTOS-WB.2.0.0
2024-11-28 20:04:25,816 [WARN] ConditionMgr:1044 - genDependencies : Invalid condition id : UX DEVICE CLASS RTOS Condition cause : null
2024-11-28 20:04:25,816 [WARN] ConditionMgr:1044 - genDependencies : Invalid condition id : UX DEVICE CLASS RTOS Condition cause : null
2024-11-28 20:04:25,817 [WARN] ConditionMgr:1044 - genDependencies : Invalid condition id : UX DEVICE CLASS RTOS Condition cause : null
2024-11-28 20:04:25,818 [WARN] ConditionMgr:1044 - genDependencies : Invalid condition id : UX DEVICE CLASS RTOS Condition cause : null
2024-11-28 20:04:25,818 [WARN] ConditionMgr:1044 - genDependencies : Invalid condition id : UX DEVICE CLASS RTOS Condition cause : null
2024-11-28 20:04:25,870 [WARN] PackLoader:240 - Cannot read IP mode file for STMicroelectronics.X-CUBE-GNSS1.7.0.0
2024-11-28 20:04:25,880 [WARN] PackLoader:240 - Cannot read IP mode file for STMicroelectronics.FP-SNS-STBOX1.2.0.0
2024-11-28 20:04:25,894 [WARN] PackLoader:240 - Cannot read IP mode file for STMicroelectronics.X-CUBE-SUBG2.5.0.0
2024-11-28 20:04:25,904 [WARN] PackLoader:240 - Cannot read IP mode file for Cesanta.I-CUBE-Mongoose.7.13.0
2024-11-28 20:04:25,918 [WARN] PackLoader:240 - Cannot read IP mode file for STMicroelectronics.X-CUBE-AZRTOS-G4.2.0.0
2024-11-28 20:04:25,924 [WARN] PackLoader:240 - Cannot read IP mode file for STMicroelectronics.X-CUBE-ALS.1.0.2
2024-11-28 20:04:25,928 [WARN] PackLoader:240 - Cannot read IP mode file for STMicroelectronics.X-CUBE-TOUCHGFX.4.24.1
2024-11-28 20:04:25,932 [WARN] PackLoader:240 - Cannot read IP mode file for wolfSSL.I-CUBE-wolfTPM.3.4.0
2024-11-28 20:04:25,937 [WARN] PackLoader:240 - Cannot read IP mode file for portGmbH.I-Cube-SoM-uGOAL.1.1.0
2024-11-28 20:04:25,952 [WARN] PackLoader:240 - Cannot read IP mode file for STMicroelectronics.X-CUBE-AZRTOS-H7RS.1.0.0
2024-11-28 20:04:25,962 [WARN] PackLoader:240 - Cannot read IP mode file for STMicroelectronics.X-CUBE-TOF1.3.4.2
2024-11-28 20:04:25,987 [WARN] PackLoader:240 - Cannot read IP mode file for Infineon.AIROC-Wi-Fi-Bluetooth-STM32.1.6.1
2024-11-28 20:04:25,994 [WARN] PackLoader:240 - Cannot read IP mode file for wolfSSL.I-CUBE-wolfSSH.1.4.17
2024-11-28 20:04:25,995 [INFO] ThirdParty:978 - Integrity check success = true
2024-11-28 20:04:25,995 [INFO] IntegrityCheckThread:100 - exiting critical section [integrity check]
2024-11-28 20:04:25,995 [INFO] IntegrityCheckThread:103 - End integrity checks thread
2024-11-28 20:04:26,930 [INFO] WebApp:168 - Instantiating new browser for Auth
2024-11-28 20:04:27,668 [INFO] WebApp:449 - Apply proxy settings
2024-11-28 20:04:27,668 [INFO] WebApp:534 - Chromium requires no authentication
2024-11-28 20:04:27,677 [INFO] WebApp:477 - Direct internet connection detected
2024-11-28 20:04:27,700 [INFO] WebApp:880 - Register for checkConnection events
2024-11-28 20:04:27,700 [INFO] WebApp:449 - Apply proxy settings
2024-11-28 20:04:27,700 [INFO] WebApp:534 - Chromium requires no authentication
2024-11-28 20:04:27,701 [INFO] WebApp:477 - Direct internet connection detected
2024-11-28 20:04:27,900 [INFO] WebApp:221 - Starting web application
2024-11-28 20:04:27,901 [INFO] WebApp:579 - Web application path used C:\ST\STM32CubeIDE_1.16.1\STM32CubeIDE\plugins\com.st.stm32cube.common.mx_6.13.0.202411220809\db\plugins\mcufinder\reactClient1\index.html
2024-11-28 20:04:28,018 [INFO] UserAuth:486 - Internet connection configuration mode: 1
2024-11-28 20:04:28,122 [INFO] WebApp:187 - Connection restablished
