2024-09-06 09:15:57,642 [INFO] Activator:176 - 


2024-09-06 09:15:57,644 [INFO] Activator:177 - !SESSION log4j initialized
2024-09-06 09:16:04,707 [INFO] LogOutputStream:77 - [STDOUT_REDIRECT] 
2024-09-06 09:16:09,312 [INFO] ApplicationProperties:184 - Using Application install path: C:\ST\STM32CubeIDE_1.12.0\STM32CubeIDE\plugins\com.st.stm32cube.common.mx_6.12.0.202406281431
2024-09-06 09:16:09,332 [INFO] DbMcusXml:78 - Set database path to: C:\ST\STM32CubeIDE_1.12.0\STM32CubeIDE\plugins\com.st.stm32cube.common.mx_6.12.0.202406281431\\db\/mcu/
2024-09-06 09:16:09,332 [INFO] ApiDb:274 - Set plugin database path to: C:\ST\STM32CubeIDE_1.12.0\STM32CubeIDE\plugins\com.st.stm32cube.common.mx_6.12.0.202406281431\\db\/plugins/boardmanager/
2024-09-06 09:16:09,334 [WARN] ApiDb:259 - Overriding images path with different value:  => C:\ST\STM32CubeIDE_1.12.0\STM32CubeIDE\plugins\com.st.stm32cube.common.mx_6.12.0.202406281431\\db\/plugins/mcufinder/images/
2024-09-06 09:16:09,341 [INFO] ApiDb:250 - Set database path to: C:\Users\Prometheus\.stmcufinder\plugins\mcufinder//mcu/
2024-09-06 09:16:09,343 [INFO] DbMcusAds:125 - Set database path to: C:\Users\Prometheus\.stmcufinder\plugins\mcufinder//mcu/
2024-09-06 09:16:09,346 [INFO] CrossReferenceDbSqlite:203 - Set database path to: C:\Users\Prometheus\.stmcufinder\plugins\mcufinder//mcu/cs/
2024-09-06 09:16:09,465 [INFO] RulesReader:64 - Compatibility file has been processed (297 Rules)
2024-09-06 09:16:09,537 [INFO] DbMcusXml:78 - Set database path to: C:\ST\STM32CubeIDE_1.12.0\STM32CubeIDE\plugins\com.st.stm32cube.common.mx_6.12.0.202406281431\\db\/mcu/
2024-09-06 09:16:09,537 [INFO] ApiDb:274 - Set plugin database path to: C:\ST\STM32CubeIDE_1.12.0\STM32CubeIDE\plugins\com.st.stm32cube.common.mx_6.12.0.202406281431\\db\/plugins/boardmanager/
2024-09-06 09:16:09,537 [INFO] ApiDb:261 - Set plugin images path to: C:\ST\STM32CubeIDE_1.12.0\STM32CubeIDE\plugins\com.st.stm32cube.common.mx_6.12.0.202406281431\\db\/plugins/mcufinder/images/
2024-09-06 09:16:09,538 [WARN] DbFile:41 - Overriding database path with different value: C:\Users\Prometheus\.stmcufinder\plugins\mcufinder/ => C:\Users\Prometheus\.stmcufinder\plugins\mcufinder
2024-09-06 09:16:09,538 [INFO] ApiDb:250 - Set database path to: C:\Users\Prometheus\.stmcufinder\plugins\mcufinder//mcu/
2024-09-06 09:16:09,538 [WARN] DbFile:41 - Overriding database path with different value: C:\Users\Prometheus\.stmcufinder\plugins\mcufinder/ => C:\Users\Prometheus\.stmcufinder\plugins\mcufinder
2024-09-06 09:16:09,538 [INFO] DbMcusAds:125 - Set database path to: C:\Users\Prometheus\.stmcufinder\plugins\mcufinder//mcu/
2024-09-06 09:16:09,538 [WARN] DbFile:41 - Overriding database path with different value: C:\Users\Prometheus\.stmcufinder\plugins\mcufinder/ => C:\Users\Prometheus\.stmcufinder\plugins\mcufinder
2024-09-06 09:16:09,538 [WARN] DbFile:41 - Overriding database path with different value: C:\Users\Prometheus\.stmcufinder\plugins\mcufinder/ => C:\Users\Prometheus\.stmcufinder\plugins\mcufinder
2024-09-06 09:16:09,538 [INFO] CrossReferenceDbSqlite:203 - Set database path to: C:\Users\Prometheus\.stmcufinder\plugins\mcufinder//mcu/cs/
2024-09-06 09:16:09,612 [INFO] MainPanel:268 - HeapMemory: 268435456
2024-09-06 09:16:09,706 [INFO] DbMcusXml:78 - Set database path to: C:\ST\STM32CubeIDE_1.12.0\STM32CubeIDE\plugins\com.st.stm32cube.common.mx_6.12.0.202406281431\\db\/mcu/
2024-09-06 09:16:09,706 [INFO] ApiDb:274 - Set plugin database path to: C:\ST\STM32CubeIDE_1.12.0\STM32CubeIDE\plugins\com.st.stm32cube.common.mx_6.12.0.202406281431\\db\/plugins/boardmanager/
2024-09-06 09:16:09,706 [INFO] ApiDb:261 - Set plugin images path to: C:\ST\STM32CubeIDE_1.12.0\STM32CubeIDE\plugins\com.st.stm32cube.common.mx_6.12.0.202406281431\\db\/plugins/mcufinder/images/
2024-09-06 09:16:09,707 [WARN] DbFile:41 - Overriding database path with different value: C:\Users\Prometheus\.stmcufinder\plugins\mcufinder/ => C:\Users\Prometheus\.stmcufinder\plugins\mcufinder
2024-09-06 09:16:09,707 [INFO] ApiDb:250 - Set database path to: C:\Users\Prometheus\.stmcufinder\plugins\mcufinder//mcu/
2024-09-06 09:16:09,707 [WARN] DbFile:41 - Overriding database path with different value: C:\Users\Prometheus\.stmcufinder\plugins\mcufinder/ => C:\Users\Prometheus\.stmcufinder\plugins\mcufinder
2024-09-06 09:16:09,707 [INFO] DbMcusAds:125 - Set database path to: C:\Users\Prometheus\.stmcufinder\plugins\mcufinder//mcu/
2024-09-06 09:16:09,707 [WARN] DbFile:41 - Overriding database path with different value: C:\Users\Prometheus\.stmcufinder\plugins\mcufinder/ => C:\Users\Prometheus\.stmcufinder\plugins\mcufinder
2024-09-06 09:16:09,707 [WARN] DbFile:41 - Overriding database path with different value: C:\Users\Prometheus\.stmcufinder\plugins\mcufinder/ => C:\Users\Prometheus\.stmcufinder\plugins\mcufinder
2024-09-06 09:16:09,707 [INFO] CrossReferenceDbSqlite:203 - Set database path to: C:\Users\Prometheus\.stmcufinder\plugins\mcufinder//mcu/cs/
2024-09-06 09:16:09,724 [INFO] ApplicationProperties:184 - Using Application install path: C:\ST\STM32CubeIDE_1.12.0\STM32CubeIDE\plugins\com.st.stm32cube.common.mx_6.12.0.202406281431
2024-09-06 09:16:09,725 [INFO] PluginManage:196 - Search for loadable plugins [exclusion list=, ]
2024-09-06 09:16:09,727 [INFO] PluginManage:310 - Check plugin analytics
2024-09-06 09:16:14,458 [INFO] AnalyticsPlugin:253 - Accepted Software Licenses: 
2024-09-06 09:16:14,459 [INFO] AnalyticsPlugin:255 - Accepted CMSIS Pack Licenses: 
2024-09-06 09:16:14,459 [INFO] AnalyticsPlugin:257 - Accepted Firmware Licenses: 
2024-09-06 09:16:14,462 [INFO] PluginManage:359 - Loaded plugin analytics (category:tool,tabindex:-1)
2024-09-06 09:16:14,462 [INFO] PluginManage:310 - Check plugin cadmodel
2024-09-06 09:16:14,474 [INFO] CADModel:105 - Init CAD model plugin
2024-09-06 09:16:14,474 [INFO] PluginManage:359 - Loaded plugin cadmodel (category:power,tabindex:5)
2024-09-06 09:16:14,474 [INFO] PluginManage:310 - Check plugin clock
2024-09-06 09:16:14,492 [INFO] PluginManage:359 - Loaded plugin clock (category:base,tabindex:2)
2024-09-06 09:16:14,492 [INFO] PluginManage:310 - Check plugin ddr
2024-09-06 09:16:14,495 [INFO] PluginManage:359 - Loaded plugin ddr (category:tool,tabindex:6)
2024-09-06 09:16:14,495 [INFO] PluginManage:310 - Check plugin filemanager
2024-09-06 09:16:14,646 [INFO] PluginManage:359 - Loaded plugin filemanager (category:base,tabindex:10)
2024-09-06 09:16:14,647 [INFO] PluginManage:310 - Check plugin ipmanager
2024-09-06 09:16:14,654 [INFO] PluginManage:359 - Loaded plugin ipmanager (category:base,tabindex:5)
2024-09-06 09:16:14,654 [INFO] PluginManage:310 - Check plugin lpbam
2024-09-06 09:16:14,670 [INFO] PluginManage:359 - Loaded plugin lpbam (category:base,tabindex:0)
2024-09-06 09:16:14,670 [INFO] PluginManage:310 - Check plugin memorymap
2024-09-06 09:16:14,689 [INFO] PluginManage:359 - Loaded plugin memorymap (category:base,tabindex:4)
2024-09-06 09:16:14,689 [INFO] PluginManage:310 - Check plugin pinoutandconfiguration
2024-09-06 09:16:14,705 [INFO] PluginManage:359 - Loaded plugin pinoutandconfiguration (category:base,tabindex:1)
2024-09-06 09:16:14,705 [INFO] PluginManage:310 - Check plugin pinoutconfig
2024-09-06 09:16:14,796 [WARN] SupportedApi:132 - Cannot load RTOS API schema: s4s-elt-must-match.1: The content of 'definitions' must match (annotation?, (simpleType | complexType)?, (unique | key | keyref)*)). A problem was found starting at: attribute.
2024-09-06 09:16:14,956 [INFO] PluginManage:359 - Loaded plugin pinoutconfig (category:base,tabindex:0)
2024-09-06 09:16:14,956 [INFO] PluginManage:310 - Check plugin power
2024-09-06 09:16:14,980 [INFO] PluginManage:359 - Loaded plugin power (category:power,tabindex:4)
2024-09-06 09:16:14,980 [INFO] PluginManage:310 - Check plugin projectmanager
2024-09-06 09:16:15,000 [INFO] PluginManage:359 - Loaded plugin projectmanager (category:projectmanager,tabindex:4)
2024-09-06 09:16:15,000 [INFO] PluginManage:310 - Check plugin rif
2024-09-06 09:16:15,014 [INFO] PluginManage:359 - Loaded plugin rif (category:base,tabindex:3)
2024-09-06 09:16:15,014 [INFO] PluginManage:310 - Check plugin thirdparty
2024-09-06 09:16:15,297 [INFO] PluginManage:359 - Loaded plugin thirdparty (category:base,tabindex:-1)
2024-09-06 09:16:15,297 [WARN] IntegrityCheckThread:84 - waiting for thirdparty lock release [integrity check]
2024-09-06 09:16:15,297 [INFO] PluginManage:310 - Check plugin tools
2024-09-06 09:16:15,297 [INFO] IntegrityCheckThread:86 - entering critical section [integrity check]
2024-09-06 09:16:15,298 [INFO] ThirdPartyUpdaterWithRetryManager:70 - Updater plugin not ready yet. [1/15]
2024-09-06 09:16:15,336 [INFO] PluginManage:359 - Loaded plugin tools (category:base,tabindex:7)
2024-09-06 09:16:15,336 [INFO] PluginManage:310 - Check plugin tutovideos
2024-09-06 09:16:15,502 [INFO] PluginManage:359 - Loaded plugin tutovideos (category:base,tabindex:-1)
2024-09-06 09:16:15,502 [INFO] PluginManage:310 - Check plugin updater
2024-09-06 09:16:15,518 [INFO] PluginManage:359 - Loaded plugin updater (category:base,tabindex:12)
2024-09-06 09:16:15,518 [INFO] PluginManage:310 - Check plugin userauth
2024-09-06 09:16:15,522 [INFO] UserAuth:113 - Init User Auth plugin
2024-09-06 09:16:15,522 [INFO] PluginManage:359 - Loaded plugin userauth (category:base,tabindex:14)
2024-09-06 09:16:15,523 [INFO] PluginManage:283 - PluginManage : Loaded plugins [18]
2024-09-06 09:16:15,753 [INFO] PinOutPanel:1561 - setPackage(No Configuration,No Configuration)
2024-09-06 09:16:15,840 [INFO] CADModel:165 - CPN selected for project level
2024-09-06 09:16:15,840 [INFO] CADModel:114 - Register for checkConnection events
2024-09-06 09:16:15,866 [INFO] IPUIPlugin:80 - create IPUIPlugin
2024-09-06 09:16:15,867 [INFO] PluginManager:220 - loadIPPluginJar : add adc
2024-09-06 09:16:15,904 [INFO] IPUIPlugin:80 - create IPUIPlugin
2024-09-06 09:16:15,904 [INFO] PluginManager:220 - loadIPPluginJar : add aes
2024-09-06 09:16:15,948 [INFO] IPUIPlugin:80 - create IPUIPlugin
2024-09-06 09:16:15,949 [INFO] PluginManager:220 - loadIPPluginJar : add can
2024-09-06 09:16:15,978 [INFO] IPUIPlugin:80 - create IPUIPlugin
2024-09-06 09:16:15,979 [INFO] PluginManager:220 - loadIPPluginJar : add comp
2024-09-06 09:16:16,022 [INFO] IPUIPlugin:80 - create IPUIPlugin
2024-09-06 09:16:16,023 [INFO] PluginManager:220 - loadIPPluginJar : add cryp
2024-09-06 09:16:16,034 [INFO] IPUIPlugin:80 - create IPUIPlugin
2024-09-06 09:16:16,034 [INFO] PluginManager:220 - loadIPPluginJar : add ddr_ctrl_phy
2024-09-06 09:16:16,066 [INFO] IPUIPlugin:80 - create IPUIPlugin
2024-09-06 09:16:16,066 [INFO] PluginManager:220 - loadIPPluginJar : add dfsdm
2024-09-06 09:16:16,078 [INFO] IPUIPlugin:80 - create IPUIPlugin
2024-09-06 09:16:16,079 [INFO] PluginManager:220 - loadIPPluginJar : add dma
2024-09-06 09:16:16,123 [INFO] IPUIPlugin:80 - create IPUIPlugin
2024-09-06 09:16:16,123 [INFO] PluginManager:220 - loadIPPluginJar : add dma3
2024-09-06 09:16:16,170 [INFO] IPUIPlugin:80 - create IPUIPlugin
2024-09-06 09:16:16,170 [INFO] PluginManager:220 - loadIPPluginJar : add extmemmanager
2024-09-06 09:16:16,193 [INFO] IPUIPlugin:80 - create IPUIPlugin
2024-09-06 09:16:16,193 [INFO] PluginManager:220 - loadIPPluginJar : add fatfs
2024-09-06 09:16:16,250 [INFO] IPUIPlugin:80 - create IPUIPlugin
2024-09-06 09:16:16,250 [INFO] PluginManager:220 - loadIPPluginJar : add fmc
2024-09-06 09:16:16,264 [INFO] IPUIPlugin:80 - create IPUIPlugin
2024-09-06 09:16:16,264 [INFO] PluginManager:220 - loadIPPluginJar : add freertos
2024-09-06 09:16:16,286 [INFO] IPUIPlugin:80 - create IPUIPlugin
2024-09-06 09:16:16,286 [INFO] PluginManager:220 - loadIPPluginJar : add genericplugin
2024-09-06 09:16:16,391 [INFO] IPUIPlugin:80 - create IPUIPlugin
2024-09-06 09:16:16,392 [INFO] PluginManager:220 - loadIPPluginJar : add gfxmmu
2024-09-06 09:16:16,539 [INFO] IPUIPlugin:80 - create IPUIPlugin
2024-09-06 09:16:16,539 [INFO] PluginManager:220 - loadIPPluginJar : add gic
2024-09-06 09:16:16,551 [INFO] IPUIPlugin:80 - create IPUIPlugin
2024-09-06 09:16:16,551 [INFO] PluginManager:220 - loadIPPluginJar : add gpio
2024-09-06 09:16:16,654 [INFO] IPUIPlugin:80 - create IPUIPlugin
2024-09-06 09:16:16,654 [INFO] PluginManager:220 - loadIPPluginJar : add gtzc
2024-09-06 09:16:16,700 [INFO] IPUIPlugin:80 - create IPUIPlugin
2024-09-06 09:16:16,700 [INFO] PluginManager:220 - loadIPPluginJar : add hash
2024-09-06 09:16:16,758 [INFO] IPUIPlugin:80 - create IPUIPlugin
2024-09-06 09:16:16,758 [INFO] PluginManager:220 - loadIPPluginJar : add i2c
2024-09-06 09:16:16,799 [INFO] IPUIPlugin:80 - create IPUIPlugin
2024-09-06 09:16:16,799 [INFO] PluginManager:220 - loadIPPluginJar : add i2s
2024-09-06 09:16:16,843 [INFO] IPUIPlugin:80 - create IPUIPlugin
2024-09-06 09:16:16,844 [INFO] PluginManager:220 - loadIPPluginJar : add i3c
2024-09-06 09:16:16,945 [INFO] IPUIPlugin:80 - create IPUIPlugin
2024-09-06 09:16:16,945 [INFO] PluginManager:220 - loadIPPluginJar : add ipddr
2024-09-06 09:16:17,044 [INFO] IPUIPlugin:80 - create IPUIPlugin
2024-09-06 09:16:17,045 [INFO] PluginManager:220 - loadIPPluginJar : add linkedlist
2024-09-06 09:16:17,081 [INFO] IPUIPlugin:80 - create IPUIPlugin
2024-09-06 09:16:17,081 [INFO] PluginManager:220 - loadIPPluginJar : add lorawan
2024-09-06 09:16:17,119 [INFO] IPUIPlugin:80 - create IPUIPlugin
2024-09-06 09:16:17,120 [INFO] PluginManager:220 - loadIPPluginJar : add ltdc
2024-09-06 09:16:17,135 [INFO] IPUIPlugin:80 - create IPUIPlugin
2024-09-06 09:16:17,135 [INFO] PluginManager:220 - loadIPPluginJar : add mdma
2024-09-06 09:16:17,146 [INFO] IPUIPlugin:80 - create IPUIPlugin
2024-09-06 09:16:17,146 [INFO] PluginManager:220 - loadIPPluginJar : add nvic
2024-09-06 09:16:17,185 [INFO] IPUIPlugin:80 - create IPUIPlugin
2024-09-06 09:16:17,185 [INFO] PluginManager:220 - loadIPPluginJar : add opamp
2024-09-06 09:16:17,249 [INFO] IPUIPlugin:80 - create IPUIPlugin
2024-09-06 09:16:17,249 [INFO] PluginManager:220 - loadIPPluginJar : add openamp
2024-09-06 09:16:17,293 [INFO] IPUIPlugin:80 - create IPUIPlugin
2024-09-06 09:16:17,294 [INFO] PluginManager:220 - loadIPPluginJar : add pdm2pcm
2024-09-06 09:16:17,307 [INFO] IPUIPlugin:80 - create IPUIPlugin
2024-09-06 09:16:17,310 [INFO] PluginManager:220 - loadIPPluginJar : add plateformsettings
2024-09-06 09:16:17,334 [INFO] IPUIPlugin:80 - create IPUIPlugin
2024-09-06 09:16:17,334 [INFO] PluginManager:220 - loadIPPluginJar : add quadspi
2024-09-06 09:16:17,363 [INFO] IPUIPlugin:80 - create IPUIPlugin
2024-09-06 09:16:17,364 [INFO] PluginManager:220 - loadIPPluginJar : add radio
2024-09-06 09:16:17,375 [INFO] IPUIPlugin:80 - create IPUIPlugin
2024-09-06 09:16:17,376 [INFO] PluginManager:220 - loadIPPluginJar : add resmgrutility
2024-09-06 09:16:17,426 [INFO] IPUIPlugin:80 - create IPUIPlugin
2024-09-06 09:16:17,426 [INFO] PluginManager:220 - loadIPPluginJar : add sai
2024-09-06 09:16:17,465 [INFO] IPUIPlugin:80 - create IPUIPlugin
2024-09-06 09:16:17,465 [INFO] PluginManager:220 - loadIPPluginJar : add spi
2024-09-06 09:16:17,537 [INFO] IPUIPlugin:80 - create IPUIPlugin
2024-09-06 09:16:17,537 [INFO] PluginManager:220 - loadIPPluginJar : add stm32_wpan
2024-09-06 09:16:17,562 [INFO] IPUIPlugin:80 - create IPUIPlugin
2024-09-06 09:16:17,562 [INFO] PluginManager:220 - loadIPPluginJar : add tim
2024-09-06 09:16:17,623 [INFO] IPUIPlugin:80 - create IPUIPlugin
2024-09-06 09:16:17,623 [INFO] PluginManager:220 - loadIPPluginJar : add touchsensing
2024-09-06 09:16:17,652 [INFO] IPUIPlugin:80 - create IPUIPlugin
2024-09-06 09:16:17,652 [INFO] PluginManager:220 - loadIPPluginJar : add tracer_emb
2024-09-06 09:16:17,688 [INFO] IPUIPlugin:80 - create IPUIPlugin
2024-09-06 09:16:17,688 [INFO] PluginManager:220 - loadIPPluginJar : add ts
2024-09-06 09:16:17,717 [INFO] IPUIPlugin:80 - create IPUIPlugin
2024-09-06 09:16:17,718 [INFO] PluginManager:220 - loadIPPluginJar : add tsc
2024-09-06 09:16:17,741 [INFO] IPUIPlugin:80 - create IPUIPlugin
2024-09-06 09:16:17,741 [INFO] PluginManager:220 - loadIPPluginJar : add ucpd
2024-09-06 09:16:17,789 [INFO] IPUIPlugin:80 - create IPUIPlugin
2024-09-06 09:16:17,789 [INFO] PluginManager:220 - loadIPPluginJar : add usart
2024-09-06 09:16:17,834 [INFO] IPUIPlugin:80 - create IPUIPlugin
2024-09-06 09:16:17,834 [INFO] PluginManager:220 - loadIPPluginJar : add usbx
2024-09-06 09:16:17,970 [INFO] CADModel:165 - CPN selected for project level
2024-09-06 09:16:17,970 [INFO] CADModel:114 - Register for checkConnection events
2024-09-06 09:16:17,971 [FATAL] Updater:334 - Updater called before beeing initialized
2024-09-06 09:16:17,971 [ERROR] CADModel:125 - Updater not yet initialized, retry later 
2024-09-06 09:16:18,099 [INFO] CADModel:165 - CPN selected for project level
2024-09-06 09:16:18,099 [INFO] CADModel:114 - Register for checkConnection events
2024-09-06 09:16:18,099 [FATAL] Updater:334 - Updater called before beeing initialized
2024-09-06 09:16:18,099 [ERROR] CADModel:125 - Updater not yet initialized, retry later 
2024-09-06 09:16:18,102 [FATAL] Updater:334 - Updater called before beeing initialized
2024-09-06 09:16:18,211 [FATAL] Updater:334 - Updater called before beeing initialized
2024-09-06 09:16:18,222 [INFO] DbMcusAds:53 - JSON generation date=Thu Sep 30 11:55:09 ORAT 2021 (1632984909247)
2024-09-06 09:16:18,222 [FATAL] Updater:334 - Updater called before beeing initialized
2024-09-06 09:16:18,253 [WARN] DetailPanel:346 - Failed to get advertising image, set to default
2024-09-06 09:16:18,299 [INFO] ThirdPartyUpdaterWithRetryManager:70 - Updater plugin not ready yet. [2/15]
2024-09-06 09:16:18,330 [FATAL] Updater:334 - Updater called before beeing initialized
2024-09-06 09:16:18,332 [FATAL] Updater:334 - Updater called before beeing initialized
2024-09-06 09:16:18,332 [FATAL] Updater:334 - Updater called before beeing initialized
2024-09-06 09:16:18,332 [WARN] DetailPanel:346 - Failed to get advertising image, set to default
2024-09-06 09:16:18,333 [FATAL] Updater:334 - Updater called before beeing initialized
2024-09-06 09:16:18,398 [ERROR] Updater:1164 - MainUpdater not yet initialized. External WinMGr cannot be set.
2024-09-06 09:16:18,410 [INFO] Updater:1100 - Updater Version found : 6.12.0
2024-09-06 09:16:18,428 [INFO] ApplicationProperties:184 - Using Application install path: C:\ST\STM32CubeIDE_1.12.0\STM32CubeIDE\plugins\com.st.stm32cube.common.mx_6.12.0.202406281431
2024-09-06 09:16:19,396 [INFO] MainUpdater:2873 - connection check result : 10
2024-09-06 09:16:19,397 [INFO] MainUpdater:290 - Updater Check For Update Now.
2024-09-06 09:16:19,397 [INFO] MicroXplorer:498 - Change Database Version : DB.6.0.120
2024-09-06 09:16:19,415 [INFO] McuFinderGlobals:63 - Set McuFinder mode to 2 (CubeIDE integrated)
2024-09-06 09:16:19,423 [INFO] UserAuth:417 - Internet connection configuration mode: 1
2024-09-06 09:16:19,468 [INFO] JxBrowserEngine:152 - Initiate JxBrowser Engine with user profile folder
2024-09-06 09:16:19,599 [INFO] CheckServerUpdateThread:120 - End of CheckServer Thread
2024-09-06 09:16:19,617 [INFO] MainUpdater:2873 - connection check result : 10
2024-09-06 09:16:19,817 [ERROR] LogOutputStream:75 - [STDERR_REDIRECT] Sep 06, 2024 9:16:19 AM java.util.prefs.WindowsPreferences openKey
2024-09-06 09:16:19,820 [ERROR] LogOutputStream:75 - [STDERR_REDIRECT] WARNING: Could not open windows registry node Software\JavaSoft\Prefs at root 0xffffffff80000002. Windows RegOpenKey(...) returned error code 5.
2024-09-06 09:16:19,820 [ERROR] LogOutputStream:75 - [STDERR_REDIRECT] 
2024-09-06 09:16:19,849 [INFO] UserAuth:417 - Internet connection configuration mode: 1
2024-09-06 09:16:21,301 [WARN] MainUpdater:1194 - Updater busy. Cannot search thirdparties
2024-09-06 09:16:21,302 [INFO] ThirdPartyUpdaterWithRetryManager:96 - Updater plugin is busy. [1/15]
2024-09-06 09:16:21,655 [INFO] WebApp:167 - Instantiating new browser for Auth
2024-09-06 09:16:22,487 [INFO] WebApp:448 - Apply proxy settings
2024-09-06 09:16:22,488 [INFO] WebApp:533 - Chromium requires no authentication
2024-09-06 09:16:22,496 [INFO] WebApp:476 - Direct internet connection detected
2024-09-06 09:16:22,519 [INFO] WebApp:869 - Register for checkConnection events
2024-09-06 09:16:22,519 [INFO] WebApp:448 - Apply proxy settings
2024-09-06 09:16:22,519 [INFO] WebApp:533 - Chromium requires no authentication
2024-09-06 09:16:22,520 [INFO] WebApp:476 - Direct internet connection detected
2024-09-06 09:16:22,666 [INFO] WebApp:220 - Starting web application
2024-09-06 09:16:22,666 [INFO] WebApp:578 - Web application path used C:\ST\STM32CubeIDE_1.12.0\STM32CubeIDE\plugins\com.st.stm32cube.common.mx_6.12.0.202406281431\db\plugins\mcufinder\reactClient1\index.html
2024-09-06 09:16:22,842 [INFO] CheckServerUpdateThread:120 - End of CheckServer Thread
2024-09-06 09:16:22,956 [INFO] WebApp:186 - Connection restablished
2024-09-06 09:16:24,305 [WARN] MainUpdater:1194 - Updater busy. Cannot search thirdparties
2024-09-06 09:16:24,305 [INFO] ThirdPartyUpdaterWithRetryManager:96 - Updater plugin is busy. [2/15]
2024-09-06 09:16:27,305 [WARN] MainUpdater:1194 - Updater busy. Cannot search thirdparties
2024-09-06 09:16:27,305 [INFO] ThirdPartyUpdaterWithRetryManager:96 - Updater plugin is busy. [3/15]
2024-09-06 09:16:30,307 [WARN] MainUpdater:1194 - Updater busy. Cannot search thirdparties
2024-09-06 09:16:30,307 [INFO] ThirdPartyUpdaterWithRetryManager:96 - Updater plugin is busy. [4/15]
2024-09-06 09:16:33,307 [WARN] MainUpdater:1194 - Updater busy. Cannot search thirdparties
2024-09-06 09:16:33,307 [INFO] ThirdPartyUpdaterWithRetryManager:96 - Updater plugin is busy. [5/15]
2024-09-06 09:16:36,309 [WARN] MainUpdater:1194 - Updater busy. Cannot search thirdparties
2024-09-06 09:16:36,309 [INFO] ThirdPartyUpdaterWithRetryManager:96 - Updater plugin is busy. [6/15]
2024-09-06 09:16:39,310 [WARN] MainUpdater:1194 - Updater busy. Cannot search thirdparties
2024-09-06 09:16:39,310 [INFO] ThirdPartyUpdaterWithRetryManager:96 - Updater plugin is busy. [7/15]
2024-09-06 09:16:42,315 [WARN] MainUpdater:1194 - Updater busy. Cannot search thirdparties
2024-09-06 09:16:42,315 [INFO] ThirdPartyUpdaterWithRetryManager:96 - Updater plugin is busy. [8/15]
2024-09-06 09:16:45,316 [WARN] MainUpdater:1194 - Updater busy. Cannot search thirdparties
2024-09-06 09:16:45,316 [INFO] ThirdPartyUpdaterWithRetryManager:96 - Updater plugin is busy. [9/15]
2024-09-06 09:16:48,324 [WARN] MainUpdater:1194 - Updater busy. Cannot search thirdparties
2024-09-06 09:16:48,324 [INFO] ThirdPartyUpdaterWithRetryManager:96 - Updater plugin is busy. [10/15]
2024-09-06 09:16:51,326 [WARN] MainUpdater:1194 - Updater busy. Cannot search thirdparties
2024-09-06 09:16:51,326 [INFO] ThirdPartyUpdaterWithRetryManager:96 - Updater plugin is busy. [11/15]
2024-09-06 09:16:54,333 [WARN] MainUpdater:1194 - Updater busy. Cannot search thirdparties
2024-09-06 09:16:54,333 [INFO] ThirdPartyUpdaterWithRetryManager:96 - Updater plugin is busy. [12/15]
2024-09-06 09:16:57,334 [WARN] MainUpdater:1194 - Updater busy. Cannot search thirdparties
2024-09-06 09:16:57,334 [INFO] ThirdPartyUpdaterWithRetryManager:96 - Updater plugin is busy. [13/15]
2024-09-06 09:17:00,337 [WARN] MainUpdater:1194 - Updater busy. Cannot search thirdparties
2024-09-06 09:17:00,337 [INFO] ThirdPartyUpdaterWithRetryManager:96 - Updater plugin is busy. [14/15]
2024-09-06 09:17:03,338 [WARN] MainUpdater:1194 - Updater busy. Cannot search thirdparties
2024-09-06 09:17:03,338 [INFO] ThirdPartyUpdaterWithRetryManager:96 - Updater plugin is busy. [15/15]
2024-09-06 09:17:03,338 [ERROR] IntegrityCheckThread:130 - Cannot retrieve database content from updater: error -1
2024-09-06 09:17:03,339 [INFO] ThirdParty:978 - Integrity check success = false
2024-09-06 09:17:03,339 [INFO] IntegrityCheckThread:100 - exiting critical section [integrity check]
2024-09-06 09:17:03,339 [INFO] IntegrityCheckThread:103 - End integrity checks thread
2024-09-06 09:20:26,847 [ERROR] LogOutputStream:75 - [STDERR_REDIRECT] 
