A!SUBCLASS!RECORD_TAG!REFDES!COMP_PACKAGE!COMP_PART_NUMBER!SYM_NAME!SYM_X!SYM_Y!SYM_ROTATE!SYM_MIRROR!GRAPHIC_DATA_NAME!GRAPHIC_DATA_1!GRAPHIC_DATA_2!GRAPHIC_DATA_3!GRAPHIC_DATA_4!GRAPHIC_DATA_5!GRAPHIC_DATA_6!GRAPHIC_DATA_7!GRAPHIC_DATA_8!GRAPHIC_DATA_9!GRAPHIC_DATA_10!PACKAGE_HEIGHT_MIN!PACKAGE_HEIGHT_MAX!SYM_HAS_PIN_EDIT!SYM_DFA_DEV_CLASS!COMP_PACKAGE_HEIGHT_MIN!COMP_PACKAGE_HEIGHT_MAX!EMBEDDED_STATUS!BOM_IGNORE!SYM_ZONE_NAME!PLACEMENT_LAYER!
J!d:/projects/projectscience/electronics/dosti_pcbruler/allegro/pcb_ruler.brd!Wed Jun 19 14:43:44 2024!0.0000!0.0000!533.4000!431.8000!0.0001!millimeters!PCB_RULER!10.400000 mil!2!UP TO DATE!
S!ASSEMBLY_TOP!646 1!IC17!QFP50P1600X1600X170-100N!!QFP50P1600X1600X170-100N!271.7800!189.9920!0.000!NO!LINE!264.7800!196.9920!278.7800!196.9920!0.1000!!!!!NOTCONNECT!!!NO!!!!!!!!
S!ASSEMBLY_TOP!647 1!IC17!QFP50P1600X1600X170-100N!!QFP50P1600X1600X170-100N!271.7800!189.9920!0.000!NO!LINE!278.7800!196.9920!278.7800!182.9920!0.1000!!!!!NOTCONNECT!!!NO!!!!!!!!
S!ASSEMBLY_TOP!648 1!IC17!QFP50P1600X1600X170-100N!!QFP50P1600X1600X170-100N!271.7800!189.9920!0.000!NO!LINE!278.7800!182.9920!264.7800!182.9920!0.1000!!!!!NOTCONNECT!!!NO!!!!!!!!
S!ASSEMBLY_TOP!649 1!IC17!QFP50P1600X1600X170-100N!!QFP50P1600X1600X170-100N!271.7800!189.9920!0.000!NO!LINE!264.7800!182.9920!264.7800!196.9920!0.1000!!!!!NOTCONNECT!!!NO!!!!!!!!
S!ASSEMBLY_TOP!650 1!IC17!QFP50P1600X1600X170-100N!!QFP50P1600X1600X170-100N!271.7800!189.9920!0.000!NO!LINE!264.7800!196.4920!265.2800!196.9920!0.1000!!!!!NOTCONNECT!!!NO!!!!!!!!
S!PLACE_BOUND_TOP!656 1!IC17!QFP50P1600X1600X170-100N!!QFP50P1600X1600X170-100N!271.7800!189.9920!0.000!NO!RECTANGLE!263.0550!181.2670!280.5050!198.7170!1!!!!!!!1.7 MM!NO!!!!!!!!
S!PLACE_BOUND_TOP!665 1!IC16!QFP50P1200X1200X120-64N!!QFP50P1200X1200X120-64N!306.3240!172.7200!0.000!NO!LINE!299.5990!179.4450!313.0490!179.4450!0.0500!!!!!NOTCONNECT!!!NO!!!!!!!!
S!PLACE_BOUND_TOP!666 1!IC16!QFP50P1200X1200X120-64N!!QFP50P1200X1200X120-64N!306.3240!172.7200!0.000!NO!LINE!313.0490!179.4450!313.0490!165.9950!0.0500!!!!!NOTCONNECT!!!NO!!!!!!!!
S!PLACE_BOUND_TOP!667 1!IC16!QFP50P1200X1200X120-64N!!QFP50P1200X1200X120-64N!306.3240!172.7200!0.000!NO!LINE!313.0490!165.9950!299.5990!165.9950!0.0500!!!!!NOTCONNECT!!!NO!!!!!!!!
S!PLACE_BOUND_TOP!668 1!IC16!QFP50P1200X1200X120-64N!!QFP50P1200X1200X120-64N!306.3240!172.7200!0.000!NO!LINE!299.5990!165.9950!299.5990!179.4450!0.0500!!!!!NOTCONNECT!!!NO!!!!!!!!
S!ASSEMBLY_TOP!669 1!IC16!QFP50P1200X1200X120-64N!!QFP50P1200X1200X120-64N!306.3240!172.7200!0.000!NO!LINE!301.3240!177.7200!311.3240!177.7200!0.1000!!!!!NOTCONNECT!!!NO!!!!!!!!
S!ASSEMBLY_TOP!670 1!IC16!QFP50P1200X1200X120-64N!!QFP50P1200X1200X120-64N!306.3240!172.7200!0.000!NO!LINE!311.3240!177.7200!311.3240!167.7200!0.1000!!!!!NOTCONNECT!!!NO!!!!!!!!
S!ASSEMBLY_TOP!671 1!IC16!QFP50P1200X1200X120-64N!!QFP50P1200X1200X120-64N!306.3240!172.7200!0.000!NO!LINE!311.3240!167.7200!301.3240!167.7200!0.1000!!!!!NOTCONNECT!!!NO!!!!!!!!
S!ASSEMBLY_TOP!672 1!IC16!QFP50P1200X1200X120-64N!!QFP50P1200X1200X120-64N!306.3240!172.7200!0.000!NO!LINE!301.3240!167.7200!301.3240!177.7200!0.1000!!!!!NOTCONNECT!!!NO!!!!!!!!
S!ASSEMBLY_TOP!673 1!IC16!QFP50P1200X1200X120-64N!!QFP50P1200X1200X120-64N!306.3240!172.7200!0.000!NO!LINE!301.3240!177.2200!301.8240!177.7200!0.1000!!!!!NOTCONNECT!!!NO!!!!!!!!
S!PLACE_BOUND_TOP!679 1!IC16!QFP50P1200X1200X120-64N!!QFP50P1200X1200X120-64N!306.3240!172.7200!0.000!NO!RECTANGLE!299.5740!165.9700!313.0740!179.4700!1!!!!!!!!NO!!!!!!!!
S!PLACE_BOUND_TOP!687 1!IC14!SOIC127P700X230-16N!!SOIC127P700X230-16N!244.3480!171.1960!0.000!NO!LINE!240.0230!176.7210!248.6730!176.7210!0.0500!!!!!NOTCONNECT!!!NO!!!!!!!!
S!PLACE_BOUND_TOP!688 1!IC14!SOIC127P700X230-16N!!SOIC127P700X230-16N!244.3480!171.1960!0.000!NO!LINE!248.6730!176.7210!248.6730!165.6710!0.0500!!!!!NOTCONNECT!!!NO!!!!!!!!
S!PLACE_BOUND_TOP!689 1!IC14!SOIC127P700X230-16N!!SOIC127P700X230-16N!244.3480!171.1960!0.000!NO!LINE!248.6730!165.6710!240.0230!165.6710!0.0500!!!!!NOTCONNECT!!!NO!!!!!!!!
S!PLACE_BOUND_TOP!690 1!IC14!SOIC127P700X230-16N!!SOIC127P700X230-16N!244.3480!171.1960!0.000!NO!LINE!240.0230!165.6710!240.0230!176.7210!0.0500!!!!!NOTCONNECT!!!NO!!!!!!!!
S!ASSEMBLY_TOP!691 1!IC14!SOIC127P700X230-16N!!SOIC127P700X230-16N!244.3480!171.1960!0.000!NO!LINE!242.0480!176.3710!246.6480!176.3710!0.1000!!!!!NOTCONNECT!!!NO!!!!!!!!
S!ASSEMBLY_TOP!692 1!IC14!SOIC127P700X230-16N!!SOIC127P700X230-16N!244.3480!171.1960!0.000!NO!LINE!246.6480!176.3710!246.6480!166.0210!0.1000!!!!!NOTCONNECT!!!NO!!!!!!!!
S!ASSEMBLY_TOP!693 1!IC14!SOIC127P700X230-16N!!SOIC127P700X230-16N!244.3480!171.1960!0.000!NO!LINE!246.6480!166.0210!242.0480!166.0210!0.1000!!!!!NOTCONNECT!!!NO!!!!!!!!
S!ASSEMBLY_TOP!694 1!IC14!SOIC127P700X230-16N!!SOIC127P700X230-16N!244.3480!171.1960!0.000!NO!LINE!242.0480!166.0210!242.0480!176.3710!0.1000!!!!!NOTCONNECT!!!NO!!!!!!!!
S!ASSEMBLY_TOP!695 1!IC14!SOIC127P700X230-16N!!SOIC127P700X230-16N!244.3480!171.1960!0.000!NO!LINE!242.0480!175.1010!243.3180!176.3710!0.1000!!!!!NOTCONNECT!!!NO!!!!!!!!
S!PLACE_BOUND_TOP!701 1!IC14!SOIC127P700X230-16N!!SOIC127P700X230-16N!244.3480!171.1960!0.000!NO!RECTANGLE!239.9980!165.6460!248.6980!176.7460!1!!!!!!!!NO!!!!!!!!
S!ASSEMBLY_TOP!710 1!IC13!BGA100C50P11X11_600X600X120!!BGA100C50P11X11_600X600X120!244.3480!185.4200!0.000!NO!LINE!241.3480!188.4200!247.3480!188.4200!0.1000!!!!!NOTCONNECT!!!NO!!!!!!!!
S!ASSEMBLY_TOP!711 1!IC13!BGA100C50P11X11_600X600X120!!BGA100C50P11X11_600X600X120!244.3480!185.4200!0.000!NO!LINE!247.3480!188.4200!247.3480!182.4200!0.1000!!!!!NOTCONNECT!!!NO!!!!!!!!
S!ASSEMBLY_TOP!712 1!IC13!BGA100C50P11X11_600X600X120!!BGA100C50P11X11_600X600X120!244.3480!185.4200!0.000!NO!LINE!247.3480!182.4200!241.3480!182.4200!0.1000!!!!!NOTCONNECT!!!NO!!!!!!!!
S!ASSEMBLY_TOP!713 1!IC13!BGA100C50P11X11_600X600X120!!BGA100C50P11X11_600X600X120!244.3480!185.4200!0.000!NO!LINE!241.3480!182.4200!241.3480!188.4200!0.1000!!!!!NOTCONNECT!!!NO!!!!!!!!
S!ASSEMBLY_TOP!714 1!IC13!BGA100C50P11X11_600X600X120!!BGA100C50P11X11_600X600X120!244.3480!185.4200!0.000!NO!LINE!241.3480!186.9200!242.8480!188.4200!0.1000!!!!!NOTCONNECT!!!NO!!!!!!!!
S!PLACE_BOUND_TOP!721 1!IC13!BGA100C50P11X11_600X600X120!!BGA100C50P11X11_600X600X120!244.3480!185.4200!0.000!NO!RECTANGLE!240.3480!181.4200!248.3480!189.4200!1!!!!!!!1.2 MM!NO!!!!!!!!
S!PLACE_BOUND_TOP!730 1!IC15!QFP80P900X900X120-32N!!QFP80P900X900X120-32N!278.3840!171.1960!0.000!NO!LINE!273.1840!176.3960!283.5840!176.3960!0.0500!!!!!NOTCONNECT!!!NO!!!!!!!!
S!PLACE_BOUND_TOP!731 1!IC15!QFP80P900X900X120-32N!!QFP80P900X900X120-32N!278.3840!171.1960!0.000!NO!LINE!283.5840!176.3960!283.5840!165.9960!0.0500!!!!!NOTCONNECT!!!NO!!!!!!!!
S!PLACE_BOUND_TOP!732 1!IC15!QFP80P900X900X120-32N!!QFP80P900X900X120-32N!278.3840!171.1960!0.000!NO!LINE!283.5840!165.9960!273.1840!165.9960!0.0500!!!!!NOTCONNECT!!!NO!!!!!!!!
S!PLACE_BOUND_TOP!733 1!IC15!QFP80P900X900X120-32N!!QFP80P900X900X120-32N!278.3840!171.1960!0.000!NO!LINE!273.1840!165.9960!273.1840!176.3960!0.0500!!!!!NOTCONNECT!!!NO!!!!!!!!
S!ASSEMBLY_TOP!734 1!IC15!QFP80P900X900X120-32N!!QFP80P900X900X120-32N!278.3840!171.1960!0.000!NO!LINE!274.8840!174.6960!281.8840!174.6960!0.1000!!!!!NOTCONNECT!!!NO!!!!!!!!
S!ASSEMBLY_TOP!735 1!IC15!QFP80P900X900X120-32N!!QFP80P900X900X120-32N!278.3840!171.1960!0.000!NO!LINE!281.8840!174.6960!281.8840!167.6960!0.1000!!!!!NOTCONNECT!!!NO!!!!!!!!
S!ASSEMBLY_TOP!736 1!IC15!QFP80P900X900X120-32N!!QFP80P900X900X120-32N!278.3840!171.1960!0.000!NO!LINE!281.8840!167.6960!274.8840!167.6960!0.1000!!!!!NOTCONNECT!!!NO!!!!!!!!
S!ASSEMBLY_TOP!737 1!IC15!QFP80P900X900X120-32N!!QFP80P900X900X120-32N!278.3840!171.1960!0.000!NO!LINE!274.8840!167.6960!274.8840!174.6960!0.1000!!!!!NOTCONNECT!!!NO!!!!!!!!
S!ASSEMBLY_TOP!738 1!IC15!QFP80P900X900X120-32N!!QFP80P900X900X120-32N!278.3840!171.1960!0.000!NO!LINE!274.8840!173.8960!275.6840!174.6960!0.1000!!!!!NOTCONNECT!!!NO!!!!!!!!
S!PLACE_BOUND_TOP!744 1!IC15!QFP80P900X900X120-32N!!QFP80P900X900X120-32N!278.3840!171.1960!0.000!NO!RECTANGLE!273.1590!165.9710!283.6090!176.4210!1!!!!!!!!NO!!!!!!!!
S!PLACE_BOUND_TOP!752 1!IC12!QFP80P900X900X120-32N!!QFP80P900X900X120-32N!266.7000!171.1960!0.000!NO!LINE!261.5000!176.3960!271.9000!176.3960!0.0500!!!!!NOTCONNECT!!!NO!!!!!!!!
S!PLACE_BOUND_TOP!753 1!IC12!QFP80P900X900X120-32N!!QFP80P900X900X120-32N!266.7000!171.1960!0.000!NO!LINE!271.9000!176.3960!271.9000!165.9960!0.0500!!!!!NOTCONNECT!!!NO!!!!!!!!
S!PLACE_BOUND_TOP!754 1!IC12!QFP80P900X900X120-32N!!QFP80P900X900X120-32N!266.7000!171.1960!0.000!NO!LINE!271.9000!165.9960!261.5000!165.9960!0.0500!!!!!NOTCONNECT!!!NO!!!!!!!!
S!PLACE_BOUND_TOP!755 1!IC12!QFP80P900X900X120-32N!!QFP80P900X900X120-32N!266.7000!171.1960!0.000!NO!LINE!261.5000!165.9960!261.5000!176.3960!0.0500!!!!!NOTCONNECT!!!NO!!!!!!!!
S!ASSEMBLY_TOP!756 1!IC12!QFP80P900X900X120-32N!!QFP80P900X900X120-32N!266.7000!171.1960!0.000!NO!LINE!263.2000!174.6960!270.2000!174.6960!0.1000!!!!!NOTCONNECT!!!NO!!!!!!!!
S!ASSEMBLY_TOP!757 1!IC12!QFP80P900X900X120-32N!!QFP80P900X900X120-32N!266.7000!171.1960!0.000!NO!LINE!270.2000!174.6960!270.2000!167.6960!0.1000!!!!!NOTCONNECT!!!NO!!!!!!!!
S!ASSEMBLY_TOP!758 1!IC12!QFP80P900X900X120-32N!!QFP80P900X900X120-32N!266.7000!171.1960!0.000!NO!LINE!270.2000!167.6960!263.2000!167.6960!0.1000!!!!!NOTCONNECT!!!NO!!!!!!!!
S!ASSEMBLY_TOP!759 1!IC12!QFP80P900X900X120-32N!!QFP80P900X900X120-32N!266.7000!171.1960!0.000!NO!LINE!263.2000!167.6960!263.2000!174.6960!0.1000!!!!!NOTCONNECT!!!NO!!!!!!!!
S!ASSEMBLY_TOP!760 1!IC12!QFP80P900X900X120-32N!!QFP80P900X900X120-32N!266.7000!171.1960!0.000!NO!LINE!263.2000!173.8960!264.0000!174.6960!0.1000!!!!!NOTCONNECT!!!NO!!!!!!!!
S!PLACE_BOUND_TOP!766 1!IC12!QFP80P900X900X120-32N!!QFP80P900X900X120-32N!266.7000!171.1960!0.000!NO!RECTANGLE!261.4750!165.9710!271.9250!176.4210!1!!!!!!!!NO!!!!!!!!
S!ASSEMBLY_TOP!774 1!IC11!QFP80P1200X1200X120-44N!!QFP80P1200X1200X120-44N!291.5920!172.7200!0.000!NO!LINE!286.5920!177.7200!296.5920!177.7200!0.1000!!!!!NOTCONNECT!!!NO!!!!!!!!
S!ASSEMBLY_TOP!775 1!IC11!QFP80P1200X1200X120-44N!!QFP80P1200X1200X120-44N!291.5920!172.7200!0.000!NO!LINE!296.5920!177.7200!296.5920!167.7200!0.1000!!!!!NOTCONNECT!!!NO!!!!!!!!
S!ASSEMBLY_TOP!776 1!IC11!QFP80P1200X1200X120-44N!!QFP80P1200X1200X120-44N!291.5920!172.7200!0.000!NO!LINE!296.5920!167.7200!286.5920!167.7200!0.1000!!!!!NOTCONNECT!!!NO!!!!!!!!
S!ASSEMBLY_TOP!777 1!IC11!QFP80P1200X1200X120-44N!!QFP80P1200X1200X120-44N!291.5920!172.7200!0.000!NO!LINE!286.5920!167.7200!286.5920!177.7200!0.1000!!!!!NOTCONNECT!!!NO!!!!!!!!
S!ASSEMBLY_TOP!778 1!IC11!QFP80P1200X1200X120-44N!!QFP80P1200X1200X120-44N!291.5920!172.7200!0.000!NO!LINE!286.5920!176.9200!287.3920!177.7200!0.1000!!!!!NOTCONNECT!!!NO!!!!!!!!
S!PLACE_BOUND_TOP!784 1!IC11!QFP80P1200X1200X120-44N!!QFP80P1200X1200X120-44N!291.5920!172.7200!0.000!NO!RECTANGLE!284.8670!165.9950!298.3170!179.4450!1!!!!!!!1.2 MM!NO!!!!!!!!
S!PLACE_BOUND_TOP!793 1!IC10!QFP50P900X900X160-48N!!QFP50P900X900X160-48N!255.0160!171.1960!0.000!NO!LINE!249.7910!176.4210!260.2410!176.4210!0.0500!!!!!NOTCONNECT!!!NO!!!!!!!!
S!PLACE_BOUND_TOP!794 1!IC10!QFP50P900X900X160-48N!!QFP50P900X900X160-48N!255.0160!171.1960!0.000!NO!LINE!260.2410!176.4210!260.2410!165.9710!0.0500!!!!!NOTCONNECT!!!NO!!!!!!!!
S!PLACE_BOUND_TOP!795 1!IC10!QFP50P900X900X160-48N!!QFP50P900X900X160-48N!255.0160!171.1960!0.000!NO!LINE!260.2410!165.9710!249.7910!165.9710!0.0500!!!!!NOTCONNECT!!!NO!!!!!!!!
S!PLACE_BOUND_TOP!796 1!IC10!QFP50P900X900X160-48N!!QFP50P900X900X160-48N!255.0160!171.1960!0.000!NO!LINE!249.7910!165.9710!249.7910!176.4210!0.0500!!!!!NOTCONNECT!!!NO!!!!!!!!
S!ASSEMBLY_TOP!797 1!IC10!QFP50P900X900X160-48N!!QFP50P900X900X160-48N!255.0160!171.1960!0.000!NO!LINE!251.5160!174.6960!258.5160!174.6960!0.1000!!!!!NOTCONNECT!!!NO!!!!!!!!
S!ASSEMBLY_TOP!798 1!IC10!QFP50P900X900X160-48N!!QFP50P900X900X160-48N!255.0160!171.1960!0.000!NO!LINE!258.5160!174.6960!258.5160!167.6960!0.1000!!!!!NOTCONNECT!!!NO!!!!!!!!
S!ASSEMBLY_TOP!799 1!IC10!QFP50P900X900X160-48N!!QFP50P900X900X160-48N!255.0160!171.1960!0.000!NO!LINE!258.5160!167.6960!251.5160!167.6960!0.1000!!!!!NOTCONNECT!!!NO!!!!!!!!
S!ASSEMBLY_TOP!800 1!IC10!QFP50P900X900X160-48N!!QFP50P900X900X160-48N!255.0160!171.1960!0.000!NO!LINE!251.5160!167.6960!251.5160!174.6960!0.1000!!!!!NOTCONNECT!!!NO!!!!!!!!
S!ASSEMBLY_TOP!801 1!IC10!QFP50P900X900X160-48N!!QFP50P900X900X160-48N!255.0160!171.1960!0.000!NO!LINE!251.5160!174.1960!252.0160!174.6960!0.1000!!!!!NOTCONNECT!!!NO!!!!!!!!
S!PLACE_BOUND_TOP!807 1!IC10!QFP50P900X900X160-48N!!QFP50P900X900X160-48N!255.0160!171.1960!0.000!NO!RECTANGLE!249.7660!165.9460!260.2660!176.4460!1!!!!!!!!NO!!!!!!!!
S!ASSEMBLY_TOP!815 1!IC8!QFP50P1200X1200X160-64N!!QFP50P1200X1200X160-64N!255.5240!187.9600!0.000!NO!LINE!250.5240!192.9600!260.5240!192.9600!0.1000!!!!!NOTCONNECT!!!NO!!!!!!!!
S!ASSEMBLY_TOP!816 1!IC8!QFP50P1200X1200X160-64N!!QFP50P1200X1200X160-64N!255.5240!187.9600!0.000!NO!LINE!260.5240!192.9600!260.5240!182.9600!0.1000!!!!!NOTCONNECT!!!NO!!!!!!!!
S!ASSEMBLY_TOP!817 1!IC8!QFP50P1200X1200X160-64N!!QFP50P1200X1200X160-64N!255.5240!187.9600!0.000!NO!LINE!260.5240!182.9600!250.5240!182.9600!0.1000!!!!!NOTCONNECT!!!NO!!!!!!!!
S!ASSEMBLY_TOP!818 1!IC8!QFP50P1200X1200X160-64N!!QFP50P1200X1200X160-64N!255.5240!187.9600!0.000!NO!LINE!250.5240!182.9600!250.5240!192.9600!0.1000!!!!!NOTCONNECT!!!NO!!!!!!!!
S!ASSEMBLY_TOP!819 1!IC8!QFP50P1200X1200X160-64N!!QFP50P1200X1200X160-64N!255.5240!187.9600!0.000!NO!LINE!250.5240!192.4600!251.0240!192.9600!0.1000!!!!!NOTCONNECT!!!NO!!!!!!!!
S!PLACE_BOUND_TOP!825 1!IC8!QFP50P1200X1200X160-64N!!QFP50P1200X1200X160-64N!255.5240!187.9600!0.000!NO!RECTANGLE!248.7990!181.2350!262.2490!194.6850!1!!!!!!!1.6 MM!NO!!!!!!!!
S!ASSEMBLY_TOP!833 1!J3!95278401A10LF!!95278401A10LF!104.3940!179.1970!180.000!NO!LINE!110.7440!179.1970!110.7440!181.6120!0.1000!!!!!NOTCONNECT!!!NO!!!!!!!!
S!ASSEMBLY_TOP!834 1!J3!95278401A10LF!!95278401A10LF!104.3940!179.1970!180.000!NO!LINE!110.7440!181.6120!108.2040!181.6120!0.1000!!!!!NOTCONNECT!!!NO!!!!!!!!
S!ASSEMBLY_TOP!835 1!J3!95278401A10LF!!95278401A10LF!104.3940!179.1970!180.000!NO!LINE!108.2040!181.6120!108.2040!181.9470!0.1000!!!!!NOTCONNECT!!!NO!!!!!!!!
S!ASSEMBLY_TOP!836 1!J3!95278401A10LF!!95278401A10LF!104.3940!179.1970!180.000!NO!LINE!108.2040!181.9470!100.5840!181.9470!0.1000!!!!!NOTCONNECT!!!NO!!!!!!!!
S!ASSEMBLY_TOP!837 1!J3!95278401A10LF!!95278401A10LF!104.3940!179.1970!180.000!NO!LINE!100.5840!181.9470!100.5840!181.6120!0.1000!!!!!NOTCONNECT!!!NO!!!!!!!!
S!ASSEMBLY_TOP!838 1!J3!95278401A10LF!!95278401A10LF!104.3940!179.1970!180.000!NO!LINE!100.5840!181.6120!98.0440!181.6120!0.1000!!!!!NOTCONNECT!!!NO!!!!!!!!
S!ASSEMBLY_TOP!839 1!J3!95278401A10LF!!95278401A10LF!104.3940!179.1970!180.000!NO!LINE!98.0440!181.6120!98.0440!176.7820!0.1000!!!!!NOTCONNECT!!!NO!!!!!!!!
S!ASSEMBLY_TOP!840 1!J3!95278401A10LF!!95278401A10LF!104.3940!179.1970!180.000!NO!LINE!98.0440!176.7820!100.5840!176.7820!0.1000!!!!!NOTCONNECT!!!NO!!!!!!!!
S!ASSEMBLY_TOP!841 1!J3!95278401A10LF!!95278401A10LF!104.3940!179.1970!180.000!NO!LINE!100.5840!176.7820!100.5840!176.4670!0.1000!!!!!NOTCONNECT!!!NO!!!!!!!!
S!ASSEMBLY_TOP!842 1!J3!95278401A10LF!!95278401A10LF!104.3940!179.1970!180.000!NO!LINE!100.5840!176.4670!108.2040!176.4470!0.1000!!!!!NOTCONNECT!!!NO!!!!!!!!
S!ASSEMBLY_TOP!843 1!J3!95278401A10LF!!95278401A10LF!104.3940!179.1970!180.000!NO!LINE!108.2040!176.4470!108.2040!176.7820!0.1000!!!!!NOTCONNECT!!!NO!!!!!!!!
S!ASSEMBLY_TOP!844 1!J3!95278401A10LF!!95278401A10LF!104.3940!179.1970!180.000!NO!LINE!108.2040!176.7820!110.7440!176.7820!0.1000!!!!!NOTCONNECT!!!NO!!!!!!!!
S!ASSEMBLY_TOP!845 1!J3!95278401A10LF!!95278401A10LF!104.3940!179.1970!180.000!NO!LINE!110.7440!176.7820!110.7440!179.1970!0.1000!!!!!NOTCONNECT!!!NO!!!!!!!!
S!PLACE_BOUND_TOP!850 1 0!J3!95278401A10LF!!95278401A10LF!104.3940!179.1970!180.000!NO!LINE!111.7440!184.1970!97.0440!184.1970!0.0000!!!!!SHAPE!!10 MM!NO!!!!!!!!
S!PLACE_BOUND_TOP!850 2 0!J3!95278401A10LF!!95278401A10LF!104.3940!179.1970!180.000!NO!LINE!97.0440!184.1970!97.0440!174.1970!0.0000!!!!!SHAPE!!10 MM!NO!!!!!!!!
S!PLACE_BOUND_TOP!850 3 0!J3!95278401A10LF!!95278401A10LF!104.3940!179.1970!180.000!NO!LINE!97.0440!174.1970!111.7440!174.1970!0.0000!!!!!SHAPE!!10 MM!NO!!!!!!!!
S!PLACE_BOUND_TOP!850 4 0!J3!95278401A10LF!!95278401A10LF!104.3940!179.1970!180.000!NO!LINE!111.7440!174.1970!111.7440!184.1970!0.0000!!!!!SHAPE!!10 MM!NO!!!!!!!!
S!ASSEMBLY_TOP!858 1!J2!95278401A10LF!!95278401A10LF!119.3800!179.3240!180.000!NO!LINE!125.7300!179.3240!125.7300!181.7390!0.1000!!!!!NOTCONNECT!!!NO!!!!!!!!
S!ASSEMBLY_TOP!859 1!J2!95278401A10LF!!95278401A10LF!119.3800!179.3240!180.000!NO!LINE!125.7300!181.7390!123.1900!181.7390!0.1000!!!!!NOTCONNECT!!!NO!!!!!!!!
S!ASSEMBLY_TOP!860 1!J2!95278401A10LF!!95278401A10LF!119.3800!179.3240!180.000!NO!LINE!123.1900!181.7390!123.1900!182.0740!0.1000!!!!!NOTCONNECT!!!NO!!!!!!!!
S!ASSEMBLY_TOP!861 1!J2!95278401A10LF!!95278401A10LF!119.3800!179.3240!180.000!NO!LINE!123.1900!182.0740!115.5700!182.0740!0.1000!!!!!NOTCONNECT!!!NO!!!!!!!!
S!ASSEMBLY_TOP!862 1!J2!95278401A10LF!!95278401A10LF!119.3800!179.3240!180.000!NO!LINE!115.5700!182.0740!115.5700!181.7390!0.1000!!!!!NOTCONNECT!!!NO!!!!!!!!
S!ASSEMBLY_TOP!863 1!J2!95278401A10LF!!95278401A10LF!119.3800!179.3240!180.000!NO!LINE!115.5700!181.7390!113.0300!181.7390!0.1000!!!!!NOTCONNECT!!!NO!!!!!!!!
S!ASSEMBLY_TOP!864 1!J2!95278401A10LF!!95278401A10LF!119.3800!179.3240!180.000!NO!LINE!113.0300!181.7390!113.0300!176.9090!0.1000!!!!!NOTCONNECT!!!NO!!!!!!!!
S!ASSEMBLY_TOP!865 1!J2!95278401A10LF!!95278401A10LF!119.3800!179.3240!180.000!NO!LINE!113.0300!176.9090!115.5700!176.9090!0.1000!!!!!NOTCONNECT!!!NO!!!!!!!!
S!ASSEMBLY_TOP!866 1!J2!95278401A10LF!!95278401A10LF!119.3800!179.3240!180.000!NO!LINE!115.5700!176.9090!115.5700!176.5940!0.1000!!!!!NOTCONNECT!!!NO!!!!!!!!
S!ASSEMBLY_TOP!867 1!J2!95278401A10LF!!95278401A10LF!119.3800!179.3240!180.000!NO!LINE!115.5700!176.5940!123.1900!176.5740!0.1000!!!!!NOTCONNECT!!!NO!!!!!!!!
S!ASSEMBLY_TOP!868 1!J2!95278401A10LF!!95278401A10LF!119.3800!179.3240!180.000!NO!LINE!123.1900!176.5740!123.1900!176.9090!0.1000!!!!!NOTCONNECT!!!NO!!!!!!!!
S!ASSEMBLY_TOP!869 1!J2!95278401A10LF!!95278401A10LF!119.3800!179.3240!180.000!NO!LINE!123.1900!176.9090!125.7300!176.9090!0.1000!!!!!NOTCONNECT!!!NO!!!!!!!!
S!ASSEMBLY_TOP!870 1!J2!95278401A10LF!!95278401A10LF!119.3800!179.3240!180.000!NO!LINE!125.7300!176.9090!125.7300!179.3240!0.1000!!!!!NOTCONNECT!!!NO!!!!!!!!
S!PLACE_BOUND_TOP!875 1 0!J2!95278401A10LF!!95278401A10LF!119.3800!179.3240!180.000!NO!LINE!126.7300!184.3240!112.0300!184.3240!0.0000!!!!!SHAPE!!10 MM!NO!!!!!!!!
S!PLACE_BOUND_TOP!875 2 0!J2!95278401A10LF!!95278401A10LF!119.3800!179.3240!180.000!NO!LINE!112.0300!184.3240!112.0300!174.3240!0.0000!!!!!SHAPE!!10 MM!NO!!!!!!!!
S!PLACE_BOUND_TOP!875 3 0!J2!95278401A10LF!!95278401A10LF!119.3800!179.3240!180.000!NO!LINE!112.0300!174.3240!126.7300!174.3240!0.0000!!!!!SHAPE!!10 MM!NO!!!!!!!!
S!PLACE_BOUND_TOP!875 4 0!J2!95278401A10LF!!95278401A10LF!119.3800!179.3240!180.000!NO!LINE!126.7300!174.3240!126.7300!184.3240!0.0000!!!!!SHAPE!!10 MM!NO!!!!!!!!
S!ASSEMBLY_TOP!881 1!R1!MMA02040E1001BB300!!MMA02040E1001BB300!132.0000!188.0000!0.000!NO!LINE!130.2000!188.7000!133.8000!188.7000!0.2000!!!!!NOTCONNECT!!!NO!!!!!!!!
S!ASSEMBLY_TOP!882 1!R1!MMA02040E1001BB300!!MMA02040E1001BB300!132.0000!188.0000!0.000!NO!LINE!133.8000!188.7000!133.8000!187.3000!0.2000!!!!!NOTCONNECT!!!NO!!!!!!!!
S!ASSEMBLY_TOP!883 1!R1!MMA02040E1001BB300!!MMA02040E1001BB300!132.0000!188.0000!0.000!NO!LINE!133.8000!187.3000!130.2000!187.3000!0.2000!!!!!NOTCONNECT!!!NO!!!!!!!!
S!ASSEMBLY_TOP!884 1!R1!MMA02040E1001BB300!!MMA02040E1001BB300!132.0000!188.0000!0.000!NO!LINE!130.2000!187.3000!130.2000!188.7000!0.2000!!!!!NOTCONNECT!!!NO!!!!!!!!
S!PLACE_BOUND_TOP!885 1!R1!MMA02040E1001BB300!!MMA02040E1001BB300!132.0000!188.0000!0.000!NO!LINE!128.9500!189.8000!135.0500!189.8000!0.1000!!!!!NOTCONNECT!!!NO!!!!!!!!
S!PLACE_BOUND_TOP!886 1!R1!MMA02040E1001BB300!!MMA02040E1001BB300!132.0000!188.0000!0.000!NO!LINE!135.0500!189.8000!135.0500!186.2000!0.1000!!!!!NOTCONNECT!!!NO!!!!!!!!
S!PLACE_BOUND_TOP!887 1!R1!MMA02040E1001BB300!!MMA02040E1001BB300!132.0000!188.0000!0.000!NO!LINE!135.0500!186.2000!128.9500!186.2000!0.1000!!!!!NOTCONNECT!!!NO!!!!!!!!
S!PLACE_BOUND_TOP!888 1!R1!MMA02040E1001BB300!!MMA02040E1001BB300!132.0000!188.0000!0.000!NO!LINE!128.9500!186.2000!128.9500!189.8000!0.1000!!!!!NOTCONNECT!!!NO!!!!!!!!
S!PLACE_BOUND_TOP!891 1!R1!MMA02040E1001BB300!!MMA02040E1001BB300!132.0000!188.0000!0.000!NO!RECTANGLE!128.9000!186.1500!135.1000!189.8500!1!!!!!!!!NO!!!!!!!!
S!ASSEMBLY_TOP!899 1!Q4!IRFS7530TRL7PP!!IRFS7530TRL7PP!209.8040!175.2600!0.000!NO!LINE!204.7560!181.3450!214.8520!181.3450!0.1000!!!!!NOTCONNECT!!!NO!!!!!!!!
S!ASSEMBLY_TOP!900 1!Q4!IRFS7530TRL7PP!!IRFS7530TRL7PP!209.8040!175.2600!0.000!NO!LINE!214.8520!181.3450!214.8520!172.3300!0.1000!!!!!NOTCONNECT!!!NO!!!!!!!!
S!ASSEMBLY_TOP!901 1!Q4!IRFS7530TRL7PP!!IRFS7530TRL7PP!209.8040!175.2600!0.000!NO!LINE!214.8520!172.3300!204.7560!172.3300!0.1000!!!!!NOTCONNECT!!!NO!!!!!!!!
S!ASSEMBLY_TOP!902 1!Q4!IRFS7530TRL7PP!!IRFS7530TRL7PP!209.8040!175.2600!0.000!NO!LINE!204.7560!172.3300!204.7560!181.3450!0.1000!!!!!NOTCONNECT!!!NO!!!!!!!!
S!PLACE_BOUND_TOP!908 1!Q4!IRFS7530TRL7PP!!IRFS7530TRL7PP!209.8040!175.2600!0.000!NO!RECTANGLE!203.4040!165.8750!216.2040!184.0250!1!!!!!!!5.084 MM!NO!!!!!!!!
S!ASSEMBLY_TOP!914 1!LED1!XPGDWTQ1000000XPP!!XPGDWTQ1000000XPP!138.6840!188.9760!0.000!NO!LINE!136.9590!187.2510!140.4090!187.2510!0.1000!!!!!NOTCONNECT!!!NO!!!!!!!!
S!ASSEMBLY_TOP!915 1!LED1!XPGDWTQ1000000XPP!!XPGDWTQ1000000XPP!138.6840!188.9760!0.000!NO!LINE!140.4090!187.2510!140.4090!190.7010!0.1000!!!!!NOTCONNECT!!!NO!!!!!!!!
S!ASSEMBLY_TOP!916 1!LED1!XPGDWTQ1000000XPP!!XPGDWTQ1000000XPP!138.6840!188.9760!0.000!NO!LINE!140.4090!190.7010!136.9590!190.7010!0.1000!!!!!NOTCONNECT!!!NO!!!!!!!!
S!ASSEMBLY_TOP!917 1!LED1!XPGDWTQ1000000XPP!!XPGDWTQ1000000XPP!138.6840!188.9760!0.000!NO!LINE!136.9590!190.7010!136.9590!187.2510!0.1000!!!!!NOTCONNECT!!!NO!!!!!!!!
S!PLACE_BOUND_TOP!920 1!LED1!XPGDWTQ1000000XPP!!XPGDWTQ1000000XPP!138.6840!188.9760!0.000!NO!RECTANGLE!135.9590!186.2510!141.4090!191.7010!1!!!!!!!2.39 MM!NO!!!!!!!!
S!PLACE_BOUND_TOP!929 1!IC7!SOP64P601X175-28N!!SOP64P601X175-28N!235.2040!171.1960!0.000!NO!LINE!231.4790!176.4370!238.9290!176.4370!0.0500!!!!!NOTCONNECT!!!NO!!!!!!!!
S!PLACE_BOUND_TOP!930 1!IC7!SOP64P601X175-28N!!SOP64P601X175-28N!235.2040!171.1960!0.000!NO!LINE!238.9290!176.4370!238.9290!165.9550!0.0500!!!!!NOTCONNECT!!!NO!!!!!!!!
S!PLACE_BOUND_TOP!931 1!IC7!SOP64P601X175-28N!!SOP64P601X175-28N!235.2040!171.1960!0.000!NO!LINE!238.9290!165.9550!231.4790!165.9550!0.0500!!!!!NOTCONNECT!!!NO!!!!!!!!
S!PLACE_BOUND_TOP!932 1!IC7!SOP64P601X175-28N!!SOP64P601X175-28N!235.2040!171.1960!0.000!NO!LINE!231.4790!165.9550!231.4790!176.4370!0.0500!!!!!NOTCONNECT!!!NO!!!!!!!!
S!ASSEMBLY_TOP!933 1!IC7!SOP64P601X175-28N!!SOP64P601X175-28N!235.2040!171.1960!0.000!NO!LINE!233.2540!176.1420!237.1540!176.1420!0.1000!!!!!NOTCONNECT!!!NO!!!!!!!!
S!ASSEMBLY_TOP!934 1!IC7!SOP64P601X175-28N!!SOP64P601X175-28N!235.2040!171.1960!0.000!NO!LINE!237.1540!176.1420!237.1540!166.2500!0.1000!!!!!NOTCONNECT!!!NO!!!!!!!!
S!ASSEMBLY_TOP!935 1!IC7!SOP64P601X175-28N!!SOP64P601X175-28N!235.2040!171.1960!0.000!NO!LINE!237.1540!166.2500!233.2540!166.2500!0.1000!!!!!NOTCONNECT!!!NO!!!!!!!!
S!ASSEMBLY_TOP!936 1!IC7!SOP64P601X175-28N!!SOP64P601X175-28N!235.2040!171.1960!0.000!NO!LINE!233.2540!166.2500!233.2540!176.1420!0.1000!!!!!NOTCONNECT!!!NO!!!!!!!!
S!ASSEMBLY_TOP!937 1!IC7!SOP64P601X175-28N!!SOP64P601X175-28N!235.2040!171.1960!0.000!NO!LINE!233.2540!175.5080!233.8900!176.1420!0.1000!!!!!NOTCONNECT!!!NO!!!!!!!!
S!PLACE_BOUND_TOP!943 1!IC7!SOP64P601X175-28N!!SOP64P601X175-28N!235.2040!171.1960!0.000!NO!RECTANGLE!231.4540!165.9300!238.9540!176.4620!1!!!!!!!!NO!!!!!!!!
S!ASSEMBLY_TOP!951 1!IC6!NCP5663DSADJR4G!!NCP5663DSADJR4G!224.0280!181.8640!270.000!NO!LINE!229.0380!181.8640!229.0380!172.5170!0.2000!!!!!NOTCONNECT!!!NO!!!!!!!!
S!ASSEMBLY_TOP!952 1!IC6!NCP5663DSADJR4G!!NCP5663DSADJR4G!224.0280!181.8640!270.000!NO!LINE!229.0380!172.5170!219.0180!172.5170!0.2000!!!!!NOTCONNECT!!!NO!!!!!!!!
S!ASSEMBLY_TOP!953 1!IC6!NCP5663DSADJR4G!!NCP5663DSADJR4G!224.0280!181.8640!270.000!NO!LINE!219.0180!172.5170!219.0180!181.8640!0.2000!!!!!NOTCONNECT!!!NO!!!!!!!!
S!ASSEMBLY_TOP!954 1!IC6!NCP5663DSADJR4G!!NCP5663DSADJR4G!224.0280!181.8640!270.000!NO!LINE!219.0180!181.8640!229.0380!181.8640!0.2000!!!!!NOTCONNECT!!!NO!!!!!!!!
S!PLACE_BOUND_TOP!955 1!IC6!NCP5663DSADJR4G!!NCP5663DSADJR4G!224.0280!181.8640!270.000!NO!LINE!230.3580!184.6590!230.3580!166.0640!0.1000!!!!!NOTCONNECT!!!NO!!!!!!!!
S!PLACE_BOUND_TOP!956 1!IC6!NCP5663DSADJR4G!!NCP5663DSADJR4G!224.0280!181.8640!270.000!NO!LINE!230.3580!166.0640!217.6980!166.0640!0.1000!!!!!NOTCONNECT!!!NO!!!!!!!!
S!PLACE_BOUND_TOP!957 1!IC6!NCP5663DSADJR4G!!NCP5663DSADJR4G!224.0280!181.8640!270.000!NO!LINE!217.6980!166.0640!217.6980!184.6590!0.1000!!!!!NOTCONNECT!!!NO!!!!!!!!
S!PLACE_BOUND_TOP!958 1!IC6!NCP5663DSADJR4G!!NCP5663DSADJR4G!224.0280!181.8640!270.000!NO!LINE!217.6980!184.6590!230.3580!184.6590!0.1000!!!!!NOTCONNECT!!!NO!!!!!!!!
S!PLACE_BOUND_TOP!964 1 0!IC6!NCP5663DSADJR4G!!NCP5663DSADJR4G!224.0280!181.8640!270.000!NO!LINE!217.6480!184.7090!217.6480!166.0140!0.0000!!!!!SHAPE!!!NO!!!!!!!!
S!PLACE_BOUND_TOP!964 2 0!IC6!NCP5663DSADJR4G!!NCP5663DSADJR4G!224.0280!181.8640!270.000!NO!LINE!217.6480!166.0140!230.4080!166.0140!0.0000!!!!!SHAPE!!!NO!!!!!!!!
S!PLACE_BOUND_TOP!964 3 0!IC6!NCP5663DSADJR4G!!NCP5663DSADJR4G!224.0280!181.8640!270.000!NO!LINE!230.4080!166.0140!230.4080!184.7090!0.0000!!!!!SHAPE!!!NO!!!!!!!!
S!PLACE_BOUND_TOP!964 4 0!IC6!NCP5663DSADJR4G!!NCP5663DSADJR4G!224.0280!181.8640!270.000!NO!LINE!230.4080!184.7090!217.6480!184.7090!0.0000!!!!!SHAPE!!!NO!!!!!!!!
S!ASSEMBLY_TOP!975 1!IC5!AP738133Y13!!AP738133Y13!179.3240!187.9600!0.000!NO!LINE!177.0740!190.6100!181.5740!190.6100!0.2000!!!!!NOTCONNECT!!!NO!!!!!!!!
S!ASSEMBLY_TOP!976 1!IC5!AP738133Y13!!AP738133Y13!179.3240!187.9600!0.000!NO!LINE!181.5740!190.6100!181.5740!188.1600!0.2000!!!!!NOTCONNECT!!!NO!!!!!!!!
S!ASSEMBLY_TOP!977 1!IC5!AP738133Y13!!AP738133Y13!179.3240!187.9600!0.000!NO!LINE!181.5740!188.1600!177.0740!188.1600!0.2000!!!!!NOTCONNECT!!!NO!!!!!!!!
S!ASSEMBLY_TOP!978 1!IC5!AP738133Y13!!AP738133Y13!179.3240!187.9600!0.000!NO!LINE!177.0740!188.1600!177.0740!190.6100!0.2000!!!!!NOTCONNECT!!!NO!!!!!!!!
S!PLACE_BOUND_TOP!979 1!IC5!AP738133Y13!!AP738133Y13!179.3240!187.9600!0.000!NO!LINE!176.0740!192.5160!182.5740!192.5160!0.1000!!!!!NOTCONNECT!!!NO!!!!!!!!
S!PLACE_BOUND_TOP!980 1!IC5!AP738133Y13!!AP738133Y13!179.3240!187.9600!0.000!NO!LINE!182.5740!192.5160!182.5740!185.9160!0.1000!!!!!NOTCONNECT!!!NO!!!!!!!!
S!PLACE_BOUND_TOP!981 1!IC5!AP738133Y13!!AP738133Y13!179.3240!187.9600!0.000!NO!LINE!182.5740!185.9160!176.0740!185.9160!0.1000!!!!!NOTCONNECT!!!NO!!!!!!!!
S!PLACE_BOUND_TOP!982 1!IC5!AP738133Y13!!AP738133Y13!179.3240!187.9600!0.000!NO!LINE!176.0740!185.9160!176.0740!192.5160!0.1000!!!!!NOTCONNECT!!!NO!!!!!!!!
S!PLACE_BOUND_TOP!991 1!IC5!AP738133Y13!!AP738133Y13!179.3240!187.9600!0.000!NO!RECTANGLE!176.0240!185.8660!182.6240!192.5660!1!!!!!!!!NO!!!!!!!!
S!ASSEMBLY_TOP!999 1!IC4!SOP50P310X100-8N!!SOP50P310X100-8N!237.7440!182.8800!0.000!NO!LINE!236.5940!183.8800!238.8940!183.8800!0.1000!!!!!NOTCONNECT!!!NO!!!!!!!!
S!ASSEMBLY_TOP!1000 1!IC4!SOP50P310X100-8N!!SOP50P310X100-8N!237.7440!182.8800!0.000!NO!LINE!238.8940!183.8800!238.8940!181.8800!0.1000!!!!!NOTCONNECT!!!NO!!!!!!!!
S!ASSEMBLY_TOP!1001 1!IC4!SOP50P310X100-8N!!SOP50P310X100-8N!237.7440!182.8800!0.000!NO!LINE!238.8940!181.8800!236.5940!181.8800!0.1000!!!!!NOTCONNECT!!!NO!!!!!!!!
S!ASSEMBLY_TOP!1002 1!IC4!SOP50P310X100-8N!!SOP50P310X100-8N!237.7440!182.8800!0.000!NO!LINE!236.5940!181.8800!236.5940!183.8800!0.1000!!!!!NOTCONNECT!!!NO!!!!!!!!
S!ASSEMBLY_TOP!1003 1!IC4!SOP50P310X100-8N!!SOP50P310X100-8N!237.7440!182.8800!0.000!NO!LINE!236.5940!183.3800!237.0940!183.8800!0.1000!!!!!NOTCONNECT!!!NO!!!!!!!!
S!PLACE_BOUND_TOP!1009 1!IC4!SOP50P310X100-8N!!SOP50P310X100-8N!237.7440!182.8800!0.000!NO!RECTANGLE!235.4940!181.5800!239.9940!184.1800!1!!!!!!!1 MM!NO!!!!!!!!
S!PLACE_BOUND_TOP!1015 1!D2!DIOM7959X262N!!DIOM7959X262N!156.9720!189.4840!0.000!NO!LINE!152.1220!192.8440!161.8220!192.8440!0.0500!!!!!NOTCONNECT!!!NO!!!!!!!!
S!PLACE_BOUND_TOP!1016 1!D2!DIOM7959X262N!!DIOM7959X262N!156.9720!189.4840!0.000!NO!LINE!161.8220!192.8440!161.8220!186.1240!0.0500!!!!!NOTCONNECT!!!NO!!!!!!!!
S!PLACE_BOUND_TOP!1017 1!D2!DIOM7959X262N!!DIOM7959X262N!156.9720!189.4840!0.000!NO!LINE!161.8220!186.1240!152.1220!186.1240!0.0500!!!!!NOTCONNECT!!!NO!!!!!!!!
S!PLACE_BOUND_TOP!1018 1!D2!DIOM7959X262N!!DIOM7959X262N!156.9720!189.4840!0.000!NO!LINE!152.1220!186.1240!152.1220!192.8440!0.0500!!!!!NOTCONNECT!!!NO!!!!!!!!
S!ASSEMBLY_TOP!1019 1!D2!DIOM7959X262N!!DIOM7959X262N!156.9720!189.4840!0.000!NO!LINE!153.0020!192.4360!160.9420!192.4360!0.1000!!!!!NOTCONNECT!!!NO!!!!!!!!
S!ASSEMBLY_TOP!1020 1!D2!DIOM7959X262N!!DIOM7959X262N!156.9720!189.4840!0.000!NO!LINE!160.9420!192.4360!160.9420!186.5320!0.1000!!!!!NOTCONNECT!!!NO!!!!!!!!
S!ASSEMBLY_TOP!1021 1!D2!DIOM7959X262N!!DIOM7959X262N!156.9720!189.4840!0.000!NO!LINE!160.9420!186.5320!153.0020!186.5320!0.1000!!!!!NOTCONNECT!!!NO!!!!!!!!
S!ASSEMBLY_TOP!1022 1!D2!DIOM7959X262N!!DIOM7959X262N!156.9720!189.4840!0.000!NO!LINE!153.0020!186.5320!153.0020!192.4360!0.1000!!!!!NOTCONNECT!!!NO!!!!!!!!
S!ASSEMBLY_TOP!1023 1!D2!DIOM7959X262N!!DIOM7959X262N!156.9720!189.4840!0.000!NO!LINE!153.0020!191.3360!154.1020!192.4360!0.1000!!!!!NOTCONNECT!!!NO!!!!!!!!
S!PLACE_BOUND_TOP!1026 1!D2!DIOM7959X262N!!DIOM7959X262N!156.9720!189.4840!0.000!NO!RECTANGLE!152.0970!186.0990!161.8470!192.8690!1!!!!!!!!NO!!!!!!!!
S!ASSEMBLY_TOP!1031 1!D1!ZM4748AL0!!ZM4748AL0!146.8120!188.4680!0.000!NO!LINE!144.2370!189.6980!149.3870!189.6980!0.2000!!!!!NOTCONNECT!!!NO!!!!!!!!
S!ASSEMBLY_TOP!1032 1!D1!ZM4748AL0!!ZM4748AL0!146.8120!188.4680!0.000!NO!LINE!149.3870!189.6980!149.3870!187.2380!0.2000!!!!!NOTCONNECT!!!NO!!!!!!!!
S!ASSEMBLY_TOP!1033 1!D1!ZM4748AL0!!ZM4748AL0!146.8120!188.4680!0.000!NO!LINE!149.3870!187.2380!144.2370!187.2380!0.2000!!!!!NOTCONNECT!!!NO!!!!!!!!
S!ASSEMBLY_TOP!1034 1!D1!ZM4748AL0!!ZM4748AL0!146.8120!188.4680!0.000!NO!LINE!144.2370!187.2380!144.2370!189.6980!0.2000!!!!!NOTCONNECT!!!NO!!!!!!!!
S!PLACE_BOUND_TOP!1035 1!D1!ZM4748AL0!!ZM4748AL0!146.8120!188.4680!0.000!NO!LINE!142.6620!190.8180!150.9620!190.8180!0.1000!!!!!NOTCONNECT!!!NO!!!!!!!!
S!PLACE_BOUND_TOP!1036 1!D1!ZM4748AL0!!ZM4748AL0!146.8120!188.4680!0.000!NO!LINE!150.9620!190.8180!150.9620!186.1180!0.1000!!!!!NOTCONNECT!!!NO!!!!!!!!
S!PLACE_BOUND_TOP!1037 1!D1!ZM4748AL0!!ZM4748AL0!146.8120!188.4680!0.000!NO!LINE!150.9620!186.1180!142.6620!186.1180!0.1000!!!!!NOTCONNECT!!!NO!!!!!!!!
S!PLACE_BOUND_TOP!1038 1!D1!ZM4748AL0!!ZM4748AL0!146.8120!188.4680!0.000!NO!LINE!142.6620!186.1180!142.6620!190.8180!0.1000!!!!!NOTCONNECT!!!NO!!!!!!!!
S!PLACE_BOUND_TOP!1041 1!D1!ZM4748AL0!!ZM4748AL0!146.8120!188.4680!0.000!NO!RECTANGLE!142.6120!186.0680!151.0120!190.8680!1!!!!!!!!NO!!!!!!!!
S!ASSEMBLY_TOP!1045 1!Q3!SOT50P160X90-3N!!SOT50P160X90-3N!173.7360!187.4520!90.000!NO!LINE!172.9359!187.0520!172.9359!187.8520!0.1001!!!!!NOTCONNECT!!!NO!!!!!!!!
S!ASSEMBLY_TOP!1046 1!Q3!SOT50P160X90-3N!!SOT50P160X90-3N!173.7360!187.4520!90.000!NO!LINE!172.9359!187.8520!174.5361!187.8520!0.1001!!!!!NOTCONNECT!!!NO!!!!!!!!
S!ASSEMBLY_TOP!1047 1!Q3!SOT50P160X90-3N!!SOT50P160X90-3N!173.7360!187.4520!90.000!NO!LINE!174.5361!187.8520!174.5361!187.0520!0.1001!!!!!NOTCONNECT!!!NO!!!!!!!!
S!ASSEMBLY_TOP!1048 1!Q3!SOT50P160X90-3N!!SOT50P160X90-3N!173.7360!187.4520!90.000!NO!LINE!174.5361!187.0520!172.9359!187.0520!0.1001!!!!!NOTCONNECT!!!NO!!!!!!!!
S!ASSEMBLY_TOP!1049 1!Q3!SOT50P160X90-3N!!SOT50P160X90-3N!173.7360!187.4520!90.000!NO!LINE!173.4360!187.0520!172.9359!187.5521!0.1001!!!!!NOTCONNECT!!!NO!!!!!!!!
S!PLACE_BOUND_TOP!1051 1 0!Q3!SOT50P160X90-3N!!SOT50P160X90-3N!173.7360!187.4520!90.000!NO!LINE!174.8361!185.9519!174.8361!188.9521!0.0000!!!!!SHAPE!!0.8999 MM!NO!!!!!!!!
S!PLACE_BOUND_TOP!1051 2 0!Q3!SOT50P160X90-3N!!SOT50P160X90-3N!173.7360!187.4520!90.000!NO!LINE!174.8361!188.9521!172.6359!188.9521!0.0000!!!!!SHAPE!!0.8999 MM!NO!!!!!!!!
S!PLACE_BOUND_TOP!1051 3 0!Q3!SOT50P160X90-3N!!SOT50P160X90-3N!173.7360!187.4520!90.000!NO!LINE!172.6359!188.9521!172.6359!185.9519!0.0000!!!!!SHAPE!!0.8999 MM!NO!!!!!!!!
S!PLACE_BOUND_TOP!1051 4 0!Q3!SOT50P160X90-3N!!SOT50P160X90-3N!173.7360!187.4520!90.000!NO!LINE!172.6359!185.9519!174.8361!185.9519!0.0000!!!!!SHAPE!!0.8999 MM!NO!!!!!!!!
S!ASSEMBLY_TOP!1060 1!Q2!SQD30N0520L_GE3!!SQD30N0520L_GE3!195.5800!190.5000!270.000!NO!LINE!205.1550!193.7700!205.1550!187.2300!0.1999!!!!!NOTCONNECT!!!NO!!!!!!!!
S!ASSEMBLY_TOP!1061 1!Q2!SQD30N0520L_GE3!!SQD30N0520L_GE3!195.5800!190.5000!270.000!NO!LINE!205.1550!187.2300!199.0601!187.2300!0.1999!!!!!NOTCONNECT!!!NO!!!!!!!!
S!ASSEMBLY_TOP!1062 1!Q2!SQD30N0520L_GE3!!SQD30N0520L_GE3!195.5800!190.5000!270.000!NO!LINE!199.0601!187.2300!199.0601!193.7700!0.1999!!!!!NOTCONNECT!!!NO!!!!!!!!
S!ASSEMBLY_TOP!1063 1!Q2!SQD30N0520L_GE3!!SQD30N0520L_GE3!195.5800!190.5000!270.000!NO!LINE!199.0601!193.7700!205.1550!193.7700!0.1999!!!!!NOTCONNECT!!!NO!!!!!!!!
S!PLACE_BOUND_TOP!1064 1!Q2!SQD30N0520L_GE3!!SQD30N0520L_GE3!195.5800!190.5000!270.000!NO!LINE!207.2729!194.8701!207.2729!186.1299!0.1001!!!!!NOTCONNECT!!!NO!!!!!!!!
S!PLACE_BOUND_TOP!1065 1!Q2!SQD30N0520L_GE3!!SQD30N0520L_GE3!195.5800!190.5000!270.000!NO!LINE!207.2729!186.1299!193.4601!186.1299!0.1001!!!!!NOTCONNECT!!!NO!!!!!!!!
S!PLACE_BOUND_TOP!1066 1!Q2!SQD30N0520L_GE3!!SQD30N0520L_GE3!195.5800!190.5000!270.000!NO!LINE!193.4601!186.1299!193.4601!194.8701!0.1001!!!!!NOTCONNECT!!!NO!!!!!!!!
S!PLACE_BOUND_TOP!1067 1!Q2!SQD30N0520L_GE3!!SQD30N0520L_GE3!195.5800!190.5000!270.000!NO!LINE!193.4601!194.8701!207.2729!194.8701!0.1001!!!!!NOTCONNECT!!!NO!!!!!!!!
S!PLACE_BOUND_TOP!1073 1 0!Q2!SQD30N0520L_GE3!!SQD30N0520L_GE3!195.5800!190.5000!270.000!NO!LINE!193.4101!194.9201!193.4101!186.0799!0.0000!!!!!SHAPE!!!NO!!!!!!!!
S!PLACE_BOUND_TOP!1073 2 0!Q2!SQD30N0520L_GE3!!SQD30N0520L_GE3!195.5800!190.5000!270.000!NO!LINE!193.4101!186.0799!207.3229!186.0799!0.0000!!!!!SHAPE!!!NO!!!!!!!!
S!PLACE_BOUND_TOP!1073 3 0!Q2!SQD30N0520L_GE3!!SQD30N0520L_GE3!195.5800!190.5000!270.000!NO!LINE!207.3229!186.0799!207.3229!194.9201!0.0000!!!!!SHAPE!!!NO!!!!!!!!
S!PLACE_BOUND_TOP!1073 4 0!Q2!SQD30N0520L_GE3!!SQD30N0520L_GE3!195.5800!190.5000!270.000!NO!LINE!207.3229!194.9201!193.4101!194.9201!0.0000!!!!!SHAPE!!!NO!!!!!!!!
S!ASSEMBLY_TOP!1082 1!Q1!BC81725W!!BC81725W!169.6720!188.4680!270.000!NO!LINE!170.6720!189.0931!170.6720!187.8429!0.1001!!!!!NOTCONNECT!!!NO!!!!!!!!
S!ASSEMBLY_TOP!1083 1!Q1!BC81725W!!BC81725W!169.6720!188.4680!270.000!NO!LINE!170.6720!187.8429!168.6720!187.8429!0.1001!!!!!NOTCONNECT!!!NO!!!!!!!!
S!ASSEMBLY_TOP!1084 1!Q1!BC81725W!!BC81725W!169.6720!188.4680!270.000!NO!LINE!168.6720!187.8429!168.6720!189.0931!0.1001!!!!!NOTCONNECT!!!NO!!!!!!!!
S!ASSEMBLY_TOP!1085 1!Q1!BC81725W!!BC81725W!169.6720!188.4680!270.000!NO!LINE!168.6720!189.0931!170.6720!189.0931!0.1001!!!!!NOTCONNECT!!!NO!!!!!!!!
S!PLACE_BOUND_TOP!1092 1 0!Q1!BC81725W!!BC81725W!169.6720!188.4680!270.000!NO!LINE!167.6720!190.6930!167.6720!186.2430!0.0000!!!!!SHAPE!!1.1001 MM!NO!!!!!!!!
S!PLACE_BOUND_TOP!1092 2 0!Q1!BC81725W!!BC81725W!169.6720!188.4680!270.000!NO!LINE!167.6720!186.2430!171.6720!186.2430!0.0000!!!!!SHAPE!!1.1001 MM!NO!!!!!!!!
S!PLACE_BOUND_TOP!1092 3 0!Q1!BC81725W!!BC81725W!169.6720!188.4680!270.000!NO!LINE!171.6720!186.2430!171.6720!190.6930!0.0000!!!!!SHAPE!!1.1001 MM!NO!!!!!!!!
S!PLACE_BOUND_TOP!1092 4 0!Q1!BC81725W!!BC81725W!169.6720!188.4680!270.000!NO!LINE!171.6720!190.6930!167.6720!190.6930!0.0000!!!!!SHAPE!!1.1001 MM!NO!!!!!!!!
S!PLACE_BOUND_TOP!1108 1!IC3!SOT95P280X145-5N!!SOT95P280X145-5N!233.1720!182.8800!0.000!NO!RECTANGLE!231.2416!181.2798!235.1024!184.4802!1!!!!!!!!NO!!!!!!!!
S!ASSEMBLY_TOP!1116 1!IC2!SOT230P700X180-4N!!SOT230P700X180-4N!187.9600!189.4840!180.000!NO!LINE!189.7101!186.2341!186.2099!186.2341!0.1001!!!!!NOTCONNECT!!!NO!!!!!!!!
S!ASSEMBLY_TOP!1117 1!IC2!SOT230P700X180-4N!!SOT230P700X180-4N!187.9600!189.4840!180.000!NO!LINE!186.2099!186.2341!186.2099!192.7339!0.1001!!!!!NOTCONNECT!!!NO!!!!!!!!
S!ASSEMBLY_TOP!1118 1!IC2!SOT230P700X180-4N!!SOT230P700X180-4N!187.9600!189.4840!180.000!NO!LINE!186.2099!192.7339!189.7101!192.7339!0.1001!!!!!NOTCONNECT!!!NO!!!!!!!!
S!ASSEMBLY_TOP!1119 1!IC2!SOT230P700X180-4N!!SOT230P700X180-4N!187.9600!189.4840!180.000!NO!LINE!189.7101!192.7339!189.7101!186.2341!0.1001!!!!!NOTCONNECT!!!NO!!!!!!!!
S!ASSEMBLY_TOP!1120 1!IC2!SOT230P700X180-4N!!SOT230P700X180-4N!187.9600!189.4840!180.000!NO!LINE!189.7101!188.5340!187.4101!186.2341!0.1001!!!!!NOTCONNECT!!!NO!!!!!!!!
S!PLACE_BOUND_TOP!1126 1 0!IC2!SOT230P700X180-4N!!SOT230P700X180-4N!187.9600!189.4840!180.000!NO!LINE!192.2351!193.0839!183.6849!193.0839!0.0000!!!!!SHAPE!!1.8001 MM!NO!!!!!!!!
S!PLACE_BOUND_TOP!1126 2 0!IC2!SOT230P700X180-4N!!SOT230P700X180-4N!187.9600!189.4840!180.000!NO!LINE!183.6849!193.0839!183.6849!185.8841!0.0000!!!!!SHAPE!!1.8001 MM!NO!!!!!!!!
S!PLACE_BOUND_TOP!1126 3 0!IC2!SOT230P700X180-4N!!SOT230P700X180-4N!187.9600!189.4840!180.000!NO!LINE!183.6849!185.8841!192.2351!185.8841!0.0000!!!!!SHAPE!!1.8001 MM!NO!!!!!!!!
S!PLACE_BOUND_TOP!1126 4 0!IC2!SOT230P700X180-4N!!SOT230P700X180-4N!187.9600!189.4840!180.000!NO!LINE!192.2351!185.8841!192.2351!193.0839!0.0000!!!!!SHAPE!!1.8001 MM!NO!!!!!!!!
S!PLACE_BOUND_TOP!1135 1!IC1!SOT96P240X110-3N!!SOT96P240X110-3N!164.5920!187.9600!0.000!NO!LINE!162.7421!189.7101!166.4419!189.7101!0.0500!!!!!NOTCONNECT!!!NO!!!!!!!!
S!PLACE_BOUND_TOP!1136 1!IC1!SOT96P240X110-3N!!SOT96P240X110-3N!164.5920!187.9600!0.000!NO!LINE!166.4419!189.7101!166.4419!186.2099!0.0500!!!!!NOTCONNECT!!!NO!!!!!!!!
S!PLACE_BOUND_TOP!1137 1!IC1!SOT96P240X110-3N!!SOT96P240X110-3N!164.5920!187.9600!0.000!NO!LINE!166.4419!186.2099!162.7421!186.2099!0.0500!!!!!NOTCONNECT!!!NO!!!!!!!!
S!PLACE_BOUND_TOP!1138 1!IC1!SOT96P240X110-3N!!SOT96P240X110-3N!164.5920!187.9600!0.000!NO!LINE!162.7421!186.2099!162.7421!189.7101!0.0500!!!!!NOTCONNECT!!!NO!!!!!!!!
S!ASSEMBLY_TOP!1139 1!IC1!SOT96P240X110-3N!!SOT96P240X110-3N!164.5920!187.9600!0.000!NO!LINE!163.9420!189.4101!165.2420!189.4101!0.1001!!!!!NOTCONNECT!!!NO!!!!!!!!
S!ASSEMBLY_TOP!1140 1!IC1!SOT96P240X110-3N!!SOT96P240X110-3N!164.5920!187.9600!0.000!NO!LINE!165.2420!189.4101!165.2420!186.5099!0.1001!!!!!NOTCONNECT!!!NO!!!!!!!!
S!ASSEMBLY_TOP!1141 1!IC1!SOT96P240X110-3N!!SOT96P240X110-3N!164.5920!187.9600!0.000!NO!LINE!165.2420!186.5099!163.9420!186.5099!0.1001!!!!!NOTCONNECT!!!NO!!!!!!!!
S!ASSEMBLY_TOP!1142 1!IC1!SOT96P240X110-3N!!SOT96P240X110-3N!164.5920!187.9600!0.000!NO!LINE!163.9420!186.5099!163.9420!189.4101!0.1001!!!!!NOTCONNECT!!!NO!!!!!!!!
S!ASSEMBLY_TOP!1143 1!IC1!SOT96P240X110-3N!!SOT96P240X110-3N!164.5920!187.9600!0.000!NO!LINE!163.9420!188.4500!164.9019!189.4101!0.1001!!!!!NOTCONNECT!!!NO!!!!!!!!
S!PLACE_BOUND_TOP!1149 1!IC1!SOT96P240X110-3N!!SOT96P240X110-3N!164.5920!187.9600!0.000!NO!RECTANGLE!162.7170!186.1850!166.4670!189.7350!1!!!!!!!!NO!!!!!!!!
