A!NET_NAME_SORT!NET_NAME!NODE_SORT!NODE_1_NUMBER!NODE_2_NUMBER!NODE_CONNECTS!RAT_CONNECTED!REFDES!PIN_NUMBER!PIN_TYPE!PIN_X!PIN_Y!VIA_X!VIA_Y!VIA_MIRROR!PAD_STACK_NAME!START_LAYER_NAME!END_LAYER_NAME!
J!d:/projects/projectscience/electronics/dosti_pcbruler/allegro/pcb_ruler.brd!Wed Jun 19 14:43:45 2024!0.0000!0.0000!533.4000!431.8000!0.0001!millimeters!PCB_RULER!10.400000 mil!2!UP TO DATE!
S!N 00002931!N02931!7!    1!    2!2!!!!!!!!!!!!!
S!N 00002931!N02931!7!    1!    2!2!!!!!!!!!!!!!
S!N 00002931!N02931!7!    1!    2!2!!!!!!!!!!!!!
S!N 00002931!N02931!7!    1!    2!2!!!!!!!!!!!!!
S!N 00002931!N02931!7!    1!    2!2!!!!!!!!!!!!!
S!N 00002931!N02931!7!    1!    2!2!!!!!!!!!!!!!
S!N 00002931!N02931!7!    1!    2!2!!!!!!!!!!!!!
S!N 00002931!N02931!7!    1!    2!2!!!!!!!!!!!!!
S!N 00002931!N02931!7!    1!    2!2!!!!!!!!!!!!!
S!N 00002931!N02931!7!    1!    2!2!!!!!!!!!!!!!
S!N 00002931!N02931!7!    1!    2!2!!!!!!!!!!!!!
S!N 00002931!N02931!7!    1!    2!2!!!!!!!!!!!!!
S!N 00002931!N02931!7!    1!    2!2!!!!!!!!!!!!!
S!N 00002931!N02931!7!    1!    2!2!!!!!!!!!!!!!
S!N 00002931!N02931!7!    1!    2!2!!!!!!!!!!!!!
S!N 00002931!N02931!7!    1!    2!2!!!!!!!!!!!!!
S!N 00002931!N02931!7!    1!    2!2!!!!!!!!!!!!!
S!N 00002931!N02931!7!    1!    2!2!!!!!!!!!!!!!
S!N 00002931!N02931!7!    1!    2!2!!!!!!!!!!!!!
S!N 00002931!N02931!7!    1!    2!2!!!!!!!!!!!!!
S!N 00002931!N02931!7!    1!    2!2!!!!!!!!!!!!!
S!N 00002931!N02931!7!    1!    2!2!!!!!!!!!!!!!
S!N 00002931!N02931!7!    1!    2!2!!!!!!!!!!!!!
S!N 00002931!N02931!7!    1!    2!2!!!!!!!!!!!!!
S!N 00002931!N02931!7!    1!    2!2!!!!!!!!!!!!!
S!N 00002931!N02931!7!    1!    2!2!!!!!!!!!!!!!
S!N 00002931!N02931!7!    1!    2!2!!!!!!!!!!!!!
S!N 00002931!N02931!7!    1!    2!2!!!!!!!!!!!!!
S!N 00002931!N02931!7!    1!    2!2!!!!!!!!!!!!!
S!N 00002931!N02931!7!    1!    2!2!!!!!!!!!!!!!
S!N 00002931!N02931!7!    1!    2!2!!!!!!!!!!!!!
S!N 00002931!N02931!7!    1!    2!2!!!!!!!!!!!!!
S!N 00002931!N02931!7!    1!    2!2!!!!!!!!!!!!!
S!N 00002931!N02931!7!    1!    2!2!!!!!!!!!!!!!
S!N 00002931!N02931!7!    1!    2!2!!!!!!!!!!!!!
S!N 00002931!N02931!7!    1!    2!2!!!!!!!!!!!!!
S!N 00002931!N02931!7!    1!    2!2!!!!!!!!!!!!!
S!N 00002931!N02931!7!    1!    2!2!!!!!!!!!!!!!
S!N 00002931!N02931!7!    1!    2!2!!!!!!!!!!!!!
S!N 00002931!N02931!7!    1!    2!2!!!!!!!!!!!!!
S!N 00002931!N02931!7!    1!    2!2!!!!!!!!!!!!!
S!N 00002931!N02931!7!    1!    2!2!!!!!!!!!!!!!
S!N 00002931!N02931!7!    1!    2!2!!!!!!!!!!!!!
S!N 00002931!N02931!7!    1!    2!2!!!!!!!!!!!!!
S!N 00002931!N02931!7!    1!    2!2!!!!!!!!!!!!!
S!N 00002931!N02931!7!    1!    2!2!!!!!!!!!!!!!
S!N 00002931!N02931!7!    1!    2!2!!!!!!!!!!!!!
S!N 00002931!N02931!7!    1!    2!2!!!!!!!!!!!!!
S!N 00002931!N02931!7!    1!    2!2!!!!!!!!!!!!!
S!N 00002931!N02931!7!    1!    2!2!!!!!!!!!!!!!
S!N 00002931!N02931!7!    1!    2!2!!!!!!!!!!!!!
S!N 00002931!N02931!7!    1!    2!2!!!!!!!!!!!!!
S!N 00002931!N02931!7!    1!    2!2!!!!!!!!!!!!!
S!N 00002931!N02931!7!    1!    2!2!!!!!!!!!!!!!
S!N 00002931!N02931!7!    1!    2!2!!!!!!!!!!!!!
S!N 00002931!N02931!7!    1!    2!2!!!!!!!!!!!!!
S!N 00002931!N02931!7!    1!    2!2!!!!!!!!!!!!!
S!N 00002931!N02931!7!    1!    2!2!!!!!!!!!!!!!
S!N 00002931!N02931!7!    1!    2!2!!!!!!!!!!!!!
S!N 00002931!N02931!7!    1!    2!2!!!!!!!!!!!!!
S!N 00002931!N02931!7!    1!    2!2!!!!!!!!!!!!!
S!N 00002931!N02931!7!    1!    2!2!!!!!!!!!!!!!
S!N 00002931!N02931!7!    1!    2!2!!!!!!!!!!!!!
S!N 00002931!N02931!7!    1!    2!2!!!!!!!!!!!!!
S!N 00002931!N02931!7!    1!    2!2!!!!!!!!!!!!!
S!N 00002931!N02931!7!    1!    2!2!!!!!!!!!!!!!
S!N 00002931!N02931!7!    1!    2!2!!!!!!!!!!!!!
S!N 00002931!N02931!7!    1!    2!2!!!!!!!!!!!!!
S!N 00002931!N02931!7!    1!    2!2!!!!!!!!!!!!!
S!N 00002931!N02931!7!    1!    2!2!!!!!!!!!!!!!
S!N 00002931!N02931!7!    1!    2!2!!!!!!!!!!!!!
S!N 00002931!N02931!7!    1!    2!2!!!!!!!!!!!!!
S!N 00002931!N02931!7!    1!    2!2!!!!!!!!!!!!!
S!N 00002931!N02931!7!    1!    2!2!!!!!!!!!!!!!
S!N 00002931!N02931!7!    1!    2!2!!!!!!!!!!!!!
S!N 00002931!N02931!7!    1!    2!2!!!!!!!!!!!!!
S!N 00002931!N02931!7!    1!    2!2!!!!!!!!!!!!!
S!N 00002931!N02931!7!    1!    2!2!!!!!!!!!!!!!
S!N 00002931!N02931!7!    1!    2!2!!!!!!!!!!!!!
S!N 00002931!N02931!7!    1!    2!2!!!!!!!!!!!!!
S!N 00002931!N02931!7!    1!    2!2!!!!!!!!!!!!!
S!N 00002931!N02931!7!    1!    2!2!!!!!!!!!!!!!
S!N 00002931!N02931!7!    1!    2!2!!!!!!!!!!!!!
S!N 00002931!N02931!7!    1!    2!2!!!!!!!!!!!!!
S!N 00002931!N02931!7!    1!    2!2!!!!!!!!!!!!!
S!N 00002931!N02931!7!    1!    2!2!!!!!!!!!!!!!
S!N 00002931!N02931!7!    1!    2!2!!!!!!!!!!!!!
S!N 00002931!N02931!7!    1!    2!2!!!!!!!!!!!!!
S!N 00002931!N02931!7!    1!    2!2!!!!!!!!!!!!!
S!N 00002931!N02931!7!    1!    2!2!!!!!!!!!!!!!
S!N 00002931!N02931!7!    1!    2!2!!!!!!!!!!!!!
S!N 00002931!N02931!7!    1!    2!2!!!!!!!!!!!!!
S!N 00002931!N02931!7!    1!    2!2!!!!!!!!!!!!!
S!N 00002931!N02931!7!    1!    2!2!!!!!!!!!!!!!
S!N 00002931!N02931!7!    1!    2!2!!!!!!!!!!!!!
S!N 00002931!N02931!7!    1!    2!2!!!!!!!!!!!!!
S!N 00002931!N02931!7!    1!    2!2!!!!!!!!!!!!!
S!N 00002931!N02931!7!    1!    2!2!!!!!!!!!!!!!
S!N 00002931!N02931!7!    1!    2!2!!!!!!!!!!!!!
S!N 00002931!N02931!7!    1!    2!2!!!!!!!!!!!!!
S!N 00002931!N02931!7!    1!    2!2!!!!!!!!!!!!!
S!N 00002931!N02931!7!    1!    2!2!!!!!!!!!!!!!
S!N 00002931!N02931!7!    1!    2!2!!!!!!!!!!!!!
S!N 00002931!N02931!7!    1!    2!2!!!!!!!!!!!!!
S!N 00002931!N02931!7!    1!    2!2!!!!!!!!!!!!!
S!N 00002931!N02931!7!    1!    2!2!!!!!!!!!!!!!
S!N 00002931!N02931!7!    1!    2!2!!!!!!!!!!!!!
S!N 00002931!N02931!7!    1!    2!2!!!!!!!!!!!!!
S!N 00002931!N02931!7!    1!    2!2!!!!!!!!!!!!!
S!N 00002931!N02931!7!    1!    2!2!!!!!!!!!!!!!
S!N 00002931!N02931!7!    1!    2!2!!!!!!!!!!!!!
S!N 00002931!N02931!7!    1!    2!2!!!!!!!!!!!!!
S!N 00002931!N02931!7!    1!    2!2!!!!!!!!!!!!!
S!N 00002931!N02931!7!    1!    2!2!!!!!!!!!!!!!
S!N 00002931!N02931!7!    1!    2!2!!!!!!!!!!!!!
S!N 00002931!N02931!7!    1!    2!2!!!!!!!!!!!!!
S!N 00002931!N02931!7!    1!    2!2!!!!!!!!!!!!!
S!N 00002931!N02931!7!    1!    2!2!!!!!!!!!!!!!
S!N 00002931!N02931!7!    1!    2!2!!!!!!!!!!!!!
S!N 00002931!N02931!7!    1!    2!2!!!!!!!!!!!!!
S!N 00002931!N02931!7!    1!    2!2!!!!!!!!!!!!!
S!N 00002931!N02931!7!    1!    2!2!!!!!!!!!!!!!
S!N 00002931!N02931!7!    1!    2!2!!!!!!!!!!!!!
S!N 00002931!N02931!7!    1!    2!2!!!!!!!!!!!!!
S!N 00002931!N02931!7!    1!    2!2!!!!!!!!!!!!!
S!N 00002931!N02931!7!    1!    2!2!!!!!!!!!!!!!
S!N 00002931!N02931!7!    1!    2!2!!!!!!!!!!!!!
S!N 00002931!N02931!7!    1!    2!2!!!!!!!!!!!!!
S!N 00002931!N02931!7!    1!    2!2!!!!!!!!!!!!!
S!N 00002931!N02931!7!    1!    2!2!!!!!!!!!!!!!
S!N 00002931!N02931!7!    1!    2!2!!!!!!!!!!!!!
S!N 00002931!N02931!7!    1!    2!2!!!!!!!!!!!!!
S!N 00002931!N02931!7!    1!    2!2!!!!!!!!!!!!!
S!N 00002931!N02931!7!    1!    2!2!!!!!!!!!!!!!
S!N 00002931!N02931!7!    1!    2!2!!!!!!!!!!!!!
S!N 00002931!N02931!2!    1!    1!1!!J2!9!UNSPEC!114.3000!182.0540!!!!R254_127!TOP!TOP!
S!N 00002931!N02931!!!!!!J2!9!UNSPEC!114.3000!182.0540!!!!R254_127!TOP!TOP!
S!N 00002931!N02931!2!    2!    2!1!!J3!1!UNSPEC!109.4740!181.9270!!!!R254_127!TOP!TOP!
S!N 00002931!N02931!!!!!!J3!1!UNSPEC!109.4740!181.9270!!!!R254_127!TOP!TOP!
S!N 00002931!N02931!5!    1!    2!!YES!!!!!!!!!!!!
S!N 00002919!N02919!7!    1!    2!2!!!!!!!!!!!!!
S!N 00002919!N02919!7!    1!    2!2!!!!!!!!!!!!!
S!N 00002919!N02919!7!    1!    2!2!!!!!!!!!!!!!
S!N 00002919!N02919!7!    1!    2!2!!!!!!!!!!!!!
S!N 00002919!N02919!7!    1!    2!2!!!!!!!!!!!!!
S!N 00002919!N02919!2!    1!    1!1!!J2!7!UNSPEC!116.8400!182.0540!!!!R254_127!TOP!TOP!
S!N 00002919!N02919!!!!!!J2!7!UNSPEC!116.8400!182.0540!!!!R254_127!TOP!TOP!
S!N 00002919!N02919!2!    2!    2!1!!J3!3!UNSPEC!106.9340!181.9270!!!!R254_127!TOP!TOP!
S!N 00002919!N02919!!!!!!J3!3!UNSPEC!106.9340!181.9270!!!!R254_127!TOP!TOP!
S!N 00002919!N02919!5!    1!    2!!YES!!!!!!!!!!!!
S!N 00002907!N02907!7!    1!    2!2!!!!!!!!!!!!!
S!N 00002907!N02907!7!    1!    2!2!!!!!!!!!!!!!
S!N 00002907!N02907!7!    1!    2!2!!!!!!!!!!!!!
S!N 00002907!N02907!7!    1!    2!2!!!!!!!!!!!!!
S!N 00002907!N02907!7!    1!    2!2!!!!!!!!!!!!!
S!N 00002907!N02907!2!    1!    1!1!!J2!5!UNSPEC!119.3800!182.0540!!!!R254_127!TOP!TOP!
S!N 00002907!N02907!!!!!!J2!5!UNSPEC!119.3800!182.0540!!!!R254_127!TOP!TOP!
S!N 00002907!N02907!2!    2!    2!1!!J3!5!UNSPEC!104.3940!181.9270!!!!R254_127!TOP!TOP!
S!N 00002907!N02907!!!!!!J3!5!UNSPEC!104.3940!181.9270!!!!R254_127!TOP!TOP!
S!N 00002907!N02907!5!    1!    2!!YES!!!!!!!!!!!!
S!N 00002892!N02892!7!    1!    2!2!!!!!!!!!!!!!
S!N 00002892!N02892!7!    1!    2!2!!!!!!!!!!!!!
S!N 00002892!N02892!7!    1!    2!2!!!!!!!!!!!!!
S!N 00002892!N02892!7!    1!    2!2!!!!!!!!!!!!!
S!N 00002892!N02892!7!    1!    2!2!!!!!!!!!!!!!
S!N 00002892!N02892!2!    1!    1!1!!J2!3!UNSPEC!121.9200!182.0540!!!!R254_127!TOP!TOP!
S!N 00002892!N02892!!!!!!J2!3!UNSPEC!121.9200!182.0540!!!!R254_127!TOP!TOP!
S!N 00002892!N02892!2!    2!    2!1!!J3!7!UNSPEC!101.8540!181.9270!!!!R254_127!TOP!TOP!
S!N 00002892!N02892!!!!!!J3!7!UNSPEC!101.8540!181.9270!!!!R254_127!TOP!TOP!
S!N 00002892!N02892!5!    1!    2!!YES!!!!!!!!!!!!
S!N 00002877!N02877!7!    1!    2!2!!!!!!!!!!!!!
S!N 00002877!N02877!7!    1!    2!2!!!!!!!!!!!!!
S!N 00002877!N02877!7!    1!    2!2!!!!!!!!!!!!!
S!N 00002877!N02877!7!    1!    2!2!!!!!!!!!!!!!
S!N 00002877!N02877!7!    1!    2!2!!!!!!!!!!!!!
S!N 00002877!N02877!2!    1!    1!1!!J2!1!UNSPEC!124.4600!182.0540!!!!R254_127!TOP!TOP!
S!N 00002877!N02877!!!!!!J2!1!UNSPEC!124.4600!182.0540!!!!R254_127!TOP!TOP!
S!N 00002877!N02877!2!    2!    2!1!!J3!9!UNSPEC!99.3140!181.9270!!!!R254_127!TOP!TOP!
S!N 00002877!N02877!!!!!!J3!9!UNSPEC!99.3140!181.9270!!!!R254_127!TOP!TOP!
S!N 00002877!N02877!5!    1!    2!!YES!!!!!!!!!!!!
S!N 00002865!N02865!7!    1!    2!2!!!!!!!!!!!!!
S!N 00002865!N02865!7!    1!    2!2!!!!!!!!!!!!!
S!N 00002865!N02865!7!    1!    2!2!!!!!!!!!!!!!
S!N 00002865!N02865!7!    1!    2!2!!!!!!!!!!!!!
S!N 00002865!N02865!7!    1!    2!2!!!!!!!!!!!!!
S!N 00002865!N02865!2!    1!    1!1!!J2!10!UNSPEC!114.3000!176.5940!!!!R254_127!TOP!TOP!
S!N 00002865!N02865!!!!!!J2!10!UNSPEC!114.3000!176.5940!!!!R254_127!TOP!TOP!
S!N 00002865!N02865!2!    2!    2!1!!J3!2!UNSPEC!109.4740!176.4670!!!!R254_127!TOP!TOP!
S!N 00002865!N02865!!!!!!J3!2!UNSPEC!109.4740!176.4670!!!!R254_127!TOP!TOP!
S!N 00002865!N02865!5!    1!    2!!YES!!!!!!!!!!!!
S!N 00002853!N02853!7!    1!    2!2!!!!!!!!!!!!!
S!N 00002853!N02853!7!    1!    2!2!!!!!!!!!!!!!
S!N 00002853!N02853!7!    1!    2!2!!!!!!!!!!!!!
S!N 00002853!N02853!7!    1!    2!2!!!!!!!!!!!!!
S!N 00002853!N02853!7!    1!    2!2!!!!!!!!!!!!!
S!N 00002853!N02853!2!    1!    1!1!!J2!8!UNSPEC!116.8400!176.5940!!!!R254_127!TOP!TOP!
S!N 00002853!N02853!!!!!!J2!8!UNSPEC!116.8400!176.5940!!!!R254_127!TOP!TOP!
S!N 00002853!N02853!2!    2!    2!1!!J3!4!UNSPEC!106.9340!176.4670!!!!R254_127!TOP!TOP!
S!N 00002853!N02853!!!!!!J3!4!UNSPEC!106.9340!176.4670!!!!R254_127!TOP!TOP!
S!N 00002853!N02853!5!    1!    2!!YES!!!!!!!!!!!!
S!N 00002841!N02841!7!    1!    2!2!!!!!!!!!!!!!
S!N 00002841!N02841!7!    1!    2!2!!!!!!!!!!!!!
S!N 00002841!N02841!7!    1!    2!2!!!!!!!!!!!!!
S!N 00002841!N02841!7!    1!    2!2!!!!!!!!!!!!!
S!N 00002841!N02841!7!    1!    2!2!!!!!!!!!!!!!
S!N 00002841!N02841!2!    1!    1!1!!J2!6!UNSPEC!119.3800!176.5940!!!!R254_127!TOP!TOP!
S!N 00002841!N02841!!!!!!J2!6!UNSPEC!119.3800!176.5940!!!!R254_127!TOP!TOP!
S!N 00002841!N02841!2!    2!    2!1!!J3!6!UNSPEC!104.3940!176.4670!!!!R254_127!TOP!TOP!
S!N 00002841!N02841!!!!!!J3!6!UNSPEC!104.3940!176.4670!!!!R254_127!TOP!TOP!
S!N 00002841!N02841!5!    1!    2!!YES!!!!!!!!!!!!
S!N 00002829!N02829!7!    1!    2!2!!!!!!!!!!!!!
S!N 00002829!N02829!7!    1!    2!2!!!!!!!!!!!!!
S!N 00002829!N02829!7!    1!    2!2!!!!!!!!!!!!!
S!N 00002829!N02829!7!    1!    2!2!!!!!!!!!!!!!
S!N 00002829!N02829!7!    1!    2!2!!!!!!!!!!!!!
S!N 00002829!N02829!2!    1!    1!1!!J2!4!UNSPEC!121.9200!176.5940!!!!R254_127!TOP!TOP!
S!N 00002829!N02829!!!!!!J2!4!UNSPEC!121.9200!176.5940!!!!R254_127!TOP!TOP!
S!N 00002829!N02829!2!    2!    2!1!!J3!8!UNSPEC!101.8540!176.4670!!!!R254_127!TOP!TOP!
S!N 00002829!N02829!!!!!!J3!8!UNSPEC!101.8540!176.4670!!!!R254_127!TOP!TOP!
S!N 00002829!N02829!5!    1!    2!!YES!!!!!!!!!!!!
S!N 00002817!N02817!7!    1!    2!2!!!!!!!!!!!!!
S!N 00002817!N02817!7!    1!    2!2!!!!!!!!!!!!!
S!N 00002817!N02817!7!    1!    2!2!!!!!!!!!!!!!
S!N 00002817!N02817!7!    1!    2!2!!!!!!!!!!!!!
S!N 00002817!N02817!7!    1!    2!2!!!!!!!!!!!!!
S!N 00002817!N02817!2!    1!    1!1!!J2!2!UNSPEC!124.4600!176.5940!!!!R254_127!TOP!TOP!
S!N 00002817!N02817!!!!!!J2!2!UNSPEC!124.4600!176.5940!!!!R254_127!TOP!TOP!
S!N 00002817!N02817!2!    2!    2!1!!J3!10!UNSPEC!99.3140!176.4670!!!!R254_127!TOP!TOP!
S!N 00002817!N02817!!!!!!J3!10!UNSPEC!99.3140!176.4670!!!!R254_127!TOP!TOP!
S!N 00002817!N02817!5!    1!    2!!YES!!!!!!!!!!!!
S!!!2!    1!    1!0!!Q3!2!UNSPEC!174.2361!186.6519!!!!R90_40!TOP!TOP!
S!!!!!!!!Q3!2!UNSPEC!174.2361!186.6519!!!!R90_40!TOP!TOP!
S!!!2!    1!    1!0!!Q3!3!UNSPEC!173.7360!188.2521!!!!R90_40!TOP!TOP!
S!!!!!!!!Q3!3!UNSPEC!173.7360!188.2521!!!!R90_40!TOP!TOP!
S!!!2!    1!    1!0!!Q3!1!UNSPEC!173.2359!186.6519!!!!R90_40!TOP!TOP!
S!!!!!!!!Q3!1!UNSPEC!173.2359!186.6519!!!!R90_40!TOP!TOP!
S!!!2!    1!    1!0!!Q2!3!UNSPEC!196.7230!188.9130!!!!R228_6_139_7!TOP!TOP!
S!!!!!!!!Q2!3!UNSPEC!196.7230!188.9130!!!!R228_6_139_7!TOP!TOP!
S!!!2!    1!    1!0!!Q2!1!UNSPEC!196.7230!192.0870!!!!R228_6_139_7!TOP!TOP!
S!!!!!!!!Q2!1!UNSPEC!196.7230!192.0870!!!!R228_6_139_7!TOP!TOP!
S!!!2!    1!    1!0!!Q2!2!UNSPEC!203.1581!190.5000!!!!R618_569!TOP!TOP!
S!!!!!!!!Q2!2!UNSPEC!203.1581!190.5000!!!!R618_569!TOP!TOP!
S!!!2!    1!    1!0!!Q1!2!UNSPEC!170.3220!187.5429!!!!R60_55!TOP!TOP!
S!!!!!!!!Q1!2!UNSPEC!170.3220!187.5429!!!!R60_55!TOP!TOP!
S!!!2!    1!    1!0!!Q1!3!UNSPEC!169.6720!189.3931!!!!R60_55!TOP!TOP!
S!!!!!!!!Q1!3!UNSPEC!169.6720!189.3931!!!!R60_55!TOP!TOP!
S!!!2!    1!    1!0!!Q1!1!UNSPEC!169.0220!187.5429!!!!R60_55!TOP!TOP!
S!!!!!!!!Q1!1!UNSPEC!169.0220!187.5429!!!!R60_55!TOP!TOP!
S!!!2!    1!    1!0!!IC3!3!UNSPEC!231.8766!181.9402!!!!R127_55_88!TOP!TOP!
S!!!!!!!!IC3!3!UNSPEC!231.8766!181.9402!!!!R127_55_88!TOP!TOP!
S!!!2!    1!    1!0!!IC3!5!UNSPEC!234.4674!183.8198!!!!R127_55_88!TOP!TOP!
S!!!!!!!!IC3!5!UNSPEC!234.4674!183.8198!!!!R127_55_88!TOP!TOP!
S!!!2!    1!    1!0!!IC3!4!UNSPEC!234.4674!181.9402!!!!R127_55_88!TOP!TOP!
S!!!!!!!!IC3!4!UNSPEC!234.4674!181.9402!!!!R127_55_88!TOP!TOP!
S!!!2!    1!    1!0!!IC3!1!UNSPEC!231.8766!183.8198!!!!R127_55_88!TOP!TOP!
S!!!!!!!!IC3!1!UNSPEC!231.8766!183.8198!!!!R127_55_88!TOP!TOP!
S!!!2!    1!    1!0!!IC3!2!UNSPEC!231.8766!182.8800!!!!R127_55_88!TOP!TOP!
S!!!!!!!!IC3!2!UNSPEC!231.8766!182.8800!!!!R127_55_88!TOP!TOP!
S!!!2!    1!    1!0!!IC2!3!UNSPEC!191.1101!191.7840!!!!R175_95!TOP!TOP!
S!!!!!!!!IC2!3!UNSPEC!191.1101!191.7840!!!!R175_95!TOP!TOP!
S!!!2!    1!    1!0!!IC2!1!UNSPEC!191.1101!187.1840!!!!R175_95!TOP!TOP!
S!!!!!!!!IC2!1!UNSPEC!191.1101!187.1840!!!!R175_95!TOP!TOP!
S!!!2!    1!    1!0!!IC2!4!UNSPEC!184.8099!189.4840!!!!R320_175!TOP!TOP!
S!!!!!!!!IC2!4!UNSPEC!184.8099!189.4840!!!!R320_175!TOP!TOP!
S!!!2!    1!    1!0!!IC2!2!UNSPEC!191.1101!189.4840!!!!R175_95!TOP!TOP!
S!!!!!!!!IC2!2!UNSPEC!191.1101!189.4840!!!!R175_95!TOP!TOP!
S!!!2!    1!    1!0!!IC1!2!UNSPEC!163.5420!186.9999!!!!R110_65!TOP!TOP!
S!!!!!!!!IC1!2!UNSPEC!163.5420!186.9999!!!!R110_65!TOP!TOP!
S!!!2!    1!    1!0!!IC1!1!UNSPEC!163.5420!188.9201!!!!R110_65!TOP!TOP!
S!!!!!!!!IC1!1!UNSPEC!163.5420!188.9201!!!!R110_65!TOP!TOP!
S!!!2!    1!    1!0!!IC1!3!UNSPEC!165.6420!187.9600!!!!R110_65!TOP!TOP!
S!!!!!!!!IC1!3!UNSPEC!165.6420!187.9600!!!!R110_65!TOP!TOP!
S!!!2!    1!    1!0!!R1!2!UNSPEC!133.4500!188.0000!!!!R160_120!TOP!TOP!
S!!!!!!!!R1!2!UNSPEC!133.4500!188.0000!!!!R160_120!TOP!TOP!
S!!!2!    1!    1!0!!R1!1!UNSPEC!130.5500!188.0000!!!!R160_120!TOP!TOP!
S!!!!!!!!R1!1!UNSPEC!130.5500!188.0000!!!!R160_120!TOP!TOP!
S!!!2!    1!    1!0!!Q4!7!UNSPEC!213.6140!169.1750!!!!R460_80!TOP!TOP!
S!!!!!!!!Q4!7!UNSPEC!213.6140!169.1750!!!!R460_80!TOP!TOP!
S!!!2!    1!    1!0!!Q4!6!UNSPEC!212.3440!169.1750!!!!R460_80!TOP!TOP!
S!!!!!!!!Q4!6!UNSPEC!212.3440!169.1750!!!!R460_80!TOP!TOP!
S!!!2!    1!    1!0!!Q4!5!UNSPEC!211.0740!169.1750!!!!R460_80!TOP!TOP!
S!!!!!!!!Q4!5!UNSPEC!211.0740!169.1750!!!!R460_80!TOP!TOP!
S!!!2!    1!    1!0!!Q4!3!UNSPEC!208.5340!169.1750!!!!R460_80!TOP!TOP!
S!!!!!!!!Q4!3!UNSPEC!208.5340!169.1750!!!!R460_80!TOP!TOP!
S!!!2!    1!    1!0!!Q4!2!UNSPEC!207.2640!169.1750!!!!R460_80!TOP!TOP!
S!!!!!!!!Q4!2!UNSPEC!207.2640!169.1750!!!!R460_80!TOP!TOP!
S!!!2!    1!    1!0!!Q4!1!UNSPEC!205.9940!169.1750!!!!R460_80!TOP!TOP!
S!!!!!!!!Q4!1!UNSPEC!205.9940!169.1750!!!!R460_80!TOP!TOP!
S!!!2!    1!    1!0!!Q4!4!UNSPEC!209.8040!178.3250!!!!R1080_940!TOP!TOP!
S!!!!!!!!Q4!4!UNSPEC!209.8040!178.3250!!!!R1080_940!TOP!TOP!
S!!!2!    1!    1!0!!LED1!1!UNSPEC!137.2840!188.9760!!!!R330_50!TOP!TOP!
S!!!!!!!!LED1!1!UNSPEC!137.2840!188.9760!!!!R330_50!TOP!TOP!
S!!!2!    1!    1!0!!LED1!3!UNSPEC!138.6840!188.9760!!!!R330_130!TOP!TOP!
S!!!!!!!!LED1!3!UNSPEC!138.6840!188.9760!!!!R330_130!TOP!TOP!
S!!!2!    1!    1!0!!LED1!2!UNSPEC!140.0840!188.9760!!!!R330_50!TOP!TOP!
S!!!!!!!!LED1!2!UNSPEC!140.0840!188.9760!!!!R330_50!TOP!TOP!
S!!!2!    1!    1!0!!IC7!9!UNSPEC!232.4920!170.2440!!!!R152_6_43_5!TOP!TOP!
S!!!!!!!!IC7!9!UNSPEC!232.4920!170.2440!!!!R152_6_43_5!TOP!TOP!
S!!!2!    1!    1!0!!IC7!17!UNSPEC!237.9160!168.3380!!!!R152_6_43_5!TOP!TOP!
S!!!!!!!!IC7!17!UNSPEC!237.9160!168.3380!!!!R152_6_43_5!TOP!TOP!
S!!!2!    1!    1!0!!IC7!20!UNSPEC!237.9160!170.2440!!!!R152_6_43_5!TOP!TOP!
S!!!!!!!!IC7!20!UNSPEC!237.9160!170.2440!!!!R152_6_43_5!TOP!TOP!
S!!!2!    1!    1!0!!IC7!18!UNSPEC!237.9160!168.9740!!!!R152_6_43_5!TOP!TOP!
S!!!!!!!!IC7!18!UNSPEC!237.9160!168.9740!!!!R152_6_43_5!TOP!TOP!
S!!!2!    1!    1!0!!IC7!12!UNSPEC!232.4920!168.3380!!!!R152_6_43_5!TOP!TOP!
S!!!!!!!!IC7!12!UNSPEC!232.4920!168.3380!!!!R152_6_43_5!TOP!TOP!
S!!!2!    1!    1!0!!IC7!11!UNSPEC!232.4920!168.9740!!!!R152_6_43_5!TOP!TOP!
S!!!!!!!!IC7!11!UNSPEC!232.4920!168.9740!!!!R152_6_43_5!TOP!TOP!
S!!!2!    1!    1!0!!IC7!14!UNSPEC!232.4920!167.0680!!!!R152_6_43_5!TOP!TOP!
S!!!!!!!!IC7!14!UNSPEC!232.4920!167.0680!!!!R152_6_43_5!TOP!TOP!
S!!!2!    1!    1!0!!IC7!13!UNSPEC!232.4920!167.7040!!!!R152_6_43_5!TOP!TOP!
S!!!!!!!!IC7!13!UNSPEC!232.4920!167.7040!!!!R152_6_43_5!TOP!TOP!
S!!!2!    1!    1!0!!IC7!15!UNSPEC!237.9160!167.0680!!!!R152_6_43_5!TOP!TOP!
S!!!!!!!!IC7!15!UNSPEC!237.9160!167.0680!!!!R152_6_43_5!TOP!TOP!
S!!!2!    1!    1!0!!IC7!19!UNSPEC!237.9160!169.6080!!!!R152_6_43_5!TOP!TOP!
S!!!!!!!!IC7!19!UNSPEC!237.9160!169.6080!!!!R152_6_43_5!TOP!TOP!
S!!!2!    1!    1!0!!IC7!16!UNSPEC!237.9160!167.7040!!!!R152_6_43_5!TOP!TOP!
S!!!!!!!!IC7!16!UNSPEC!237.9160!167.7040!!!!R152_6_43_5!TOP!TOP!
S!!!2!    1!    1!0!!IC7!10!UNSPEC!232.4920!169.6080!!!!R152_6_43_5!TOP!TOP!
S!!!!!!!!IC7!10!UNSPEC!232.4920!169.6080!!!!R152_6_43_5!TOP!TOP!
S!!!2!    1!    1!0!!IC7!2!UNSPEC!232.4920!174.6880!!!!R152_6_43_5!TOP!TOP!
S!!!!!!!!IC7!2!UNSPEC!232.4920!174.6880!!!!R152_6_43_5!TOP!TOP!
S!!!2!    1!    1!0!!IC7!1!UNSPEC!232.4920!175.3240!!!!R152_6_43_5!TOP!TOP!
S!!!!!!!!IC7!1!UNSPEC!232.4920!175.3240!!!!R152_6_43_5!TOP!TOP!
S!!!2!    1!    1!0!!IC7!28!UNSPEC!237.9160!175.3240!!!!R152_6_43_5!TOP!TOP!
S!!!!!!!!IC7!28!UNSPEC!237.9160!175.3240!!!!R152_6_43_5!TOP!TOP!
S!!!2!    1!    1!0!!IC7!27!UNSPEC!237.9160!174.6880!!!!R152_6_43_5!TOP!TOP!
S!!!!!!!!IC7!27!UNSPEC!237.9160!174.6880!!!!R152_6_43_5!TOP!TOP!
S!!!2!    1!    1!0!!IC7!26!UNSPEC!237.9160!174.0540!!!!R152_6_43_5!TOP!TOP!
S!!!!!!!!IC7!26!UNSPEC!237.9160!174.0540!!!!R152_6_43_5!TOP!TOP!
S!!!2!    1!    1!0!!IC7!25!UNSPEC!237.9160!173.4180!!!!R152_6_43_5!TOP!TOP!
S!!!!!!!!IC7!25!UNSPEC!237.9160!173.4180!!!!R152_6_43_5!TOP!TOP!
S!!!2!    1!    1!0!!IC7!24!UNSPEC!237.9160!172.7840!!!!R152_6_43_5!TOP!TOP!
S!!!!!!!!IC7!24!UNSPEC!237.9160!172.7840!!!!R152_6_43_5!TOP!TOP!
S!!!2!    1!    1!0!!IC7!23!UNSPEC!237.9160!172.1480!!!!R152_6_43_5!TOP!TOP!
S!!!!!!!!IC7!23!UNSPEC!237.9160!172.1480!!!!R152_6_43_5!TOP!TOP!
S!!!2!    1!    1!0!!IC7!8!UNSPEC!232.4920!170.8780!!!!R152_6_43_5!TOP!TOP!
S!!!!!!!!IC7!8!UNSPEC!232.4920!170.8780!!!!R152_6_43_5!TOP!TOP!
S!!!2!    1!    1!0!!IC7!7!UNSPEC!232.4920!171.5140!!!!R152_6_43_5!TOP!TOP!
S!!!!!!!!IC7!7!UNSPEC!232.4920!171.5140!!!!R152_6_43_5!TOP!TOP!
S!!!2!    1!    1!0!!IC7!6!UNSPEC!232.4920!172.1480!!!!R152_6_43_5!TOP!TOP!
S!!!!!!!!IC7!6!UNSPEC!232.4920!172.1480!!!!R152_6_43_5!TOP!TOP!
S!!!2!    1!    1!0!!IC7!5!UNSPEC!232.4920!172.7840!!!!R152_6_43_5!TOP!TOP!
S!!!!!!!!IC7!5!UNSPEC!232.4920!172.7840!!!!R152_6_43_5!TOP!TOP!
S!!!2!    1!    1!0!!IC7!4!UNSPEC!232.4920!173.4180!!!!R152_6_43_5!TOP!TOP!
S!!!!!!!!IC7!4!UNSPEC!232.4920!173.4180!!!!R152_6_43_5!TOP!TOP!
S!!!2!    1!    1!0!!IC7!3!UNSPEC!232.4920!174.0540!!!!R152_6_43_5!TOP!TOP!
S!!!!!!!!IC7!3!UNSPEC!232.4920!174.0540!!!!R152_6_43_5!TOP!TOP!
S!!!2!    1!    1!0!!IC7!22!UNSPEC!237.9160!171.5140!!!!R152_6_43_5!TOP!TOP!
S!!!!!!!!IC7!22!UNSPEC!237.9160!171.5140!!!!R152_6_43_5!TOP!TOP!
S!!!2!    1!    1!0!!IC7!21!UNSPEC!237.9160!170.8780!!!!R152_6_43_5!TOP!TOP!
S!!!!!!!!IC7!21!UNSPEC!237.9160!170.8780!!!!R152_6_43_5!TOP!TOP!
S!!!2!    1!    1!0!!IC6!4!UNSPEC!225.7300!169.1640!!!!R305_101_6!TOP!TOP!
S!!!!!!!!IC6!4!UNSPEC!225.7300!169.1640!!!!R305_101_6!TOP!TOP!
S!!!2!    1!    1!0!!IC6!2!UNSPEC!222.3260!169.1640!!!!R305_101_6!TOP!TOP!
S!!!!!!!!IC6!2!UNSPEC!222.3260!169.1640!!!!R305_101_6!TOP!TOP!
S!!!2!    1!    1!0!!IC6!6!UNSPEC!224.0280!179.4690!!!!R1066_838!TOP!TOP!
S!!!!!!!!IC6!6!UNSPEC!224.0280!179.4690!!!!R1066_838!TOP!TOP!
S!!!2!    1!    1!0!!IC6!3!UNSPEC!224.0280!169.1640!!!!R305_101_6!TOP!TOP!
S!!!!!!!!IC6!3!UNSPEC!224.0280!169.1640!!!!R305_101_6!TOP!TOP!
S!!!2!    1!    1!0!!IC6!1!UNSPEC!220.6240!169.1640!!!!R305_101_6!TOP!TOP!
S!!!!!!!!IC6!1!UNSPEC!220.6240!169.1640!!!!R305_101_6!TOP!TOP!
S!!!2!    1!    1!0!!IC6!5!UNSPEC!227.4320!169.1640!!!!R305_101_6!TOP!TOP!
S!!!!!!!!IC6!5!UNSPEC!227.4320!169.1640!!!!R305_101_6!TOP!TOP!
S!!!2!    1!    1!0!!IC5!1!UNSPEC!177.8240!187.5660!!!!R130_55!TOP!TOP!
S!!!!!!!!IC5!1!UNSPEC!177.8240!187.5660!!!!R130_55!TOP!TOP!
S!!!2!    1!    1!0!!IC5!3!UNSPEC!180.8240!187.5660!!!!R130_55!TOP!TOP!
S!!!!!!!!IC5!3!UNSPEC!180.8240!187.5660!!!!R130_55!TOP!TOP!
S!!!2!    1!    1!0!!IC5!4!UNSPEC!179.3240!189.9540!!!!R312_5_185!TOP!TOP!
S!!!!!!!!IC5!4!UNSPEC!179.3240!189.9540!!!!R312_5_185!TOP!TOP!
S!!!2!    1!    1!0!!IC5!2!UNSPEC!179.3240!187.6540!!!!R147_5_80!TOP!TOP!
S!!!!!!!!IC5!2!UNSPEC!179.3240!187.6540!!!!R147_5_80!TOP!TOP!
S!!!2!    1!    1!0!!IC4!8!UNSPEC!239.3190!183.6300!!!!R85_30!TOP!TOP!
S!!!!!!!!IC4!8!UNSPEC!239.3190!183.6300!!!!R85_30!TOP!TOP!
S!!!2!    1!    1!0!!IC4!7!UNSPEC!239.3190!183.1300!!!!R85_30!TOP!TOP!
S!!!!!!!!IC4!7!UNSPEC!239.3190!183.1300!!!!R85_30!TOP!TOP!
S!!!2!    1!    1!0!!IC4!5!UNSPEC!239.3190!182.1300!!!!R85_30!TOP!TOP!
S!!!!!!!!IC4!5!UNSPEC!239.3190!182.1300!!!!R85_30!TOP!TOP!
S!!!2!    1!    1!0!!IC4!4!UNSPEC!236.1690!182.1300!!!!R85_30!TOP!TOP!
S!!!!!!!!IC4!4!UNSPEC!236.1690!182.1300!!!!R85_30!TOP!TOP!
S!!!2!    1!    1!0!!IC4!3!UNSPEC!236.1690!182.6300!!!!R85_30!TOP!TOP!
S!!!!!!!!IC4!3!UNSPEC!236.1690!182.6300!!!!R85_30!TOP!TOP!
S!!!2!    1!    1!0!!IC4!6!UNSPEC!239.3190!182.6300!!!!R85_30!TOP!TOP!
S!!!!!!!!IC4!6!UNSPEC!239.3190!182.6300!!!!R85_30!TOP!TOP!
S!!!2!    1!    1!0!!IC4!2!UNSPEC!236.1690!183.1300!!!!R85_30!TOP!TOP!
S!!!!!!!!IC4!2!UNSPEC!236.1690!183.1300!!!!R85_30!TOP!TOP!
S!!!2!    1!    1!0!!IC4!1!UNSPEC!236.1690!183.6300!!!!R85_30!TOP!TOP!
S!!!!!!!!IC4!1!UNSPEC!236.1690!183.6300!!!!R85_30!TOP!TOP!
S!!!2!    1!    1!0!!D2!1!UNSPEC!153.4720!189.4840!!!!R315_220!TOP!TOP!
S!!!!!!!!D2!1!UNSPEC!153.4720!189.4840!!!!R315_220!TOP!TOP!
S!!!2!    1!    1!0!!D2!2!UNSPEC!160.4720!189.4840!!!!R315_220!TOP!TOP!
S!!!!!!!!D2!2!UNSPEC!160.4720!189.4840!!!!R315_220!TOP!TOP!
S!!!2!    1!    1!0!!D1!1!UNSPEC!149.2120!188.4680!!!!R270_150!TOP!TOP!
S!!!!!!!!D1!1!UNSPEC!149.2120!188.4680!!!!R270_150!TOP!TOP!
S!!!2!    1!    1!0!!D1!2!UNSPEC!144.4120!188.4680!!!!R270_150!TOP!TOP!
S!!!!!!!!D1!2!UNSPEC!144.4120!188.4680!!!!R270_150!TOP!TOP!
S!!!2!    1!    1!0!!IC8!63!UNSPEC!252.2740!193.7100!!!!R145_30!TOP!TOP!
S!!!!!!!!IC8!63!UNSPEC!252.2740!193.7100!!!!R145_30!TOP!TOP!
S!!!2!    1!    1!0!!IC8!47!UNSPEC!261.2740!191.2100!!!!R145_30!TOP!TOP!
S!!!!!!!!IC8!47!UNSPEC!261.2740!191.2100!!!!R145_30!TOP!TOP!
S!!!2!    1!    1!0!!IC8!31!UNSPEC!258.7740!182.2100!!!!R145_30!TOP!TOP!
S!!!!!!!!IC8!31!UNSPEC!258.7740!182.2100!!!!R145_30!TOP!TOP!
S!!!2!    1!    1!0!!IC8!18!UNSPEC!252.2740!182.2100!!!!R145_30!TOP!TOP!
S!!!!!!!!IC8!18!UNSPEC!252.2740!182.2100!!!!R145_30!TOP!TOP!
S!!!2!    1!    1!0!!IC8!12!UNSPEC!249.7740!186.2100!!!!R145_30!TOP!TOP!
S!!!!!!!!IC8!12!UNSPEC!249.7740!186.2100!!!!R145_30!TOP!TOP!
S!!!2!    1!    1!0!!IC8!64!UNSPEC!251.7740!193.7100!!!!R145_30!TOP!TOP!
S!!!!!!!!IC8!64!UNSPEC!251.7740!193.7100!!!!R145_30!TOP!TOP!
S!!!2!    1!    1!0!!IC8!48!UNSPEC!261.2740!191.7100!!!!R145_30!TOP!TOP!
S!!!!!!!!IC8!48!UNSPEC!261.2740!191.7100!!!!R145_30!TOP!TOP!
S!!!2!    1!    1!0!!IC8!32!UNSPEC!259.2740!182.2100!!!!R145_30!TOP!TOP!
S!!!!!!!!IC8!32!UNSPEC!259.2740!182.2100!!!!R145_30!TOP!TOP!
S!!!2!    1!    1!0!!IC8!19!UNSPEC!252.7740!182.2100!!!!R145_30!TOP!TOP!
S!!!!!!!!IC8!19!UNSPEC!252.7740!182.2100!!!!R145_30!TOP!TOP!
S!!!2!    1!    1!0!!IC8!13!UNSPEC!249.7740!185.7100!!!!R145_30!TOP!TOP!
S!!!!!!!!IC8!13!UNSPEC!249.7740!185.7100!!!!R145_30!TOP!TOP!
S!!!2!    1!    1!0!!IC8!62!UNSPEC!252.7740!193.7100!!!!R145_30!TOP!TOP!
S!!!!!!!!IC8!62!UNSPEC!252.7740!193.7100!!!!R145_30!TOP!TOP!
S!!!2!    1!    1!0!!IC8!30!UNSPEC!258.2740!182.2100!!!!R145_30!TOP!TOP!
S!!!!!!!!IC8!30!UNSPEC!258.2740!182.2100!!!!R145_30!TOP!TOP!
S!!!2!    1!    1!0!!IC8!1!UNSPEC!249.7740!191.7100!!!!R145_30!TOP!TOP!
S!!!!!!!!IC8!1!UNSPEC!249.7740!191.7100!!!!R145_30!TOP!TOP!
S!!!2!    1!    1!0!!IC8!6!UNSPEC!249.7740!189.2100!!!!R145_30!TOP!TOP!
S!!!!!!!!IC8!6!UNSPEC!249.7740!189.2100!!!!R145_30!TOP!TOP!
S!!!2!    1!    1!0!!IC8!5!UNSPEC!249.7740!189.7100!!!!R145_30!TOP!TOP!
S!!!!!!!!IC8!5!UNSPEC!249.7740!189.7100!!!!R145_30!TOP!TOP!
S!!!2!    1!    1!0!!IC8!54!UNSPEC!256.7740!193.7100!!!!R145_30!TOP!TOP!
S!!!!!!!!IC8!54!UNSPEC!256.7740!193.7100!!!!R145_30!TOP!TOP!
S!!!2!    1!    1!0!!IC8!40!UNSPEC!261.2740!187.7100!!!!R145_30!TOP!TOP!
S!!!!!!!!IC8!40!UNSPEC!261.2740!187.7100!!!!R145_30!TOP!TOP!
S!!!2!    1!    1!0!!IC8!39!UNSPEC!261.2740!187.2100!!!!R145_30!TOP!TOP!
S!!!!!!!!IC8!39!UNSPEC!261.2740!187.2100!!!!R145_30!TOP!TOP!
S!!!2!    1!    1!0!!IC8!38!UNSPEC!261.2740!186.7100!!!!R145_30!TOP!TOP!
S!!!!!!!!IC8!38!UNSPEC!261.2740!186.7100!!!!R145_30!TOP!TOP!
S!!!2!    1!    1!0!!IC8!37!UNSPEC!261.2740!186.2100!!!!R145_30!TOP!TOP!
S!!!!!!!!IC8!37!UNSPEC!261.2740!186.2100!!!!R145_30!TOP!TOP!
S!!!2!    1!    1!0!!IC8!25!UNSPEC!255.7740!182.2100!!!!R145_30!TOP!TOP!
S!!!!!!!!IC8!25!UNSPEC!255.7740!182.2100!!!!R145_30!TOP!TOP!
S!!!2!    1!    1!0!!IC8!24!UNSPEC!255.2740!182.2100!!!!R145_30!TOP!TOP!
S!!!!!!!!IC8!24!UNSPEC!255.2740!182.2100!!!!R145_30!TOP!TOP!
S!!!2!    1!    1!0!!IC8!11!UNSPEC!249.7740!186.7100!!!!R145_30!TOP!TOP!
S!!!!!!!!IC8!11!UNSPEC!249.7740!186.7100!!!!R145_30!TOP!TOP!
S!!!2!    1!    1!0!!IC8!10!UNSPEC!249.7740!187.2100!!!!R145_30!TOP!TOP!
S!!!!!!!!IC8!10!UNSPEC!249.7740!187.2100!!!!R145_30!TOP!TOP!
S!!!2!    1!    1!0!!IC8!4!UNSPEC!249.7740!190.2100!!!!R145_30!TOP!TOP!
S!!!!!!!!IC8!4!UNSPEC!249.7740!190.2100!!!!R145_30!TOP!TOP!
S!!!2!    1!    1!0!!IC8!3!UNSPEC!249.7740!190.7100!!!!R145_30!TOP!TOP!
S!!!!!!!!IC8!3!UNSPEC!249.7740!190.7100!!!!R145_30!TOP!TOP!
S!!!2!    1!    1!0!!IC8!2!UNSPEC!249.7740!191.2100!!!!R145_30!TOP!TOP!
S!!!!!!!!IC8!2!UNSPEC!249.7740!191.2100!!!!R145_30!TOP!TOP!
S!!!2!    1!    1!0!!IC8!53!UNSPEC!257.2740!193.7100!!!!R145_30!TOP!TOP!
S!!!!!!!!IC8!53!UNSPEC!257.2740!193.7100!!!!R145_30!TOP!TOP!
S!!!2!    1!    1!0!!IC8!52!UNSPEC!257.7740!193.7100!!!!R145_30!TOP!TOP!
S!!!!!!!!IC8!52!UNSPEC!257.7740!193.7100!!!!R145_30!TOP!TOP!
S!!!2!    1!    1!0!!IC8!51!UNSPEC!258.2740!193.7100!!!!R145_30!TOP!TOP!
S!!!!!!!!IC8!51!UNSPEC!258.2740!193.7100!!!!R145_30!TOP!TOP!
S!!!2!    1!    1!0!!IC8!9!UNSPEC!249.7740!187.7100!!!!R145_30!TOP!TOP!
S!!!!!!!!IC8!9!UNSPEC!249.7740!187.7100!!!!R145_30!TOP!TOP!
S!!!2!    1!    1!0!!IC8!8!UNSPEC!249.7740!188.2100!!!!R145_30!TOP!TOP!
S!!!!!!!!IC8!8!UNSPEC!249.7740!188.2100!!!!R145_30!TOP!TOP!
S!!!2!    1!    1!0!!IC8!61!UNSPEC!253.2740!193.7100!!!!R145_30!TOP!TOP!
S!!!!!!!!IC8!61!UNSPEC!253.2740!193.7100!!!!R145_30!TOP!TOP!
S!!!2!    1!    1!0!!IC8!59!UNSPEC!254.2740!193.7100!!!!R145_30!TOP!TOP!
S!!!!!!!!IC8!59!UNSPEC!254.2740!193.7100!!!!R145_30!TOP!TOP!
S!!!2!    1!    1!0!!IC8!58!UNSPEC!254.7740!193.7100!!!!R145_30!TOP!TOP!
S!!!!!!!!IC8!58!UNSPEC!254.7740!193.7100!!!!R145_30!TOP!TOP!
S!!!2!    1!    1!0!!IC8!57!UNSPEC!255.2740!193.7100!!!!R145_30!TOP!TOP!
S!!!!!!!!IC8!57!UNSPEC!255.2740!193.7100!!!!R145_30!TOP!TOP!
S!!!2!    1!    1!0!!IC8!56!UNSPEC!255.7740!193.7100!!!!R145_30!TOP!TOP!
S!!!!!!!!IC8!56!UNSPEC!255.7740!193.7100!!!!R145_30!TOP!TOP!
S!!!2!    1!    1!0!!IC8!55!UNSPEC!256.2740!193.7100!!!!R145_30!TOP!TOP!
S!!!!!!!!IC8!55!UNSPEC!256.2740!193.7100!!!!R145_30!TOP!TOP!
S!!!2!    1!    1!0!!IC8!28!UNSPEC!257.2740!182.2100!!!!R145_30!TOP!TOP!
S!!!!!!!!IC8!28!UNSPEC!257.2740!182.2100!!!!R145_30!TOP!TOP!
S!!!2!    1!    1!0!!IC8!36!UNSPEC!261.2740!185.7100!!!!R145_30!TOP!TOP!
S!!!!!!!!IC8!36!UNSPEC!261.2740!185.7100!!!!R145_30!TOP!TOP!
S!!!2!    1!    1!0!!IC8!35!UNSPEC!261.2740!185.2100!!!!R145_30!TOP!TOP!
S!!!!!!!!IC8!35!UNSPEC!261.2740!185.2100!!!!R145_30!TOP!TOP!
S!!!2!    1!    1!0!!IC8!34!UNSPEC!261.2740!184.7100!!!!R145_30!TOP!TOP!
S!!!!!!!!IC8!34!UNSPEC!261.2740!184.7100!!!!R145_30!TOP!TOP!
S!!!2!    1!    1!0!!IC8!33!UNSPEC!261.2740!184.2100!!!!R145_30!TOP!TOP!
S!!!!!!!!IC8!33!UNSPEC!261.2740!184.2100!!!!R145_30!TOP!TOP!
S!!!2!    1!    1!0!!IC8!29!UNSPEC!257.7740!182.2100!!!!R145_30!TOP!TOP!
S!!!!!!!!IC8!29!UNSPEC!257.7740!182.2100!!!!R145_30!TOP!TOP!
S!!!2!    1!    1!0!!IC8!27!UNSPEC!256.7740!182.2100!!!!R145_30!TOP!TOP!
S!!!!!!!!IC8!27!UNSPEC!256.7740!182.2100!!!!R145_30!TOP!TOP!
S!!!2!    1!    1!0!!IC8!26!UNSPEC!256.2740!182.2100!!!!R145_30!TOP!TOP!
S!!!!!!!!IC8!26!UNSPEC!256.2740!182.2100!!!!R145_30!TOP!TOP!
S!!!2!    1!    1!0!!IC8!42!UNSPEC!261.2740!188.7100!!!!R145_30!TOP!TOP!
S!!!!!!!!IC8!42!UNSPEC!261.2740!188.7100!!!!R145_30!TOP!TOP!
S!!!2!    1!    1!0!!IC8!41!UNSPEC!261.2740!188.2100!!!!R145_30!TOP!TOP!
S!!!!!!!!IC8!41!UNSPEC!261.2740!188.2100!!!!R145_30!TOP!TOP!
S!!!2!    1!    1!0!!IC8!23!UNSPEC!254.7740!182.2100!!!!R145_30!TOP!TOP!
S!!!!!!!!IC8!23!UNSPEC!254.7740!182.2100!!!!R145_30!TOP!TOP!
S!!!2!    1!    1!0!!IC8!22!UNSPEC!254.2740!182.2100!!!!R145_30!TOP!TOP!
S!!!!!!!!IC8!22!UNSPEC!254.2740!182.2100!!!!R145_30!TOP!TOP!
S!!!2!    1!    1!0!!IC8!21!UNSPEC!253.7740!182.2100!!!!R145_30!TOP!TOP!
S!!!!!!!!IC8!21!UNSPEC!253.7740!182.2100!!!!R145_30!TOP!TOP!
S!!!2!    1!    1!0!!IC8!20!UNSPEC!253.2740!182.2100!!!!R145_30!TOP!TOP!
S!!!!!!!!IC8!20!UNSPEC!253.2740!182.2100!!!!R145_30!TOP!TOP!
S!!!2!    1!    1!0!!IC8!17!UNSPEC!251.7740!182.2100!!!!R145_30!TOP!TOP!
S!!!!!!!!IC8!17!UNSPEC!251.7740!182.2100!!!!R145_30!TOP!TOP!
S!!!2!    1!    1!0!!IC8!16!UNSPEC!249.7740!184.2100!!!!R145_30!TOP!TOP!
S!!!!!!!!IC8!16!UNSPEC!249.7740!184.2100!!!!R145_30!TOP!TOP!
S!!!2!    1!    1!0!!IC8!50!UNSPEC!258.7740!193.7100!!!!R145_30!TOP!TOP!
S!!!!!!!!IC8!50!UNSPEC!258.7740!193.7100!!!!R145_30!TOP!TOP!
S!!!2!    1!    1!0!!IC8!49!UNSPEC!259.2740!193.7100!!!!R145_30!TOP!TOP!
S!!!!!!!!IC8!49!UNSPEC!259.2740!193.7100!!!!R145_30!TOP!TOP!
S!!!2!    1!    1!0!!IC8!46!UNSPEC!261.2740!190.7100!!!!R145_30!TOP!TOP!
S!!!!!!!!IC8!46!UNSPEC!261.2740!190.7100!!!!R145_30!TOP!TOP!
S!!!2!    1!    1!0!!IC8!45!UNSPEC!261.2740!190.2100!!!!R145_30!TOP!TOP!
S!!!!!!!!IC8!45!UNSPEC!261.2740!190.2100!!!!R145_30!TOP!TOP!
S!!!2!    1!    1!0!!IC8!44!UNSPEC!261.2740!189.7100!!!!R145_30!TOP!TOP!
S!!!!!!!!IC8!44!UNSPEC!261.2740!189.7100!!!!R145_30!TOP!TOP!
S!!!2!    1!    1!0!!IC8!43!UNSPEC!261.2740!189.2100!!!!R145_30!TOP!TOP!
S!!!!!!!!IC8!43!UNSPEC!261.2740!189.2100!!!!R145_30!TOP!TOP!
S!!!2!    1!    1!0!!IC8!15!UNSPEC!249.7740!184.7100!!!!R145_30!TOP!TOP!
S!!!!!!!!IC8!15!UNSPEC!249.7740!184.7100!!!!R145_30!TOP!TOP!
S!!!2!    1!    1!0!!IC8!14!UNSPEC!249.7740!185.2100!!!!R145_30!TOP!TOP!
S!!!!!!!!IC8!14!UNSPEC!249.7740!185.2100!!!!R145_30!TOP!TOP!
S!!!2!    1!    1!0!!IC8!7!UNSPEC!249.7740!188.7100!!!!R145_30!TOP!TOP!
S!!!!!!!!IC8!7!UNSPEC!249.7740!188.7100!!!!R145_30!TOP!TOP!
S!!!2!    1!    1!0!!IC8!60!UNSPEC!253.7740!193.7100!!!!R145_30!TOP!TOP!
S!!!!!!!!IC8!60!UNSPEC!253.7740!193.7100!!!!R145_30!TOP!TOP!
S!!!2!    1!    1!0!!IC17!26!UNSPEC!265.7800!182.2540!!!!R147_5_30!TOP!TOP!
S!!!!!!!!IC17!26!UNSPEC!265.7800!182.2540!!!!R147_5_30!TOP!TOP!
S!!!2!    1!    1!0!!IC17!83!UNSPEC!274.2800!197.7300!!!!R147_5_30!TOP!TOP!
S!!!!!!!!IC17!83!UNSPEC!274.2800!197.7300!!!!R147_5_30!TOP!TOP!
S!!!2!    1!    1!0!!IC17!63!UNSPEC!279.5180!189.9920!!!!R147_5_30!TOP!TOP!
S!!!!!!!!IC17!63!UNSPEC!279.5180!189.9920!!!!R147_5_30!TOP!TOP!
S!!!2!    1!    1!0!!IC17!36!UNSPEC!270.7800!182.2540!!!!R147_5_30!TOP!TOP!
S!!!!!!!!IC17!36!UNSPEC!270.7800!182.2540!!!!R147_5_30!TOP!TOP!
S!!!2!    1!    1!0!!IC17!12!UNSPEC!264.0420!190.4920!!!!R147_5_30!TOP!TOP!
S!!!!!!!!IC17!12!UNSPEC!264.0420!190.4920!!!!R147_5_30!TOP!TOP!
S!!!2!    1!    1!0!!IC17!27!UNSPEC!266.2800!182.2540!!!!R147_5_30!TOP!TOP!
S!!!!!!!!IC17!27!UNSPEC!266.2800!182.2540!!!!R147_5_30!TOP!TOP!
S!!!2!    1!    1!0!!IC17!9!UNSPEC!264.0420!191.9920!!!!R147_5_30!TOP!TOP!
S!!!!!!!!IC17!9!UNSPEC!264.0420!191.9920!!!!R147_5_30!TOP!TOP!
S!!!2!    1!    1!0!!IC17!28!UNSPEC!266.7800!182.2540!!!!R147_5_30!TOP!TOP!
S!!!!!!!!IC17!28!UNSPEC!266.7800!182.2540!!!!R147_5_30!TOP!TOP!
S!!!2!    1!    1!0!!IC17!82!UNSPEC!274.7800!197.7300!!!!R147_5_30!TOP!TOP!
S!!!!!!!!IC17!82!UNSPEC!274.7800!197.7300!!!!R147_5_30!TOP!TOP!
S!!!2!    1!    1!0!!IC17!62!UNSPEC!279.5180!189.4920!!!!R147_5_30!TOP!TOP!
S!!!!!!!!IC17!62!UNSPEC!279.5180!189.4920!!!!R147_5_30!TOP!TOP!
S!!!2!    1!    1!0!!IC17!37!UNSPEC!271.2800!182.2540!!!!R147_5_30!TOP!TOP!
S!!!!!!!!IC17!37!UNSPEC!271.2800!182.2540!!!!R147_5_30!TOP!TOP!
S!!!2!    1!    1!0!!IC17!15!UNSPEC!264.0420!188.9920!!!!R147_5_30!TOP!TOP!
S!!!!!!!!IC17!15!UNSPEC!264.0420!188.9920!!!!R147_5_30!TOP!TOP!
S!!!2!    1!    1!0!!IC17!38!UNSPEC!271.7800!182.2540!!!!R147_5_30!TOP!TOP!
S!!!!!!!!IC17!38!UNSPEC!271.7800!182.2540!!!!R147_5_30!TOP!TOP!
S!!!2!    1!    1!0!!IC17!46!UNSPEC!275.7800!182.2540!!!!R147_5_30!TOP!TOP!
S!!!!!!!!IC17!46!UNSPEC!275.7800!182.2540!!!!R147_5_30!TOP!TOP!
S!!!2!    1!    1!0!!IC17!45!UNSPEC!275.2800!182.2540!!!!R147_5_30!TOP!TOP!
S!!!!!!!!IC17!45!UNSPEC!275.2800!182.2540!!!!R147_5_30!TOP!TOP!
S!!!2!    1!    1!0!!IC17!8!UNSPEC!264.0420!192.4920!!!!R147_5_30!TOP!TOP!
S!!!!!!!!IC17!8!UNSPEC!264.0420!192.4920!!!!R147_5_30!TOP!TOP!
S!!!2!    1!    1!0!!IC17!16!UNSPEC!264.0420!188.4920!!!!R147_5_30!TOP!TOP!
S!!!!!!!!IC17!16!UNSPEC!264.0420!188.4920!!!!R147_5_30!TOP!TOP!
S!!!2!    1!    1!0!!IC17!61!UNSPEC!279.5180!188.9920!!!!R147_5_30!TOP!TOP!
S!!!!!!!!IC17!61!UNSPEC!279.5180!188.9920!!!!R147_5_30!TOP!TOP!
S!!!2!    1!    1!0!!IC17!60!UNSPEC!279.5180!188.4920!!!!R147_5_30!TOP!TOP!
S!!!!!!!!IC17!60!UNSPEC!279.5180!188.4920!!!!R147_5_30!TOP!TOP!
S!!!2!    1!    1!0!!IC17!59!UNSPEC!279.5180!187.9920!!!!R147_5_30!TOP!TOP!
S!!!!!!!!IC17!59!UNSPEC!279.5180!187.9920!!!!R147_5_30!TOP!TOP!
S!!!2!    1!    1!0!!IC17!64!UNSPEC!279.5180!190.4920!!!!R147_5_30!TOP!TOP!
S!!!!!!!!IC17!64!UNSPEC!279.5180!190.4920!!!!R147_5_30!TOP!TOP!
S!!!2!    1!    1!0!!IC17!65!UNSPEC!279.5180!190.9920!!!!R147_5_30!TOP!TOP!
S!!!!!!!!IC17!65!UNSPEC!279.5180!190.9920!!!!R147_5_30!TOP!TOP!
S!!!2!    1!    1!0!!IC17!66!UNSPEC!279.5180!191.4920!!!!R147_5_30!TOP!TOP!
S!!!!!!!!IC17!66!UNSPEC!279.5180!191.4920!!!!R147_5_30!TOP!TOP!
S!!!2!    1!    1!0!!IC17!67!UNSPEC!279.5180!191.9920!!!!R147_5_30!TOP!TOP!
S!!!!!!!!IC17!67!UNSPEC!279.5180!191.9920!!!!R147_5_30!TOP!TOP!
S!!!2!    1!    1!0!!IC17!81!UNSPEC!275.2800!197.7300!!!!R147_5_30!TOP!TOP!
S!!!!!!!!IC17!81!UNSPEC!275.2800!197.7300!!!!R147_5_30!TOP!TOP!
S!!!2!    1!    1!0!!IC17!80!UNSPEC!275.7800!197.7300!!!!R147_5_30!TOP!TOP!
S!!!!!!!!IC17!80!UNSPEC!275.7800!197.7300!!!!R147_5_30!TOP!TOP!
S!!!2!    1!    1!0!!IC17!79!UNSPEC!276.2800!197.7300!!!!R147_5_30!TOP!TOP!
S!!!!!!!!IC17!79!UNSPEC!276.2800!197.7300!!!!R147_5_30!TOP!TOP!
S!!!2!    1!    1!0!!IC17!78!UNSPEC!276.7800!197.7300!!!!R147_5_30!TOP!TOP!
S!!!!!!!!IC17!78!UNSPEC!276.7800!197.7300!!!!R147_5_30!TOP!TOP!
S!!!2!    1!    1!0!!IC17!77!UNSPEC!277.2800!197.7300!!!!R147_5_30!TOP!TOP!
S!!!!!!!!IC17!77!UNSPEC!277.2800!197.7300!!!!R147_5_30!TOP!TOP!
S!!!2!    1!    1!0!!IC17!76!UNSPEC!277.7800!197.7300!!!!R147_5_30!TOP!TOP!
S!!!!!!!!IC17!76!UNSPEC!277.7800!197.7300!!!!R147_5_30!TOP!TOP!
S!!!2!    1!    1!0!!IC17!17!UNSPEC!264.0420!187.9920!!!!R147_5_30!TOP!TOP!
S!!!!!!!!IC17!17!UNSPEC!264.0420!187.9920!!!!R147_5_30!TOP!TOP!
S!!!2!    1!    1!0!!IC17!18!UNSPEC!264.0420!187.4920!!!!R147_5_30!TOP!TOP!
S!!!!!!!!IC17!18!UNSPEC!264.0420!187.4920!!!!R147_5_30!TOP!TOP!
S!!!2!    1!    1!0!!IC17!19!UNSPEC!264.0420!186.9920!!!!R147_5_30!TOP!TOP!
S!!!!!!!!IC17!19!UNSPEC!264.0420!186.9920!!!!R147_5_30!TOP!TOP!
S!!!2!    1!    1!0!!IC17!20!UNSPEC!264.0420!186.4920!!!!R147_5_30!TOP!TOP!
S!!!!!!!!IC17!20!UNSPEC!264.0420!186.4920!!!!R147_5_30!TOP!TOP!
S!!!2!    1!    1!0!!IC17!21!UNSPEC!264.0420!185.9920!!!!R147_5_30!TOP!TOP!
S!!!!!!!!IC17!21!UNSPEC!264.0420!185.9920!!!!R147_5_30!TOP!TOP!
S!!!2!    1!    1!0!!IC17!22!UNSPEC!264.0420!185.4920!!!!R147_5_30!TOP!TOP!
S!!!!!!!!IC17!22!UNSPEC!264.0420!185.4920!!!!R147_5_30!TOP!TOP!
S!!!2!    1!    1!0!!IC17!23!UNSPEC!264.0420!184.9920!!!!R147_5_30!TOP!TOP!
S!!!!!!!!IC17!23!UNSPEC!264.0420!184.9920!!!!R147_5_30!TOP!TOP!
S!!!2!    1!    1!0!!IC17!24!UNSPEC!264.0420!184.4920!!!!R147_5_30!TOP!TOP!
S!!!!!!!!IC17!24!UNSPEC!264.0420!184.4920!!!!R147_5_30!TOP!TOP!
S!!!2!    1!    1!0!!IC17!25!UNSPEC!264.0420!183.9920!!!!R147_5_30!TOP!TOP!
S!!!!!!!!IC17!25!UNSPEC!264.0420!183.9920!!!!R147_5_30!TOP!TOP!
S!!!2!    1!    1!0!!IC17!7!UNSPEC!264.0420!192.9920!!!!R147_5_30!TOP!TOP!
S!!!!!!!!IC17!7!UNSPEC!264.0420!192.9920!!!!R147_5_30!TOP!TOP!
S!!!2!    1!    1!0!!IC17!6!UNSPEC!264.0420!193.4920!!!!R147_5_30!TOP!TOP!
S!!!!!!!!IC17!6!UNSPEC!264.0420!193.4920!!!!R147_5_30!TOP!TOP!
S!!!2!    1!    1!0!!IC17!5!UNSPEC!264.0420!193.9920!!!!R147_5_30!TOP!TOP!
S!!!!!!!!IC17!5!UNSPEC!264.0420!193.9920!!!!R147_5_30!TOP!TOP!
S!!!2!    1!    1!0!!IC17!4!UNSPEC!264.0420!194.4920!!!!R147_5_30!TOP!TOP!
S!!!!!!!!IC17!4!UNSPEC!264.0420!194.4920!!!!R147_5_30!TOP!TOP!
S!!!2!    1!    1!0!!IC17!3!UNSPEC!264.0420!194.9920!!!!R147_5_30!TOP!TOP!
S!!!!!!!!IC17!3!UNSPEC!264.0420!194.9920!!!!R147_5_30!TOP!TOP!
S!!!2!    1!    1!0!!IC17!2!UNSPEC!264.0420!195.4920!!!!R147_5_30!TOP!TOP!
S!!!!!!!!IC17!2!UNSPEC!264.0420!195.4920!!!!R147_5_30!TOP!TOP!
S!!!2!    1!    1!0!!IC17!1!UNSPEC!264.0420!195.9920!!!!R147_5_30!TOP!TOP!
S!!!!!!!!IC17!1!UNSPEC!264.0420!195.9920!!!!R147_5_30!TOP!TOP!
S!!!2!    1!    1!0!!IC17!41!UNSPEC!273.2800!182.2540!!!!R147_5_30!TOP!TOP!
S!!!!!!!!IC17!41!UNSPEC!273.2800!182.2540!!!!R147_5_30!TOP!TOP!
S!!!2!    1!    1!0!!IC17!42!UNSPEC!273.7800!182.2540!!!!R147_5_30!TOP!TOP!
S!!!!!!!!IC17!42!UNSPEC!273.7800!182.2540!!!!R147_5_30!TOP!TOP!
S!!!2!    1!    1!0!!IC17!43!UNSPEC!274.2800!182.2540!!!!R147_5_30!TOP!TOP!
S!!!!!!!!IC17!43!UNSPEC!274.2800!182.2540!!!!R147_5_30!TOP!TOP!
S!!!2!    1!    1!0!!IC17!44!UNSPEC!274.7800!182.2540!!!!R147_5_30!TOP!TOP!
S!!!!!!!!IC17!44!UNSPEC!274.7800!182.2540!!!!R147_5_30!TOP!TOP!
S!!!2!    1!    1!0!!IC17!47!UNSPEC!276.2800!182.2540!!!!R147_5_30!TOP!TOP!
S!!!!!!!!IC17!47!UNSPEC!276.2800!182.2540!!!!R147_5_30!TOP!TOP!
S!!!2!    1!    1!0!!IC17!48!UNSPEC!276.7800!182.2540!!!!R147_5_30!TOP!TOP!
S!!!!!!!!IC17!48!UNSPEC!276.7800!182.2540!!!!R147_5_30!TOP!TOP!
S!!!2!    1!    1!0!!IC17!49!UNSPEC!277.2800!182.2540!!!!R147_5_30!TOP!TOP!
S!!!!!!!!IC17!49!UNSPEC!277.2800!182.2540!!!!R147_5_30!TOP!TOP!
S!!!2!    1!    1!0!!IC17!50!UNSPEC!277.7800!182.2540!!!!R147_5_30!TOP!TOP!
S!!!!!!!!IC17!50!UNSPEC!277.7800!182.2540!!!!R147_5_30!TOP!TOP!
S!!!2!    1!    1!0!!IC17!10!UNSPEC!264.0420!191.4920!!!!R147_5_30!TOP!TOP!
S!!!!!!!!IC17!10!UNSPEC!264.0420!191.4920!!!!R147_5_30!TOP!TOP!
S!!!2!    1!    1!0!!IC17!11!UNSPEC!264.0420!190.9920!!!!R147_5_30!TOP!TOP!
S!!!!!!!!IC17!11!UNSPEC!264.0420!190.9920!!!!R147_5_30!TOP!TOP!
S!!!2!    1!    1!0!!IC17!13!UNSPEC!264.0420!189.9920!!!!R147_5_30!TOP!TOP!
S!!!!!!!!IC17!13!UNSPEC!264.0420!189.9920!!!!R147_5_30!TOP!TOP!
S!!!2!    1!    1!0!!IC17!14!UNSPEC!264.0420!189.4920!!!!R147_5_30!TOP!TOP!
S!!!!!!!!IC17!14!UNSPEC!264.0420!189.4920!!!!R147_5_30!TOP!TOP!
S!!!2!    1!    1!0!!IC17!29!UNSPEC!267.2800!182.2540!!!!R147_5_30!TOP!TOP!
S!!!!!!!!IC17!29!UNSPEC!267.2800!182.2540!!!!R147_5_30!TOP!TOP!
S!!!2!    1!    1!0!!IC17!30!UNSPEC!267.7800!182.2540!!!!R147_5_30!TOP!TOP!
S!!!!!!!!IC17!30!UNSPEC!267.7800!182.2540!!!!R147_5_30!TOP!TOP!
S!!!2!    1!    1!0!!IC17!31!UNSPEC!268.2800!182.2540!!!!R147_5_30!TOP!TOP!
S!!!!!!!!IC17!31!UNSPEC!268.2800!182.2540!!!!R147_5_30!TOP!TOP!
S!!!2!    1!    1!0!!IC17!32!UNSPEC!268.7800!182.2540!!!!R147_5_30!TOP!TOP!
S!!!!!!!!IC17!32!UNSPEC!268.7800!182.2540!!!!R147_5_30!TOP!TOP!
S!!!2!    1!    1!0!!IC17!33!UNSPEC!269.2800!182.2540!!!!R147_5_30!TOP!TOP!
S!!!!!!!!IC17!33!UNSPEC!269.2800!182.2540!!!!R147_5_30!TOP!TOP!
S!!!2!    1!    1!0!!IC17!34!UNSPEC!269.7800!182.2540!!!!R147_5_30!TOP!TOP!
S!!!!!!!!IC17!34!UNSPEC!269.7800!182.2540!!!!R147_5_30!TOP!TOP!
S!!!2!    1!    1!0!!IC17!35!UNSPEC!270.2800!182.2540!!!!R147_5_30!TOP!TOP!
S!!!!!!!!IC17!35!UNSPEC!270.2800!182.2540!!!!R147_5_30!TOP!TOP!
S!!!2!    1!    1!0!!IC17!39!UNSPEC!272.2800!182.2540!!!!R147_5_30!TOP!TOP!
S!!!!!!!!IC17!39!UNSPEC!272.2800!182.2540!!!!R147_5_30!TOP!TOP!
S!!!2!    1!    1!0!!IC17!40!UNSPEC!272.7800!182.2540!!!!R147_5_30!TOP!TOP!
S!!!!!!!!IC17!40!UNSPEC!272.7800!182.2540!!!!R147_5_30!TOP!TOP!
S!!!2!    1!    1!0!!IC17!58!UNSPEC!279.5180!187.4920!!!!R147_5_30!TOP!TOP!
S!!!!!!!!IC17!58!UNSPEC!279.5180!187.4920!!!!R147_5_30!TOP!TOP!
S!!!2!    1!    1!0!!IC17!57!UNSPEC!279.5180!186.9920!!!!R147_5_30!TOP!TOP!
S!!!!!!!!IC17!57!UNSPEC!279.5180!186.9920!!!!R147_5_30!TOP!TOP!
S!!!2!    1!    1!0!!IC17!56!UNSPEC!279.5180!186.4920!!!!R147_5_30!TOP!TOP!
S!!!!!!!!IC17!56!UNSPEC!279.5180!186.4920!!!!R147_5_30!TOP!TOP!
S!!!2!    1!    1!0!!IC17!55!UNSPEC!279.5180!185.9920!!!!R147_5_30!TOP!TOP!
S!!!!!!!!IC17!55!UNSPEC!279.5180!185.9920!!!!R147_5_30!TOP!TOP!
S!!!2!    1!    1!0!!IC17!54!UNSPEC!279.5180!185.4920!!!!R147_5_30!TOP!TOP!
S!!!!!!!!IC17!54!UNSPEC!279.5180!185.4920!!!!R147_5_30!TOP!TOP!
S!!!2!    1!    1!0!!IC17!53!UNSPEC!279.5180!184.9920!!!!R147_5_30!TOP!TOP!
S!!!!!!!!IC17!53!UNSPEC!279.5180!184.9920!!!!R147_5_30!TOP!TOP!
S!!!2!    1!    1!0!!IC17!52!UNSPEC!279.5180!184.4920!!!!R147_5_30!TOP!TOP!
S!!!!!!!!IC17!52!UNSPEC!279.5180!184.4920!!!!R147_5_30!TOP!TOP!
S!!!2!    1!    1!0!!IC17!51!UNSPEC!279.5180!183.9920!!!!R147_5_30!TOP!TOP!
S!!!!!!!!IC17!51!UNSPEC!279.5180!183.9920!!!!R147_5_30!TOP!TOP!
S!!!2!    1!    1!0!!IC17!68!UNSPEC!279.5180!192.4920!!!!R147_5_30!TOP!TOP!
S!!!!!!!!IC17!68!UNSPEC!279.5180!192.4920!!!!R147_5_30!TOP!TOP!
S!!!2!    1!    1!0!!IC17!69!UNSPEC!279.5180!192.9920!!!!R147_5_30!TOP!TOP!
S!!!!!!!!IC17!69!UNSPEC!279.5180!192.9920!!!!R147_5_30!TOP!TOP!
S!!!2!    1!    1!0!!IC17!70!UNSPEC!279.5180!193.4920!!!!R147_5_30!TOP!TOP!
S!!!!!!!!IC17!70!UNSPEC!279.5180!193.4920!!!!R147_5_30!TOP!TOP!
S!!!2!    1!    1!0!!IC17!71!UNSPEC!279.5180!193.9920!!!!R147_5_30!TOP!TOP!
S!!!!!!!!IC17!71!UNSPEC!279.5180!193.9920!!!!R147_5_30!TOP!TOP!
S!!!2!    1!    1!0!!IC17!72!UNSPEC!279.5180!194.4920!!!!R147_5_30!TOP!TOP!
S!!!!!!!!IC17!72!UNSPEC!279.5180!194.4920!!!!R147_5_30!TOP!TOP!
S!!!2!    1!    1!0!!IC17!73!UNSPEC!279.5180!194.9920!!!!R147_5_30!TOP!TOP!
S!!!!!!!!IC17!73!UNSPEC!279.5180!194.9920!!!!R147_5_30!TOP!TOP!
S!!!2!    1!    1!0!!IC17!74!UNSPEC!279.5180!195.4920!!!!R147_5_30!TOP!TOP!
S!!!!!!!!IC17!74!UNSPEC!279.5180!195.4920!!!!R147_5_30!TOP!TOP!
S!!!2!    1!    1!0!!IC17!75!UNSPEC!279.5180!195.9920!!!!R147_5_30!TOP!TOP!
S!!!!!!!!IC17!75!UNSPEC!279.5180!195.9920!!!!R147_5_30!TOP!TOP!
S!!!2!    1!    1!0!!IC17!84!UNSPEC!273.7800!197.7300!!!!R147_5_30!TOP!TOP!
S!!!!!!!!IC17!84!UNSPEC!273.7800!197.7300!!!!R147_5_30!TOP!TOP!
S!!!2!    1!    1!0!!IC17!85!UNSPEC!273.2800!197.7300!!!!R147_5_30!TOP!TOP!
S!!!!!!!!IC17!85!UNSPEC!273.2800!197.7300!!!!R147_5_30!TOP!TOP!
S!!!2!    1!    1!0!!IC17!86!UNSPEC!272.7800!197.7300!!!!R147_5_30!TOP!TOP!
S!!!!!!!!IC17!86!UNSPEC!272.7800!197.7300!!!!R147_5_30!TOP!TOP!
S!!!2!    1!    1!0!!IC17!87!UNSPEC!272.2800!197.7300!!!!R147_5_30!TOP!TOP!
S!!!!!!!!IC17!87!UNSPEC!272.2800!197.7300!!!!R147_5_30!TOP!TOP!
S!!!2!    1!    1!0!!IC17!90!UNSPEC!270.7800!197.7300!!!!R147_5_30!TOP!TOP!
S!!!!!!!!IC17!90!UNSPEC!270.7800!197.7300!!!!R147_5_30!TOP!TOP!
S!!!2!    1!    1!0!!IC17!91!UNSPEC!270.2800!197.7300!!!!R147_5_30!TOP!TOP!
S!!!!!!!!IC17!91!UNSPEC!270.2800!197.7300!!!!R147_5_30!TOP!TOP!
S!!!2!    1!    1!0!!IC17!92!UNSPEC!269.7800!197.7300!!!!R147_5_30!TOP!TOP!
S!!!!!!!!IC17!92!UNSPEC!269.7800!197.7300!!!!R147_5_30!TOP!TOP!
S!!!2!    1!    1!0!!IC17!93!UNSPEC!269.2800!197.7300!!!!R147_5_30!TOP!TOP!
S!!!!!!!!IC17!93!UNSPEC!269.2800!197.7300!!!!R147_5_30!TOP!TOP!
S!!!2!    1!    1!0!!IC17!94!UNSPEC!268.7800!197.7300!!!!R147_5_30!TOP!TOP!
S!!!!!!!!IC17!94!UNSPEC!268.7800!197.7300!!!!R147_5_30!TOP!TOP!
S!!!2!    1!    1!0!!IC17!95!UNSPEC!268.2800!197.7300!!!!R147_5_30!TOP!TOP!
S!!!!!!!!IC17!95!UNSPEC!268.2800!197.7300!!!!R147_5_30!TOP!TOP!
S!!!2!    1!    1!0!!IC17!96!UNSPEC!267.7800!197.7300!!!!R147_5_30!TOP!TOP!
S!!!!!!!!IC17!96!UNSPEC!267.7800!197.7300!!!!R147_5_30!TOP!TOP!
S!!!2!    1!    1!0!!IC17!97!UNSPEC!267.2800!197.7300!!!!R147_5_30!TOP!TOP!
S!!!!!!!!IC17!97!UNSPEC!267.2800!197.7300!!!!R147_5_30!TOP!TOP!
S!!!2!    1!    1!0!!IC17!98!UNSPEC!266.7800!197.7300!!!!R147_5_30!TOP!TOP!
S!!!!!!!!IC17!98!UNSPEC!266.7800!197.7300!!!!R147_5_30!TOP!TOP!
S!!!2!    1!    1!0!!IC17!99!UNSPEC!266.2800!197.7300!!!!R147_5_30!TOP!TOP!
S!!!!!!!!IC17!99!UNSPEC!266.2800!197.7300!!!!R147_5_30!TOP!TOP!
S!!!2!    1!    1!0!!IC17!100!UNSPEC!265.7800!197.7300!!!!R147_5_30!TOP!TOP!
S!!!!!!!!IC17!100!UNSPEC!265.7800!197.7300!!!!R147_5_30!TOP!TOP!
S!!!2!    1!    1!0!!IC17!89!UNSPEC!271.2800!197.7300!!!!R147_5_30!TOP!TOP!
S!!!!!!!!IC17!89!UNSPEC!271.2800!197.7300!!!!R147_5_30!TOP!TOP!
S!!!2!    1!    1!0!!IC17!88!UNSPEC!271.7800!197.7300!!!!R147_5_30!TOP!TOP!
S!!!!!!!!IC17!88!UNSPEC!271.7800!197.7300!!!!R147_5_30!TOP!TOP!
S!!!2!    1!    1!0!!IC16!56!UNSPEC!306.5740!178.4580!!!!R147_5_30!TOP!TOP!
S!!!!!!!!IC16!56!UNSPEC!306.5740!178.4580!!!!R147_5_30!TOP!TOP!
S!!!2!    1!    1!0!!IC16!22!UNSPEC!305.0740!166.9820!!!!R147_5_30!TOP!TOP!
S!!!!!!!!IC16!22!UNSPEC!305.0740!166.9820!!!!R147_5_30!TOP!TOP!
S!!!2!    1!    1!0!!IC16!8!UNSPEC!300.5860!172.9700!!!!R147_5_30!TOP!TOP!
S!!!!!!!!IC16!8!UNSPEC!300.5860!172.9700!!!!R147_5_30!TOP!TOP!
S!!!2!    1!    1!0!!IC16!39!UNSPEC!312.0620!171.9700!!!!R147_5_30!TOP!TOP!
S!!!!!!!!IC16!39!UNSPEC!312.0620!171.9700!!!!R147_5_30!TOP!TOP!
S!!!2!    1!    1!0!!IC16!20!UNSPEC!304.0740!166.9820!!!!R147_5_30!TOP!TOP!
S!!!!!!!!IC16!20!UNSPEC!304.0740!166.9820!!!!R147_5_30!TOP!TOP!
S!!!2!    1!    1!0!!IC16!54!UNSPEC!307.5740!178.4580!!!!R147_5_30!TOP!TOP!
S!!!!!!!!IC16!54!UNSPEC!307.5740!178.4580!!!!R147_5_30!TOP!TOP!
S!!!2!    1!    1!0!!IC16!53!UNSPEC!308.0740!178.4580!!!!R147_5_30!TOP!TOP!
S!!!!!!!!IC16!53!UNSPEC!308.0740!178.4580!!!!R147_5_30!TOP!TOP!
S!!!2!    1!    1!0!!IC16!52!UNSPEC!308.5740!178.4580!!!!R147_5_30!TOP!TOP!
S!!!!!!!!IC16!52!UNSPEC!308.5740!178.4580!!!!R147_5_30!TOP!TOP!
S!!!2!    1!    1!0!!IC16!51!UNSPEC!309.0740!178.4580!!!!R147_5_30!TOP!TOP!
S!!!!!!!!IC16!51!UNSPEC!309.0740!178.4580!!!!R147_5_30!TOP!TOP!
S!!!2!    1!    1!0!!IC16!50!UNSPEC!309.5740!178.4580!!!!R147_5_30!TOP!TOP!
S!!!!!!!!IC16!50!UNSPEC!309.5740!178.4580!!!!R147_5_30!TOP!TOP!
S!!!2!    1!    1!0!!IC16!49!UNSPEC!310.0740!178.4580!!!!R147_5_30!TOP!TOP!
S!!!!!!!!IC16!49!UNSPEC!310.0740!178.4580!!!!R147_5_30!TOP!TOP!
S!!!2!    1!    1!0!!IC16!58!UNSPEC!305.5740!178.4580!!!!R147_5_30!TOP!TOP!
S!!!!!!!!IC16!58!UNSPEC!305.5740!178.4580!!!!R147_5_30!TOP!TOP!
S!!!2!    1!    1!0!!IC16!57!UNSPEC!306.0740!178.4580!!!!R147_5_30!TOP!TOP!
S!!!!!!!!IC16!57!UNSPEC!306.0740!178.4580!!!!R147_5_30!TOP!TOP!
S!!!2!    1!    1!0!!IC16!64!UNSPEC!302.5740!178.4580!!!!R147_5_30!TOP!TOP!
S!!!!!!!!IC16!64!UNSPEC!302.5740!178.4580!!!!R147_5_30!TOP!TOP!
S!!!2!    1!    1!0!!IC16!63!UNSPEC!303.0740!178.4580!!!!R147_5_30!TOP!TOP!
S!!!!!!!!IC16!63!UNSPEC!303.0740!178.4580!!!!R147_5_30!TOP!TOP!
S!!!2!    1!    1!0!!IC16!62!UNSPEC!303.5740!178.4580!!!!R147_5_30!TOP!TOP!
S!!!!!!!!IC16!62!UNSPEC!303.5740!178.4580!!!!R147_5_30!TOP!TOP!
S!!!2!    1!    1!0!!IC16!61!UNSPEC!304.0740!178.4580!!!!R147_5_30!TOP!TOP!
S!!!!!!!!IC16!61!UNSPEC!304.0740!178.4580!!!!R147_5_30!TOP!TOP!
S!!!2!    1!    1!0!!IC16!60!UNSPEC!304.5740!178.4580!!!!R147_5_30!TOP!TOP!
S!!!!!!!!IC16!60!UNSPEC!304.5740!178.4580!!!!R147_5_30!TOP!TOP!
S!!!2!    1!    1!0!!IC16!59!UNSPEC!305.0740!178.4580!!!!R147_5_30!TOP!TOP!
S!!!!!!!!IC16!59!UNSPEC!305.0740!178.4580!!!!R147_5_30!TOP!TOP!
S!!!2!    1!    1!0!!IC16!36!UNSPEC!312.0620!170.4700!!!!R147_5_30!TOP!TOP!
S!!!!!!!!IC16!36!UNSPEC!312.0620!170.4700!!!!R147_5_30!TOP!TOP!
S!!!2!    1!    1!0!!IC16!35!UNSPEC!312.0620!169.9700!!!!R147_5_30!TOP!TOP!
S!!!!!!!!IC16!35!UNSPEC!312.0620!169.9700!!!!R147_5_30!TOP!TOP!
S!!!2!    1!    1!0!!IC16!34!UNSPEC!312.0620!169.4700!!!!R147_5_30!TOP!TOP!
S!!!!!!!!IC16!34!UNSPEC!312.0620!169.4700!!!!R147_5_30!TOP!TOP!
S!!!2!    1!    1!0!!IC16!33!UNSPEC!312.0620!168.9700!!!!R147_5_30!TOP!TOP!
S!!!!!!!!IC16!33!UNSPEC!312.0620!168.9700!!!!R147_5_30!TOP!TOP!
S!!!2!    1!    1!0!!IC16!32!UNSPEC!310.0740!166.9820!!!!R147_5_30!TOP!TOP!
S!!!!!!!!IC16!32!UNSPEC!310.0740!166.9820!!!!R147_5_30!TOP!TOP!
S!!!2!    1!    1!0!!IC16!31!UNSPEC!309.5740!166.9820!!!!R147_5_30!TOP!TOP!
S!!!!!!!!IC16!31!UNSPEC!309.5740!166.9820!!!!R147_5_30!TOP!TOP!
S!!!2!    1!    1!0!!IC16!30!UNSPEC!309.0740!166.9820!!!!R147_5_30!TOP!TOP!
S!!!!!!!!IC16!30!UNSPEC!309.0740!166.9820!!!!R147_5_30!TOP!TOP!
S!!!2!    1!    1!0!!IC16!29!UNSPEC!308.5740!166.9820!!!!R147_5_30!TOP!TOP!
S!!!!!!!!IC16!29!UNSPEC!308.5740!166.9820!!!!R147_5_30!TOP!TOP!
S!!!2!    1!    1!0!!IC16!28!UNSPEC!308.0740!166.9820!!!!R147_5_30!TOP!TOP!
S!!!!!!!!IC16!28!UNSPEC!308.0740!166.9820!!!!R147_5_30!TOP!TOP!
S!!!2!    1!    1!0!!IC16!42!UNSPEC!312.0620!173.4700!!!!R147_5_30!TOP!TOP!
S!!!!!!!!IC16!42!UNSPEC!312.0620!173.4700!!!!R147_5_30!TOP!TOP!
S!!!2!    1!    1!0!!IC16!41!UNSPEC!312.0620!172.9700!!!!R147_5_30!TOP!TOP!
S!!!!!!!!IC16!41!UNSPEC!312.0620!172.9700!!!!R147_5_30!TOP!TOP!
S!!!2!    1!    1!0!!IC16!38!UNSPEC!312.0620!171.4700!!!!R147_5_30!TOP!TOP!
S!!!!!!!!IC16!38!UNSPEC!312.0620!171.4700!!!!R147_5_30!TOP!TOP!
S!!!2!    1!    1!0!!IC16!37!UNSPEC!312.0620!170.9700!!!!R147_5_30!TOP!TOP!
S!!!!!!!!IC16!37!UNSPEC!312.0620!170.9700!!!!R147_5_30!TOP!TOP!
S!!!2!    1!    1!0!!IC16!14!UNSPEC!300.5860!169.9700!!!!R147_5_30!TOP!TOP!
S!!!!!!!!IC16!14!UNSPEC!300.5860!169.9700!!!!R147_5_30!TOP!TOP!
S!!!2!    1!    1!0!!IC16!13!UNSPEC!300.5860!170.4700!!!!R147_5_30!TOP!TOP!
S!!!!!!!!IC16!13!UNSPEC!300.5860!170.4700!!!!R147_5_30!TOP!TOP!
S!!!2!    1!    1!0!!IC16!12!UNSPEC!300.5860!170.9700!!!!R147_5_30!TOP!TOP!
S!!!!!!!!IC16!12!UNSPEC!300.5860!170.9700!!!!R147_5_30!TOP!TOP!
S!!!2!    1!    1!0!!IC16!11!UNSPEC!300.5860!171.4700!!!!R147_5_30!TOP!TOP!
S!!!!!!!!IC16!11!UNSPEC!300.5860!171.4700!!!!R147_5_30!TOP!TOP!
S!!!2!    1!    1!0!!IC16!48!UNSPEC!312.0620!176.4700!!!!R147_5_30!TOP!TOP!
S!!!!!!!!IC16!48!UNSPEC!312.0620!176.4700!!!!R147_5_30!TOP!TOP!
S!!!2!    1!    1!0!!IC16!47!UNSPEC!312.0620!175.9700!!!!R147_5_30!TOP!TOP!
S!!!!!!!!IC16!47!UNSPEC!312.0620!175.9700!!!!R147_5_30!TOP!TOP!
S!!!2!    1!    1!0!!IC16!46!UNSPEC!312.0620!175.4700!!!!R147_5_30!TOP!TOP!
S!!!!!!!!IC16!46!UNSPEC!312.0620!175.4700!!!!R147_5_30!TOP!TOP!
S!!!2!    1!    1!0!!IC16!45!UNSPEC!312.0620!174.9700!!!!R147_5_30!TOP!TOP!
S!!!!!!!!IC16!45!UNSPEC!312.0620!174.9700!!!!R147_5_30!TOP!TOP!
S!!!2!    1!    1!0!!IC16!44!UNSPEC!312.0620!174.4700!!!!R147_5_30!TOP!TOP!
S!!!!!!!!IC16!44!UNSPEC!312.0620!174.4700!!!!R147_5_30!TOP!TOP!
S!!!2!    1!    1!0!!IC16!43!UNSPEC!312.0620!173.9700!!!!R147_5_30!TOP!TOP!
S!!!!!!!!IC16!43!UNSPEC!312.0620!173.9700!!!!R147_5_30!TOP!TOP!
S!!!2!    1!    1!0!!IC16!10!UNSPEC!300.5860!171.9700!!!!R147_5_30!TOP!TOP!
S!!!!!!!!IC16!10!UNSPEC!300.5860!171.9700!!!!R147_5_30!TOP!TOP!
S!!!2!    1!    1!0!!IC16!9!UNSPEC!300.5860!172.4700!!!!R147_5_30!TOP!TOP!
S!!!!!!!!IC16!9!UNSPEC!300.5860!172.4700!!!!R147_5_30!TOP!TOP!
S!!!2!    1!    1!0!!IC16!16!UNSPEC!300.5860!168.9700!!!!R147_5_30!TOP!TOP!
S!!!!!!!!IC16!16!UNSPEC!300.5860!168.9700!!!!R147_5_30!TOP!TOP!
S!!!2!    1!    1!0!!IC16!15!UNSPEC!300.5860!169.4700!!!!R147_5_30!TOP!TOP!
S!!!!!!!!IC16!15!UNSPEC!300.5860!169.4700!!!!R147_5_30!TOP!TOP!
S!!!2!    1!    1!0!!IC16!25!UNSPEC!306.5740!166.9820!!!!R147_5_30!TOP!TOP!
S!!!!!!!!IC16!25!UNSPEC!306.5740!166.9820!!!!R147_5_30!TOP!TOP!
S!!!2!    1!    1!0!!IC16!24!UNSPEC!306.0740!166.9820!!!!R147_5_30!TOP!TOP!
S!!!!!!!!IC16!24!UNSPEC!306.0740!166.9820!!!!R147_5_30!TOP!TOP!
S!!!2!    1!    1!0!!IC16!21!UNSPEC!304.5740!166.9820!!!!R147_5_30!TOP!TOP!
S!!!!!!!!IC16!21!UNSPEC!304.5740!166.9820!!!!R147_5_30!TOP!TOP!
S!!!2!    1!    1!0!!IC16!18!UNSPEC!303.0740!166.9820!!!!R147_5_30!TOP!TOP!
S!!!!!!!!IC16!18!UNSPEC!303.0740!166.9820!!!!R147_5_30!TOP!TOP!
S!!!2!    1!    1!0!!IC16!17!UNSPEC!302.5740!166.9820!!!!R147_5_30!TOP!TOP!
S!!!!!!!!IC16!17!UNSPEC!302.5740!166.9820!!!!R147_5_30!TOP!TOP!
S!!!2!    1!    1!0!!IC16!6!UNSPEC!300.5860!173.9700!!!!R147_5_30!TOP!TOP!
S!!!!!!!!IC16!6!UNSPEC!300.5860!173.9700!!!!R147_5_30!TOP!TOP!
S!!!2!    1!    1!0!!IC16!5!UNSPEC!300.5860!174.4700!!!!R147_5_30!TOP!TOP!
S!!!!!!!!IC16!5!UNSPEC!300.5860!174.4700!!!!R147_5_30!TOP!TOP!
S!!!2!    1!    1!0!!IC16!4!UNSPEC!300.5860!174.9700!!!!R147_5_30!TOP!TOP!
S!!!!!!!!IC16!4!UNSPEC!300.5860!174.9700!!!!R147_5_30!TOP!TOP!
S!!!2!    1!    1!0!!IC16!3!UNSPEC!300.5860!175.4700!!!!R147_5_30!TOP!TOP!
S!!!!!!!!IC16!3!UNSPEC!300.5860!175.4700!!!!R147_5_30!TOP!TOP!
S!!!2!    1!    1!0!!IC16!19!UNSPEC!303.5740!166.9820!!!!R147_5_30!TOP!TOP!
S!!!!!!!!IC16!19!UNSPEC!303.5740!166.9820!!!!R147_5_30!TOP!TOP!
S!!!2!    1!    1!0!!IC16!2!UNSPEC!300.5860!175.9700!!!!R147_5_30!TOP!TOP!
S!!!!!!!!IC16!2!UNSPEC!300.5860!175.9700!!!!R147_5_30!TOP!TOP!
S!!!2!    1!    1!0!!IC16!1!UNSPEC!300.5860!176.4700!!!!R147_5_30!TOP!TOP!
S!!!!!!!!IC16!1!UNSPEC!300.5860!176.4700!!!!R147_5_30!TOP!TOP!
S!!!2!    1!    1!0!!IC16!55!UNSPEC!307.0740!178.4580!!!!R147_5_30!TOP!TOP!
S!!!!!!!!IC16!55!UNSPEC!307.0740!178.4580!!!!R147_5_30!TOP!TOP!
S!!!2!    1!    1!0!!IC16!26!UNSPEC!307.0740!166.9820!!!!R147_5_30!TOP!TOP!
S!!!!!!!!IC16!26!UNSPEC!307.0740!166.9820!!!!R147_5_30!TOP!TOP!
S!!!2!    1!    1!0!!IC16!7!UNSPEC!300.5860!173.4700!!!!R147_5_30!TOP!TOP!
S!!!!!!!!IC16!7!UNSPEC!300.5860!173.4700!!!!R147_5_30!TOP!TOP!
S!!!2!    1!    1!0!!IC16!40!UNSPEC!312.0620!172.4700!!!!R147_5_30!TOP!TOP!
S!!!!!!!!IC16!40!UNSPEC!312.0620!172.4700!!!!R147_5_30!TOP!TOP!
S!!!2!    1!    1!0!!IC16!23!UNSPEC!305.5740!166.9820!!!!R147_5_30!TOP!TOP!
S!!!!!!!!IC16!23!UNSPEC!305.5740!166.9820!!!!R147_5_30!TOP!TOP!
S!!!2!    1!    1!0!!IC16!27!UNSPEC!307.5740!166.9820!!!!R147_5_30!TOP!TOP!
S!!!!!!!!IC16!27!UNSPEC!307.5740!166.9820!!!!R147_5_30!TOP!TOP!
S!!!2!    1!    1!0!!IC15!3!UNSPEC!274.1590!172.3960!!!!R145_60!TOP!TOP!
S!!!!!!!!IC15!3!UNSPEC!274.1590!172.3960!!!!R145_60!TOP!TOP!
S!!!2!    1!    1!0!!IC15!4!UNSPEC!274.1590!171.5960!!!!R145_60!TOP!TOP!
S!!!!!!!!IC15!4!UNSPEC!274.1590!171.5960!!!!R145_60!TOP!TOP!
S!!!2!    1!    1!0!!IC15!5!UNSPEC!274.1590!170.7960!!!!R145_60!TOP!TOP!
S!!!!!!!!IC15!5!UNSPEC!274.1590!170.7960!!!!R145_60!TOP!TOP!
S!!!2!    1!    1!0!!IC15!6!UNSPEC!274.1590!169.9960!!!!R145_60!TOP!TOP!
S!!!!!!!!IC15!6!UNSPEC!274.1590!169.9960!!!!R145_60!TOP!TOP!
S!!!2!    1!    1!0!!IC15!7!UNSPEC!274.1590!169.1960!!!!R145_60!TOP!TOP!
S!!!!!!!!IC15!7!UNSPEC!274.1590!169.1960!!!!R145_60!TOP!TOP!
S!!!2!    1!    1!0!!IC15!8!UNSPEC!274.1590!168.3960!!!!R145_60!TOP!TOP!
S!!!!!!!!IC15!8!UNSPEC!274.1590!168.3960!!!!R145_60!TOP!TOP!
S!!!2!    1!    1!0!!IC15!9!UNSPEC!275.5840!166.9710!!!!R145_60!TOP!TOP!
S!!!!!!!!IC15!9!UNSPEC!275.5840!166.9710!!!!R145_60!TOP!TOP!
S!!!2!    1!    1!0!!IC15!10!UNSPEC!276.3840!166.9710!!!!R145_60!TOP!TOP!
S!!!!!!!!IC15!10!UNSPEC!276.3840!166.9710!!!!R145_60!TOP!TOP!
S!!!2!    1!    1!0!!IC15!11!UNSPEC!277.1840!166.9710!!!!R145_60!TOP!TOP!
S!!!!!!!!IC15!11!UNSPEC!277.1840!166.9710!!!!R145_60!TOP!TOP!
S!!!2!    1!    1!0!!IC15!12!UNSPEC!277.9840!166.9710!!!!R145_60!TOP!TOP!
S!!!!!!!!IC15!12!UNSPEC!277.9840!166.9710!!!!R145_60!TOP!TOP!
S!!!2!    1!    1!0!!IC15!13!UNSPEC!278.7840!166.9710!!!!R145_60!TOP!TOP!
S!!!!!!!!IC15!13!UNSPEC!278.7840!166.9710!!!!R145_60!TOP!TOP!
S!!!2!    1!    1!0!!IC15!14!UNSPEC!279.5840!166.9710!!!!R145_60!TOP!TOP!
S!!!!!!!!IC15!14!UNSPEC!279.5840!166.9710!!!!R145_60!TOP!TOP!
S!!!2!    1!    1!0!!IC15!15!UNSPEC!280.3840!166.9710!!!!R145_60!TOP!TOP!
S!!!!!!!!IC15!15!UNSPEC!280.3840!166.9710!!!!R145_60!TOP!TOP!
S!!!2!    1!    1!0!!IC15!16!UNSPEC!281.1840!166.9710!!!!R145_60!TOP!TOP!
S!!!!!!!!IC15!16!UNSPEC!281.1840!166.9710!!!!R145_60!TOP!TOP!
S!!!2!    1!    1!0!!IC15!17!UNSPEC!282.6090!168.3960!!!!R145_60!TOP!TOP!
S!!!!!!!!IC15!17!UNSPEC!282.6090!168.3960!!!!R145_60!TOP!TOP!
S!!!2!    1!    1!0!!IC15!18!UNSPEC!282.6090!169.1960!!!!R145_60!TOP!TOP!
S!!!!!!!!IC15!18!UNSPEC!282.6090!169.1960!!!!R145_60!TOP!TOP!
S!!!2!    1!    1!0!!IC15!19!UNSPEC!282.6090!169.9960!!!!R145_60!TOP!TOP!
S!!!!!!!!IC15!19!UNSPEC!282.6090!169.9960!!!!R145_60!TOP!TOP!
S!!!2!    1!    1!0!!IC15!20!UNSPEC!282.6090!170.7960!!!!R145_60!TOP!TOP!
S!!!!!!!!IC15!20!UNSPEC!282.6090!170.7960!!!!R145_60!TOP!TOP!
S!!!2!    1!    1!0!!IC15!21!UNSPEC!282.6090!171.5960!!!!R145_60!TOP!TOP!
S!!!!!!!!IC15!21!UNSPEC!282.6090!171.5960!!!!R145_60!TOP!TOP!
S!!!2!    1!    1!0!!IC15!22!UNSPEC!282.6090!172.3960!!!!R145_60!TOP!TOP!
S!!!!!!!!IC15!22!UNSPEC!282.6090!172.3960!!!!R145_60!TOP!TOP!
S!!!2!    1!    1!0!!IC15!23!UNSPEC!282.6090!173.1960!!!!R145_60!TOP!TOP!
S!!!!!!!!IC15!23!UNSPEC!282.6090!173.1960!!!!R145_60!TOP!TOP!
S!!!2!    1!    1!0!!IC15!24!UNSPEC!282.6090!173.9960!!!!R145_60!TOP!TOP!
S!!!!!!!!IC15!24!UNSPEC!282.6090!173.9960!!!!R145_60!TOP!TOP!
S!!!2!    1!    1!0!!IC15!25!UNSPEC!281.1840!175.4210!!!!R145_60!TOP!TOP!
S!!!!!!!!IC15!25!UNSPEC!281.1840!175.4210!!!!R145_60!TOP!TOP!
S!!!2!    1!    1!0!!IC15!26!UNSPEC!280.3840!175.4210!!!!R145_60!TOP!TOP!
S!!!!!!!!IC15!26!UNSPEC!280.3840!175.4210!!!!R145_60!TOP!TOP!
S!!!2!    1!    1!0!!IC15!27!UNSPEC!279.5840!175.4210!!!!R145_60!TOP!TOP!
S!!!!!!!!IC15!27!UNSPEC!279.5840!175.4210!!!!R145_60!TOP!TOP!
S!!!2!    1!    1!0!!IC15!28!UNSPEC!278.7840!175.4210!!!!R145_60!TOP!TOP!
S!!!!!!!!IC15!28!UNSPEC!278.7840!175.4210!!!!R145_60!TOP!TOP!
S!!!2!    1!    1!0!!IC15!29!UNSPEC!277.9840!175.4210!!!!R145_60!TOP!TOP!
S!!!!!!!!IC15!29!UNSPEC!277.9840!175.4210!!!!R145_60!TOP!TOP!
S!!!2!    1!    1!0!!IC15!30!UNSPEC!277.1840!175.4210!!!!R145_60!TOP!TOP!
S!!!!!!!!IC15!30!UNSPEC!277.1840!175.4210!!!!R145_60!TOP!TOP!
S!!!2!    1!    1!0!!IC15!31!UNSPEC!276.3840!175.4210!!!!R145_60!TOP!TOP!
S!!!!!!!!IC15!31!UNSPEC!276.3840!175.4210!!!!R145_60!TOP!TOP!
S!!!2!    1!    1!0!!IC15!32!UNSPEC!275.5840!175.4210!!!!R145_60!TOP!TOP!
S!!!!!!!!IC15!32!UNSPEC!275.5840!175.4210!!!!R145_60!TOP!TOP!
S!!!2!    1!    1!0!!IC15!1!UNSPEC!274.1590!173.9960!!!!R145_60!TOP!TOP!
S!!!!!!!!IC15!1!UNSPEC!274.1590!173.9960!!!!R145_60!TOP!TOP!
S!!!2!    1!    1!0!!IC15!2!UNSPEC!274.1590!173.1960!!!!R145_60!TOP!TOP!
S!!!!!!!!IC15!2!UNSPEC!274.1590!173.1960!!!!R145_60!TOP!TOP!
S!!!2!    1!    1!0!!IC14!15!UNSPEC!247.5980!174.3710!!!!R165_65!TOP!TOP!
S!!!!!!!!IC14!15!UNSPEC!247.5980!174.3710!!!!R165_65!TOP!TOP!
S!!!2!    1!    1!0!!IC14!13!UNSPEC!247.5980!171.8310!!!!R165_65!TOP!TOP!
S!!!!!!!!IC14!13!UNSPEC!247.5980!171.8310!!!!R165_65!TOP!TOP!
S!!!2!    1!    1!0!!IC14!11!UNSPEC!247.5980!169.2910!!!!R165_65!TOP!TOP!
S!!!!!!!!IC14!11!UNSPEC!247.5980!169.2910!!!!R165_65!TOP!TOP!
S!!!2!    1!    1!0!!IC14!9!UNSPEC!247.5980!166.7510!!!!R165_65!TOP!TOP!
S!!!!!!!!IC14!9!UNSPEC!247.5980!166.7510!!!!R165_65!TOP!TOP!
S!!!2!    1!    1!0!!IC14!16!UNSPEC!247.5980!175.6410!!!!R165_65!TOP!TOP!
S!!!!!!!!IC14!16!UNSPEC!247.5980!175.6410!!!!R165_65!TOP!TOP!
S!!!2!    1!    1!0!!IC14!14!UNSPEC!247.5980!173.1010!!!!R165_65!TOP!TOP!
S!!!!!!!!IC14!14!UNSPEC!247.5980!173.1010!!!!R165_65!TOP!TOP!
S!!!2!    1!    1!0!!IC14!12!UNSPEC!247.5980!170.5610!!!!R165_65!TOP!TOP!
S!!!!!!!!IC14!12!UNSPEC!247.5980!170.5610!!!!R165_65!TOP!TOP!
S!!!2!    1!    1!0!!IC14!10!UNSPEC!247.5980!168.0210!!!!R165_65!TOP!TOP!
S!!!!!!!!IC14!10!UNSPEC!247.5980!168.0210!!!!R165_65!TOP!TOP!
S!!!2!    1!    1!0!!IC14!8!UNSPEC!241.0980!166.7510!!!!R165_65!TOP!TOP!
S!!!!!!!!IC14!8!UNSPEC!241.0980!166.7510!!!!R165_65!TOP!TOP!
S!!!2!    1!    1!0!!IC14!6!UNSPEC!241.0980!169.2910!!!!R165_65!TOP!TOP!
S!!!!!!!!IC14!6!UNSPEC!241.0980!169.2910!!!!R165_65!TOP!TOP!
S!!!2!    1!    1!0!!IC14!4!UNSPEC!241.0980!171.8310!!!!R165_65!TOP!TOP!
S!!!!!!!!IC14!4!UNSPEC!241.0980!171.8310!!!!R165_65!TOP!TOP!
S!!!2!    1!    1!0!!IC14!2!UNSPEC!241.0980!174.3710!!!!R165_65!TOP!TOP!
S!!!!!!!!IC14!2!UNSPEC!241.0980!174.3710!!!!R165_65!TOP!TOP!
S!!!2!    1!    1!0!!IC14!7!UNSPEC!241.0980!168.0210!!!!R165_65!TOP!TOP!
S!!!!!!!!IC14!7!UNSPEC!241.0980!168.0210!!!!R165_65!TOP!TOP!
S!!!2!    1!    1!0!!IC14!5!UNSPEC!241.0980!170.5610!!!!R165_65!TOP!TOP!
S!!!!!!!!IC14!5!UNSPEC!241.0980!170.5610!!!!R165_65!TOP!TOP!
S!!!2!    1!    1!0!!IC14!3!UNSPEC!241.0980!173.1010!!!!R165_65!TOP!TOP!
S!!!!!!!!IC14!3!UNSPEC!241.0980!173.1010!!!!R165_65!TOP!TOP!
S!!!2!    1!    1!0!!IC14!1!UNSPEC!241.0980!175.6410!!!!R165_65!TOP!TOP!
S!!!!!!!!IC14!1!UNSPEC!241.0980!175.6410!!!!R165_65!TOP!TOP!
S!!!2!    1!    1!0!!IC13!G9!UNSPEC!245.8480!184.9200!!!!C29!TOP!TOP!
S!!!!!!!!IC13!G9!UNSPEC!245.8480!184.9200!!!!C29!TOP!TOP!
S!!!2!    1!    1!0!!IC13!C8!UNSPEC!245.3480!186.9200!!!!C29!TOP!TOP!
S!!!!!!!!IC13!C8!UNSPEC!245.3480!186.9200!!!!C29!TOP!TOP!
S!!!2!    1!    1!0!!IC13!C4!UNSPEC!243.3480!186.9200!!!!C29!TOP!TOP!
S!!!!!!!!IC13!C4!UNSPEC!243.3480!186.9200!!!!C29!TOP!TOP!
S!!!2!    1!    1!0!!IC13!J8!UNSPEC!245.3480!183.9200!!!!C29!TOP!TOP!
S!!!!!!!!IC13!J8!UNSPEC!245.3480!183.9200!!!!C29!TOP!TOP!
S!!!2!    1!    1!0!!IC13!J4!UNSPEC!243.3480!183.9200!!!!C29!TOP!TOP!
S!!!!!!!!IC13!J4!UNSPEC!243.3480!183.9200!!!!C29!TOP!TOP!
S!!!2!    1!    1!0!!IC13!E3!UNSPEC!242.8480!185.9200!!!!C29!TOP!TOP!
S!!!!!!!!IC13!E3!UNSPEC!242.8480!185.9200!!!!C29!TOP!TOP!
S!!!2!    1!    1!0!!IC13!G3!UNSPEC!242.8480!184.9200!!!!C29!TOP!TOP!
S!!!!!!!!IC13!G3!UNSPEC!242.8480!184.9200!!!!C29!TOP!TOP!
S!!!2!    1!    1!0!!IC13!E9!UNSPEC!245.8480!185.9200!!!!C29!TOP!TOP!
S!!!!!!!!IC13!E9!UNSPEC!245.8480!185.9200!!!!C29!TOP!TOP!
S!!!2!    1!    1!0!!IC13!J1!UNSPEC!241.8480!183.9200!!!!C29!TOP!TOP!
S!!!!!!!!IC13!J1!UNSPEC!241.8480!183.9200!!!!C29!TOP!TOP!
S!!!2!    1!    1!0!!IC13!K2!UNSPEC!242.3480!183.4200!!!!C29!TOP!TOP!
S!!!!!!!!IC13!K2!UNSPEC!242.3480!183.4200!!!!C29!TOP!TOP!
S!!!2!    1!    1!0!!IC13!J2!UNSPEC!242.3480!183.9200!!!!C29!TOP!TOP!
S!!!!!!!!IC13!J2!UNSPEC!242.3480!183.9200!!!!C29!TOP!TOP!
S!!!2!    1!    1!0!!IC13!K1!UNSPEC!241.8480!183.4200!!!!C29!TOP!TOP!
S!!!!!!!!IC13!K1!UNSPEC!241.8480!183.4200!!!!C29!TOP!TOP!
S!!!2!    1!    1!0!!IC13!A10!UNSPEC!246.3480!187.9200!!!!C29!TOP!TOP!
S!!!!!!!!IC13!A10!UNSPEC!246.3480!187.9200!!!!C29!TOP!TOP!
S!!!2!    1!    1!0!!IC13!A9!UNSPEC!245.8480!187.9200!!!!C29!TOP!TOP!
S!!!!!!!!IC13!A9!UNSPEC!245.8480!187.9200!!!!C29!TOP!TOP!
S!!!2!    1!    1!0!!IC13!L11!UNSPEC!246.8480!182.9200!!!!C29!TOP!TOP!
S!!!!!!!!IC13!L11!UNSPEC!246.8480!182.9200!!!!C29!TOP!TOP!
S!!!2!    1!    1!0!!IC13!L10!UNSPEC!246.3480!182.9200!!!!C29!TOP!TOP!
S!!!!!!!!IC13!L10!UNSPEC!246.3480!182.9200!!!!C29!TOP!TOP!
S!!!2!    1!    1!0!!IC13!L9!UNSPEC!245.8480!182.9200!!!!C29!TOP!TOP!
S!!!!!!!!IC13!L9!UNSPEC!245.8480!182.9200!!!!C29!TOP!TOP!
S!!!2!    1!    1!0!!IC13!L8!UNSPEC!245.3480!182.9200!!!!C29!TOP!TOP!
S!!!!!!!!IC13!L8!UNSPEC!245.3480!182.9200!!!!C29!TOP!TOP!
S!!!2!    1!    1!0!!IC13!L7!UNSPEC!244.8480!182.9200!!!!C29!TOP!TOP!
S!!!!!!!!IC13!L7!UNSPEC!244.8480!182.9200!!!!C29!TOP!TOP!
S!!!2!    1!    1!0!!IC13!L6!UNSPEC!244.3480!182.9200!!!!C29!TOP!TOP!
S!!!!!!!!IC13!L6!UNSPEC!244.3480!182.9200!!!!C29!TOP!TOP!
S!!!2!    1!    1!0!!IC13!L5!UNSPEC!243.8480!182.9200!!!!C29!TOP!TOP!
S!!!!!!!!IC13!L5!UNSPEC!243.8480!182.9200!!!!C29!TOP!TOP!
S!!!2!    1!    1!0!!IC13!L4!UNSPEC!243.3480!182.9200!!!!C29!TOP!TOP!
S!!!!!!!!IC13!L4!UNSPEC!243.3480!182.9200!!!!C29!TOP!TOP!
S!!!2!    1!    1!0!!IC13!L3!UNSPEC!242.8480!182.9200!!!!C29!TOP!TOP!
S!!!!!!!!IC13!L3!UNSPEC!242.8480!182.9200!!!!C29!TOP!TOP!
S!!!2!    1!    1!0!!IC13!L2!UNSPEC!242.3480!182.9200!!!!C29!TOP!TOP!
S!!!!!!!!IC13!L2!UNSPEC!242.3480!182.9200!!!!C29!TOP!TOP!
S!!!2!    1!    1!0!!IC13!A8!UNSPEC!245.3480!187.9200!!!!C29!TOP!TOP!
S!!!!!!!!IC13!A8!UNSPEC!245.3480!187.9200!!!!C29!TOP!TOP!
S!!!2!    1!    1!0!!IC13!L1!UNSPEC!241.8480!182.9200!!!!C29!TOP!TOP!
S!!!!!!!!IC13!L1!UNSPEC!241.8480!182.9200!!!!C29!TOP!TOP!
S!!!2!    1!    1!0!!IC13!K11!UNSPEC!246.8480!183.4200!!!!C29!TOP!TOP!
S!!!!!!!!IC13!K11!UNSPEC!246.8480!183.4200!!!!C29!TOP!TOP!
S!!!2!    1!    1!0!!IC13!K10!UNSPEC!246.3480!183.4200!!!!C29!TOP!TOP!
S!!!!!!!!IC13!K10!UNSPEC!246.3480!183.4200!!!!C29!TOP!TOP!
S!!!2!    1!    1!0!!IC13!K9!UNSPEC!245.8480!183.4200!!!!C29!TOP!TOP!
S!!!!!!!!IC13!K9!UNSPEC!245.8480!183.4200!!!!C29!TOP!TOP!
S!!!2!    1!    1!0!!IC13!K8!UNSPEC!245.3480!183.4200!!!!C29!TOP!TOP!
S!!!!!!!!IC13!K8!UNSPEC!245.3480!183.4200!!!!C29!TOP!TOP!
S!!!2!    1!    1!0!!IC13!K7!UNSPEC!244.8480!183.4200!!!!C29!TOP!TOP!
S!!!!!!!!IC13!K7!UNSPEC!244.8480!183.4200!!!!C29!TOP!TOP!
S!!!2!    1!    1!0!!IC13!K6!UNSPEC!244.3480!183.4200!!!!C29!TOP!TOP!
S!!!!!!!!IC13!K6!UNSPEC!244.3480!183.4200!!!!C29!TOP!TOP!
S!!!2!    1!    1!0!!IC13!K5!UNSPEC!243.8480!183.4200!!!!C29!TOP!TOP!
S!!!!!!!!IC13!K5!UNSPEC!243.8480!183.4200!!!!C29!TOP!TOP!
S!!!2!    1!    1!0!!IC13!K4!UNSPEC!243.3480!183.4200!!!!C29!TOP!TOP!
S!!!!!!!!IC13!K4!UNSPEC!243.3480!183.4200!!!!C29!TOP!TOP!
S!!!2!    1!    1!0!!IC13!K3!UNSPEC!242.8480!183.4200!!!!C29!TOP!TOP!
S!!!!!!!!IC13!K3!UNSPEC!242.8480!183.4200!!!!C29!TOP!TOP!
S!!!2!    1!    1!0!!IC13!A7!UNSPEC!244.8480!187.9200!!!!C29!TOP!TOP!
S!!!!!!!!IC13!A7!UNSPEC!244.8480!187.9200!!!!C29!TOP!TOP!
S!!!2!    1!    1!0!!IC13!J11!UNSPEC!246.8480!183.9200!!!!C29!TOP!TOP!
S!!!!!!!!IC13!J11!UNSPEC!246.8480!183.9200!!!!C29!TOP!TOP!
S!!!2!    1!    1!0!!IC13!J10!UNSPEC!246.3480!183.9200!!!!C29!TOP!TOP!
S!!!!!!!!IC13!J10!UNSPEC!246.3480!183.9200!!!!C29!TOP!TOP!
S!!!2!    1!    1!0!!IC13!J7!UNSPEC!244.8480!183.9200!!!!C29!TOP!TOP!
S!!!!!!!!IC13!J7!UNSPEC!244.8480!183.9200!!!!C29!TOP!TOP!
S!!!2!    1!    1!0!!IC13!J6!UNSPEC!244.3480!183.9200!!!!C29!TOP!TOP!
S!!!!!!!!IC13!J6!UNSPEC!244.3480!183.9200!!!!C29!TOP!TOP!
S!!!2!    1!    1!0!!IC13!J5!UNSPEC!243.8480!183.9200!!!!C29!TOP!TOP!
S!!!!!!!!IC13!J5!UNSPEC!243.8480!183.9200!!!!C29!TOP!TOP!
S!!!2!    1!    1!0!!IC13!H11!UNSPEC!246.8480!184.4200!!!!C29!TOP!TOP!
S!!!!!!!!IC13!H11!UNSPEC!246.8480!184.4200!!!!C29!TOP!TOP!
S!!!2!    1!    1!0!!IC13!H10!UNSPEC!246.3480!184.4200!!!!C29!TOP!TOP!
S!!!!!!!!IC13!H10!UNSPEC!246.3480!184.4200!!!!C29!TOP!TOP!
S!!!2!    1!    1!0!!IC13!H9!UNSPEC!245.8480!184.4200!!!!C29!TOP!TOP!
S!!!!!!!!IC13!H9!UNSPEC!245.8480!184.4200!!!!C29!TOP!TOP!
S!!!2!    1!    1!0!!IC13!H3!UNSPEC!242.8480!184.4200!!!!C29!TOP!TOP!
S!!!!!!!!IC13!H3!UNSPEC!242.8480!184.4200!!!!C29!TOP!TOP!
S!!!2!    1!    1!0!!IC13!H2!UNSPEC!242.3480!184.4200!!!!C29!TOP!TOP!
S!!!!!!!!IC13!H2!UNSPEC!242.3480!184.4200!!!!C29!TOP!TOP!
S!!!2!    1!    1!0!!IC13!A6!UNSPEC!244.3480!187.9200!!!!C29!TOP!TOP!
S!!!!!!!!IC13!A6!UNSPEC!244.3480!187.9200!!!!C29!TOP!TOP!
S!!!2!    1!    1!0!!IC13!H1!UNSPEC!241.8480!184.4200!!!!C29!TOP!TOP!
S!!!!!!!!IC13!H1!UNSPEC!241.8480!184.4200!!!!C29!TOP!TOP!
S!!!2!    1!    1!0!!IC13!G11!UNSPEC!246.8480!184.9200!!!!C29!TOP!TOP!
S!!!!!!!!IC13!G11!UNSPEC!246.8480!184.9200!!!!C29!TOP!TOP!
S!!!2!    1!    1!0!!IC13!G10!UNSPEC!246.3480!184.9200!!!!C29!TOP!TOP!
S!!!!!!!!IC13!G10!UNSPEC!246.3480!184.9200!!!!C29!TOP!TOP!
S!!!2!    1!    1!0!!IC13!G2!UNSPEC!242.3480!184.9200!!!!C29!TOP!TOP!
S!!!!!!!!IC13!G2!UNSPEC!242.3480!184.9200!!!!C29!TOP!TOP!
S!!!2!    1!    1!0!!IC13!G1!UNSPEC!241.8480!184.9200!!!!C29!TOP!TOP!
S!!!!!!!!IC13!G1!UNSPEC!241.8480!184.9200!!!!C29!TOP!TOP!
S!!!2!    1!    1!0!!IC13!F11!UNSPEC!246.8480!185.4200!!!!C29!TOP!TOP!
S!!!!!!!!IC13!F11!UNSPEC!246.8480!185.4200!!!!C29!TOP!TOP!
S!!!2!    1!    1!0!!IC13!F10!UNSPEC!246.3480!185.4200!!!!C29!TOP!TOP!
S!!!!!!!!IC13!F10!UNSPEC!246.3480!185.4200!!!!C29!TOP!TOP!
S!!!2!    1!    1!0!!IC13!F9!UNSPEC!245.8480!185.4200!!!!C29!TOP!TOP!
S!!!!!!!!IC13!F9!UNSPEC!245.8480!185.4200!!!!C29!TOP!TOP!
S!!!2!    1!    1!0!!IC13!F3!UNSPEC!242.8480!185.4200!!!!C29!TOP!TOP!
S!!!!!!!!IC13!F3!UNSPEC!242.8480!185.4200!!!!C29!TOP!TOP!
S!!!2!    1!    1!0!!IC13!F2!UNSPEC!242.3480!185.4200!!!!C29!TOP!TOP!
S!!!!!!!!IC13!F2!UNSPEC!242.3480!185.4200!!!!C29!TOP!TOP!
S!!!2!    1!    1!0!!IC13!A5!UNSPEC!243.8480!187.9200!!!!C29!TOP!TOP!
S!!!!!!!!IC13!A5!UNSPEC!243.8480!187.9200!!!!C29!TOP!TOP!
S!!!2!    1!    1!0!!IC13!F1!UNSPEC!241.8480!185.4200!!!!C29!TOP!TOP!
S!!!!!!!!IC13!F1!UNSPEC!241.8480!185.4200!!!!C29!TOP!TOP!
S!!!2!    1!    1!0!!IC13!E11!UNSPEC!246.8480!185.9200!!!!C29!TOP!TOP!
S!!!!!!!!IC13!E11!UNSPEC!246.8480!185.9200!!!!C29!TOP!TOP!
S!!!2!    1!    1!0!!IC13!E10!UNSPEC!246.3480!185.9200!!!!C29!TOP!TOP!
S!!!!!!!!IC13!E10!UNSPEC!246.3480!185.9200!!!!C29!TOP!TOP!
S!!!2!    1!    1!0!!IC13!E2!UNSPEC!242.3480!185.9200!!!!C29!TOP!TOP!
S!!!!!!!!IC13!E2!UNSPEC!242.3480!185.9200!!!!C29!TOP!TOP!
S!!!2!    1!    1!0!!IC13!E1!UNSPEC!241.8480!185.9200!!!!C29!TOP!TOP!
S!!!!!!!!IC13!E1!UNSPEC!241.8480!185.9200!!!!C29!TOP!TOP!
S!!!2!    1!    1!0!!IC13!D11!UNSPEC!246.8480!186.4200!!!!C29!TOP!TOP!
S!!!!!!!!IC13!D11!UNSPEC!246.8480!186.4200!!!!C29!TOP!TOP!
S!!!2!    1!    1!0!!IC13!D10!UNSPEC!246.3480!186.4200!!!!C29!TOP!TOP!
S!!!!!!!!IC13!D10!UNSPEC!246.3480!186.4200!!!!C29!TOP!TOP!
S!!!2!    1!    1!0!!IC13!D9!UNSPEC!245.8480!186.4200!!!!C29!TOP!TOP!
S!!!!!!!!IC13!D9!UNSPEC!245.8480!186.4200!!!!C29!TOP!TOP!
S!!!2!    1!    1!0!!IC13!D3!UNSPEC!242.8480!186.4200!!!!C29!TOP!TOP!
S!!!!!!!!IC13!D3!UNSPEC!242.8480!186.4200!!!!C29!TOP!TOP!
S!!!2!    1!    1!0!!IC13!D2!UNSPEC!242.3480!186.4200!!!!C29!TOP!TOP!
S!!!!!!!!IC13!D2!UNSPEC!242.3480!186.4200!!!!C29!TOP!TOP!
S!!!2!    1!    1!0!!IC13!A4!UNSPEC!243.3480!187.9200!!!!C29!TOP!TOP!
S!!!!!!!!IC13!A4!UNSPEC!243.3480!187.9200!!!!C29!TOP!TOP!
S!!!2!    1!    1!0!!IC13!D1!UNSPEC!241.8480!186.4200!!!!C29!TOP!TOP!
S!!!!!!!!IC13!D1!UNSPEC!241.8480!186.4200!!!!C29!TOP!TOP!
S!!!2!    1!    1!0!!IC13!C11!UNSPEC!246.8480!186.9200!!!!C29!TOP!TOP!
S!!!!!!!!IC13!C11!UNSPEC!246.8480!186.9200!!!!C29!TOP!TOP!
S!!!2!    1!    1!0!!IC13!C10!UNSPEC!246.3480!186.9200!!!!C29!TOP!TOP!
S!!!!!!!!IC13!C10!UNSPEC!246.3480!186.9200!!!!C29!TOP!TOP!
S!!!2!    1!    1!0!!IC13!C7!UNSPEC!244.8480!186.9200!!!!C29!TOP!TOP!
S!!!!!!!!IC13!C7!UNSPEC!244.8480!186.9200!!!!C29!TOP!TOP!
S!!!2!    1!    1!0!!IC13!C6!UNSPEC!244.3480!186.9200!!!!C29!TOP!TOP!
S!!!!!!!!IC13!C6!UNSPEC!244.3480!186.9200!!!!C29!TOP!TOP!
S!!!2!    1!    1!0!!IC13!C5!UNSPEC!243.8480!186.9200!!!!C29!TOP!TOP!
S!!!!!!!!IC13!C5!UNSPEC!243.8480!186.9200!!!!C29!TOP!TOP!
S!!!2!    1!    1!0!!IC13!C2!UNSPEC!242.3480!186.9200!!!!C29!TOP!TOP!
S!!!!!!!!IC13!C2!UNSPEC!242.3480!186.9200!!!!C29!TOP!TOP!
S!!!2!    1!    1!0!!IC13!C1!UNSPEC!241.8480!186.9200!!!!C29!TOP!TOP!
S!!!!!!!!IC13!C1!UNSPEC!241.8480!186.9200!!!!C29!TOP!TOP!
S!!!2!    1!    1!0!!IC13!B11!UNSPEC!246.8480!187.4200!!!!C29!TOP!TOP!
S!!!!!!!!IC13!B11!UNSPEC!246.8480!187.4200!!!!C29!TOP!TOP!
S!!!2!    1!    1!0!!IC13!B10!UNSPEC!246.3480!187.4200!!!!C29!TOP!TOP!
S!!!!!!!!IC13!B10!UNSPEC!246.3480!187.4200!!!!C29!TOP!TOP!
S!!!2!    1!    1!0!!IC13!A3!UNSPEC!242.8480!187.9200!!!!C29!TOP!TOP!
S!!!!!!!!IC13!A3!UNSPEC!242.8480!187.9200!!!!C29!TOP!TOP!
S!!!2!    1!    1!0!!IC13!B9!UNSPEC!245.8480!187.4200!!!!C29!TOP!TOP!
S!!!!!!!!IC13!B9!UNSPEC!245.8480!187.4200!!!!C29!TOP!TOP!
S!!!2!    1!    1!0!!IC13!B8!UNSPEC!245.3480!187.4200!!!!C29!TOP!TOP!
S!!!!!!!!IC13!B8!UNSPEC!245.3480!187.4200!!!!C29!TOP!TOP!
S!!!2!    1!    1!0!!IC13!B7!UNSPEC!244.8480!187.4200!!!!C29!TOP!TOP!
S!!!!!!!!IC13!B7!UNSPEC!244.8480!187.4200!!!!C29!TOP!TOP!
S!!!2!    1!    1!0!!IC13!B6!UNSPEC!244.3480!187.4200!!!!C29!TOP!TOP!
S!!!!!!!!IC13!B6!UNSPEC!244.3480!187.4200!!!!C29!TOP!TOP!
S!!!2!    1!    1!0!!IC13!B5!UNSPEC!243.8480!187.4200!!!!C29!TOP!TOP!
S!!!!!!!!IC13!B5!UNSPEC!243.8480!187.4200!!!!C29!TOP!TOP!
S!!!2!    1!    1!0!!IC13!B4!UNSPEC!243.3480!187.4200!!!!C29!TOP!TOP!
S!!!!!!!!IC13!B4!UNSPEC!243.3480!187.4200!!!!C29!TOP!TOP!
S!!!2!    1!    1!0!!IC13!B3!UNSPEC!242.8480!187.4200!!!!C29!TOP!TOP!
S!!!!!!!!IC13!B3!UNSPEC!242.8480!187.4200!!!!C29!TOP!TOP!
S!!!2!    1!    1!0!!IC13!B2!UNSPEC!242.3480!187.4200!!!!C29!TOP!TOP!
S!!!!!!!!IC13!B2!UNSPEC!242.3480!187.4200!!!!C29!TOP!TOP!
S!!!2!    1!    1!0!!IC13!B1!UNSPEC!241.8480!187.4200!!!!C29!TOP!TOP!
S!!!!!!!!IC13!B1!UNSPEC!241.8480!187.4200!!!!C29!TOP!TOP!
S!!!2!    1!    1!0!!IC13!A11!UNSPEC!246.8480!187.9200!!!!C29!TOP!TOP!
S!!!!!!!!IC13!A11!UNSPEC!246.8480!187.9200!!!!C29!TOP!TOP!
S!!!2!    1!    1!0!!IC13!A2!UNSPEC!242.3480!187.9200!!!!C29!TOP!TOP!
S!!!!!!!!IC13!A2!UNSPEC!242.3480!187.9200!!!!C29!TOP!TOP!
S!!!2!    1!    1!0!!IC13!H7!UNSPEC!244.8480!184.4200!!!!C29!TOP!TOP!
S!!!!!!!!IC13!H7!UNSPEC!244.8480!184.4200!!!!C29!TOP!TOP!
S!!!2!    1!    1!0!!IC13!H5!UNSPEC!243.8480!184.4200!!!!C29!TOP!TOP!
S!!!!!!!!IC13!H5!UNSPEC!243.8480!184.4200!!!!C29!TOP!TOP!
S!!!2!    1!    1!0!!IC13!G8!UNSPEC!245.3480!184.9200!!!!C29!TOP!TOP!
S!!!!!!!!IC13!G8!UNSPEC!245.3480!184.9200!!!!C29!TOP!TOP!
S!!!2!    1!    1!0!!IC13!G4!UNSPEC!243.3480!184.9200!!!!C29!TOP!TOP!
S!!!!!!!!IC13!G4!UNSPEC!243.3480!184.9200!!!!C29!TOP!TOP!
S!!!2!    1!    1!0!!IC13!E8!UNSPEC!245.3480!185.9200!!!!C29!TOP!TOP!
S!!!!!!!!IC13!E8!UNSPEC!245.3480!185.9200!!!!C29!TOP!TOP!
S!!!2!    1!    1!0!!IC13!E4!UNSPEC!243.3480!185.9200!!!!C29!TOP!TOP!
S!!!!!!!!IC13!E4!UNSPEC!243.3480!185.9200!!!!C29!TOP!TOP!
S!!!2!    1!    1!0!!IC13!D7!UNSPEC!244.8480!186.4200!!!!C29!TOP!TOP!
S!!!!!!!!IC13!D7!UNSPEC!244.8480!186.4200!!!!C29!TOP!TOP!
S!!!2!    1!    1!0!!IC13!D5!UNSPEC!243.8480!186.4200!!!!C29!TOP!TOP!
S!!!!!!!!IC13!D5!UNSPEC!243.8480!186.4200!!!!C29!TOP!TOP!
S!!!2!    1!    1!0!!IC13!A1!UNSPEC!241.8480!187.9200!!!!C29!TOP!TOP!
S!!!!!!!!IC13!A1!UNSPEC!241.8480!187.9200!!!!C29!TOP!TOP!
S!!!2!    1!    1!0!!IC12!6!UNSPEC!262.4750!169.9960!!!!R145_60!TOP!TOP!
S!!!!!!!!IC12!6!UNSPEC!262.4750!169.9960!!!!R145_60!TOP!TOP!
S!!!2!    1!    1!0!!IC12!28!UNSPEC!267.1000!175.4210!!!!R145_60!TOP!TOP!
S!!!!!!!!IC12!28!UNSPEC!267.1000!175.4210!!!!R145_60!TOP!TOP!
S!!!2!    1!    1!0!!IC12!18!UNSPEC!270.9250!169.1960!!!!R145_60!TOP!TOP!
S!!!!!!!!IC12!18!UNSPEC!270.9250!169.1960!!!!R145_60!TOP!TOP!
S!!!2!    1!    1!0!!IC12!27!UNSPEC!267.9000!175.4210!!!!R145_60!TOP!TOP!
S!!!!!!!!IC12!27!UNSPEC!267.9000!175.4210!!!!R145_60!TOP!TOP!
S!!!2!    1!    1!0!!IC12!26!UNSPEC!268.7000!175.4210!!!!R145_60!TOP!TOP!
S!!!!!!!!IC12!26!UNSPEC!268.7000!175.4210!!!!R145_60!TOP!TOP!
S!!!2!    1!    1!0!!IC12!25!UNSPEC!269.5000!175.4210!!!!R145_60!TOP!TOP!
S!!!!!!!!IC12!25!UNSPEC!269.5000!175.4210!!!!R145_60!TOP!TOP!
S!!!2!    1!    1!0!!IC12!24!UNSPEC!270.9250!173.9960!!!!R145_60!TOP!TOP!
S!!!!!!!!IC12!24!UNSPEC!270.9250!173.9960!!!!R145_60!TOP!TOP!
S!!!2!    1!    1!0!!IC12!23!UNSPEC!270.9250!173.1960!!!!R145_60!TOP!TOP!
S!!!!!!!!IC12!23!UNSPEC!270.9250!173.1960!!!!R145_60!TOP!TOP!
S!!!2!    1!    1!0!!IC12!22!UNSPEC!270.9250!172.3960!!!!R145_60!TOP!TOP!
S!!!!!!!!IC12!22!UNSPEC!270.9250!172.3960!!!!R145_60!TOP!TOP!
S!!!2!    1!    1!0!!IC12!21!UNSPEC!270.9250!171.5960!!!!R145_60!TOP!TOP!
S!!!!!!!!IC12!21!UNSPEC!270.9250!171.5960!!!!R145_60!TOP!TOP!
S!!!2!    1!    1!0!!IC12!20!UNSPEC!270.9250!170.7960!!!!R145_60!TOP!TOP!
S!!!!!!!!IC12!20!UNSPEC!270.9250!170.7960!!!!R145_60!TOP!TOP!
S!!!2!    1!    1!0!!IC12!17!UNSPEC!270.9250!168.3960!!!!R145_60!TOP!TOP!
S!!!!!!!!IC12!17!UNSPEC!270.9250!168.3960!!!!R145_60!TOP!TOP!
S!!!2!    1!    1!0!!IC12!16!UNSPEC!269.5000!166.9710!!!!R145_60!TOP!TOP!
S!!!!!!!!IC12!16!UNSPEC!269.5000!166.9710!!!!R145_60!TOP!TOP!
S!!!2!    1!    1!0!!IC12!15!UNSPEC!268.7000!166.9710!!!!R145_60!TOP!TOP!
S!!!!!!!!IC12!15!UNSPEC!268.7000!166.9710!!!!R145_60!TOP!TOP!
S!!!2!    1!    1!0!!IC12!14!UNSPEC!267.9000!166.9710!!!!R145_60!TOP!TOP!
S!!!!!!!!IC12!14!UNSPEC!267.9000!166.9710!!!!R145_60!TOP!TOP!
S!!!2!    1!    1!0!!IC12!13!UNSPEC!267.1000!166.9710!!!!R145_60!TOP!TOP!
S!!!!!!!!IC12!13!UNSPEC!267.1000!166.9710!!!!R145_60!TOP!TOP!
S!!!2!    1!    1!0!!IC12!12!UNSPEC!266.3000!166.9710!!!!R145_60!TOP!TOP!
S!!!!!!!!IC12!12!UNSPEC!266.3000!166.9710!!!!R145_60!TOP!TOP!
S!!!2!    1!    1!0!!IC12!11!UNSPEC!265.5000!166.9710!!!!R145_60!TOP!TOP!
S!!!!!!!!IC12!11!UNSPEC!265.5000!166.9710!!!!R145_60!TOP!TOP!
S!!!2!    1!    1!0!!IC12!10!UNSPEC!264.7000!166.9710!!!!R145_60!TOP!TOP!
S!!!!!!!!IC12!10!UNSPEC!264.7000!166.9710!!!!R145_60!TOP!TOP!
S!!!2!    1!    1!0!!IC12!9!UNSPEC!263.9000!166.9710!!!!R145_60!TOP!TOP!
S!!!!!!!!IC12!9!UNSPEC!263.9000!166.9710!!!!R145_60!TOP!TOP!
S!!!2!    1!    1!0!!IC12!5!UNSPEC!262.4750!170.7960!!!!R145_60!TOP!TOP!
S!!!!!!!!IC12!5!UNSPEC!262.4750!170.7960!!!!R145_60!TOP!TOP!
S!!!2!    1!    1!0!!IC12!4!UNSPEC!262.4750!171.5960!!!!R145_60!TOP!TOP!
S!!!!!!!!IC12!4!UNSPEC!262.4750!171.5960!!!!R145_60!TOP!TOP!
S!!!2!    1!    1!0!!IC12!3!UNSPEC!262.4750!172.3960!!!!R145_60!TOP!TOP!
S!!!!!!!!IC12!3!UNSPEC!262.4750!172.3960!!!!R145_60!TOP!TOP!
S!!!2!    1!    1!0!!IC12!2!UNSPEC!262.4750!173.1960!!!!R145_60!TOP!TOP!
S!!!!!!!!IC12!2!UNSPEC!262.4750!173.1960!!!!R145_60!TOP!TOP!
S!!!2!    1!    1!0!!IC12!1!UNSPEC!262.4750!173.9960!!!!R145_60!TOP!TOP!
S!!!!!!!!IC12!1!UNSPEC!262.4750!173.9960!!!!R145_60!TOP!TOP!
S!!!2!    1!    1!0!!IC12!32!UNSPEC!263.9000!175.4210!!!!R145_60!TOP!TOP!
S!!!!!!!!IC12!32!UNSPEC!263.9000!175.4210!!!!R145_60!TOP!TOP!
S!!!2!    1!    1!0!!IC12!31!UNSPEC!264.7000!175.4210!!!!R145_60!TOP!TOP!
S!!!!!!!!IC12!31!UNSPEC!264.7000!175.4210!!!!R145_60!TOP!TOP!
S!!!2!    1!    1!0!!IC12!30!UNSPEC!265.5000!175.4210!!!!R145_60!TOP!TOP!
S!!!!!!!!IC12!30!UNSPEC!265.5000!175.4210!!!!R145_60!TOP!TOP!
S!!!2!    1!    1!0!!IC12!29!UNSPEC!266.3000!175.4210!!!!R145_60!TOP!TOP!
S!!!!!!!!IC12!29!UNSPEC!266.3000!175.4210!!!!R145_60!TOP!TOP!
S!!!2!    1!    1!0!!IC12!19!UNSPEC!270.9250!169.9960!!!!R145_60!TOP!TOP!
S!!!!!!!!IC12!19!UNSPEC!270.9250!169.9960!!!!R145_60!TOP!TOP!
S!!!2!    1!    1!0!!IC12!8!UNSPEC!262.4750!168.3960!!!!R145_60!TOP!TOP!
S!!!!!!!!IC12!8!UNSPEC!262.4750!168.3960!!!!R145_60!TOP!TOP!
S!!!2!    1!    1!0!!IC12!7!UNSPEC!262.4750!169.1960!!!!R145_60!TOP!TOP!
S!!!!!!!!IC12!7!UNSPEC!262.4750!169.1960!!!!R145_60!TOP!TOP!
S!!!2!    1!    1!0!!IC11!29!UNSPEC!297.3300!173.5200!!!!R147_5_60!TOP!TOP!
S!!!!!!!!IC11!29!UNSPEC!297.3300!173.5200!!!!R147_5_60!TOP!TOP!
S!!!2!    1!    1!0!!IC11!6!UNSPEC!285.8540!172.7200!!!!R147_5_60!TOP!TOP!
S!!!!!!!!IC11!6!UNSPEC!285.8540!172.7200!!!!R147_5_60!TOP!TOP!
S!!!2!    1!    1!0!!IC11!18!UNSPEC!292.3920!166.9820!!!!R147_5_60!TOP!TOP!
S!!!!!!!!IC11!18!UNSPEC!292.3920!166.9820!!!!R147_5_60!TOP!TOP!
S!!!2!    1!    1!0!!IC11!28!UNSPEC!297.3300!172.7200!!!!R147_5_60!TOP!TOP!
S!!!!!!!!IC11!28!UNSPEC!297.3300!172.7200!!!!R147_5_60!TOP!TOP!
S!!!2!    1!    1!0!!IC11!7!UNSPEC!285.8540!171.9200!!!!R147_5_60!TOP!TOP!
S!!!!!!!!IC11!7!UNSPEC!285.8540!171.9200!!!!R147_5_60!TOP!TOP!
S!!!2!    1!    1!0!!IC11!27!UNSPEC!297.3300!171.9200!!!!R147_5_60!TOP!TOP!
S!!!!!!!!IC11!27!UNSPEC!297.3300!171.9200!!!!R147_5_60!TOP!TOP!
S!!!2!    1!    1!0!!IC11!26!UNSPEC!297.3300!171.1200!!!!R147_5_60!TOP!TOP!
S!!!!!!!!IC11!26!UNSPEC!297.3300!171.1200!!!!R147_5_60!TOP!TOP!
S!!!2!    1!    1!0!!IC11!25!UNSPEC!297.3300!170.3200!!!!R147_5_60!TOP!TOP!
S!!!!!!!!IC11!25!UNSPEC!297.3300!170.3200!!!!R147_5_60!TOP!TOP!
S!!!2!    1!    1!0!!IC11!5!UNSPEC!285.8540!173.5200!!!!R147_5_60!TOP!TOP!
S!!!!!!!!IC11!5!UNSPEC!285.8540!173.5200!!!!R147_5_60!TOP!TOP!
S!!!2!    1!    1!0!!IC11!4!UNSPEC!285.8540!174.3200!!!!R147_5_60!TOP!TOP!
S!!!!!!!!IC11!4!UNSPEC!285.8540!174.3200!!!!R147_5_60!TOP!TOP!
S!!!2!    1!    1!0!!IC11!3!UNSPEC!285.8540!175.1200!!!!R147_5_60!TOP!TOP!
S!!!!!!!!IC11!3!UNSPEC!285.8540!175.1200!!!!R147_5_60!TOP!TOP!
S!!!2!    1!    1!0!!IC11!2!UNSPEC!285.8540!175.9200!!!!R147_5_60!TOP!TOP!
S!!!!!!!!IC11!2!UNSPEC!285.8540!175.9200!!!!R147_5_60!TOP!TOP!
S!!!2!    1!    1!0!!IC11!41!UNSPEC!289.9920!178.4580!!!!R147_5_60!TOP!TOP!
S!!!!!!!!IC11!41!UNSPEC!289.9920!178.4580!!!!R147_5_60!TOP!TOP!
S!!!2!    1!    1!0!!IC11!40!UNSPEC!290.7920!178.4580!!!!R147_5_60!TOP!TOP!
S!!!!!!!!IC11!40!UNSPEC!290.7920!178.4580!!!!R147_5_60!TOP!TOP!
S!!!2!    1!    1!0!!IC11!39!UNSPEC!291.5920!178.4580!!!!R147_5_60!TOP!TOP!
S!!!!!!!!IC11!39!UNSPEC!291.5920!178.4580!!!!R147_5_60!TOP!TOP!
S!!!2!    1!    1!0!!IC11!38!UNSPEC!292.3920!178.4580!!!!R147_5_60!TOP!TOP!
S!!!!!!!!IC11!38!UNSPEC!292.3920!178.4580!!!!R147_5_60!TOP!TOP!
S!!!2!    1!    1!0!!IC11!1!UNSPEC!285.8540!176.7200!!!!R147_5_60!TOP!TOP!
S!!!!!!!!IC11!1!UNSPEC!285.8540!176.7200!!!!R147_5_60!TOP!TOP!
S!!!2!    1!    1!0!!IC11!44!UNSPEC!287.5920!178.4580!!!!R147_5_60!TOP!TOP!
S!!!!!!!!IC11!44!UNSPEC!287.5920!178.4580!!!!R147_5_60!TOP!TOP!
S!!!2!    1!    1!0!!IC11!43!UNSPEC!288.3920!178.4580!!!!R147_5_60!TOP!TOP!
S!!!!!!!!IC11!43!UNSPEC!288.3920!178.4580!!!!R147_5_60!TOP!TOP!
S!!!2!    1!    1!0!!IC11!42!UNSPEC!289.1920!178.4580!!!!R147_5_60!TOP!TOP!
S!!!!!!!!IC11!42!UNSPEC!289.1920!178.4580!!!!R147_5_60!TOP!TOP!
S!!!2!    1!    1!0!!IC11!37!UNSPEC!293.1920!178.4580!!!!R147_5_60!TOP!TOP!
S!!!!!!!!IC11!37!UNSPEC!293.1920!178.4580!!!!R147_5_60!TOP!TOP!
S!!!2!    1!    1!0!!IC11!36!UNSPEC!293.9920!178.4580!!!!R147_5_60!TOP!TOP!
S!!!!!!!!IC11!36!UNSPEC!293.9920!178.4580!!!!R147_5_60!TOP!TOP!
S!!!2!    1!    1!0!!IC11!35!UNSPEC!294.7920!178.4580!!!!R147_5_60!TOP!TOP!
S!!!!!!!!IC11!35!UNSPEC!294.7920!178.4580!!!!R147_5_60!TOP!TOP!
S!!!2!    1!    1!0!!IC11!32!UNSPEC!297.3300!175.9200!!!!R147_5_60!TOP!TOP!
S!!!!!!!!IC11!32!UNSPEC!297.3300!175.9200!!!!R147_5_60!TOP!TOP!
S!!!2!    1!    1!0!!IC11!15!UNSPEC!289.9920!166.9820!!!!R147_5_60!TOP!TOP!
S!!!!!!!!IC11!15!UNSPEC!289.9920!166.9820!!!!R147_5_60!TOP!TOP!
S!!!2!    1!    1!0!!IC11!14!UNSPEC!289.1920!166.9820!!!!R147_5_60!TOP!TOP!
S!!!!!!!!IC11!14!UNSPEC!289.1920!166.9820!!!!R147_5_60!TOP!TOP!
S!!!2!    1!    1!0!!IC11!11!UNSPEC!285.8540!168.7200!!!!R147_5_60!TOP!TOP!
S!!!!!!!!IC11!11!UNSPEC!285.8540!168.7200!!!!R147_5_60!TOP!TOP!
S!!!2!    1!    1!0!!IC11!10!UNSPEC!285.8540!169.5200!!!!R147_5_60!TOP!TOP!
S!!!!!!!!IC11!10!UNSPEC!285.8540!169.5200!!!!R147_5_60!TOP!TOP!
S!!!2!    1!    1!0!!IC11!9!UNSPEC!285.8540!170.3200!!!!R147_5_60!TOP!TOP!
S!!!!!!!!IC11!9!UNSPEC!285.8540!170.3200!!!!R147_5_60!TOP!TOP!
S!!!2!    1!    1!0!!IC11!8!UNSPEC!285.8540!171.1200!!!!R147_5_60!TOP!TOP!
S!!!!!!!!IC11!8!UNSPEC!285.8540!171.1200!!!!R147_5_60!TOP!TOP!
S!!!2!    1!    1!0!!IC11!30!UNSPEC!297.3300!174.3200!!!!R147_5_60!TOP!TOP!
S!!!!!!!!IC11!30!UNSPEC!297.3300!174.3200!!!!R147_5_60!TOP!TOP!
S!!!2!    1!    1!0!!IC11!31!UNSPEC!297.3300!175.1200!!!!R147_5_60!TOP!TOP!
S!!!!!!!!IC11!31!UNSPEC!297.3300!175.1200!!!!R147_5_60!TOP!TOP!
S!!!2!    1!    1!0!!IC11!24!UNSPEC!297.3300!169.5200!!!!R147_5_60!TOP!TOP!
S!!!!!!!!IC11!24!UNSPEC!297.3300!169.5200!!!!R147_5_60!TOP!TOP!
S!!!2!    1!    1!0!!IC11!23!UNSPEC!297.3300!168.7200!!!!R147_5_60!TOP!TOP!
S!!!!!!!!IC11!23!UNSPEC!297.3300!168.7200!!!!R147_5_60!TOP!TOP!
S!!!2!    1!    1!0!!IC11!22!UNSPEC!295.5920!166.9820!!!!R147_5_60!TOP!TOP!
S!!!!!!!!IC11!22!UNSPEC!295.5920!166.9820!!!!R147_5_60!TOP!TOP!
S!!!2!    1!    1!0!!IC11!21!UNSPEC!294.7920!166.9820!!!!R147_5_60!TOP!TOP!
S!!!!!!!!IC11!21!UNSPEC!294.7920!166.9820!!!!R147_5_60!TOP!TOP!
S!!!2!    1!    1!0!!IC11!20!UNSPEC!293.9920!166.9820!!!!R147_5_60!TOP!TOP!
S!!!!!!!!IC11!20!UNSPEC!293.9920!166.9820!!!!R147_5_60!TOP!TOP!
S!!!2!    1!    1!0!!IC11!19!UNSPEC!293.1920!166.9820!!!!R147_5_60!TOP!TOP!
S!!!!!!!!IC11!19!UNSPEC!293.1920!166.9820!!!!R147_5_60!TOP!TOP!
S!!!2!    1!    1!0!!IC11!34!UNSPEC!295.5920!178.4580!!!!R147_5_60!TOP!TOP!
S!!!!!!!!IC11!34!UNSPEC!295.5920!178.4580!!!!R147_5_60!TOP!TOP!
S!!!2!    1!    1!0!!IC11!33!UNSPEC!297.3300!176.7200!!!!R147_5_60!TOP!TOP!
S!!!!!!!!IC11!33!UNSPEC!297.3300!176.7200!!!!R147_5_60!TOP!TOP!
S!!!2!    1!    1!0!!IC11!13!UNSPEC!288.3920!166.9820!!!!R147_5_60!TOP!TOP!
S!!!!!!!!IC11!13!UNSPEC!288.3920!166.9820!!!!R147_5_60!TOP!TOP!
S!!!2!    1!    1!0!!IC11!12!UNSPEC!287.5920!166.9820!!!!R147_5_60!TOP!TOP!
S!!!!!!!!IC11!12!UNSPEC!287.5920!166.9820!!!!R147_5_60!TOP!TOP!
S!!!2!    1!    1!0!!IC11!17!UNSPEC!291.5920!166.9820!!!!R147_5_60!TOP!TOP!
S!!!!!!!!IC11!17!UNSPEC!291.5920!166.9820!!!!R147_5_60!TOP!TOP!
S!!!2!    1!    1!0!!IC11!16!UNSPEC!290.7920!166.9820!!!!R147_5_60!TOP!TOP!
S!!!!!!!!IC11!16!UNSPEC!290.7920!166.9820!!!!R147_5_60!TOP!TOP!
S!!!2!    1!    1!0!!IC10!47!UNSPEC!252.7660!175.4340!!!!R147_5_30!TOP!TOP!
S!!!!!!!!IC10!47!UNSPEC!252.7660!175.4340!!!!R147_5_30!TOP!TOP!
S!!!2!    1!    1!0!!IC10!35!UNSPEC!259.2540!173.4460!!!!R147_5_30!TOP!TOP!
S!!!!!!!!IC10!35!UNSPEC!259.2540!173.4460!!!!R147_5_30!TOP!TOP!
S!!!2!    1!    1!0!!IC10!23!UNSPEC!257.2660!166.9580!!!!R147_5_30!TOP!TOP!
S!!!!!!!!IC10!23!UNSPEC!257.2660!166.9580!!!!R147_5_30!TOP!TOP!
S!!!2!    1!    1!0!!IC10!8!UNSPEC!250.7780!170.4460!!!!R147_5_30!TOP!TOP!
S!!!!!!!!IC10!8!UNSPEC!250.7780!170.4460!!!!R147_5_30!TOP!TOP!
S!!!2!    1!    1!0!!IC10!36!UNSPEC!259.2540!173.9460!!!!R147_5_30!TOP!TOP!
S!!!!!!!!IC10!36!UNSPEC!259.2540!173.9460!!!!R147_5_30!TOP!TOP!
S!!!2!    1!    1!0!!IC10!48!UNSPEC!252.2660!175.4340!!!!R147_5_30!TOP!TOP!
S!!!!!!!!IC10!48!UNSPEC!252.2660!175.4340!!!!R147_5_30!TOP!TOP!
S!!!2!    1!    1!0!!IC10!24!UNSPEC!257.7660!166.9580!!!!R147_5_30!TOP!TOP!
S!!!!!!!!IC10!24!UNSPEC!257.7660!166.9580!!!!R147_5_30!TOP!TOP!
S!!!2!    1!    1!0!!IC10!1!UNSPEC!250.7780!173.9460!!!!R147_5_30!TOP!TOP!
S!!!!!!!!IC10!1!UNSPEC!250.7780!173.9460!!!!R147_5_30!TOP!TOP!
S!!!2!    1!    1!0!!IC10!9!UNSPEC!250.7780!169.9460!!!!R147_5_30!TOP!TOP!
S!!!!!!!!IC10!9!UNSPEC!250.7780!169.9460!!!!R147_5_30!TOP!TOP!
S!!!2!    1!    1!0!!IC10!6!UNSPEC!250.7780!171.4460!!!!R147_5_30!TOP!TOP!
S!!!!!!!!IC10!6!UNSPEC!250.7780!171.4460!!!!R147_5_30!TOP!TOP!
S!!!2!    1!    1!0!!IC10!5!UNSPEC!250.7780!171.9460!!!!R147_5_30!TOP!TOP!
S!!!!!!!!IC10!5!UNSPEC!250.7780!171.9460!!!!R147_5_30!TOP!TOP!
S!!!2!    1!    1!0!!IC10!4!UNSPEC!250.7780!172.4460!!!!R147_5_30!TOP!TOP!
S!!!!!!!!IC10!4!UNSPEC!250.7780!172.4460!!!!R147_5_30!TOP!TOP!
S!!!2!    1!    1!0!!IC10!3!UNSPEC!250.7780!172.9460!!!!R147_5_30!TOP!TOP!
S!!!!!!!!IC10!3!UNSPEC!250.7780!172.9460!!!!R147_5_30!TOP!TOP!
S!!!2!    1!    1!0!!IC10!2!UNSPEC!250.7780!173.4460!!!!R147_5_30!TOP!TOP!
S!!!!!!!!IC10!2!UNSPEC!250.7780!173.4460!!!!R147_5_30!TOP!TOP!
S!!!2!    1!    1!0!!IC10!46!UNSPEC!253.2660!175.4340!!!!R147_5_30!TOP!TOP!
S!!!!!!!!IC10!46!UNSPEC!253.2660!175.4340!!!!R147_5_30!TOP!TOP!
S!!!2!    1!    1!0!!IC10!45!UNSPEC!253.7660!175.4340!!!!R147_5_30!TOP!TOP!
S!!!!!!!!IC10!45!UNSPEC!253.7660!175.4340!!!!R147_5_30!TOP!TOP!
S!!!2!    1!    1!0!!IC10!43!UNSPEC!254.7660!175.4340!!!!R147_5_30!TOP!TOP!
S!!!!!!!!IC10!43!UNSPEC!254.7660!175.4340!!!!R147_5_30!TOP!TOP!
S!!!2!    1!    1!0!!IC10!42!UNSPEC!255.2660!175.4340!!!!R147_5_30!TOP!TOP!
S!!!!!!!!IC10!42!UNSPEC!255.2660!175.4340!!!!R147_5_30!TOP!TOP!
S!!!2!    1!    1!0!!IC10!41!UNSPEC!255.7660!175.4340!!!!R147_5_30!TOP!TOP!
S!!!!!!!!IC10!41!UNSPEC!255.7660!175.4340!!!!R147_5_30!TOP!TOP!
S!!!2!    1!    1!0!!IC10!40!UNSPEC!256.2660!175.4340!!!!R147_5_30!TOP!TOP!
S!!!!!!!!IC10!40!UNSPEC!256.2660!175.4340!!!!R147_5_30!TOP!TOP!
S!!!2!    1!    1!0!!IC10!39!UNSPEC!256.7660!175.4340!!!!R147_5_30!TOP!TOP!
S!!!!!!!!IC10!39!UNSPEC!256.7660!175.4340!!!!R147_5_30!TOP!TOP!
S!!!2!    1!    1!0!!IC10!20!UNSPEC!255.7660!166.9580!!!!R147_5_30!TOP!TOP!
S!!!!!!!!IC10!20!UNSPEC!255.7660!166.9580!!!!R147_5_30!TOP!TOP!
S!!!2!    1!    1!0!!IC10!28!UNSPEC!259.2540!169.9460!!!!R147_5_30!TOP!TOP!
S!!!!!!!!IC10!28!UNSPEC!259.2540!169.9460!!!!R147_5_30!TOP!TOP!
S!!!2!    1!    1!0!!IC10!27!UNSPEC!259.2540!169.4460!!!!R147_5_30!TOP!TOP!
S!!!!!!!!IC10!27!UNSPEC!259.2540!169.4460!!!!R147_5_30!TOP!TOP!
S!!!2!    1!    1!0!!IC10!26!UNSPEC!259.2540!168.9460!!!!R147_5_30!TOP!TOP!
S!!!!!!!!IC10!26!UNSPEC!259.2540!168.9460!!!!R147_5_30!TOP!TOP!
S!!!2!    1!    1!0!!IC10!25!UNSPEC!259.2540!168.4460!!!!R147_5_30!TOP!TOP!
S!!!!!!!!IC10!25!UNSPEC!259.2540!168.4460!!!!R147_5_30!TOP!TOP!
S!!!2!    1!    1!0!!IC10!22!UNSPEC!256.7660!166.9580!!!!R147_5_30!TOP!TOP!
S!!!!!!!!IC10!22!UNSPEC!256.7660!166.9580!!!!R147_5_30!TOP!TOP!
S!!!2!    1!    1!0!!IC10!21!UNSPEC!256.2660!166.9580!!!!R147_5_30!TOP!TOP!
S!!!!!!!!IC10!21!UNSPEC!256.2660!166.9580!!!!R147_5_30!TOP!TOP!
S!!!2!    1!    1!0!!IC10!19!UNSPEC!255.2660!166.9580!!!!R147_5_30!TOP!TOP!
S!!!!!!!!IC10!19!UNSPEC!255.2660!166.9580!!!!R147_5_30!TOP!TOP!
S!!!2!    1!    1!0!!IC10!18!UNSPEC!254.7660!166.9580!!!!R147_5_30!TOP!TOP!
S!!!!!!!!IC10!18!UNSPEC!254.7660!166.9580!!!!R147_5_30!TOP!TOP!
S!!!2!    1!    1!0!!IC10!30!UNSPEC!259.2540!170.9460!!!!R147_5_30!TOP!TOP!
S!!!!!!!!IC10!30!UNSPEC!259.2540!170.9460!!!!R147_5_30!TOP!TOP!
S!!!2!    1!    1!0!!IC10!29!UNSPEC!259.2540!170.4460!!!!R147_5_30!TOP!TOP!
S!!!!!!!!IC10!29!UNSPEC!259.2540!170.4460!!!!R147_5_30!TOP!TOP!
S!!!2!    1!    1!0!!IC10!17!UNSPEC!254.2660!166.9580!!!!R147_5_30!TOP!TOP!
S!!!!!!!!IC10!17!UNSPEC!254.2660!166.9580!!!!R147_5_30!TOP!TOP!
S!!!2!    1!    1!0!!IC10!16!UNSPEC!253.7660!166.9580!!!!R147_5_30!TOP!TOP!
S!!!!!!!!IC10!16!UNSPEC!253.7660!166.9580!!!!R147_5_30!TOP!TOP!
S!!!2!    1!    1!0!!IC10!15!UNSPEC!253.2660!166.9580!!!!R147_5_30!TOP!TOP!
S!!!!!!!!IC10!15!UNSPEC!253.2660!166.9580!!!!R147_5_30!TOP!TOP!
S!!!2!    1!    1!0!!IC10!14!UNSPEC!252.7660!166.9580!!!!R147_5_30!TOP!TOP!
S!!!!!!!!IC10!14!UNSPEC!252.7660!166.9580!!!!R147_5_30!TOP!TOP!
S!!!2!    1!    1!0!!IC10!13!UNSPEC!252.2660!166.9580!!!!R147_5_30!TOP!TOP!
S!!!!!!!!IC10!13!UNSPEC!252.2660!166.9580!!!!R147_5_30!TOP!TOP!
S!!!2!    1!    1!0!!IC10!12!UNSPEC!250.7780!168.4460!!!!R147_5_30!TOP!TOP!
S!!!!!!!!IC10!12!UNSPEC!250.7780!168.4460!!!!R147_5_30!TOP!TOP!
S!!!2!    1!    1!0!!IC10!38!UNSPEC!257.2660!175.4340!!!!R147_5_30!TOP!TOP!
S!!!!!!!!IC10!38!UNSPEC!257.2660!175.4340!!!!R147_5_30!TOP!TOP!
S!!!2!    1!    1!0!!IC10!37!UNSPEC!257.7660!175.4340!!!!R147_5_30!TOP!TOP!
S!!!!!!!!IC10!37!UNSPEC!257.7660!175.4340!!!!R147_5_30!TOP!TOP!
S!!!2!    1!    1!0!!IC10!34!UNSPEC!259.2540!172.9460!!!!R147_5_30!TOP!TOP!
S!!!!!!!!IC10!34!UNSPEC!259.2540!172.9460!!!!R147_5_30!TOP!TOP!
S!!!2!    1!    1!0!!IC10!33!UNSPEC!259.2540!172.4460!!!!R147_5_30!TOP!TOP!
S!!!!!!!!IC10!33!UNSPEC!259.2540!172.4460!!!!R147_5_30!TOP!TOP!
S!!!2!    1!    1!0!!IC10!32!UNSPEC!259.2540!171.9460!!!!R147_5_30!TOP!TOP!
S!!!!!!!!IC10!32!UNSPEC!259.2540!171.9460!!!!R147_5_30!TOP!TOP!
S!!!2!    1!    1!0!!IC10!31!UNSPEC!259.2540!171.4460!!!!R147_5_30!TOP!TOP!
S!!!!!!!!IC10!31!UNSPEC!259.2540!171.4460!!!!R147_5_30!TOP!TOP!
S!!!2!    1!    1!0!!IC10!11!UNSPEC!250.7780!168.9460!!!!R147_5_30!TOP!TOP!
S!!!!!!!!IC10!11!UNSPEC!250.7780!168.9460!!!!R147_5_30!TOP!TOP!
S!!!2!    1!    1!0!!IC10!10!UNSPEC!250.7780!169.4460!!!!R147_5_30!TOP!TOP!
S!!!!!!!!IC10!10!UNSPEC!250.7780!169.4460!!!!R147_5_30!TOP!TOP!
S!!!2!    1!    1!0!!IC10!7!UNSPEC!250.7780!170.9460!!!!R147_5_30!TOP!TOP!
S!!!!!!!!IC10!7!UNSPEC!250.7780!170.9460!!!!R147_5_30!TOP!TOP!
S!!!2!    1!    1!0!!IC10!44!UNSPEC!254.2660!175.4340!!!!R147_5_30!TOP!TOP!
S!!!!!!!!IC10!44!UNSPEC!254.2660!175.4340!!!!R147_5_30!TOP!TOP!
