(---------------------------------------------------------------------)
(                                                                     )
(    IPC2581 Export                                                   )
(                                                                     )
(    Software Version : 23.1S004                                      )
(    Date/Time        : Wed Jun 19 14:46:04 2024                      )
(                                                                     )
(---------------------------------------------------------------------)




Property configuration file: 
IPC2581 file: pcb_ruler
IPC2581 version: IPC2581-B
BRD file: d:/projects/projectscience/electronics/dosti_pcbruler/allegro/pcb_ruler.brd
IPC2581 units: MILLIMETER
Global package pin1 orientation: OTHER
Default symbol height: 3.81
Export drill information?: NO
Export backdrill information?: NO
Export BOM information?: NO
Export component descriptions?: NO
Export component packages?: NO
Export land patterns?: NO
Export device descriptions?: NO
Export net list?: NO
Export hierarchical layer/stack instance?: YES
Export Outer Copper Layers?: NO
Export Inner Layers?: NO
Export Documentation Layers?: NO
Export Miscellaneous Image Layers?: NO
Export SolderMask/SolderPaste Legend Layers?: NO
Export vector text?: NO
Export cavities?: NO
Export padstack definitions?: NO
Export zip file?: NO
a2ipc2581 complete.
