A!PAD_NAME!REC_NUMBER!LAYER!FIXFLAG!VIAFLAG!PADSHAPE1!PADWIDTH!PADHGHT!PADXOFF!PADYOFF!PADFLASH!PADSHAPENAME!TRELSHAPE1!TRELWIDTH!TRELHGHT!TRELXOFF!TRELYOFF!TRELFLASH!TRELSHAPENAME!APADSHAPE1!APADWIDTH!APADHGHT!APADXOFF!APADYOFF!APADFLASH!APADSHAPENAME!
J!d:/projects/projectscience/electronics/dosti_pcbruler/allegro/pcb_ruler.brd!Wed Jun 19 14:43:44 2024!0.0000!0.0000!533.4000!431.8000!0.0001!millimeters!PCB_RULER!10.400000 mil!2!UP TO DATE!
S!R145_30!00001!TOP!o!v!RECTANGLE!0.3000!1.4500!0.0000!0.0000!!!!0.0000!0.0000!0.0000!0.0000!!!!0.0000!0.0000!0.0000!0.0000!!!
S!R145_30!00002!internal_pad_def!o!v!!0.0000!0.0000!0.0000!0.0000!!!!0.0000!0.0000!0.0000!0.0000!!!!0.0000!0.0000!0.0000!0.0000!!!
S!R145_30!00003!BOTTOM!o!v!!0.0000!0.0000!0.0000!0.0000!!!!0.0000!0.0000!0.0000!0.0000!!!!0.0000!0.0000!0.0000!0.0000!!!
S!R145_30!00004!~TSM!o!v!RECTANGLE!0.3000!1.4500!0.0000!0.0000!!!!!!!!!!!!!!!!!
S!R145_30!00005!~BSM!o!v!!0.0000!0.0000!0.0000!0.0000!!!!!!!!!!!!!!!!!
S!R145_30!00006!~TPM!o!v!RECTANGLE!0.3000!1.4500!0.0000!0.0000!!!!!!!!!!!!!!!!!
S!R145_30!00007!~BPM!o!v!!0.0000!0.0000!0.0000!0.0000!!!!!!!!!!!!!!!!!
S!R145_30!00008!~TFM!o!v!!0.0000!0.0000!0.0000!0.0000!!!!!!!!!!!!!!!!!
S!R145_30!00009!~BFM!o!v!!0.0000!0.0000!0.0000!0.0000!!!!!!!!!!!!!!!!!
S!R145_30!00010!~ALV!o!v!!0.0000!0.0000!0.0000!0.0000!!!!!!!!!!!!!!!!!
S!R145_30!00011!~DRILL!o!v!0.0000!0.0000!0.0000!0.0000!0.0000!!P!!n!!!!!!NONE!!0.0000!0.0000!!!!
S!R165_65!00001!TOP!o!v!RECTANGLE!0.6500!1.6500!0.0000!0.0000!!!!0.0000!0.0000!0.0000!0.0000!!!!0.0000!0.0000!0.0000!0.0000!!!
S!R165_65!00002!internal_pad_def!o!v!!0.0000!0.0000!0.0000!0.0000!!!!0.0000!0.0000!0.0000!0.0000!!!!0.0000!0.0000!0.0000!0.0000!!!
S!R165_65!00003!BOTTOM!o!v!!0.0000!0.0000!0.0000!0.0000!!!!0.0000!0.0000!0.0000!0.0000!!!!0.0000!0.0000!0.0000!0.0000!!!
S!R165_65!00004!~TSM!o!v!!0.0000!0.0000!0.0000!0.0000!!!!!!!!!!!!!!!!!
S!R165_65!00005!~BSM!o!v!!0.0000!0.0000!0.0000!0.0000!!!!!!!!!!!!!!!!!
S!R165_65!00006!~TPM!o!v!!0.0000!0.0000!0.0000!0.0000!!!!!!!!!!!!!!!!!
S!R165_65!00007!~BPM!o!v!!0.0000!0.0000!0.0000!0.0000!!!!!!!!!!!!!!!!!
S!R165_65!00008!~TFM!o!v!!0.0000!0.0000!0.0000!0.0000!!!!!!!!!!!!!!!!!
S!R165_65!00009!~BFM!o!v!!0.0000!0.0000!0.0000!0.0000!!!!!!!!!!!!!!!!!
S!R165_65!00010!~ALV!o!v!!0.0000!0.0000!0.0000!0.0000!!!!!!!!!!!!!!!!!
S!R165_65!00011!~DRILL!o!v!0.0000!0.0000!0.0000!0.0000!0.0000!!P!!n!!!!!!NONE!!0.0000!0.0000!!!!
S!C29!00001!TOP!o!v!CIRCLE!0.2900!0.2900!0.0000!0.0000!!!!0.0000!0.0000!0.0000!0.0000!!!!0.0000!0.0000!0.0000!0.0000!!!
S!C29!00002!internal_pad_def!o!v!!0.0000!0.0000!0.0000!0.0000!!!!0.0000!0.0000!0.0000!0.0000!!!!0.0000!0.0000!0.0000!0.0000!!!
S!C29!00003!BOTTOM!o!v!!0.0000!0.0000!0.0000!0.0000!!!!0.0000!0.0000!0.0000!0.0000!!!!0.0000!0.0000!0.0000!0.0000!!!
S!C29!00004!~TSM!o!v!CIRCLE!0.2900!0.2900!0.0000!0.0000!!!!!!!!!!!!!!!!!
S!C29!00005!~BSM!o!v!!0.0000!0.0000!0.0000!0.0000!!!!!!!!!!!!!!!!!
S!C29!00006!~TPM!o!v!CIRCLE!0.2900!0.2900!0.0000!0.0000!!!!!!!!!!!!!!!!!
S!C29!00007!~BPM!o!v!!0.0000!0.0000!0.0000!0.0000!!!!!!!!!!!!!!!!!
S!C29!00008!~TFM!o!v!!0.0000!0.0000!0.0000!0.0000!!!!!!!!!!!!!!!!!
S!C29!00009!~BFM!o!v!!0.0000!0.0000!0.0000!0.0000!!!!!!!!!!!!!!!!!
S!C29!00010!~ALV!o!v!!0.0000!0.0000!0.0000!0.0000!!!!!!!!!!!!!!!!!
S!C29!00011!~DRILL!o!v!0.0000!0.0000!0.0000!0.0000!0.0000!!P!!n!!!!!!NONE!!0.0000!0.0000!!!!
S!R145_60!00001!TOP!o!v!RECTANGLE!0.6000!1.4500!0.0000!0.0000!!!!0.0000!0.0000!0.0000!0.0000!!!!0.0000!0.0000!0.0000!0.0000!!!
S!R145_60!00002!internal_pad_def!o!v!!0.0000!0.0000!0.0000!0.0000!!!!0.0000!0.0000!0.0000!0.0000!!!!0.0000!0.0000!0.0000!0.0000!!!
S!R145_60!00003!BOTTOM!o!v!!0.0000!0.0000!0.0000!0.0000!!!!0.0000!0.0000!0.0000!0.0000!!!!0.0000!0.0000!0.0000!0.0000!!!
S!R145_60!00004!~TSM!o!v!!0.0000!0.0000!0.0000!0.0000!!!!!!!!!!!!!!!!!
S!R145_60!00005!~BSM!o!v!!0.0000!0.0000!0.0000!0.0000!!!!!!!!!!!!!!!!!
S!R145_60!00006!~TPM!o!v!!0.0000!0.0000!0.0000!0.0000!!!!!!!!!!!!!!!!!
S!R145_60!00007!~BPM!o!v!!0.0000!0.0000!0.0000!0.0000!!!!!!!!!!!!!!!!!
S!R145_60!00008!~TFM!o!v!!0.0000!0.0000!0.0000!0.0000!!!!!!!!!!!!!!!!!
S!R145_60!00009!~BFM!o!v!!0.0000!0.0000!0.0000!0.0000!!!!!!!!!!!!!!!!!
S!R145_60!00010!~ALV!o!v!!0.0000!0.0000!0.0000!0.0000!!!!!!!!!!!!!!!!!
S!R145_60!00011!~DRILL!o!v!0.0000!0.0000!0.0000!0.0000!0.0000!!P!!n!!!!!!NONE!!0.0000!0.0000!!!!
S!R147_5_60!00001!TOP!o!v!RECTANGLE!0.6000!1.4750!0.0000!0.0000!!!!0.0000!0.0000!0.0000!0.0000!!!!0.0000!0.0000!0.0000!0.0000!!!
S!R147_5_60!00002!internal_pad_def!o!v!!0.0000!0.0000!0.0000!0.0000!!!!0.0000!0.0000!0.0000!0.0000!!!!0.0000!0.0000!0.0000!0.0000!!!
S!R147_5_60!00003!BOTTOM!o!v!!0.0000!0.0000!0.0000!0.0000!!!!0.0000!0.0000!0.0000!0.0000!!!!0.0000!0.0000!0.0000!0.0000!!!
S!R147_5_60!00004!~TSM!o!v!RECTANGLE!0.6000!1.4750!0.0000!0.0000!!!!!!!!!!!!!!!!!
S!R147_5_60!00005!~BSM!o!v!!0.0000!0.0000!0.0000!0.0000!!!!!!!!!!!!!!!!!
S!R147_5_60!00006!~TPM!o!v!RECTANGLE!0.6000!1.4750!0.0000!0.0000!!!!!!!!!!!!!!!!!
S!R147_5_60!00007!~BPM!o!v!!0.0000!0.0000!0.0000!0.0000!!!!!!!!!!!!!!!!!
S!R147_5_60!00008!~TFM!o!v!!0.0000!0.0000!0.0000!0.0000!!!!!!!!!!!!!!!!!
S!R147_5_60!00009!~BFM!o!v!!0.0000!0.0000!0.0000!0.0000!!!!!!!!!!!!!!!!!
S!R147_5_60!00010!~ALV!o!v!!0.0000!0.0000!0.0000!0.0000!!!!!!!!!!!!!!!!!
S!R147_5_60!00011!~DRILL!o!v!0.0000!0.0000!0.0000!0.0000!0.0000!!P!!n!!!!!!NONE!!0.0000!0.0000!!!!
S!R147_5_30!00001!TOP!o!v!RECTANGLE!0.3000!1.4750!0.0000!0.0000!!!!0.0000!0.0000!0.0000!0.0000!!!!0.0000!0.0000!0.0000!0.0000!!!
S!R147_5_30!00002!internal_pad_def!o!v!!0.0000!0.0000!0.0000!0.0000!!!!0.0000!0.0000!0.0000!0.0000!!!!0.0000!0.0000!0.0000!0.0000!!!
S!R147_5_30!00003!BOTTOM!o!v!!0.0000!0.0000!0.0000!0.0000!!!!0.0000!0.0000!0.0000!0.0000!!!!0.0000!0.0000!0.0000!0.0000!!!
S!R147_5_30!00004!~TSM!o!v!RECTANGLE!0.3000!1.4750!0.0000!0.0000!!!!!!!!!!!!!!!!!
S!R147_5_30!00005!~BSM!o!v!!0.0000!0.0000!0.0000!0.0000!!!!!!!!!!!!!!!!!
S!R147_5_30!00006!~TPM!o!v!RECTANGLE!0.3000!1.4750!0.0000!0.0000!!!!!!!!!!!!!!!!!
S!R147_5_30!00007!~BPM!o!v!!0.0000!0.0000!0.0000!0.0000!!!!!!!!!!!!!!!!!
S!R147_5_30!00008!~TFM!o!v!!0.0000!0.0000!0.0000!0.0000!!!!!!!!!!!!!!!!!
S!R147_5_30!00009!~BFM!o!v!!0.0000!0.0000!0.0000!0.0000!!!!!!!!!!!!!!!!!
S!R147_5_30!00010!~ALV!o!v!!0.0000!0.0000!0.0000!0.0000!!!!!!!!!!!!!!!!!
S!R147_5_30!00011!~DRILL!o!v!0.0000!0.0000!0.0000!0.0000!0.0000!!P!!n!!!!!!NONE!!0.0000!0.0000!!!!
S!R254_127!00001!TOP!o!v!RECTANGLE!1.2700!2.5400!0.0000!0.0000!!!!0.0000!0.0000!0.0000!0.0000!!!!0.0000!0.0000!0.0000!0.0000!!!
S!R254_127!00002!internal_pad_def!o!v!!0.0000!0.0000!0.0000!0.0000!!!!0.0000!0.0000!0.0000!0.0000!!!!0.0000!0.0000!0.0000!0.0000!!!
S!R254_127!00003!BOTTOM!o!v!!0.0000!0.0000!0.0000!0.0000!!!!0.0000!0.0000!0.0000!0.0000!!!!0.0000!0.0000!0.0000!0.0000!!!
S!R254_127!00004!~TSM!o!v!RECTANGLE!1.2700!2.5400!0.0000!0.0000!!!!!!!!!!!!!!!!!
S!R254_127!00005!~BSM!o!v!!0.0000!0.0000!0.0000!0.0000!!!!!!!!!!!!!!!!!
S!R254_127!00006!~TPM!o!v!RECTANGLE!1.2700!2.5400!0.0000!0.0000!!!!!!!!!!!!!!!!!
S!R254_127!00007!~BPM!o!v!!0.0000!0.0000!0.0000!0.0000!!!!!!!!!!!!!!!!!
S!R254_127!00008!~TFM!o!v!!0.0000!0.0000!0.0000!0.0000!!!!!!!!!!!!!!!!!
S!R254_127!00009!~BFM!o!v!!0.0000!0.0000!0.0000!0.0000!!!!!!!!!!!!!!!!!
S!R254_127!00010!~ALV!o!v!!0.0000!0.0000!0.0000!0.0000!!!!!!!!!!!!!!!!!
S!R254_127!00011!~DRILL!o!v!0.0000!0.0000!0.0000!0.0000!0.0000!!P!!n!!!!!!NONE!!0.0000!0.0000!!!!
S!C110_H70!00001!TOP!o!!CIRCLE!1.1000!1.1000!0.0000!0.0000!!!!0.0000!0.0000!0.0000!0.0000!!!!0.0000!0.0000!0.0000!0.0000!!!
S!C110_H70!00002!internal_pad_def!o!!CIRCLE!1.1000!1.1000!0.0000!0.0000!!!!0.0000!0.0000!0.0000!0.0000!!!!0.0000!0.0000!0.0000!0.0000!!!
S!C110_H70!00003!BOTTOM!o!!CIRCLE!1.1000!1.1000!0.0000!0.0000!!!!0.0000!0.0000!0.0000!0.0000!!!!0.0000!0.0000!0.0000!0.0000!!!
S!C110_H70!00004!~TSM!o!!CIRCLE!1.1000!1.1000!0.0000!0.0000!!!!!!!!!!!!!!!!!
S!C110_H70!00005!~BSM!o!!CIRCLE!1.1000!1.1000!0.0000!0.0000!!!!!!!!!!!!!!!!!
S!C110_H70!00006!~TPM!o!!!0.0000!0.0000!0.0000!0.0000!!!!!!!!!!!!!!!!!
S!C110_H70!00007!~BPM!o!!!0.0000!0.0000!0.0000!0.0000!!!!!!!!!!!!!!!!!
S!C110_H70!00008!~TFM!o!!!0.0000!0.0000!0.0000!0.0000!!!!!!!!!!!!!!!!!
S!C110_H70!00009!~BFM!o!!!0.0000!0.0000!0.0000!0.0000!!!!!!!!!!!!!!!!!
S!C110_H70!00010!~ALV!o!!!0.0000!0.0000!0.0000!0.0000!!!!!!!!!!!!!!!!!
S!C110_H70!00011!~DRILL!o!!0.7000!0.7000!0.7000!0.0000!0.0000!DIAMOND!P!C!n!!!!!!CIRCLE_DRILL!!0.0000!0.0000!!!!
S!C58_5_H117!00001!TOP!o!!CIRCLE!1.1700!1.1700!0.0000!0.0000!!!!0.0000!0.0000!0.0000!0.0000!!!!0.0000!0.0000!0.0000!0.0000!!!
S!C58_5_H117!00002!internal_pad_def!o!!CIRCLE!1.1700!1.1700!0.0000!0.0000!!!!0.0000!0.0000!0.0000!0.0000!!!!0.0000!0.0000!0.0000!0.0000!!!
S!C58_5_H117!00003!BOTTOM!o!!CIRCLE!1.1700!1.1700!0.0000!0.0000!!!!0.0000!0.0000!0.0000!0.0000!!!!0.0000!0.0000!0.0000!0.0000!!!
S!C58_5_H117!00004!~TSM!o!!!0.0000!0.0000!0.0000!0.0000!!!!!!!!!!!!!!!!!
S!C58_5_H117!00005!~BSM!o!!!0.0000!0.0000!0.0000!0.0000!!!!!!!!!!!!!!!!!
S!C58_5_H117!00006!~TPM!o!!!0.0000!0.0000!0.0000!0.0000!!!!!!!!!!!!!!!!!
S!C58_5_H117!00007!~BPM!o!!!0.0000!0.0000!0.0000!0.0000!!!!!!!!!!!!!!!!!
S!C58_5_H117!00008!~TFM!o!!!0.0000!0.0000!0.0000!0.0000!!!!!!!!!!!!!!!!!
S!C58_5_H117!00009!~BFM!o!!!0.0000!0.0000!0.0000!0.0000!!!!!!!!!!!!!!!!!
S!C58_5_H117!00010!~ALV!o!!!0.0000!0.0000!0.0000!0.0000!!!!!!!!!!!!!!!!!
S!C58_5_H117!00011!~DRILL!o!!1.1700!1.1700!1.1700!0.0000!0.0000!DIAMOND!N!B!n!!!!!!CIRCLE_DRILL!!0.0000!0.0000!!!!
S!C30_H60!00001!TOP!o!!CIRCLE!0.6000!0.6000!0.0000!0.0000!!!!0.0000!0.0000!0.0000!0.0000!!!!0.0000!0.0000!0.0000!0.0000!!!
S!C30_H60!00002!internal_pad_def!o!!CIRCLE!0.6000!0.6000!0.0000!0.0000!!!!0.0000!0.0000!0.0000!0.0000!!!!0.0000!0.0000!0.0000!0.0000!!!
S!C30_H60!00003!BOTTOM!o!!CIRCLE!0.6000!0.6000!0.0000!0.0000!!!!0.0000!0.0000!0.0000!0.0000!!!!0.0000!0.0000!0.0000!0.0000!!!
S!C30_H60!00004!~TSM!o!!!0.0000!0.0000!0.0000!0.0000!!!!!!!!!!!!!!!!!
S!C30_H60!00005!~BSM!o!!!0.0000!0.0000!0.0000!0.0000!!!!!!!!!!!!!!!!!
S!C30_H60!00006!~TPM!o!!!0.0000!0.0000!0.0000!0.0000!!!!!!!!!!!!!!!!!
S!C30_H60!00007!~BPM!o!!!0.0000!0.0000!0.0000!0.0000!!!!!!!!!!!!!!!!!
S!C30_H60!00008!~TFM!o!!!0.0000!0.0000!0.0000!0.0000!!!!!!!!!!!!!!!!!
S!C30_H60!00009!~BFM!o!!!0.0000!0.0000!0.0000!0.0000!!!!!!!!!!!!!!!!!
S!C30_H60!00010!~ALV!o!!!0.0000!0.0000!0.0000!0.0000!!!!!!!!!!!!!!!!!
S!C30_H60!00011!~DRILL!o!!0.6000!0.6000!0.6000!0.0000!0.0000!DIAMOND!N!A!n!!!!!!CIRCLE_DRILL!!0.0000!0.0000!!!!
S!R160_120!00001!TOP!o!v!RECTANGLE!1.2000!1.6000!0.0000!0.0000!!!!0.0000!0.0000!0.0000!0.0000!!!!0.0000!0.0000!0.0000!0.0000!!!
S!R160_120!00002!internal_pad_def!o!v!!0.0000!0.0000!0.0000!0.0000!!!!0.0000!0.0000!0.0000!0.0000!!!!0.0000!0.0000!0.0000!0.0000!!!
S!R160_120!00003!BOTTOM!o!v!!0.0000!0.0000!0.0000!0.0000!!!!0.0000!0.0000!0.0000!0.0000!!!!0.0000!0.0000!0.0000!0.0000!!!
S!R160_120!00004!~TSM!o!v!!0.0000!0.0000!0.0000!0.0000!!!!!!!!!!!!!!!!!
S!R160_120!00005!~BSM!o!v!!0.0000!0.0000!0.0000!0.0000!!!!!!!!!!!!!!!!!
S!R160_120!00006!~TPM!o!v!!0.0000!0.0000!0.0000!0.0000!!!!!!!!!!!!!!!!!
S!R160_120!00007!~BPM!o!v!!0.0000!0.0000!0.0000!0.0000!!!!!!!!!!!!!!!!!
S!R160_120!00008!~TFM!o!v!!0.0000!0.0000!0.0000!0.0000!!!!!!!!!!!!!!!!!
S!R160_120!00009!~BFM!o!v!!0.0000!0.0000!0.0000!0.0000!!!!!!!!!!!!!!!!!
S!R160_120!00010!~ALV!o!v!!0.0000!0.0000!0.0000!0.0000!!!!!!!!!!!!!!!!!
S!R160_120!00011!~DRILL!o!v!0.0000!0.0000!0.0000!0.0000!0.0000!!P!!n!!!!!!NONE!!0.0000!0.0000!!!!
S!R1080_940!00001!TOP!o!v!RECTANGLE!9.4000!10.8000!0.0000!0.0000!!!!0.0000!0.0000!0.0000!0.0000!!!!0.0000!0.0000!0.0000!0.0000!!!
S!R1080_940!00002!internal_pad_def!o!v!!0.0000!0.0000!0.0000!0.0000!!!!0.0000!0.0000!0.0000!0.0000!!!!0.0000!0.0000!0.0000!0.0000!!!
S!R1080_940!00003!BOTTOM!o!v!!0.0000!0.0000!0.0000!0.0000!!!!0.0000!0.0000!0.0000!0.0000!!!!0.0000!0.0000!0.0000!0.0000!!!
S!R1080_940!00004!~TSM!o!v!RECTANGLE!9.4000!10.8000!0.0000!0.0000!!!!!!!!!!!!!!!!!
S!R1080_940!00005!~BSM!o!v!!0.0000!0.0000!0.0000!0.0000!!!!!!!!!!!!!!!!!
S!R1080_940!00006!~TPM!o!v!RECTANGLE!9.4000!10.8000!0.0000!0.0000!!!!!!!!!!!!!!!!!
S!R1080_940!00007!~BPM!o!v!!0.0000!0.0000!0.0000!0.0000!!!!!!!!!!!!!!!!!
S!R1080_940!00008!~TFM!o!v!!0.0000!0.0000!0.0000!0.0000!!!!!!!!!!!!!!!!!
S!R1080_940!00009!~BFM!o!v!!0.0000!0.0000!0.0000!0.0000!!!!!!!!!!!!!!!!!
S!R1080_940!00010!~ALV!o!v!!0.0000!0.0000!0.0000!0.0000!!!!!!!!!!!!!!!!!
S!R1080_940!00011!~DRILL!o!v!0.0000!0.0000!0.0000!0.0000!0.0000!!P!!n!!!!!!NONE!!0.0000!0.0000!!!!
S!R460_80!00001!TOP!o!v!RECTANGLE!0.8000!4.6000!0.0000!0.0000!!!!0.0000!0.0000!0.0000!0.0000!!!!0.0000!0.0000!0.0000!0.0000!!!
S!R460_80!00002!internal_pad_def!o!v!!0.0000!0.0000!0.0000!0.0000!!!!0.0000!0.0000!0.0000!0.0000!!!!0.0000!0.0000!0.0000!0.0000!!!
S!R460_80!00003!BOTTOM!o!v!!0.0000!0.0000!0.0000!0.0000!!!!0.0000!0.0000!0.0000!0.0000!!!!0.0000!0.0000!0.0000!0.0000!!!
S!R460_80!00004!~TSM!o!v!RECTANGLE!0.8000!4.6000!0.0000!0.0000!!!!!!!!!!!!!!!!!
S!R460_80!00005!~BSM!o!v!!0.0000!0.0000!0.0000!0.0000!!!!!!!!!!!!!!!!!
S!R460_80!00006!~TPM!o!v!RECTANGLE!0.8000!4.6000!0.0000!0.0000!!!!!!!!!!!!!!!!!
S!R460_80!00007!~BPM!o!v!!0.0000!0.0000!0.0000!0.0000!!!!!!!!!!!!!!!!!
S!R460_80!00008!~TFM!o!v!!0.0000!0.0000!0.0000!0.0000!!!!!!!!!!!!!!!!!
S!R460_80!00009!~BFM!o!v!!0.0000!0.0000!0.0000!0.0000!!!!!!!!!!!!!!!!!
S!R460_80!00010!~ALV!o!v!!0.0000!0.0000!0.0000!0.0000!!!!!!!!!!!!!!!!!
S!R460_80!00011!~DRILL!o!v!0.0000!0.0000!0.0000!0.0000!0.0000!!P!!n!!!!!!NONE!!0.0000!0.0000!!!!
S!R330_130!00001!TOP!o!v!RECTANGLE!1.3000!3.3000!0.0000!0.0000!!!!0.0000!0.0000!0.0000!0.0000!!!!0.0000!0.0000!0.0000!0.0000!!!
S!R330_130!00002!internal_pad_def!o!v!!0.0000!0.0000!0.0000!0.0000!!!!0.0000!0.0000!0.0000!0.0000!!!!0.0000!0.0000!0.0000!0.0000!!!
S!R330_130!00003!BOTTOM!o!v!!0.0000!0.0000!0.0000!0.0000!!!!0.0000!0.0000!0.0000!0.0000!!!!0.0000!0.0000!0.0000!0.0000!!!
S!R330_130!00004!~TSM!o!v!RECTANGLE!1.3000!3.3000!0.0000!0.0000!!!!!!!!!!!!!!!!!
S!R330_130!00005!~BSM!o!v!!0.0000!0.0000!0.0000!0.0000!!!!!!!!!!!!!!!!!
S!R330_130!00006!~TPM!o!v!RECTANGLE!1.3000!3.3000!0.0000!0.0000!!!!!!!!!!!!!!!!!
S!R330_130!00007!~BPM!o!v!!0.0000!0.0000!0.0000!0.0000!!!!!!!!!!!!!!!!!
S!R330_130!00008!~TFM!o!v!!0.0000!0.0000!0.0000!0.0000!!!!!!!!!!!!!!!!!
S!R330_130!00009!~BFM!o!v!!0.0000!0.0000!0.0000!0.0000!!!!!!!!!!!!!!!!!
S!R330_130!00010!~ALV!o!v!!0.0000!0.0000!0.0000!0.0000!!!!!!!!!!!!!!!!!
S!R330_130!00011!~DRILL!o!v!0.0000!0.0000!0.0000!0.0000!0.0000!!P!!n!!!!!!NONE!!0.0000!0.0000!!!!
S!R330_50!00001!TOP!o!v!RECTANGLE!0.5000!3.3000!0.0000!0.0000!!!!0.0000!0.0000!0.0000!0.0000!!!!0.0000!0.0000!0.0000!0.0000!!!
S!R330_50!00002!internal_pad_def!o!v!!0.0000!0.0000!0.0000!0.0000!!!!0.0000!0.0000!0.0000!0.0000!!!!0.0000!0.0000!0.0000!0.0000!!!
S!R330_50!00003!BOTTOM!o!v!!0.0000!0.0000!0.0000!0.0000!!!!0.0000!0.0000!0.0000!0.0000!!!!0.0000!0.0000!0.0000!0.0000!!!
S!R330_50!00004!~TSM!o!v!RECTANGLE!0.5000!3.3000!0.0000!0.0000!!!!!!!!!!!!!!!!!
S!R330_50!00005!~BSM!o!v!!0.0000!0.0000!0.0000!0.0000!!!!!!!!!!!!!!!!!
S!R330_50!00006!~TPM!o!v!RECTANGLE!0.5000!3.3000!0.0000!0.0000!!!!!!!!!!!!!!!!!
S!R330_50!00007!~BPM!o!v!!0.0000!0.0000!0.0000!0.0000!!!!!!!!!!!!!!!!!
S!R330_50!00008!~TFM!o!v!!0.0000!0.0000!0.0000!0.0000!!!!!!!!!!!!!!!!!
S!R330_50!00009!~BFM!o!v!!0.0000!0.0000!0.0000!0.0000!!!!!!!!!!!!!!!!!
S!R330_50!00010!~ALV!o!v!!0.0000!0.0000!0.0000!0.0000!!!!!!!!!!!!!!!!!
S!R330_50!00011!~DRILL!o!v!0.0000!0.0000!0.0000!0.0000!0.0000!!P!!n!!!!!!NONE!!0.0000!0.0000!!!!
S!R152_6_43_5!00001!TOP!o!v!RECTANGLE!0.4350!1.5260!0.0000!0.0000!!!!0.0000!0.0000!0.0000!0.0000!!!!0.0000!0.0000!0.0000!0.0000!!!
S!R152_6_43_5!00002!internal_pad_def!o!v!!0.0000!0.0000!0.0000!0.0000!!!!0.0000!0.0000!0.0000!0.0000!!!!0.0000!0.0000!0.0000!0.0000!!!
S!R152_6_43_5!00003!BOTTOM!o!v!!0.0000!0.0000!0.0000!0.0000!!!!0.0000!0.0000!0.0000!0.0000!!!!0.0000!0.0000!0.0000!0.0000!!!
S!R152_6_43_5!00004!~TSM!o!v!!0.0000!0.0000!0.0000!0.0000!!!!!!!!!!!!!!!!!
S!R152_6_43_5!00005!~BSM!o!v!!0.0000!0.0000!0.0000!0.0000!!!!!!!!!!!!!!!!!
S!R152_6_43_5!00006!~TPM!o!v!!0.0000!0.0000!0.0000!0.0000!!!!!!!!!!!!!!!!!
S!R152_6_43_5!00007!~BPM!o!v!!0.0000!0.0000!0.0000!0.0000!!!!!!!!!!!!!!!!!
S!R152_6_43_5!00008!~TFM!o!v!!0.0000!0.0000!0.0000!0.0000!!!!!!!!!!!!!!!!!
S!R152_6_43_5!00009!~BFM!o!v!!0.0000!0.0000!0.0000!0.0000!!!!!!!!!!!!!!!!!
S!R152_6_43_5!00010!~ALV!o!v!!0.0000!0.0000!0.0000!0.0000!!!!!!!!!!!!!!!!!
S!R152_6_43_5!00011!~DRILL!o!v!0.0000!0.0000!0.0000!0.0000!0.0000!!P!!n!!!!!!NONE!!0.0000!0.0000!!!!
S!R1066_838!00001!TOP!o!v!RECTANGLE!8.3800!10.6600!0.0000!0.0000!!!!0.0000!0.0000!0.0000!0.0000!!!!0.0000!0.0000!0.0000!0.0000!!!
S!R1066_838!00002!internal_pad_def!o!v!!0.0000!0.0000!0.0000!0.0000!!!!0.0000!0.0000!0.0000!0.0000!!!!0.0000!0.0000!0.0000!0.0000!!!
S!R1066_838!00003!BOTTOM!o!v!!0.0000!0.0000!0.0000!0.0000!!!!0.0000!0.0000!0.0000!0.0000!!!!0.0000!0.0000!0.0000!0.0000!!!
S!R1066_838!00004!~TSM!o!v!!0.0000!0.0000!0.0000!0.0000!!!!!!!!!!!!!!!!!
S!R1066_838!00005!~BSM!o!v!!0.0000!0.0000!0.0000!0.0000!!!!!!!!!!!!!!!!!
S!R1066_838!00006!~TPM!o!v!!0.0000!0.0000!0.0000!0.0000!!!!!!!!!!!!!!!!!
S!R1066_838!00007!~BPM!o!v!!0.0000!0.0000!0.0000!0.0000!!!!!!!!!!!!!!!!!
S!R1066_838!00008!~TFM!o!v!!0.0000!0.0000!0.0000!0.0000!!!!!!!!!!!!!!!!!
S!R1066_838!00009!~BFM!o!v!!0.0000!0.0000!0.0000!0.0000!!!!!!!!!!!!!!!!!
S!R1066_838!00010!~ALV!o!v!!0.0000!0.0000!0.0000!0.0000!!!!!!!!!!!!!!!!!
S!R1066_838!00011!~DRILL!o!v!0.0000!0.0000!0.0000!0.0000!0.0000!!P!!n!!!!!!NONE!!0.0000!0.0000!!!!
S!R305_101_6!00001!TOP!o!v!RECTANGLE!1.0160!3.0500!0.0000!0.0000!!!!0.0000!0.0000!0.0000!0.0000!!!!0.0000!0.0000!0.0000!0.0000!!!
S!R305_101_6!00002!internal_pad_def!o!v!!0.0000!0.0000!0.0000!0.0000!!!!0.0000!0.0000!0.0000!0.0000!!!!0.0000!0.0000!0.0000!0.0000!!!
S!R305_101_6!00003!BOTTOM!o!v!!0.0000!0.0000!0.0000!0.0000!!!!0.0000!0.0000!0.0000!0.0000!!!!0.0000!0.0000!0.0000!0.0000!!!
S!R305_101_6!00004!~TSM!o!v!!0.0000!0.0000!0.0000!0.0000!!!!!!!!!!!!!!!!!
S!R305_101_6!00005!~BSM!o!v!!0.0000!0.0000!0.0000!0.0000!!!!!!!!!!!!!!!!!
S!R305_101_6!00006!~TPM!o!v!!0.0000!0.0000!0.0000!0.0000!!!!!!!!!!!!!!!!!
S!R305_101_6!00007!~BPM!o!v!!0.0000!0.0000!0.0000!0.0000!!!!!!!!!!!!!!!!!
S!R305_101_6!00008!~TFM!o!v!!0.0000!0.0000!0.0000!0.0000!!!!!!!!!!!!!!!!!
S!R305_101_6!00009!~BFM!o!v!!0.0000!0.0000!0.0000!0.0000!!!!!!!!!!!!!!!!!
S!R305_101_6!00010!~ALV!o!v!!0.0000!0.0000!0.0000!0.0000!!!!!!!!!!!!!!!!!
S!R305_101_6!00011!~DRILL!o!v!0.0000!0.0000!0.0000!0.0000!0.0000!!P!!n!!!!!!NONE!!0.0000!0.0000!!!!
S!R312_5_185!00001!TOP!o!v!RECTANGLE!1.8500!3.1250!0.0000!0.0000!!!!0.0000!0.0000!0.0000!0.0000!!!!0.0000!0.0000!0.0000!0.0000!!!
S!R312_5_185!00002!internal_pad_def!o!v!!0.0000!0.0000!0.0000!0.0000!!!!0.0000!0.0000!0.0000!0.0000!!!!0.0000!0.0000!0.0000!0.0000!!!
S!R312_5_185!00003!BOTTOM!o!v!!0.0000!0.0000!0.0000!0.0000!!!!0.0000!0.0000!0.0000!0.0000!!!!0.0000!0.0000!0.0000!0.0000!!!
S!R312_5_185!00004!~TSM!o!v!!0.0000!0.0000!0.0000!0.0000!!!!!!!!!!!!!!!!!
S!R312_5_185!00005!~BSM!o!v!!0.0000!0.0000!0.0000!0.0000!!!!!!!!!!!!!!!!!
S!R312_5_185!00006!~TPM!o!v!!0.0000!0.0000!0.0000!0.0000!!!!!!!!!!!!!!!!!
S!R312_5_185!00007!~BPM!o!v!!0.0000!0.0000!0.0000!0.0000!!!!!!!!!!!!!!!!!
S!R312_5_185!00008!~TFM!o!v!!0.0000!0.0000!0.0000!0.0000!!!!!!!!!!!!!!!!!
S!R312_5_185!00009!~BFM!o!v!!0.0000!0.0000!0.0000!0.0000!!!!!!!!!!!!!!!!!
S!R312_5_185!00010!~ALV!o!v!!0.0000!0.0000!0.0000!0.0000!!!!!!!!!!!!!!!!!
S!R312_5_185!00011!~DRILL!o!v!0.0000!0.0000!0.0000!0.0000!0.0000!!P!!n!!!!!!NONE!!0.0000!0.0000!!!!
S!R147_5_80!00001!TOP!o!v!RECTANGLE!0.8000!1.4750!0.0000!0.0000!!!!0.0000!0.0000!0.0000!0.0000!!!!0.0000!0.0000!0.0000!0.0000!!!
S!R147_5_80!00002!internal_pad_def!o!v!!0.0000!0.0000!0.0000!0.0000!!!!0.0000!0.0000!0.0000!0.0000!!!!0.0000!0.0000!0.0000!0.0000!!!
S!R147_5_80!00003!BOTTOM!o!v!!0.0000!0.0000!0.0000!0.0000!!!!0.0000!0.0000!0.0000!0.0000!!!!0.0000!0.0000!0.0000!0.0000!!!
S!R147_5_80!00004!~TSM!o!v!!0.0000!0.0000!0.0000!0.0000!!!!!!!!!!!!!!!!!
S!R147_5_80!00005!~BSM!o!v!!0.0000!0.0000!0.0000!0.0000!!!!!!!!!!!!!!!!!
S!R147_5_80!00006!~TPM!o!v!!0.0000!0.0000!0.0000!0.0000!!!!!!!!!!!!!!!!!
S!R147_5_80!00007!~BPM!o!v!!0.0000!0.0000!0.0000!0.0000!!!!!!!!!!!!!!!!!
S!R147_5_80!00008!~TFM!o!v!!0.0000!0.0000!0.0000!0.0000!!!!!!!!!!!!!!!!!
S!R147_5_80!00009!~BFM!o!v!!0.0000!0.0000!0.0000!0.0000!!!!!!!!!!!!!!!!!
S!R147_5_80!00010!~ALV!o!v!!0.0000!0.0000!0.0000!0.0000!!!!!!!!!!!!!!!!!
S!R147_5_80!00011!~DRILL!o!v!0.0000!0.0000!0.0000!0.0000!0.0000!!P!!n!!!!!!NONE!!0.0000!0.0000!!!!
S!R130_55!00001!TOP!o!v!RECTANGLE!0.5500!1.3000!0.0000!0.0000!!!!0.0000!0.0000!0.0000!0.0000!!!!0.0000!0.0000!0.0000!0.0000!!!
S!R130_55!00002!internal_pad_def!o!v!!0.0000!0.0000!0.0000!0.0000!!!!0.0000!0.0000!0.0000!0.0000!!!!0.0000!0.0000!0.0000!0.0000!!!
S!R130_55!00003!BOTTOM!o!v!!0.0000!0.0000!0.0000!0.0000!!!!0.0000!0.0000!0.0000!0.0000!!!!0.0000!0.0000!0.0000!0.0000!!!
S!R130_55!00004!~TSM!o!v!!0.0000!0.0000!0.0000!0.0000!!!!!!!!!!!!!!!!!
S!R130_55!00005!~BSM!o!v!!0.0000!0.0000!0.0000!0.0000!!!!!!!!!!!!!!!!!
S!R130_55!00006!~TPM!o!v!!0.0000!0.0000!0.0000!0.0000!!!!!!!!!!!!!!!!!
S!R130_55!00007!~BPM!o!v!!0.0000!0.0000!0.0000!0.0000!!!!!!!!!!!!!!!!!
S!R130_55!00008!~TFM!o!v!!0.0000!0.0000!0.0000!0.0000!!!!!!!!!!!!!!!!!
S!R130_55!00009!~BFM!o!v!!0.0000!0.0000!0.0000!0.0000!!!!!!!!!!!!!!!!!
S!R130_55!00010!~ALV!o!v!!0.0000!0.0000!0.0000!0.0000!!!!!!!!!!!!!!!!!
S!R130_55!00011!~DRILL!o!v!0.0000!0.0000!0.0000!0.0000!0.0000!!P!!n!!!!!!NONE!!0.0000!0.0000!!!!
S!R85_30!00001!TOP!o!v!RECTANGLE!0.3000!0.8500!0.0000!0.0000!!!!0.0000!0.0000!0.0000!0.0000!!!!0.0000!0.0000!0.0000!0.0000!!!
S!R85_30!00002!internal_pad_def!o!v!!0.0000!0.0000!0.0000!0.0000!!!!0.0000!0.0000!0.0000!0.0000!!!!0.0000!0.0000!0.0000!0.0000!!!
S!R85_30!00003!BOTTOM!o!v!!0.0000!0.0000!0.0000!0.0000!!!!0.0000!0.0000!0.0000!0.0000!!!!0.0000!0.0000!0.0000!0.0000!!!
S!R85_30!00004!~TSM!o!v!RECTANGLE!0.3000!0.8500!0.0000!0.0000!!!!!!!!!!!!!!!!!
S!R85_30!00005!~BSM!o!v!!0.0000!0.0000!0.0000!0.0000!!!!!!!!!!!!!!!!!
S!R85_30!00006!~TPM!o!v!RECTANGLE!0.3000!0.8500!0.0000!0.0000!!!!!!!!!!!!!!!!!
S!R85_30!00007!~BPM!o!v!!0.0000!0.0000!0.0000!0.0000!!!!!!!!!!!!!!!!!
S!R85_30!00008!~TFM!o!v!!0.0000!0.0000!0.0000!0.0000!!!!!!!!!!!!!!!!!
S!R85_30!00009!~BFM!o!v!!0.0000!0.0000!0.0000!0.0000!!!!!!!!!!!!!!!!!
S!R85_30!00010!~ALV!o!v!!0.0000!0.0000!0.0000!0.0000!!!!!!!!!!!!!!!!!
S!R85_30!00011!~DRILL!o!v!0.0000!0.0000!0.0000!0.0000!0.0000!!P!!n!!!!!!NONE!!0.0000!0.0000!!!!
S!R315_220!00001!TOP!o!v!RECTANGLE!2.2000!3.1500!0.0000!0.0000!!!!0.0000!0.0000!0.0000!0.0000!!!!0.0000!0.0000!0.0000!0.0000!!!
S!R315_220!00002!internal_pad_def!o!v!!0.0000!0.0000!0.0000!0.0000!!!!0.0000!0.0000!0.0000!0.0000!!!!0.0000!0.0000!0.0000!0.0000!!!
S!R315_220!00003!BOTTOM!o!v!!0.0000!0.0000!0.0000!0.0000!!!!0.0000!0.0000!0.0000!0.0000!!!!0.0000!0.0000!0.0000!0.0000!!!
S!R315_220!00004!~TSM!o!v!!0.0000!0.0000!0.0000!0.0000!!!!!!!!!!!!!!!!!
S!R315_220!00005!~BSM!o!v!!0.0000!0.0000!0.0000!0.0000!!!!!!!!!!!!!!!!!
S!R315_220!00006!~TPM!o!v!!0.0000!0.0000!0.0000!0.0000!!!!!!!!!!!!!!!!!
S!R315_220!00007!~BPM!o!v!!0.0000!0.0000!0.0000!0.0000!!!!!!!!!!!!!!!!!
S!R315_220!00008!~TFM!o!v!!0.0000!0.0000!0.0000!0.0000!!!!!!!!!!!!!!!!!
S!R315_220!00009!~BFM!o!v!!0.0000!0.0000!0.0000!0.0000!!!!!!!!!!!!!!!!!
S!R315_220!00010!~ALV!o!v!!0.0000!0.0000!0.0000!0.0000!!!!!!!!!!!!!!!!!
S!R315_220!00011!~DRILL!o!v!0.0000!0.0000!0.0000!0.0000!0.0000!!P!!n!!!!!!NONE!!0.0000!0.0000!!!!
S!R270_150!00001!TOP!o!v!RECTANGLE!1.5000!2.7000!0.0000!0.0000!!!!0.0000!0.0000!0.0000!0.0000!!!!0.0000!0.0000!0.0000!0.0000!!!
S!R270_150!00002!internal_pad_def!o!v!!0.0000!0.0000!0.0000!0.0000!!!!0.0000!0.0000!0.0000!0.0000!!!!0.0000!0.0000!0.0000!0.0000!!!
S!R270_150!00003!BOTTOM!o!v!!0.0000!0.0000!0.0000!0.0000!!!!0.0000!0.0000!0.0000!0.0000!!!!0.0000!0.0000!0.0000!0.0000!!!
S!R270_150!00004!~TSM!o!v!!0.0000!0.0000!0.0000!0.0000!!!!!!!!!!!!!!!!!
S!R270_150!00005!~BSM!o!v!!0.0000!0.0000!0.0000!0.0000!!!!!!!!!!!!!!!!!
S!R270_150!00006!~TPM!o!v!!0.0000!0.0000!0.0000!0.0000!!!!!!!!!!!!!!!!!
S!R270_150!00007!~BPM!o!v!!0.0000!0.0000!0.0000!0.0000!!!!!!!!!!!!!!!!!
S!R270_150!00008!~TFM!o!v!!0.0000!0.0000!0.0000!0.0000!!!!!!!!!!!!!!!!!
S!R270_150!00009!~BFM!o!v!!0.0000!0.0000!0.0000!0.0000!!!!!!!!!!!!!!!!!
S!R270_150!00010!~ALV!o!v!!0.0000!0.0000!0.0000!0.0000!!!!!!!!!!!!!!!!!
S!R270_150!00011!~DRILL!o!v!0.0000!0.0000!0.0000!0.0000!0.0000!!P!!n!!!!!!NONE!!0.0000!0.0000!!!!
S!VIA!00001!TOP!o!!CIRCLE!0.6096!0.6096!0.0000!0.0000!!!FLASH!0.1270!0.1270!0.0000!0.0000!AB00!!CIRCLE!0.7620!0.7620!0.0000!0.0000!!!
S!VIA!00002!internal_pad_def!o!!CIRCLE!0.6096!0.6096!0.0000!0.0000!!!FLASH!0.1270!0.1270!0.0000!0.0000!AB00!!CIRCLE!0.7620!0.7620!0.0000!0.0000!!!
S!VIA!00003!BOTTOM!o!!CIRCLE!0.6096!0.6096!0.0000!0.0000!!!FLASH!0.1270!0.1270!0.0000!0.0000!AB00!!CIRCLE!0.7620!0.7620!0.0000!0.0000!!!
S!VIA!00004!~TSM!o!!CIRCLE!1.1176!1.1176!0.0000!0.0000!!!!!!!!!!!!!!!!!
S!VIA!00005!~BSM!o!!CIRCLE!1.1176!1.1176!0.0000!0.0000!!!!!!!!!!!!!!!!!
S!VIA!00006!~TPM!o!!!0.0000!0.0000!0.0000!0.0000!!!!!!!!!!!!!!!!!
S!VIA!00007!~BPM!o!!!0.0000!0.0000!0.0000!0.0000!!!!!!!!!!!!!!!!!
S!VIA!00008!~TFM!o!!!0.0000!0.0000!0.0000!0.0000!!!!!!!!!!!!!!!!!
S!VIA!00009!~BFM!o!!!0.0000!0.0000!0.0000!0.0000!!!!!!!!!!!!!!!!!
S!VIA!00010!~ALV!o!!!0.0000!0.0000!0.0000!0.0000!!!!!!!!!!!!!!!!!
S!VIA!00011!~DRILL!o!!0.3302!1.2700!1.2700!0.0000!0.0000!CIRCLE!P!+!n!!!!!!CIRCLE_DRILL!!0.0000!0.0000!!!!
S!R90_40!00001!TOP!o!v!RECTANGLE!0.4000!0.8999!0.0000!0.0000!!!!0.0000!0.0000!0.0000!0.0000!!!!0.0000!0.0000!0.0000!0.0000!!!
S!R90_40!00002!internal_pad_def!o!v!!0.0000!0.0000!0.0000!0.0000!!!!0.0000!0.0000!0.0000!0.0000!!!!0.0000!0.0000!0.0000!0.0000!!!
S!R90_40!00003!BOTTOM!o!v!!0.0000!0.0000!0.0000!0.0000!!!!0.0000!0.0000!0.0000!0.0000!!!!0.0000!0.0000!0.0000!0.0000!!!
S!R90_40!00004!~TSM!o!v!RECTANGLE!0.4000!0.8999!0.0000!0.0000!!!!!!!!!!!!!!!!!
S!R90_40!00005!~BSM!o!v!!0.0000!0.0000!0.0000!0.0000!!!!!!!!!!!!!!!!!
S!R90_40!00006!~TPM!o!v!RECTANGLE!0.4000!0.8999!0.0000!0.0000!!!!!!!!!!!!!!!!!
S!R90_40!00007!~BPM!o!v!!0.0000!0.0000!0.0000!0.0000!!!!!!!!!!!!!!!!!
S!R90_40!00008!~TFM!o!v!!0.0000!0.0000!0.0000!0.0000!!!!!!!!!!!!!!!!!
S!R90_40!00009!~BFM!o!v!!0.0000!0.0000!0.0000!0.0000!!!!!!!!!!!!!!!!!
S!R90_40!00010!~ALV!o!v!!0.0000!0.0000!0.0000!0.0000!!!!!!!!!!!!!!!!!
S!R90_40!00011!~DRILL!o!v!0.0000!0.0000!0.0000!0.0000!0.0000!!P!!n!!!!!!NONE!!0.0000!0.0000!!!!
S!R618_569!00001!TOP!o!v!RECTANGLE!5.6901!6.1801!0.0000!0.0000!!!!0.0000!0.0000!0.0000!0.0000!!!!0.0000!0.0000!0.0000!0.0000!!!
S!R618_569!00002!internal_pad_def!o!v!!0.0000!0.0000!0.0000!0.0000!!!!0.0000!0.0000!0.0000!0.0000!!!!0.0000!0.0000!0.0000!0.0000!!!
S!R618_569!00003!BOTTOM!o!v!!0.0000!0.0000!0.0000!0.0000!!!!0.0000!0.0000!0.0000!0.0000!!!!0.0000!0.0000!0.0000!0.0000!!!
S!R618_569!00004!~TSM!o!v!!0.0000!0.0000!0.0000!0.0000!!!!!!!!!!!!!!!!!
S!R618_569!00005!~BSM!o!v!!0.0000!0.0000!0.0000!0.0000!!!!!!!!!!!!!!!!!
S!R618_569!00006!~TPM!o!v!!0.0000!0.0000!0.0000!0.0000!!!!!!!!!!!!!!!!!
S!R618_569!00007!~BPM!o!v!!0.0000!0.0000!0.0000!0.0000!!!!!!!!!!!!!!!!!
S!R618_569!00008!~TFM!o!v!!0.0000!0.0000!0.0000!0.0000!!!!!!!!!!!!!!!!!
S!R618_569!00009!~BFM!o!v!!0.0000!0.0000!0.0000!0.0000!!!!!!!!!!!!!!!!!
S!R618_569!00010!~ALV!o!v!!0.0000!0.0000!0.0000!0.0000!!!!!!!!!!!!!!!!!
S!R618_569!00011!~DRILL!o!v!0.0000!0.0000!0.0000!0.0000!0.0000!!P!!n!!!!!!NONE!!0.0000!0.0000!!!!
S!R228_6_139_7!00001!TOP!o!v!RECTANGLE!1.3970!2.2860!0.0000!0.0000!!!!0.0000!0.0000!0.0000!0.0000!!!!0.0000!0.0000!0.0000!0.0000!!!
S!R228_6_139_7!00002!internal_pad_def!o!v!!0.0000!0.0000!0.0000!0.0000!!!!0.0000!0.0000!0.0000!0.0000!!!!0.0000!0.0000!0.0000!0.0000!!!
S!R228_6_139_7!00003!BOTTOM!o!v!!0.0000!0.0000!0.0000!0.0000!!!!0.0000!0.0000!0.0000!0.0000!!!!0.0000!0.0000!0.0000!0.0000!!!
S!R228_6_139_7!00004!~TSM!o!v!!0.0000!0.0000!0.0000!0.0000!!!!!!!!!!!!!!!!!
S!R228_6_139_7!00005!~BSM!o!v!!0.0000!0.0000!0.0000!0.0000!!!!!!!!!!!!!!!!!
S!R228_6_139_7!00006!~TPM!o!v!!0.0000!0.0000!0.0000!0.0000!!!!!!!!!!!!!!!!!
S!R228_6_139_7!00007!~BPM!o!v!!0.0000!0.0000!0.0000!0.0000!!!!!!!!!!!!!!!!!
S!R228_6_139_7!00008!~TFM!o!v!!0.0000!0.0000!0.0000!0.0000!!!!!!!!!!!!!!!!!
S!R228_6_139_7!00009!~BFM!o!v!!0.0000!0.0000!0.0000!0.0000!!!!!!!!!!!!!!!!!
S!R228_6_139_7!00010!~ALV!o!v!!0.0000!0.0000!0.0000!0.0000!!!!!!!!!!!!!!!!!
S!R228_6_139_7!00011!~DRILL!o!v!0.0000!0.0000!0.0000!0.0000!0.0000!!P!!n!!!!!!NONE!!0.0000!0.0000!!!!
S!R60_55!00001!TOP!o!v!RECTANGLE!0.5499!0.5999!0.0000!0.0000!!!!0.0000!0.0000!0.0000!0.0000!!!!0.0000!0.0000!0.0000!0.0000!!!
S!R60_55!00002!internal_pad_def!o!v!!0.0000!0.0000!0.0000!0.0000!!!!0.0000!0.0000!0.0000!0.0000!!!!0.0000!0.0000!0.0000!0.0000!!!
S!R60_55!00003!BOTTOM!o!v!!0.0000!0.0000!0.0000!0.0000!!!!0.0000!0.0000!0.0000!0.0000!!!!0.0000!0.0000!0.0000!0.0000!!!
S!R60_55!00004!~TSM!o!v!RECTANGLE!0.5499!0.5999!0.0000!0.0000!!!!!!!!!!!!!!!!!
S!R60_55!00005!~BSM!o!v!!0.0000!0.0000!0.0000!0.0000!!!!!!!!!!!!!!!!!
S!R60_55!00006!~TPM!o!v!RECTANGLE!0.5499!0.5999!0.0000!0.0000!!!!!!!!!!!!!!!!!
S!R60_55!00007!~BPM!o!v!!0.0000!0.0000!0.0000!0.0000!!!!!!!!!!!!!!!!!
S!R60_55!00008!~TFM!o!v!!0.0000!0.0000!0.0000!0.0000!!!!!!!!!!!!!!!!!
S!R60_55!00009!~BFM!o!v!!0.0000!0.0000!0.0000!0.0000!!!!!!!!!!!!!!!!!
S!R60_55!00010!~ALV!o!v!!0.0000!0.0000!0.0000!0.0000!!!!!!!!!!!!!!!!!
S!R60_55!00011!~DRILL!o!v!0.0000!0.0000!0.0000!0.0000!0.0000!!P!!n!!!!!!NONE!!0.0000!0.0000!!!!
S!R127_55_88!00001!TOP!o!v!RECTANGLE!0.5588!1.2700!0.0000!0.0000!!!!0.0000!0.0000!0.0000!0.0000!!!!0.0000!0.0000!0.0000!0.0000!!!
S!R127_55_88!00002!internal_pad_def!o!v!!0.0000!0.0000!0.0000!0.0000!!!!0.0000!0.0000!0.0000!0.0000!!!!0.0000!0.0000!0.0000!0.0000!!!
S!R127_55_88!00003!BOTTOM!o!v!!0.0000!0.0000!0.0000!0.0000!!!!0.0000!0.0000!0.0000!0.0000!!!!0.0000!0.0000!0.0000!0.0000!!!
S!R127_55_88!00004!~TSM!o!v!!0.0000!0.0000!0.0000!0.0000!!!!!!!!!!!!!!!!!
S!R127_55_88!00005!~BSM!o!v!!0.0000!0.0000!0.0000!0.0000!!!!!!!!!!!!!!!!!
S!R127_55_88!00006!~TPM!o!v!!0.0000!0.0000!0.0000!0.0000!!!!!!!!!!!!!!!!!
S!R127_55_88!00007!~BPM!o!v!!0.0000!0.0000!0.0000!0.0000!!!!!!!!!!!!!!!!!
S!R127_55_88!00008!~TFM!o!v!!0.0000!0.0000!0.0000!0.0000!!!!!!!!!!!!!!!!!
S!R127_55_88!00009!~BFM!o!v!!0.0000!0.0000!0.0000!0.0000!!!!!!!!!!!!!!!!!
S!R127_55_88!00010!~ALV!o!v!!0.0000!0.0000!0.0000!0.0000!!!!!!!!!!!!!!!!!
S!R127_55_88!00011!~DRILL!o!v!0.0000!0.0000!0.0000!0.0000!0.0000!!P!!n!!!!!!NONE!!0.0000!0.0000!!!!
S!R320_175!00001!TOP!o!v!RECTANGLE!1.7501!3.1999!0.0000!0.0000!!!!0.0000!0.0000!0.0000!0.0000!!!!0.0000!0.0000!0.0000!0.0000!!!
S!R320_175!00002!internal_pad_def!o!v!!0.0000!0.0000!0.0000!0.0000!!!!0.0000!0.0000!0.0000!0.0000!!!!0.0000!0.0000!0.0000!0.0000!!!
S!R320_175!00003!BOTTOM!o!v!!0.0000!0.0000!0.0000!0.0000!!!!0.0000!0.0000!0.0000!0.0000!!!!0.0000!0.0000!0.0000!0.0000!!!
S!R320_175!00004!~TSM!o!v!RECTANGLE!1.7501!3.1999!0.0000!0.0000!!!!!!!!!!!!!!!!!
S!R320_175!00005!~BSM!o!v!!0.0000!0.0000!0.0000!0.0000!!!!!!!!!!!!!!!!!
S!R320_175!00006!~TPM!o!v!RECTANGLE!1.7501!3.1999!0.0000!0.0000!!!!!!!!!!!!!!!!!
S!R320_175!00007!~BPM!o!v!!0.0000!0.0000!0.0000!0.0000!!!!!!!!!!!!!!!!!
S!R320_175!00008!~TFM!o!v!!0.0000!0.0000!0.0000!0.0000!!!!!!!!!!!!!!!!!
S!R320_175!00009!~BFM!o!v!!0.0000!0.0000!0.0000!0.0000!!!!!!!!!!!!!!!!!
S!R320_175!00010!~ALV!o!v!!0.0000!0.0000!0.0000!0.0000!!!!!!!!!!!!!!!!!
S!R320_175!00011!~DRILL!o!v!0.0000!0.0000!0.0000!0.0000!0.0000!!P!!n!!!!!!NONE!!0.0000!0.0000!!!!
S!R175_95!00001!TOP!o!v!RECTANGLE!0.9500!1.7501!0.0000!0.0000!!!!0.0000!0.0000!0.0000!0.0000!!!!0.0000!0.0000!0.0000!0.0000!!!
S!R175_95!00002!internal_pad_def!o!v!!0.0000!0.0000!0.0000!0.0000!!!!0.0000!0.0000!0.0000!0.0000!!!!0.0000!0.0000!0.0000!0.0000!!!
S!R175_95!00003!BOTTOM!o!v!!0.0000!0.0000!0.0000!0.0000!!!!0.0000!0.0000!0.0000!0.0000!!!!0.0000!0.0000!0.0000!0.0000!!!
S!R175_95!00004!~TSM!o!v!RECTANGLE!0.9500!1.7501!0.0000!0.0000!!!!!!!!!!!!!!!!!
S!R175_95!00005!~BSM!o!v!!0.0000!0.0000!0.0000!0.0000!!!!!!!!!!!!!!!!!
S!R175_95!00006!~TPM!o!v!RECTANGLE!0.9500!1.7501!0.0000!0.0000!!!!!!!!!!!!!!!!!
S!R175_95!00007!~BPM!o!v!!0.0000!0.0000!0.0000!0.0000!!!!!!!!!!!!!!!!!
S!R175_95!00008!~TFM!o!v!!0.0000!0.0000!0.0000!0.0000!!!!!!!!!!!!!!!!!
S!R175_95!00009!~BFM!o!v!!0.0000!0.0000!0.0000!0.0000!!!!!!!!!!!!!!!!!
S!R175_95!00010!~ALV!o!v!!0.0000!0.0000!0.0000!0.0000!!!!!!!!!!!!!!!!!
S!R175_95!00011!~DRILL!o!v!0.0000!0.0000!0.0000!0.0000!0.0000!!P!!n!!!!!!NONE!!0.0000!0.0000!!!!
S!R110_65!00001!TOP!o!v!RECTANGLE!0.6500!1.1001!0.0000!0.0000!!!!0.0000!0.0000!0.0000!0.0000!!!!0.0000!0.0000!0.0000!0.0000!!!
S!R110_65!00002!internal_pad_def!o!v!!0.0000!0.0000!0.0000!0.0000!!!!0.0000!0.0000!0.0000!0.0000!!!!0.0000!0.0000!0.0000!0.0000!!!
S!R110_65!00003!BOTTOM!o!v!!0.0000!0.0000!0.0000!0.0000!!!!0.0000!0.0000!0.0000!0.0000!!!!0.0000!0.0000!0.0000!0.0000!!!
S!R110_65!00004!~TSM!o!v!!0.0000!0.0000!0.0000!0.0000!!!!!!!!!!!!!!!!!
S!R110_65!00005!~BSM!o!v!!0.0000!0.0000!0.0000!0.0000!!!!!!!!!!!!!!!!!
S!R110_65!00006!~TPM!o!v!!0.0000!0.0000!0.0000!0.0000!!!!!!!!!!!!!!!!!
S!R110_65!00007!~BPM!o!v!!0.0000!0.0000!0.0000!0.0000!!!!!!!!!!!!!!!!!
S!R110_65!00008!~TFM!o!v!!0.0000!0.0000!0.0000!0.0000!!!!!!!!!!!!!!!!!
S!R110_65!00009!~BFM!o!v!!0.0000!0.0000!0.0000!0.0000!!!!!!!!!!!!!!!!!
S!R110_65!00010!~ALV!o!v!!0.0000!0.0000!0.0000!0.0000!!!!!!!!!!!!!!!!!
S!R110_65!00011!~DRILL!o!v!0.0000!0.0000!0.0000!0.0000!0.0000!!P!!n!!!!!!NONE!!0.0000!0.0000!!!!
