NAME!usage!drillToolSize!holeCounterType!holeCounterDiameter!holeCounterDepth!holeCounterTolerance!holeCounterAngle!drillNonStandard
R165_65!Smd!!nil!0.0!0.0!0.0 0.0!0!nil!
C29!Smd!!nil!0.0!0.0!0.0 0.0!0!nil!
R145_60!Smd!!nil!0.0!0.0!0.0 0.0!0!nil!
R147_5_60!Smd!!nil!0.0!0.0!0.0 0.0!0!nil!
R147_5_30!Smd!!nil!0.0!0.0!0.0 0.0!0!nil!
R145_30!Smd!!nil!0.0!0.0!0.0 0.0!0!nil!
R254_127!Smd!!nil!0.0!0.0!0.0 0.0!0!nil!
R160_120!Smd!!nil!0.0!0.0!0.0 0.0!0!nil!
R1080_940!Smd!!nil!0.0!0.0!0.0 0.0!0!nil!
R460_80!Smd!!nil!0.0!0.0!0.0 0.0!0!nil!
R330_50!Smd!!nil!0.0!0.0!0.0 0.0!0!nil!
R330_130!Smd!!nil!0.0!0.0!0.0 0.0!0!nil!
R152_6_43_5!Smd!!nil!0.0!0.0!0.0 0.0!0!nil!
R305_101_6!Smd!!nil!0.0!0.0!0.0 0.0!0!nil!
R1066_838!Smd!!nil!0.0!0.0!0.0 0.0!0!nil!
R147_5_80!Smd!!nil!0.0!0.0!0.0 0.0!0!nil!
R130_55!Smd!!nil!0.0!0.0!0.0 0.0!0!nil!
R312_5_185!Smd!!nil!0.0!0.0!0.0 0.0!0!nil!
R85_30!Smd!!nil!0.0!0.0!0.0 0.0!0!nil!
R315_220!Smd!!nil!0.0!0.0!0.0 0.0!0!nil!
R270_150!Smd!!nil!0.0!0.0!0.0 0.0!0!nil!
R90_40!Smd!!nil!0.0!0.0!0.0 0.0!0!nil!
R618_569!Smd!!nil!0.0!0.0!0.0 0.0!0!nil!
R228_6_139_7!Smd!!nil!0.0!0.0!0.0 0.0!0!nil!
R60_55!Smd!!nil!0.0!0.0!0.0 0.0!0!nil!
R127_55_88!Smd!!nil!0.0!0.0!0.0 0.0!0!nil!
R175_95!Smd!!nil!0.0!0.0!0.0 0.0!0!nil!
R320_175!Smd!!nil!0.0!0.0!0.0 0.0!0!nil!
R110_65!Smd!!nil!0.0!0.0!0.0 0.0!0!nil!
