A!CLASS!REFDES!PIN_NUMBER!PAD_STACK_NAME!START_LAYER_NAME!END_LAYER_NAME!NET_NAME!PIN_X!PIN_Y!VIA_X!VIA_Y!DRILL_HOLE_TYPE!SLOT_SIZE_MAJOR!SLOT_SIZE_MINOR!SLOT_X!SLOT_Y!SLOT_ROTATION!SLOT_PLATING!DRILL_FIGURE_CHAR!DRILL_FIGURE_SHAPE!DRILL_FIGURE_WIDTH!DRILL_FIGURE_HEIGHT!DRILL_FIGURE_ROTATION!GRAPHIC_DATA_NAME!GRAPHIC_DATA_1!GRAPHIC_DATA_2!GRAPHIC_DATA_3!GRAPHIC_DATA_4!PIN_NUMBER_SORT!DRILL_ARRAY_LOCATIONS!COMP_PACKAGE!DRILL_HOLE_POSTOL!DRILL_HOLE_NEGTOL!BACKDRILL_TOP_LAYER!BACKDRILL_BOTTOM_LAYER!BACKDRILL_TOP_FROM!BACKDRILL_BOTTOM_FROM!EMBEDDED_LAYER!EMBEDDED_STATUS!BACKDRILL_SIZE!DRILL_TOP_NAME!DRILL_BOTTOM_NAME!NET_SHORT!TEST_POINT!PROBE_FIGURE!
J!d:/projects/projectscience/electronics/dosti_pcbruler/allegro/pcb_ruler.brd!Wed Jun 19 14:43:44 2024!0.0000!0.0000!533.4000!431.8000!0.0001!millimeters!PCB_RULER!10.400000 mil!2!UP TO DATE!
S!PIN!IC17!1!R147_5_30!TOP!TOP!!264.0420!195.9920!!!!!!!!!!!!!!!FIG_RECTANGLE!264.0420!195.9920!1.4750!0.3000! 00000001!!QFP50P1600X1600X170-100N!!!!!!!!!0.0000!!!!!!
S!PIN!IC17!2!R147_5_30!TOP!TOP!!264.0420!195.4920!!!!!!!!!!!!!!!FIG_RECTANGLE!264.0420!195.4920!1.4750!0.3000! 00000002!!QFP50P1600X1600X170-100N!!!!!!!!!0.0000!!!!!!
S!PIN!IC17!3!R147_5_30!TOP!TOP!!264.0420!194.9920!!!!!!!!!!!!!!!FIG_RECTANGLE!264.0420!194.9920!1.4750!0.3000! 00000003!!QFP50P1600X1600X170-100N!!!!!!!!!0.0000!!!!!!
S!PIN!IC17!4!R147_5_30!TOP!TOP!!264.0420!194.4920!!!!!!!!!!!!!!!FIG_RECTANGLE!264.0420!194.4920!1.4750!0.3000! 00000004!!QFP50P1600X1600X170-100N!!!!!!!!!0.0000!!!!!!
S!PIN!IC17!5!R147_5_30!TOP!TOP!!264.0420!193.9920!!!!!!!!!!!!!!!FIG_RECTANGLE!264.0420!193.9920!1.4750!0.3000! 00000005!!QFP50P1600X1600X170-100N!!!!!!!!!0.0000!!!!!!
S!PIN!IC17!6!R147_5_30!TOP!TOP!!264.0420!193.4920!!!!!!!!!!!!!!!FIG_RECTANGLE!264.0420!193.4920!1.4750!0.3000! 00000006!!QFP50P1600X1600X170-100N!!!!!!!!!0.0000!!!!!!
S!PIN!IC17!7!R147_5_30!TOP!TOP!!264.0420!192.9920!!!!!!!!!!!!!!!FIG_RECTANGLE!264.0420!192.9920!1.4750!0.3000! 00000007!!QFP50P1600X1600X170-100N!!!!!!!!!0.0000!!!!!!
S!PIN!IC17!8!R147_5_30!TOP!TOP!!264.0420!192.4920!!!!!!!!!!!!!!!FIG_RECTANGLE!264.0420!192.4920!1.4750!0.3000! 00000008!!QFP50P1600X1600X170-100N!!!!!!!!!0.0000!!!!!!
S!PIN!IC17!9!R147_5_30!TOP!TOP!!264.0420!191.9920!!!!!!!!!!!!!!!FIG_RECTANGLE!264.0420!191.9920!1.4750!0.3000! 00000009!!QFP50P1600X1600X170-100N!!!!!!!!!0.0000!!!!!!
S!PIN!IC17!10!R147_5_30!TOP!TOP!!264.0420!191.4920!!!!!!!!!!!!!!!FIG_RECTANGLE!264.0420!191.4920!1.4750!0.3000! 00000010!!QFP50P1600X1600X170-100N!!!!!!!!!0.0000!!!!!!
S!PIN!IC17!11!R147_5_30!TOP!TOP!!264.0420!190.9920!!!!!!!!!!!!!!!FIG_RECTANGLE!264.0420!190.9920!1.4750!0.3000! 00000011!!QFP50P1600X1600X170-100N!!!!!!!!!0.0000!!!!!!
S!PIN!IC17!12!R147_5_30!TOP!TOP!!264.0420!190.4920!!!!!!!!!!!!!!!FIG_RECTANGLE!264.0420!190.4920!1.4750!0.3000! 00000012!!QFP50P1600X1600X170-100N!!!!!!!!!0.0000!!!!!!
S!PIN!IC17!13!R147_5_30!TOP!TOP!!264.0420!189.9920!!!!!!!!!!!!!!!FIG_RECTANGLE!264.0420!189.9920!1.4750!0.3000! 00000013!!QFP50P1600X1600X170-100N!!!!!!!!!0.0000!!!!!!
S!PIN!IC17!14!R147_5_30!TOP!TOP!!264.0420!189.4920!!!!!!!!!!!!!!!FIG_RECTANGLE!264.0420!189.4920!1.4750!0.3000! 00000014!!QFP50P1600X1600X170-100N!!!!!!!!!0.0000!!!!!!
S!PIN!IC17!15!R147_5_30!TOP!TOP!!264.0420!188.9920!!!!!!!!!!!!!!!FIG_RECTANGLE!264.0420!188.9920!1.4750!0.3000! 00000015!!QFP50P1600X1600X170-100N!!!!!!!!!0.0000!!!!!!
S!PIN!IC17!16!R147_5_30!TOP!TOP!!264.0420!188.4920!!!!!!!!!!!!!!!FIG_RECTANGLE!264.0420!188.4920!1.4750!0.3000! 00000016!!QFP50P1600X1600X170-100N!!!!!!!!!0.0000!!!!!!
S!PIN!IC17!17!R147_5_30!TOP!TOP!!264.0420!187.9920!!!!!!!!!!!!!!!FIG_RECTANGLE!264.0420!187.9920!1.4750!0.3000! 00000017!!QFP50P1600X1600X170-100N!!!!!!!!!0.0000!!!!!!
S!PIN!IC17!18!R147_5_30!TOP!TOP!!264.0420!187.4920!!!!!!!!!!!!!!!FIG_RECTANGLE!264.0420!187.4920!1.4750!0.3000! 00000018!!QFP50P1600X1600X170-100N!!!!!!!!!0.0000!!!!!!
S!PIN!IC17!19!R147_5_30!TOP!TOP!!264.0420!186.9920!!!!!!!!!!!!!!!FIG_RECTANGLE!264.0420!186.9920!1.4750!0.3000! 00000019!!QFP50P1600X1600X170-100N!!!!!!!!!0.0000!!!!!!
S!PIN!IC17!20!R147_5_30!TOP!TOP!!264.0420!186.4920!!!!!!!!!!!!!!!FIG_RECTANGLE!264.0420!186.4920!1.4750!0.3000! 00000020!!QFP50P1600X1600X170-100N!!!!!!!!!0.0000!!!!!!
S!PIN!IC17!21!R147_5_30!TOP!TOP!!264.0420!185.9920!!!!!!!!!!!!!!!FIG_RECTANGLE!264.0420!185.9920!1.4750!0.3000! 00000021!!QFP50P1600X1600X170-100N!!!!!!!!!0.0000!!!!!!
S!PIN!IC17!22!R147_5_30!TOP!TOP!!264.0420!185.4920!!!!!!!!!!!!!!!FIG_RECTANGLE!264.0420!185.4920!1.4750!0.3000! 00000022!!QFP50P1600X1600X170-100N!!!!!!!!!0.0000!!!!!!
S!PIN!IC17!23!R147_5_30!TOP!TOP!!264.0420!184.9920!!!!!!!!!!!!!!!FIG_RECTANGLE!264.0420!184.9920!1.4750!0.3000! 00000023!!QFP50P1600X1600X170-100N!!!!!!!!!0.0000!!!!!!
S!PIN!IC17!24!R147_5_30!TOP!TOP!!264.0420!184.4920!!!!!!!!!!!!!!!FIG_RECTANGLE!264.0420!184.4920!1.4750!0.3000! 00000024!!QFP50P1600X1600X170-100N!!!!!!!!!0.0000!!!!!!
S!PIN!IC17!25!R147_5_30!TOP!TOP!!264.0420!183.9920!!!!!!!!!!!!!!!FIG_RECTANGLE!264.0420!183.9920!1.4750!0.3000! 00000025!!QFP50P1600X1600X170-100N!!!!!!!!!0.0000!!!!!!
S!PIN!IC17!26!R147_5_30!TOP!TOP!!265.7800!182.2540!!!!!!!!!!!!!!!FIG_RECTANGLE!265.7800!182.2540!0.3000!1.4750! 00000026!!QFP50P1600X1600X170-100N!!!!!!!!!0.0000!!!!!!
S!PIN!IC17!27!R147_5_30!TOP!TOP!!266.2800!182.2540!!!!!!!!!!!!!!!FIG_RECTANGLE!266.2800!182.2540!0.3000!1.4750! 00000027!!QFP50P1600X1600X170-100N!!!!!!!!!0.0000!!!!!!
S!PIN!IC17!28!R147_5_30!TOP!TOP!!266.7800!182.2540!!!!!!!!!!!!!!!FIG_RECTANGLE!266.7800!182.2540!0.3000!1.4750! 00000028!!QFP50P1600X1600X170-100N!!!!!!!!!0.0000!!!!!!
S!PIN!IC17!29!R147_5_30!TOP!TOP!!267.2800!182.2540!!!!!!!!!!!!!!!FIG_RECTANGLE!267.2800!182.2540!0.3000!1.4750! 00000029!!QFP50P1600X1600X170-100N!!!!!!!!!0.0000!!!!!!
S!PIN!IC17!30!R147_5_30!TOP!TOP!!267.7800!182.2540!!!!!!!!!!!!!!!FIG_RECTANGLE!267.7800!182.2540!0.3000!1.4750! 00000030!!QFP50P1600X1600X170-100N!!!!!!!!!0.0000!!!!!!
S!PIN!IC17!31!R147_5_30!TOP!TOP!!268.2800!182.2540!!!!!!!!!!!!!!!FIG_RECTANGLE!268.2800!182.2540!0.3000!1.4750! 00000031!!QFP50P1600X1600X170-100N!!!!!!!!!0.0000!!!!!!
S!PIN!IC17!32!R147_5_30!TOP!TOP!!268.7800!182.2540!!!!!!!!!!!!!!!FIG_RECTANGLE!268.7800!182.2540!0.3000!1.4750! 00000032!!QFP50P1600X1600X170-100N!!!!!!!!!0.0000!!!!!!
S!PIN!IC17!33!R147_5_30!TOP!TOP!!269.2800!182.2540!!!!!!!!!!!!!!!FIG_RECTANGLE!269.2800!182.2540!0.3000!1.4750! 00000033!!QFP50P1600X1600X170-100N!!!!!!!!!0.0000!!!!!!
S!PIN!IC17!34!R147_5_30!TOP!TOP!!269.7800!182.2540!!!!!!!!!!!!!!!FIG_RECTANGLE!269.7800!182.2540!0.3000!1.4750! 00000034!!QFP50P1600X1600X170-100N!!!!!!!!!0.0000!!!!!!
S!PIN!IC17!35!R147_5_30!TOP!TOP!!270.2800!182.2540!!!!!!!!!!!!!!!FIG_RECTANGLE!270.2800!182.2540!0.3000!1.4750! 00000035!!QFP50P1600X1600X170-100N!!!!!!!!!0.0000!!!!!!
S!PIN!IC17!36!R147_5_30!TOP!TOP!!270.7800!182.2540!!!!!!!!!!!!!!!FIG_RECTANGLE!270.7800!182.2540!0.3000!1.4750! 00000036!!QFP50P1600X1600X170-100N!!!!!!!!!0.0000!!!!!!
S!PIN!IC17!37!R147_5_30!TOP!TOP!!271.2800!182.2540!!!!!!!!!!!!!!!FIG_RECTANGLE!271.2800!182.2540!0.3000!1.4750! 00000037!!QFP50P1600X1600X170-100N!!!!!!!!!0.0000!!!!!!
S!PIN!IC17!38!R147_5_30!TOP!TOP!!271.7800!182.2540!!!!!!!!!!!!!!!FIG_RECTANGLE!271.7800!182.2540!0.3000!1.4750! 00000038!!QFP50P1600X1600X170-100N!!!!!!!!!0.0000!!!!!!
S!PIN!IC17!39!R147_5_30!TOP!TOP!!272.2800!182.2540!!!!!!!!!!!!!!!FIG_RECTANGLE!272.2800!182.2540!0.3000!1.4750! 00000039!!QFP50P1600X1600X170-100N!!!!!!!!!0.0000!!!!!!
S!PIN!IC17!40!R147_5_30!TOP!TOP!!272.7800!182.2540!!!!!!!!!!!!!!!FIG_RECTANGLE!272.7800!182.2540!0.3000!1.4750! 00000040!!QFP50P1600X1600X170-100N!!!!!!!!!0.0000!!!!!!
S!PIN!IC17!41!R147_5_30!TOP!TOP!!273.2800!182.2540!!!!!!!!!!!!!!!FIG_RECTANGLE!273.2800!182.2540!0.3000!1.4750! 00000041!!QFP50P1600X1600X170-100N!!!!!!!!!0.0000!!!!!!
S!PIN!IC17!42!R147_5_30!TOP!TOP!!273.7800!182.2540!!!!!!!!!!!!!!!FIG_RECTANGLE!273.7800!182.2540!0.3000!1.4750! 00000042!!QFP50P1600X1600X170-100N!!!!!!!!!0.0000!!!!!!
S!PIN!IC17!43!R147_5_30!TOP!TOP!!274.2800!182.2540!!!!!!!!!!!!!!!FIG_RECTANGLE!274.2800!182.2540!0.3000!1.4750! 00000043!!QFP50P1600X1600X170-100N!!!!!!!!!0.0000!!!!!!
S!PIN!IC17!44!R147_5_30!TOP!TOP!!274.7800!182.2540!!!!!!!!!!!!!!!FIG_RECTANGLE!274.7800!182.2540!0.3000!1.4750! 00000044!!QFP50P1600X1600X170-100N!!!!!!!!!0.0000!!!!!!
S!PIN!IC17!45!R147_5_30!TOP!TOP!!275.2800!182.2540!!!!!!!!!!!!!!!FIG_RECTANGLE!275.2800!182.2540!0.3000!1.4750! 00000045!!QFP50P1600X1600X170-100N!!!!!!!!!0.0000!!!!!!
S!PIN!IC17!46!R147_5_30!TOP!TOP!!275.7800!182.2540!!!!!!!!!!!!!!!FIG_RECTANGLE!275.7800!182.2540!0.3000!1.4750! 00000046!!QFP50P1600X1600X170-100N!!!!!!!!!0.0000!!!!!!
S!PIN!IC17!47!R147_5_30!TOP!TOP!!276.2800!182.2540!!!!!!!!!!!!!!!FIG_RECTANGLE!276.2800!182.2540!0.3000!1.4750! 00000047!!QFP50P1600X1600X170-100N!!!!!!!!!0.0000!!!!!!
S!PIN!IC17!48!R147_5_30!TOP!TOP!!276.7800!182.2540!!!!!!!!!!!!!!!FIG_RECTANGLE!276.7800!182.2540!0.3000!1.4750! 00000048!!QFP50P1600X1600X170-100N!!!!!!!!!0.0000!!!!!!
S!PIN!IC17!49!R147_5_30!TOP!TOP!!277.2800!182.2540!!!!!!!!!!!!!!!FIG_RECTANGLE!277.2800!182.2540!0.3000!1.4750! 00000049!!QFP50P1600X1600X170-100N!!!!!!!!!0.0000!!!!!!
S!PIN!IC17!50!R147_5_30!TOP!TOP!!277.7800!182.2540!!!!!!!!!!!!!!!FIG_RECTANGLE!277.7800!182.2540!0.3000!1.4750! 00000050!!QFP50P1600X1600X170-100N!!!!!!!!!0.0000!!!!!!
S!PIN!IC17!51!R147_5_30!TOP!TOP!!279.5180!183.9920!!!!!!!!!!!!!!!FIG_RECTANGLE!279.5180!183.9920!1.4750!0.3000! 00000051!!QFP50P1600X1600X170-100N!!!!!!!!!0.0000!!!!!!
S!PIN!IC17!52!R147_5_30!TOP!TOP!!279.5180!184.4920!!!!!!!!!!!!!!!FIG_RECTANGLE!279.5180!184.4920!1.4750!0.3000! 00000052!!QFP50P1600X1600X170-100N!!!!!!!!!0.0000!!!!!!
S!PIN!IC17!53!R147_5_30!TOP!TOP!!279.5180!184.9920!!!!!!!!!!!!!!!FIG_RECTANGLE!279.5180!184.9920!1.4750!0.3000! 00000053!!QFP50P1600X1600X170-100N!!!!!!!!!0.0000!!!!!!
S!PIN!IC17!54!R147_5_30!TOP!TOP!!279.5180!185.4920!!!!!!!!!!!!!!!FIG_RECTANGLE!279.5180!185.4920!1.4750!0.3000! 00000054!!QFP50P1600X1600X170-100N!!!!!!!!!0.0000!!!!!!
S!PIN!IC17!55!R147_5_30!TOP!TOP!!279.5180!185.9920!!!!!!!!!!!!!!!FIG_RECTANGLE!279.5180!185.9920!1.4750!0.3000! 00000055!!QFP50P1600X1600X170-100N!!!!!!!!!0.0000!!!!!!
S!PIN!IC17!56!R147_5_30!TOP!TOP!!279.5180!186.4920!!!!!!!!!!!!!!!FIG_RECTANGLE!279.5180!186.4920!1.4750!0.3000! 00000056!!QFP50P1600X1600X170-100N!!!!!!!!!0.0000!!!!!!
S!PIN!IC17!57!R147_5_30!TOP!TOP!!279.5180!186.9920!!!!!!!!!!!!!!!FIG_RECTANGLE!279.5180!186.9920!1.4750!0.3000! 00000057!!QFP50P1600X1600X170-100N!!!!!!!!!0.0000!!!!!!
S!PIN!IC17!58!R147_5_30!TOP!TOP!!279.5180!187.4920!!!!!!!!!!!!!!!FIG_RECTANGLE!279.5180!187.4920!1.4750!0.3000! 00000058!!QFP50P1600X1600X170-100N!!!!!!!!!0.0000!!!!!!
S!PIN!IC17!59!R147_5_30!TOP!TOP!!279.5180!187.9920!!!!!!!!!!!!!!!FIG_RECTANGLE!279.5180!187.9920!1.4750!0.3000! 00000059!!QFP50P1600X1600X170-100N!!!!!!!!!0.0000!!!!!!
S!PIN!IC17!60!R147_5_30!TOP!TOP!!279.5180!188.4920!!!!!!!!!!!!!!!FIG_RECTANGLE!279.5180!188.4920!1.4750!0.3000! 00000060!!QFP50P1600X1600X170-100N!!!!!!!!!0.0000!!!!!!
S!PIN!IC17!61!R147_5_30!TOP!TOP!!279.5180!188.9920!!!!!!!!!!!!!!!FIG_RECTANGLE!279.5180!188.9920!1.4750!0.3000! 00000061!!QFP50P1600X1600X170-100N!!!!!!!!!0.0000!!!!!!
S!PIN!IC17!62!R147_5_30!TOP!TOP!!279.5180!189.4920!!!!!!!!!!!!!!!FIG_RECTANGLE!279.5180!189.4920!1.4750!0.3000! 00000062!!QFP50P1600X1600X170-100N!!!!!!!!!0.0000!!!!!!
S!PIN!IC17!63!R147_5_30!TOP!TOP!!279.5180!189.9920!!!!!!!!!!!!!!!FIG_RECTANGLE!279.5180!189.9920!1.4750!0.3000! 00000063!!QFP50P1600X1600X170-100N!!!!!!!!!0.0000!!!!!!
S!PIN!IC17!64!R147_5_30!TOP!TOP!!279.5180!190.4920!!!!!!!!!!!!!!!FIG_RECTANGLE!279.5180!190.4920!1.4750!0.3000! 00000064!!QFP50P1600X1600X170-100N!!!!!!!!!0.0000!!!!!!
S!PIN!IC17!65!R147_5_30!TOP!TOP!!279.5180!190.9920!!!!!!!!!!!!!!!FIG_RECTANGLE!279.5180!190.9920!1.4750!0.3000! 00000065!!QFP50P1600X1600X170-100N!!!!!!!!!0.0000!!!!!!
S!PIN!IC17!66!R147_5_30!TOP!TOP!!279.5180!191.4920!!!!!!!!!!!!!!!FIG_RECTANGLE!279.5180!191.4920!1.4750!0.3000! 00000066!!QFP50P1600X1600X170-100N!!!!!!!!!0.0000!!!!!!
S!PIN!IC17!67!R147_5_30!TOP!TOP!!279.5180!191.9920!!!!!!!!!!!!!!!FIG_RECTANGLE!279.5180!191.9920!1.4750!0.3000! 00000067!!QFP50P1600X1600X170-100N!!!!!!!!!0.0000!!!!!!
S!PIN!IC17!68!R147_5_30!TOP!TOP!!279.5180!192.4920!!!!!!!!!!!!!!!FIG_RECTANGLE!279.5180!192.4920!1.4750!0.3000! 00000068!!QFP50P1600X1600X170-100N!!!!!!!!!0.0000!!!!!!
S!PIN!IC17!69!R147_5_30!TOP!TOP!!279.5180!192.9920!!!!!!!!!!!!!!!FIG_RECTANGLE!279.5180!192.9920!1.4750!0.3000! 00000069!!QFP50P1600X1600X170-100N!!!!!!!!!0.0000!!!!!!
S!PIN!IC17!70!R147_5_30!TOP!TOP!!279.5180!193.4920!!!!!!!!!!!!!!!FIG_RECTANGLE!279.5180!193.4920!1.4750!0.3000! 00000070!!QFP50P1600X1600X170-100N!!!!!!!!!0.0000!!!!!!
S!PIN!IC17!71!R147_5_30!TOP!TOP!!279.5180!193.9920!!!!!!!!!!!!!!!FIG_RECTANGLE!279.5180!193.9920!1.4750!0.3000! 00000071!!QFP50P1600X1600X170-100N!!!!!!!!!0.0000!!!!!!
S!PIN!IC17!72!R147_5_30!TOP!TOP!!279.5180!194.4920!!!!!!!!!!!!!!!FIG_RECTANGLE!279.5180!194.4920!1.4750!0.3000! 00000072!!QFP50P1600X1600X170-100N!!!!!!!!!0.0000!!!!!!
S!PIN!IC17!73!R147_5_30!TOP!TOP!!279.5180!194.9920!!!!!!!!!!!!!!!FIG_RECTANGLE!279.5180!194.9920!1.4750!0.3000! 00000073!!QFP50P1600X1600X170-100N!!!!!!!!!0.0000!!!!!!
S!PIN!IC17!74!R147_5_30!TOP!TOP!!279.5180!195.4920!!!!!!!!!!!!!!!FIG_RECTANGLE!279.5180!195.4920!1.4750!0.3000! 00000074!!QFP50P1600X1600X170-100N!!!!!!!!!0.0000!!!!!!
S!PIN!IC17!75!R147_5_30!TOP!TOP!!279.5180!195.9920!!!!!!!!!!!!!!!FIG_RECTANGLE!279.5180!195.9920!1.4750!0.3000! 00000075!!QFP50P1600X1600X170-100N!!!!!!!!!0.0000!!!!!!
S!PIN!IC17!76!R147_5_30!TOP!TOP!!277.7800!197.7300!!!!!!!!!!!!!!!FIG_RECTANGLE!277.7800!197.7300!0.3000!1.4750! 00000076!!QFP50P1600X1600X170-100N!!!!!!!!!0.0000!!!!!!
S!PIN!IC17!77!R147_5_30!TOP!TOP!!277.2800!197.7300!!!!!!!!!!!!!!!FIG_RECTANGLE!277.2800!197.7300!0.3000!1.4750! 00000077!!QFP50P1600X1600X170-100N!!!!!!!!!0.0000!!!!!!
S!PIN!IC17!78!R147_5_30!TOP!TOP!!276.7800!197.7300!!!!!!!!!!!!!!!FIG_RECTANGLE!276.7800!197.7300!0.3000!1.4750! 00000078!!QFP50P1600X1600X170-100N!!!!!!!!!0.0000!!!!!!
S!PIN!IC17!79!R147_5_30!TOP!TOP!!276.2800!197.7300!!!!!!!!!!!!!!!FIG_RECTANGLE!276.2800!197.7300!0.3000!1.4750! 00000079!!QFP50P1600X1600X170-100N!!!!!!!!!0.0000!!!!!!
S!PIN!IC17!80!R147_5_30!TOP!TOP!!275.7800!197.7300!!!!!!!!!!!!!!!FIG_RECTANGLE!275.7800!197.7300!0.3000!1.4750! 00000080!!QFP50P1600X1600X170-100N!!!!!!!!!0.0000!!!!!!
S!PIN!IC17!81!R147_5_30!TOP!TOP!!275.2800!197.7300!!!!!!!!!!!!!!!FIG_RECTANGLE!275.2800!197.7300!0.3000!1.4750! 00000081!!QFP50P1600X1600X170-100N!!!!!!!!!0.0000!!!!!!
S!PIN!IC17!82!R147_5_30!TOP!TOP!!274.7800!197.7300!!!!!!!!!!!!!!!FIG_RECTANGLE!274.7800!197.7300!0.3000!1.4750! 00000082!!QFP50P1600X1600X170-100N!!!!!!!!!0.0000!!!!!!
S!PIN!IC17!83!R147_5_30!TOP!TOP!!274.2800!197.7300!!!!!!!!!!!!!!!FIG_RECTANGLE!274.2800!197.7300!0.3000!1.4750! 00000083!!QFP50P1600X1600X170-100N!!!!!!!!!0.0000!!!!!!
S!PIN!IC17!84!R147_5_30!TOP!TOP!!273.7800!197.7300!!!!!!!!!!!!!!!FIG_RECTANGLE!273.7800!197.7300!0.3000!1.4750! 00000084!!QFP50P1600X1600X170-100N!!!!!!!!!0.0000!!!!!!
S!PIN!IC17!85!R147_5_30!TOP!TOP!!273.2800!197.7300!!!!!!!!!!!!!!!FIG_RECTANGLE!273.2800!197.7300!0.3000!1.4750! 00000085!!QFP50P1600X1600X170-100N!!!!!!!!!0.0000!!!!!!
S!PIN!IC17!86!R147_5_30!TOP!TOP!!272.7800!197.7300!!!!!!!!!!!!!!!FIG_RECTANGLE!272.7800!197.7300!0.3000!1.4750! 00000086!!QFP50P1600X1600X170-100N!!!!!!!!!0.0000!!!!!!
S!PIN!IC17!87!R147_5_30!TOP!TOP!!272.2800!197.7300!!!!!!!!!!!!!!!FIG_RECTANGLE!272.2800!197.7300!0.3000!1.4750! 00000087!!QFP50P1600X1600X170-100N!!!!!!!!!0.0000!!!!!!
S!PIN!IC17!88!R147_5_30!TOP!TOP!!271.7800!197.7300!!!!!!!!!!!!!!!FIG_RECTANGLE!271.7800!197.7300!0.3000!1.4750! 00000088!!QFP50P1600X1600X170-100N!!!!!!!!!0.0000!!!!!!
S!PIN!IC17!89!R147_5_30!TOP!TOP!!271.2800!197.7300!!!!!!!!!!!!!!!FIG_RECTANGLE!271.2800!197.7300!0.3000!1.4750! 00000089!!QFP50P1600X1600X170-100N!!!!!!!!!0.0000!!!!!!
S!PIN!IC17!90!R147_5_30!TOP!TOP!!270.7800!197.7300!!!!!!!!!!!!!!!FIG_RECTANGLE!270.7800!197.7300!0.3000!1.4750! 00000090!!QFP50P1600X1600X170-100N!!!!!!!!!0.0000!!!!!!
S!PIN!IC17!91!R147_5_30!TOP!TOP!!270.2800!197.7300!!!!!!!!!!!!!!!FIG_RECTANGLE!270.2800!197.7300!0.3000!1.4750! 00000091!!QFP50P1600X1600X170-100N!!!!!!!!!0.0000!!!!!!
S!PIN!IC17!92!R147_5_30!TOP!TOP!!269.7800!197.7300!!!!!!!!!!!!!!!FIG_RECTANGLE!269.7800!197.7300!0.3000!1.4750! 00000092!!QFP50P1600X1600X170-100N!!!!!!!!!0.0000!!!!!!
S!PIN!IC17!93!R147_5_30!TOP!TOP!!269.2800!197.7300!!!!!!!!!!!!!!!FIG_RECTANGLE!269.2800!197.7300!0.3000!1.4750! 00000093!!QFP50P1600X1600X170-100N!!!!!!!!!0.0000!!!!!!
S!PIN!IC17!94!R147_5_30!TOP!TOP!!268.7800!197.7300!!!!!!!!!!!!!!!FIG_RECTANGLE!268.7800!197.7300!0.3000!1.4750! 00000094!!QFP50P1600X1600X170-100N!!!!!!!!!0.0000!!!!!!
S!PIN!IC17!95!R147_5_30!TOP!TOP!!268.2800!197.7300!!!!!!!!!!!!!!!FIG_RECTANGLE!268.2800!197.7300!0.3000!1.4750! 00000095!!QFP50P1600X1600X170-100N!!!!!!!!!0.0000!!!!!!
S!PIN!IC17!96!R147_5_30!TOP!TOP!!267.7800!197.7300!!!!!!!!!!!!!!!FIG_RECTANGLE!267.7800!197.7300!0.3000!1.4750! 00000096!!QFP50P1600X1600X170-100N!!!!!!!!!0.0000!!!!!!
S!PIN!IC17!97!R147_5_30!TOP!TOP!!267.2800!197.7300!!!!!!!!!!!!!!!FIG_RECTANGLE!267.2800!197.7300!0.3000!1.4750! 00000097!!QFP50P1600X1600X170-100N!!!!!!!!!0.0000!!!!!!
S!PIN!IC17!98!R147_5_30!TOP!TOP!!266.7800!197.7300!!!!!!!!!!!!!!!FIG_RECTANGLE!266.7800!197.7300!0.3000!1.4750! 00000098!!QFP50P1600X1600X170-100N!!!!!!!!!0.0000!!!!!!
S!PIN!IC17!99!R147_5_30!TOP!TOP!!266.2800!197.7300!!!!!!!!!!!!!!!FIG_RECTANGLE!266.2800!197.7300!0.3000!1.4750! 00000099!!QFP50P1600X1600X170-100N!!!!!!!!!0.0000!!!!!!
S!PIN!IC17!100!R147_5_30!TOP!TOP!!265.7800!197.7300!!!!!!!!!!!!!!!FIG_RECTANGLE!265.7800!197.7300!0.3000!1.4750! 00000100!!QFP50P1600X1600X170-100N!!!!!!!!!0.0000!!!!!!
S!PIN!IC16!1!R147_5_30!TOP!TOP!!300.5860!176.4700!!!!!!!!!!!!!!!FIG_RECTANGLE!300.5860!176.4700!1.4750!0.3000! 00000001!!QFP50P1200X1200X120-64N!!!!!!!!!0.0000!!!!!!
S!PIN!IC16!2!R147_5_30!TOP!TOP!!300.5860!175.9700!!!!!!!!!!!!!!!FIG_RECTANGLE!300.5860!175.9700!1.4750!0.3000! 00000002!!QFP50P1200X1200X120-64N!!!!!!!!!0.0000!!!!!!
S!PIN!IC16!3!R147_5_30!TOP!TOP!!300.5860!175.4700!!!!!!!!!!!!!!!FIG_RECTANGLE!300.5860!175.4700!1.4750!0.3000! 00000003!!QFP50P1200X1200X120-64N!!!!!!!!!0.0000!!!!!!
S!PIN!IC16!4!R147_5_30!TOP!TOP!!300.5860!174.9700!!!!!!!!!!!!!!!FIG_RECTANGLE!300.5860!174.9700!1.4750!0.3000! 00000004!!QFP50P1200X1200X120-64N!!!!!!!!!0.0000!!!!!!
S!PIN!IC16!5!R147_5_30!TOP!TOP!!300.5860!174.4700!!!!!!!!!!!!!!!FIG_RECTANGLE!300.5860!174.4700!1.4750!0.3000! 00000005!!QFP50P1200X1200X120-64N!!!!!!!!!0.0000!!!!!!
S!PIN!IC16!6!R147_5_30!TOP!TOP!!300.5860!173.9700!!!!!!!!!!!!!!!FIG_RECTANGLE!300.5860!173.9700!1.4750!0.3000! 00000006!!QFP50P1200X1200X120-64N!!!!!!!!!0.0000!!!!!!
S!PIN!IC16!7!R147_5_30!TOP!TOP!!300.5860!173.4700!!!!!!!!!!!!!!!FIG_RECTANGLE!300.5860!173.4700!1.4750!0.3000! 00000007!!QFP50P1200X1200X120-64N!!!!!!!!!0.0000!!!!!!
S!PIN!IC16!8!R147_5_30!TOP!TOP!!300.5860!172.9700!!!!!!!!!!!!!!!FIG_RECTANGLE!300.5860!172.9700!1.4750!0.3000! 00000008!!QFP50P1200X1200X120-64N!!!!!!!!!0.0000!!!!!!
S!PIN!IC16!9!R147_5_30!TOP!TOP!!300.5860!172.4700!!!!!!!!!!!!!!!FIG_RECTANGLE!300.5860!172.4700!1.4750!0.3000! 00000009!!QFP50P1200X1200X120-64N!!!!!!!!!0.0000!!!!!!
S!PIN!IC16!10!R147_5_30!TOP!TOP!!300.5860!171.9700!!!!!!!!!!!!!!!FIG_RECTANGLE!300.5860!171.9700!1.4750!0.3000! 00000010!!QFP50P1200X1200X120-64N!!!!!!!!!0.0000!!!!!!
S!PIN!IC16!11!R147_5_30!TOP!TOP!!300.5860!171.4700!!!!!!!!!!!!!!!FIG_RECTANGLE!300.5860!171.4700!1.4750!0.3000! 00000011!!QFP50P1200X1200X120-64N!!!!!!!!!0.0000!!!!!!
S!PIN!IC16!12!R147_5_30!TOP!TOP!!300.5860!170.9700!!!!!!!!!!!!!!!FIG_RECTANGLE!300.5860!170.9700!1.4750!0.3000! 00000012!!QFP50P1200X1200X120-64N!!!!!!!!!0.0000!!!!!!
S!PIN!IC16!13!R147_5_30!TOP!TOP!!300.5860!170.4700!!!!!!!!!!!!!!!FIG_RECTANGLE!300.5860!170.4700!1.4750!0.3000! 00000013!!QFP50P1200X1200X120-64N!!!!!!!!!0.0000!!!!!!
S!PIN!IC16!14!R147_5_30!TOP!TOP!!300.5860!169.9700!!!!!!!!!!!!!!!FIG_RECTANGLE!300.5860!169.9700!1.4750!0.3000! 00000014!!QFP50P1200X1200X120-64N!!!!!!!!!0.0000!!!!!!
S!PIN!IC16!15!R147_5_30!TOP!TOP!!300.5860!169.4700!!!!!!!!!!!!!!!FIG_RECTANGLE!300.5860!169.4700!1.4750!0.3000! 00000015!!QFP50P1200X1200X120-64N!!!!!!!!!0.0000!!!!!!
S!PIN!IC16!16!R147_5_30!TOP!TOP!!300.5860!168.9700!!!!!!!!!!!!!!!FIG_RECTANGLE!300.5860!168.9700!1.4750!0.3000! 00000016!!QFP50P1200X1200X120-64N!!!!!!!!!0.0000!!!!!!
S!PIN!IC16!17!R147_5_30!TOP!TOP!!302.5740!166.9820!!!!!!!!!!!!!!!FIG_RECTANGLE!302.5740!166.9820!0.3000!1.4750! 00000017!!QFP50P1200X1200X120-64N!!!!!!!!!0.0000!!!!!!
S!PIN!IC16!18!R147_5_30!TOP!TOP!!303.0740!166.9820!!!!!!!!!!!!!!!FIG_RECTANGLE!303.0740!166.9820!0.3000!1.4750! 00000018!!QFP50P1200X1200X120-64N!!!!!!!!!0.0000!!!!!!
S!PIN!IC16!19!R147_5_30!TOP!TOP!!303.5740!166.9820!!!!!!!!!!!!!!!FIG_RECTANGLE!303.5740!166.9820!0.3000!1.4750! 00000019!!QFP50P1200X1200X120-64N!!!!!!!!!0.0000!!!!!!
S!PIN!IC16!20!R147_5_30!TOP!TOP!!304.0740!166.9820!!!!!!!!!!!!!!!FIG_RECTANGLE!304.0740!166.9820!0.3000!1.4750! 00000020!!QFP50P1200X1200X120-64N!!!!!!!!!0.0000!!!!!!
S!PIN!IC16!21!R147_5_30!TOP!TOP!!304.5740!166.9820!!!!!!!!!!!!!!!FIG_RECTANGLE!304.5740!166.9820!0.3000!1.4750! 00000021!!QFP50P1200X1200X120-64N!!!!!!!!!0.0000!!!!!!
S!PIN!IC16!22!R147_5_30!TOP!TOP!!305.0740!166.9820!!!!!!!!!!!!!!!FIG_RECTANGLE!305.0740!166.9820!0.3000!1.4750! 00000022!!QFP50P1200X1200X120-64N!!!!!!!!!0.0000!!!!!!
S!PIN!IC16!23!R147_5_30!TOP!TOP!!305.5740!166.9820!!!!!!!!!!!!!!!FIG_RECTANGLE!305.5740!166.9820!0.3000!1.4750! 00000023!!QFP50P1200X1200X120-64N!!!!!!!!!0.0000!!!!!!
S!PIN!IC16!24!R147_5_30!TOP!TOP!!306.0740!166.9820!!!!!!!!!!!!!!!FIG_RECTANGLE!306.0740!166.9820!0.3000!1.4750! 00000024!!QFP50P1200X1200X120-64N!!!!!!!!!0.0000!!!!!!
S!PIN!IC16!25!R147_5_30!TOP!TOP!!306.5740!166.9820!!!!!!!!!!!!!!!FIG_RECTANGLE!306.5740!166.9820!0.3000!1.4750! 00000025!!QFP50P1200X1200X120-64N!!!!!!!!!0.0000!!!!!!
S!PIN!IC16!26!R147_5_30!TOP!TOP!!307.0740!166.9820!!!!!!!!!!!!!!!FIG_RECTANGLE!307.0740!166.9820!0.3000!1.4750! 00000026!!QFP50P1200X1200X120-64N!!!!!!!!!0.0000!!!!!!
S!PIN!IC16!27!R147_5_30!TOP!TOP!!307.5740!166.9820!!!!!!!!!!!!!!!FIG_RECTANGLE!307.5740!166.9820!0.3000!1.4750! 00000027!!QFP50P1200X1200X120-64N!!!!!!!!!0.0000!!!!!!
S!PIN!IC16!28!R147_5_30!TOP!TOP!!308.0740!166.9820!!!!!!!!!!!!!!!FIG_RECTANGLE!308.0740!166.9820!0.3000!1.4750! 00000028!!QFP50P1200X1200X120-64N!!!!!!!!!0.0000!!!!!!
S!PIN!IC16!29!R147_5_30!TOP!TOP!!308.5740!166.9820!!!!!!!!!!!!!!!FIG_RECTANGLE!308.5740!166.9820!0.3000!1.4750! 00000029!!QFP50P1200X1200X120-64N!!!!!!!!!0.0000!!!!!!
S!PIN!IC16!30!R147_5_30!TOP!TOP!!309.0740!166.9820!!!!!!!!!!!!!!!FIG_RECTANGLE!309.0740!166.9820!0.3000!1.4750! 00000030!!QFP50P1200X1200X120-64N!!!!!!!!!0.0000!!!!!!
S!PIN!IC16!31!R147_5_30!TOP!TOP!!309.5740!166.9820!!!!!!!!!!!!!!!FIG_RECTANGLE!309.5740!166.9820!0.3000!1.4750! 00000031!!QFP50P1200X1200X120-64N!!!!!!!!!0.0000!!!!!!
S!PIN!IC16!32!R147_5_30!TOP!TOP!!310.0740!166.9820!!!!!!!!!!!!!!!FIG_RECTANGLE!310.0740!166.9820!0.3000!1.4750! 00000032!!QFP50P1200X1200X120-64N!!!!!!!!!0.0000!!!!!!
S!PIN!IC16!33!R147_5_30!TOP!TOP!!312.0620!168.9700!!!!!!!!!!!!!!!FIG_RECTANGLE!312.0620!168.9700!1.4750!0.3000! 00000033!!QFP50P1200X1200X120-64N!!!!!!!!!0.0000!!!!!!
S!PIN!IC16!34!R147_5_30!TOP!TOP!!312.0620!169.4700!!!!!!!!!!!!!!!FIG_RECTANGLE!312.0620!169.4700!1.4750!0.3000! 00000034!!QFP50P1200X1200X120-64N!!!!!!!!!0.0000!!!!!!
S!PIN!IC16!35!R147_5_30!TOP!TOP!!312.0620!169.9700!!!!!!!!!!!!!!!FIG_RECTANGLE!312.0620!169.9700!1.4750!0.3000! 00000035!!QFP50P1200X1200X120-64N!!!!!!!!!0.0000!!!!!!
S!PIN!IC16!36!R147_5_30!TOP!TOP!!312.0620!170.4700!!!!!!!!!!!!!!!FIG_RECTANGLE!312.0620!170.4700!1.4750!0.3000! 00000036!!QFP50P1200X1200X120-64N!!!!!!!!!0.0000!!!!!!
S!PIN!IC16!37!R147_5_30!TOP!TOP!!312.0620!170.9700!!!!!!!!!!!!!!!FIG_RECTANGLE!312.0620!170.9700!1.4750!0.3000! 00000037!!QFP50P1200X1200X120-64N!!!!!!!!!0.0000!!!!!!
S!PIN!IC16!38!R147_5_30!TOP!TOP!!312.0620!171.4700!!!!!!!!!!!!!!!FIG_RECTANGLE!312.0620!171.4700!1.4750!0.3000! 00000038!!QFP50P1200X1200X120-64N!!!!!!!!!0.0000!!!!!!
S!PIN!IC16!39!R147_5_30!TOP!TOP!!312.0620!171.9700!!!!!!!!!!!!!!!FIG_RECTANGLE!312.0620!171.9700!1.4750!0.3000! 00000039!!QFP50P1200X1200X120-64N!!!!!!!!!0.0000!!!!!!
S!PIN!IC16!40!R147_5_30!TOP!TOP!!312.0620!172.4700!!!!!!!!!!!!!!!FIG_RECTANGLE!312.0620!172.4700!1.4750!0.3000! 00000040!!QFP50P1200X1200X120-64N!!!!!!!!!0.0000!!!!!!
S!PIN!IC16!41!R147_5_30!TOP!TOP!!312.0620!172.9700!!!!!!!!!!!!!!!FIG_RECTANGLE!312.0620!172.9700!1.4750!0.3000! 00000041!!QFP50P1200X1200X120-64N!!!!!!!!!0.0000!!!!!!
S!PIN!IC16!42!R147_5_30!TOP!TOP!!312.0620!173.4700!!!!!!!!!!!!!!!FIG_RECTANGLE!312.0620!173.4700!1.4750!0.3000! 00000042!!QFP50P1200X1200X120-64N!!!!!!!!!0.0000!!!!!!
S!PIN!IC16!43!R147_5_30!TOP!TOP!!312.0620!173.9700!!!!!!!!!!!!!!!FIG_RECTANGLE!312.0620!173.9700!1.4750!0.3000! 00000043!!QFP50P1200X1200X120-64N!!!!!!!!!0.0000!!!!!!
S!PIN!IC16!44!R147_5_30!TOP!TOP!!312.0620!174.4700!!!!!!!!!!!!!!!FIG_RECTANGLE!312.0620!174.4700!1.4750!0.3000! 00000044!!QFP50P1200X1200X120-64N!!!!!!!!!0.0000!!!!!!
S!PIN!IC16!45!R147_5_30!TOP!TOP!!312.0620!174.9700!!!!!!!!!!!!!!!FIG_RECTANGLE!312.0620!174.9700!1.4750!0.3000! 00000045!!QFP50P1200X1200X120-64N!!!!!!!!!0.0000!!!!!!
S!PIN!IC16!46!R147_5_30!TOP!TOP!!312.0620!175.4700!!!!!!!!!!!!!!!FIG_RECTANGLE!312.0620!175.4700!1.4750!0.3000! 00000046!!QFP50P1200X1200X120-64N!!!!!!!!!0.0000!!!!!!
S!PIN!IC16!47!R147_5_30!TOP!TOP!!312.0620!175.9700!!!!!!!!!!!!!!!FIG_RECTANGLE!312.0620!175.9700!1.4750!0.3000! 00000047!!QFP50P1200X1200X120-64N!!!!!!!!!0.0000!!!!!!
S!PIN!IC16!48!R147_5_30!TOP!TOP!!312.0620!176.4700!!!!!!!!!!!!!!!FIG_RECTANGLE!312.0620!176.4700!1.4750!0.3000! 00000048!!QFP50P1200X1200X120-64N!!!!!!!!!0.0000!!!!!!
S!PIN!IC16!49!R147_5_30!TOP!TOP!!310.0740!178.4580!!!!!!!!!!!!!!!FIG_RECTANGLE!310.0740!178.4580!0.3000!1.4750! 00000049!!QFP50P1200X1200X120-64N!!!!!!!!!0.0000!!!!!!
S!PIN!IC16!50!R147_5_30!TOP!TOP!!309.5740!178.4580!!!!!!!!!!!!!!!FIG_RECTANGLE!309.5740!178.4580!0.3000!1.4750! 00000050!!QFP50P1200X1200X120-64N!!!!!!!!!0.0000!!!!!!
S!PIN!IC16!51!R147_5_30!TOP!TOP!!309.0740!178.4580!!!!!!!!!!!!!!!FIG_RECTANGLE!309.0740!178.4580!0.3000!1.4750! 00000051!!QFP50P1200X1200X120-64N!!!!!!!!!0.0000!!!!!!
S!PIN!IC16!52!R147_5_30!TOP!TOP!!308.5740!178.4580!!!!!!!!!!!!!!!FIG_RECTANGLE!308.5740!178.4580!0.3000!1.4750! 00000052!!QFP50P1200X1200X120-64N!!!!!!!!!0.0000!!!!!!
S!PIN!IC16!53!R147_5_30!TOP!TOP!!308.0740!178.4580!!!!!!!!!!!!!!!FIG_RECTANGLE!308.0740!178.4580!0.3000!1.4750! 00000053!!QFP50P1200X1200X120-64N!!!!!!!!!0.0000!!!!!!
S!PIN!IC16!54!R147_5_30!TOP!TOP!!307.5740!178.4580!!!!!!!!!!!!!!!FIG_RECTANGLE!307.5740!178.4580!0.3000!1.4750! 00000054!!QFP50P1200X1200X120-64N!!!!!!!!!0.0000!!!!!!
S!PIN!IC16!55!R147_5_30!TOP!TOP!!307.0740!178.4580!!!!!!!!!!!!!!!FIG_RECTANGLE!307.0740!178.4580!0.3000!1.4750! 00000055!!QFP50P1200X1200X120-64N!!!!!!!!!0.0000!!!!!!
S!PIN!IC16!56!R147_5_30!TOP!TOP!!306.5740!178.4580!!!!!!!!!!!!!!!FIG_RECTANGLE!306.5740!178.4580!0.3000!1.4750! 00000056!!QFP50P1200X1200X120-64N!!!!!!!!!0.0000!!!!!!
S!PIN!IC16!57!R147_5_30!TOP!TOP!!306.0740!178.4580!!!!!!!!!!!!!!!FIG_RECTANGLE!306.0740!178.4580!0.3000!1.4750! 00000057!!QFP50P1200X1200X120-64N!!!!!!!!!0.0000!!!!!!
S!PIN!IC16!58!R147_5_30!TOP!TOP!!305.5740!178.4580!!!!!!!!!!!!!!!FIG_RECTANGLE!305.5740!178.4580!0.3000!1.4750! 00000058!!QFP50P1200X1200X120-64N!!!!!!!!!0.0000!!!!!!
S!PIN!IC16!59!R147_5_30!TOP!TOP!!305.0740!178.4580!!!!!!!!!!!!!!!FIG_RECTANGLE!305.0740!178.4580!0.3000!1.4750! 00000059!!QFP50P1200X1200X120-64N!!!!!!!!!0.0000!!!!!!
S!PIN!IC16!60!R147_5_30!TOP!TOP!!304.5740!178.4580!!!!!!!!!!!!!!!FIG_RECTANGLE!304.5740!178.4580!0.3000!1.4750! 00000060!!QFP50P1200X1200X120-64N!!!!!!!!!0.0000!!!!!!
S!PIN!IC16!61!R147_5_30!TOP!TOP!!304.0740!178.4580!!!!!!!!!!!!!!!FIG_RECTANGLE!304.0740!178.4580!0.3000!1.4750! 00000061!!QFP50P1200X1200X120-64N!!!!!!!!!0.0000!!!!!!
S!PIN!IC16!62!R147_5_30!TOP!TOP!!303.5740!178.4580!!!!!!!!!!!!!!!FIG_RECTANGLE!303.5740!178.4580!0.3000!1.4750! 00000062!!QFP50P1200X1200X120-64N!!!!!!!!!0.0000!!!!!!
S!PIN!IC16!63!R147_5_30!TOP!TOP!!303.0740!178.4580!!!!!!!!!!!!!!!FIG_RECTANGLE!303.0740!178.4580!0.3000!1.4750! 00000063!!QFP50P1200X1200X120-64N!!!!!!!!!0.0000!!!!!!
S!PIN!IC16!64!R147_5_30!TOP!TOP!!302.5740!178.4580!!!!!!!!!!!!!!!FIG_RECTANGLE!302.5740!178.4580!0.3000!1.4750! 00000064!!QFP50P1200X1200X120-64N!!!!!!!!!0.0000!!!!!!
S!PIN!IC14!1!R165_65!TOP!TOP!!241.0980!175.6410!!!!!!!!!!!!!!!FIG_RECTANGLE!241.0980!175.6410!1.6500!0.6500! 00000001!!SOIC127P700X230-16N!!!!!!!!!0.0000!!!!!!
S!PIN!IC14!2!R165_65!TOP!TOP!!241.0980!174.3710!!!!!!!!!!!!!!!FIG_RECTANGLE!241.0980!174.3710!1.6500!0.6500! 00000002!!SOIC127P700X230-16N!!!!!!!!!0.0000!!!!!!
S!PIN!IC14!3!R165_65!TOP!TOP!!241.0980!173.1010!!!!!!!!!!!!!!!FIG_RECTANGLE!241.0980!173.1010!1.6500!0.6500! 00000003!!SOIC127P700X230-16N!!!!!!!!!0.0000!!!!!!
S!PIN!IC14!4!R165_65!TOP!TOP!!241.0980!171.8310!!!!!!!!!!!!!!!FIG_RECTANGLE!241.0980!171.8310!1.6500!0.6500! 00000004!!SOIC127P700X230-16N!!!!!!!!!0.0000!!!!!!
S!PIN!IC14!5!R165_65!TOP!TOP!!241.0980!170.5610!!!!!!!!!!!!!!!FIG_RECTANGLE!241.0980!170.5610!1.6500!0.6500! 00000005!!SOIC127P700X230-16N!!!!!!!!!0.0000!!!!!!
S!PIN!IC14!6!R165_65!TOP!TOP!!241.0980!169.2910!!!!!!!!!!!!!!!FIG_RECTANGLE!241.0980!169.2910!1.6500!0.6500! 00000006!!SOIC127P700X230-16N!!!!!!!!!0.0000!!!!!!
S!PIN!IC14!7!R165_65!TOP!TOP!!241.0980!168.0210!!!!!!!!!!!!!!!FIG_RECTANGLE!241.0980!168.0210!1.6500!0.6500! 00000007!!SOIC127P700X230-16N!!!!!!!!!0.0000!!!!!!
S!PIN!IC14!8!R165_65!TOP!TOP!!241.0980!166.7510!!!!!!!!!!!!!!!FIG_RECTANGLE!241.0980!166.7510!1.6500!0.6500! 00000008!!SOIC127P700X230-16N!!!!!!!!!0.0000!!!!!!
S!PIN!IC14!9!R165_65!TOP!TOP!!247.5980!166.7510!!!!!!!!!!!!!!!FIG_RECTANGLE!247.5980!166.7510!1.6500!0.6500! 00000009!!SOIC127P700X230-16N!!!!!!!!!0.0000!!!!!!
S!PIN!IC14!10!R165_65!TOP!TOP!!247.5980!168.0210!!!!!!!!!!!!!!!FIG_RECTANGLE!247.5980!168.0210!1.6500!0.6500! 00000010!!SOIC127P700X230-16N!!!!!!!!!0.0000!!!!!!
S!PIN!IC14!11!R165_65!TOP!TOP!!247.5980!169.2910!!!!!!!!!!!!!!!FIG_RECTANGLE!247.5980!169.2910!1.6500!0.6500! 00000011!!SOIC127P700X230-16N!!!!!!!!!0.0000!!!!!!
S!PIN!IC14!12!R165_65!TOP!TOP!!247.5980!170.5610!!!!!!!!!!!!!!!FIG_RECTANGLE!247.5980!170.5610!1.6500!0.6500! 00000012!!SOIC127P700X230-16N!!!!!!!!!0.0000!!!!!!
S!PIN!IC14!13!R165_65!TOP!TOP!!247.5980!171.8310!!!!!!!!!!!!!!!FIG_RECTANGLE!247.5980!171.8310!1.6500!0.6500! 00000013!!SOIC127P700X230-16N!!!!!!!!!0.0000!!!!!!
S!PIN!IC14!14!R165_65!TOP!TOP!!247.5980!173.1010!!!!!!!!!!!!!!!FIG_RECTANGLE!247.5980!173.1010!1.6500!0.6500! 00000014!!SOIC127P700X230-16N!!!!!!!!!0.0000!!!!!!
S!PIN!IC14!15!R165_65!TOP!TOP!!247.5980!174.3710!!!!!!!!!!!!!!!FIG_RECTANGLE!247.5980!174.3710!1.6500!0.6500! 00000015!!SOIC127P700X230-16N!!!!!!!!!0.0000!!!!!!
S!PIN!IC14!16!R165_65!TOP!TOP!!247.5980!175.6410!!!!!!!!!!!!!!!FIG_RECTANGLE!247.5980!175.6410!1.6500!0.6500! 00000016!!SOIC127P700X230-16N!!!!!!!!!0.0000!!!!!!
S!PIN!IC13!A1!C29!TOP!TOP!!241.8480!187.9200!!!!!!!!!!!!!!!CIRCLE!241.8480!187.9200!0.2900!0.2900!A 00000001!!BGA100C50P11X11_600X600X120!!!!!!!!!0.0000!!!!!!
S!PIN!IC13!A2!C29!TOP!TOP!!242.3480!187.9200!!!!!!!!!!!!!!!CIRCLE!242.3480!187.9200!0.2900!0.2900!A 00000002!!BGA100C50P11X11_600X600X120!!!!!!!!!0.0000!!!!!!
S!PIN!IC13!A3!C29!TOP!TOP!!242.8480!187.9200!!!!!!!!!!!!!!!CIRCLE!242.8480!187.9200!0.2900!0.2900!A 00000003!!BGA100C50P11X11_600X600X120!!!!!!!!!0.0000!!!!!!
S!PIN!IC13!A4!C29!TOP!TOP!!243.3480!187.9200!!!!!!!!!!!!!!!CIRCLE!243.3480!187.9200!0.2900!0.2900!A 00000004!!BGA100C50P11X11_600X600X120!!!!!!!!!0.0000!!!!!!
S!PIN!IC13!A5!C29!TOP!TOP!!243.8480!187.9200!!!!!!!!!!!!!!!CIRCLE!243.8480!187.9200!0.2900!0.2900!A 00000005!!BGA100C50P11X11_600X600X120!!!!!!!!!0.0000!!!!!!
S!PIN!IC13!A6!C29!TOP!TOP!!244.3480!187.9200!!!!!!!!!!!!!!!CIRCLE!244.3480!187.9200!0.2900!0.2900!A 00000006!!BGA100C50P11X11_600X600X120!!!!!!!!!0.0000!!!!!!
S!PIN!IC13!A7!C29!TOP!TOP!!244.8480!187.9200!!!!!!!!!!!!!!!CIRCLE!244.8480!187.9200!0.2900!0.2900!A 00000007!!BGA100C50P11X11_600X600X120!!!!!!!!!0.0000!!!!!!
S!PIN!IC13!A8!C29!TOP!TOP!!245.3480!187.9200!!!!!!!!!!!!!!!CIRCLE!245.3480!187.9200!0.2900!0.2900!A 00000008!!BGA100C50P11X11_600X600X120!!!!!!!!!0.0000!!!!!!
S!PIN!IC13!A9!C29!TOP!TOP!!245.8480!187.9200!!!!!!!!!!!!!!!CIRCLE!245.8480!187.9200!0.2900!0.2900!A 00000009!!BGA100C50P11X11_600X600X120!!!!!!!!!0.0000!!!!!!
S!PIN!IC13!A10!C29!TOP!TOP!!246.3480!187.9200!!!!!!!!!!!!!!!CIRCLE!246.3480!187.9200!0.2900!0.2900!A 00000010!!BGA100C50P11X11_600X600X120!!!!!!!!!0.0000!!!!!!
S!PIN!IC13!A11!C29!TOP!TOP!!246.8480!187.9200!!!!!!!!!!!!!!!CIRCLE!246.8480!187.9200!0.2900!0.2900!A 00000011!!BGA100C50P11X11_600X600X120!!!!!!!!!0.0000!!!!!!
S!PIN!IC13!B1!C29!TOP!TOP!!241.8480!187.4200!!!!!!!!!!!!!!!CIRCLE!241.8480!187.4200!0.2900!0.2900!B 00000001!!BGA100C50P11X11_600X600X120!!!!!!!!!0.0000!!!!!!
S!PIN!IC13!B2!C29!TOP!TOP!!242.3480!187.4200!!!!!!!!!!!!!!!CIRCLE!242.3480!187.4200!0.2900!0.2900!B 00000002!!BGA100C50P11X11_600X600X120!!!!!!!!!0.0000!!!!!!
S!PIN!IC13!B3!C29!TOP!TOP!!242.8480!187.4200!!!!!!!!!!!!!!!CIRCLE!242.8480!187.4200!0.2900!0.2900!B 00000003!!BGA100C50P11X11_600X600X120!!!!!!!!!0.0000!!!!!!
S!PIN!IC13!B4!C29!TOP!TOP!!243.3480!187.4200!!!!!!!!!!!!!!!CIRCLE!243.3480!187.4200!0.2900!0.2900!B 00000004!!BGA100C50P11X11_600X600X120!!!!!!!!!0.0000!!!!!!
S!PIN!IC13!B5!C29!TOP!TOP!!243.8480!187.4200!!!!!!!!!!!!!!!CIRCLE!243.8480!187.4200!0.2900!0.2900!B 00000005!!BGA100C50P11X11_600X600X120!!!!!!!!!0.0000!!!!!!
S!PIN!IC13!B6!C29!TOP!TOP!!244.3480!187.4200!!!!!!!!!!!!!!!CIRCLE!244.3480!187.4200!0.2900!0.2900!B 00000006!!BGA100C50P11X11_600X600X120!!!!!!!!!0.0000!!!!!!
S!PIN!IC13!B7!C29!TOP!TOP!!244.8480!187.4200!!!!!!!!!!!!!!!CIRCLE!244.8480!187.4200!0.2900!0.2900!B 00000007!!BGA100C50P11X11_600X600X120!!!!!!!!!0.0000!!!!!!
S!PIN!IC13!B8!C29!TOP!TOP!!245.3480!187.4200!!!!!!!!!!!!!!!CIRCLE!245.3480!187.4200!0.2900!0.2900!B 00000008!!BGA100C50P11X11_600X600X120!!!!!!!!!0.0000!!!!!!
S!PIN!IC13!B9!C29!TOP!TOP!!245.8480!187.4200!!!!!!!!!!!!!!!CIRCLE!245.8480!187.4200!0.2900!0.2900!B 00000009!!BGA100C50P11X11_600X600X120!!!!!!!!!0.0000!!!!!!
S!PIN!IC13!B10!C29!TOP!TOP!!246.3480!187.4200!!!!!!!!!!!!!!!CIRCLE!246.3480!187.4200!0.2900!0.2900!B 00000010!!BGA100C50P11X11_600X600X120!!!!!!!!!0.0000!!!!!!
S!PIN!IC13!B11!C29!TOP!TOP!!246.8480!187.4200!!!!!!!!!!!!!!!CIRCLE!246.8480!187.4200!0.2900!0.2900!B 00000011!!BGA100C50P11X11_600X600X120!!!!!!!!!0.0000!!!!!!
S!PIN!IC13!C1!C29!TOP!TOP!!241.8480!186.9200!!!!!!!!!!!!!!!CIRCLE!241.8480!186.9200!0.2900!0.2900!C 00000001!!BGA100C50P11X11_600X600X120!!!!!!!!!0.0000!!!!!!
S!PIN!IC13!C2!C29!TOP!TOP!!242.3480!186.9200!!!!!!!!!!!!!!!CIRCLE!242.3480!186.9200!0.2900!0.2900!C 00000002!!BGA100C50P11X11_600X600X120!!!!!!!!!0.0000!!!!!!
S!PIN!IC13!C4!C29!TOP!TOP!!243.3480!186.9200!!!!!!!!!!!!!!!CIRCLE!243.3480!186.9200!0.2900!0.2900!C 00000004!!BGA100C50P11X11_600X600X120!!!!!!!!!0.0000!!!!!!
S!PIN!IC13!C5!C29!TOP!TOP!!243.8480!186.9200!!!!!!!!!!!!!!!CIRCLE!243.8480!186.9200!0.2900!0.2900!C 00000005!!BGA100C50P11X11_600X600X120!!!!!!!!!0.0000!!!!!!
S!PIN!IC13!C6!C29!TOP!TOP!!244.3480!186.9200!!!!!!!!!!!!!!!CIRCLE!244.3480!186.9200!0.2900!0.2900!C 00000006!!BGA100C50P11X11_600X600X120!!!!!!!!!0.0000!!!!!!
S!PIN!IC13!C7!C29!TOP!TOP!!244.8480!186.9200!!!!!!!!!!!!!!!CIRCLE!244.8480!186.9200!0.2900!0.2900!C 00000007!!BGA100C50P11X11_600X600X120!!!!!!!!!0.0000!!!!!!
S!PIN!IC13!C8!C29!TOP!TOP!!245.3480!186.9200!!!!!!!!!!!!!!!CIRCLE!245.3480!186.9200!0.2900!0.2900!C 00000008!!BGA100C50P11X11_600X600X120!!!!!!!!!0.0000!!!!!!
S!PIN!IC13!C10!C29!TOP!TOP!!246.3480!186.9200!!!!!!!!!!!!!!!CIRCLE!246.3480!186.9200!0.2900!0.2900!C 00000010!!BGA100C50P11X11_600X600X120!!!!!!!!!0.0000!!!!!!
S!PIN!IC13!C11!C29!TOP!TOP!!246.8480!186.9200!!!!!!!!!!!!!!!CIRCLE!246.8480!186.9200!0.2900!0.2900!C 00000011!!BGA100C50P11X11_600X600X120!!!!!!!!!0.0000!!!!!!
S!PIN!IC13!D1!C29!TOP!TOP!!241.8480!186.4200!!!!!!!!!!!!!!!CIRCLE!241.8480!186.4200!0.2900!0.2900!D 00000001!!BGA100C50P11X11_600X600X120!!!!!!!!!0.0000!!!!!!
S!PIN!IC13!D2!C29!TOP!TOP!!242.3480!186.4200!!!!!!!!!!!!!!!CIRCLE!242.3480!186.4200!0.2900!0.2900!D 00000002!!BGA100C50P11X11_600X600X120!!!!!!!!!0.0000!!!!!!
S!PIN!IC13!D3!C29!TOP!TOP!!242.8480!186.4200!!!!!!!!!!!!!!!CIRCLE!242.8480!186.4200!0.2900!0.2900!D 00000003!!BGA100C50P11X11_600X600X120!!!!!!!!!0.0000!!!!!!
S!PIN!IC13!D5!C29!TOP!TOP!!243.8480!186.4200!!!!!!!!!!!!!!!CIRCLE!243.8480!186.4200!0.2900!0.2900!D 00000005!!BGA100C50P11X11_600X600X120!!!!!!!!!0.0000!!!!!!
S!PIN!IC13!D7!C29!TOP!TOP!!244.8480!186.4200!!!!!!!!!!!!!!!CIRCLE!244.8480!186.4200!0.2900!0.2900!D 00000007!!BGA100C50P11X11_600X600X120!!!!!!!!!0.0000!!!!!!
S!PIN!IC13!D9!C29!TOP!TOP!!245.8480!186.4200!!!!!!!!!!!!!!!CIRCLE!245.8480!186.4200!0.2900!0.2900!D 00000009!!BGA100C50P11X11_600X600X120!!!!!!!!!0.0000!!!!!!
S!PIN!IC13!D10!C29!TOP!TOP!!246.3480!186.4200!!!!!!!!!!!!!!!CIRCLE!246.3480!186.4200!0.2900!0.2900!D 00000010!!BGA100C50P11X11_600X600X120!!!!!!!!!0.0000!!!!!!
S!PIN!IC13!D11!C29!TOP!TOP!!246.8480!186.4200!!!!!!!!!!!!!!!CIRCLE!246.8480!186.4200!0.2900!0.2900!D 00000011!!BGA100C50P11X11_600X600X120!!!!!!!!!0.0000!!!!!!
S!PIN!IC13!E1!C29!TOP!TOP!!241.8480!185.9200!!!!!!!!!!!!!!!CIRCLE!241.8480!185.9200!0.2900!0.2900!E 00000001!!BGA100C50P11X11_600X600X120!!!!!!!!!0.0000!!!!!!
S!PIN!IC13!E2!C29!TOP!TOP!!242.3480!185.9200!!!!!!!!!!!!!!!CIRCLE!242.3480!185.9200!0.2900!0.2900!E 00000002!!BGA100C50P11X11_600X600X120!!!!!!!!!0.0000!!!!!!
S!PIN!IC13!E3!C29!TOP!TOP!!242.8480!185.9200!!!!!!!!!!!!!!!CIRCLE!242.8480!185.9200!0.2900!0.2900!E 00000003!!BGA100C50P11X11_600X600X120!!!!!!!!!0.0000!!!!!!
S!PIN!IC13!E4!C29!TOP!TOP!!243.3480!185.9200!!!!!!!!!!!!!!!CIRCLE!243.3480!185.9200!0.2900!0.2900!E 00000004!!BGA100C50P11X11_600X600X120!!!!!!!!!0.0000!!!!!!
S!PIN!IC13!E8!C29!TOP!TOP!!245.3480!185.9200!!!!!!!!!!!!!!!CIRCLE!245.3480!185.9200!0.2900!0.2900!E 00000008!!BGA100C50P11X11_600X600X120!!!!!!!!!0.0000!!!!!!
S!PIN!IC13!E9!C29!TOP!TOP!!245.8480!185.9200!!!!!!!!!!!!!!!CIRCLE!245.8480!185.9200!0.2900!0.2900!E 00000009!!BGA100C50P11X11_600X600X120!!!!!!!!!0.0000!!!!!!
S!PIN!IC13!E10!C29!TOP!TOP!!246.3480!185.9200!!!!!!!!!!!!!!!CIRCLE!246.3480!185.9200!0.2900!0.2900!E 00000010!!BGA100C50P11X11_600X600X120!!!!!!!!!0.0000!!!!!!
S!PIN!IC13!E11!C29!TOP!TOP!!246.8480!185.9200!!!!!!!!!!!!!!!CIRCLE!246.8480!185.9200!0.2900!0.2900!E 00000011!!BGA100C50P11X11_600X600X120!!!!!!!!!0.0000!!!!!!
S!PIN!IC13!F1!C29!TOP!TOP!!241.8480!185.4200!!!!!!!!!!!!!!!CIRCLE!241.8480!185.4200!0.2900!0.2900!F 00000001!!BGA100C50P11X11_600X600X120!!!!!!!!!0.0000!!!!!!
S!PIN!IC13!F2!C29!TOP!TOP!!242.3480!185.4200!!!!!!!!!!!!!!!CIRCLE!242.3480!185.4200!0.2900!0.2900!F 00000002!!BGA100C50P11X11_600X600X120!!!!!!!!!0.0000!!!!!!
S!PIN!IC13!F3!C29!TOP!TOP!!242.8480!185.4200!!!!!!!!!!!!!!!CIRCLE!242.8480!185.4200!0.2900!0.2900!F 00000003!!BGA100C50P11X11_600X600X120!!!!!!!!!0.0000!!!!!!
S!PIN!IC13!F9!C29!TOP!TOP!!245.8480!185.4200!!!!!!!!!!!!!!!CIRCLE!245.8480!185.4200!0.2900!0.2900!F 00000009!!BGA100C50P11X11_600X600X120!!!!!!!!!0.0000!!!!!!
S!PIN!IC13!F10!C29!TOP!TOP!!246.3480!185.4200!!!!!!!!!!!!!!!CIRCLE!246.3480!185.4200!0.2900!0.2900!F 00000010!!BGA100C50P11X11_600X600X120!!!!!!!!!0.0000!!!!!!
S!PIN!IC13!F11!C29!TOP!TOP!!246.8480!185.4200!!!!!!!!!!!!!!!CIRCLE!246.8480!185.4200!0.2900!0.2900!F 00000011!!BGA100C50P11X11_600X600X120!!!!!!!!!0.0000!!!!!!
S!PIN!IC13!G1!C29!TOP!TOP!!241.8480!184.9200!!!!!!!!!!!!!!!CIRCLE!241.8480!184.9200!0.2900!0.2900!G 00000001!!BGA100C50P11X11_600X600X120!!!!!!!!!0.0000!!!!!!
S!PIN!IC13!G2!C29!TOP!TOP!!242.3480!184.9200!!!!!!!!!!!!!!!CIRCLE!242.3480!184.9200!0.2900!0.2900!G 00000002!!BGA100C50P11X11_600X600X120!!!!!!!!!0.0000!!!!!!
S!PIN!IC13!G3!C29!TOP!TOP!!242.8480!184.9200!!!!!!!!!!!!!!!CIRCLE!242.8480!184.9200!0.2900!0.2900!G 00000003!!BGA100C50P11X11_600X600X120!!!!!!!!!0.0000!!!!!!
S!PIN!IC13!G4!C29!TOP!TOP!!243.3480!184.9200!!!!!!!!!!!!!!!CIRCLE!243.3480!184.9200!0.2900!0.2900!G 00000004!!BGA100C50P11X11_600X600X120!!!!!!!!!0.0000!!!!!!
S!PIN!IC13!G8!C29!TOP!TOP!!245.3480!184.9200!!!!!!!!!!!!!!!CIRCLE!245.3480!184.9200!0.2900!0.2900!G 00000008!!BGA100C50P11X11_600X600X120!!!!!!!!!0.0000!!!!!!
S!PIN!IC13!G9!C29!TOP!TOP!!245.8480!184.9200!!!!!!!!!!!!!!!CIRCLE!245.8480!184.9200!0.2900!0.2900!G 00000009!!BGA100C50P11X11_600X600X120!!!!!!!!!0.0000!!!!!!
S!PIN!IC13!G10!C29!TOP!TOP!!246.3480!184.9200!!!!!!!!!!!!!!!CIRCLE!246.3480!184.9200!0.2900!0.2900!G 00000010!!BGA100C50P11X11_600X600X120!!!!!!!!!0.0000!!!!!!
S!PIN!IC13!G11!C29!TOP!TOP!!246.8480!184.9200!!!!!!!!!!!!!!!CIRCLE!246.8480!184.9200!0.2900!0.2900!G 00000011!!BGA100C50P11X11_600X600X120!!!!!!!!!0.0000!!!!!!
S!PIN!IC13!H1!C29!TOP!TOP!!241.8480!184.4200!!!!!!!!!!!!!!!CIRCLE!241.8480!184.4200!0.2900!0.2900!H 00000001!!BGA100C50P11X11_600X600X120!!!!!!!!!0.0000!!!!!!
S!PIN!IC13!H2!C29!TOP!TOP!!242.3480!184.4200!!!!!!!!!!!!!!!CIRCLE!242.3480!184.4200!0.2900!0.2900!H 00000002!!BGA100C50P11X11_600X600X120!!!!!!!!!0.0000!!!!!!
S!PIN!IC13!H3!C29!TOP!TOP!!242.8480!184.4200!!!!!!!!!!!!!!!CIRCLE!242.8480!184.4200!0.2900!0.2900!H 00000003!!BGA100C50P11X11_600X600X120!!!!!!!!!0.0000!!!!!!
S!PIN!IC13!H5!C29!TOP!TOP!!243.8480!184.4200!!!!!!!!!!!!!!!CIRCLE!243.8480!184.4200!0.2900!0.2900!H 00000005!!BGA100C50P11X11_600X600X120!!!!!!!!!0.0000!!!!!!
S!PIN!IC13!H7!C29!TOP!TOP!!244.8480!184.4200!!!!!!!!!!!!!!!CIRCLE!244.8480!184.4200!0.2900!0.2900!H 00000007!!BGA100C50P11X11_600X600X120!!!!!!!!!0.0000!!!!!!
S!PIN!IC13!H9!C29!TOP!TOP!!245.8480!184.4200!!!!!!!!!!!!!!!CIRCLE!245.8480!184.4200!0.2900!0.2900!H 00000009!!BGA100C50P11X11_600X600X120!!!!!!!!!0.0000!!!!!!
S!PIN!IC13!H10!C29!TOP!TOP!!246.3480!184.4200!!!!!!!!!!!!!!!CIRCLE!246.3480!184.4200!0.2900!0.2900!H 00000010!!BGA100C50P11X11_600X600X120!!!!!!!!!0.0000!!!!!!
S!PIN!IC13!H11!C29!TOP!TOP!!246.8480!184.4200!!!!!!!!!!!!!!!CIRCLE!246.8480!184.4200!0.2900!0.2900!H 00000011!!BGA100C50P11X11_600X600X120!!!!!!!!!0.0000!!!!!!
S!PIN!IC13!J1!C29!TOP!TOP!!241.8480!183.9200!!!!!!!!!!!!!!!CIRCLE!241.8480!183.9200!0.2900!0.2900!J 00000001!!BGA100C50P11X11_600X600X120!!!!!!!!!0.0000!!!!!!
S!PIN!IC13!J2!C29!TOP!TOP!!242.3480!183.9200!!!!!!!!!!!!!!!CIRCLE!242.3480!183.9200!0.2900!0.2900!J 00000002!!BGA100C50P11X11_600X600X120!!!!!!!!!0.0000!!!!!!
S!PIN!IC13!J4!C29!TOP!TOP!!243.3480!183.9200!!!!!!!!!!!!!!!CIRCLE!243.3480!183.9200!0.2900!0.2900!J 00000004!!BGA100C50P11X11_600X600X120!!!!!!!!!0.0000!!!!!!
S!PIN!IC13!J5!C29!TOP!TOP!!243.8480!183.9200!!!!!!!!!!!!!!!CIRCLE!243.8480!183.9200!0.2900!0.2900!J 00000005!!BGA100C50P11X11_600X600X120!!!!!!!!!0.0000!!!!!!
S!PIN!IC13!J6!C29!TOP!TOP!!244.3480!183.9200!!!!!!!!!!!!!!!CIRCLE!244.3480!183.9200!0.2900!0.2900!J 00000006!!BGA100C50P11X11_600X600X120!!!!!!!!!0.0000!!!!!!
S!PIN!IC13!J7!C29!TOP!TOP!!244.8480!183.9200!!!!!!!!!!!!!!!CIRCLE!244.8480!183.9200!0.2900!0.2900!J 00000007!!BGA100C50P11X11_600X600X120!!!!!!!!!0.0000!!!!!!
S!PIN!IC13!J8!C29!TOP!TOP!!245.3480!183.9200!!!!!!!!!!!!!!!CIRCLE!245.3480!183.9200!0.2900!0.2900!J 00000008!!BGA100C50P11X11_600X600X120!!!!!!!!!0.0000!!!!!!
S!PIN!IC13!J10!C29!TOP!TOP!!246.3480!183.9200!!!!!!!!!!!!!!!CIRCLE!246.3480!183.9200!0.2900!0.2900!J 00000010!!BGA100C50P11X11_600X600X120!!!!!!!!!0.0000!!!!!!
S!PIN!IC13!J11!C29!TOP!TOP!!246.8480!183.9200!!!!!!!!!!!!!!!CIRCLE!246.8480!183.9200!0.2900!0.2900!J 00000011!!BGA100C50P11X11_600X600X120!!!!!!!!!0.0000!!!!!!
S!PIN!IC13!K1!C29!TOP!TOP!!241.8480!183.4200!!!!!!!!!!!!!!!CIRCLE!241.8480!183.4200!0.2900!0.2900!K 00000001!!BGA100C50P11X11_600X600X120!!!!!!!!!0.0000!!!!!!
S!PIN!IC13!K2!C29!TOP!TOP!!242.3480!183.4200!!!!!!!!!!!!!!!CIRCLE!242.3480!183.4200!0.2900!0.2900!K 00000002!!BGA100C50P11X11_600X600X120!!!!!!!!!0.0000!!!!!!
S!PIN!IC13!K3!C29!TOP!TOP!!242.8480!183.4200!!!!!!!!!!!!!!!CIRCLE!242.8480!183.4200!0.2900!0.2900!K 00000003!!BGA100C50P11X11_600X600X120!!!!!!!!!0.0000!!!!!!
S!PIN!IC13!K4!C29!TOP!TOP!!243.3480!183.4200!!!!!!!!!!!!!!!CIRCLE!243.3480!183.4200!0.2900!0.2900!K 00000004!!BGA100C50P11X11_600X600X120!!!!!!!!!0.0000!!!!!!
S!PIN!IC13!K5!C29!TOP!TOP!!243.8480!183.4200!!!!!!!!!!!!!!!CIRCLE!243.8480!183.4200!0.2900!0.2900!K 00000005!!BGA100C50P11X11_600X600X120!!!!!!!!!0.0000!!!!!!
S!PIN!IC13!K6!C29!TOP!TOP!!244.3480!183.4200!!!!!!!!!!!!!!!CIRCLE!244.3480!183.4200!0.2900!0.2900!K 00000006!!BGA100C50P11X11_600X600X120!!!!!!!!!0.0000!!!!!!
S!PIN!IC13!K7!C29!TOP!TOP!!244.8480!183.4200!!!!!!!!!!!!!!!CIRCLE!244.8480!183.4200!0.2900!0.2900!K 00000007!!BGA100C50P11X11_600X600X120!!!!!!!!!0.0000!!!!!!
S!PIN!IC13!K8!C29!TOP!TOP!!245.3480!183.4200!!!!!!!!!!!!!!!CIRCLE!245.3480!183.4200!0.2900!0.2900!K 00000008!!BGA100C50P11X11_600X600X120!!!!!!!!!0.0000!!!!!!
S!PIN!IC13!K9!C29!TOP!TOP!!245.8480!183.4200!!!!!!!!!!!!!!!CIRCLE!245.8480!183.4200!0.2900!0.2900!K 00000009!!BGA100C50P11X11_600X600X120!!!!!!!!!0.0000!!!!!!
S!PIN!IC13!K10!C29!TOP!TOP!!246.3480!183.4200!!!!!!!!!!!!!!!CIRCLE!246.3480!183.4200!0.2900!0.2900!K 00000010!!BGA100C50P11X11_600X600X120!!!!!!!!!0.0000!!!!!!
S!PIN!IC13!K11!C29!TOP!TOP!!246.8480!183.4200!!!!!!!!!!!!!!!CIRCLE!246.8480!183.4200!0.2900!0.2900!K 00000011!!BGA100C50P11X11_600X600X120!!!!!!!!!0.0000!!!!!!
S!PIN!IC13!L1!C29!TOP!TOP!!241.8480!182.9200!!!!!!!!!!!!!!!CIRCLE!241.8480!182.9200!0.2900!0.2900!L 00000001!!BGA100C50P11X11_600X600X120!!!!!!!!!0.0000!!!!!!
S!PIN!IC13!L2!C29!TOP!TOP!!242.3480!182.9200!!!!!!!!!!!!!!!CIRCLE!242.3480!182.9200!0.2900!0.2900!L 00000002!!BGA100C50P11X11_600X600X120!!!!!!!!!0.0000!!!!!!
S!PIN!IC13!L3!C29!TOP!TOP!!242.8480!182.9200!!!!!!!!!!!!!!!CIRCLE!242.8480!182.9200!0.2900!0.2900!L 00000003!!BGA100C50P11X11_600X600X120!!!!!!!!!0.0000!!!!!!
S!PIN!IC13!L4!C29!TOP!TOP!!243.3480!182.9200!!!!!!!!!!!!!!!CIRCLE!243.3480!182.9200!0.2900!0.2900!L 00000004!!BGA100C50P11X11_600X600X120!!!!!!!!!0.0000!!!!!!
S!PIN!IC13!L5!C29!TOP!TOP!!243.8480!182.9200!!!!!!!!!!!!!!!CIRCLE!243.8480!182.9200!0.2900!0.2900!L 00000005!!BGA100C50P11X11_600X600X120!!!!!!!!!0.0000!!!!!!
S!PIN!IC13!L6!C29!TOP!TOP!!244.3480!182.9200!!!!!!!!!!!!!!!CIRCLE!244.3480!182.9200!0.2900!0.2900!L 00000006!!BGA100C50P11X11_600X600X120!!!!!!!!!0.0000!!!!!!
S!PIN!IC13!L7!C29!TOP!TOP!!244.8480!182.9200!!!!!!!!!!!!!!!CIRCLE!244.8480!182.9200!0.2900!0.2900!L 00000007!!BGA100C50P11X11_600X600X120!!!!!!!!!0.0000!!!!!!
S!PIN!IC13!L8!C29!TOP!TOP!!245.3480!182.9200!!!!!!!!!!!!!!!CIRCLE!245.3480!182.9200!0.2900!0.2900!L 00000008!!BGA100C50P11X11_600X600X120!!!!!!!!!0.0000!!!!!!
S!PIN!IC13!L9!C29!TOP!TOP!!245.8480!182.9200!!!!!!!!!!!!!!!CIRCLE!245.8480!182.9200!0.2900!0.2900!L 00000009!!BGA100C50P11X11_600X600X120!!!!!!!!!0.0000!!!!!!
S!PIN!IC13!L10!C29!TOP!TOP!!246.3480!182.9200!!!!!!!!!!!!!!!CIRCLE!246.3480!182.9200!0.2900!0.2900!L 00000010!!BGA100C50P11X11_600X600X120!!!!!!!!!0.0000!!!!!!
S!PIN!IC13!L11!C29!TOP!TOP!!246.8480!182.9200!!!!!!!!!!!!!!!CIRCLE!246.8480!182.9200!0.2900!0.2900!L 00000011!!BGA100C50P11X11_600X600X120!!!!!!!!!0.0000!!!!!!
S!PIN!IC15!1!R145_60!TOP!TOP!!274.1590!173.9960!!!!!!!!!!!!!!!FIG_RECTANGLE!274.1590!173.9960!1.4500!0.6000! 00000001!!QFP80P900X900X120-32N!!!!!!!!!0.0000!!!!!!
S!PIN!IC15!2!R145_60!TOP!TOP!!274.1590!173.1960!!!!!!!!!!!!!!!FIG_RECTANGLE!274.1590!173.1960!1.4500!0.6000! 00000002!!QFP80P900X900X120-32N!!!!!!!!!0.0000!!!!!!
S!PIN!IC15!3!R145_60!TOP!TOP!!274.1590!172.3960!!!!!!!!!!!!!!!FIG_RECTANGLE!274.1590!172.3960!1.4500!0.6000! 00000003!!QFP80P900X900X120-32N!!!!!!!!!0.0000!!!!!!
S!PIN!IC15!4!R145_60!TOP!TOP!!274.1590!171.5960!!!!!!!!!!!!!!!FIG_RECTANGLE!274.1590!171.5960!1.4500!0.6000! 00000004!!QFP80P900X900X120-32N!!!!!!!!!0.0000!!!!!!
S!PIN!IC15!5!R145_60!TOP!TOP!!274.1590!170.7960!!!!!!!!!!!!!!!FIG_RECTANGLE!274.1590!170.7960!1.4500!0.6000! 00000005!!QFP80P900X900X120-32N!!!!!!!!!0.0000!!!!!!
S!PIN!IC15!6!R145_60!TOP!TOP!!274.1590!169.9960!!!!!!!!!!!!!!!FIG_RECTANGLE!274.1590!169.9960!1.4500!0.6000! 00000006!!QFP80P900X900X120-32N!!!!!!!!!0.0000!!!!!!
S!PIN!IC15!7!R145_60!TOP!TOP!!274.1590!169.1960!!!!!!!!!!!!!!!FIG_RECTANGLE!274.1590!169.1960!1.4500!0.6000! 00000007!!QFP80P900X900X120-32N!!!!!!!!!0.0000!!!!!!
S!PIN!IC15!8!R145_60!TOP!TOP!!274.1590!168.3960!!!!!!!!!!!!!!!FIG_RECTANGLE!274.1590!168.3960!1.4500!0.6000! 00000008!!QFP80P900X900X120-32N!!!!!!!!!0.0000!!!!!!
S!PIN!IC15!9!R145_60!TOP!TOP!!275.5840!166.9710!!!!!!!!!!!!!!!FIG_RECTANGLE!275.5840!166.9710!0.6000!1.4500! 00000009!!QFP80P900X900X120-32N!!!!!!!!!0.0000!!!!!!
S!PIN!IC15!10!R145_60!TOP!TOP!!276.3840!166.9710!!!!!!!!!!!!!!!FIG_RECTANGLE!276.3840!166.9710!0.6000!1.4500! 00000010!!QFP80P900X900X120-32N!!!!!!!!!0.0000!!!!!!
S!PIN!IC15!11!R145_60!TOP!TOP!!277.1840!166.9710!!!!!!!!!!!!!!!FIG_RECTANGLE!277.1840!166.9710!0.6000!1.4500! 00000011!!QFP80P900X900X120-32N!!!!!!!!!0.0000!!!!!!
S!PIN!IC15!12!R145_60!TOP!TOP!!277.9840!166.9710!!!!!!!!!!!!!!!FIG_RECTANGLE!277.9840!166.9710!0.6000!1.4500! 00000012!!QFP80P900X900X120-32N!!!!!!!!!0.0000!!!!!!
S!PIN!IC15!13!R145_60!TOP!TOP!!278.7840!166.9710!!!!!!!!!!!!!!!FIG_RECTANGLE!278.7840!166.9710!0.6000!1.4500! 00000013!!QFP80P900X900X120-32N!!!!!!!!!0.0000!!!!!!
S!PIN!IC15!14!R145_60!TOP!TOP!!279.5840!166.9710!!!!!!!!!!!!!!!FIG_RECTANGLE!279.5840!166.9710!0.6000!1.4500! 00000014!!QFP80P900X900X120-32N!!!!!!!!!0.0000!!!!!!
S!PIN!IC15!15!R145_60!TOP!TOP!!280.3840!166.9710!!!!!!!!!!!!!!!FIG_RECTANGLE!280.3840!166.9710!0.6000!1.4500! 00000015!!QFP80P900X900X120-32N!!!!!!!!!0.0000!!!!!!
S!PIN!IC15!16!R145_60!TOP!TOP!!281.1840!166.9710!!!!!!!!!!!!!!!FIG_RECTANGLE!281.1840!166.9710!0.6000!1.4500! 00000016!!QFP80P900X900X120-32N!!!!!!!!!0.0000!!!!!!
S!PIN!IC15!17!R145_60!TOP!TOP!!282.6090!168.3960!!!!!!!!!!!!!!!FIG_RECTANGLE!282.6090!168.3960!1.4500!0.6000! 00000017!!QFP80P900X900X120-32N!!!!!!!!!0.0000!!!!!!
S!PIN!IC15!18!R145_60!TOP!TOP!!282.6090!169.1960!!!!!!!!!!!!!!!FIG_RECTANGLE!282.6090!169.1960!1.4500!0.6000! 00000018!!QFP80P900X900X120-32N!!!!!!!!!0.0000!!!!!!
S!PIN!IC15!19!R145_60!TOP!TOP!!282.6090!169.9960!!!!!!!!!!!!!!!FIG_RECTANGLE!282.6090!169.9960!1.4500!0.6000! 00000019!!QFP80P900X900X120-32N!!!!!!!!!0.0000!!!!!!
S!PIN!IC15!20!R145_60!TOP!TOP!!282.6090!170.7960!!!!!!!!!!!!!!!FIG_RECTANGLE!282.6090!170.7960!1.4500!0.6000! 00000020!!QFP80P900X900X120-32N!!!!!!!!!0.0000!!!!!!
S!PIN!IC15!21!R145_60!TOP!TOP!!282.6090!171.5960!!!!!!!!!!!!!!!FIG_RECTANGLE!282.6090!171.5960!1.4500!0.6000! 00000021!!QFP80P900X900X120-32N!!!!!!!!!0.0000!!!!!!
S!PIN!IC15!22!R145_60!TOP!TOP!!282.6090!172.3960!!!!!!!!!!!!!!!FIG_RECTANGLE!282.6090!172.3960!1.4500!0.6000! 00000022!!QFP80P900X900X120-32N!!!!!!!!!0.0000!!!!!!
S!PIN!IC15!23!R145_60!TOP!TOP!!282.6090!173.1960!!!!!!!!!!!!!!!FIG_RECTANGLE!282.6090!173.1960!1.4500!0.6000! 00000023!!QFP80P900X900X120-32N!!!!!!!!!0.0000!!!!!!
S!PIN!IC15!24!R145_60!TOP!TOP!!282.6090!173.9960!!!!!!!!!!!!!!!FIG_RECTANGLE!282.6090!173.9960!1.4500!0.6000! 00000024!!QFP80P900X900X120-32N!!!!!!!!!0.0000!!!!!!
S!PIN!IC15!25!R145_60!TOP!TOP!!281.1840!175.4210!!!!!!!!!!!!!!!FIG_RECTANGLE!281.1840!175.4210!0.6000!1.4500! 00000025!!QFP80P900X900X120-32N!!!!!!!!!0.0000!!!!!!
S!PIN!IC15!26!R145_60!TOP!TOP!!280.3840!175.4210!!!!!!!!!!!!!!!FIG_RECTANGLE!280.3840!175.4210!0.6000!1.4500! 00000026!!QFP80P900X900X120-32N!!!!!!!!!0.0000!!!!!!
S!PIN!IC15!27!R145_60!TOP!TOP!!279.5840!175.4210!!!!!!!!!!!!!!!FIG_RECTANGLE!279.5840!175.4210!0.6000!1.4500! 00000027!!QFP80P900X900X120-32N!!!!!!!!!0.0000!!!!!!
S!PIN!IC15!28!R145_60!TOP!TOP!!278.7840!175.4210!!!!!!!!!!!!!!!FIG_RECTANGLE!278.7840!175.4210!0.6000!1.4500! 00000028!!QFP80P900X900X120-32N!!!!!!!!!0.0000!!!!!!
S!PIN!IC15!29!R145_60!TOP!TOP!!277.9840!175.4210!!!!!!!!!!!!!!!FIG_RECTANGLE!277.9840!175.4210!0.6000!1.4500! 00000029!!QFP80P900X900X120-32N!!!!!!!!!0.0000!!!!!!
S!PIN!IC15!30!R145_60!TOP!TOP!!277.1840!175.4210!!!!!!!!!!!!!!!FIG_RECTANGLE!277.1840!175.4210!0.6000!1.4500! 00000030!!QFP80P900X900X120-32N!!!!!!!!!0.0000!!!!!!
S!PIN!IC15!31!R145_60!TOP!TOP!!276.3840!175.4210!!!!!!!!!!!!!!!FIG_RECTANGLE!276.3840!175.4210!0.6000!1.4500! 00000031!!QFP80P900X900X120-32N!!!!!!!!!0.0000!!!!!!
S!PIN!IC15!32!R145_60!TOP!TOP!!275.5840!175.4210!!!!!!!!!!!!!!!FIG_RECTANGLE!275.5840!175.4210!0.6000!1.4500! 00000032!!QFP80P900X900X120-32N!!!!!!!!!0.0000!!!!!!
S!PIN!IC12!1!R145_60!TOP!TOP!!262.4750!173.9960!!!!!!!!!!!!!!!FIG_RECTANGLE!262.4750!173.9960!1.4500!0.6000! 00000001!!QFP80P900X900X120-32N!!!!!!!!!0.0000!!!!!!
S!PIN!IC12!2!R145_60!TOP!TOP!!262.4750!173.1960!!!!!!!!!!!!!!!FIG_RECTANGLE!262.4750!173.1960!1.4500!0.6000! 00000002!!QFP80P900X900X120-32N!!!!!!!!!0.0000!!!!!!
S!PIN!IC12!3!R145_60!TOP!TOP!!262.4750!172.3960!!!!!!!!!!!!!!!FIG_RECTANGLE!262.4750!172.3960!1.4500!0.6000! 00000003!!QFP80P900X900X120-32N!!!!!!!!!0.0000!!!!!!
S!PIN!IC12!4!R145_60!TOP!TOP!!262.4750!171.5960!!!!!!!!!!!!!!!FIG_RECTANGLE!262.4750!171.5960!1.4500!0.6000! 00000004!!QFP80P900X900X120-32N!!!!!!!!!0.0000!!!!!!
S!PIN!IC12!5!R145_60!TOP!TOP!!262.4750!170.7960!!!!!!!!!!!!!!!FIG_RECTANGLE!262.4750!170.7960!1.4500!0.6000! 00000005!!QFP80P900X900X120-32N!!!!!!!!!0.0000!!!!!!
S!PIN!IC12!6!R145_60!TOP!TOP!!262.4750!169.9960!!!!!!!!!!!!!!!FIG_RECTANGLE!262.4750!169.9960!1.4500!0.6000! 00000006!!QFP80P900X900X120-32N!!!!!!!!!0.0000!!!!!!
S!PIN!IC12!7!R145_60!TOP!TOP!!262.4750!169.1960!!!!!!!!!!!!!!!FIG_RECTANGLE!262.4750!169.1960!1.4500!0.6000! 00000007!!QFP80P900X900X120-32N!!!!!!!!!0.0000!!!!!!
S!PIN!IC12!8!R145_60!TOP!TOP!!262.4750!168.3960!!!!!!!!!!!!!!!FIG_RECTANGLE!262.4750!168.3960!1.4500!0.6000! 00000008!!QFP80P900X900X120-32N!!!!!!!!!0.0000!!!!!!
S!PIN!IC12!9!R145_60!TOP!TOP!!263.9000!166.9710!!!!!!!!!!!!!!!FIG_RECTANGLE!263.9000!166.9710!0.6000!1.4500! 00000009!!QFP80P900X900X120-32N!!!!!!!!!0.0000!!!!!!
S!PIN!IC12!10!R145_60!TOP!TOP!!264.7000!166.9710!!!!!!!!!!!!!!!FIG_RECTANGLE!264.7000!166.9710!0.6000!1.4500! 00000010!!QFP80P900X900X120-32N!!!!!!!!!0.0000!!!!!!
S!PIN!IC12!11!R145_60!TOP!TOP!!265.5000!166.9710!!!!!!!!!!!!!!!FIG_RECTANGLE!265.5000!166.9710!0.6000!1.4500! 00000011!!QFP80P900X900X120-32N!!!!!!!!!0.0000!!!!!!
S!PIN!IC12!12!R145_60!TOP!TOP!!266.3000!166.9710!!!!!!!!!!!!!!!FIG_RECTANGLE!266.3000!166.9710!0.6000!1.4500! 00000012!!QFP80P900X900X120-32N!!!!!!!!!0.0000!!!!!!
S!PIN!IC12!13!R145_60!TOP!TOP!!267.1000!166.9710!!!!!!!!!!!!!!!FIG_RECTANGLE!267.1000!166.9710!0.6000!1.4500! 00000013!!QFP80P900X900X120-32N!!!!!!!!!0.0000!!!!!!
S!PIN!IC12!14!R145_60!TOP!TOP!!267.9000!166.9710!!!!!!!!!!!!!!!FIG_RECTANGLE!267.9000!166.9710!0.6000!1.4500! 00000014!!QFP80P900X900X120-32N!!!!!!!!!0.0000!!!!!!
S!PIN!IC12!15!R145_60!TOP!TOP!!268.7000!166.9710!!!!!!!!!!!!!!!FIG_RECTANGLE!268.7000!166.9710!0.6000!1.4500! 00000015!!QFP80P900X900X120-32N!!!!!!!!!0.0000!!!!!!
S!PIN!IC12!16!R145_60!TOP!TOP!!269.5000!166.9710!!!!!!!!!!!!!!!FIG_RECTANGLE!269.5000!166.9710!0.6000!1.4500! 00000016!!QFP80P900X900X120-32N!!!!!!!!!0.0000!!!!!!
S!PIN!IC12!17!R145_60!TOP!TOP!!270.9250!168.3960!!!!!!!!!!!!!!!FIG_RECTANGLE!270.9250!168.3960!1.4500!0.6000! 00000017!!QFP80P900X900X120-32N!!!!!!!!!0.0000!!!!!!
S!PIN!IC12!18!R145_60!TOP!TOP!!270.9250!169.1960!!!!!!!!!!!!!!!FIG_RECTANGLE!270.9250!169.1960!1.4500!0.6000! 00000018!!QFP80P900X900X120-32N!!!!!!!!!0.0000!!!!!!
S!PIN!IC12!19!R145_60!TOP!TOP!!270.9250!169.9960!!!!!!!!!!!!!!!FIG_RECTANGLE!270.9250!169.9960!1.4500!0.6000! 00000019!!QFP80P900X900X120-32N!!!!!!!!!0.0000!!!!!!
S!PIN!IC12!20!R145_60!TOP!TOP!!270.9250!170.7960!!!!!!!!!!!!!!!FIG_RECTANGLE!270.9250!170.7960!1.4500!0.6000! 00000020!!QFP80P900X900X120-32N!!!!!!!!!0.0000!!!!!!
S!PIN!IC12!21!R145_60!TOP!TOP!!270.9250!171.5960!!!!!!!!!!!!!!!FIG_RECTANGLE!270.9250!171.5960!1.4500!0.6000! 00000021!!QFP80P900X900X120-32N!!!!!!!!!0.0000!!!!!!
S!PIN!IC12!22!R145_60!TOP!TOP!!270.9250!172.3960!!!!!!!!!!!!!!!FIG_RECTANGLE!270.9250!172.3960!1.4500!0.6000! 00000022!!QFP80P900X900X120-32N!!!!!!!!!0.0000!!!!!!
S!PIN!IC12!23!R145_60!TOP!TOP!!270.9250!173.1960!!!!!!!!!!!!!!!FIG_RECTANGLE!270.9250!173.1960!1.4500!0.6000! 00000023!!QFP80P900X900X120-32N!!!!!!!!!0.0000!!!!!!
S!PIN!IC12!24!R145_60!TOP!TOP!!270.9250!173.9960!!!!!!!!!!!!!!!FIG_RECTANGLE!270.9250!173.9960!1.4500!0.6000! 00000024!!QFP80P900X900X120-32N!!!!!!!!!0.0000!!!!!!
S!PIN!IC12!25!R145_60!TOP!TOP!!269.5000!175.4210!!!!!!!!!!!!!!!FIG_RECTANGLE!269.5000!175.4210!0.6000!1.4500! 00000025!!QFP80P900X900X120-32N!!!!!!!!!0.0000!!!!!!
S!PIN!IC12!26!R145_60!TOP!TOP!!268.7000!175.4210!!!!!!!!!!!!!!!FIG_RECTANGLE!268.7000!175.4210!0.6000!1.4500! 00000026!!QFP80P900X900X120-32N!!!!!!!!!0.0000!!!!!!
S!PIN!IC12!27!R145_60!TOP!TOP!!267.9000!175.4210!!!!!!!!!!!!!!!FIG_RECTANGLE!267.9000!175.4210!0.6000!1.4500! 00000027!!QFP80P900X900X120-32N!!!!!!!!!0.0000!!!!!!
S!PIN!IC12!28!R145_60!TOP!TOP!!267.1000!175.4210!!!!!!!!!!!!!!!FIG_RECTANGLE!267.1000!175.4210!0.6000!1.4500! 00000028!!QFP80P900X900X120-32N!!!!!!!!!0.0000!!!!!!
S!PIN!IC12!29!R145_60!TOP!TOP!!266.3000!175.4210!!!!!!!!!!!!!!!FIG_RECTANGLE!266.3000!175.4210!0.6000!1.4500! 00000029!!QFP80P900X900X120-32N!!!!!!!!!0.0000!!!!!!
S!PIN!IC12!30!R145_60!TOP!TOP!!265.5000!175.4210!!!!!!!!!!!!!!!FIG_RECTANGLE!265.5000!175.4210!0.6000!1.4500! 00000030!!QFP80P900X900X120-32N!!!!!!!!!0.0000!!!!!!
S!PIN!IC12!31!R145_60!TOP!TOP!!264.7000!175.4210!!!!!!!!!!!!!!!FIG_RECTANGLE!264.7000!175.4210!0.6000!1.4500! 00000031!!QFP80P900X900X120-32N!!!!!!!!!0.0000!!!!!!
S!PIN!IC12!32!R145_60!TOP!TOP!!263.9000!175.4210!!!!!!!!!!!!!!!FIG_RECTANGLE!263.9000!175.4210!0.6000!1.4500! 00000032!!QFP80P900X900X120-32N!!!!!!!!!0.0000!!!!!!
S!PIN!IC11!1!R147_5_60!TOP!TOP!!285.8540!176.7200!!!!!!!!!!!!!!!FIG_RECTANGLE!285.8540!176.7200!1.4750!0.6000! 00000001!!QFP80P1200X1200X120-44N!!!!!!!!!0.0000!!!!!!
S!PIN!IC11!2!R147_5_60!TOP!TOP!!285.8540!175.9200!!!!!!!!!!!!!!!FIG_RECTANGLE!285.8540!175.9200!1.4750!0.6000! 00000002!!QFP80P1200X1200X120-44N!!!!!!!!!0.0000!!!!!!
S!PIN!IC11!3!R147_5_60!TOP!TOP!!285.8540!175.1200!!!!!!!!!!!!!!!FIG_RECTANGLE!285.8540!175.1200!1.4750!0.6000! 00000003!!QFP80P1200X1200X120-44N!!!!!!!!!0.0000!!!!!!
S!PIN!IC11!4!R147_5_60!TOP!TOP!!285.8540!174.3200!!!!!!!!!!!!!!!FIG_RECTANGLE!285.8540!174.3200!1.4750!0.6000! 00000004!!QFP80P1200X1200X120-44N!!!!!!!!!0.0000!!!!!!
S!PIN!IC11!5!R147_5_60!TOP!TOP!!285.8540!173.5200!!!!!!!!!!!!!!!FIG_RECTANGLE!285.8540!173.5200!1.4750!0.6000! 00000005!!QFP80P1200X1200X120-44N!!!!!!!!!0.0000!!!!!!
S!PIN!IC11!6!R147_5_60!TOP!TOP!!285.8540!172.7200!!!!!!!!!!!!!!!FIG_RECTANGLE!285.8540!172.7200!1.4750!0.6000! 00000006!!QFP80P1200X1200X120-44N!!!!!!!!!0.0000!!!!!!
S!PIN!IC11!7!R147_5_60!TOP!TOP!!285.8540!171.9200!!!!!!!!!!!!!!!FIG_RECTANGLE!285.8540!171.9200!1.4750!0.6000! 00000007!!QFP80P1200X1200X120-44N!!!!!!!!!0.0000!!!!!!
S!PIN!IC11!8!R147_5_60!TOP!TOP!!285.8540!171.1200!!!!!!!!!!!!!!!FIG_RECTANGLE!285.8540!171.1200!1.4750!0.6000! 00000008!!QFP80P1200X1200X120-44N!!!!!!!!!0.0000!!!!!!
S!PIN!IC11!9!R147_5_60!TOP!TOP!!285.8540!170.3200!!!!!!!!!!!!!!!FIG_RECTANGLE!285.8540!170.3200!1.4750!0.6000! 00000009!!QFP80P1200X1200X120-44N!!!!!!!!!0.0000!!!!!!
S!PIN!IC11!10!R147_5_60!TOP!TOP!!285.8540!169.5200!!!!!!!!!!!!!!!FIG_RECTANGLE!285.8540!169.5200!1.4750!0.6000! 00000010!!QFP80P1200X1200X120-44N!!!!!!!!!0.0000!!!!!!
S!PIN!IC11!11!R147_5_60!TOP!TOP!!285.8540!168.7200!!!!!!!!!!!!!!!FIG_RECTANGLE!285.8540!168.7200!1.4750!0.6000! 00000011!!QFP80P1200X1200X120-44N!!!!!!!!!0.0000!!!!!!
S!PIN!IC11!12!R147_5_60!TOP!TOP!!287.5920!166.9820!!!!!!!!!!!!!!!FIG_RECTANGLE!287.5920!166.9820!0.6000!1.4750! 00000012!!QFP80P1200X1200X120-44N!!!!!!!!!0.0000!!!!!!
S!PIN!IC11!13!R147_5_60!TOP!TOP!!288.3920!166.9820!!!!!!!!!!!!!!!FIG_RECTANGLE!288.3920!166.9820!0.6000!1.4750! 00000013!!QFP80P1200X1200X120-44N!!!!!!!!!0.0000!!!!!!
S!PIN!IC11!14!R147_5_60!TOP!TOP!!289.1920!166.9820!!!!!!!!!!!!!!!FIG_RECTANGLE!289.1920!166.9820!0.6000!1.4750! 00000014!!QFP80P1200X1200X120-44N!!!!!!!!!0.0000!!!!!!
S!PIN!IC11!15!R147_5_60!TOP!TOP!!289.9920!166.9820!!!!!!!!!!!!!!!FIG_RECTANGLE!289.9920!166.9820!0.6000!1.4750! 00000015!!QFP80P1200X1200X120-44N!!!!!!!!!0.0000!!!!!!
S!PIN!IC11!16!R147_5_60!TOP!TOP!!290.7920!166.9820!!!!!!!!!!!!!!!FIG_RECTANGLE!290.7920!166.9820!0.6000!1.4750! 00000016!!QFP80P1200X1200X120-44N!!!!!!!!!0.0000!!!!!!
S!PIN!IC11!17!R147_5_60!TOP!TOP!!291.5920!166.9820!!!!!!!!!!!!!!!FIG_RECTANGLE!291.5920!166.9820!0.6000!1.4750! 00000017!!QFP80P1200X1200X120-44N!!!!!!!!!0.0000!!!!!!
S!PIN!IC11!18!R147_5_60!TOP!TOP!!292.3920!166.9820!!!!!!!!!!!!!!!FIG_RECTANGLE!292.3920!166.9820!0.6000!1.4750! 00000018!!QFP80P1200X1200X120-44N!!!!!!!!!0.0000!!!!!!
S!PIN!IC11!19!R147_5_60!TOP!TOP!!293.1920!166.9820!!!!!!!!!!!!!!!FIG_RECTANGLE!293.1920!166.9820!0.6000!1.4750! 00000019!!QFP80P1200X1200X120-44N!!!!!!!!!0.0000!!!!!!
S!PIN!IC11!20!R147_5_60!TOP!TOP!!293.9920!166.9820!!!!!!!!!!!!!!!FIG_RECTANGLE!293.9920!166.9820!0.6000!1.4750! 00000020!!QFP80P1200X1200X120-44N!!!!!!!!!0.0000!!!!!!
S!PIN!IC11!21!R147_5_60!TOP!TOP!!294.7920!166.9820!!!!!!!!!!!!!!!FIG_RECTANGLE!294.7920!166.9820!0.6000!1.4750! 00000021!!QFP80P1200X1200X120-44N!!!!!!!!!0.0000!!!!!!
S!PIN!IC11!22!R147_5_60!TOP!TOP!!295.5920!166.9820!!!!!!!!!!!!!!!FIG_RECTANGLE!295.5920!166.9820!0.6000!1.4750! 00000022!!QFP80P1200X1200X120-44N!!!!!!!!!0.0000!!!!!!
S!PIN!IC11!23!R147_5_60!TOP!TOP!!297.3300!168.7200!!!!!!!!!!!!!!!FIG_RECTANGLE!297.3300!168.7200!1.4750!0.6000! 00000023!!QFP80P1200X1200X120-44N!!!!!!!!!0.0000!!!!!!
S!PIN!IC11!24!R147_5_60!TOP!TOP!!297.3300!169.5200!!!!!!!!!!!!!!!FIG_RECTANGLE!297.3300!169.5200!1.4750!0.6000! 00000024!!QFP80P1200X1200X120-44N!!!!!!!!!0.0000!!!!!!
S!PIN!IC11!25!R147_5_60!TOP!TOP!!297.3300!170.3200!!!!!!!!!!!!!!!FIG_RECTANGLE!297.3300!170.3200!1.4750!0.6000! 00000025!!QFP80P1200X1200X120-44N!!!!!!!!!0.0000!!!!!!
S!PIN!IC11!26!R147_5_60!TOP!TOP!!297.3300!171.1200!!!!!!!!!!!!!!!FIG_RECTANGLE!297.3300!171.1200!1.4750!0.6000! 00000026!!QFP80P1200X1200X120-44N!!!!!!!!!0.0000!!!!!!
S!PIN!IC11!27!R147_5_60!TOP!TOP!!297.3300!171.9200!!!!!!!!!!!!!!!FIG_RECTANGLE!297.3300!171.9200!1.4750!0.6000! 00000027!!QFP80P1200X1200X120-44N!!!!!!!!!0.0000!!!!!!
S!PIN!IC11!28!R147_5_60!TOP!TOP!!297.3300!172.7200!!!!!!!!!!!!!!!FIG_RECTANGLE!297.3300!172.7200!1.4750!0.6000! 00000028!!QFP80P1200X1200X120-44N!!!!!!!!!0.0000!!!!!!
S!PIN!IC11!29!R147_5_60!TOP!TOP!!297.3300!173.5200!!!!!!!!!!!!!!!FIG_RECTANGLE!297.3300!173.5200!1.4750!0.6000! 00000029!!QFP80P1200X1200X120-44N!!!!!!!!!0.0000!!!!!!
S!PIN!IC11!30!R147_5_60!TOP!TOP!!297.3300!174.3200!!!!!!!!!!!!!!!FIG_RECTANGLE!297.3300!174.3200!1.4750!0.6000! 00000030!!QFP80P1200X1200X120-44N!!!!!!!!!0.0000!!!!!!
S!PIN!IC11!31!R147_5_60!TOP!TOP!!297.3300!175.1200!!!!!!!!!!!!!!!FIG_RECTANGLE!297.3300!175.1200!1.4750!0.6000! 00000031!!QFP80P1200X1200X120-44N!!!!!!!!!0.0000!!!!!!
S!PIN!IC11!32!R147_5_60!TOP!TOP!!297.3300!175.9200!!!!!!!!!!!!!!!FIG_RECTANGLE!297.3300!175.9200!1.4750!0.6000! 00000032!!QFP80P1200X1200X120-44N!!!!!!!!!0.0000!!!!!!
S!PIN!IC11!33!R147_5_60!TOP!TOP!!297.3300!176.7200!!!!!!!!!!!!!!!FIG_RECTANGLE!297.3300!176.7200!1.4750!0.6000! 00000033!!QFP80P1200X1200X120-44N!!!!!!!!!0.0000!!!!!!
S!PIN!IC11!34!R147_5_60!TOP!TOP!!295.5920!178.4580!!!!!!!!!!!!!!!FIG_RECTANGLE!295.5920!178.4580!0.6000!1.4750! 00000034!!QFP80P1200X1200X120-44N!!!!!!!!!0.0000!!!!!!
S!PIN!IC11!35!R147_5_60!TOP!TOP!!294.7920!178.4580!!!!!!!!!!!!!!!FIG_RECTANGLE!294.7920!178.4580!0.6000!1.4750! 00000035!!QFP80P1200X1200X120-44N!!!!!!!!!0.0000!!!!!!
S!PIN!IC11!36!R147_5_60!TOP!TOP!!293.9920!178.4580!!!!!!!!!!!!!!!FIG_RECTANGLE!293.9920!178.4580!0.6000!1.4750! 00000036!!QFP80P1200X1200X120-44N!!!!!!!!!0.0000!!!!!!
S!PIN!IC11!37!R147_5_60!TOP!TOP!!293.1920!178.4580!!!!!!!!!!!!!!!FIG_RECTANGLE!293.1920!178.4580!0.6000!1.4750! 00000037!!QFP80P1200X1200X120-44N!!!!!!!!!0.0000!!!!!!
S!PIN!IC11!38!R147_5_60!TOP!TOP!!292.3920!178.4580!!!!!!!!!!!!!!!FIG_RECTANGLE!292.3920!178.4580!0.6000!1.4750! 00000038!!QFP80P1200X1200X120-44N!!!!!!!!!0.0000!!!!!!
S!PIN!IC11!39!R147_5_60!TOP!TOP!!291.5920!178.4580!!!!!!!!!!!!!!!FIG_RECTANGLE!291.5920!178.4580!0.6000!1.4750! 00000039!!QFP80P1200X1200X120-44N!!!!!!!!!0.0000!!!!!!
S!PIN!IC11!40!R147_5_60!TOP!TOP!!290.7920!178.4580!!!!!!!!!!!!!!!FIG_RECTANGLE!290.7920!178.4580!0.6000!1.4750! 00000040!!QFP80P1200X1200X120-44N!!!!!!!!!0.0000!!!!!!
S!PIN!IC11!41!R147_5_60!TOP!TOP!!289.9920!178.4580!!!!!!!!!!!!!!!FIG_RECTANGLE!289.9920!178.4580!0.6000!1.4750! 00000041!!QFP80P1200X1200X120-44N!!!!!!!!!0.0000!!!!!!
S!PIN!IC11!42!R147_5_60!TOP!TOP!!289.1920!178.4580!!!!!!!!!!!!!!!FIG_RECTANGLE!289.1920!178.4580!0.6000!1.4750! 00000042!!QFP80P1200X1200X120-44N!!!!!!!!!0.0000!!!!!!
S!PIN!IC11!43!R147_5_60!TOP!TOP!!288.3920!178.4580!!!!!!!!!!!!!!!FIG_RECTANGLE!288.3920!178.4580!0.6000!1.4750! 00000043!!QFP80P1200X1200X120-44N!!!!!!!!!0.0000!!!!!!
S!PIN!IC11!44!R147_5_60!TOP!TOP!!287.5920!178.4580!!!!!!!!!!!!!!!FIG_RECTANGLE!287.5920!178.4580!0.6000!1.4750! 00000044!!QFP80P1200X1200X120-44N!!!!!!!!!0.0000!!!!!!
S!PIN!IC10!1!R147_5_30!TOP!TOP!!250.7780!173.9460!!!!!!!!!!!!!!!FIG_RECTANGLE!250.7780!173.9460!1.4750!0.3000! 00000001!!QFP50P900X900X160-48N!!!!!!!!!0.0000!!!!!!
S!PIN!IC10!2!R147_5_30!TOP!TOP!!250.7780!173.4460!!!!!!!!!!!!!!!FIG_RECTANGLE!250.7780!173.4460!1.4750!0.3000! 00000002!!QFP50P900X900X160-48N!!!!!!!!!0.0000!!!!!!
S!PIN!IC10!3!R147_5_30!TOP!TOP!!250.7780!172.9460!!!!!!!!!!!!!!!FIG_RECTANGLE!250.7780!172.9460!1.4750!0.3000! 00000003!!QFP50P900X900X160-48N!!!!!!!!!0.0000!!!!!!
S!PIN!IC10!4!R147_5_30!TOP!TOP!!250.7780!172.4460!!!!!!!!!!!!!!!FIG_RECTANGLE!250.7780!172.4460!1.4750!0.3000! 00000004!!QFP50P900X900X160-48N!!!!!!!!!0.0000!!!!!!
S!PIN!IC10!5!R147_5_30!TOP!TOP!!250.7780!171.9460!!!!!!!!!!!!!!!FIG_RECTANGLE!250.7780!171.9460!1.4750!0.3000! 00000005!!QFP50P900X900X160-48N!!!!!!!!!0.0000!!!!!!
S!PIN!IC10!6!R147_5_30!TOP!TOP!!250.7780!171.4460!!!!!!!!!!!!!!!FIG_RECTANGLE!250.7780!171.4460!1.4750!0.3000! 00000006!!QFP50P900X900X160-48N!!!!!!!!!0.0000!!!!!!
S!PIN!IC10!7!R147_5_30!TOP!TOP!!250.7780!170.9460!!!!!!!!!!!!!!!FIG_RECTANGLE!250.7780!170.9460!1.4750!0.3000! 00000007!!QFP50P900X900X160-48N!!!!!!!!!0.0000!!!!!!
S!PIN!IC10!8!R147_5_30!TOP!TOP!!250.7780!170.4460!!!!!!!!!!!!!!!FIG_RECTANGLE!250.7780!170.4460!1.4750!0.3000! 00000008!!QFP50P900X900X160-48N!!!!!!!!!0.0000!!!!!!
S!PIN!IC10!9!R147_5_30!TOP!TOP!!250.7780!169.9460!!!!!!!!!!!!!!!FIG_RECTANGLE!250.7780!169.9460!1.4750!0.3000! 00000009!!QFP50P900X900X160-48N!!!!!!!!!0.0000!!!!!!
S!PIN!IC10!10!R147_5_30!TOP!TOP!!250.7780!169.4460!!!!!!!!!!!!!!!FIG_RECTANGLE!250.7780!169.4460!1.4750!0.3000! 00000010!!QFP50P900X900X160-48N!!!!!!!!!0.0000!!!!!!
S!PIN!IC10!11!R147_5_30!TOP!TOP!!250.7780!168.9460!!!!!!!!!!!!!!!FIG_RECTANGLE!250.7780!168.9460!1.4750!0.3000! 00000011!!QFP50P900X900X160-48N!!!!!!!!!0.0000!!!!!!
S!PIN!IC10!12!R147_5_30!TOP!TOP!!250.7780!168.4460!!!!!!!!!!!!!!!FIG_RECTANGLE!250.7780!168.4460!1.4750!0.3000! 00000012!!QFP50P900X900X160-48N!!!!!!!!!0.0000!!!!!!
S!PIN!IC10!13!R147_5_30!TOP!TOP!!252.2660!166.9580!!!!!!!!!!!!!!!FIG_RECTANGLE!252.2660!166.9580!0.3000!1.4750! 00000013!!QFP50P900X900X160-48N!!!!!!!!!0.0000!!!!!!
S!PIN!IC10!14!R147_5_30!TOP!TOP!!252.7660!166.9580!!!!!!!!!!!!!!!FIG_RECTANGLE!252.7660!166.9580!0.3000!1.4750! 00000014!!QFP50P900X900X160-48N!!!!!!!!!0.0000!!!!!!
S!PIN!IC10!15!R147_5_30!TOP!TOP!!253.2660!166.9580!!!!!!!!!!!!!!!FIG_RECTANGLE!253.2660!166.9580!0.3000!1.4750! 00000015!!QFP50P900X900X160-48N!!!!!!!!!0.0000!!!!!!
S!PIN!IC10!16!R147_5_30!TOP!TOP!!253.7660!166.9580!!!!!!!!!!!!!!!FIG_RECTANGLE!253.7660!166.9580!0.3000!1.4750! 00000016!!QFP50P900X900X160-48N!!!!!!!!!0.0000!!!!!!
S!PIN!IC10!17!R147_5_30!TOP!TOP!!254.2660!166.9580!!!!!!!!!!!!!!!FIG_RECTANGLE!254.2660!166.9580!0.3000!1.4750! 00000017!!QFP50P900X900X160-48N!!!!!!!!!0.0000!!!!!!
S!PIN!IC10!18!R147_5_30!TOP!TOP!!254.7660!166.9580!!!!!!!!!!!!!!!FIG_RECTANGLE!254.7660!166.9580!0.3000!1.4750! 00000018!!QFP50P900X900X160-48N!!!!!!!!!0.0000!!!!!!
S!PIN!IC10!19!R147_5_30!TOP!TOP!!255.2660!166.9580!!!!!!!!!!!!!!!FIG_RECTANGLE!255.2660!166.9580!0.3000!1.4750! 00000019!!QFP50P900X900X160-48N!!!!!!!!!0.0000!!!!!!
S!PIN!IC10!20!R147_5_30!TOP!TOP!!255.7660!166.9580!!!!!!!!!!!!!!!FIG_RECTANGLE!255.7660!166.9580!0.3000!1.4750! 00000020!!QFP50P900X900X160-48N!!!!!!!!!0.0000!!!!!!
S!PIN!IC10!21!R147_5_30!TOP!TOP!!256.2660!166.9580!!!!!!!!!!!!!!!FIG_RECTANGLE!256.2660!166.9580!0.3000!1.4750! 00000021!!QFP50P900X900X160-48N!!!!!!!!!0.0000!!!!!!
S!PIN!IC10!22!R147_5_30!TOP!TOP!!256.7660!166.9580!!!!!!!!!!!!!!!FIG_RECTANGLE!256.7660!166.9580!0.3000!1.4750! 00000022!!QFP50P900X900X160-48N!!!!!!!!!0.0000!!!!!!
S!PIN!IC10!23!R147_5_30!TOP!TOP!!257.2660!166.9580!!!!!!!!!!!!!!!FIG_RECTANGLE!257.2660!166.9580!0.3000!1.4750! 00000023!!QFP50P900X900X160-48N!!!!!!!!!0.0000!!!!!!
S!PIN!IC10!24!R147_5_30!TOP!TOP!!257.7660!166.9580!!!!!!!!!!!!!!!FIG_RECTANGLE!257.7660!166.9580!0.3000!1.4750! 00000024!!QFP50P900X900X160-48N!!!!!!!!!0.0000!!!!!!
S!PIN!IC10!25!R147_5_30!TOP!TOP!!259.2540!168.4460!!!!!!!!!!!!!!!FIG_RECTANGLE!259.2540!168.4460!1.4750!0.3000! 00000025!!QFP50P900X900X160-48N!!!!!!!!!0.0000!!!!!!
S!PIN!IC10!26!R147_5_30!TOP!TOP!!259.2540!168.9460!!!!!!!!!!!!!!!FIG_RECTANGLE!259.2540!168.9460!1.4750!0.3000! 00000026!!QFP50P900X900X160-48N!!!!!!!!!0.0000!!!!!!
S!PIN!IC10!27!R147_5_30!TOP!TOP!!259.2540!169.4460!!!!!!!!!!!!!!!FIG_RECTANGLE!259.2540!169.4460!1.4750!0.3000! 00000027!!QFP50P900X900X160-48N!!!!!!!!!0.0000!!!!!!
S!PIN!IC10!28!R147_5_30!TOP!TOP!!259.2540!169.9460!!!!!!!!!!!!!!!FIG_RECTANGLE!259.2540!169.9460!1.4750!0.3000! 00000028!!QFP50P900X900X160-48N!!!!!!!!!0.0000!!!!!!
S!PIN!IC10!29!R147_5_30!TOP!TOP!!259.2540!170.4460!!!!!!!!!!!!!!!FIG_RECTANGLE!259.2540!170.4460!1.4750!0.3000! 00000029!!QFP50P900X900X160-48N!!!!!!!!!0.0000!!!!!!
S!PIN!IC10!30!R147_5_30!TOP!TOP!!259.2540!170.9460!!!!!!!!!!!!!!!FIG_RECTANGLE!259.2540!170.9460!1.4750!0.3000! 00000030!!QFP50P900X900X160-48N!!!!!!!!!0.0000!!!!!!
S!PIN!IC10!31!R147_5_30!TOP!TOP!!259.2540!171.4460!!!!!!!!!!!!!!!FIG_RECTANGLE!259.2540!171.4460!1.4750!0.3000! 00000031!!QFP50P900X900X160-48N!!!!!!!!!0.0000!!!!!!
S!PIN!IC10!32!R147_5_30!TOP!TOP!!259.2540!171.9460!!!!!!!!!!!!!!!FIG_RECTANGLE!259.2540!171.9460!1.4750!0.3000! 00000032!!QFP50P900X900X160-48N!!!!!!!!!0.0000!!!!!!
S!PIN!IC10!33!R147_5_30!TOP!TOP!!259.2540!172.4460!!!!!!!!!!!!!!!FIG_RECTANGLE!259.2540!172.4460!1.4750!0.3000! 00000033!!QFP50P900X900X160-48N!!!!!!!!!0.0000!!!!!!
S!PIN!IC10!34!R147_5_30!TOP!TOP!!259.2540!172.9460!!!!!!!!!!!!!!!FIG_RECTANGLE!259.2540!172.9460!1.4750!0.3000! 00000034!!QFP50P900X900X160-48N!!!!!!!!!0.0000!!!!!!
S!PIN!IC10!35!R147_5_30!TOP!TOP!!259.2540!173.4460!!!!!!!!!!!!!!!FIG_RECTANGLE!259.2540!173.4460!1.4750!0.3000! 00000035!!QFP50P900X900X160-48N!!!!!!!!!0.0000!!!!!!
S!PIN!IC10!36!R147_5_30!TOP!TOP!!259.2540!173.9460!!!!!!!!!!!!!!!FIG_RECTANGLE!259.2540!173.9460!1.4750!0.3000! 00000036!!QFP50P900X900X160-48N!!!!!!!!!0.0000!!!!!!
S!PIN!IC10!37!R147_5_30!TOP!TOP!!257.7660!175.4340!!!!!!!!!!!!!!!FIG_RECTANGLE!257.7660!175.4340!0.3000!1.4750! 00000037!!QFP50P900X900X160-48N!!!!!!!!!0.0000!!!!!!
S!PIN!IC10!38!R147_5_30!TOP!TOP!!257.2660!175.4340!!!!!!!!!!!!!!!FIG_RECTANGLE!257.2660!175.4340!0.3000!1.4750! 00000038!!QFP50P900X900X160-48N!!!!!!!!!0.0000!!!!!!
S!PIN!IC10!39!R147_5_30!TOP!TOP!!256.7660!175.4340!!!!!!!!!!!!!!!FIG_RECTANGLE!256.7660!175.4340!0.3000!1.4750! 00000039!!QFP50P900X900X160-48N!!!!!!!!!0.0000!!!!!!
S!PIN!IC10!40!R147_5_30!TOP!TOP!!256.2660!175.4340!!!!!!!!!!!!!!!FIG_RECTANGLE!256.2660!175.4340!0.3000!1.4750! 00000040!!QFP50P900X900X160-48N!!!!!!!!!0.0000!!!!!!
S!PIN!IC10!41!R147_5_30!TOP!TOP!!255.7660!175.4340!!!!!!!!!!!!!!!FIG_RECTANGLE!255.7660!175.4340!0.3000!1.4750! 00000041!!QFP50P900X900X160-48N!!!!!!!!!0.0000!!!!!!
S!PIN!IC10!42!R147_5_30!TOP!TOP!!255.2660!175.4340!!!!!!!!!!!!!!!FIG_RECTANGLE!255.2660!175.4340!0.3000!1.4750! 00000042!!QFP50P900X900X160-48N!!!!!!!!!0.0000!!!!!!
S!PIN!IC10!43!R147_5_30!TOP!TOP!!254.7660!175.4340!!!!!!!!!!!!!!!FIG_RECTANGLE!254.7660!175.4340!0.3000!1.4750! 00000043!!QFP50P900X900X160-48N!!!!!!!!!0.0000!!!!!!
S!PIN!IC10!44!R147_5_30!TOP!TOP!!254.2660!175.4340!!!!!!!!!!!!!!!FIG_RECTANGLE!254.2660!175.4340!0.3000!1.4750! 00000044!!QFP50P900X900X160-48N!!!!!!!!!0.0000!!!!!!
S!PIN!IC10!45!R147_5_30!TOP!TOP!!253.7660!175.4340!!!!!!!!!!!!!!!FIG_RECTANGLE!253.7660!175.4340!0.3000!1.4750! 00000045!!QFP50P900X900X160-48N!!!!!!!!!0.0000!!!!!!
S!PIN!IC10!46!R147_5_30!TOP!TOP!!253.2660!175.4340!!!!!!!!!!!!!!!FIG_RECTANGLE!253.2660!175.4340!0.3000!1.4750! 00000046!!QFP50P900X900X160-48N!!!!!!!!!0.0000!!!!!!
S!PIN!IC10!47!R147_5_30!TOP!TOP!!252.7660!175.4340!!!!!!!!!!!!!!!FIG_RECTANGLE!252.7660!175.4340!0.3000!1.4750! 00000047!!QFP50P900X900X160-48N!!!!!!!!!0.0000!!!!!!
S!PIN!IC10!48!R147_5_30!TOP!TOP!!252.2660!175.4340!!!!!!!!!!!!!!!FIG_RECTANGLE!252.2660!175.4340!0.3000!1.4750! 00000048!!QFP50P900X900X160-48N!!!!!!!!!0.0000!!!!!!
S!PIN!IC8!1!R145_30!TOP!TOP!!249.7740!191.7100!!!!!!!!!!!!!!!FIG_RECTANGLE!249.7740!191.7100!1.4500!0.3000! 00000001!!QFP50P1200X1200X160-64N!!!!!!!!!0.0000!!!!!!
S!PIN!IC8!2!R145_30!TOP!TOP!!249.7740!191.2100!!!!!!!!!!!!!!!FIG_RECTANGLE!249.7740!191.2100!1.4500!0.3000! 00000002!!QFP50P1200X1200X160-64N!!!!!!!!!0.0000!!!!!!
S!PIN!IC8!3!R145_30!TOP!TOP!!249.7740!190.7100!!!!!!!!!!!!!!!FIG_RECTANGLE!249.7740!190.7100!1.4500!0.3000! 00000003!!QFP50P1200X1200X160-64N!!!!!!!!!0.0000!!!!!!
S!PIN!IC8!4!R145_30!TOP!TOP!!249.7740!190.2100!!!!!!!!!!!!!!!FIG_RECTANGLE!249.7740!190.2100!1.4500!0.3000! 00000004!!QFP50P1200X1200X160-64N!!!!!!!!!0.0000!!!!!!
S!PIN!IC8!5!R145_30!TOP!TOP!!249.7740!189.7100!!!!!!!!!!!!!!!FIG_RECTANGLE!249.7740!189.7100!1.4500!0.3000! 00000005!!QFP50P1200X1200X160-64N!!!!!!!!!0.0000!!!!!!
S!PIN!IC8!6!R145_30!TOP!TOP!!249.7740!189.2100!!!!!!!!!!!!!!!FIG_RECTANGLE!249.7740!189.2100!1.4500!0.3000! 00000006!!QFP50P1200X1200X160-64N!!!!!!!!!0.0000!!!!!!
S!PIN!IC8!7!R145_30!TOP!TOP!!249.7740!188.7100!!!!!!!!!!!!!!!FIG_RECTANGLE!249.7740!188.7100!1.4500!0.3000! 00000007!!QFP50P1200X1200X160-64N!!!!!!!!!0.0000!!!!!!
S!PIN!IC8!8!R145_30!TOP!TOP!!249.7740!188.2100!!!!!!!!!!!!!!!FIG_RECTANGLE!249.7740!188.2100!1.4500!0.3000! 00000008!!QFP50P1200X1200X160-64N!!!!!!!!!0.0000!!!!!!
S!PIN!IC8!9!R145_30!TOP!TOP!!249.7740!187.7100!!!!!!!!!!!!!!!FIG_RECTANGLE!249.7740!187.7100!1.4500!0.3000! 00000009!!QFP50P1200X1200X160-64N!!!!!!!!!0.0000!!!!!!
S!PIN!IC8!10!R145_30!TOP!TOP!!249.7740!187.2100!!!!!!!!!!!!!!!FIG_RECTANGLE!249.7740!187.2100!1.4500!0.3000! 00000010!!QFP50P1200X1200X160-64N!!!!!!!!!0.0000!!!!!!
S!PIN!IC8!11!R145_30!TOP!TOP!!249.7740!186.7100!!!!!!!!!!!!!!!FIG_RECTANGLE!249.7740!186.7100!1.4500!0.3000! 00000011!!QFP50P1200X1200X160-64N!!!!!!!!!0.0000!!!!!!
S!PIN!IC8!12!R145_30!TOP!TOP!!249.7740!186.2100!!!!!!!!!!!!!!!FIG_RECTANGLE!249.7740!186.2100!1.4500!0.3000! 00000012!!QFP50P1200X1200X160-64N!!!!!!!!!0.0000!!!!!!
S!PIN!IC8!13!R145_30!TOP!TOP!!249.7740!185.7100!!!!!!!!!!!!!!!FIG_RECTANGLE!249.7740!185.7100!1.4500!0.3000! 00000013!!QFP50P1200X1200X160-64N!!!!!!!!!0.0000!!!!!!
S!PIN!IC8!14!R145_30!TOP!TOP!!249.7740!185.2100!!!!!!!!!!!!!!!FIG_RECTANGLE!249.7740!185.2100!1.4500!0.3000! 00000014!!QFP50P1200X1200X160-64N!!!!!!!!!0.0000!!!!!!
S!PIN!IC8!15!R145_30!TOP!TOP!!249.7740!184.7100!!!!!!!!!!!!!!!FIG_RECTANGLE!249.7740!184.7100!1.4500!0.3000! 00000015!!QFP50P1200X1200X160-64N!!!!!!!!!0.0000!!!!!!
S!PIN!IC8!16!R145_30!TOP!TOP!!249.7740!184.2100!!!!!!!!!!!!!!!FIG_RECTANGLE!249.7740!184.2100!1.4500!0.3000! 00000016!!QFP50P1200X1200X160-64N!!!!!!!!!0.0000!!!!!!
S!PIN!IC8!17!R145_30!TOP!TOP!!251.7740!182.2100!!!!!!!!!!!!!!!FIG_RECTANGLE!251.7740!182.2100!0.3000!1.4500! 00000017!!QFP50P1200X1200X160-64N!!!!!!!!!0.0000!!!!!!
S!PIN!IC8!18!R145_30!TOP!TOP!!252.2740!182.2100!!!!!!!!!!!!!!!FIG_RECTANGLE!252.2740!182.2100!0.3000!1.4500! 00000018!!QFP50P1200X1200X160-64N!!!!!!!!!0.0000!!!!!!
S!PIN!IC8!19!R145_30!TOP!TOP!!252.7740!182.2100!!!!!!!!!!!!!!!FIG_RECTANGLE!252.7740!182.2100!0.3000!1.4500! 00000019!!QFP50P1200X1200X160-64N!!!!!!!!!0.0000!!!!!!
S!PIN!IC8!20!R145_30!TOP!TOP!!253.2740!182.2100!!!!!!!!!!!!!!!FIG_RECTANGLE!253.2740!182.2100!0.3000!1.4500! 00000020!!QFP50P1200X1200X160-64N!!!!!!!!!0.0000!!!!!!
S!PIN!IC8!21!R145_30!TOP!TOP!!253.7740!182.2100!!!!!!!!!!!!!!!FIG_RECTANGLE!253.7740!182.2100!0.3000!1.4500! 00000021!!QFP50P1200X1200X160-64N!!!!!!!!!0.0000!!!!!!
S!PIN!IC8!22!R145_30!TOP!TOP!!254.2740!182.2100!!!!!!!!!!!!!!!FIG_RECTANGLE!254.2740!182.2100!0.3000!1.4500! 00000022!!QFP50P1200X1200X160-64N!!!!!!!!!0.0000!!!!!!
S!PIN!IC8!23!R145_30!TOP!TOP!!254.7740!182.2100!!!!!!!!!!!!!!!FIG_RECTANGLE!254.7740!182.2100!0.3000!1.4500! 00000023!!QFP50P1200X1200X160-64N!!!!!!!!!0.0000!!!!!!
S!PIN!IC8!24!R145_30!TOP!TOP!!255.2740!182.2100!!!!!!!!!!!!!!!FIG_RECTANGLE!255.2740!182.2100!0.3000!1.4500! 00000024!!QFP50P1200X1200X160-64N!!!!!!!!!0.0000!!!!!!
S!PIN!IC8!25!R145_30!TOP!TOP!!255.7740!182.2100!!!!!!!!!!!!!!!FIG_RECTANGLE!255.7740!182.2100!0.3000!1.4500! 00000025!!QFP50P1200X1200X160-64N!!!!!!!!!0.0000!!!!!!
S!PIN!IC8!26!R145_30!TOP!TOP!!256.2740!182.2100!!!!!!!!!!!!!!!FIG_RECTANGLE!256.2740!182.2100!0.3000!1.4500! 00000026!!QFP50P1200X1200X160-64N!!!!!!!!!0.0000!!!!!!
S!PIN!IC8!27!R145_30!TOP!TOP!!256.7740!182.2100!!!!!!!!!!!!!!!FIG_RECTANGLE!256.7740!182.2100!0.3000!1.4500! 00000027!!QFP50P1200X1200X160-64N!!!!!!!!!0.0000!!!!!!
S!PIN!IC8!28!R145_30!TOP!TOP!!257.2740!182.2100!!!!!!!!!!!!!!!FIG_RECTANGLE!257.2740!182.2100!0.3000!1.4500! 00000028!!QFP50P1200X1200X160-64N!!!!!!!!!0.0000!!!!!!
S!PIN!IC8!29!R145_30!TOP!TOP!!257.7740!182.2100!!!!!!!!!!!!!!!FIG_RECTANGLE!257.7740!182.2100!0.3000!1.4500! 00000029!!QFP50P1200X1200X160-64N!!!!!!!!!0.0000!!!!!!
S!PIN!IC8!30!R145_30!TOP!TOP!!258.2740!182.2100!!!!!!!!!!!!!!!FIG_RECTANGLE!258.2740!182.2100!0.3000!1.4500! 00000030!!QFP50P1200X1200X160-64N!!!!!!!!!0.0000!!!!!!
S!PIN!IC8!31!R145_30!TOP!TOP!!258.7740!182.2100!!!!!!!!!!!!!!!FIG_RECTANGLE!258.7740!182.2100!0.3000!1.4500! 00000031!!QFP50P1200X1200X160-64N!!!!!!!!!0.0000!!!!!!
S!PIN!IC8!32!R145_30!TOP!TOP!!259.2740!182.2100!!!!!!!!!!!!!!!FIG_RECTANGLE!259.2740!182.2100!0.3000!1.4500! 00000032!!QFP50P1200X1200X160-64N!!!!!!!!!0.0000!!!!!!
S!PIN!IC8!33!R145_30!TOP!TOP!!261.2740!184.2100!!!!!!!!!!!!!!!FIG_RECTANGLE!261.2740!184.2100!1.4500!0.3000! 00000033!!QFP50P1200X1200X160-64N!!!!!!!!!0.0000!!!!!!
S!PIN!IC8!34!R145_30!TOP!TOP!!261.2740!184.7100!!!!!!!!!!!!!!!FIG_RECTANGLE!261.2740!184.7100!1.4500!0.3000! 00000034!!QFP50P1200X1200X160-64N!!!!!!!!!0.0000!!!!!!
S!PIN!IC8!35!R145_30!TOP!TOP!!261.2740!185.2100!!!!!!!!!!!!!!!FIG_RECTANGLE!261.2740!185.2100!1.4500!0.3000! 00000035!!QFP50P1200X1200X160-64N!!!!!!!!!0.0000!!!!!!
S!PIN!IC8!36!R145_30!TOP!TOP!!261.2740!185.7100!!!!!!!!!!!!!!!FIG_RECTANGLE!261.2740!185.7100!1.4500!0.3000! 00000036!!QFP50P1200X1200X160-64N!!!!!!!!!0.0000!!!!!!
S!PIN!IC8!37!R145_30!TOP!TOP!!261.2740!186.2100!!!!!!!!!!!!!!!FIG_RECTANGLE!261.2740!186.2100!1.4500!0.3000! 00000037!!QFP50P1200X1200X160-64N!!!!!!!!!0.0000!!!!!!
S!PIN!IC8!38!R145_30!TOP!TOP!!261.2740!186.7100!!!!!!!!!!!!!!!FIG_RECTANGLE!261.2740!186.7100!1.4500!0.3000! 00000038!!QFP50P1200X1200X160-64N!!!!!!!!!0.0000!!!!!!
S!PIN!IC8!39!R145_30!TOP!TOP!!261.2740!187.2100!!!!!!!!!!!!!!!FIG_RECTANGLE!261.2740!187.2100!1.4500!0.3000! 00000039!!QFP50P1200X1200X160-64N!!!!!!!!!0.0000!!!!!!
S!PIN!IC8!40!R145_30!TOP!TOP!!261.2740!187.7100!!!!!!!!!!!!!!!FIG_RECTANGLE!261.2740!187.7100!1.4500!0.3000! 00000040!!QFP50P1200X1200X160-64N!!!!!!!!!0.0000!!!!!!
S!PIN!IC8!41!R145_30!TOP!TOP!!261.2740!188.2100!!!!!!!!!!!!!!!FIG_RECTANGLE!261.2740!188.2100!1.4500!0.3000! 00000041!!QFP50P1200X1200X160-64N!!!!!!!!!0.0000!!!!!!
S!PIN!IC8!42!R145_30!TOP!TOP!!261.2740!188.7100!!!!!!!!!!!!!!!FIG_RECTANGLE!261.2740!188.7100!1.4500!0.3000! 00000042!!QFP50P1200X1200X160-64N!!!!!!!!!0.0000!!!!!!
S!PIN!IC8!43!R145_30!TOP!TOP!!261.2740!189.2100!!!!!!!!!!!!!!!FIG_RECTANGLE!261.2740!189.2100!1.4500!0.3000! 00000043!!QFP50P1200X1200X160-64N!!!!!!!!!0.0000!!!!!!
S!PIN!IC8!44!R145_30!TOP!TOP!!261.2740!189.7100!!!!!!!!!!!!!!!FIG_RECTANGLE!261.2740!189.7100!1.4500!0.3000! 00000044!!QFP50P1200X1200X160-64N!!!!!!!!!0.0000!!!!!!
S!PIN!IC8!45!R145_30!TOP!TOP!!261.2740!190.2100!!!!!!!!!!!!!!!FIG_RECTANGLE!261.2740!190.2100!1.4500!0.3000! 00000045!!QFP50P1200X1200X160-64N!!!!!!!!!0.0000!!!!!!
S!PIN!IC8!46!R145_30!TOP!TOP!!261.2740!190.7100!!!!!!!!!!!!!!!FIG_RECTANGLE!261.2740!190.7100!1.4500!0.3000! 00000046!!QFP50P1200X1200X160-64N!!!!!!!!!0.0000!!!!!!
S!PIN!IC8!47!R145_30!TOP!TOP!!261.2740!191.2100!!!!!!!!!!!!!!!FIG_RECTANGLE!261.2740!191.2100!1.4500!0.3000! 00000047!!QFP50P1200X1200X160-64N!!!!!!!!!0.0000!!!!!!
S!PIN!IC8!48!R145_30!TOP!TOP!!261.2740!191.7100!!!!!!!!!!!!!!!FIG_RECTANGLE!261.2740!191.7100!1.4500!0.3000! 00000048!!QFP50P1200X1200X160-64N!!!!!!!!!0.0000!!!!!!
S!PIN!IC8!49!R145_30!TOP!TOP!!259.2740!193.7100!!!!!!!!!!!!!!!FIG_RECTANGLE!259.2740!193.7100!0.3000!1.4500! 00000049!!QFP50P1200X1200X160-64N!!!!!!!!!0.0000!!!!!!
S!PIN!IC8!50!R145_30!TOP!TOP!!258.7740!193.7100!!!!!!!!!!!!!!!FIG_RECTANGLE!258.7740!193.7100!0.3000!1.4500! 00000050!!QFP50P1200X1200X160-64N!!!!!!!!!0.0000!!!!!!
S!PIN!IC8!51!R145_30!TOP!TOP!!258.2740!193.7100!!!!!!!!!!!!!!!FIG_RECTANGLE!258.2740!193.7100!0.3000!1.4500! 00000051!!QFP50P1200X1200X160-64N!!!!!!!!!0.0000!!!!!!
S!PIN!IC8!52!R145_30!TOP!TOP!!257.7740!193.7100!!!!!!!!!!!!!!!FIG_RECTANGLE!257.7740!193.7100!0.3000!1.4500! 00000052!!QFP50P1200X1200X160-64N!!!!!!!!!0.0000!!!!!!
S!PIN!IC8!53!R145_30!TOP!TOP!!257.2740!193.7100!!!!!!!!!!!!!!!FIG_RECTANGLE!257.2740!193.7100!0.3000!1.4500! 00000053!!QFP50P1200X1200X160-64N!!!!!!!!!0.0000!!!!!!
S!PIN!IC8!54!R145_30!TOP!TOP!!256.7740!193.7100!!!!!!!!!!!!!!!FIG_RECTANGLE!256.7740!193.7100!0.3000!1.4500! 00000054!!QFP50P1200X1200X160-64N!!!!!!!!!0.0000!!!!!!
S!PIN!IC8!55!R145_30!TOP!TOP!!256.2740!193.7100!!!!!!!!!!!!!!!FIG_RECTANGLE!256.2740!193.7100!0.3000!1.4500! 00000055!!QFP50P1200X1200X160-64N!!!!!!!!!0.0000!!!!!!
S!PIN!IC8!56!R145_30!TOP!TOP!!255.7740!193.7100!!!!!!!!!!!!!!!FIG_RECTANGLE!255.7740!193.7100!0.3000!1.4500! 00000056!!QFP50P1200X1200X160-64N!!!!!!!!!0.0000!!!!!!
S!PIN!IC8!57!R145_30!TOP!TOP!!255.2740!193.7100!!!!!!!!!!!!!!!FIG_RECTANGLE!255.2740!193.7100!0.3000!1.4500! 00000057!!QFP50P1200X1200X160-64N!!!!!!!!!0.0000!!!!!!
S!PIN!IC8!58!R145_30!TOP!TOP!!254.7740!193.7100!!!!!!!!!!!!!!!FIG_RECTANGLE!254.7740!193.7100!0.3000!1.4500! 00000058!!QFP50P1200X1200X160-64N!!!!!!!!!0.0000!!!!!!
S!PIN!IC8!59!R145_30!TOP!TOP!!254.2740!193.7100!!!!!!!!!!!!!!!FIG_RECTANGLE!254.2740!193.7100!0.3000!1.4500! 00000059!!QFP50P1200X1200X160-64N!!!!!!!!!0.0000!!!!!!
S!PIN!IC8!60!R145_30!TOP!TOP!!253.7740!193.7100!!!!!!!!!!!!!!!FIG_RECTANGLE!253.7740!193.7100!0.3000!1.4500! 00000060!!QFP50P1200X1200X160-64N!!!!!!!!!0.0000!!!!!!
S!PIN!IC8!61!R145_30!TOP!TOP!!253.2740!193.7100!!!!!!!!!!!!!!!FIG_RECTANGLE!253.2740!193.7100!0.3000!1.4500! 00000061!!QFP50P1200X1200X160-64N!!!!!!!!!0.0000!!!!!!
S!PIN!IC8!62!R145_30!TOP!TOP!!252.7740!193.7100!!!!!!!!!!!!!!!FIG_RECTANGLE!252.7740!193.7100!0.3000!1.4500! 00000062!!QFP50P1200X1200X160-64N!!!!!!!!!0.0000!!!!!!
S!PIN!IC8!63!R145_30!TOP!TOP!!252.2740!193.7100!!!!!!!!!!!!!!!FIG_RECTANGLE!252.2740!193.7100!0.3000!1.4500! 00000063!!QFP50P1200X1200X160-64N!!!!!!!!!0.0000!!!!!!
S!PIN!IC8!64!R145_30!TOP!TOP!!251.7740!193.7100!!!!!!!!!!!!!!!FIG_RECTANGLE!251.7740!193.7100!0.3000!1.4500! 00000064!!QFP50P1200X1200X160-64N!!!!!!!!!0.0000!!!!!!
S!PIN!J3!1!R254_127!TOP!TOP!N02931!109.4740!181.9270!!!!!!!!!!!!!!!FIG_RECTANGLE!109.4740!181.9270!1.2700!2.5400! 00000001!!95278401A10LF!!!!!!!!!0.0000!!!!!!
S!PIN!J3!2!R254_127!TOP!TOP!N02865!109.4740!176.4670!!!!!!!!!!!!!!!FIG_RECTANGLE!109.4740!176.4670!1.2700!2.5400! 00000002!!95278401A10LF!!!!!!!!!0.0000!!!!!!
S!PIN!J3!3!R254_127!TOP!TOP!N02919!106.9340!181.9270!!!!!!!!!!!!!!!FIG_RECTANGLE!106.9340!181.9270!1.2700!2.5400! 00000003!!95278401A10LF!!!!!!!!!0.0000!!!!!!
S!PIN!J3!4!R254_127!TOP!TOP!N02853!106.9340!176.4670!!!!!!!!!!!!!!!FIG_RECTANGLE!106.9340!176.4670!1.2700!2.5400! 00000004!!95278401A10LF!!!!!!!!!0.0000!!!!!!
S!PIN!J3!5!R254_127!TOP!TOP!N02907!104.3940!181.9270!!!!!!!!!!!!!!!FIG_RECTANGLE!104.3940!181.9270!1.2700!2.5400! 00000005!!95278401A10LF!!!!!!!!!0.0000!!!!!!
S!PIN!J3!6!R254_127!TOP!TOP!N02841!104.3940!176.4670!!!!!!!!!!!!!!!FIG_RECTANGLE!104.3940!176.4670!1.2700!2.5400! 00000006!!95278401A10LF!!!!!!!!!0.0000!!!!!!
S!PIN!J3!7!R254_127!TOP!TOP!N02892!101.8540!181.9270!!!!!!!!!!!!!!!FIG_RECTANGLE!101.8540!181.9270!1.2700!2.5400! 00000007!!95278401A10LF!!!!!!!!!0.0000!!!!!!
S!PIN!J3!8!R254_127!TOP!TOP!N02829!101.8540!176.4670!!!!!!!!!!!!!!!FIG_RECTANGLE!101.8540!176.4670!1.2700!2.5400! 00000008!!95278401A10LF!!!!!!!!!0.0000!!!!!!
S!PIN!J3!9!R254_127!TOP!TOP!N02877!99.3140!181.9270!!!!!!!!!!!!!!!FIG_RECTANGLE!99.3140!181.9270!1.2700!2.5400! 00000009!!95278401A10LF!!!!!!!!!0.0000!!!!!!
S!PIN!J3!10!R254_127!TOP!TOP!N02817!99.3140!176.4670!!!!!!!!!!!!!!!FIG_RECTANGLE!99.3140!176.4670!1.2700!2.5400! 00000010!!95278401A10LF!!!!!!!!!0.0000!!!!!!
S!PIN!J2!1!R254_127!TOP!TOP!N02877!124.4600!182.0540!!!!!!!!!!!!!!!FIG_RECTANGLE!124.4600!182.0540!1.2700!2.5400! 00000001!!95278401A10LF!!!!!!!!!0.0000!!!!!!
S!PIN!J2!2!R254_127!TOP!TOP!N02817!124.4600!176.5940!!!!!!!!!!!!!!!FIG_RECTANGLE!124.4600!176.5940!1.2700!2.5400! 00000002!!95278401A10LF!!!!!!!!!0.0000!!!!!!
S!PIN!J2!3!R254_127!TOP!TOP!N02892!121.9200!182.0540!!!!!!!!!!!!!!!FIG_RECTANGLE!121.9200!182.0540!1.2700!2.5400! 00000003!!95278401A10LF!!!!!!!!!0.0000!!!!!!
S!PIN!J2!4!R254_127!TOP!TOP!N02829!121.9200!176.5940!!!!!!!!!!!!!!!FIG_RECTANGLE!121.9200!176.5940!1.2700!2.5400! 00000004!!95278401A10LF!!!!!!!!!0.0000!!!!!!
S!PIN!J2!5!R254_127!TOP!TOP!N02907!119.3800!182.0540!!!!!!!!!!!!!!!FIG_RECTANGLE!119.3800!182.0540!1.2700!2.5400! 00000005!!95278401A10LF!!!!!!!!!0.0000!!!!!!
S!PIN!J2!6!R254_127!TOP!TOP!N02841!119.3800!176.5940!!!!!!!!!!!!!!!FIG_RECTANGLE!119.3800!176.5940!1.2700!2.5400! 00000006!!95278401A10LF!!!!!!!!!0.0000!!!!!!
S!PIN!J2!7!R254_127!TOP!TOP!N02919!116.8400!182.0540!!!!!!!!!!!!!!!FIG_RECTANGLE!116.8400!182.0540!1.2700!2.5400! 00000007!!95278401A10LF!!!!!!!!!0.0000!!!!!!
S!PIN!J2!8!R254_127!TOP!TOP!N02853!116.8400!176.5940!!!!!!!!!!!!!!!FIG_RECTANGLE!116.8400!176.5940!1.2700!2.5400! 00000008!!95278401A10LF!!!!!!!!!0.0000!!!!!!
S!PIN!J2!9!R254_127!TOP!TOP!N02931!114.3000!182.0540!!!!!!!!!!!!!!!FIG_RECTANGLE!114.3000!182.0540!1.2700!2.5400! 00000009!!95278401A10LF!!!!!!!!!0.0000!!!!!!
S!PIN!J2!10!R254_127!TOP!TOP!N02865!114.3000!176.5940!!!!!!!!!!!!!!!FIG_RECTANGLE!114.3000!176.5940!1.2700!2.5400! 00000010!!95278401A10LF!!!!!!!!!0.0000!!!!!!
S!PIN!R1!1!R160_120!TOP!TOP!!130.5500!188.0000!!!!!!!!!!!!!!!FIG_RECTANGLE!130.5500!188.0000!1.2000!1.6000! 00000001!!MMA02040E1001BB300!!!!!!!!!0.0000!!!!!!
S!PIN!R1!2!R160_120!TOP!TOP!!133.4500!188.0000!!!!!!!!!!!!!!!FIG_RECTANGLE!133.4500!188.0000!1.2000!1.6000! 00000002!!MMA02040E1001BB300!!!!!!!!!0.0000!!!!!!
S!PIN!Q4!1!R460_80!TOP!TOP!!205.9940!169.1750!!!!!!!!!!!!!!!FIG_RECTANGLE!205.9940!169.1750!0.8000!4.6000! 00000001!!IRFS7530TRL7PP!!!!!!!!!0.0000!!!!!!
S!PIN!Q4!2!R460_80!TOP!TOP!!207.2640!169.1750!!!!!!!!!!!!!!!FIG_RECTANGLE!207.2640!169.1750!0.8000!4.6000! 00000002!!IRFS7530TRL7PP!!!!!!!!!0.0000!!!!!!
S!PIN!Q4!3!R460_80!TOP!TOP!!208.5340!169.1750!!!!!!!!!!!!!!!FIG_RECTANGLE!208.5340!169.1750!0.8000!4.6000! 00000003!!IRFS7530TRL7PP!!!!!!!!!0.0000!!!!!!
S!PIN!Q4!4!R1080_940!TOP!TOP!!209.8040!178.3250!!!!!!!!!!!!!!!FIG_RECTANGLE!209.8040!178.3250!10.8000!9.4000! 00000004!!IRFS7530TRL7PP!!!!!!!!!0.0000!!!!!!
S!PIN!Q4!5!R460_80!TOP!TOP!!211.0740!169.1750!!!!!!!!!!!!!!!FIG_RECTANGLE!211.0740!169.1750!0.8000!4.6000! 00000005!!IRFS7530TRL7PP!!!!!!!!!0.0000!!!!!!
S!PIN!Q4!6!R460_80!TOP!TOP!!212.3440!169.1750!!!!!!!!!!!!!!!FIG_RECTANGLE!212.3440!169.1750!0.8000!4.6000! 00000006!!IRFS7530TRL7PP!!!!!!!!!0.0000!!!!!!
S!PIN!Q4!7!R460_80!TOP!TOP!!213.6140!169.1750!!!!!!!!!!!!!!!FIG_RECTANGLE!213.6140!169.1750!0.8000!4.6000! 00000007!!IRFS7530TRL7PP!!!!!!!!!0.0000!!!!!!
S!PIN!LED1!1!R330_50!TOP!TOP!!137.2840!188.9760!!!!!!!!!!!!!!!FIG_RECTANGLE!137.2840!188.9760!0.5000!3.3000! 00000001!!XPGDWTQ1000000XPP!!!!!!!!!0.0000!!!!!!
S!PIN!LED1!2!R330_50!TOP!TOP!!140.0840!188.9760!!!!!!!!!!!!!!!FIG_RECTANGLE!140.0840!188.9760!0.5000!3.3000! 00000002!!XPGDWTQ1000000XPP!!!!!!!!!0.0000!!!!!!
S!PIN!LED1!3!R330_130!TOP!TOP!!138.6840!188.9760!!!!!!!!!!!!!!!FIG_RECTANGLE!138.6840!188.9760!1.3000!3.3000! 00000003!!XPGDWTQ1000000XPP!!!!!!!!!0.0000!!!!!!
S!PIN!IC7!1!R152_6_43_5!TOP!TOP!!232.4920!175.3240!!!!!!!!!!!!!!!FIG_RECTANGLE!232.4920!175.3240!1.5260!0.4350! 00000001!!SOP64P601X175-28N!!!!!!!!!0.0000!!!!!!
S!PIN!IC7!2!R152_6_43_5!TOP!TOP!!232.4920!174.6880!!!!!!!!!!!!!!!FIG_RECTANGLE!232.4920!174.6880!1.5260!0.4350! 00000002!!SOP64P601X175-28N!!!!!!!!!0.0000!!!!!!
S!PIN!IC7!3!R152_6_43_5!TOP!TOP!!232.4920!174.0540!!!!!!!!!!!!!!!FIG_RECTANGLE!232.4920!174.0540!1.5260!0.4350! 00000003!!SOP64P601X175-28N!!!!!!!!!0.0000!!!!!!
S!PIN!IC7!4!R152_6_43_5!TOP!TOP!!232.4920!173.4180!!!!!!!!!!!!!!!FIG_RECTANGLE!232.4920!173.4180!1.5260!0.4350! 00000004!!SOP64P601X175-28N!!!!!!!!!0.0000!!!!!!
S!PIN!IC7!5!R152_6_43_5!TOP!TOP!!232.4920!172.7840!!!!!!!!!!!!!!!FIG_RECTANGLE!232.4920!172.7840!1.5260!0.4350! 00000005!!SOP64P601X175-28N!!!!!!!!!0.0000!!!!!!
S!PIN!IC7!6!R152_6_43_5!TOP!TOP!!232.4920!172.1480!!!!!!!!!!!!!!!FIG_RECTANGLE!232.4920!172.1480!1.5260!0.4350! 00000006!!SOP64P601X175-28N!!!!!!!!!0.0000!!!!!!
S!PIN!IC7!7!R152_6_43_5!TOP!TOP!!232.4920!171.5140!!!!!!!!!!!!!!!FIG_RECTANGLE!232.4920!171.5140!1.5260!0.4350! 00000007!!SOP64P601X175-28N!!!!!!!!!0.0000!!!!!!
S!PIN!IC7!8!R152_6_43_5!TOP!TOP!!232.4920!170.8780!!!!!!!!!!!!!!!FIG_RECTANGLE!232.4920!170.8780!1.5260!0.4350! 00000008!!SOP64P601X175-28N!!!!!!!!!0.0000!!!!!!
S!PIN!IC7!9!R152_6_43_5!TOP!TOP!!232.4920!170.2440!!!!!!!!!!!!!!!FIG_RECTANGLE!232.4920!170.2440!1.5260!0.4350! 00000009!!SOP64P601X175-28N!!!!!!!!!0.0000!!!!!!
S!PIN!IC7!10!R152_6_43_5!TOP!TOP!!232.4920!169.6080!!!!!!!!!!!!!!!FIG_RECTANGLE!232.4920!169.6080!1.5260!0.4350! 00000010!!SOP64P601X175-28N!!!!!!!!!0.0000!!!!!!
S!PIN!IC7!11!R152_6_43_5!TOP!TOP!!232.4920!168.9740!!!!!!!!!!!!!!!FIG_RECTANGLE!232.4920!168.9740!1.5260!0.4350! 00000011!!SOP64P601X175-28N!!!!!!!!!0.0000!!!!!!
S!PIN!IC7!12!R152_6_43_5!TOP!TOP!!232.4920!168.3380!!!!!!!!!!!!!!!FIG_RECTANGLE!232.4920!168.3380!1.5260!0.4350! 00000012!!SOP64P601X175-28N!!!!!!!!!0.0000!!!!!!
S!PIN!IC7!13!R152_6_43_5!TOP!TOP!!232.4920!167.7040!!!!!!!!!!!!!!!FIG_RECTANGLE!232.4920!167.7040!1.5260!0.4350! 00000013!!SOP64P601X175-28N!!!!!!!!!0.0000!!!!!!
S!PIN!IC7!14!R152_6_43_5!TOP!TOP!!232.4920!167.0680!!!!!!!!!!!!!!!FIG_RECTANGLE!232.4920!167.0680!1.5260!0.4350! 00000014!!SOP64P601X175-28N!!!!!!!!!0.0000!!!!!!
S!PIN!IC7!15!R152_6_43_5!TOP!TOP!!237.9160!167.0680!!!!!!!!!!!!!!!FIG_RECTANGLE!237.9160!167.0680!1.5260!0.4350! 00000015!!SOP64P601X175-28N!!!!!!!!!0.0000!!!!!!
S!PIN!IC7!16!R152_6_43_5!TOP!TOP!!237.9160!167.7040!!!!!!!!!!!!!!!FIG_RECTANGLE!237.9160!167.7040!1.5260!0.4350! 00000016!!SOP64P601X175-28N!!!!!!!!!0.0000!!!!!!
S!PIN!IC7!17!R152_6_43_5!TOP!TOP!!237.9160!168.3380!!!!!!!!!!!!!!!FIG_RECTANGLE!237.9160!168.3380!1.5260!0.4350! 00000017!!SOP64P601X175-28N!!!!!!!!!0.0000!!!!!!
S!PIN!IC7!18!R152_6_43_5!TOP!TOP!!237.9160!168.9740!!!!!!!!!!!!!!!FIG_RECTANGLE!237.9160!168.9740!1.5260!0.4350! 00000018!!SOP64P601X175-28N!!!!!!!!!0.0000!!!!!!
S!PIN!IC7!19!R152_6_43_5!TOP!TOP!!237.9160!169.6080!!!!!!!!!!!!!!!FIG_RECTANGLE!237.9160!169.6080!1.5260!0.4350! 00000019!!SOP64P601X175-28N!!!!!!!!!0.0000!!!!!!
S!PIN!IC7!20!R152_6_43_5!TOP!TOP!!237.9160!170.2440!!!!!!!!!!!!!!!FIG_RECTANGLE!237.9160!170.2440!1.5260!0.4350! 00000020!!SOP64P601X175-28N!!!!!!!!!0.0000!!!!!!
S!PIN!IC7!21!R152_6_43_5!TOP!TOP!!237.9160!170.8780!!!!!!!!!!!!!!!FIG_RECTANGLE!237.9160!170.8780!1.5260!0.4350! 00000021!!SOP64P601X175-28N!!!!!!!!!0.0000!!!!!!
S!PIN!IC7!22!R152_6_43_5!TOP!TOP!!237.9160!171.5140!!!!!!!!!!!!!!!FIG_RECTANGLE!237.9160!171.5140!1.5260!0.4350! 00000022!!SOP64P601X175-28N!!!!!!!!!0.0000!!!!!!
S!PIN!IC7!23!R152_6_43_5!TOP!TOP!!237.9160!172.1480!!!!!!!!!!!!!!!FIG_RECTANGLE!237.9160!172.1480!1.5260!0.4350! 00000023!!SOP64P601X175-28N!!!!!!!!!0.0000!!!!!!
S!PIN!IC7!24!R152_6_43_5!TOP!TOP!!237.9160!172.7840!!!!!!!!!!!!!!!FIG_RECTANGLE!237.9160!172.7840!1.5260!0.4350! 00000024!!SOP64P601X175-28N!!!!!!!!!0.0000!!!!!!
S!PIN!IC7!25!R152_6_43_5!TOP!TOP!!237.9160!173.4180!!!!!!!!!!!!!!!FIG_RECTANGLE!237.9160!173.4180!1.5260!0.4350! 00000025!!SOP64P601X175-28N!!!!!!!!!0.0000!!!!!!
S!PIN!IC7!26!R152_6_43_5!TOP!TOP!!237.9160!174.0540!!!!!!!!!!!!!!!FIG_RECTANGLE!237.9160!174.0540!1.5260!0.4350! 00000026!!SOP64P601X175-28N!!!!!!!!!0.0000!!!!!!
S!PIN!IC7!27!R152_6_43_5!TOP!TOP!!237.9160!174.6880!!!!!!!!!!!!!!!FIG_RECTANGLE!237.9160!174.6880!1.5260!0.4350! 00000027!!SOP64P601X175-28N!!!!!!!!!0.0000!!!!!!
S!PIN!IC7!28!R152_6_43_5!TOP!TOP!!237.9160!175.3240!!!!!!!!!!!!!!!FIG_RECTANGLE!237.9160!175.3240!1.5260!0.4350! 00000028!!SOP64P601X175-28N!!!!!!!!!0.0000!!!!!!
S!PIN!IC6!1!R305_101_6!TOP!TOP!!220.6240!169.1640!!!!!!!!!!!!!!!FIG_RECTANGLE!220.6240!169.1640!1.0160!3.0500! 00000001!!NCP5663DSADJR4G!!!!!!!!!0.0000!!!!!!
S!PIN!IC6!2!R305_101_6!TOP!TOP!!222.3260!169.1640!!!!!!!!!!!!!!!FIG_RECTANGLE!222.3260!169.1640!1.0160!3.0500! 00000002!!NCP5663DSADJR4G!!!!!!!!!0.0000!!!!!!
S!PIN!IC6!3!R305_101_6!TOP!TOP!!224.0280!169.1640!!!!!!!!!!!!!!!FIG_RECTANGLE!224.0280!169.1640!1.0160!3.0500! 00000003!!NCP5663DSADJR4G!!!!!!!!!0.0000!!!!!!
S!PIN!IC6!4!R305_101_6!TOP!TOP!!225.7300!169.1640!!!!!!!!!!!!!!!FIG_RECTANGLE!225.7300!169.1640!1.0160!3.0500! 00000004!!NCP5663DSADJR4G!!!!!!!!!0.0000!!!!!!
S!PIN!IC6!5!R305_101_6!TOP!TOP!!227.4320!169.1640!!!!!!!!!!!!!!!FIG_RECTANGLE!227.4320!169.1640!1.0160!3.0500! 00000005!!NCP5663DSADJR4G!!!!!!!!!0.0000!!!!!!
S!PIN!IC6!6!R1066_838!TOP!TOP!!224.0280!179.4690!!!!!!!!!!!!!!!FIG_RECTANGLE!224.0280!179.4690!10.6600!8.3800! 00000006!!NCP5663DSADJR4G!!!!!!!!!0.0000!!!!!!
S!PIN!IC5!1!R130_55!TOP!TOP!!177.8240!187.5660!!!!!!!!!!!!!!!FIG_RECTANGLE!177.8240!187.5660!0.5500!1.3000! 00000001!!AP738133Y13!!!!!!!!!0.0000!!!!!!
S!PIN!IC5!2!R147_5_80!TOP!TOP!!179.3240!187.6540!!!!!!!!!!!!!!!FIG_RECTANGLE!179.3240!187.6540!0.8000!1.4750! 00000002!!AP738133Y13!!!!!!!!!0.0000!!!!!!
S!PIN!IC5!3!R130_55!TOP!TOP!!180.8240!187.5660!!!!!!!!!!!!!!!FIG_RECTANGLE!180.8240!187.5660!0.5500!1.3000! 00000003!!AP738133Y13!!!!!!!!!0.0000!!!!!!
S!PIN!IC5!4!R312_5_185!TOP!TOP!!179.3240!189.9540!!!!!!!!!!!!!!!FIG_RECTANGLE!179.3240!189.9540!1.8500!3.1250! 00000004!!AP738133Y13!!!!!!!!!0.0000!!!!!!
S!PIN!IC4!1!R85_30!TOP!TOP!!236.1690!183.6300!!!!!!!!!!!!!!!FIG_RECTANGLE!236.1690!183.6300!0.8500!0.3000! 00000001!!SOP50P310X100-8N!!!!!!!!!0.0000!!!!!!
S!PIN!IC4!2!R85_30!TOP!TOP!!236.1690!183.1300!!!!!!!!!!!!!!!FIG_RECTANGLE!236.1690!183.1300!0.8500!0.3000! 00000002!!SOP50P310X100-8N!!!!!!!!!0.0000!!!!!!
S!PIN!IC4!3!R85_30!TOP!TOP!!236.1690!182.6300!!!!!!!!!!!!!!!FIG_RECTANGLE!236.1690!182.6300!0.8500!0.3000! 00000003!!SOP50P310X100-8N!!!!!!!!!0.0000!!!!!!
S!PIN!IC4!4!R85_30!TOP!TOP!!236.1690!182.1300!!!!!!!!!!!!!!!FIG_RECTANGLE!236.1690!182.1300!0.8500!0.3000! 00000004!!SOP50P310X100-8N!!!!!!!!!0.0000!!!!!!
S!PIN!IC4!5!R85_30!TOP!TOP!!239.3190!182.1300!!!!!!!!!!!!!!!FIG_RECTANGLE!239.3190!182.1300!0.8500!0.3000! 00000005!!SOP50P310X100-8N!!!!!!!!!0.0000!!!!!!
S!PIN!IC4!6!R85_30!TOP!TOP!!239.3190!182.6300!!!!!!!!!!!!!!!FIG_RECTANGLE!239.3190!182.6300!0.8500!0.3000! 00000006!!SOP50P310X100-8N!!!!!!!!!0.0000!!!!!!
S!PIN!IC4!7!R85_30!TOP!TOP!!239.3190!183.1300!!!!!!!!!!!!!!!FIG_RECTANGLE!239.3190!183.1300!0.8500!0.3000! 00000007!!SOP50P310X100-8N!!!!!!!!!0.0000!!!!!!
S!PIN!IC4!8!R85_30!TOP!TOP!!239.3190!183.6300!!!!!!!!!!!!!!!FIG_RECTANGLE!239.3190!183.6300!0.8500!0.3000! 00000008!!SOP50P310X100-8N!!!!!!!!!0.0000!!!!!!
S!PIN!D2!1!R315_220!TOP!TOP!!153.4720!189.4840!!!!!!!!!!!!!!!FIG_RECTANGLE!153.4720!189.4840!2.2000!3.1500! 00000001!!DIOM7959X262N!!!!!!!!!0.0000!!!!!!
S!PIN!D2!2!R315_220!TOP!TOP!!160.4720!189.4840!!!!!!!!!!!!!!!FIG_RECTANGLE!160.4720!189.4840!2.2000!3.1500! 00000002!!DIOM7959X262N!!!!!!!!!0.0000!!!!!!
S!PIN!D1!1!R270_150!TOP!TOP!!149.2120!188.4680!!!!!!!!!!!!!!!FIG_RECTANGLE!149.2120!188.4680!1.5000!2.7000! 00000001!!ZM4748AL0!!!!!!!!!0.0000!!!!!!
S!PIN!D1!2!R270_150!TOP!TOP!!144.4120!188.4680!!!!!!!!!!!!!!!FIG_RECTANGLE!144.4120!188.4680!1.5000!2.7000! 00000002!!ZM4748AL0!!!!!!!!!0.0000!!!!!!
S!PIN!Q3!1!R90_40!TOP!TOP!!173.2359!186.6519!!!!!!!!!!!!!!!FIG_RECTANGLE!173.2359!186.6519!0.4000!0.8999! 00000001!!SOT50P160X90-3N!!!!!!!!!0.0000!!!!!!
S!PIN!Q3!2!R90_40!TOP!TOP!!174.2361!186.6519!!!!!!!!!!!!!!!FIG_RECTANGLE!174.2361!186.6519!0.4000!0.8999! 00000002!!SOT50P160X90-3N!!!!!!!!!0.0000!!!!!!
S!PIN!Q3!3!R90_40!TOP!TOP!!173.7360!188.2521!!!!!!!!!!!!!!!FIG_RECTANGLE!173.7360!188.2521!0.4000!0.8999! 00000003!!SOT50P160X90-3N!!!!!!!!!0.0000!!!!!!
S!PIN!Q2!1!R228_6_139_7!TOP!TOP!!196.7230!192.0870!!!!!!!!!!!!!!!FIG_RECTANGLE!196.7230!192.0870!2.2860!1.3970! 00000001!!SQD30N0520L_GE3!!!!!!!!!0.0000!!!!!!
S!PIN!Q2!2!R618_569!TOP!TOP!!203.1581!190.5000!!!!!!!!!!!!!!!FIG_RECTANGLE!203.1581!190.5000!6.1801!5.6901! 00000002!!SQD30N0520L_GE3!!!!!!!!!0.0000!!!!!!
S!PIN!Q2!3!R228_6_139_7!TOP!TOP!!196.7230!188.9130!!!!!!!!!!!!!!!FIG_RECTANGLE!196.7230!188.9130!2.2860!1.3970! 00000003!!SQD30N0520L_GE3!!!!!!!!!0.0000!!!!!!
S!PIN!Q1!1!R60_55!TOP!TOP!!169.0220!187.5429!!!!!!!!!!!!!!!FIG_RECTANGLE!169.0220!187.5429!0.5499!0.5999! 00000001!!BC81725W!!!!!!!!!0.0000!!!!!!
S!PIN!Q1!2!R60_55!TOP!TOP!!170.3220!187.5429!!!!!!!!!!!!!!!FIG_RECTANGLE!170.3220!187.5429!0.5499!0.5999! 00000002!!BC81725W!!!!!!!!!0.0000!!!!!!
S!PIN!Q1!3!R60_55!TOP!TOP!!169.6720!189.3931!!!!!!!!!!!!!!!FIG_RECTANGLE!169.6720!189.3931!0.5499!0.5999! 00000003!!BC81725W!!!!!!!!!0.0000!!!!!!
S!PIN!IC3!1!R127_55_88!TOP!TOP!!231.8766!183.8198!!!!!!!!!!!!!!!FIG_RECTANGLE!231.8766!183.8198!1.2700!0.5588! 00000001!!SOT95P280X145-5N!!!!!!!!!0.0000!!!!!!
S!PIN!IC3!2!R127_55_88!TOP!TOP!!231.8766!182.8800!!!!!!!!!!!!!!!FIG_RECTANGLE!231.8766!182.8800!1.2700!0.5588! 00000002!!SOT95P280X145-5N!!!!!!!!!0.0000!!!!!!
S!PIN!IC3!3!R127_55_88!TOP!TOP!!231.8766!181.9402!!!!!!!!!!!!!!!FIG_RECTANGLE!231.8766!181.9402!1.2700!0.5588! 00000003!!SOT95P280X145-5N!!!!!!!!!0.0000!!!!!!
S!PIN!IC3!4!R127_55_88!TOP!TOP!!234.4674!181.9402!!!!!!!!!!!!!!!FIG_RECTANGLE!234.4674!181.9402!1.2700!0.5588! 00000004!!SOT95P280X145-5N!!!!!!!!!0.0000!!!!!!
S!PIN!IC3!5!R127_55_88!TOP!TOP!!234.4674!183.8198!!!!!!!!!!!!!!!FIG_RECTANGLE!234.4674!183.8198!1.2700!0.5588! 00000005!!SOT95P280X145-5N!!!!!!!!!0.0000!!!!!!
S!PIN!IC2!1!R175_95!TOP!TOP!!191.1101!187.1840!!!!!!!!!!!!!!!FIG_RECTANGLE!191.1101!187.1840!1.7501!0.9500! 00000001!!SOT230P700X180-4N!!!!!!!!!0.0000!!!!!!
S!PIN!IC2!2!R175_95!TOP!TOP!!191.1101!189.4840!!!!!!!!!!!!!!!FIG_RECTANGLE!191.1101!189.4840!1.7501!0.9500! 00000002!!SOT230P700X180-4N!!!!!!!!!0.0000!!!!!!
S!PIN!IC2!3!R175_95!TOP!TOP!!191.1101!191.7840!!!!!!!!!!!!!!!FIG_RECTANGLE!191.1101!191.7840!1.7501!0.9500! 00000003!!SOT230P700X180-4N!!!!!!!!!0.0000!!!!!!
S!PIN!IC2!4!R320_175!TOP!TOP!!184.8099!189.4840!!!!!!!!!!!!!!!FIG_RECTANGLE!184.8099!189.4840!1.7501!3.1999! 00000004!!SOT230P700X180-4N!!!!!!!!!0.0000!!!!!!
S!PIN!IC1!1!R110_65!TOP!TOP!!163.5420!188.9201!!!!!!!!!!!!!!!FIG_RECTANGLE!163.5420!188.9201!1.1001!0.6500! 00000001!!SOT96P240X110-3N!!!!!!!!!0.0000!!!!!!
S!PIN!IC1!2!R110_65!TOP!TOP!!163.5420!186.9999!!!!!!!!!!!!!!!FIG_RECTANGLE!163.5420!186.9999!1.1001!0.6500! 00000002!!SOT96P240X110-3N!!!!!!!!!0.0000!!!!!!
S!PIN!IC1!3!R110_65!TOP!TOP!!165.6420!187.9600!!!!!!!!!!!!!!!FIG_RECTANGLE!165.6420!187.9600!1.1001!0.6500! 00000003!!SOT96P240X110-3N!!!!!!!!!0.0000!!!!!!
