A!CLASS!REFDES!START_LAYER_NAME!END_LAYER_NAME!SYM_MIRROR!EMBEDDED_STATUS!
J!d:/projects/projectscience/electronics/dosti_pcbruler/allegro/pcb_ruler.brd!Wed Jun 19 14:43:45 2024!0.0000!0.0000!533.4000!431.8000!0.0001!millimeters!PCB_RULER!10.400000 mil!2!UP TO DATE!
S!PIN!IC17!TOP!TOP!NO!!
S!PIN!IC17!TOP!TOP!NO!!
S!PIN!IC17!TOP!TOP!NO!!
S!PIN!IC17!TOP!TOP!NO!!
S!PIN!IC17!TOP!TOP!NO!!
S!PIN!IC17!TOP!TOP!NO!!
S!PIN!IC17!TOP!TOP!NO!!
S!PIN!IC17!TOP!TOP!NO!!
S!PIN!IC17!TOP!TOP!NO!!
S!PIN!IC17!TOP!TOP!NO!!
S!PIN!IC17!TOP!TOP!NO!!
S!PIN!IC17!TOP!TOP!NO!!
S!PIN!IC17!TOP!TOP!NO!!
S!PIN!IC17!TOP!TOP!NO!!
S!PIN!IC17!TOP!TOP!NO!!
S!PIN!IC17!TOP!TOP!NO!!
S!PIN!IC17!TOP!TOP!NO!!
S!PIN!IC17!TOP!TOP!NO!!
S!PIN!IC17!TOP!TOP!NO!!
S!PIN!IC17!TOP!TOP!NO!!
S!PIN!IC17!TOP!TOP!NO!!
S!PIN!IC17!TOP!TOP!NO!!
S!PIN!IC17!TOP!TOP!NO!!
S!PIN!IC17!TOP!TOP!NO!!
S!PIN!IC17!TOP!TOP!NO!!
S!PIN!IC17!TOP!TOP!NO!!
S!PIN!IC17!TOP!TOP!NO!!
S!PIN!IC17!TOP!TOP!NO!!
S!PIN!IC17!TOP!TOP!NO!!
S!PIN!IC17!TOP!TOP!NO!!
S!PIN!IC17!TOP!TOP!NO!!
S!PIN!IC17!TOP!TOP!NO!!
S!PIN!IC17!TOP!TOP!NO!!
S!PIN!IC17!TOP!TOP!NO!!
S!PIN!IC17!TOP!TOP!NO!!
S!PIN!IC17!TOP!TOP!NO!!
S!PIN!IC17!TOP!TOP!NO!!
S!PIN!IC17!TOP!TOP!NO!!
S!PIN!IC17!TOP!TOP!NO!!
S!PIN!IC17!TOP!TOP!NO!!
S!PIN!IC17!TOP!TOP!NO!!
S!PIN!IC17!TOP!TOP!NO!!
S!PIN!IC17!TOP!TOP!NO!!
S!PIN!IC17!TOP!TOP!NO!!
S!PIN!IC17!TOP!TOP!NO!!
S!PIN!IC17!TOP!TOP!NO!!
S!PIN!IC17!TOP!TOP!NO!!
S!PIN!IC17!TOP!TOP!NO!!
S!PIN!IC17!TOP!TOP!NO!!
S!PIN!IC17!TOP!TOP!NO!!
S!PIN!IC17!TOP!TOP!NO!!
S!PIN!IC17!TOP!TOP!NO!!
S!PIN!IC17!TOP!TOP!NO!!
S!PIN!IC17!TOP!TOP!NO!!
S!PIN!IC17!TOP!TOP!NO!!
S!PIN!IC17!TOP!TOP!NO!!
S!PIN!IC17!TOP!TOP!NO!!
S!PIN!IC17!TOP!TOP!NO!!
S!PIN!IC17!TOP!TOP!NO!!
S!PIN!IC17!TOP!TOP!NO!!
S!PIN!IC17!TOP!TOP!NO!!
S!PIN!IC17!TOP!TOP!NO!!
S!PIN!IC17!TOP!TOP!NO!!
S!PIN!IC17!TOP!TOP!NO!!
S!PIN!IC17!TOP!TOP!NO!!
S!PIN!IC17!TOP!TOP!NO!!
S!PIN!IC17!TOP!TOP!NO!!
S!PIN!IC17!TOP!TOP!NO!!
S!PIN!IC17!TOP!TOP!NO!!
S!PIN!IC17!TOP!TOP!NO!!
S!PIN!IC17!TOP!TOP!NO!!
S!PIN!IC17!TOP!TOP!NO!!
S!PIN!IC17!TOP!TOP!NO!!
S!PIN!IC17!TOP!TOP!NO!!
S!PIN!IC17!TOP!TOP!NO!!
S!PIN!IC17!TOP!TOP!NO!!
S!PIN!IC17!TOP!TOP!NO!!
S!PIN!IC17!TOP!TOP!NO!!
S!PIN!IC17!TOP!TOP!NO!!
S!PIN!IC17!TOP!TOP!NO!!
S!PIN!IC17!TOP!TOP!NO!!
S!PIN!IC17!TOP!TOP!NO!!
S!PIN!IC17!TOP!TOP!NO!!
S!PIN!IC17!TOP!TOP!NO!!
S!PIN!IC17!TOP!TOP!NO!!
S!PIN!IC17!TOP!TOP!NO!!
S!PIN!IC17!TOP!TOP!NO!!
S!PIN!IC17!TOP!TOP!NO!!
S!PIN!IC17!TOP!TOP!NO!!
S!PIN!IC17!TOP!TOP!NO!!
S!PIN!IC17!TOP!TOP!NO!!
S!PIN!IC17!TOP!TOP!NO!!
S!PIN!IC17!TOP!TOP!NO!!
S!PIN!IC17!TOP!TOP!NO!!
S!PIN!IC17!TOP!TOP!NO!!
S!PIN!IC17!TOP!TOP!NO!!
S!PIN!IC17!TOP!TOP!NO!!
S!PIN!IC17!TOP!TOP!NO!!
S!PIN!IC17!TOP!TOP!NO!!
S!PIN!IC17!TOP!TOP!NO!!
S!PIN!IC16!TOP!TOP!NO!!
S!PIN!IC16!TOP!TOP!NO!!
S!PIN!IC16!TOP!TOP!NO!!
S!PIN!IC16!TOP!TOP!NO!!
S!PIN!IC16!TOP!TOP!NO!!
S!PIN!IC16!TOP!TOP!NO!!
S!PIN!IC16!TOP!TOP!NO!!
S!PIN!IC16!TOP!TOP!NO!!
S!PIN!IC16!TOP!TOP!NO!!
S!PIN!IC16!TOP!TOP!NO!!
S!PIN!IC16!TOP!TOP!NO!!
S!PIN!IC16!TOP!TOP!NO!!
S!PIN!IC16!TOP!TOP!NO!!
S!PIN!IC16!TOP!TOP!NO!!
S!PIN!IC16!TOP!TOP!NO!!
S!PIN!IC16!TOP!TOP!NO!!
S!PIN!IC16!TOP!TOP!NO!!
S!PIN!IC16!TOP!TOP!NO!!
S!PIN!IC16!TOP!TOP!NO!!
S!PIN!IC16!TOP!TOP!NO!!
S!PIN!IC16!TOP!TOP!NO!!
S!PIN!IC16!TOP!TOP!NO!!
S!PIN!IC16!TOP!TOP!NO!!
S!PIN!IC16!TOP!TOP!NO!!
S!PIN!IC16!TOP!TOP!NO!!
S!PIN!IC16!TOP!TOP!NO!!
S!PIN!IC16!TOP!TOP!NO!!
S!PIN!IC16!TOP!TOP!NO!!
S!PIN!IC16!TOP!TOP!NO!!
S!PIN!IC16!TOP!TOP!NO!!
S!PIN!IC16!TOP!TOP!NO!!
S!PIN!IC16!TOP!TOP!NO!!
S!PIN!IC16!TOP!TOP!NO!!
S!PIN!IC16!TOP!TOP!NO!!
S!PIN!IC16!TOP!TOP!NO!!
S!PIN!IC16!TOP!TOP!NO!!
S!PIN!IC16!TOP!TOP!NO!!
S!PIN!IC16!TOP!TOP!NO!!
S!PIN!IC16!TOP!TOP!NO!!
S!PIN!IC16!TOP!TOP!NO!!
S!PIN!IC16!TOP!TOP!NO!!
S!PIN!IC16!TOP!TOP!NO!!
S!PIN!IC16!TOP!TOP!NO!!
S!PIN!IC16!TOP!TOP!NO!!
S!PIN!IC16!TOP!TOP!NO!!
S!PIN!IC16!TOP!TOP!NO!!
S!PIN!IC16!TOP!TOP!NO!!
S!PIN!IC16!TOP!TOP!NO!!
S!PIN!IC16!TOP!TOP!NO!!
S!PIN!IC16!TOP!TOP!NO!!
S!PIN!IC16!TOP!TOP!NO!!
S!PIN!IC16!TOP!TOP!NO!!
S!PIN!IC16!TOP!TOP!NO!!
S!PIN!IC16!TOP!TOP!NO!!
S!PIN!IC16!TOP!TOP!NO!!
S!PIN!IC16!TOP!TOP!NO!!
S!PIN!IC16!TOP!TOP!NO!!
S!PIN!IC16!TOP!TOP!NO!!
S!PIN!IC16!TOP!TOP!NO!!
S!PIN!IC16!TOP!TOP!NO!!
S!PIN!IC16!TOP!TOP!NO!!
S!PIN!IC16!TOP!TOP!NO!!
S!PIN!IC16!TOP!TOP!NO!!
S!PIN!IC16!TOP!TOP!NO!!
S!PIN!IC14!TOP!TOP!NO!!
S!PIN!IC14!TOP!TOP!NO!!
S!PIN!IC14!TOP!TOP!NO!!
S!PIN!IC14!TOP!TOP!NO!!
S!PIN!IC14!TOP!TOP!NO!!
S!PIN!IC14!TOP!TOP!NO!!
S!PIN!IC14!TOP!TOP!NO!!
S!PIN!IC14!TOP!TOP!NO!!
S!PIN!IC14!TOP!TOP!NO!!
S!PIN!IC14!TOP!TOP!NO!!
S!PIN!IC14!TOP!TOP!NO!!
S!PIN!IC14!TOP!TOP!NO!!
S!PIN!IC14!TOP!TOP!NO!!
S!PIN!IC14!TOP!TOP!NO!!
S!PIN!IC14!TOP!TOP!NO!!
S!PIN!IC14!TOP!TOP!NO!!
S!PIN!IC13!TOP!TOP!NO!!
S!PIN!IC13!TOP!TOP!NO!!
S!PIN!IC13!TOP!TOP!NO!!
S!PIN!IC13!TOP!TOP!NO!!
S!PIN!IC13!TOP!TOP!NO!!
S!PIN!IC13!TOP!TOP!NO!!
S!PIN!IC13!TOP!TOP!NO!!
S!PIN!IC13!TOP!TOP!NO!!
S!PIN!IC13!TOP!TOP!NO!!
S!PIN!IC13!TOP!TOP!NO!!
S!PIN!IC13!TOP!TOP!NO!!
S!PIN!IC13!TOP!TOP!NO!!
S!PIN!IC13!TOP!TOP!NO!!
S!PIN!IC13!TOP!TOP!NO!!
S!PIN!IC13!TOP!TOP!NO!!
S!PIN!IC13!TOP!TOP!NO!!
S!PIN!IC13!TOP!TOP!NO!!
S!PIN!IC13!TOP!TOP!NO!!
S!PIN!IC13!TOP!TOP!NO!!
S!PIN!IC13!TOP!TOP!NO!!
S!PIN!IC13!TOP!TOP!NO!!
S!PIN!IC13!TOP!TOP!NO!!
S!PIN!IC13!TOP!TOP!NO!!
S!PIN!IC13!TOP!TOP!NO!!
S!PIN!IC13!TOP!TOP!NO!!
S!PIN!IC13!TOP!TOP!NO!!
S!PIN!IC13!TOP!TOP!NO!!
S!PIN!IC13!TOP!TOP!NO!!
S!PIN!IC13!TOP!TOP!NO!!
S!PIN!IC13!TOP!TOP!NO!!
S!PIN!IC13!TOP!TOP!NO!!
S!PIN!IC13!TOP!TOP!NO!!
S!PIN!IC13!TOP!TOP!NO!!
S!PIN!IC13!TOP!TOP!NO!!
S!PIN!IC13!TOP!TOP!NO!!
S!PIN!IC13!TOP!TOP!NO!!
S!PIN!IC13!TOP!TOP!NO!!
S!PIN!IC13!TOP!TOP!NO!!
S!PIN!IC13!TOP!TOP!NO!!
S!PIN!IC13!TOP!TOP!NO!!
S!PIN!IC13!TOP!TOP!NO!!
S!PIN!IC13!TOP!TOP!NO!!
S!PIN!IC13!TOP!TOP!NO!!
S!PIN!IC13!TOP!TOP!NO!!
S!PIN!IC13!TOP!TOP!NO!!
S!PIN!IC13!TOP!TOP!NO!!
S!PIN!IC13!TOP!TOP!NO!!
S!PIN!IC13!TOP!TOP!NO!!
S!PIN!IC13!TOP!TOP!NO!!
S!PIN!IC13!TOP!TOP!NO!!
S!PIN!IC13!TOP!TOP!NO!!
S!PIN!IC13!TOP!TOP!NO!!
S!PIN!IC13!TOP!TOP!NO!!
S!PIN!IC13!TOP!TOP!NO!!
S!PIN!IC13!TOP!TOP!NO!!
S!PIN!IC13!TOP!TOP!NO!!
S!PIN!IC13!TOP!TOP!NO!!
S!PIN!IC13!TOP!TOP!NO!!
S!PIN!IC13!TOP!TOP!NO!!
S!PIN!IC13!TOP!TOP!NO!!
S!PIN!IC13!TOP!TOP!NO!!
S!PIN!IC13!TOP!TOP!NO!!
S!PIN!IC13!TOP!TOP!NO!!
S!PIN!IC13!TOP!TOP!NO!!
S!PIN!IC13!TOP!TOP!NO!!
S!PIN!IC13!TOP!TOP!NO!!
S!PIN!IC13!TOP!TOP!NO!!
S!PIN!IC13!TOP!TOP!NO!!
S!PIN!IC13!TOP!TOP!NO!!
S!PIN!IC13!TOP!TOP!NO!!
S!PIN!IC13!TOP!TOP!NO!!
S!PIN!IC13!TOP!TOP!NO!!
S!PIN!IC13!TOP!TOP!NO!!
S!PIN!IC13!TOP!TOP!NO!!
S!PIN!IC13!TOP!TOP!NO!!
S!PIN!IC13!TOP!TOP!NO!!
S!PIN!IC13!TOP!TOP!NO!!
S!PIN!IC13!TOP!TOP!NO!!
S!PIN!IC13!TOP!TOP!NO!!
S!PIN!IC13!TOP!TOP!NO!!
S!PIN!IC13!TOP!TOP!NO!!
S!PIN!IC13!TOP!TOP!NO!!
S!PIN!IC13!TOP!TOP!NO!!
S!PIN!IC13!TOP!TOP!NO!!
S!PIN!IC13!TOP!TOP!NO!!
S!PIN!IC13!TOP!TOP!NO!!
S!PIN!IC13!TOP!TOP!NO!!
S!PIN!IC13!TOP!TOP!NO!!
S!PIN!IC13!TOP!TOP!NO!!
S!PIN!IC13!TOP!TOP!NO!!
S!PIN!IC13!TOP!TOP!NO!!
S!PIN!IC13!TOP!TOP!NO!!
S!PIN!IC13!TOP!TOP!NO!!
S!PIN!IC13!TOP!TOP!NO!!
S!PIN!IC13!TOP!TOP!NO!!
S!PIN!IC13!TOP!TOP!NO!!
S!PIN!IC13!TOP!TOP!NO!!
S!PIN!IC13!TOP!TOP!NO!!
S!PIN!IC13!TOP!TOP!NO!!
S!PIN!IC13!TOP!TOP!NO!!
S!PIN!IC15!TOP!TOP!NO!!
S!PIN!IC15!TOP!TOP!NO!!
S!PIN!IC15!TOP!TOP!NO!!
S!PIN!IC15!TOP!TOP!NO!!
S!PIN!IC15!TOP!TOP!NO!!
S!PIN!IC15!TOP!TOP!NO!!
S!PIN!IC15!TOP!TOP!NO!!
S!PIN!IC15!TOP!TOP!NO!!
S!PIN!IC15!TOP!TOP!NO!!
S!PIN!IC15!TOP!TOP!NO!!
S!PIN!IC15!TOP!TOP!NO!!
S!PIN!IC15!TOP!TOP!NO!!
S!PIN!IC15!TOP!TOP!NO!!
S!PIN!IC15!TOP!TOP!NO!!
S!PIN!IC15!TOP!TOP!NO!!
S!PIN!IC15!TOP!TOP!NO!!
S!PIN!IC15!TOP!TOP!NO!!
S!PIN!IC15!TOP!TOP!NO!!
S!PIN!IC15!TOP!TOP!NO!!
S!PIN!IC15!TOP!TOP!NO!!
S!PIN!IC15!TOP!TOP!NO!!
S!PIN!IC15!TOP!TOP!NO!!
S!PIN!IC15!TOP!TOP!NO!!
S!PIN!IC15!TOP!TOP!NO!!
S!PIN!IC15!TOP!TOP!NO!!
S!PIN!IC15!TOP!TOP!NO!!
S!PIN!IC15!TOP!TOP!NO!!
S!PIN!IC15!TOP!TOP!NO!!
S!PIN!IC15!TOP!TOP!NO!!
S!PIN!IC15!TOP!TOP!NO!!
S!PIN!IC15!TOP!TOP!NO!!
S!PIN!IC15!TOP!TOP!NO!!
S!PIN!IC12!TOP!TOP!NO!!
S!PIN!IC12!TOP!TOP!NO!!
S!PIN!IC12!TOP!TOP!NO!!
S!PIN!IC12!TOP!TOP!NO!!
S!PIN!IC12!TOP!TOP!NO!!
S!PIN!IC12!TOP!TOP!NO!!
S!PIN!IC12!TOP!TOP!NO!!
S!PIN!IC12!TOP!TOP!NO!!
S!PIN!IC12!TOP!TOP!NO!!
S!PIN!IC12!TOP!TOP!NO!!
S!PIN!IC12!TOP!TOP!NO!!
S!PIN!IC12!TOP!TOP!NO!!
S!PIN!IC12!TOP!TOP!NO!!
S!PIN!IC12!TOP!TOP!NO!!
S!PIN!IC12!TOP!TOP!NO!!
S!PIN!IC12!TOP!TOP!NO!!
S!PIN!IC12!TOP!TOP!NO!!
S!PIN!IC12!TOP!TOP!NO!!
S!PIN!IC12!TOP!TOP!NO!!
S!PIN!IC12!TOP!TOP!NO!!
S!PIN!IC12!TOP!TOP!NO!!
S!PIN!IC12!TOP!TOP!NO!!
S!PIN!IC12!TOP!TOP!NO!!
S!PIN!IC12!TOP!TOP!NO!!
S!PIN!IC12!TOP!TOP!NO!!
S!PIN!IC12!TOP!TOP!NO!!
S!PIN!IC12!TOP!TOP!NO!!
S!PIN!IC12!TOP!TOP!NO!!
S!PIN!IC12!TOP!TOP!NO!!
S!PIN!IC12!TOP!TOP!NO!!
S!PIN!IC12!TOP!TOP!NO!!
S!PIN!IC12!TOP!TOP!NO!!
S!PIN!IC11!TOP!TOP!NO!!
S!PIN!IC11!TOP!TOP!NO!!
S!PIN!IC11!TOP!TOP!NO!!
S!PIN!IC11!TOP!TOP!NO!!
S!PIN!IC11!TOP!TOP!NO!!
S!PIN!IC11!TOP!TOP!NO!!
S!PIN!IC11!TOP!TOP!NO!!
S!PIN!IC11!TOP!TOP!NO!!
S!PIN!IC11!TOP!TOP!NO!!
S!PIN!IC11!TOP!TOP!NO!!
S!PIN!IC11!TOP!TOP!NO!!
S!PIN!IC11!TOP!TOP!NO!!
S!PIN!IC11!TOP!TOP!NO!!
S!PIN!IC11!TOP!TOP!NO!!
S!PIN!IC11!TOP!TOP!NO!!
S!PIN!IC11!TOP!TOP!NO!!
S!PIN!IC11!TOP!TOP!NO!!
S!PIN!IC11!TOP!TOP!NO!!
S!PIN!IC11!TOP!TOP!NO!!
S!PIN!IC11!TOP!TOP!NO!!
S!PIN!IC11!TOP!TOP!NO!!
S!PIN!IC11!TOP!TOP!NO!!
S!PIN!IC11!TOP!TOP!NO!!
S!PIN!IC11!TOP!TOP!NO!!
S!PIN!IC11!TOP!TOP!NO!!
S!PIN!IC11!TOP!TOP!NO!!
S!PIN!IC11!TOP!TOP!NO!!
S!PIN!IC11!TOP!TOP!NO!!
S!PIN!IC11!TOP!TOP!NO!!
S!PIN!IC11!TOP!TOP!NO!!
S!PIN!IC11!TOP!TOP!NO!!
S!PIN!IC11!TOP!TOP!NO!!
S!PIN!IC11!TOP!TOP!NO!!
S!PIN!IC11!TOP!TOP!NO!!
S!PIN!IC11!TOP!TOP!NO!!
S!PIN!IC11!TOP!TOP!NO!!
S!PIN!IC11!TOP!TOP!NO!!
S!PIN!IC11!TOP!TOP!NO!!
S!PIN!IC11!TOP!TOP!NO!!
S!PIN!IC11!TOP!TOP!NO!!
S!PIN!IC11!TOP!TOP!NO!!
S!PIN!IC11!TOP!TOP!NO!!
S!PIN!IC11!TOP!TOP!NO!!
S!PIN!IC11!TOP!TOP!NO!!
S!PIN!IC10!TOP!TOP!NO!!
S!PIN!IC10!TOP!TOP!NO!!
S!PIN!IC10!TOP!TOP!NO!!
S!PIN!IC10!TOP!TOP!NO!!
S!PIN!IC10!TOP!TOP!NO!!
S!PIN!IC10!TOP!TOP!NO!!
S!PIN!IC10!TOP!TOP!NO!!
S!PIN!IC10!TOP!TOP!NO!!
S!PIN!IC10!TOP!TOP!NO!!
S!PIN!IC10!TOP!TOP!NO!!
S!PIN!IC10!TOP!TOP!NO!!
S!PIN!IC10!TOP!TOP!NO!!
S!PIN!IC10!TOP!TOP!NO!!
S!PIN!IC10!TOP!TOP!NO!!
S!PIN!IC10!TOP!TOP!NO!!
S!PIN!IC10!TOP!TOP!NO!!
S!PIN!IC10!TOP!TOP!NO!!
S!PIN!IC10!TOP!TOP!NO!!
S!PIN!IC10!TOP!TOP!NO!!
S!PIN!IC10!TOP!TOP!NO!!
S!PIN!IC10!TOP!TOP!NO!!
S!PIN!IC10!TOP!TOP!NO!!
S!PIN!IC10!TOP!TOP!NO!!
S!PIN!IC10!TOP!TOP!NO!!
S!PIN!IC10!TOP!TOP!NO!!
S!PIN!IC10!TOP!TOP!NO!!
S!PIN!IC10!TOP!TOP!NO!!
S!PIN!IC10!TOP!TOP!NO!!
S!PIN!IC10!TOP!TOP!NO!!
S!PIN!IC10!TOP!TOP!NO!!
S!PIN!IC10!TOP!TOP!NO!!
S!PIN!IC10!TOP!TOP!NO!!
S!PIN!IC10!TOP!TOP!NO!!
S!PIN!IC10!TOP!TOP!NO!!
S!PIN!IC10!TOP!TOP!NO!!
S!PIN!IC10!TOP!TOP!NO!!
S!PIN!IC10!TOP!TOP!NO!!
S!PIN!IC10!TOP!TOP!NO!!
S!PIN!IC10!TOP!TOP!NO!!
S!PIN!IC10!TOP!TOP!NO!!
S!PIN!IC10!TOP!TOP!NO!!
S!PIN!IC10!TOP!TOP!NO!!
S!PIN!IC10!TOP!TOP!NO!!
S!PIN!IC10!TOP!TOP!NO!!
S!PIN!IC10!TOP!TOP!NO!!
S!PIN!IC10!TOP!TOP!NO!!
S!PIN!IC10!TOP!TOP!NO!!
S!PIN!IC10!TOP!TOP!NO!!
S!PIN!IC8!TOP!TOP!NO!!
S!PIN!IC8!TOP!TOP!NO!!
S!PIN!IC8!TOP!TOP!NO!!
S!PIN!IC8!TOP!TOP!NO!!
S!PIN!IC8!TOP!TOP!NO!!
S!PIN!IC8!TOP!TOP!NO!!
S!PIN!IC8!TOP!TOP!NO!!
S!PIN!IC8!TOP!TOP!NO!!
S!PIN!IC8!TOP!TOP!NO!!
S!PIN!IC8!TOP!TOP!NO!!
S!PIN!IC8!TOP!TOP!NO!!
S!PIN!IC8!TOP!TOP!NO!!
S!PIN!IC8!TOP!TOP!NO!!
S!PIN!IC8!TOP!TOP!NO!!
S!PIN!IC8!TOP!TOP!NO!!
S!PIN!IC8!TOP!TOP!NO!!
S!PIN!IC8!TOP!TOP!NO!!
S!PIN!IC8!TOP!TOP!NO!!
S!PIN!IC8!TOP!TOP!NO!!
S!PIN!IC8!TOP!TOP!NO!!
S!PIN!IC8!TOP!TOP!NO!!
S!PIN!IC8!TOP!TOP!NO!!
S!PIN!IC8!TOP!TOP!NO!!
S!PIN!IC8!TOP!TOP!NO!!
S!PIN!IC8!TOP!TOP!NO!!
S!PIN!IC8!TOP!TOP!NO!!
S!PIN!IC8!TOP!TOP!NO!!
S!PIN!IC8!TOP!TOP!NO!!
S!PIN!IC8!TOP!TOP!NO!!
S!PIN!IC8!TOP!TOP!NO!!
S!PIN!IC8!TOP!TOP!NO!!
S!PIN!IC8!TOP!TOP!NO!!
S!PIN!IC8!TOP!TOP!NO!!
S!PIN!IC8!TOP!TOP!NO!!
S!PIN!IC8!TOP!TOP!NO!!
S!PIN!IC8!TOP!TOP!NO!!
S!PIN!IC8!TOP!TOP!NO!!
S!PIN!IC8!TOP!TOP!NO!!
S!PIN!IC8!TOP!TOP!NO!!
S!PIN!IC8!TOP!TOP!NO!!
S!PIN!IC8!TOP!TOP!NO!!
S!PIN!IC8!TOP!TOP!NO!!
S!PIN!IC8!TOP!TOP!NO!!
S!PIN!IC8!TOP!TOP!NO!!
S!PIN!IC8!TOP!TOP!NO!!
S!PIN!IC8!TOP!TOP!NO!!
S!PIN!IC8!TOP!TOP!NO!!
S!PIN!IC8!TOP!TOP!NO!!
S!PIN!IC8!TOP!TOP!NO!!
S!PIN!IC8!TOP!TOP!NO!!
S!PIN!IC8!TOP!TOP!NO!!
S!PIN!IC8!TOP!TOP!NO!!
S!PIN!IC8!TOP!TOP!NO!!
S!PIN!IC8!TOP!TOP!NO!!
S!PIN!IC8!TOP!TOP!NO!!
S!PIN!IC8!TOP!TOP!NO!!
S!PIN!IC8!TOP!TOP!NO!!
S!PIN!IC8!TOP!TOP!NO!!
S!PIN!IC8!TOP!TOP!NO!!
S!PIN!IC8!TOP!TOP!NO!!
S!PIN!IC8!TOP!TOP!NO!!
S!PIN!IC8!TOP!TOP!NO!!
S!PIN!IC8!TOP!TOP!NO!!
S!PIN!IC8!TOP!TOP!NO!!
S!PIN!J3!TOP!TOP!NO!!
S!PIN!J3!TOP!TOP!NO!!
S!PIN!J3!TOP!TOP!NO!!
S!PIN!J3!TOP!TOP!NO!!
S!PIN!J3!TOP!TOP!NO!!
S!PIN!J3!TOP!TOP!NO!!
S!PIN!J3!TOP!TOP!NO!!
S!PIN!J3!TOP!TOP!NO!!
S!PIN!J3!TOP!TOP!NO!!
S!PIN!J3!TOP!TOP!NO!!
S!PIN!J2!TOP!TOP!NO!!
S!PIN!J2!TOP!TOP!NO!!
S!PIN!J2!TOP!TOP!NO!!
S!PIN!J2!TOP!TOP!NO!!
S!PIN!J2!TOP!TOP!NO!!
S!PIN!J2!TOP!TOP!NO!!
S!PIN!J2!TOP!TOP!NO!!
S!PIN!J2!TOP!TOP!NO!!
S!PIN!J2!TOP!TOP!NO!!
S!PIN!J2!TOP!TOP!NO!!
S!PIN!R1!TOP!TOP!NO!!
S!PIN!R1!TOP!TOP!NO!!
S!PIN!Q4!TOP!TOP!NO!!
S!PIN!Q4!TOP!TOP!NO!!
S!PIN!Q4!TOP!TOP!NO!!
S!PIN!Q4!TOP!TOP!NO!!
S!PIN!Q4!TOP!TOP!NO!!
S!PIN!Q4!TOP!TOP!NO!!
S!PIN!Q4!TOP!TOP!NO!!
S!PIN!LED1!TOP!TOP!NO!!
S!PIN!LED1!TOP!TOP!NO!!
S!PIN!LED1!TOP!TOP!NO!!
S!PIN!IC7!TOP!TOP!NO!!
S!PIN!IC7!TOP!TOP!NO!!
S!PIN!IC7!TOP!TOP!NO!!
S!PIN!IC7!TOP!TOP!NO!!
S!PIN!IC7!TOP!TOP!NO!!
S!PIN!IC7!TOP!TOP!NO!!
S!PIN!IC7!TOP!TOP!NO!!
S!PIN!IC7!TOP!TOP!NO!!
S!PIN!IC7!TOP!TOP!NO!!
S!PIN!IC7!TOP!TOP!NO!!
S!PIN!IC7!TOP!TOP!NO!!
S!PIN!IC7!TOP!TOP!NO!!
S!PIN!IC7!TOP!TOP!NO!!
S!PIN!IC7!TOP!TOP!NO!!
S!PIN!IC7!TOP!TOP!NO!!
S!PIN!IC7!TOP!TOP!NO!!
S!PIN!IC7!TOP!TOP!NO!!
S!PIN!IC7!TOP!TOP!NO!!
S!PIN!IC7!TOP!TOP!NO!!
S!PIN!IC7!TOP!TOP!NO!!
S!PIN!IC7!TOP!TOP!NO!!
S!PIN!IC7!TOP!TOP!NO!!
S!PIN!IC7!TOP!TOP!NO!!
S!PIN!IC7!TOP!TOP!NO!!
S!PIN!IC7!TOP!TOP!NO!!
S!PIN!IC7!TOP!TOP!NO!!
S!PIN!IC7!TOP!TOP!NO!!
S!PIN!IC7!TOP!TOP!NO!!
S!PIN!IC6!TOP!TOP!NO!!
S!PIN!IC6!TOP!TOP!NO!!
S!PIN!IC6!TOP!TOP!NO!!
S!PIN!IC6!TOP!TOP!NO!!
S!PIN!IC6!TOP!TOP!NO!!
S!PIN!IC6!TOP!TOP!NO!!
S!PIN!IC5!TOP!TOP!NO!!
S!PIN!IC5!TOP!TOP!NO!!
S!PIN!IC5!TOP!TOP!NO!!
S!PIN!IC5!TOP!TOP!NO!!
S!PIN!IC4!TOP!TOP!NO!!
S!PIN!IC4!TOP!TOP!NO!!
S!PIN!IC4!TOP!TOP!NO!!
S!PIN!IC4!TOP!TOP!NO!!
S!PIN!IC4!TOP!TOP!NO!!
S!PIN!IC4!TOP!TOP!NO!!
S!PIN!IC4!TOP!TOP!NO!!
S!PIN!IC4!TOP!TOP!NO!!
S!PIN!D2!TOP!TOP!NO!!
S!PIN!D2!TOP!TOP!NO!!
S!PIN!D1!TOP!TOP!NO!!
S!PIN!D1!TOP!TOP!NO!!
S!PIN!Q3!TOP!TOP!NO!!
S!PIN!Q3!TOP!TOP!NO!!
S!PIN!Q3!TOP!TOP!NO!!
S!PIN!Q2!TOP!TOP!NO!!
S!PIN!Q2!TOP!TOP!NO!!
S!PIN!Q2!TOP!TOP!NO!!
S!PIN!Q1!TOP!TOP!NO!!
S!PIN!Q1!TOP!TOP!NO!!
S!PIN!Q1!TOP!TOP!NO!!
S!PIN!IC3!TOP!TOP!NO!!
S!PIN!IC3!TOP!TOP!NO!!
S!PIN!IC3!TOP!TOP!NO!!
S!PIN!IC3!TOP!TOP!NO!!
S!PIN!IC3!TOP!TOP!NO!!
S!PIN!IC2!TOP!TOP!NO!!
S!PIN!IC2!TOP!TOP!NO!!
S!PIN!IC2!TOP!TOP!NO!!
S!PIN!IC2!TOP!TOP!NO!!
S!PIN!IC1!TOP!TOP!NO!!
S!PIN!IC1!TOP!TOP!NO!!
S!PIN!IC1!TOP!TOP!NO!!
