A!REFDES!PART_NUMBER!PART_NAME!VALUE!
J!d:/projects/projectscience/electronics/dosti_pcbruler/allegro/pcb_ruler.brd!Wed Jun 19 14:43:44 2024!0.0000!0.0000!533.4000!431.8000!0.0001!millimeters!PCB_RULER!10.400000 mil!2!UP TO DATE!
S!IC10!!STM32L072CZT6TR!STM32L072CZT6TR!
S!IC11!!PIC16F15276-I_PT!PIC16F15276-I_PT!
S!IC12!!AVR64DU32-I_PT!AVR64DU32-I_PT!
S!IC13!!5M240ZM100C5N!5M240ZM100C5N!
S!IC14!!TLP293-4_V4GBTPE!TLP293-4_V4GBTPE!
S!IC15!!EFM8LB12F64E-C-QFP32!EFM8LB12F64E-C-QFP32!
S!IC16!!EFM32G232F128G-E-QFP64R!EFM32G232F128G-E-QFP64R!
S!IC17!!R7FA2L1AB2DFP#HA0!R7FA2L1AB2DFP#HA0!
S!IC8!!STM32H562RGT6!STM32H562RGT6!
S!J2!!95278-401A10LF!95278-401A10LF!
S!J3!!95278-401A10LF!95278-401A10LF!
S!D1!!ZM4748A_L0!ZM4748A_L0!
S!D2!!SMCJ100A-Q!SMCJ100A-Q!
S!IC4!!74LVC1G123DC,125!74LVC1G123DC_125!
S!IC5!!AP7381-50Y-13!AP7381-50Y-13!
S!IC6!!NCV5662DSADJR4G!NCV5662DSADJR4G!
S!IC7!!LTC2439-1IGN#PBF!LTC2439-1IGN#PBF!
S!LED1!!XPGDWT-Q1-0000-00XPP!XPGDWT-Q1-0000-00XPP!
S!Q4!!IRFS7530TRL7PP!IRFS7530TRL7PP!
S!R1!!MMA02040E1001BB300!MMA02040E1001BB300!
S!IC1!!AP7384-33SA-7!AP7384-33SA-7!
S!IC2!!MCP1799T-5002H_DB!MCP1799T-5002H_DB!
S!IC3!!TPS76901SDBVTEP!TPS76901SDBVTEP!
S!Q1!!BC817-25W!BC817-25W!
S!Q2!!IRFR010PBF-BE3!IRFR010PBF-BE3!
S!Q3!!MMBT3904T-7-F!MMBT3904T-7-F!
