2023-12-27 12:14:36,871 [INFO] Activator:176 - 


2023-12-27 12:14:36,871 [INFO] Activator:177 - !SESSION log4j initialized
2023-12-27 12:14:41,913 [INFO] LogOutputStream:77 - [STDOUT_REDIRECT] 
2023-12-27 12:14:46,649 [INFO] ApplicationProperties:184 - Using Application install path: C:\ST\STM32CubeIDE_1.13.2\STM32CubeIDE\plugins\com.st.stm32cube.common.mx_6.10.0.202311202037
2023-12-27 12:14:46,691 [INFO] DbMcusXml:78 - Set database path to: C:\ST\STM32CubeIDE_1.13.2\STM32CubeIDE\plugins\com.st.stm32cube.common.mx_6.10.0.202311202037\\db\/mcu/
2023-12-27 12:14:46,691 [INFO] ApiDb:274 - Set plugin database path to: C:\ST\STM32CubeIDE_1.13.2\STM32CubeIDE\plugins\com.st.stm32cube.common.mx_6.10.0.202311202037\\db\/plugins/boardmanager/
2023-12-27 12:14:46,692 [WARN] ApiDb:259 - Overriding images path with different value:  => C:\ST\STM32CubeIDE_1.13.2\STM32CubeIDE\plugins\com.st.stm32cube.common.mx_6.10.0.202311202037\\db\/plugins/mcufinder/images/
2023-12-27 12:14:46,712 [INFO] ApiDb:250 - Set database path to: C:\Users\useroot\.stmcufinder\plugins\mcufinder//mcu/
2023-12-27 12:14:46,715 [INFO] DbMcusAds:125 - Set database path to: C:\Users\useroot\.stmcufinder\plugins\mcufinder//mcu/
2023-12-27 12:14:46,719 [INFO] CrossReferenceDbSqlite:203 - Set database path to: C:\Users\useroot\.stmcufinder\plugins\mcufinder//mcu/cs/
2023-12-27 12:14:46,988 [INFO] RulesReader:64 - Compatibility file has been processed (297 Rules)
2023-12-27 12:14:47,170 [INFO] DbMcusXml:78 - Set database path to: C:\ST\STM32CubeIDE_1.13.2\STM32CubeIDE\plugins\com.st.stm32cube.common.mx_6.10.0.202311202037\\db\/mcu/
2023-12-27 12:14:47,170 [INFO] ApiDb:274 - Set plugin database path to: C:\ST\STM32CubeIDE_1.13.2\STM32CubeIDE\plugins\com.st.stm32cube.common.mx_6.10.0.202311202037\\db\/plugins/boardmanager/
2023-12-27 12:14:47,171 [INFO] ApiDb:261 - Set plugin images path to: C:\ST\STM32CubeIDE_1.13.2\STM32CubeIDE\plugins\com.st.stm32cube.common.mx_6.10.0.202311202037\\db\/plugins/mcufinder/images/
2023-12-27 12:14:47,171 [WARN] DbFile:41 - Overriding database path with different value: C:\Users\useroot\.stmcufinder\plugins\mcufinder/ => C:\Users\useroot\.stmcufinder\plugins\mcufinder
2023-12-27 12:14:47,172 [INFO] ApiDb:250 - Set database path to: C:\Users\useroot\.stmcufinder\plugins\mcufinder//mcu/
2023-12-27 12:14:47,172 [WARN] DbFile:41 - Overriding database path with different value: C:\Users\useroot\.stmcufinder\plugins\mcufinder/ => C:\Users\useroot\.stmcufinder\plugins\mcufinder
2023-12-27 12:14:47,172 [INFO] DbMcusAds:125 - Set database path to: C:\Users\useroot\.stmcufinder\plugins\mcufinder//mcu/
2023-12-27 12:14:47,172 [WARN] DbFile:41 - Overriding database path with different value: C:\Users\useroot\.stmcufinder\plugins\mcufinder/ => C:\Users\useroot\.stmcufinder\plugins\mcufinder
2023-12-27 12:14:47,172 [WARN] DbFile:41 - Overriding database path with different value: C:\Users\useroot\.stmcufinder\plugins\mcufinder/ => C:\Users\useroot\.stmcufinder\plugins\mcufinder
2023-12-27 12:14:47,173 [INFO] CrossReferenceDbSqlite:203 - Set database path to: C:\Users\useroot\.stmcufinder\plugins\mcufinder//mcu/cs/
2023-12-27 12:14:47,346 [INFO] MainPanel:264 - HeapMemory: 268435456
2023-12-27 12:14:47,545 [INFO] DbMcusXml:78 - Set database path to: C:\ST\STM32CubeIDE_1.13.2\STM32CubeIDE\plugins\com.st.stm32cube.common.mx_6.10.0.202311202037\\db\/mcu/
2023-12-27 12:14:47,546 [INFO] ApiDb:274 - Set plugin database path to: C:\ST\STM32CubeIDE_1.13.2\STM32CubeIDE\plugins\com.st.stm32cube.common.mx_6.10.0.202311202037\\db\/plugins/boardmanager/
2023-12-27 12:14:47,546 [INFO] ApiDb:261 - Set plugin images path to: C:\ST\STM32CubeIDE_1.13.2\STM32CubeIDE\plugins\com.st.stm32cube.common.mx_6.10.0.202311202037\\db\/plugins/mcufinder/images/
2023-12-27 12:14:47,547 [WARN] DbFile:41 - Overriding database path with different value: C:\Users\useroot\.stmcufinder\plugins\mcufinder/ => C:\Users\useroot\.stmcufinder\plugins\mcufinder
2023-12-27 12:14:47,547 [INFO] ApiDb:250 - Set database path to: C:\Users\useroot\.stmcufinder\plugins\mcufinder//mcu/
2023-12-27 12:14:47,547 [WARN] DbFile:41 - Overriding database path with different value: C:\Users\useroot\.stmcufinder\plugins\mcufinder/ => C:\Users\useroot\.stmcufinder\plugins\mcufinder
2023-12-27 12:14:47,547 [INFO] DbMcusAds:125 - Set database path to: C:\Users\useroot\.stmcufinder\plugins\mcufinder//mcu/
2023-12-27 12:14:47,548 [WARN] DbFile:41 - Overriding database path with different value: C:\Users\useroot\.stmcufinder\plugins\mcufinder/ => C:\Users\useroot\.stmcufinder\plugins\mcufinder
2023-12-27 12:14:47,548 [WARN] DbFile:41 - Overriding database path with different value: C:\Users\useroot\.stmcufinder\plugins\mcufinder/ => C:\Users\useroot\.stmcufinder\plugins\mcufinder
2023-12-27 12:14:47,548 [INFO] CrossReferenceDbSqlite:203 - Set database path to: C:\Users\useroot\.stmcufinder\plugins\mcufinder//mcu/cs/
2023-12-27 12:14:47,588 [INFO] ApplicationProperties:184 - Using Application install path: C:\ST\STM32CubeIDE_1.13.2\STM32CubeIDE\plugins\com.st.stm32cube.common.mx_6.10.0.202311202037
2023-12-27 12:14:47,592 [INFO] PluginManage:196 - Search for loadable plugins [exclusion list=, ]
2023-12-27 12:14:47,595 [INFO] PluginManage:310 - Check plugin analytics
2023-12-27 12:14:48,026 [INFO] AnalyticsPlugin:253 - Accepted Software Licenses: 
2023-12-27 12:14:48,026 [INFO] AnalyticsPlugin:255 - Accepted CMSIS Pack Licenses: 
2023-12-27 12:14:48,027 [INFO] AnalyticsPlugin:257 - Accepted Firmware Licenses: 
2023-12-27 12:14:48,034 [INFO] PluginManage:359 - Loaded plugin analytics (category:tool,tabindex:-1)
2023-12-27 12:14:48,035 [INFO] PluginManage:310 - Check plugin cadmodel
2023-12-27 12:14:48,047 [INFO] CADModel:105 - Init CAD model plugin
2023-12-27 12:14:48,047 [INFO] PluginManage:359 - Loaded plugin cadmodel (category:power,tabindex:5)
2023-12-27 12:14:48,047 [INFO] PluginManage:310 - Check plugin clock
2023-12-27 12:14:48,074 [INFO] PluginManage:359 - Loaded plugin clock (category:base,tabindex:2)
2023-12-27 12:14:48,074 [INFO] PluginManage:310 - Check plugin ddr
2023-12-27 12:14:48,079 [INFO] PluginManage:359 - Loaded plugin ddr (category:tool,tabindex:6)
2023-12-27 12:14:48,080 [INFO] PluginManage:310 - Check plugin filemanager
2023-12-27 12:14:48,331 [INFO] PluginManage:359 - Loaded plugin filemanager (category:base,tabindex:10)
2023-12-27 12:14:48,331 [INFO] PluginManage:310 - Check plugin ipmanager
2023-12-27 12:14:48,345 [INFO] PluginManage:359 - Loaded plugin ipmanager (category:base,tabindex:5)
2023-12-27 12:14:48,345 [INFO] PluginManage:310 - Check plugin lpbam
2023-12-27 12:14:48,360 [INFO] PluginManage:359 - Loaded plugin lpbam (category:base,tabindex:0)
2023-12-27 12:14:48,360 [INFO] PluginManage:310 - Check plugin memorymap
2023-12-27 12:14:48,390 [INFO] PluginManage:359 - Loaded plugin memorymap (category:base,tabindex:4)
2023-12-27 12:14:48,390 [INFO] PluginManage:310 - Check plugin pinoutandconfiguration
2023-12-27 12:14:48,441 [INFO] PluginManage:359 - Loaded plugin pinoutandconfiguration (category:base,tabindex:1)
2023-12-27 12:14:48,441 [INFO] PluginManage:310 - Check plugin pinoutconfig
2023-12-27 12:14:48,640 [WARN] SupportedApi:132 - Cannot load RTOS API schema: s4s-elt-must-match.1: The content of 'definitions' must match (annotation?, (simpleType | complexType)?, (unique | key | keyref)*)). A problem was found starting at: attribute.
2023-12-27 12:14:48,870 [INFO] PluginManage:359 - Loaded plugin pinoutconfig (category:base,tabindex:0)
2023-12-27 12:14:48,871 [INFO] PluginManage:310 - Check plugin power
2023-12-27 12:14:48,892 [INFO] PluginManage:359 - Loaded plugin power (category:power,tabindex:4)
2023-12-27 12:14:48,892 [INFO] PluginManage:310 - Check plugin projectmanager
2023-12-27 12:14:48,925 [INFO] PluginManage:359 - Loaded plugin projectmanager (category:projectmanager,tabindex:3)
2023-12-27 12:14:48,925 [INFO] PluginManage:310 - Check plugin thirdparty
2023-12-27 12:14:49,250 [INFO] PluginManage:359 - Loaded plugin thirdparty (category:base,tabindex:-1)
2023-12-27 12:14:49,251 [INFO] PluginManage:310 - Check plugin tools
2023-12-27 12:14:49,250 [WARN] IntegrityCheckThread:84 - waiting for thirdparty lock release [integrity check]
2023-12-27 12:14:49,252 [INFO] IntegrityCheckThread:86 - entering critical section [integrity check]
2023-12-27 12:14:49,253 [INFO] ThirdPartyUpdaterWithRetryManager:70 - Updater plugin not ready yet. [1/15]
2023-12-27 12:14:49,258 [INFO] PluginManage:359 - Loaded plugin tools (category:base,tabindex:7)
2023-12-27 12:14:49,259 [INFO] PluginManage:310 - Check plugin tutovideos
2023-12-27 12:14:49,666 [INFO] PluginManage:359 - Loaded plugin tutovideos (category:base,tabindex:-1)
2023-12-27 12:14:49,667 [INFO] PluginManage:310 - Check plugin updater
2023-12-27 12:14:49,690 [INFO] PluginManage:359 - Loaded plugin updater (category:base,tabindex:12)
2023-12-27 12:14:49,691 [INFO] PluginManage:310 - Check plugin userauth
2023-12-27 12:14:49,703 [INFO] UserAuth:114 - Init User Auth plugin
2023-12-27 12:14:49,703 [INFO] PluginManage:359 - Loaded plugin userauth (category:base,tabindex:14)
2023-12-27 12:14:49,704 [INFO] PluginManage:283 - PluginManage : Loaded plugins [17]
2023-12-27 12:14:50,197 [INFO] PinOutPanel:1499 - setPackage(No Configuration,No Configuration)
2023-12-27 12:14:50,368 [INFO] CADModel:165 - CPN selected for project level
2023-12-27 12:14:50,368 [INFO] CADModel:114 - Register for checkConnection events
2023-12-27 12:14:50,411 [INFO] IPUIPlugin:80 - create IPUIPlugin
2023-12-27 12:14:50,412 [INFO] PluginManager:220 - loadIPPluginJar : add adc
2023-12-27 12:14:50,418 [INFO] IPUIPlugin:80 - create IPUIPlugin
2023-12-27 12:14:50,418 [INFO] PluginManager:220 - loadIPPluginJar : add aes
2023-12-27 12:14:50,425 [INFO] IPUIPlugin:80 - create IPUIPlugin
2023-12-27 12:14:50,426 [INFO] PluginManager:220 - loadIPPluginJar : add can
2023-12-27 12:14:50,430 [INFO] IPUIPlugin:80 - create IPUIPlugin
2023-12-27 12:14:50,430 [INFO] PluginManager:220 - loadIPPluginJar : add comp
2023-12-27 12:14:50,437 [INFO] IPUIPlugin:80 - create IPUIPlugin
2023-12-27 12:14:50,437 [INFO] PluginManager:220 - loadIPPluginJar : add cryp
2023-12-27 12:14:50,444 [INFO] IPUIPlugin:80 - create IPUIPlugin
2023-12-27 12:14:50,444 [INFO] PluginManager:220 - loadIPPluginJar : add dfsdm
2023-12-27 12:14:50,456 [INFO] IPUIPlugin:80 - create IPUIPlugin
2023-12-27 12:14:50,458 [INFO] PluginManager:220 - loadIPPluginJar : add dma
2023-12-27 12:14:50,464 [INFO] IPUIPlugin:80 - create IPUIPlugin
2023-12-27 12:14:50,464 [INFO] PluginManager:220 - loadIPPluginJar : add dma3
2023-12-27 12:14:50,468 [INFO] IPUIPlugin:80 - create IPUIPlugin
2023-12-27 12:14:50,469 [INFO] PluginManager:220 - loadIPPluginJar : add fatfs
2023-12-27 12:14:50,479 [INFO] IPUIPlugin:80 - create IPUIPlugin
2023-12-27 12:14:50,479 [INFO] PluginManager:220 - loadIPPluginJar : add fmc
2023-12-27 12:14:50,491 [INFO] IPUIPlugin:80 - create IPUIPlugin
2023-12-27 12:14:50,492 [INFO] PluginManager:220 - loadIPPluginJar : add freertos
2023-12-27 12:14:50,496 [INFO] IPUIPlugin:80 - create IPUIPlugin
2023-12-27 12:14:50,496 [INFO] PluginManager:220 - loadIPPluginJar : add genericplugin
2023-12-27 12:14:50,502 [INFO] IPUIPlugin:80 - create IPUIPlugin
2023-12-27 12:14:50,503 [INFO] PluginManager:220 - loadIPPluginJar : add gfxmmu
2023-12-27 12:14:50,514 [INFO] IPUIPlugin:80 - create IPUIPlugin
2023-12-27 12:14:50,515 [INFO] PluginManager:220 - loadIPPluginJar : add gic
2023-12-27 12:14:50,524 [INFO] IPUIPlugin:80 - create IPUIPlugin
2023-12-27 12:14:50,525 [INFO] PluginManager:220 - loadIPPluginJar : add gpio
2023-12-27 12:14:50,532 [INFO] IPUIPlugin:80 - create IPUIPlugin
2023-12-27 12:14:50,532 [INFO] PluginManager:220 - loadIPPluginJar : add gtzc
2023-12-27 12:14:50,538 [INFO] IPUIPlugin:80 - create IPUIPlugin
2023-12-27 12:14:50,538 [INFO] PluginManager:220 - loadIPPluginJar : add hash
2023-12-27 12:14:50,545 [INFO] IPUIPlugin:80 - create IPUIPlugin
2023-12-27 12:14:50,546 [INFO] PluginManager:220 - loadIPPluginJar : add i2c
2023-12-27 12:14:50,551 [INFO] IPUIPlugin:80 - create IPUIPlugin
2023-12-27 12:14:50,551 [INFO] PluginManager:220 - loadIPPluginJar : add i2s
2023-12-27 12:14:50,558 [INFO] IPUIPlugin:80 - create IPUIPlugin
2023-12-27 12:14:50,559 [INFO] PluginManager:220 - loadIPPluginJar : add i3c
2023-12-27 12:14:50,565 [INFO] IPUIPlugin:80 - create IPUIPlugin
2023-12-27 12:14:50,566 [INFO] PluginManager:220 - loadIPPluginJar : add ipddr
2023-12-27 12:14:50,581 [INFO] IPUIPlugin:80 - create IPUIPlugin
2023-12-27 12:14:50,581 [INFO] PluginManager:220 - loadIPPluginJar : add linkedlist
2023-12-27 12:14:50,587 [INFO] IPUIPlugin:80 - create IPUIPlugin
2023-12-27 12:14:50,588 [INFO] PluginManager:220 - loadIPPluginJar : add lorawan
2023-12-27 12:14:50,592 [INFO] IPUIPlugin:80 - create IPUIPlugin
2023-12-27 12:14:50,592 [INFO] PluginManager:220 - loadIPPluginJar : add ltdc
2023-12-27 12:14:50,605 [INFO] IPUIPlugin:80 - create IPUIPlugin
2023-12-27 12:14:50,606 [INFO] PluginManager:220 - loadIPPluginJar : add mdma
2023-12-27 12:14:50,614 [INFO] IPUIPlugin:80 - create IPUIPlugin
2023-12-27 12:14:50,614 [INFO] PluginManager:220 - loadIPPluginJar : add nvic
2023-12-27 12:14:50,621 [INFO] IPUIPlugin:80 - create IPUIPlugin
2023-12-27 12:14:50,621 [INFO] PluginManager:220 - loadIPPluginJar : add opamp
2023-12-27 12:14:50,629 [INFO] IPUIPlugin:80 - create IPUIPlugin
2023-12-27 12:14:50,629 [INFO] PluginManager:220 - loadIPPluginJar : add openamp
2023-12-27 12:14:50,636 [INFO] IPUIPlugin:80 - create IPUIPlugin
2023-12-27 12:14:50,637 [INFO] PluginManager:220 - loadIPPluginJar : add pdm2pcm
2023-12-27 12:14:50,650 [INFO] IPUIPlugin:80 - create IPUIPlugin
2023-12-27 12:14:50,655 [INFO] PluginManager:220 - loadIPPluginJar : add plateformsettings
2023-12-27 12:14:50,659 [INFO] IPUIPlugin:80 - create IPUIPlugin
2023-12-27 12:14:50,659 [INFO] PluginManager:220 - loadIPPluginJar : add quadspi
2023-12-27 12:14:50,669 [INFO] IPUIPlugin:80 - create IPUIPlugin
2023-12-27 12:14:50,670 [INFO] PluginManager:220 - loadIPPluginJar : add resmgrutility
2023-12-27 12:14:50,678 [INFO] IPUIPlugin:80 - create IPUIPlugin
2023-12-27 12:14:50,678 [INFO] PluginManager:220 - loadIPPluginJar : add sai
2023-12-27 12:14:50,684 [INFO] IPUIPlugin:80 - create IPUIPlugin
2023-12-27 12:14:50,684 [INFO] PluginManager:220 - loadIPPluginJar : add spi
2023-12-27 12:14:50,696 [INFO] IPUIPlugin:80 - create IPUIPlugin
2023-12-27 12:14:50,696 [INFO] PluginManager:220 - loadIPPluginJar : add stm32_wpan
2023-12-27 12:14:50,701 [INFO] IPUIPlugin:80 - create IPUIPlugin
2023-12-27 12:14:50,701 [INFO] PluginManager:220 - loadIPPluginJar : add tim
2023-12-27 12:14:50,710 [INFO] IPUIPlugin:80 - create IPUIPlugin
2023-12-27 12:14:50,710 [INFO] PluginManager:220 - loadIPPluginJar : add touchsensing
2023-12-27 12:14:50,715 [INFO] IPUIPlugin:80 - create IPUIPlugin
2023-12-27 12:14:50,715 [INFO] PluginManager:220 - loadIPPluginJar : add tracer_emb
2023-12-27 12:14:50,720 [INFO] IPUIPlugin:80 - create IPUIPlugin
2023-12-27 12:14:50,720 [INFO] PluginManager:220 - loadIPPluginJar : add ts
2023-12-27 12:14:50,725 [INFO] IPUIPlugin:80 - create IPUIPlugin
2023-12-27 12:14:50,725 [INFO] PluginManager:220 - loadIPPluginJar : add tsc
2023-12-27 12:14:50,730 [INFO] IPUIPlugin:80 - create IPUIPlugin
2023-12-27 12:14:50,731 [INFO] PluginManager:220 - loadIPPluginJar : add ucpd
2023-12-27 12:14:50,737 [INFO] IPUIPlugin:80 - create IPUIPlugin
2023-12-27 12:14:50,738 [INFO] PluginManager:220 - loadIPPluginJar : add usart
2023-12-27 12:14:50,745 [INFO] IPUIPlugin:80 - create IPUIPlugin
2023-12-27 12:14:50,745 [INFO] PluginManager:220 - loadIPPluginJar : add usbx
2023-12-27 12:14:50,967 [INFO] CADModel:165 - CPN selected for project level
2023-12-27 12:14:50,968 [INFO] CADModel:114 - Register for checkConnection events
2023-12-27 12:14:50,968 [FATAL] Updater:308 - Updater called before beeing initialized
2023-12-27 12:14:50,968 [ERROR] CADModel:125 - Updater not yet initialized, retry later 
2023-12-27 12:14:51,330 [INFO] CADModel:165 - CPN selected for project level
2023-12-27 12:14:51,330 [INFO] CADModel:114 - Register for checkConnection events
2023-12-27 12:14:51,330 [FATAL] Updater:308 - Updater called before beeing initialized
2023-12-27 12:14:51,331 [ERROR] CADModel:125 - Updater not yet initialized, retry later 
2023-12-27 12:14:51,336 [FATAL] Updater:308 - Updater called before beeing initialized
2023-12-27 12:14:51,546 [FATAL] Updater:308 - Updater called before beeing initialized
2023-12-27 12:14:51,557 [INFO] DbMcusAds:53 - JSON generation date=Wed Nov 29 16:52:27 ALMT 2023 (1701255147349)
2023-12-27 12:14:51,557 [FATAL] Updater:308 - Updater called before beeing initialized
2023-12-27 12:14:51,646 [WARN] DetailPanel:346 - Failed to get advertising image, set to default
2023-12-27 12:14:51,866 [FATAL] Updater:308 - Updater called before beeing initialized
2023-12-27 12:14:51,877 [FATAL] Updater:308 - Updater called before beeing initialized
2023-12-27 12:14:51,877 [FATAL] Updater:308 - Updater called before beeing initialized
2023-12-27 12:14:51,877 [WARN] DetailPanel:346 - Failed to get advertising image, set to default
2023-12-27 12:14:51,877 [FATAL] Updater:308 - Updater called before beeing initialized
2023-12-27 12:14:51,977 [ERROR] Updater:1120 - MainUpdater not yet initialized. External WinMGr cannot be set.
2023-12-27 12:14:51,987 [INFO] Updater:1056 - Updater Version found : 6.10.0
2023-12-27 12:14:52,017 [INFO] ApplicationProperties:184 - Using Application install path: C:\ST\STM32CubeIDE_1.13.2\STM32CubeIDE\plugins\com.st.stm32cube.common.mx_6.10.0.202311202037
2023-12-27 12:14:52,256 [INFO] ThirdPartyUpdaterWithRetryManager:70 - Updater plugin not ready yet. [2/15]
2023-12-27 12:14:53,604 [INFO] MainUpdater:2873 - connection check result : 10
2023-12-27 12:14:53,606 [INFO] MainUpdater:290 - Updater Check For Update Now.
2023-12-27 12:14:53,606 [INFO] MicroXplorer:498 - Change Database Version : DB.6.0.100
2023-12-27 12:14:53,627 [INFO] McuFinderGlobals:63 - Set McuFinder mode to 2 (CubeIDE integrated)
2023-12-27 12:14:53,672 [INFO] UserAuth:404 - Internet connection configuration mode: 1
2023-12-27 12:14:53,803 [INFO] JxBrowserEngine:152 - Initiate JxBrowser Engine with user profile folder
2023-12-27 12:14:53,972 [INFO] CheckServerUpdateThread:120 - End of CheckServer Thread
2023-12-27 12:14:55,711 [INFO] WebApp:161 - Instantiating new browser for Auth
2023-12-27 12:14:55,856 [WARN] PackLoader:240 - Cannot read IP mode file for STMicroelectronics.X-CUBE-SMBUS.2.1.0
2023-12-27 12:14:55,872 [WARN] PackLoader:240 - Cannot read IP mode file for STMicroelectronics.X-CUBE-TOUCHGFX.4.23.0
2023-12-27 12:14:55,941 [WARN] PackLoader:240 - Cannot read IP mode file for STMicroelectronics.X-CUBE-AZRTOS-F7.1.1.0
2023-12-27 12:14:55,973 [WARN] PackLoader:240 - Cannot read IP mode file for STMicroelectronics.FP-SNS-MOTENV1.4.3.2
2023-12-27 12:14:55,990 [WARN] PackLoader:240 - Cannot read IP mode file for STMicroelectronics.FP-SNS-FLIGHT1.5.0.2
2023-12-27 12:14:56,014 [WARN] PackLoader:240 - Cannot read IP mode file for STMicroelectronics.X-CUBE-DISPLAY.3.0.0
2023-12-27 12:14:56,045 [WARN] PackLoader:240 - Cannot read IP mode file for STMicroelectronics.X-CUBE-BLE1.7.0.0
2023-12-27 12:14:56,058 [WARN] PackLoader:240 - Cannot read IP mode file for emotas.I-CUBE-CANOPEN.1.3.0
2023-12-27 12:14:56,066 [WARN] PackLoader:240 - Cannot read IP mode file for STMicroelectronics.X-CUBE-TOUCHGFX.4.22.1
2023-12-27 12:14:56,083 [WARN] PackLoader:240 - Cannot read IP mode file for STMicroelectronics.FP-SNS-SMARTAG2.1.2.0
2023-12-27 12:14:56,109 [INFO] LogOutputStream:77 - [STDOUT_REDIRECT] 1 : Invalid condition id : UX_CORESTACK_Condition cause : null
2023-12-27 12:14:56,110 [INFO] LogOutputStream:77 - [STDOUT_REDIRECT] 1 : Invalid condition id : UX_CORESTACK_Condition cause : null
2023-12-27 12:14:56,112 [INFO] LogOutputStream:77 - [STDOUT_REDIRECT] 1 : Invalid condition id : UX_CORESTACK_Condition cause : null
2023-12-27 12:14:56,114 [INFO] LogOutputStream:77 - [STDOUT_REDIRECT] 1 : Invalid condition id : UX_CORESTACK_Condition cause : null
2023-12-27 12:14:56,117 [INFO] LogOutputStream:77 - [STDOUT_REDIRECT] 1 : Invalid condition id : UX_CORESTACK_Condition cause : null
2023-12-27 12:14:56,127 [WARN] PackLoader:240 - Cannot read IP mode file for STMicroelectronics.X-CUBE-AZRTOS-WL.2.0.0
2023-12-27 12:14:56,149 [WARN] PackLoader:240 - Cannot read IP mode file for WES.I-CUBE-Cesium.1.3.0
2023-12-27 12:14:56,160 [WARN] PackLoader:240 - Cannot read IP mode file for STMicroelectronics.X-CUBE-BLE2.3.3.0
2023-12-27 12:14:56,172 [WARN] PackLoader:240 - Cannot read IP mode file for STMicroelectronics.X-CUBE-ALGOBUILD.1.3.0
2023-12-27 12:14:56,218 [WARN] PackLoader:240 - Cannot read IP mode file for STMicroelectronics.X-CUBE-AZRTOS-G0.1.1.0
2023-12-27 12:14:56,235 [WARN] PackLoader:240 - Cannot read IP mode file for STMicroelectronics.X-CUBE-NFC4.3.0.0
2023-12-27 12:14:56,254 [WARN] PackLoader:240 - Cannot read IP mode file for STMicroelectronics.X-CUBE-BLEMGR.3.0.0
2023-12-27 12:14:56,266 [WARN] PackLoader:240 - Cannot read IP mode file for STMicroelectronics.FP-ATR-SIGFOX1.3.2.0
2023-12-27 12:14:56,315 [WARN] PackLoader:240 - Cannot read IP mode file for SEGGER.I-CUBE-embOS.1.3.1
2023-12-27 12:14:56,407 [WARN] PackLoader:240 - Cannot read IP mode file for STMicroelectronics.X-CUBE-GNSS1.6.0.0
2023-12-27 12:14:56,461 [WARN] PackLoader:240 - Cannot read IP mode file for STMicroelectronics.X-CUBE-AZRTOS-F4.1.1.0
2023-12-27 12:14:56,474 [WARN] PackLoader:240 - Cannot read IP mode file for wolfSSL.I-CUBE-wolfSSL.5.6.4
2023-12-27 12:14:56,517 [WARN] PackLoader:240 - Cannot read IP mode file for STMicroelectronics.X-CUBE-AZRTOS-L5.2.0.0
2023-12-27 12:14:56,532 [WARN] PackLoader:240 - Cannot read IP mode file for STMicroelectronics.X-CUBE-EEPRMA1.4.2.0
2023-12-27 12:14:56,544 [WARN] PackLoader:240 - Cannot read IP mode file for ITTIA_DB.I-CUBE-ITTIADB.8.8.0
2023-12-27 12:14:56,583 [WARN] ConditionMgr:438 - getConditionDescription Invalid condition id : UX DEVICE CLASS RTOS Condition cause : null
2023-12-27 12:14:56,584 [WARN] ConditionMgr:438 - getConditionDescription Invalid condition id : UX DEVICE CLASS RTOS Condition cause : null
2023-12-27 12:14:56,590 [WARN] PackLoader:240 - Cannot read IP mode file for STMicroelectronics.X-CUBE-AZRTOS-H7.3.1.0
2023-12-27 12:14:56,592 [WARN] ConditionMgr:1039 - genDependencies : Invalid condition id : UX DEVICE CLASS RTOS Condition cause : null
2023-12-27 12:14:56,593 [WARN] ConditionMgr:1039 - genDependencies : Invalid condition id : UX DEVICE CLASS RTOS Condition cause : null
2023-12-27 12:14:56,594 [WARN] ConditionMgr:1039 - genDependencies : Invalid condition id : UX DEVICE CLASS RTOS Condition cause : null
2023-12-27 12:14:56,595 [WARN] ConditionMgr:1039 - genDependencies : Invalid condition id : UX DEVICE CLASS RTOS Condition cause : null
2023-12-27 12:14:56,595 [WARN] ConditionMgr:1039 - genDependencies : Invalid condition id : UX DEVICE CLASS RTOS Condition cause : null
2023-12-27 12:14:56,606 [WARN] PackLoader:240 - Cannot read IP mode file for STMicroelectronics.X-CUBE-NFC7.1.0.1
2023-12-27 12:14:56,624 [WARN] PackLoader:240 - Cannot read IP mode file for STMicroelectronics.X-CUBE-NFC6.3.0.0
2023-12-27 12:14:56,638 [WARN] PackLoader:240 - Cannot read IP mode file for STMicroelectronics.X-CUBE-AI.8.1.0
2023-12-27 12:14:56,664 [WARN] ConditionMgr:438 - getConditionDescription Invalid condition id : LAN8742 Phy interface Condition cause : null
2023-12-27 12:14:56,665 [WARN] PackLoader:240 - Cannot read IP mode file for STMicroelectronics.X-CUBE-AZRTOS-L4.2.0.0
2023-12-27 12:14:56,666 [WARN] ConditionMgr:1039 - genDependencies : Invalid condition id : LAN8742 Phy interface Condition cause : null
2023-12-27 12:14:56,667 [WARN] ConditionMgr:1039 - genDependencies : Invalid condition id : LAN8742 Phy interface Condition cause : null
2023-12-27 12:14:56,668 [WARN] ConditionMgr:1039 - genDependencies : Invalid condition id : LAN8742 Phy interface Condition cause : null
2023-12-27 12:14:56,678 [WARN] PackLoader:240 - Cannot read IP mode file for STMicroelectronics.X-CUBE-SFXS2LP1.4.0.0
2023-12-27 12:14:56,685 [WARN] PackLoader:240 - Cannot read IP mode file for STMicroelectronics.X-CUBE-ISPU.1.1.0
2023-12-27 12:14:56,706 [WARN] ConditionMgr:438 - getConditionDescription Invalid condition id : UX DEVICE CLASS RTOS Condition cause : null
2023-12-27 12:14:56,707 [WARN] ConditionMgr:438 - getConditionDescription Invalid condition id : UX DEVICE CLASS RTOS Condition cause : null
2023-12-27 12:14:56,711 [WARN] PackLoader:240 - Cannot read IP mode file for STMicroelectronics.X-CUBE-AZRTOS-WB.2.0.0
2023-12-27 12:14:56,712 [WARN] ConditionMgr:1039 - genDependencies : Invalid condition id : UX DEVICE CLASS RTOS Condition cause : null
2023-12-27 12:14:56,712 [WARN] ConditionMgr:1039 - genDependencies : Invalid condition id : UX DEVICE CLASS RTOS Condition cause : null
2023-12-27 12:14:56,713 [WARN] ConditionMgr:1039 - genDependencies : Invalid condition id : UX DEVICE CLASS RTOS Condition cause : null
2023-12-27 12:14:56,714 [WARN] ConditionMgr:1039 - genDependencies : Invalid condition id : UX DEVICE CLASS RTOS Condition cause : null
2023-12-27 12:14:56,714 [WARN] ConditionMgr:1039 - genDependencies : Invalid condition id : UX DEVICE CLASS RTOS Condition cause : null
2023-12-27 12:14:56,727 [WARN] PackLoader:240 - Cannot read IP mode file for STMicroelectronics.X-CUBE-SUBG2.5.0.0
2023-12-27 12:14:56,748 [WARN] PackLoader:240 - Cannot read IP mode file for STMicroelectronics.X-CUBE-AZRTOS-G4.2.0.0
2023-12-27 12:14:56,768 [WARN] PackLoader:240 - Cannot read IP mode file for Infineon.AIROC-Wi-Fi-Bluetooth-STM32.1.5.1
2023-12-27 12:14:56,779 [WARN] PackLoader:240 - Cannot read IP mode file for STMicroelectronics.FP-SNS-MOTENVWB1.1.3.0
2023-12-27 12:14:56,783 [WARN] PackLoader:240 - Cannot read IP mode file for STMicroelectronics.FP-SNS-MOTENVWB1.1.3.1
2023-12-27 12:14:56,788 [WARN] PackLoader:240 - Cannot read IP mode file for STMicroelectronics.X-CUBE-ISPU.2.0.0
2023-12-27 12:14:56,844 [WARN] PackLoader:240 - Cannot read IP mode file for STMicroelectronics.X-CUBE-MEMS1.10.0.0
2023-12-27 12:14:56,931 [INFO] WebApp:780 - Register for checkConnection events
2023-12-27 12:14:56,932 [INFO] WebApp:414 - Apply proxy settings
2023-12-27 12:14:56,932 [INFO] WebApp:499 - Chromium requires no authentication
2023-12-27 12:14:56,947 [INFO] WebApp:442 - Direct internet connection detected
2023-12-27 12:14:57,017 [WARN] PackLoader:240 - Cannot read IP mode file for STMicroelectronics.X-CUBE-FREERTOS.1.1.0
2023-12-27 12:14:57,210 [WARN] PackLoader:240 - Cannot read IP mode file for portGmbH.I-Cube-SoM-uGOAL.1.1.0
2023-12-27 12:14:57,215 [WARN] PackLoader:240 - Cannot read IP mode file for STMicroelectronics.X-CUBE-ALS.1.0.1
2023-12-27 12:14:57,220 [WARN] PackLoader:240 - Cannot read IP mode file for STMicroelectronics.FP-ATR-ASTRA1.2.0.0
2023-12-27 12:14:57,232 [WARN] PackLoader:240 - Cannot read IP mode file for STMicroelectronics.X-CUBE-TOF1.3.4.0
2023-12-27 12:14:57,259 [INFO] WebApp:192 - Starting web application
2023-12-27 12:14:57,260 [INFO] WebApp:544 - Web application path used C:\ST\STM32CubeIDE_1.13.2\STM32CubeIDE\plugins\com.st.stm32cube.common.mx_6.10.0.202311202037\db\plugins\mcufinder\reactClient1\index.html
2023-12-27 12:14:57,268 [WARN] PackLoader:240 - Cannot read IP mode file for STMicroelectronics.X-CUBE-AZRTOS-H7.3.2.0
2023-12-27 12:14:57,272 [INFO] ThirdParty:978 - Integrity check success = true
2023-12-27 12:14:57,272 [INFO] IntegrityCheckThread:100 - exiting critical section [integrity check]
2023-12-27 12:14:57,272 [INFO] IntegrityCheckThread:103 - End integrity checks thread
2023-12-27 12:15:12,952 [ERROR] LogOutputStream:75 - [STDERR_REDIRECT] SLF4J: Failed to load class "org.slf4j.impl.StaticLoggerBinder".
2023-12-27 12:15:12,953 [ERROR] LogOutputStream:75 - [STDERR_REDIRECT] SLF4J: Defaulting to no-operation (NOP) logger implementation
2023-12-27 12:15:12,957 [ERROR] LogOutputStream:75 - [STDERR_REDIRECT] SLF4J: See http://www.slf4j.org/codes.html#StaticLoggerBinder for further details.
2023-12-27 12:15:42,420 [ERROR] LogOutputStream:75 - [STDERR_REDIRECT] 
2023-12-27 12:15:50,890 [INFO] Activator:176 - 


2023-12-27 12:15:50,892 [INFO] Activator:177 - !SESSION log4j initialized
2023-12-27 12:15:56,031 [INFO] LogOutputStream:77 - [STDOUT_REDIRECT] 
2023-12-27 12:16:00,233 [INFO] ApplicationProperties:184 - Using Application install path: C:\ST\STM32CubeIDE_1.13.2\STM32CubeIDE\plugins\com.st.stm32cube.common.mx_6.10.0.202311202037
2023-12-27 12:16:00,300 [INFO] DbMcusXml:78 - Set database path to: C:\ST\STM32CubeIDE_1.13.2\STM32CubeIDE\plugins\com.st.stm32cube.common.mx_6.10.0.202311202037\\db\/mcu/
2023-12-27 12:16:00,301 [INFO] ApiDb:274 - Set plugin database path to: C:\ST\STM32CubeIDE_1.13.2\STM32CubeIDE\plugins\com.st.stm32cube.common.mx_6.10.0.202311202037\\db\/plugins/boardmanager/
2023-12-27 12:16:00,302 [WARN] ApiDb:259 - Overriding images path with different value:  => C:\ST\STM32CubeIDE_1.13.2\STM32CubeIDE\plugins\com.st.stm32cube.common.mx_6.10.0.202311202037\\db\/plugins/mcufinder/images/
2023-12-27 12:16:00,318 [INFO] ApiDb:250 - Set database path to: C:\Users\useroot\.stmcufinder\plugins\mcufinder//mcu/
2023-12-27 12:16:00,321 [INFO] DbMcusAds:125 - Set database path to: C:\Users\useroot\.stmcufinder\plugins\mcufinder//mcu/
2023-12-27 12:16:00,326 [INFO] CrossReferenceDbSqlite:203 - Set database path to: C:\Users\useroot\.stmcufinder\plugins\mcufinder//mcu/cs/
2023-12-27 12:16:00,595 [INFO] RulesReader:64 - Compatibility file has been processed (297 Rules)
2023-12-27 12:16:00,745 [INFO] DbMcusXml:78 - Set database path to: C:\ST\STM32CubeIDE_1.13.2\STM32CubeIDE\plugins\com.st.stm32cube.common.mx_6.10.0.202311202037\\db\/mcu/
2023-12-27 12:16:00,745 [INFO] ApiDb:274 - Set plugin database path to: C:\ST\STM32CubeIDE_1.13.2\STM32CubeIDE\plugins\com.st.stm32cube.common.mx_6.10.0.202311202037\\db\/plugins/boardmanager/
2023-12-27 12:16:00,746 [INFO] ApiDb:261 - Set plugin images path to: C:\ST\STM32CubeIDE_1.13.2\STM32CubeIDE\plugins\com.st.stm32cube.common.mx_6.10.0.202311202037\\db\/plugins/mcufinder/images/
2023-12-27 12:16:00,746 [WARN] DbFile:41 - Overriding database path with different value: C:\Users\useroot\.stmcufinder\plugins\mcufinder/ => C:\Users\useroot\.stmcufinder\plugins\mcufinder
2023-12-27 12:16:00,747 [INFO] ApiDb:250 - Set database path to: C:\Users\useroot\.stmcufinder\plugins\mcufinder//mcu/
2023-12-27 12:16:00,747 [WARN] DbFile:41 - Overriding database path with different value: C:\Users\useroot\.stmcufinder\plugins\mcufinder/ => C:\Users\useroot\.stmcufinder\plugins\mcufinder
2023-12-27 12:16:00,747 [INFO] DbMcusAds:125 - Set database path to: C:\Users\useroot\.stmcufinder\plugins\mcufinder//mcu/
2023-12-27 12:16:00,747 [WARN] DbFile:41 - Overriding database path with different value: C:\Users\useroot\.stmcufinder\plugins\mcufinder/ => C:\Users\useroot\.stmcufinder\plugins\mcufinder
2023-12-27 12:16:00,747 [WARN] DbFile:41 - Overriding database path with different value: C:\Users\useroot\.stmcufinder\plugins\mcufinder/ => C:\Users\useroot\.stmcufinder\plugins\mcufinder
2023-12-27 12:16:00,748 [INFO] CrossReferenceDbSqlite:203 - Set database path to: C:\Users\useroot\.stmcufinder\plugins\mcufinder//mcu/cs/
2023-12-27 12:16:00,907 [INFO] MainPanel:264 - HeapMemory: 268435456
2023-12-27 12:16:01,050 [INFO] DbMcusXml:78 - Set database path to: C:\ST\STM32CubeIDE_1.13.2\STM32CubeIDE\plugins\com.st.stm32cube.common.mx_6.10.0.202311202037\\db\/mcu/
2023-12-27 12:16:01,051 [INFO] ApiDb:274 - Set plugin database path to: C:\ST\STM32CubeIDE_1.13.2\STM32CubeIDE\plugins\com.st.stm32cube.common.mx_6.10.0.202311202037\\db\/plugins/boardmanager/
2023-12-27 12:16:01,051 [INFO] ApiDb:261 - Set plugin images path to: C:\ST\STM32CubeIDE_1.13.2\STM32CubeIDE\plugins\com.st.stm32cube.common.mx_6.10.0.202311202037\\db\/plugins/mcufinder/images/
2023-12-27 12:16:01,051 [WARN] DbFile:41 - Overriding database path with different value: C:\Users\useroot\.stmcufinder\plugins\mcufinder/ => C:\Users\useroot\.stmcufinder\plugins\mcufinder
2023-12-27 12:16:01,052 [INFO] ApiDb:250 - Set database path to: C:\Users\useroot\.stmcufinder\plugins\mcufinder//mcu/
2023-12-27 12:16:01,052 [WARN] DbFile:41 - Overriding database path with different value: C:\Users\useroot\.stmcufinder\plugins\mcufinder/ => C:\Users\useroot\.stmcufinder\plugins\mcufinder
2023-12-27 12:16:01,052 [INFO] DbMcusAds:125 - Set database path to: C:\Users\useroot\.stmcufinder\plugins\mcufinder//mcu/
2023-12-27 12:16:01,052 [WARN] DbFile:41 - Overriding database path with different value: C:\Users\useroot\.stmcufinder\plugins\mcufinder/ => C:\Users\useroot\.stmcufinder\plugins\mcufinder
2023-12-27 12:16:01,053 [WARN] DbFile:41 - Overriding database path with different value: C:\Users\useroot\.stmcufinder\plugins\mcufinder/ => C:\Users\useroot\.stmcufinder\plugins\mcufinder
2023-12-27 12:16:01,053 [INFO] CrossReferenceDbSqlite:203 - Set database path to: C:\Users\useroot\.stmcufinder\plugins\mcufinder//mcu/cs/
2023-12-27 12:16:01,091 [INFO] ApplicationProperties:184 - Using Application install path: C:\ST\STM32CubeIDE_1.13.2\STM32CubeIDE\plugins\com.st.stm32cube.common.mx_6.10.0.202311202037
2023-12-27 12:16:01,094 [INFO] PluginManage:196 - Search for loadable plugins [exclusion list=, ]
2023-12-27 12:16:01,097 [INFO] PluginManage:310 - Check plugin analytics
2023-12-27 12:16:01,508 [INFO] AnalyticsPlugin:253 - Accepted Software Licenses: 
2023-12-27 12:16:01,509 [INFO] AnalyticsPlugin:255 - Accepted CMSIS Pack Licenses: 
2023-12-27 12:16:01,509 [INFO] AnalyticsPlugin:257 - Accepted Firmware Licenses: 
2023-12-27 12:16:01,510 [INFO] PluginManage:359 - Loaded plugin analytics (category:tool,tabindex:-1)
2023-12-27 12:16:01,511 [INFO] PluginManage:310 - Check plugin cadmodel
2023-12-27 12:16:01,518 [INFO] CADModel:105 - Init CAD model plugin
2023-12-27 12:16:01,518 [INFO] PluginManage:359 - Loaded plugin cadmodel (category:power,tabindex:5)
2023-12-27 12:16:01,518 [INFO] PluginManage:310 - Check plugin clock
2023-12-27 12:16:01,533 [INFO] PluginManage:359 - Loaded plugin clock (category:base,tabindex:2)
2023-12-27 12:16:01,534 [INFO] PluginManage:310 - Check plugin ddr
2023-12-27 12:16:01,537 [INFO] PluginManage:359 - Loaded plugin ddr (category:tool,tabindex:6)
2023-12-27 12:16:01,537 [INFO] PluginManage:310 - Check plugin filemanager
2023-12-27 12:16:01,806 [INFO] PluginManage:359 - Loaded plugin filemanager (category:base,tabindex:10)
2023-12-27 12:16:01,807 [INFO] PluginManage:310 - Check plugin ipmanager
2023-12-27 12:16:01,820 [INFO] PluginManage:359 - Loaded plugin ipmanager (category:base,tabindex:5)
2023-12-27 12:16:01,820 [INFO] PluginManage:310 - Check plugin lpbam
2023-12-27 12:16:01,838 [INFO] PluginManage:359 - Loaded plugin lpbam (category:base,tabindex:0)
2023-12-27 12:16:01,838 [INFO] PluginManage:310 - Check plugin memorymap
2023-12-27 12:16:01,857 [INFO] PluginManage:359 - Loaded plugin memorymap (category:base,tabindex:4)
2023-12-27 12:16:01,857 [INFO] PluginManage:310 - Check plugin pinoutandconfiguration
2023-12-27 12:16:01,872 [INFO] PluginManage:359 - Loaded plugin pinoutandconfiguration (category:base,tabindex:1)
2023-12-27 12:16:01,872 [INFO] PluginManage:310 - Check plugin pinoutconfig
2023-12-27 12:16:02,025 [WARN] SupportedApi:132 - Cannot load RTOS API schema: s4s-elt-must-match.1: The content of 'definitions' must match (annotation?, (simpleType | complexType)?, (unique | key | keyref)*)). A problem was found starting at: attribute.
2023-12-27 12:16:02,326 [INFO] PluginManage:359 - Loaded plugin pinoutconfig (category:base,tabindex:0)
2023-12-27 12:16:02,326 [INFO] PluginManage:310 - Check plugin power
2023-12-27 12:16:02,348 [INFO] PluginManage:359 - Loaded plugin power (category:power,tabindex:4)
2023-12-27 12:16:02,348 [INFO] PluginManage:310 - Check plugin projectmanager
2023-12-27 12:16:02,388 [INFO] PluginManage:359 - Loaded plugin projectmanager (category:projectmanager,tabindex:3)
2023-12-27 12:16:02,388 [INFO] PluginManage:310 - Check plugin thirdparty
2023-12-27 12:16:02,683 [INFO] PluginManage:359 - Loaded plugin thirdparty (category:base,tabindex:-1)
2023-12-27 12:16:02,682 [WARN] IntegrityCheckThread:84 - waiting for thirdparty lock release [integrity check]
2023-12-27 12:16:02,683 [INFO] PluginManage:310 - Check plugin tools
2023-12-27 12:16:02,683 [INFO] IntegrityCheckThread:86 - entering critical section [integrity check]
2023-12-27 12:16:02,684 [INFO] ThirdPartyUpdaterWithRetryManager:70 - Updater plugin not ready yet. [1/15]
2023-12-27 12:16:02,690 [INFO] PluginManage:359 - Loaded plugin tools (category:base,tabindex:7)
2023-12-27 12:16:02,690 [INFO] PluginManage:310 - Check plugin tutovideos
2023-12-27 12:16:03,055 [INFO] PluginManage:359 - Loaded plugin tutovideos (category:base,tabindex:-1)
2023-12-27 12:16:03,056 [INFO] PluginManage:310 - Check plugin updater
2023-12-27 12:16:03,078 [INFO] PluginManage:359 - Loaded plugin updater (category:base,tabindex:12)
2023-12-27 12:16:03,079 [INFO] PluginManage:310 - Check plugin userauth
2023-12-27 12:16:03,088 [INFO] UserAuth:114 - Init User Auth plugin
2023-12-27 12:16:03,088 [INFO] PluginManage:359 - Loaded plugin userauth (category:base,tabindex:14)
2023-12-27 12:16:03,089 [INFO] PluginManage:283 - PluginManage : Loaded plugins [17]
2023-12-27 12:16:03,510 [INFO] PinOutPanel:1499 - setPackage(No Configuration,No Configuration)
2023-12-27 12:16:03,673 [INFO] CADModel:165 - CPN selected for project level
2023-12-27 12:16:03,673 [INFO] CADModel:114 - Register for checkConnection events
2023-12-27 12:16:03,708 [INFO] IPUIPlugin:80 - create IPUIPlugin
2023-12-27 12:16:03,708 [INFO] PluginManager:220 - loadIPPluginJar : add adc
2023-12-27 12:16:03,714 [INFO] IPUIPlugin:80 - create IPUIPlugin
2023-12-27 12:16:03,714 [INFO] PluginManager:220 - loadIPPluginJar : add aes
2023-12-27 12:16:03,720 [INFO] IPUIPlugin:80 - create IPUIPlugin
2023-12-27 12:16:03,721 [INFO] PluginManager:220 - loadIPPluginJar : add can
2023-12-27 12:16:03,724 [INFO] IPUIPlugin:80 - create IPUIPlugin
2023-12-27 12:16:03,724 [INFO] PluginManager:220 - loadIPPluginJar : add comp
2023-12-27 12:16:03,729 [INFO] IPUIPlugin:80 - create IPUIPlugin
2023-12-27 12:16:03,730 [INFO] PluginManager:220 - loadIPPluginJar : add cryp
2023-12-27 12:16:03,734 [INFO] IPUIPlugin:80 - create IPUIPlugin
2023-12-27 12:16:03,735 [INFO] PluginManager:220 - loadIPPluginJar : add dfsdm
2023-12-27 12:16:03,745 [INFO] IPUIPlugin:80 - create IPUIPlugin
2023-12-27 12:16:03,746 [INFO] PluginManager:220 - loadIPPluginJar : add dma
2023-12-27 12:16:03,751 [INFO] IPUIPlugin:80 - create IPUIPlugin
2023-12-27 12:16:03,751 [INFO] PluginManager:220 - loadIPPluginJar : add dma3
2023-12-27 12:16:03,755 [INFO] IPUIPlugin:80 - create IPUIPlugin
2023-12-27 12:16:03,755 [INFO] PluginManager:220 - loadIPPluginJar : add fatfs
2023-12-27 12:16:03,765 [INFO] IPUIPlugin:80 - create IPUIPlugin
2023-12-27 12:16:03,765 [INFO] PluginManager:220 - loadIPPluginJar : add fmc
2023-12-27 12:16:03,774 [INFO] IPUIPlugin:80 - create IPUIPlugin
2023-12-27 12:16:03,775 [INFO] PluginManager:220 - loadIPPluginJar : add freertos
2023-12-27 12:16:03,778 [INFO] IPUIPlugin:80 - create IPUIPlugin
2023-12-27 12:16:03,778 [INFO] PluginManager:220 - loadIPPluginJar : add genericplugin
2023-12-27 12:16:03,782 [INFO] IPUIPlugin:80 - create IPUIPlugin
2023-12-27 12:16:03,783 [INFO] PluginManager:220 - loadIPPluginJar : add gfxmmu
2023-12-27 12:16:03,793 [INFO] IPUIPlugin:80 - create IPUIPlugin
2023-12-27 12:16:03,794 [INFO] PluginManager:220 - loadIPPluginJar : add gic
2023-12-27 12:16:03,802 [INFO] IPUIPlugin:80 - create IPUIPlugin
2023-12-27 12:16:03,802 [INFO] PluginManager:220 - loadIPPluginJar : add gpio
2023-12-27 12:16:03,808 [INFO] IPUIPlugin:80 - create IPUIPlugin
2023-12-27 12:16:03,808 [INFO] PluginManager:220 - loadIPPluginJar : add gtzc
2023-12-27 12:16:03,813 [INFO] IPUIPlugin:80 - create IPUIPlugin
2023-12-27 12:16:03,814 [INFO] PluginManager:220 - loadIPPluginJar : add hash
2023-12-27 12:16:03,820 [INFO] IPUIPlugin:80 - create IPUIPlugin
2023-12-27 12:16:03,820 [INFO] PluginManager:220 - loadIPPluginJar : add i2c
2023-12-27 12:16:03,827 [INFO] IPUIPlugin:80 - create IPUIPlugin
2023-12-27 12:16:03,827 [INFO] PluginManager:220 - loadIPPluginJar : add i2s
2023-12-27 12:16:03,834 [INFO] IPUIPlugin:80 - create IPUIPlugin
2023-12-27 12:16:03,834 [INFO] PluginManager:220 - loadIPPluginJar : add i3c
2023-12-27 12:16:03,841 [INFO] IPUIPlugin:80 - create IPUIPlugin
2023-12-27 12:16:03,841 [INFO] PluginManager:220 - loadIPPluginJar : add ipddr
2023-12-27 12:16:03,856 [INFO] IPUIPlugin:80 - create IPUIPlugin
2023-12-27 12:16:03,856 [INFO] PluginManager:220 - loadIPPluginJar : add linkedlist
2023-12-27 12:16:03,863 [INFO] IPUIPlugin:80 - create IPUIPlugin
2023-12-27 12:16:03,863 [INFO] PluginManager:220 - loadIPPluginJar : add lorawan
2023-12-27 12:16:03,867 [INFO] IPUIPlugin:80 - create IPUIPlugin
2023-12-27 12:16:03,867 [INFO] PluginManager:220 - loadIPPluginJar : add ltdc
2023-12-27 12:16:03,879 [INFO] IPUIPlugin:80 - create IPUIPlugin
2023-12-27 12:16:03,880 [INFO] PluginManager:220 - loadIPPluginJar : add mdma
2023-12-27 12:16:03,887 [INFO] IPUIPlugin:80 - create IPUIPlugin
2023-12-27 12:16:03,887 [INFO] PluginManager:220 - loadIPPluginJar : add nvic
2023-12-27 12:16:03,894 [INFO] IPUIPlugin:80 - create IPUIPlugin
2023-12-27 12:16:03,894 [INFO] PluginManager:220 - loadIPPluginJar : add opamp
2023-12-27 12:16:03,901 [INFO] IPUIPlugin:80 - create IPUIPlugin
2023-12-27 12:16:03,901 [INFO] PluginManager:220 - loadIPPluginJar : add openamp
2023-12-27 12:16:03,907 [INFO] IPUIPlugin:80 - create IPUIPlugin
2023-12-27 12:16:03,908 [INFO] PluginManager:220 - loadIPPluginJar : add pdm2pcm
2023-12-27 12:16:03,920 [INFO] IPUIPlugin:80 - create IPUIPlugin
2023-12-27 12:16:03,925 [INFO] PluginManager:220 - loadIPPluginJar : add plateformsettings
2023-12-27 12:16:03,929 [INFO] IPUIPlugin:80 - create IPUIPlugin
2023-12-27 12:16:03,929 [INFO] PluginManager:220 - loadIPPluginJar : add quadspi
2023-12-27 12:16:03,936 [INFO] IPUIPlugin:80 - create IPUIPlugin
2023-12-27 12:16:03,937 [INFO] PluginManager:220 - loadIPPluginJar : add resmgrutility
2023-12-27 12:16:03,944 [INFO] IPUIPlugin:80 - create IPUIPlugin
2023-12-27 12:16:03,945 [INFO] PluginManager:220 - loadIPPluginJar : add sai
2023-12-27 12:16:03,951 [INFO] IPUIPlugin:80 - create IPUIPlugin
2023-12-27 12:16:03,951 [INFO] PluginManager:220 - loadIPPluginJar : add spi
2023-12-27 12:16:03,961 [INFO] IPUIPlugin:80 - create IPUIPlugin
2023-12-27 12:16:03,962 [INFO] PluginManager:220 - loadIPPluginJar : add stm32_wpan
2023-12-27 12:16:03,966 [INFO] IPUIPlugin:80 - create IPUIPlugin
2023-12-27 12:16:03,966 [INFO] PluginManager:220 - loadIPPluginJar : add tim
2023-12-27 12:16:03,975 [INFO] IPUIPlugin:80 - create IPUIPlugin
2023-12-27 12:16:03,975 [INFO] PluginManager:220 - loadIPPluginJar : add touchsensing
2023-12-27 12:16:03,980 [INFO] IPUIPlugin:80 - create IPUIPlugin
2023-12-27 12:16:03,980 [INFO] PluginManager:220 - loadIPPluginJar : add tracer_emb
2023-12-27 12:16:03,984 [INFO] IPUIPlugin:80 - create IPUIPlugin
2023-12-27 12:16:03,984 [INFO] PluginManager:220 - loadIPPluginJar : add ts
2023-12-27 12:16:03,988 [INFO] IPUIPlugin:80 - create IPUIPlugin
2023-12-27 12:16:03,988 [INFO] PluginManager:220 - loadIPPluginJar : add tsc
2023-12-27 12:16:03,992 [INFO] IPUIPlugin:80 - create IPUIPlugin
2023-12-27 12:16:03,993 [INFO] PluginManager:220 - loadIPPluginJar : add ucpd
2023-12-27 12:16:03,998 [INFO] IPUIPlugin:80 - create IPUIPlugin
2023-12-27 12:16:03,998 [INFO] PluginManager:220 - loadIPPluginJar : add usart
2023-12-27 12:16:04,005 [INFO] IPUIPlugin:80 - create IPUIPlugin
2023-12-27 12:16:04,005 [INFO] PluginManager:220 - loadIPPluginJar : add usbx
2023-12-27 12:16:04,224 [INFO] CADModel:165 - CPN selected for project level
2023-12-27 12:16:04,224 [INFO] CADModel:114 - Register for checkConnection events
2023-12-27 12:16:04,225 [FATAL] Updater:308 - Updater called before beeing initialized
2023-12-27 12:16:04,225 [ERROR] CADModel:125 - Updater not yet initialized, retry later 
2023-12-27 12:16:04,511 [INFO] CADModel:165 - CPN selected for project level
2023-12-27 12:16:04,512 [INFO] CADModel:114 - Register for checkConnection events
2023-12-27 12:16:04,512 [FATAL] Updater:308 - Updater called before beeing initialized
2023-12-27 12:16:04,512 [ERROR] CADModel:125 - Updater not yet initialized, retry later 
2023-12-27 12:16:04,518 [FATAL] Updater:308 - Updater called before beeing initialized
2023-12-27 12:16:04,750 [FATAL] Updater:308 - Updater called before beeing initialized
2023-12-27 12:16:04,759 [INFO] DbMcusAds:53 - JSON generation date=Wed Nov 29 16:52:27 ALMT 2023 (1701255147349)
2023-12-27 12:16:04,760 [FATAL] Updater:308 - Updater called before beeing initialized
2023-12-27 12:16:04,838 [WARN] DetailPanel:346 - Failed to get advertising image, set to default
2023-12-27 12:16:05,066 [FATAL] Updater:308 - Updater called before beeing initialized
2023-12-27 12:16:05,069 [FATAL] Updater:308 - Updater called before beeing initialized
2023-12-27 12:16:05,070 [FATAL] Updater:308 - Updater called before beeing initialized
2023-12-27 12:16:05,070 [WARN] DetailPanel:346 - Failed to get advertising image, set to default
2023-12-27 12:16:05,071 [FATAL] Updater:308 - Updater called before beeing initialized
2023-12-27 12:16:05,185 [ERROR] Updater:1120 - MainUpdater not yet initialized. External WinMGr cannot be set.
2023-12-27 12:16:05,190 [INFO] Updater:1056 - Updater Version found : 6.10.0
2023-12-27 12:16:05,227 [INFO] ApplicationProperties:184 - Using Application install path: C:\ST\STM32CubeIDE_1.13.2\STM32CubeIDE\plugins\com.st.stm32cube.common.mx_6.10.0.202311202037
2023-12-27 12:16:05,686 [INFO] ThirdPartyUpdaterWithRetryManager:70 - Updater plugin not ready yet. [2/15]
2023-12-27 12:16:06,183 [INFO] MainUpdater:2873 - connection check result : 10
2023-12-27 12:16:06,185 [INFO] MainUpdater:290 - Updater Check For Update Now.
2023-12-27 12:16:06,185 [INFO] MicroXplorer:498 - Change Database Version : DB.6.0.100
2023-12-27 12:16:06,198 [INFO] McuFinderGlobals:63 - Set McuFinder mode to 2 (CubeIDE integrated)
2023-12-27 12:16:06,198 [INFO] McuFinderGlobals:63 - Set McuFinder mode to 2 (CubeIDE integrated)
2023-12-27 12:16:06,220 [INFO] UserAuth:404 - Internet connection configuration mode: 1
2023-12-27 12:16:06,232 [INFO] UserAuth:404 - Internet connection configuration mode: 1
2023-12-27 12:16:06,271 [INFO] JxBrowserEngine:152 - Initiate JxBrowser Engine with user profile folder
2023-12-27 12:16:06,572 [INFO] CheckServerUpdateThread:120 - End of CheckServer Thread
2023-12-27 12:16:07,519 [INFO] WebApp:161 - Instantiating new browser for Auth
2023-12-27 12:16:08,476 [INFO] WebApp:780 - Register for checkConnection events
2023-12-27 12:16:08,477 [INFO] WebApp:414 - Apply proxy settings
2023-12-27 12:16:08,477 [INFO] WebApp:499 - Chromium requires no authentication
2023-12-27 12:16:08,489 [INFO] WebApp:442 - Direct internet connection detected
2023-12-27 12:16:08,847 [INFO] WebApp:192 - Starting web application
2023-12-27 12:16:08,848 [INFO] WebApp:544 - Web application path used C:\ST\STM32CubeIDE_1.13.2\STM32CubeIDE\plugins\com.st.stm32cube.common.mx_6.10.0.202311202037\db\plugins\mcufinder\reactClient1\index.html
2023-12-27 12:16:09,174 [WARN] PackLoader:240 - Cannot read IP mode file for STMicroelectronics.X-CUBE-SMBUS.2.1.0
2023-12-27 12:16:09,191 [WARN] PackLoader:240 - Cannot read IP mode file for STMicroelectronics.X-CUBE-TOUCHGFX.4.23.0
2023-12-27 12:16:09,276 [WARN] PackLoader:240 - Cannot read IP mode file for STMicroelectronics.X-CUBE-AZRTOS-F7.1.1.0
2023-12-27 12:16:09,300 [WARN] PackLoader:240 - Cannot read IP mode file for STMicroelectronics.FP-SNS-MOTENV1.4.3.2
2023-12-27 12:16:09,317 [WARN] PackLoader:240 - Cannot read IP mode file for STMicroelectronics.FP-SNS-FLIGHT1.5.0.2
2023-12-27 12:16:09,338 [WARN] PackLoader:240 - Cannot read IP mode file for STMicroelectronics.X-CUBE-DISPLAY.3.0.0
2023-12-27 12:16:09,368 [WARN] PackLoader:240 - Cannot read IP mode file for STMicroelectronics.X-CUBE-BLE1.7.0.0
2023-12-27 12:16:09,385 [WARN] PackLoader:240 - Cannot read IP mode file for emotas.I-CUBE-CANOPEN.1.3.0
2023-12-27 12:16:09,392 [WARN] PackLoader:240 - Cannot read IP mode file for STMicroelectronics.X-CUBE-TOUCHGFX.4.22.1
2023-12-27 12:16:09,402 [WARN] PackLoader:240 - Cannot read IP mode file for STMicroelectronics.FP-SNS-SMARTAG2.1.2.0
2023-12-27 12:16:09,430 [INFO] LogOutputStream:77 - [STDOUT_REDIRECT] 1 : Invalid condition id : UX_CORESTACK_Condition cause : null
2023-12-27 12:16:09,431 [INFO] LogOutputStream:77 - [STDOUT_REDIRECT] 1 : Invalid condition id : UX_CORESTACK_Condition cause : null
2023-12-27 12:16:09,433 [INFO] LogOutputStream:77 - [STDOUT_REDIRECT] 1 : Invalid condition id : UX_CORESTACK_Condition cause : null
2023-12-27 12:16:09,436 [INFO] LogOutputStream:77 - [STDOUT_REDIRECT] 1 : Invalid condition id : UX_CORESTACK_Condition cause : null
2023-12-27 12:16:09,439 [INFO] LogOutputStream:77 - [STDOUT_REDIRECT] 1 : Invalid condition id : UX_CORESTACK_Condition cause : null
2023-12-27 12:16:09,450 [WARN] PackLoader:240 - Cannot read IP mode file for STMicroelectronics.X-CUBE-AZRTOS-WL.2.0.0
2023-12-27 12:16:09,473 [WARN] PackLoader:240 - Cannot read IP mode file for WES.I-CUBE-Cesium.1.3.0
2023-12-27 12:16:09,486 [WARN] PackLoader:240 - Cannot read IP mode file for STMicroelectronics.X-CUBE-BLE2.3.3.0
2023-12-27 12:16:09,500 [WARN] PackLoader:240 - Cannot read IP mode file for STMicroelectronics.X-CUBE-ALGOBUILD.1.3.0
2023-12-27 12:16:09,543 [WARN] PackLoader:240 - Cannot read IP mode file for STMicroelectronics.X-CUBE-AZRTOS-G0.1.1.0
2023-12-27 12:16:09,557 [WARN] PackLoader:240 - Cannot read IP mode file for STMicroelectronics.X-CUBE-NFC4.3.0.0
2023-12-27 12:16:09,587 [WARN] PackLoader:240 - Cannot read IP mode file for STMicroelectronics.X-CUBE-BLEMGR.3.0.0
2023-12-27 12:16:09,611 [WARN] PackLoader:240 - Cannot read IP mode file for STMicroelectronics.FP-ATR-SIGFOX1.3.2.0
2023-12-27 12:16:09,712 [WARN] PackLoader:240 - Cannot read IP mode file for SEGGER.I-CUBE-embOS.1.3.1
2023-12-27 12:16:09,818 [WARN] PackLoader:240 - Cannot read IP mode file for STMicroelectronics.X-CUBE-GNSS1.6.0.0
2023-12-27 12:16:09,854 [WARN] PackLoader:240 - Cannot read IP mode file for STMicroelectronics.X-CUBE-AZRTOS-F4.1.1.0
2023-12-27 12:16:09,870 [WARN] PackLoader:240 - Cannot read IP mode file for wolfSSL.I-CUBE-wolfSSL.5.6.4
2023-12-27 12:16:09,915 [WARN] PackLoader:240 - Cannot read IP mode file for STMicroelectronics.X-CUBE-AZRTOS-L5.2.0.0
2023-12-27 12:16:09,937 [WARN] PackLoader:240 - Cannot read IP mode file for STMicroelectronics.X-CUBE-EEPRMA1.4.2.0
2023-12-27 12:16:09,948 [WARN] PackLoader:240 - Cannot read IP mode file for ITTIA_DB.I-CUBE-ITTIADB.8.8.0
2023-12-27 12:16:09,981 [WARN] ConditionMgr:438 - getConditionDescription Invalid condition id : UX DEVICE CLASS RTOS Condition cause : null
2023-12-27 12:16:09,982 [WARN] ConditionMgr:438 - getConditionDescription Invalid condition id : UX DEVICE CLASS RTOS Condition cause : null
2023-12-27 12:16:09,988 [WARN] PackLoader:240 - Cannot read IP mode file for STMicroelectronics.X-CUBE-AZRTOS-H7.3.1.0
2023-12-27 12:16:09,990 [WARN] ConditionMgr:1039 - genDependencies : Invalid condition id : UX DEVICE CLASS RTOS Condition cause : null
2023-12-27 12:16:09,990 [WARN] ConditionMgr:1039 - genDependencies : Invalid condition id : UX DEVICE CLASS RTOS Condition cause : null
2023-12-27 12:16:09,991 [WARN] ConditionMgr:1039 - genDependencies : Invalid condition id : UX DEVICE CLASS RTOS Condition cause : null
2023-12-27 12:16:09,992 [WARN] ConditionMgr:1039 - genDependencies : Invalid condition id : UX DEVICE CLASS RTOS Condition cause : null
2023-12-27 12:16:09,992 [WARN] ConditionMgr:1039 - genDependencies : Invalid condition id : UX DEVICE CLASS RTOS Condition cause : null
2023-12-27 12:16:10,005 [WARN] PackLoader:240 - Cannot read IP mode file for STMicroelectronics.X-CUBE-NFC7.1.0.1
2023-12-27 12:16:10,019 [WARN] PackLoader:240 - Cannot read IP mode file for STMicroelectronics.X-CUBE-NFC6.3.0.0
2023-12-27 12:16:10,029 [WARN] PackLoader:240 - Cannot read IP mode file for STMicroelectronics.X-CUBE-AI.8.1.0
2023-12-27 12:16:10,065 [WARN] ConditionMgr:438 - getConditionDescription Invalid condition id : LAN8742 Phy interface Condition cause : null
2023-12-27 12:16:10,066 [WARN] PackLoader:240 - Cannot read IP mode file for STMicroelectronics.X-CUBE-AZRTOS-L4.2.0.0
2023-12-27 12:16:10,068 [WARN] ConditionMgr:1039 - genDependencies : Invalid condition id : LAN8742 Phy interface Condition cause : null
2023-12-27 12:16:10,069 [WARN] ConditionMgr:1039 - genDependencies : Invalid condition id : LAN8742 Phy interface Condition cause : null
2023-12-27 12:16:10,070 [WARN] ConditionMgr:1039 - genDependencies : Invalid condition id : LAN8742 Phy interface Condition cause : null
2023-12-27 12:16:10,084 [WARN] PackLoader:240 - Cannot read IP mode file for STMicroelectronics.X-CUBE-SFXS2LP1.4.0.0
2023-12-27 12:16:10,094 [WARN] PackLoader:240 - Cannot read IP mode file for STMicroelectronics.X-CUBE-ISPU.1.1.0
2023-12-27 12:16:10,119 [WARN] ConditionMgr:438 - getConditionDescription Invalid condition id : UX DEVICE CLASS RTOS Condition cause : null
2023-12-27 12:16:10,120 [WARN] ConditionMgr:438 - getConditionDescription Invalid condition id : UX DEVICE CLASS RTOS Condition cause : null
2023-12-27 12:16:10,125 [WARN] PackLoader:240 - Cannot read IP mode file for STMicroelectronics.X-CUBE-AZRTOS-WB.2.0.0
2023-12-27 12:16:10,126 [WARN] ConditionMgr:1039 - genDependencies : Invalid condition id : UX DEVICE CLASS RTOS Condition cause : null
2023-12-27 12:16:10,127 [WARN] ConditionMgr:1039 - genDependencies : Invalid condition id : UX DEVICE CLASS RTOS Condition cause : null
2023-12-27 12:16:10,128 [WARN] ConditionMgr:1039 - genDependencies : Invalid condition id : UX DEVICE CLASS RTOS Condition cause : null
2023-12-27 12:16:10,129 [WARN] ConditionMgr:1039 - genDependencies : Invalid condition id : UX DEVICE CLASS RTOS Condition cause : null
2023-12-27 12:16:10,129 [WARN] ConditionMgr:1039 - genDependencies : Invalid condition id : UX DEVICE CLASS RTOS Condition cause : null
2023-12-27 12:16:10,148 [WARN] PackLoader:240 - Cannot read IP mode file for STMicroelectronics.X-CUBE-SUBG2.5.0.0
2023-12-27 12:16:10,205 [WARN] PackLoader:240 - Cannot read IP mode file for STMicroelectronics.X-CUBE-AZRTOS-G4.2.0.0
2023-12-27 12:16:10,237 [WARN] PackLoader:240 - Cannot read IP mode file for Infineon.AIROC-Wi-Fi-Bluetooth-STM32.1.5.1
2023-12-27 12:16:10,253 [WARN] PackLoader:240 - Cannot read IP mode file for STMicroelectronics.FP-SNS-MOTENVWB1.1.3.0
2023-12-27 12:16:10,259 [WARN] PackLoader:240 - Cannot read IP mode file for STMicroelectronics.FP-SNS-MOTENVWB1.1.3.1
2023-12-27 12:16:10,265 [WARN] PackLoader:240 - Cannot read IP mode file for STMicroelectronics.X-CUBE-ISPU.2.0.0
2023-12-27 12:16:10,340 [WARN] PackLoader:240 - Cannot read IP mode file for STMicroelectronics.X-CUBE-MEMS1.10.0.0
2023-12-27 12:16:10,577 [WARN] PackLoader:240 - Cannot read IP mode file for STMicroelectronics.X-CUBE-FREERTOS.1.1.0
2023-12-27 12:16:10,582 [WARN] PackLoader:240 - Cannot read IP mode file for portGmbH.I-Cube-SoM-uGOAL.1.1.0
2023-12-27 12:16:10,585 [WARN] PackLoader:240 - Cannot read IP mode file for STMicroelectronics.X-CUBE-ALS.1.0.1
2023-12-27 12:16:10,591 [WARN] PackLoader:240 - Cannot read IP mode file for STMicroelectronics.FP-ATR-ASTRA1.2.0.0
2023-12-27 12:16:10,605 [WARN] PackLoader:240 - Cannot read IP mode file for STMicroelectronics.X-CUBE-TOF1.3.4.0
2023-12-27 12:16:10,645 [WARN] PackLoader:240 - Cannot read IP mode file for STMicroelectronics.X-CUBE-AZRTOS-H7.3.2.0
2023-12-27 12:16:10,649 [INFO] ThirdParty:978 - Integrity check success = true
2023-12-27 12:16:10,649 [INFO] IntegrityCheckThread:100 - exiting critical section [integrity check]
2023-12-27 12:16:10,649 [INFO] IntegrityCheckThread:103 - End integrity checks thread
2023-12-27 12:16:16,855 [ERROR] LogOutputStream:75 - [STDERR_REDIRECT] SLF4J: Failed to load class "org.slf4j.impl.StaticLoggerBinder".
2023-12-27 12:16:16,856 [ERROR] LogOutputStream:75 - [STDERR_REDIRECT] SLF4J: Defaulting to no-operation (NOP) logger implementation
2023-12-27 12:16:16,859 [ERROR] LogOutputStream:75 - [STDERR_REDIRECT] SLF4J: See http://www.slf4j.org/codes.html#StaticLoggerBinder for further details.
2023-12-27 12:19:16,786 [ERROR] LogOutputStream:75 - [STDERR_REDIRECT] 
