2024-03-01 08:15:47,652 [INFO] Activator:176 - 


2024-03-01 08:15:47,654 [INFO] Activator:177 - !SESSION log4j initialized
2024-03-01 08:15:52,499 [INFO] LogOutputStream:77 - [STDOUT_REDIRECT] 
2024-03-01 08:15:55,249 [INFO] ApplicationProperties:184 - Using Application install path: C:\ST\STM32CubeIDE_1.13.2\STM32CubeIDE\plugins\com.st.stm32cube.common.mx_6.10.0.202311202037
2024-03-01 08:15:55,273 [INFO] DbMcusXml:78 - Set database path to: C:\ST\STM32CubeIDE_1.13.2\STM32CubeIDE\plugins\com.st.stm32cube.common.mx_6.10.0.202311202037\\db\/mcu/
2024-03-01 08:15:55,273 [INFO] ApiDb:274 - Set plugin database path to: C:\ST\STM32CubeIDE_1.13.2\STM32CubeIDE\plugins\com.st.stm32cube.common.mx_6.10.0.202311202037\\db\/plugins/boardmanager/
2024-03-01 08:15:55,274 [WARN] ApiDb:259 - Overriding images path with different value:  => C:\ST\STM32CubeIDE_1.13.2\STM32CubeIDE\plugins\com.st.stm32cube.common.mx_6.10.0.202311202037\\db\/plugins/mcufinder/images/
2024-03-01 08:15:55,286 [INFO] ApiDb:250 - Set database path to: C:\Users\useroot\.stmcufinder\plugins\mcufinder//mcu/
2024-03-01 08:15:55,287 [INFO] DbMcusAds:125 - Set database path to: C:\Users\useroot\.stmcufinder\plugins\mcufinder//mcu/
2024-03-01 08:15:55,290 [INFO] CrossReferenceDbSqlite:203 - Set database path to: C:\Users\useroot\.stmcufinder\plugins\mcufinder//mcu/cs/
2024-03-01 08:15:55,422 [INFO] RulesReader:64 - Compatibility file has been processed (297 Rules)
2024-03-01 08:15:55,531 [INFO] DbMcusXml:78 - Set database path to: C:\ST\STM32CubeIDE_1.13.2\STM32CubeIDE\plugins\com.st.stm32cube.common.mx_6.10.0.202311202037\\db\/mcu/
2024-03-01 08:15:55,531 [INFO] ApiDb:274 - Set plugin database path to: C:\ST\STM32CubeIDE_1.13.2\STM32CubeIDE\plugins\com.st.stm32cube.common.mx_6.10.0.202311202037\\db\/plugins/boardmanager/
2024-03-01 08:15:55,531 [INFO] ApiDb:261 - Set plugin images path to: C:\ST\STM32CubeIDE_1.13.2\STM32CubeIDE\plugins\com.st.stm32cube.common.mx_6.10.0.202311202037\\db\/plugins/mcufinder/images/
2024-03-01 08:15:55,532 [WARN] DbFile:41 - Overriding database path with different value: C:\Users\useroot\.stmcufinder\plugins\mcufinder/ => C:\Users\useroot\.stmcufinder\plugins\mcufinder
2024-03-01 08:15:55,532 [INFO] ApiDb:250 - Set database path to: C:\Users\useroot\.stmcufinder\plugins\mcufinder//mcu/
2024-03-01 08:15:55,532 [WARN] DbFile:41 - Overriding database path with different value: C:\Users\useroot\.stmcufinder\plugins\mcufinder/ => C:\Users\useroot\.stmcufinder\plugins\mcufinder
2024-03-01 08:15:55,532 [INFO] DbMcusAds:125 - Set database path to: C:\Users\useroot\.stmcufinder\plugins\mcufinder//mcu/
2024-03-01 08:15:55,532 [WARN] DbFile:41 - Overriding database path with different value: C:\Users\useroot\.stmcufinder\plugins\mcufinder/ => C:\Users\useroot\.stmcufinder\plugins\mcufinder
2024-03-01 08:15:55,532 [WARN] DbFile:41 - Overriding database path with different value: C:\Users\useroot\.stmcufinder\plugins\mcufinder/ => C:\Users\useroot\.stmcufinder\plugins\mcufinder
2024-03-01 08:15:55,532 [INFO] CrossReferenceDbSqlite:203 - Set database path to: C:\Users\useroot\.stmcufinder\plugins\mcufinder//mcu/cs/
2024-03-01 08:15:55,632 [INFO] MainPanel:264 - HeapMemory: 268435456
2024-03-01 08:15:55,759 [INFO] DbMcusXml:78 - Set database path to: C:\ST\STM32CubeIDE_1.13.2\STM32CubeIDE\plugins\com.st.stm32cube.common.mx_6.10.0.202311202037\\db\/mcu/
2024-03-01 08:15:55,759 [INFO] ApiDb:274 - Set plugin database path to: C:\ST\STM32CubeIDE_1.13.2\STM32CubeIDE\plugins\com.st.stm32cube.common.mx_6.10.0.202311202037\\db\/plugins/boardmanager/
2024-03-01 08:15:55,759 [INFO] ApiDb:261 - Set plugin images path to: C:\ST\STM32CubeIDE_1.13.2\STM32CubeIDE\plugins\com.st.stm32cube.common.mx_6.10.0.202311202037\\db\/plugins/mcufinder/images/
2024-03-01 08:15:55,760 [WARN] DbFile:41 - Overriding database path with different value: C:\Users\useroot\.stmcufinder\plugins\mcufinder/ => C:\Users\useroot\.stmcufinder\plugins\mcufinder
2024-03-01 08:15:55,760 [INFO] ApiDb:250 - Set database path to: C:\Users\useroot\.stmcufinder\plugins\mcufinder//mcu/
2024-03-01 08:15:55,760 [WARN] DbFile:41 - Overriding database path with different value: C:\Users\useroot\.stmcufinder\plugins\mcufinder/ => C:\Users\useroot\.stmcufinder\plugins\mcufinder
2024-03-01 08:15:55,760 [INFO] DbMcusAds:125 - Set database path to: C:\Users\useroot\.stmcufinder\plugins\mcufinder//mcu/
2024-03-01 08:15:55,760 [WARN] DbFile:41 - Overriding database path with different value: C:\Users\useroot\.stmcufinder\plugins\mcufinder/ => C:\Users\useroot\.stmcufinder\plugins\mcufinder
2024-03-01 08:15:55,760 [WARN] DbFile:41 - Overriding database path with different value: C:\Users\useroot\.stmcufinder\plugins\mcufinder/ => C:\Users\useroot\.stmcufinder\plugins\mcufinder
2024-03-01 08:15:55,760 [INFO] CrossReferenceDbSqlite:203 - Set database path to: C:\Users\useroot\.stmcufinder\plugins\mcufinder//mcu/cs/
2024-03-01 08:15:55,784 [INFO] ApplicationProperties:184 - Using Application install path: C:\ST\STM32CubeIDE_1.13.2\STM32CubeIDE\plugins\com.st.stm32cube.common.mx_6.10.0.202311202037
2024-03-01 08:15:55,786 [INFO] PluginManage:196 - Search for loadable plugins [exclusion list=, ]
2024-03-01 08:15:55,788 [INFO] PluginManage:310 - Check plugin analytics
2024-03-01 08:15:55,997 [INFO] AnalyticsPlugin:253 - Accepted Software Licenses: 
2024-03-01 08:15:55,997 [INFO] AnalyticsPlugin:255 - Accepted CMSIS Pack Licenses: 
2024-03-01 08:15:55,997 [INFO] AnalyticsPlugin:257 - Accepted Firmware Licenses: 
2024-03-01 08:15:55,997 [INFO] PluginManage:359 - Loaded plugin analytics (category:tool,tabindex:-1)
2024-03-01 08:15:55,997 [INFO] PluginManage:310 - Check plugin cadmodel
2024-03-01 08:15:56,007 [INFO] CADModel:105 - Init CAD model plugin
2024-03-01 08:15:56,007 [INFO] PluginManage:359 - Loaded plugin cadmodel (category:power,tabindex:5)
2024-03-01 08:15:56,007 [INFO] PluginManage:310 - Check plugin clock
2024-03-01 08:15:56,027 [INFO] PluginManage:359 - Loaded plugin clock (category:base,tabindex:2)
2024-03-01 08:15:56,027 [INFO] PluginManage:310 - Check plugin ddr
2024-03-01 08:15:56,027 [INFO] PluginManage:359 - Loaded plugin ddr (category:tool,tabindex:6)
2024-03-01 08:15:56,027 [INFO] PluginManage:310 - Check plugin filemanager
2024-03-01 08:15:56,227 [INFO] PluginManage:359 - Loaded plugin filemanager (category:base,tabindex:10)
2024-03-01 08:15:56,227 [INFO] PluginManage:310 - Check plugin ipmanager
2024-03-01 08:15:56,237 [INFO] PluginManage:359 - Loaded plugin ipmanager (category:base,tabindex:5)
2024-03-01 08:15:56,237 [INFO] PluginManage:310 - Check plugin lpbam
2024-03-01 08:15:56,247 [INFO] PluginManage:359 - Loaded plugin lpbam (category:base,tabindex:0)
2024-03-01 08:15:56,247 [INFO] PluginManage:310 - Check plugin memorymap
2024-03-01 08:15:56,267 [INFO] PluginManage:359 - Loaded plugin memorymap (category:base,tabindex:4)
2024-03-01 08:15:56,267 [INFO] PluginManage:310 - Check plugin pinoutandconfiguration
2024-03-01 08:15:56,267 [INFO] PluginManage:359 - Loaded plugin pinoutandconfiguration (category:base,tabindex:1)
2024-03-01 08:15:56,267 [INFO] PluginManage:310 - Check plugin pinoutconfig
2024-03-01 08:15:56,377 [WARN] SupportedApi:132 - Cannot load RTOS API schema: s4s-elt-must-match.1: The content of 'definitions' must match (annotation?, (simpleType | complexType)?, (unique | key | keyref)*)). A problem was found starting at: attribute.
2024-03-01 08:15:56,547 [INFO] PluginManage:359 - Loaded plugin pinoutconfig (category:base,tabindex:0)
2024-03-01 08:15:56,547 [INFO] PluginManage:310 - Check plugin power
2024-03-01 08:15:56,567 [INFO] PluginManage:359 - Loaded plugin power (category:power,tabindex:4)
2024-03-01 08:15:56,567 [INFO] PluginManage:310 - Check plugin projectmanager
2024-03-01 08:15:56,587 [INFO] PluginManage:359 - Loaded plugin projectmanager (category:projectmanager,tabindex:3)
2024-03-01 08:15:56,587 [INFO] PluginManage:310 - Check plugin thirdparty
2024-03-01 08:15:56,767 [WARN] IntegrityCheckThread:84 - waiting for thirdparty lock release [integrity check]
2024-03-01 08:15:56,767 [INFO] PluginManage:359 - Loaded plugin thirdparty (category:base,tabindex:-1)
2024-03-01 08:15:56,777 [INFO] IntegrityCheckThread:86 - entering critical section [integrity check]
2024-03-01 08:15:56,778 [INFO] PluginManage:310 - Check plugin tools
2024-03-01 08:15:56,778 [INFO] ThirdPartyUpdaterWithRetryManager:70 - Updater plugin not ready yet. [1/15]
2024-03-01 08:15:56,778 [INFO] PluginManage:359 - Loaded plugin tools (category:base,tabindex:7)
2024-03-01 08:15:56,778 [INFO] PluginManage:310 - Check plugin tutovideos
2024-03-01 08:15:56,998 [INFO] PluginManage:359 - Loaded plugin tutovideos (category:base,tabindex:-1)
2024-03-01 08:15:56,999 [INFO] PluginManage:310 - Check plugin updater
2024-03-01 08:15:57,013 [INFO] PluginManage:359 - Loaded plugin updater (category:base,tabindex:12)
2024-03-01 08:15:57,014 [INFO] PluginManage:310 - Check plugin userauth
2024-03-01 08:15:57,021 [INFO] UserAuth:114 - Init User Auth plugin
2024-03-01 08:15:57,021 [INFO] PluginManage:359 - Loaded plugin userauth (category:base,tabindex:14)
2024-03-01 08:15:57,022 [INFO] PluginManage:283 - PluginManage : Loaded plugins [17]
2024-03-01 08:15:57,292 [INFO] PinOutPanel:1499 - setPackage(No Configuration,No Configuration)
2024-03-01 08:15:57,390 [INFO] CADModel:165 - CPN selected for project level
2024-03-01 08:15:57,390 [INFO] CADModel:114 - Register for checkConnection events
2024-03-01 08:15:57,414 [INFO] IPUIPlugin:80 - create IPUIPlugin
2024-03-01 08:15:57,414 [INFO] PluginManager:220 - loadIPPluginJar : add adc
2024-03-01 08:15:57,418 [INFO] IPUIPlugin:80 - create IPUIPlugin
2024-03-01 08:15:57,419 [INFO] PluginManager:220 - loadIPPluginJar : add aes
2024-03-01 08:15:57,424 [INFO] IPUIPlugin:80 - create IPUIPlugin
2024-03-01 08:15:57,424 [INFO] PluginManager:220 - loadIPPluginJar : add can
2024-03-01 08:15:57,427 [INFO] IPUIPlugin:80 - create IPUIPlugin
2024-03-01 08:15:57,427 [INFO] PluginManager:220 - loadIPPluginJar : add comp
2024-03-01 08:15:57,431 [INFO] IPUIPlugin:80 - create IPUIPlugin
2024-03-01 08:15:57,431 [INFO] PluginManager:220 - loadIPPluginJar : add cryp
2024-03-01 08:15:57,435 [INFO] IPUIPlugin:80 - create IPUIPlugin
2024-03-01 08:15:57,435 [INFO] PluginManager:220 - loadIPPluginJar : add dfsdm
2024-03-01 08:15:57,444 [INFO] IPUIPlugin:80 - create IPUIPlugin
2024-03-01 08:15:57,444 [INFO] PluginManager:220 - loadIPPluginJar : add dma
2024-03-01 08:15:57,449 [INFO] IPUIPlugin:80 - create IPUIPlugin
2024-03-01 08:15:57,449 [INFO] PluginManager:220 - loadIPPluginJar : add dma3
2024-03-01 08:15:57,451 [INFO] IPUIPlugin:80 - create IPUIPlugin
2024-03-01 08:15:57,451 [INFO] PluginManager:220 - loadIPPluginJar : add fatfs
2024-03-01 08:15:57,457 [INFO] IPUIPlugin:80 - create IPUIPlugin
2024-03-01 08:15:57,457 [INFO] PluginManager:220 - loadIPPluginJar : add fmc
2024-03-01 08:15:57,464 [INFO] IPUIPlugin:80 - create IPUIPlugin
2024-03-01 08:15:57,464 [INFO] PluginManager:220 - loadIPPluginJar : add freertos
2024-03-01 08:15:57,467 [INFO] IPUIPlugin:80 - create IPUIPlugin
2024-03-01 08:15:57,467 [INFO] PluginManager:220 - loadIPPluginJar : add genericplugin
2024-03-01 08:15:57,471 [INFO] IPUIPlugin:80 - create IPUIPlugin
2024-03-01 08:15:57,471 [INFO] PluginManager:220 - loadIPPluginJar : add gfxmmu
2024-03-01 08:15:57,478 [INFO] IPUIPlugin:80 - create IPUIPlugin
2024-03-01 08:15:57,478 [INFO] PluginManager:220 - loadIPPluginJar : add gic
2024-03-01 08:15:57,485 [INFO] IPUIPlugin:80 - create IPUIPlugin
2024-03-01 08:15:57,486 [INFO] PluginManager:220 - loadIPPluginJar : add gpio
2024-03-01 08:15:57,491 [INFO] IPUIPlugin:80 - create IPUIPlugin
2024-03-01 08:15:57,491 [INFO] PluginManager:220 - loadIPPluginJar : add gtzc
2024-03-01 08:15:57,494 [INFO] IPUIPlugin:80 - create IPUIPlugin
2024-03-01 08:15:57,494 [INFO] PluginManager:220 - loadIPPluginJar : add hash
2024-03-01 08:15:57,498 [INFO] IPUIPlugin:80 - create IPUIPlugin
2024-03-01 08:15:57,498 [INFO] PluginManager:220 - loadIPPluginJar : add i2c
2024-03-01 08:15:57,502 [INFO] IPUIPlugin:80 - create IPUIPlugin
2024-03-01 08:15:57,503 [INFO] PluginManager:220 - loadIPPluginJar : add i2s
2024-03-01 08:15:57,507 [INFO] IPUIPlugin:80 - create IPUIPlugin
2024-03-01 08:15:57,507 [INFO] PluginManager:220 - loadIPPluginJar : add i3c
2024-03-01 08:15:57,511 [INFO] IPUIPlugin:80 - create IPUIPlugin
2024-03-01 08:15:57,511 [INFO] PluginManager:220 - loadIPPluginJar : add ipddr
2024-03-01 08:15:57,522 [INFO] IPUIPlugin:80 - create IPUIPlugin
2024-03-01 08:15:57,522 [INFO] PluginManager:220 - loadIPPluginJar : add linkedlist
2024-03-01 08:15:57,526 [INFO] IPUIPlugin:80 - create IPUIPlugin
2024-03-01 08:15:57,526 [INFO] PluginManager:220 - loadIPPluginJar : add lorawan
2024-03-01 08:15:57,529 [INFO] IPUIPlugin:80 - create IPUIPlugin
2024-03-01 08:15:57,529 [INFO] PluginManager:220 - loadIPPluginJar : add ltdc
2024-03-01 08:15:57,536 [INFO] IPUIPlugin:80 - create IPUIPlugin
2024-03-01 08:15:57,537 [INFO] PluginManager:220 - loadIPPluginJar : add mdma
2024-03-01 08:15:57,541 [INFO] IPUIPlugin:80 - create IPUIPlugin
2024-03-01 08:15:57,542 [INFO] PluginManager:220 - loadIPPluginJar : add nvic
2024-03-01 08:15:57,546 [INFO] IPUIPlugin:80 - create IPUIPlugin
2024-03-01 08:15:57,546 [INFO] PluginManager:220 - loadIPPluginJar : add opamp
2024-03-01 08:15:57,550 [INFO] IPUIPlugin:80 - create IPUIPlugin
2024-03-01 08:15:57,551 [INFO] PluginManager:220 - loadIPPluginJar : add openamp
2024-03-01 08:15:57,555 [INFO] IPUIPlugin:80 - create IPUIPlugin
2024-03-01 08:15:57,555 [INFO] PluginManager:220 - loadIPPluginJar : add pdm2pcm
2024-03-01 08:15:57,563 [INFO] IPUIPlugin:80 - create IPUIPlugin
2024-03-01 08:15:57,566 [INFO] PluginManager:220 - loadIPPluginJar : add plateformsettings
2024-03-01 08:15:57,568 [INFO] IPUIPlugin:80 - create IPUIPlugin
2024-03-01 08:15:57,568 [INFO] PluginManager:220 - loadIPPluginJar : add quadspi
2024-03-01 08:15:57,574 [INFO] IPUIPlugin:80 - create IPUIPlugin
2024-03-01 08:15:57,574 [INFO] PluginManager:220 - loadIPPluginJar : add resmgrutility
2024-03-01 08:15:57,578 [INFO] IPUIPlugin:80 - create IPUIPlugin
2024-03-01 08:15:57,578 [INFO] PluginManager:220 - loadIPPluginJar : add sai
2024-03-01 08:15:57,582 [INFO] IPUIPlugin:80 - create IPUIPlugin
2024-03-01 08:15:57,582 [INFO] PluginManager:220 - loadIPPluginJar : add spi
2024-03-01 08:15:57,588 [INFO] IPUIPlugin:80 - create IPUIPlugin
2024-03-01 08:15:57,588 [INFO] PluginManager:220 - loadIPPluginJar : add stm32_wpan
2024-03-01 08:15:57,591 [INFO] IPUIPlugin:80 - create IPUIPlugin
2024-03-01 08:15:57,591 [INFO] PluginManager:220 - loadIPPluginJar : add tim
2024-03-01 08:15:57,596 [INFO] IPUIPlugin:80 - create IPUIPlugin
2024-03-01 08:15:57,597 [INFO] PluginManager:220 - loadIPPluginJar : add touchsensing
2024-03-01 08:15:57,600 [INFO] IPUIPlugin:80 - create IPUIPlugin
2024-03-01 08:15:57,600 [INFO] PluginManager:220 - loadIPPluginJar : add tracer_emb
2024-03-01 08:15:57,603 [INFO] IPUIPlugin:80 - create IPUIPlugin
2024-03-01 08:15:57,603 [INFO] PluginManager:220 - loadIPPluginJar : add ts
2024-03-01 08:15:57,606 [INFO] IPUIPlugin:80 - create IPUIPlugin
2024-03-01 08:15:57,607 [INFO] PluginManager:220 - loadIPPluginJar : add tsc
2024-03-01 08:15:57,609 [INFO] IPUIPlugin:80 - create IPUIPlugin
2024-03-01 08:15:57,610 [INFO] PluginManager:220 - loadIPPluginJar : add ucpd
2024-03-01 08:15:57,613 [INFO] IPUIPlugin:80 - create IPUIPlugin
2024-03-01 08:15:57,614 [INFO] PluginManager:220 - loadIPPluginJar : add usart
2024-03-01 08:15:57,618 [INFO] IPUIPlugin:80 - create IPUIPlugin
2024-03-01 08:15:57,618 [INFO] PluginManager:220 - loadIPPluginJar : add usbx
2024-03-01 08:15:57,768 [INFO] CADModel:165 - CPN selected for project level
2024-03-01 08:15:57,768 [INFO] CADModel:114 - Register for checkConnection events
2024-03-01 08:15:57,768 [FATAL] Updater:308 - Updater called before beeing initialized
2024-03-01 08:15:57,768 [ERROR] CADModel:125 - Updater not yet initialized, retry later 
2024-03-01 08:15:57,967 [INFO] CADModel:165 - CPN selected for project level
2024-03-01 08:15:57,967 [INFO] CADModel:114 - Register for checkConnection events
2024-03-01 08:15:57,967 [FATAL] Updater:308 - Updater called before beeing initialized
2024-03-01 08:15:57,967 [ERROR] CADModel:125 - Updater not yet initialized, retry later 
2024-03-01 08:15:57,967 [FATAL] Updater:308 - Updater called before beeing initialized
2024-03-01 08:15:58,103 [FATAL] Updater:308 - Updater called before beeing initialized
2024-03-01 08:15:58,108 [INFO] DbMcusAds:53 - JSON generation date=Wed Nov 29 15:52:27 UZT 2023 (1701255147349)
2024-03-01 08:15:58,108 [FATAL] Updater:308 - Updater called before beeing initialized
2024-03-01 08:15:58,158 [WARN] DetailPanel:346 - Failed to get advertising image, set to default
2024-03-01 08:15:58,277 [FATAL] Updater:308 - Updater called before beeing initialized
2024-03-01 08:15:58,279 [FATAL] Updater:308 - Updater called before beeing initialized
2024-03-01 08:15:58,279 [FATAL] Updater:308 - Updater called before beeing initialized
2024-03-01 08:15:58,279 [WARN] DetailPanel:346 - Failed to get advertising image, set to default
2024-03-01 08:15:58,280 [FATAL] Updater:308 - Updater called before beeing initialized
2024-03-01 08:15:58,339 [ERROR] Updater:1120 - MainUpdater not yet initialized. External WinMGr cannot be set.
2024-03-01 08:15:58,342 [INFO] Updater:1056 - Updater Version found : 6.10.0
2024-03-01 08:15:58,368 [INFO] ApplicationProperties:184 - Using Application install path: C:\ST\STM32CubeIDE_1.13.2\STM32CubeIDE\plugins\com.st.stm32cube.common.mx_6.10.0.202311202037
2024-03-01 08:15:59,441 [INFO] MainUpdater:2873 - connection check result : 10
2024-03-01 08:15:59,441 [INFO] MainUpdater:3567 - Updater definition file requires update
2024-03-01 08:15:59,444 [INFO] MainUpdater:290 - Updater Check For Update Now.
2024-03-01 08:15:59,445 [INFO] MicroXplorer:498 - Change Database Version : DB.6.0.100
2024-03-01 08:15:59,454 [INFO] McuFinderGlobals:63 - Set McuFinder mode to 2 (CubeIDE integrated)
2024-03-01 08:15:59,461 [INFO] UserAuth:404 - Internet connection configuration mode: 1
2024-03-01 08:15:59,482 [INFO] JxBrowserEngine:152 - Initiate JxBrowser Engine with user profile folder
2024-03-01 08:15:59,779 [WARN] MainUpdater:1194 - Updater busy. Cannot search thirdparties
2024-03-01 08:15:59,779 [INFO] ThirdPartyUpdaterWithRetryManager:96 - Updater plugin is busy. [1/15]
2024-03-01 08:16:00,234 [INFO] ServerAccessManage:473 - Download File updaters.zip
2024-03-01 08:16:00,558 [INFO] WebApp:161 - Instantiating new browser for Auth
2024-03-01 08:16:00,597 [INFO] FileExtend:240 - Unzip File : updaters.zip
2024-03-01 08:16:00,598 [INFO] FileExtend:255 - Standard Zip Deflate
2024-03-01 08:16:01,366 [INFO] ServerAccessManage:473 - Download File PacksControlFlags.xml
2024-03-01 08:16:01,586 [INFO] WebApp:780 - Register for checkConnection events
2024-03-01 08:16:01,586 [INFO] WebApp:414 - Apply proxy settings
2024-03-01 08:16:01,587 [INFO] WebApp:499 - Chromium requires no authentication
2024-03-01 08:16:01,601 [INFO] WebApp:442 - Direct internet connection detected
2024-03-01 08:16:01,670 [INFO] ServerAccessManage:473 - Download File cubemx.pidx
2024-03-01 08:16:01,707 [ERROR] LogOutputStream:75 - [STDERR_REDIRECT] SLF4J: Failed to load class "org.slf4j.impl.StaticLoggerBinder".
2024-03-01 08:16:01,708 [ERROR] LogOutputStream:75 - [STDERR_REDIRECT] SLF4J: Defaulting to no-operation (NOP) logger implementation
2024-03-01 08:16:01,711 [ERROR] LogOutputStream:75 - [STDERR_REDIRECT] SLF4J: See http://www.slf4j.org/codes.html#StaticLoggerBinder for further details.
2024-03-01 08:16:02,065 [INFO] WebApp:192 - Starting web application
2024-03-01 08:16:02,065 [INFO] WebApp:544 - Web application path used C:\ST\STM32CubeIDE_1.13.2\STM32CubeIDE\plugins\com.st.stm32cube.common.mx_6.10.0.202311202037\db\plugins\mcufinder\reactClient1\index.html
2024-03-01 08:16:02,568 [INFO] ServerAccessManage:473 - Download File STMicroelectronics.X-CUBE-BLEMGR.pdsc
2024-03-01 08:16:02,781 [WARN] MainUpdater:1194 - Updater busy. Cannot search thirdparties
2024-03-01 08:16:02,781 [INFO] ThirdPartyUpdaterWithRetryManager:96 - Updater plugin is busy. [2/15]
2024-03-01 08:16:05,538 [INFO] ServerAccessManage:473 - Download File STMicroelectronics.X-CUBE-EEPRMA1.pdsc
2024-03-01 08:16:05,783 [WARN] MainUpdater:1194 - Updater busy. Cannot search thirdparties
2024-03-01 08:16:05,783 [INFO] ThirdPartyUpdaterWithRetryManager:96 - Updater plugin is busy. [3/15]
2024-03-01 08:16:06,320 [ERROR] ServerAccessManage:1089 - Problem, file not found on Server
2024-03-01 08:16:07,565 [ERROR] ServerAccessManage:1089 - Problem, file not found on Server
2024-03-01 08:16:08,785 [WARN] MainUpdater:1194 - Updater busy. Cannot search thirdparties
2024-03-01 08:16:08,785 [INFO] ThirdPartyUpdaterWithRetryManager:96 - Updater plugin is busy. [4/15]
2024-03-01 08:16:10,043 [ERROR] ServerAccessManage:1096 - Problem, Http access forbiden
2024-03-01 08:16:10,044 [ERROR] ServerAccessManage:651 - Problem, Http access forbiden : RoweBots.I-CUBE-UNISONRTOS.pdsc.
2024-03-01 08:16:10,266 [WARN] PackLoader:240 - Cannot read IP mode file for STMicroelectronics.X-CUBE-BLEMGR.3.1.0
2024-03-01 08:16:10,286 [WARN] PackLoader:240 - Cannot read IP mode file for STMicroelectronics.X-CUBE-EEPRMA1.5.1.0
2024-03-01 08:16:10,291 [INFO] PopulateThirdPartyThread:66 - Ending populate Thread
2024-03-01 08:16:10,293 [INFO] ThirdParty:1030 - CMSIS Pack Vendor :STMicroelectronics X-CUBE-EEPRMA1 5.1.0
2024-03-01 08:16:10,293 [INFO] ThirdParty:1030 - CMSIS Pack Vendor :STMicroelectronics X-CUBE-BLEMGR 3.1.0
2024-03-01 08:16:10,293 [INFO] LoadServerUpdatesThread:375 - End of LoadServerUpdate Thread
2024-03-01 08:16:10,364 [INFO] CheckServerUpdateThread:120 - End of CheckServer Thread
2024-03-01 08:16:11,995 [WARN] PackLoader:240 - Cannot read IP mode file for STMicroelectronics.X-CUBE-SMBUS.2.1.0
2024-03-01 08:16:12,002 [WARN] PackLoader:240 - Cannot read IP mode file for STMicroelectronics.X-CUBE-TOUCHGFX.4.23.0
2024-03-01 08:16:12,030 [WARN] PackLoader:240 - Cannot read IP mode file for STMicroelectronics.X-CUBE-AZRTOS-F7.1.1.0
2024-03-01 08:16:12,045 [WARN] PackLoader:240 - Cannot read IP mode file for STMicroelectronics.FP-SNS-MOTENV1.4.3.2
2024-03-01 08:16:12,054 [WARN] PackLoader:240 - Cannot read IP mode file for STMicroelectronics.FP-SNS-FLIGHT1.5.0.2
2024-03-01 08:16:12,066 [WARN] PackLoader:240 - Cannot read IP mode file for STMicroelectronics.X-CUBE-DISPLAY.3.0.0
2024-03-01 08:16:12,079 [WARN] PackLoader:240 - Cannot read IP mode file for STMicroelectronics.X-CUBE-BLE1.7.0.0
2024-03-01 08:16:12,088 [WARN] PackLoader:240 - Cannot read IP mode file for emotas.I-CUBE-CANOPEN.1.3.0
2024-03-01 08:16:12,092 [WARN] PackLoader:240 - Cannot read IP mode file for STMicroelectronics.X-CUBE-TOUCHGFX.4.22.1
2024-03-01 08:16:12,107 [WARN] PackLoader:240 - Cannot read IP mode file for STMicroelectronics.X-CUBE-BLEMGR.3.1.0
2024-03-01 08:16:12,117 [WARN] PackLoader:240 - Cannot read IP mode file for STMicroelectronics.FP-SNS-SMARTAG2.1.2.0
2024-03-01 08:16:12,128 [INFO] LogOutputStream:77 - [STDOUT_REDIRECT] 1 : Invalid condition id : UX_CORESTACK_Condition cause : null
2024-03-01 08:16:12,129 [INFO] LogOutputStream:77 - [STDOUT_REDIRECT] 1 : Invalid condition id : UX_CORESTACK_Condition cause : null
2024-03-01 08:16:12,131 [INFO] LogOutputStream:77 - [STDOUT_REDIRECT] 1 : Invalid condition id : UX_CORESTACK_Condition cause : null
2024-03-01 08:16:12,133 [INFO] LogOutputStream:77 - [STDOUT_REDIRECT] 1 : Invalid condition id : UX_CORESTACK_Condition cause : null
2024-03-01 08:16:12,134 [INFO] LogOutputStream:77 - [STDOUT_REDIRECT] 1 : Invalid condition id : UX_CORESTACK_Condition cause : null
2024-03-01 08:16:12,142 [WARN] PackLoader:240 - Cannot read IP mode file for STMicroelectronics.X-CUBE-AZRTOS-WL.2.0.0
2024-03-01 08:16:12,153 [WARN] PackLoader:240 - Cannot read IP mode file for WES.I-CUBE-Cesium.1.3.0
2024-03-01 08:16:12,160 [WARN] PackLoader:240 - Cannot read IP mode file for STMicroelectronics.X-CUBE-BLE2.3.3.0
2024-03-01 08:16:12,167 [WARN] PackLoader:240 - Cannot read IP mode file for STMicroelectronics.X-CUBE-ALGOBUILD.1.3.0
2024-03-01 08:16:12,185 [WARN] PackLoader:240 - Cannot read IP mode file for STMicroelectronics.X-CUBE-AZRTOS-G0.1.1.0
2024-03-01 08:16:12,194 [WARN] PackLoader:240 - Cannot read IP mode file for STMicroelectronics.X-CUBE-NFC4.3.0.0
2024-03-01 08:16:12,203 [WARN] PackLoader:240 - Cannot read IP mode file for STMicroelectronics.X-CUBE-BLEMGR.3.0.0
2024-03-01 08:16:12,211 [WARN] PackLoader:240 - Cannot read IP mode file for STMicroelectronics.FP-ATR-SIGFOX1.3.2.0
2024-03-01 08:16:12,218 [WARN] PackLoader:240 - Cannot read IP mode file for STMicroelectronics.X-CUBE-EEPRMA1.5.1.0
2024-03-01 08:16:12,247 [WARN] PackLoader:240 - Cannot read IP mode file for SEGGER.I-CUBE-embOS.1.3.1
2024-03-01 08:16:12,298 [WARN] PackLoader:240 - Cannot read IP mode file for STMicroelectronics.X-CUBE-GNSS1.6.0.0
2024-03-01 08:16:12,323 [WARN] PackLoader:240 - Cannot read IP mode file for STMicroelectronics.X-CUBE-AZRTOS-F4.1.1.0
2024-03-01 08:16:12,334 [WARN] PackLoader:240 - Cannot read IP mode file for wolfSSL.I-CUBE-wolfSSL.5.6.4
2024-03-01 08:16:12,353 [WARN] PackLoader:240 - Cannot read IP mode file for STMicroelectronics.X-CUBE-AZRTOS-L5.2.0.0
2024-03-01 08:16:12,362 [WARN] PackLoader:240 - Cannot read IP mode file for STMicroelectronics.X-CUBE-EEPRMA1.4.2.0
2024-03-01 08:16:12,369 [WARN] PackLoader:240 - Cannot read IP mode file for ITTIA_DB.I-CUBE-ITTIADB.8.8.0
2024-03-01 08:16:12,385 [WARN] ConditionMgr:438 - getConditionDescription Invalid condition id : UX DEVICE CLASS RTOS Condition cause : null
2024-03-01 08:16:12,385 [WARN] ConditionMgr:438 - getConditionDescription Invalid condition id : UX DEVICE CLASS RTOS Condition cause : null
2024-03-01 08:16:12,388 [WARN] PackLoader:240 - Cannot read IP mode file for STMicroelectronics.X-CUBE-AZRTOS-H7.3.1.0
2024-03-01 08:16:12,390 [WARN] ConditionMgr:1039 - genDependencies : Invalid condition id : UX DEVICE CLASS RTOS Condition cause : null
2024-03-01 08:16:12,390 [WARN] ConditionMgr:1039 - genDependencies : Invalid condition id : UX DEVICE CLASS RTOS Condition cause : null
2024-03-01 08:16:12,391 [WARN] ConditionMgr:1039 - genDependencies : Invalid condition id : UX DEVICE CLASS RTOS Condition cause : null
2024-03-01 08:16:12,392 [WARN] ConditionMgr:1039 - genDependencies : Invalid condition id : UX DEVICE CLASS RTOS Condition cause : null
2024-03-01 08:16:12,392 [WARN] ConditionMgr:1039 - genDependencies : Invalid condition id : UX DEVICE CLASS RTOS Condition cause : null
2024-03-01 08:16:12,401 [WARN] PackLoader:240 - Cannot read IP mode file for STMicroelectronics.X-CUBE-NFC7.1.0.1
2024-03-01 08:16:12,411 [WARN] PackLoader:240 - Cannot read IP mode file for STMicroelectronics.X-CUBE-NFC6.3.0.0
2024-03-01 08:16:12,418 [WARN] PackLoader:240 - Cannot read IP mode file for STMicroelectronics.X-CUBE-AI.8.1.0
2024-03-01 08:16:12,434 [WARN] ConditionMgr:438 - getConditionDescription Invalid condition id : LAN8742 Phy interface Condition cause : null
2024-03-01 08:16:12,434 [WARN] PackLoader:240 - Cannot read IP mode file for STMicroelectronics.X-CUBE-AZRTOS-L4.2.0.0
2024-03-01 08:16:12,435 [WARN] ConditionMgr:1039 - genDependencies : Invalid condition id : LAN8742 Phy interface Condition cause : null
2024-03-01 08:16:12,436 [WARN] ConditionMgr:1039 - genDependencies : Invalid condition id : LAN8742 Phy interface Condition cause : null
2024-03-01 08:16:12,436 [WARN] ConditionMgr:1039 - genDependencies : Invalid condition id : LAN8742 Phy interface Condition cause : null
2024-03-01 08:16:12,443 [WARN] PackLoader:240 - Cannot read IP mode file for STMicroelectronics.X-CUBE-SFXS2LP1.4.0.0
2024-03-01 08:16:12,450 [WARN] PackLoader:240 - Cannot read IP mode file for STMicroelectronics.X-CUBE-ISPU.1.1.0
2024-03-01 08:16:12,462 [WARN] ConditionMgr:438 - getConditionDescription Invalid condition id : UX DEVICE CLASS RTOS Condition cause : null
2024-03-01 08:16:12,462 [WARN] ConditionMgr:438 - getConditionDescription Invalid condition id : UX DEVICE CLASS RTOS Condition cause : null
2024-03-01 08:16:12,464 [WARN] PackLoader:240 - Cannot read IP mode file for STMicroelectronics.X-CUBE-AZRTOS-WB.2.0.0
2024-03-01 08:16:12,465 [WARN] ConditionMgr:1039 - genDependencies : Invalid condition id : UX DEVICE CLASS RTOS Condition cause : null
2024-03-01 08:16:12,466 [WARN] ConditionMgr:1039 - genDependencies : Invalid condition id : UX DEVICE CLASS RTOS Condition cause : null
2024-03-01 08:16:12,466 [WARN] ConditionMgr:1039 - genDependencies : Invalid condition id : UX DEVICE CLASS RTOS Condition cause : null
2024-03-01 08:16:12,466 [WARN] ConditionMgr:1039 - genDependencies : Invalid condition id : UX DEVICE CLASS RTOS Condition cause : null
2024-03-01 08:16:12,466 [WARN] ConditionMgr:1039 - genDependencies : Invalid condition id : UX DEVICE CLASS RTOS Condition cause : null
2024-03-01 08:16:12,486 [WARN] PackLoader:240 - Cannot read IP mode file for STMicroelectronics.X-CUBE-SUBG2.5.0.0
2024-03-01 08:16:12,504 [WARN] PackLoader:240 - Cannot read IP mode file for STMicroelectronics.X-CUBE-AZRTOS-G4.2.0.0
2024-03-01 08:16:12,520 [WARN] PackLoader:240 - Cannot read IP mode file for Infineon.AIROC-Wi-Fi-Bluetooth-STM32.1.5.1
2024-03-01 08:16:12,530 [WARN] PackLoader:240 - Cannot read IP mode file for STMicroelectronics.FP-SNS-MOTENVWB1.1.3.0
2024-03-01 08:16:12,535 [WARN] PackLoader:240 - Cannot read IP mode file for STMicroelectronics.FP-SNS-MOTENVWB1.1.3.1
2024-03-01 08:16:12,540 [WARN] PackLoader:240 - Cannot read IP mode file for STMicroelectronics.X-CUBE-ISPU.2.0.0
2024-03-01 08:16:12,581 [WARN] PackLoader:240 - Cannot read IP mode file for STMicroelectronics.X-CUBE-MEMS1.10.0.0
2024-03-01 08:16:12,721 [WARN] PackLoader:240 - Cannot read IP mode file for STMicroelectronics.X-CUBE-FREERTOS.1.1.0
2024-03-01 08:16:12,729 [WARN] PackLoader:240 - Cannot read IP mode file for portGmbH.I-Cube-SoM-uGOAL.1.1.0
2024-03-01 08:16:12,735 [WARN] PackLoader:240 - Cannot read IP mode file for STMicroelectronics.X-CUBE-ALS.1.0.1
2024-03-01 08:16:12,741 [WARN] PackLoader:240 - Cannot read IP mode file for STMicroelectronics.FP-ATR-ASTRA1.2.0.0
2024-03-01 08:16:12,754 [WARN] PackLoader:240 - Cannot read IP mode file for STMicroelectronics.X-CUBE-TOF1.3.4.0
2024-03-01 08:16:12,782 [WARN] PackLoader:240 - Cannot read IP mode file for STMicroelectronics.X-CUBE-AZRTOS-H7.3.2.0
2024-03-01 08:16:12,785 [INFO] ThirdParty:978 - Integrity check success = true
2024-03-01 08:16:12,785 [INFO] IntegrityCheckThread:100 - exiting critical section [integrity check]
2024-03-01 08:16:12,785 [INFO] IntegrityCheckThread:103 - End integrity checks thread
2024-03-01 08:21:57,494 [ERROR] LogOutputStream:75 - [STDERR_REDIRECT] 
2024-03-01 08:22:05,441 [INFO] Activator:176 - 


2024-03-01 08:22:05,443 [INFO] Activator:177 - !SESSION log4j initialized
2024-03-01 08:22:09,139 [INFO] LogOutputStream:77 - [STDOUT_REDIRECT] 
2024-03-01 08:22:11,904 [INFO] ApplicationProperties:184 - Using Application install path: C:\ST\STM32CubeIDE_1.13.2\STM32CubeIDE\plugins\com.st.stm32cube.common.mx_6.10.0.202311202037
2024-03-01 08:22:11,922 [INFO] DbMcusXml:78 - Set database path to: C:\ST\STM32CubeIDE_1.13.2\STM32CubeIDE\plugins\com.st.stm32cube.common.mx_6.10.0.202311202037\\db\/mcu/
2024-03-01 08:22:11,923 [INFO] ApiDb:274 - Set plugin database path to: C:\ST\STM32CubeIDE_1.13.2\STM32CubeIDE\plugins\com.st.stm32cube.common.mx_6.10.0.202311202037\\db\/plugins/boardmanager/
2024-03-01 08:22:11,923 [WARN] ApiDb:259 - Overriding images path with different value:  => C:\ST\STM32CubeIDE_1.13.2\STM32CubeIDE\plugins\com.st.stm32cube.common.mx_6.10.0.202311202037\\db\/plugins/mcufinder/images/
2024-03-01 08:22:11,930 [INFO] ApiDb:250 - Set database path to: C:\Users\useroot\.stmcufinder\plugins\mcufinder//mcu/
2024-03-01 08:22:11,932 [INFO] DbMcusAds:125 - Set database path to: C:\Users\useroot\.stmcufinder\plugins\mcufinder//mcu/
2024-03-01 08:22:11,934 [INFO] CrossReferenceDbSqlite:203 - Set database path to: C:\Users\useroot\.stmcufinder\plugins\mcufinder//mcu/cs/
2024-03-01 08:22:12,076 [INFO] RulesReader:64 - Compatibility file has been processed (297 Rules)
2024-03-01 08:22:12,169 [INFO] DbMcusXml:78 - Set database path to: C:\ST\STM32CubeIDE_1.13.2\STM32CubeIDE\plugins\com.st.stm32cube.common.mx_6.10.0.202311202037\\db\/mcu/
2024-03-01 08:22:12,169 [INFO] ApiDb:274 - Set plugin database path to: C:\ST\STM32CubeIDE_1.13.2\STM32CubeIDE\plugins\com.st.stm32cube.common.mx_6.10.0.202311202037\\db\/plugins/boardmanager/
2024-03-01 08:22:12,169 [INFO] ApiDb:261 - Set plugin images path to: C:\ST\STM32CubeIDE_1.13.2\STM32CubeIDE\plugins\com.st.stm32cube.common.mx_6.10.0.202311202037\\db\/plugins/mcufinder/images/
2024-03-01 08:22:12,170 [WARN] DbFile:41 - Overriding database path with different value: C:\Users\useroot\.stmcufinder\plugins\mcufinder/ => C:\Users\useroot\.stmcufinder\plugins\mcufinder
2024-03-01 08:22:12,170 [INFO] ApiDb:250 - Set database path to: C:\Users\useroot\.stmcufinder\plugins\mcufinder//mcu/
2024-03-01 08:22:12,170 [WARN] DbFile:41 - Overriding database path with different value: C:\Users\useroot\.stmcufinder\plugins\mcufinder/ => C:\Users\useroot\.stmcufinder\plugins\mcufinder
2024-03-01 08:22:12,170 [INFO] DbMcusAds:125 - Set database path to: C:\Users\useroot\.stmcufinder\plugins\mcufinder//mcu/
2024-03-01 08:22:12,170 [WARN] DbFile:41 - Overriding database path with different value: C:\Users\useroot\.stmcufinder\plugins\mcufinder/ => C:\Users\useroot\.stmcufinder\plugins\mcufinder
2024-03-01 08:22:12,170 [WARN] DbFile:41 - Overriding database path with different value: C:\Users\useroot\.stmcufinder\plugins\mcufinder/ => C:\Users\useroot\.stmcufinder\plugins\mcufinder
2024-03-01 08:22:12,170 [INFO] CrossReferenceDbSqlite:203 - Set database path to: C:\Users\useroot\.stmcufinder\plugins\mcufinder//mcu/cs/
2024-03-01 08:22:12,257 [INFO] MainPanel:264 - HeapMemory: 268435456
2024-03-01 08:22:12,341 [INFO] DbMcusXml:78 - Set database path to: C:\ST\STM32CubeIDE_1.13.2\STM32CubeIDE\plugins\com.st.stm32cube.common.mx_6.10.0.202311202037\\db\/mcu/
2024-03-01 08:22:12,341 [INFO] ApiDb:274 - Set plugin database path to: C:\ST\STM32CubeIDE_1.13.2\STM32CubeIDE\plugins\com.st.stm32cube.common.mx_6.10.0.202311202037\\db\/plugins/boardmanager/
2024-03-01 08:22:12,341 [INFO] ApiDb:261 - Set plugin images path to: C:\ST\STM32CubeIDE_1.13.2\STM32CubeIDE\plugins\com.st.stm32cube.common.mx_6.10.0.202311202037\\db\/plugins/mcufinder/images/
2024-03-01 08:22:12,341 [WARN] DbFile:41 - Overriding database path with different value: C:\Users\useroot\.stmcufinder\plugins\mcufinder/ => C:\Users\useroot\.stmcufinder\plugins\mcufinder
2024-03-01 08:22:12,342 [INFO] ApiDb:250 - Set database path to: C:\Users\useroot\.stmcufinder\plugins\mcufinder//mcu/
2024-03-01 08:22:12,342 [WARN] DbFile:41 - Overriding database path with different value: C:\Users\useroot\.stmcufinder\plugins\mcufinder/ => C:\Users\useroot\.stmcufinder\plugins\mcufinder
2024-03-01 08:22:12,342 [INFO] DbMcusAds:125 - Set database path to: C:\Users\useroot\.stmcufinder\plugins\mcufinder//mcu/
2024-03-01 08:22:12,342 [WARN] DbFile:41 - Overriding database path with different value: C:\Users\useroot\.stmcufinder\plugins\mcufinder/ => C:\Users\useroot\.stmcufinder\plugins\mcufinder
2024-03-01 08:22:12,342 [WARN] DbFile:41 - Overriding database path with different value: C:\Users\useroot\.stmcufinder\plugins\mcufinder/ => C:\Users\useroot\.stmcufinder\plugins\mcufinder
2024-03-01 08:22:12,342 [INFO] CrossReferenceDbSqlite:203 - Set database path to: C:\Users\useroot\.stmcufinder\plugins\mcufinder//mcu/cs/
2024-03-01 08:22:12,363 [INFO] ApplicationProperties:184 - Using Application install path: C:\ST\STM32CubeIDE_1.13.2\STM32CubeIDE\plugins\com.st.stm32cube.common.mx_6.10.0.202311202037
2024-03-01 08:22:12,365 [INFO] PluginManage:196 - Search for loadable plugins [exclusion list=, ]
2024-03-01 08:22:12,367 [INFO] PluginManage:310 - Check plugin analytics
2024-03-01 08:22:12,578 [INFO] AnalyticsPlugin:253 - Accepted Software Licenses: 
2024-03-01 08:22:12,578 [INFO] AnalyticsPlugin:255 - Accepted CMSIS Pack Licenses: 
2024-03-01 08:22:12,579 [INFO] AnalyticsPlugin:257 - Accepted Firmware Licenses: 
2024-03-01 08:22:12,583 [INFO] PluginManage:359 - Loaded plugin analytics (category:tool,tabindex:-1)
2024-03-01 08:22:12,583 [INFO] PluginManage:310 - Check plugin cadmodel
2024-03-01 08:22:12,588 [INFO] CADModel:105 - Init CAD model plugin
2024-03-01 08:22:12,589 [INFO] PluginManage:359 - Loaded plugin cadmodel (category:power,tabindex:5)
2024-03-01 08:22:12,589 [INFO] PluginManage:310 - Check plugin clock
2024-03-01 08:22:12,600 [INFO] PluginManage:359 - Loaded plugin clock (category:base,tabindex:2)
2024-03-01 08:22:12,600 [INFO] PluginManage:310 - Check plugin ddr
2024-03-01 08:22:12,602 [INFO] PluginManage:359 - Loaded plugin ddr (category:tool,tabindex:6)
2024-03-01 08:22:12,602 [INFO] PluginManage:310 - Check plugin filemanager
2024-03-01 08:22:12,761 [INFO] PluginManage:359 - Loaded plugin filemanager (category:base,tabindex:10)
2024-03-01 08:22:12,761 [INFO] PluginManage:310 - Check plugin ipmanager
2024-03-01 08:22:12,769 [INFO] PluginManage:359 - Loaded plugin ipmanager (category:base,tabindex:5)
2024-03-01 08:22:12,769 [INFO] PluginManage:310 - Check plugin lpbam
2024-03-01 08:22:12,781 [INFO] PluginManage:359 - Loaded plugin lpbam (category:base,tabindex:0)
2024-03-01 08:22:12,781 [INFO] PluginManage:310 - Check plugin memorymap
2024-03-01 08:22:12,796 [INFO] PluginManage:359 - Loaded plugin memorymap (category:base,tabindex:4)
2024-03-01 08:22:12,796 [INFO] PluginManage:310 - Check plugin pinoutandconfiguration
2024-03-01 08:22:12,805 [INFO] PluginManage:359 - Loaded plugin pinoutandconfiguration (category:base,tabindex:1)
2024-03-01 08:22:12,805 [INFO] PluginManage:310 - Check plugin pinoutconfig
2024-03-01 08:22:12,915 [WARN] SupportedApi:132 - Cannot load RTOS API schema: s4s-elt-must-match.1: The content of 'definitions' must match (annotation?, (simpleType | complexType)?, (unique | key | keyref)*)). A problem was found starting at: attribute.
2024-03-01 08:22:13,108 [INFO] PluginManage:359 - Loaded plugin pinoutconfig (category:base,tabindex:0)
2024-03-01 08:22:13,108 [INFO] PluginManage:310 - Check plugin power
2024-03-01 08:22:13,116 [INFO] PluginManage:359 - Loaded plugin power (category:power,tabindex:4)
2024-03-01 08:22:13,116 [INFO] PluginManage:310 - Check plugin projectmanager
2024-03-01 08:22:13,134 [INFO] PluginManage:359 - Loaded plugin projectmanager (category:projectmanager,tabindex:3)
2024-03-01 08:22:13,134 [INFO] PluginManage:310 - Check plugin thirdparty
2024-03-01 08:22:13,279 [WARN] IntegrityCheckThread:84 - waiting for thirdparty lock release [integrity check]
2024-03-01 08:22:13,280 [INFO] PluginManage:359 - Loaded plugin thirdparty (category:base,tabindex:-1)
2024-03-01 08:22:13,280 [INFO] IntegrityCheckThread:86 - entering critical section [integrity check]
2024-03-01 08:22:13,280 [INFO] PluginManage:310 - Check plugin tools
2024-03-01 08:22:13,281 [INFO] ThirdPartyUpdaterWithRetryManager:70 - Updater plugin not ready yet. [1/15]
2024-03-01 08:22:13,283 [INFO] PluginManage:359 - Loaded plugin tools (category:base,tabindex:7)
2024-03-01 08:22:13,283 [INFO] PluginManage:310 - Check plugin tutovideos
2024-03-01 08:22:13,475 [INFO] PluginManage:359 - Loaded plugin tutovideos (category:base,tabindex:-1)
2024-03-01 08:22:13,475 [INFO] PluginManage:310 - Check plugin updater
2024-03-01 08:22:13,486 [INFO] PluginManage:359 - Loaded plugin updater (category:base,tabindex:12)
2024-03-01 08:22:13,487 [INFO] PluginManage:310 - Check plugin userauth
2024-03-01 08:22:13,491 [INFO] UserAuth:114 - Init User Auth plugin
2024-03-01 08:22:13,491 [INFO] PluginManage:359 - Loaded plugin userauth (category:base,tabindex:14)
2024-03-01 08:22:13,492 [INFO] PluginManage:283 - PluginManage : Loaded plugins [17]
2024-03-01 08:22:13,712 [INFO] PinOutPanel:1499 - setPackage(No Configuration,No Configuration)
2024-03-01 08:22:13,795 [INFO] CADModel:165 - CPN selected for project level
2024-03-01 08:22:13,795 [INFO] CADModel:114 - Register for checkConnection events
2024-03-01 08:22:13,814 [INFO] IPUIPlugin:80 - create IPUIPlugin
2024-03-01 08:22:13,814 [INFO] PluginManager:220 - loadIPPluginJar : add adc
2024-03-01 08:22:13,817 [INFO] IPUIPlugin:80 - create IPUIPlugin
2024-03-01 08:22:13,817 [INFO] PluginManager:220 - loadIPPluginJar : add aes
2024-03-01 08:22:13,820 [INFO] IPUIPlugin:80 - create IPUIPlugin
2024-03-01 08:22:13,820 [INFO] PluginManager:220 - loadIPPluginJar : add can
2024-03-01 08:22:13,822 [INFO] IPUIPlugin:80 - create IPUIPlugin
2024-03-01 08:22:13,822 [INFO] PluginManager:220 - loadIPPluginJar : add comp
2024-03-01 08:22:13,825 [INFO] IPUIPlugin:80 - create IPUIPlugin
2024-03-01 08:22:13,825 [INFO] PluginManager:220 - loadIPPluginJar : add cryp
2024-03-01 08:22:13,828 [INFO] IPUIPlugin:80 - create IPUIPlugin
2024-03-01 08:22:13,828 [INFO] PluginManager:220 - loadIPPluginJar : add dfsdm
2024-03-01 08:22:13,834 [INFO] IPUIPlugin:80 - create IPUIPlugin
2024-03-01 08:22:13,835 [INFO] PluginManager:220 - loadIPPluginJar : add dma
2024-03-01 08:22:13,838 [INFO] IPUIPlugin:80 - create IPUIPlugin
2024-03-01 08:22:13,838 [INFO] PluginManager:220 - loadIPPluginJar : add dma3
2024-03-01 08:22:13,840 [INFO] IPUIPlugin:80 - create IPUIPlugin
2024-03-01 08:22:13,840 [INFO] PluginManager:220 - loadIPPluginJar : add fatfs
2024-03-01 08:22:13,845 [INFO] IPUIPlugin:80 - create IPUIPlugin
2024-03-01 08:22:13,845 [INFO] PluginManager:220 - loadIPPluginJar : add fmc
2024-03-01 08:22:13,850 [INFO] IPUIPlugin:80 - create IPUIPlugin
2024-03-01 08:22:13,850 [INFO] PluginManager:220 - loadIPPluginJar : add freertos
2024-03-01 08:22:13,852 [INFO] IPUIPlugin:80 - create IPUIPlugin
2024-03-01 08:22:13,852 [INFO] PluginManager:220 - loadIPPluginJar : add genericplugin
2024-03-01 08:22:13,855 [INFO] IPUIPlugin:80 - create IPUIPlugin
2024-03-01 08:22:13,855 [INFO] PluginManager:220 - loadIPPluginJar : add gfxmmu
2024-03-01 08:22:13,859 [INFO] IPUIPlugin:80 - create IPUIPlugin
2024-03-01 08:22:13,859 [INFO] PluginManager:220 - loadIPPluginJar : add gic
2024-03-01 08:22:13,864 [INFO] IPUIPlugin:80 - create IPUIPlugin
2024-03-01 08:22:13,864 [INFO] PluginManager:220 - loadIPPluginJar : add gpio
2024-03-01 08:22:13,868 [INFO] IPUIPlugin:80 - create IPUIPlugin
2024-03-01 08:22:13,869 [INFO] PluginManager:220 - loadIPPluginJar : add gtzc
2024-03-01 08:22:13,872 [INFO] IPUIPlugin:80 - create IPUIPlugin
2024-03-01 08:22:13,872 [INFO] PluginManager:220 - loadIPPluginJar : add hash
2024-03-01 08:22:13,875 [INFO] IPUIPlugin:80 - create IPUIPlugin
2024-03-01 08:22:13,875 [INFO] PluginManager:220 - loadIPPluginJar : add i2c
2024-03-01 08:22:13,879 [INFO] IPUIPlugin:80 - create IPUIPlugin
2024-03-01 08:22:13,879 [INFO] PluginManager:220 - loadIPPluginJar : add i2s
2024-03-01 08:22:13,882 [INFO] IPUIPlugin:80 - create IPUIPlugin
2024-03-01 08:22:13,883 [INFO] PluginManager:220 - loadIPPluginJar : add i3c
2024-03-01 08:22:13,888 [INFO] IPUIPlugin:80 - create IPUIPlugin
2024-03-01 08:22:13,888 [INFO] PluginManager:220 - loadIPPluginJar : add ipddr
2024-03-01 08:22:13,895 [INFO] IPUIPlugin:80 - create IPUIPlugin
2024-03-01 08:22:13,895 [INFO] PluginManager:220 - loadIPPluginJar : add linkedlist
2024-03-01 08:22:13,898 [INFO] IPUIPlugin:80 - create IPUIPlugin
2024-03-01 08:22:13,899 [INFO] PluginManager:220 - loadIPPluginJar : add lorawan
2024-03-01 08:22:13,901 [INFO] IPUIPlugin:80 - create IPUIPlugin
2024-03-01 08:22:13,901 [INFO] PluginManager:220 - loadIPPluginJar : add ltdc
2024-03-01 08:22:13,909 [INFO] IPUIPlugin:80 - create IPUIPlugin
2024-03-01 08:22:13,909 [INFO] PluginManager:220 - loadIPPluginJar : add mdma
2024-03-01 08:22:13,913 [INFO] IPUIPlugin:80 - create IPUIPlugin
2024-03-01 08:22:13,913 [INFO] PluginManager:220 - loadIPPluginJar : add nvic
2024-03-01 08:22:13,917 [INFO] IPUIPlugin:80 - create IPUIPlugin
2024-03-01 08:22:13,917 [INFO] PluginManager:220 - loadIPPluginJar : add opamp
2024-03-01 08:22:13,921 [INFO] IPUIPlugin:80 - create IPUIPlugin
2024-03-01 08:22:13,921 [INFO] PluginManager:220 - loadIPPluginJar : add openamp
2024-03-01 08:22:13,925 [INFO] IPUIPlugin:80 - create IPUIPlugin
2024-03-01 08:22:13,925 [INFO] PluginManager:220 - loadIPPluginJar : add pdm2pcm
2024-03-01 08:22:13,933 [INFO] IPUIPlugin:80 - create IPUIPlugin
2024-03-01 08:22:13,936 [INFO] PluginManager:220 - loadIPPluginJar : add plateformsettings
2024-03-01 08:22:13,938 [INFO] IPUIPlugin:80 - create IPUIPlugin
2024-03-01 08:22:13,938 [INFO] PluginManager:220 - loadIPPluginJar : add quadspi
2024-03-01 08:22:13,941 [INFO] IPUIPlugin:80 - create IPUIPlugin
2024-03-01 08:22:13,941 [INFO] PluginManager:220 - loadIPPluginJar : add resmgrutility
2024-03-01 08:22:13,944 [INFO] IPUIPlugin:80 - create IPUIPlugin
2024-03-01 08:22:13,944 [INFO] PluginManager:220 - loadIPPluginJar : add sai
2024-03-01 08:22:13,947 [INFO] IPUIPlugin:80 - create IPUIPlugin
2024-03-01 08:22:13,947 [INFO] PluginManager:220 - loadIPPluginJar : add spi
2024-03-01 08:22:13,953 [INFO] IPUIPlugin:80 - create IPUIPlugin
2024-03-01 08:22:13,953 [INFO] PluginManager:220 - loadIPPluginJar : add stm32_wpan
2024-03-01 08:22:13,955 [INFO] IPUIPlugin:80 - create IPUIPlugin
2024-03-01 08:22:13,955 [INFO] PluginManager:220 - loadIPPluginJar : add tim
2024-03-01 08:22:13,958 [INFO] IPUIPlugin:80 - create IPUIPlugin
2024-03-01 08:22:13,959 [INFO] PluginManager:220 - loadIPPluginJar : add touchsensing
2024-03-01 08:22:13,961 [INFO] IPUIPlugin:80 - create IPUIPlugin
2024-03-01 08:22:13,961 [INFO] PluginManager:220 - loadIPPluginJar : add tracer_emb
2024-03-01 08:22:13,963 [INFO] IPUIPlugin:80 - create IPUIPlugin
2024-03-01 08:22:13,963 [INFO] PluginManager:220 - loadIPPluginJar : add ts
2024-03-01 08:22:13,965 [INFO] IPUIPlugin:80 - create IPUIPlugin
2024-03-01 08:22:13,965 [INFO] PluginManager:220 - loadIPPluginJar : add tsc
2024-03-01 08:22:13,967 [INFO] IPUIPlugin:80 - create IPUIPlugin
2024-03-01 08:22:13,968 [INFO] PluginManager:220 - loadIPPluginJar : add ucpd
2024-03-01 08:22:13,970 [INFO] IPUIPlugin:80 - create IPUIPlugin
2024-03-01 08:22:13,970 [INFO] PluginManager:220 - loadIPPluginJar : add usart
2024-03-01 08:22:13,974 [INFO] IPUIPlugin:80 - create IPUIPlugin
2024-03-01 08:22:13,974 [INFO] PluginManager:220 - loadIPPluginJar : add usbx
2024-03-01 08:22:14,111 [INFO] CADModel:165 - CPN selected for project level
2024-03-01 08:22:14,111 [INFO] CADModel:114 - Register for checkConnection events
2024-03-01 08:22:14,111 [FATAL] Updater:308 - Updater called before beeing initialized
2024-03-01 08:22:14,111 [ERROR] CADModel:125 - Updater not yet initialized, retry later 
2024-03-01 08:22:14,260 [INFO] CADModel:165 - CPN selected for project level
2024-03-01 08:22:14,260 [INFO] CADModel:114 - Register for checkConnection events
2024-03-01 08:22:14,260 [FATAL] Updater:308 - Updater called before beeing initialized
2024-03-01 08:22:14,260 [ERROR] CADModel:125 - Updater not yet initialized, retry later 
2024-03-01 08:22:14,264 [FATAL] Updater:308 - Updater called before beeing initialized
2024-03-01 08:22:14,386 [FATAL] Updater:308 - Updater called before beeing initialized
2024-03-01 08:22:14,389 [INFO] DbMcusAds:53 - JSON generation date=Wed Nov 29 15:52:27 UZT 2023 (1701255147349)
2024-03-01 08:22:14,390 [FATAL] Updater:308 - Updater called before beeing initialized
2024-03-01 08:22:14,427 [WARN] DetailPanel:346 - Failed to get advertising image, set to default
2024-03-01 08:22:14,541 [FATAL] Updater:308 - Updater called before beeing initialized
2024-03-01 08:22:14,544 [FATAL] Updater:308 - Updater called before beeing initialized
2024-03-01 08:22:14,544 [FATAL] Updater:308 - Updater called before beeing initialized
2024-03-01 08:22:14,544 [WARN] DetailPanel:346 - Failed to get advertising image, set to default
2024-03-01 08:22:14,545 [FATAL] Updater:308 - Updater called before beeing initialized
2024-03-01 08:22:14,602 [ERROR] Updater:1120 - MainUpdater not yet initialized. External WinMGr cannot be set.
2024-03-01 08:22:14,604 [INFO] Updater:1056 - Updater Version found : 6.10.0
2024-03-01 08:22:14,625 [INFO] ApplicationProperties:184 - Using Application install path: C:\ST\STM32CubeIDE_1.13.2\STM32CubeIDE\plugins\com.st.stm32cube.common.mx_6.10.0.202311202037
2024-03-01 08:22:15,316 [INFO] MainUpdater:2873 - connection check result : 10
2024-03-01 08:22:15,316 [INFO] MainUpdater:290 - Updater Check For Update Now.
2024-03-01 08:22:15,317 [INFO] MicroXplorer:498 - Change Database Version : DB.6.0.100
2024-03-01 08:22:15,323 [INFO] McuFinderGlobals:63 - Set McuFinder mode to 2 (CubeIDE integrated)
2024-03-01 08:22:15,332 [INFO] UserAuth:404 - Internet connection configuration mode: 1
2024-03-01 08:22:15,350 [INFO] JxBrowserEngine:152 - Initiate JxBrowser Engine with user profile folder
2024-03-01 08:22:15,501 [INFO] CheckServerUpdateThread:120 - End of CheckServer Thread
2024-03-01 08:22:15,942 [INFO] WebApp:161 - Instantiating new browser for Auth
2024-03-01 08:22:16,530 [WARN] PackLoader:240 - Cannot read IP mode file for STMicroelectronics.X-CUBE-SMBUS.2.1.0
2024-03-01 08:22:16,541 [WARN] PackLoader:240 - Cannot read IP mode file for STMicroelectronics.X-CUBE-TOUCHGFX.4.23.0
2024-03-01 08:22:16,567 [INFO] WebApp:780 - Register for checkConnection events
2024-03-01 08:22:16,568 [INFO] WebApp:414 - Apply proxy settings
2024-03-01 08:22:16,568 [INFO] WebApp:499 - Chromium requires no authentication
2024-03-01 08:22:16,587 [INFO] WebApp:442 - Direct internet connection detected
2024-03-01 08:22:16,588 [WARN] PackLoader:240 - Cannot read IP mode file for STMicroelectronics.X-CUBE-AZRTOS-F7.1.1.0
2024-03-01 08:22:16,619 [WARN] PackLoader:240 - Cannot read IP mode file for STMicroelectronics.FP-SNS-MOTENV1.4.3.2
2024-03-01 08:22:16,631 [WARN] PackLoader:240 - Cannot read IP mode file for STMicroelectronics.FP-SNS-FLIGHT1.5.0.2
2024-03-01 08:22:16,644 [WARN] PackLoader:240 - Cannot read IP mode file for STMicroelectronics.X-CUBE-DISPLAY.3.0.0
2024-03-01 08:22:16,685 [WARN] PackLoader:240 - Cannot read IP mode file for STMicroelectronics.X-CUBE-BLE1.7.0.0
2024-03-01 08:22:16,701 [WARN] PackLoader:240 - Cannot read IP mode file for emotas.I-CUBE-CANOPEN.1.3.0
2024-03-01 08:22:16,709 [WARN] PackLoader:240 - Cannot read IP mode file for STMicroelectronics.X-CUBE-TOUCHGFX.4.22.1
2024-03-01 08:22:16,726 [WARN] PackLoader:240 - Cannot read IP mode file for STMicroelectronics.X-CUBE-BLEMGR.3.1.0
2024-03-01 08:22:16,738 [WARN] PackLoader:240 - Cannot read IP mode file for STMicroelectronics.FP-SNS-SMARTAG2.1.2.0
2024-03-01 08:22:16,757 [INFO] LogOutputStream:77 - [STDOUT_REDIRECT] 1 : Invalid condition id : UX_CORESTACK_Condition cause : null
2024-03-01 08:22:16,758 [INFO] LogOutputStream:77 - [STDOUT_REDIRECT] 1 : Invalid condition id : UX_CORESTACK_Condition cause : null
2024-03-01 08:22:16,760 [INFO] LogOutputStream:77 - [STDOUT_REDIRECT] 1 : Invalid condition id : UX_CORESTACK_Condition cause : null
2024-03-01 08:22:16,762 [INFO] LogOutputStream:77 - [STDOUT_REDIRECT] 1 : Invalid condition id : UX_CORESTACK_Condition cause : null
2024-03-01 08:22:16,764 [INFO] LogOutputStream:77 - [STDOUT_REDIRECT] 1 : Invalid condition id : UX_CORESTACK_Condition cause : null
2024-03-01 08:22:16,771 [WARN] PackLoader:240 - Cannot read IP mode file for STMicroelectronics.X-CUBE-AZRTOS-WL.2.0.0
2024-03-01 08:22:16,785 [WARN] PackLoader:240 - Cannot read IP mode file for WES.I-CUBE-Cesium.1.3.0
2024-03-01 08:22:16,793 [WARN] PackLoader:240 - Cannot read IP mode file for STMicroelectronics.X-CUBE-BLE2.3.3.0
2024-03-01 08:22:16,803 [WARN] PackLoader:240 - Cannot read IP mode file for STMicroelectronics.X-CUBE-ALGOBUILD.1.3.0
2024-03-01 08:22:16,834 [WARN] PackLoader:240 - Cannot read IP mode file for STMicroelectronics.X-CUBE-AZRTOS-G0.1.1.0
2024-03-01 08:22:16,845 [WARN] PackLoader:240 - Cannot read IP mode file for STMicroelectronics.X-CUBE-NFC4.3.0.0
2024-03-01 08:22:16,858 [WARN] PackLoader:240 - Cannot read IP mode file for STMicroelectronics.X-CUBE-BLEMGR.3.0.0
2024-03-01 08:22:16,866 [WARN] PackLoader:240 - Cannot read IP mode file for STMicroelectronics.FP-ATR-SIGFOX1.3.2.0
2024-03-01 08:22:16,874 [WARN] PackLoader:240 - Cannot read IP mode file for STMicroelectronics.X-CUBE-EEPRMA1.5.1.0
2024-03-01 08:22:16,924 [WARN] PackLoader:240 - Cannot read IP mode file for SEGGER.I-CUBE-embOS.1.3.1
2024-03-01 08:22:16,982 [WARN] PackLoader:240 - Cannot read IP mode file for STMicroelectronics.X-CUBE-GNSS1.6.0.0
2024-03-01 08:22:17,007 [INFO] WebApp:192 - Starting web application
2024-03-01 08:22:17,007 [INFO] WebApp:544 - Web application path used C:\ST\STM32CubeIDE_1.13.2\STM32CubeIDE\plugins\com.st.stm32cube.common.mx_6.10.0.202311202037\db\plugins\mcufinder\reactClient1\index.html
2024-03-01 08:22:17,010 [WARN] PackLoader:240 - Cannot read IP mode file for STMicroelectronics.X-CUBE-AZRTOS-F4.1.1.0
2024-03-01 08:22:17,024 [WARN] PackLoader:240 - Cannot read IP mode file for wolfSSL.I-CUBE-wolfSSL.5.6.4
2024-03-01 08:22:17,054 [WARN] PackLoader:240 - Cannot read IP mode file for STMicroelectronics.X-CUBE-AZRTOS-L5.2.0.0
2024-03-01 08:22:17,066 [WARN] PackLoader:240 - Cannot read IP mode file for STMicroelectronics.X-CUBE-EEPRMA1.4.2.0
2024-03-01 08:22:17,076 [WARN] PackLoader:240 - Cannot read IP mode file for ITTIA_DB.I-CUBE-ITTIADB.8.8.0
2024-03-01 08:22:17,111 [WARN] ConditionMgr:438 - getConditionDescription Invalid condition id : UX DEVICE CLASS RTOS Condition cause : null
2024-03-01 08:22:17,112 [WARN] ConditionMgr:438 - getConditionDescription Invalid condition id : UX DEVICE CLASS RTOS Condition cause : null
2024-03-01 08:22:17,119 [WARN] PackLoader:240 - Cannot read IP mode file for STMicroelectronics.X-CUBE-AZRTOS-H7.3.1.0
2024-03-01 08:22:17,121 [WARN] ConditionMgr:1039 - genDependencies : Invalid condition id : UX DEVICE CLASS RTOS Condition cause : null
2024-03-01 08:22:17,122 [WARN] ConditionMgr:1039 - genDependencies : Invalid condition id : UX DEVICE CLASS RTOS Condition cause : null
2024-03-01 08:22:17,123 [WARN] ConditionMgr:1039 - genDependencies : Invalid condition id : UX DEVICE CLASS RTOS Condition cause : null
2024-03-01 08:22:17,124 [WARN] ConditionMgr:1039 - genDependencies : Invalid condition id : UX DEVICE CLASS RTOS Condition cause : null
2024-03-01 08:22:17,124 [WARN] ConditionMgr:1039 - genDependencies : Invalid condition id : UX DEVICE CLASS RTOS Condition cause : null
2024-03-01 08:22:17,136 [WARN] PackLoader:240 - Cannot read IP mode file for STMicroelectronics.X-CUBE-NFC7.1.0.1
2024-03-01 08:22:17,152 [WARN] PackLoader:240 - Cannot read IP mode file for STMicroelectronics.X-CUBE-NFC6.3.0.0
2024-03-01 08:22:17,168 [WARN] PackLoader:240 - Cannot read IP mode file for STMicroelectronics.X-CUBE-AI.8.1.0
2024-03-01 08:22:17,199 [WARN] ConditionMgr:438 - getConditionDescription Invalid condition id : LAN8742 Phy interface Condition cause : null
2024-03-01 08:22:17,200 [WARN] PackLoader:240 - Cannot read IP mode file for STMicroelectronics.X-CUBE-AZRTOS-L4.2.0.0
2024-03-01 08:22:17,202 [WARN] ConditionMgr:1039 - genDependencies : Invalid condition id : LAN8742 Phy interface Condition cause : null
2024-03-01 08:22:17,203 [WARN] ConditionMgr:1039 - genDependencies : Invalid condition id : LAN8742 Phy interface Condition cause : null
2024-03-01 08:22:17,204 [WARN] ConditionMgr:1039 - genDependencies : Invalid condition id : LAN8742 Phy interface Condition cause : null
2024-03-01 08:22:17,217 [WARN] PackLoader:240 - Cannot read IP mode file for STMicroelectronics.X-CUBE-SFXS2LP1.4.0.0
2024-03-01 08:22:17,227 [WARN] PackLoader:240 - Cannot read IP mode file for STMicroelectronics.X-CUBE-ISPU.1.1.0
2024-03-01 08:22:17,245 [WARN] ConditionMgr:438 - getConditionDescription Invalid condition id : UX DEVICE CLASS RTOS Condition cause : null
2024-03-01 08:22:17,245 [WARN] ConditionMgr:438 - getConditionDescription Invalid condition id : UX DEVICE CLASS RTOS Condition cause : null
2024-03-01 08:22:17,250 [WARN] PackLoader:240 - Cannot read IP mode file for STMicroelectronics.X-CUBE-AZRTOS-WB.2.0.0
2024-03-01 08:22:17,251 [WARN] ConditionMgr:1039 - genDependencies : Invalid condition id : UX DEVICE CLASS RTOS Condition cause : null
2024-03-01 08:22:17,251 [WARN] ConditionMgr:1039 - genDependencies : Invalid condition id : UX DEVICE CLASS RTOS Condition cause : null
2024-03-01 08:22:17,252 [WARN] ConditionMgr:1039 - genDependencies : Invalid condition id : UX DEVICE CLASS RTOS Condition cause : null
2024-03-01 08:22:17,253 [WARN] ConditionMgr:1039 - genDependencies : Invalid condition id : UX DEVICE CLASS RTOS Condition cause : null
2024-03-01 08:22:17,253 [WARN] ConditionMgr:1039 - genDependencies : Invalid condition id : UX DEVICE CLASS RTOS Condition cause : null
2024-03-01 08:22:17,269 [WARN] PackLoader:240 - Cannot read IP mode file for STMicroelectronics.X-CUBE-SUBG2.5.0.0
2024-03-01 08:22:17,300 [WARN] PackLoader:240 - Cannot read IP mode file for STMicroelectronics.X-CUBE-AZRTOS-G4.2.0.0
2024-03-01 08:22:17,320 [WARN] PackLoader:240 - Cannot read IP mode file for Infineon.AIROC-Wi-Fi-Bluetooth-STM32.1.5.1
2024-03-01 08:22:17,333 [WARN] PackLoader:240 - Cannot read IP mode file for STMicroelectronics.FP-SNS-MOTENVWB1.1.3.0
2024-03-01 08:22:17,338 [WARN] PackLoader:240 - Cannot read IP mode file for STMicroelectronics.FP-SNS-MOTENVWB1.1.3.1
2024-03-01 08:22:17,345 [WARN] PackLoader:240 - Cannot read IP mode file for STMicroelectronics.X-CUBE-ISPU.2.0.0
2024-03-01 08:22:17,401 [WARN] PackLoader:240 - Cannot read IP mode file for STMicroelectronics.X-CUBE-MEMS1.10.0.0
2024-03-01 08:22:17,579 [WARN] PackLoader:240 - Cannot read IP mode file for STMicroelectronics.X-CUBE-FREERTOS.1.1.0
2024-03-01 08:22:17,586 [WARN] PackLoader:240 - Cannot read IP mode file for portGmbH.I-Cube-SoM-uGOAL.1.1.0
2024-03-01 08:22:17,591 [WARN] PackLoader:240 - Cannot read IP mode file for STMicroelectronics.X-CUBE-ALS.1.0.1
2024-03-01 08:22:17,596 [WARN] PackLoader:240 - Cannot read IP mode file for STMicroelectronics.FP-ATR-ASTRA1.2.0.0
2024-03-01 08:22:17,607 [WARN] PackLoader:240 - Cannot read IP mode file for STMicroelectronics.X-CUBE-TOF1.3.4.0
2024-03-01 08:22:17,636 [WARN] PackLoader:240 - Cannot read IP mode file for STMicroelectronics.X-CUBE-AZRTOS-H7.3.2.0
2024-03-01 08:22:17,639 [INFO] ThirdParty:978 - Integrity check success = true
2024-03-01 08:22:17,640 [INFO] IntegrityCheckThread:100 - exiting critical section [integrity check]
2024-03-01 08:22:17,640 [INFO] IntegrityCheckThread:103 - End integrity checks thread
2024-03-01 08:22:29,953 [ERROR] LogOutputStream:75 - [STDERR_REDIRECT] SLF4J: Failed to load class "org.slf4j.impl.StaticLoggerBinder".
2024-03-01 08:22:29,953 [ERROR] LogOutputStream:75 - [STDERR_REDIRECT] SLF4J: Defaulting to no-operation (NOP) logger implementation
2024-03-01 08:22:29,956 [ERROR] LogOutputStream:75 - [STDERR_REDIRECT] SLF4J: See http://www.slf4j.org/codes.html#StaticLoggerBinder for further details.
2024-03-01 08:23:20,427 [ERROR] LogOutputStream:75 - [STDERR_REDIRECT] 
